[2022-08-23 13:10:45,691] {taskinstance.py:1179} INFO - Dependencies all met for <TaskInstance: raizen_lab_01.step_01 scheduled__2021-12-27T16:00:00+00:00 [queued]>
[2022-08-23 13:10:45,701] {taskinstance.py:1179} INFO - Dependencies all met for <TaskInstance: raizen_lab_01.step_01 scheduled__2021-12-27T16:00:00+00:00 [queued]>
[2022-08-23 13:10:45,702] {taskinstance.py:1376} INFO - 
--------------------------------------------------------------------------------
[2022-08-23 13:10:45,702] {taskinstance.py:1377} INFO - Starting attempt 1 of 2
[2022-08-23 13:10:45,702] {taskinstance.py:1378} INFO - 
--------------------------------------------------------------------------------
[2022-08-23 13:10:45,719] {taskinstance.py:1397} INFO - Executing <Task(BashOperator): step_01> on 2021-12-27 16:00:00+00:00
[2022-08-23 13:10:45,726] {standard_task_runner.py:52} INFO - Started process 845 to run task
[2022-08-23 13:10:45,729] {standard_task_runner.py:79} INFO - Running: ['***', 'tasks', 'run', 'raizen_lab_01', 'step_01', 'scheduled__2021-12-27T16:00:00+00:00', '--job-id', '7275', '--raw', '--subdir', 'DAGS_FOLDER/raizen_lab_01.py', '--cfg-path', '/tmp/tmpu1yayx4e', '--error-file', '/tmp/tmp2vbeq70h']
[2022-08-23 13:10:45,731] {standard_task_runner.py:80} INFO - Job 7275: Subtask step_01
[2022-08-23 13:10:45,803] {task_command.py:371} INFO - Running <TaskInstance: raizen_lab_01.step_01 scheduled__2021-12-27T16:00:00+00:00 [running]> on host 965856c951e3
[2022-08-23 13:10:45,891] {taskinstance.py:1591} INFO - Exporting the following env vars:
AIRFLOW_CTX_DAG_OWNER=admin
AIRFLOW_CTX_DAG_ID=raizen_lab_01
AIRFLOW_CTX_TASK_ID=step_01
AIRFLOW_CTX_EXECUTION_DATE=2021-12-27T16:00:00+00:00
AIRFLOW_CTX_TRY_NUMBER=1
AIRFLOW_CTX_DAG_RUN_ID=scheduled__2021-12-27T16:00:00+00:00
[2022-08-23 13:10:45,893] {subprocess.py:62} INFO - Tmp dir root location: 
 /tmp
[2022-08-23 13:10:45,894] {subprocess.py:74} INFO - Running command: ['bash', '-c', 'echo "hello"']
[2022-08-23 13:10:45,908] {subprocess.py:85} INFO - Output:
[2022-08-23 13:10:45,909] {subprocess.py:92} INFO - hello
[2022-08-23 13:10:45,911] {subprocess.py:96} INFO - Command exited with return code 0
[2022-08-23 13:10:45,948] {taskinstance.py:1420} INFO - Marking task as SUCCESS. dag_id=raizen_lab_01, task_id=step_01, execution_date=20211227T160000, start_date=20220823T131045, end_date=20220823T131045
[2022-08-23 13:10:45,981] {local_task_job.py:156} INFO - Task exited with return code 0
[2022-08-23 13:10:46,114] {local_task_job.py:273} INFO - 0 downstream tasks scheduled from follow-on schedule check
