[2022-08-23 11:58:49,311] {taskinstance.py:1179} INFO - Dependencies all met for <TaskInstance: raizen_lab_01.sleep scheduled__2021-10-21T21:00:00+00:00 [queued]>
[2022-08-23 11:58:49,337] {taskinstance.py:1179} INFO - Dependencies all met for <TaskInstance: raizen_lab_01.sleep scheduled__2021-10-21T21:00:00+00:00 [queued]>
[2022-08-23 11:58:49,339] {taskinstance.py:1376} INFO - 
--------------------------------------------------------------------------------
[2022-08-23 11:58:49,339] {taskinstance.py:1377} INFO - Starting attempt 1 of 2
[2022-08-23 11:58:49,340] {taskinstance.py:1378} INFO - 
--------------------------------------------------------------------------------
[2022-08-23 11:58:49,366] {taskinstance.py:1397} INFO - Executing <Task(BashOperator): sleep> on 2021-10-21 21:00:00+00:00
[2022-08-23 11:58:49,374] {standard_task_runner.py:52} INFO - Started process 272 to run task
[2022-08-23 11:58:49,381] {standard_task_runner.py:79} INFO - Running: ['***', 'tasks', 'run', 'raizen_lab_01', 'sleep', 'scheduled__2021-10-21T21:00:00+00:00', '--job-id', '2459', '--raw', '--subdir', 'DAGS_FOLDER/raizen_lab_01.py', '--cfg-path', '/tmp/tmpbppq4v8j', '--error-file', '/tmp/tmpuvx4w9ca']
[2022-08-23 11:58:49,382] {standard_task_runner.py:80} INFO - Job 2459: Subtask sleep
[2022-08-23 11:58:49,533] {task_command.py:371} INFO - Running <TaskInstance: raizen_lab_01.sleep scheduled__2021-10-21T21:00:00+00:00 [running]> on host 9f4b06248101
[2022-08-23 11:58:49,785] {taskinstance.py:1591} INFO - Exporting the following env vars:
AIRFLOW_CTX_DAG_OWNER=admin
AIRFLOW_CTX_DAG_ID=raizen_lab_01
AIRFLOW_CTX_TASK_ID=sleep
AIRFLOW_CTX_EXECUTION_DATE=2021-10-21T21:00:00+00:00
AIRFLOW_CTX_TRY_NUMBER=1
AIRFLOW_CTX_DAG_RUN_ID=scheduled__2021-10-21T21:00:00+00:00
[2022-08-23 11:58:49,788] {subprocess.py:62} INFO - Tmp dir root location: 
 /tmp
[2022-08-23 11:58:49,790] {subprocess.py:74} INFO - Running command: ['bash', '-c', 'sleep 5']
[2022-08-23 11:58:49,811] {subprocess.py:85} INFO - Output:
[2022-08-23 11:58:54,856] {subprocess.py:96} INFO - Command exited with return code 0
[2022-08-23 11:58:54,916] {taskinstance.py:1420} INFO - Marking task as SUCCESS. dag_id=raizen_lab_01, task_id=sleep, execution_date=20211021T210000, start_date=20220823T115849, end_date=20220823T115854
[2022-08-23 11:58:54,946] {local_task_job.py:156} INFO - Task exited with return code 0
[2022-08-23 11:58:55,000] {local_task_job.py:273} INFO - 1 downstream tasks scheduled from follow-on schedule check
