[2022-08-23 23:24:04,835] {taskinstance.py:1179} INFO - Dependencies all met for <TaskInstance: raizen_lab_01.carga_arquivo manual__2022-08-23T23:23:01.680629+00:00 [queued]>
[2022-08-23 23:24:04,846] {taskinstance.py:1179} INFO - Dependencies all met for <TaskInstance: raizen_lab_01.carga_arquivo manual__2022-08-23T23:23:01.680629+00:00 [queued]>
[2022-08-23 23:24:04,847] {taskinstance.py:1376} INFO - 
--------------------------------------------------------------------------------
[2022-08-23 23:24:04,847] {taskinstance.py:1377} INFO - Starting attempt 2 of 2
[2022-08-23 23:24:04,848] {taskinstance.py:1378} INFO - 
--------------------------------------------------------------------------------
[2022-08-23 23:24:04,865] {taskinstance.py:1397} INFO - Executing <Task(PythonOperator): carga_arquivo> on 2022-08-23 23:23:01.680629+00:00
[2022-08-23 23:24:04,873] {standard_task_runner.py:52} INFO - Started process 86 to run task
[2022-08-23 23:24:04,876] {standard_task_runner.py:79} INFO - Running: ['***', 'tasks', 'run', 'raizen_lab_01', 'carga_arquivo', 'manual__2022-08-23T23:23:01.680629+00:00', '--job-id', '9501', '--raw', '--subdir', 'DAGS_FOLDER/raizen_lab_01.py', '--cfg-path', '/tmp/tmpme75l3uv', '--error-file', '/tmp/tmpl_y1fszp']
[2022-08-23 23:24:04,877] {standard_task_runner.py:80} INFO - Job 9501: Subtask carga_arquivo
[2022-08-23 23:24:04,943] {task_command.py:371} INFO - Running <TaskInstance: raizen_lab_01.carga_arquivo manual__2022-08-23T23:23:01.680629+00:00 [running]> on host 25dd15f8d678
[2022-08-23 23:24:05,009] {taskinstance.py:1591} INFO - Exporting the following env vars:
AIRFLOW_CTX_DAG_OWNER=admin
AIRFLOW_CTX_DAG_ID=raizen_lab_01
AIRFLOW_CTX_TASK_ID=carga_arquivo
AIRFLOW_CTX_EXECUTION_DATE=2022-08-23T23:23:01.680629+00:00
AIRFLOW_CTX_TRY_NUMBER=2
AIRFLOW_CTX_DAG_RUN_ID=manual__2022-08-23T23:23:01.680629+00:00
[2022-08-23 23:24:05,798] {taskinstance.py:1909} ERROR - Task failed with exception
Traceback (most recent call last):
  File "/home/airflow/.local/lib/python3.7/site-packages/airflow/operators/python.py", line 171, in execute
    return_value = self.execute_callable()
  File "/home/airflow/.local/lib/python3.7/site-packages/airflow/operators/python.py", line 189, in execute_callable
    return self.python_callable(*self.op_args, **self.op_kwargs)
  File "/opt/airflow/dags/raizen_lab_01.py", line 32, in carga_arquivo
    display(df_sheet_index)
NameError: name 'display' is not defined
[2022-08-23 23:24:05,815] {taskinstance.py:1420} INFO - Marking task as FAILED. dag_id=raizen_lab_01, task_id=carga_arquivo, execution_date=20220823T232301, start_date=20220823T232404, end_date=20220823T232405
[2022-08-23 23:24:05,835] {standard_task_runner.py:97} ERROR - Failed to execute job 9501 for task carga_arquivo (name 'display' is not defined; 86)
[2022-08-23 23:24:05,894] {local_task_job.py:156} INFO - Task exited with return code 1
[2022-08-23 23:24:05,953] {local_task_job.py:273} INFO - 0 downstream tasks scheduled from follow-on schedule check
