[2022-08-23 12:08:12,212] {taskinstance.py:1179} INFO - Dependencies all met for <TaskInstance: raizen_lab_01.print_world scheduled__2021-10-31T14:00:00+00:00 [queued]>
[2022-08-23 12:08:12,222] {taskinstance.py:1179} INFO - Dependencies all met for <TaskInstance: raizen_lab_01.print_world scheduled__2021-10-31T14:00:00+00:00 [queued]>
[2022-08-23 12:08:12,223] {taskinstance.py:1376} INFO - 
--------------------------------------------------------------------------------
[2022-08-23 12:08:12,223] {taskinstance.py:1377} INFO - Starting attempt 1 of 2
[2022-08-23 12:08:12,223] {taskinstance.py:1378} INFO - 
--------------------------------------------------------------------------------
[2022-08-23 12:08:12,238] {taskinstance.py:1397} INFO - Executing <Task(PythonOperator): print_world> on 2021-10-31 14:00:00+00:00
[2022-08-23 12:08:12,243] {standard_task_runner.py:52} INFO - Started process 1723 to run task
[2022-08-23 12:08:12,247] {standard_task_runner.py:79} INFO - Running: ['***', 'tasks', 'run', 'raizen_lab_01', 'print_world', 'scheduled__2021-10-31T14:00:00+00:00', '--job-id', '3198', '--raw', '--subdir', 'DAGS_FOLDER/raizen_lab_01.py', '--cfg-path', '/tmp/tmpifjb5_e4', '--error-file', '/tmp/tmp2t25_bv_']
[2022-08-23 12:08:12,248] {standard_task_runner.py:80} INFO - Job 3198: Subtask print_world
[2022-08-23 12:08:12,306] {task_command.py:371} INFO - Running <TaskInstance: raizen_lab_01.print_world scheduled__2021-10-31T14:00:00+00:00 [running]> on host 67b6bdae536e
[2022-08-23 12:08:12,378] {taskinstance.py:1591} INFO - Exporting the following env vars:
AIRFLOW_CTX_DAG_OWNER=admin
AIRFLOW_CTX_DAG_ID=raizen_lab_01
AIRFLOW_CTX_TASK_ID=print_world
AIRFLOW_CTX_EXECUTION_DATE=2021-10-31T14:00:00+00:00
AIRFLOW_CTX_TRY_NUMBER=1
AIRFLOW_CTX_DAG_RUN_ID=scheduled__2021-10-31T14:00:00+00:00
[2022-08-23 12:08:12,380] {logging_mixin.py:115} INFO - world
[2022-08-23 12:08:12,380] {python.py:173} INFO - Done. Returned value was: None
[2022-08-23 12:08:12,394] {taskinstance.py:1420} INFO - Marking task as SUCCESS. dag_id=raizen_lab_01, task_id=print_world, execution_date=20211031T140000, start_date=20220823T120812, end_date=20220823T120812
[2022-08-23 12:08:12,418] {local_task_job.py:156} INFO - Task exited with return code 0
[2022-08-23 12:08:12,537] {local_task_job.py:273} INFO - 0 downstream tasks scheduled from follow-on schedule check
