[2022-08-23 11:47:06,844] {taskinstance.py:1179} INFO - Dependencies all met for <TaskInstance: raizen_lab_01.sleep scheduled__2021-10-18T15:00:00+00:00 [queued]>
[2022-08-23 11:47:06,862] {taskinstance.py:1179} INFO - Dependencies all met for <TaskInstance: raizen_lab_01.sleep scheduled__2021-10-18T15:00:00+00:00 [queued]>
[2022-08-23 11:47:06,863] {taskinstance.py:1376} INFO - 
--------------------------------------------------------------------------------
[2022-08-23 11:47:06,863] {taskinstance.py:1377} INFO - Starting attempt 1 of 2
[2022-08-23 11:47:06,864] {taskinstance.py:1378} INFO - 
--------------------------------------------------------------------------------
[2022-08-23 11:47:06,887] {taskinstance.py:1397} INFO - Executing <Task(BashOperator): sleep> on 2021-10-18 15:00:00+00:00
[2022-08-23 11:47:06,895] {standard_task_runner.py:52} INFO - Started process 641 to run task
[2022-08-23 11:47:06,901] {standard_task_runner.py:79} INFO - Running: ['***', 'tasks', 'run', 'raizen_lab_01', 'sleep', 'scheduled__2021-10-18T15:00:00+00:00', '--job-id', '2225', '--raw', '--subdir', 'DAGS_FOLDER/raizen_lab_01.py', '--cfg-path', '/tmp/tmpvo40pncn', '--error-file', '/tmp/tmp8r5u7cua']
[2022-08-23 11:47:06,902] {standard_task_runner.py:80} INFO - Job 2225: Subtask sleep
[2022-08-23 11:47:07,014] {task_command.py:371} INFO - Running <TaskInstance: raizen_lab_01.sleep scheduled__2021-10-18T15:00:00+00:00 [running]> on host fc645605a611
[2022-08-23 11:47:07,181] {taskinstance.py:1591} INFO - Exporting the following env vars:
AIRFLOW_CTX_DAG_OWNER=admin
AIRFLOW_CTX_DAG_ID=raizen_lab_01
AIRFLOW_CTX_TASK_ID=sleep
AIRFLOW_CTX_EXECUTION_DATE=2021-10-18T15:00:00+00:00
AIRFLOW_CTX_TRY_NUMBER=1
AIRFLOW_CTX_DAG_RUN_ID=scheduled__2021-10-18T15:00:00+00:00
[2022-08-23 11:47:07,183] {subprocess.py:62} INFO - Tmp dir root location: 
 /tmp
[2022-08-23 11:47:07,184] {subprocess.py:74} INFO - Running command: ['bash', '-c', 'sleep 5']
[2022-08-23 11:47:07,266] {subprocess.py:85} INFO - Output:
[2022-08-23 11:47:12,272] {subprocess.py:96} INFO - Command exited with return code 0
[2022-08-23 11:47:12,323] {taskinstance.py:1420} INFO - Marking task as SUCCESS. dag_id=raizen_lab_01, task_id=sleep, execution_date=20211018T150000, start_date=20220823T114706, end_date=20220823T114712
[2022-08-23 11:47:12,355] {local_task_job.py:156} INFO - Task exited with return code 0
[2022-08-23 11:47:12,405] {local_task_job.py:273} INFO - 1 downstream tasks scheduled from follow-on schedule check
