[2022-08-23 11:28:56,092] {taskinstance.py:1179} INFO - Dependencies all met for <TaskInstance: raizen_lab_01.print_world scheduled__2021-09-21T03:00:00+00:00 [queued]>
[2022-08-23 11:28:56,107] {taskinstance.py:1179} INFO - Dependencies all met for <TaskInstance: raizen_lab_01.print_world scheduled__2021-09-21T03:00:00+00:00 [queued]>
[2022-08-23 11:28:56,108] {taskinstance.py:1376} INFO - 
--------------------------------------------------------------------------------
[2022-08-23 11:28:56,109] {taskinstance.py:1377} INFO - Starting attempt 1 of 2
[2022-08-23 11:28:56,109] {taskinstance.py:1378} INFO - 
--------------------------------------------------------------------------------
[2022-08-23 11:28:56,130] {taskinstance.py:1397} INFO - Executing <Task(PythonOperator): print_world> on 2021-09-21 03:00:00+00:00
[2022-08-23 11:28:56,139] {standard_task_runner.py:52} INFO - Started process 623 to run task
[2022-08-23 11:28:56,144] {standard_task_runner.py:79} INFO - Running: ['***', 'tasks', 'run', 'raizen_lab_01', 'print_world', 'scheduled__2021-09-21T03:00:00+00:00', '--job-id', '247', '--raw', '--subdir', 'DAGS_FOLDER/raizen_lab_01.py', '--cfg-path', '/tmp/tmpfr1y52ik', '--error-file', '/tmp/tmp9z3__6u4']
[2022-08-23 11:28:56,145] {standard_task_runner.py:80} INFO - Job 247: Subtask print_world
[2022-08-23 11:28:56,281] {task_command.py:371} INFO - Running <TaskInstance: raizen_lab_01.print_world scheduled__2021-09-21T03:00:00+00:00 [running]> on host 7f48b7aaf0fc
[2022-08-23 11:28:56,395] {taskinstance.py:1591} INFO - Exporting the following env vars:
AIRFLOW_CTX_DAG_OWNER=admin
AIRFLOW_CTX_DAG_ID=raizen_lab_01
AIRFLOW_CTX_TASK_ID=print_world
AIRFLOW_CTX_EXECUTION_DATE=2021-09-21T03:00:00+00:00
AIRFLOW_CTX_TRY_NUMBER=1
AIRFLOW_CTX_DAG_RUN_ID=scheduled__2021-09-21T03:00:00+00:00
[2022-08-23 11:28:56,396] {logging_mixin.py:115} INFO - world
[2022-08-23 11:28:56,397] {python.py:173} INFO - Done. Returned value was: None
[2022-08-23 11:28:56,414] {taskinstance.py:1420} INFO - Marking task as SUCCESS. dag_id=raizen_lab_01, task_id=print_world, execution_date=20210921T030000, start_date=20220823T112856, end_date=20220823T112856
[2022-08-23 11:28:56,477] {local_task_job.py:156} INFO - Task exited with return code 0
[2022-08-23 11:28:56,517] {local_task_job.py:273} INFO - 0 downstream tasks scheduled from follow-on schedule check
