[2022-08-23 12:06:44,767] {taskinstance.py:1179} INFO - Dependencies all met for <TaskInstance: raizen_lab_01.print_hello scheduled__2021-10-27T21:00:00+00:00 [queued]>
[2022-08-23 12:06:44,780] {taskinstance.py:1179} INFO - Dependencies all met for <TaskInstance: raizen_lab_01.print_hello scheduled__2021-10-27T21:00:00+00:00 [queued]>
[2022-08-23 12:06:44,780] {taskinstance.py:1376} INFO - 
--------------------------------------------------------------------------------
[2022-08-23 12:06:44,781] {taskinstance.py:1377} INFO - Starting attempt 1 of 2
[2022-08-23 12:06:44,781] {taskinstance.py:1378} INFO - 
--------------------------------------------------------------------------------
[2022-08-23 12:06:44,798] {taskinstance.py:1397} INFO - Executing <Task(BashOperator): print_hello> on 2021-10-27 21:00:00+00:00
[2022-08-23 12:06:44,805] {standard_task_runner.py:52} INFO - Started process 815 to run task
[2022-08-23 12:06:44,809] {standard_task_runner.py:79} INFO - Running: ['***', 'tasks', 'run', 'raizen_lab_01', 'print_hello', 'scheduled__2021-10-27T21:00:00+00:00', '--job-id', '2886', '--raw', '--subdir', 'DAGS_FOLDER/raizen_lab_01.py', '--cfg-path', '/tmp/tmpw1snr_mw', '--error-file', '/tmp/tmp_0mgpj1e']
[2022-08-23 12:06:44,809] {standard_task_runner.py:80} INFO - Job 2886: Subtask print_hello
[2022-08-23 12:06:44,872] {task_command.py:371} INFO - Running <TaskInstance: raizen_lab_01.print_hello scheduled__2021-10-27T21:00:00+00:00 [running]> on host 67b6bdae536e
[2022-08-23 12:06:44,945] {taskinstance.py:1591} INFO - Exporting the following env vars:
AIRFLOW_CTX_DAG_OWNER=admin
AIRFLOW_CTX_DAG_ID=raizen_lab_01
AIRFLOW_CTX_TASK_ID=print_hello
AIRFLOW_CTX_EXECUTION_DATE=2021-10-27T21:00:00+00:00
AIRFLOW_CTX_TRY_NUMBER=1
AIRFLOW_CTX_DAG_RUN_ID=scheduled__2021-10-27T21:00:00+00:00
[2022-08-23 12:06:44,946] {subprocess.py:62} INFO - Tmp dir root location: 
 /tmp
[2022-08-23 12:06:44,947] {subprocess.py:74} INFO - Running command: ['bash', '-c', 'echo "hello"']
[2022-08-23 12:06:44,961] {subprocess.py:85} INFO - Output:
[2022-08-23 12:06:44,964] {subprocess.py:92} INFO - hello
[2022-08-23 12:06:44,964] {subprocess.py:96} INFO - Command exited with return code 0
[2022-08-23 12:06:45,004] {taskinstance.py:1420} INFO - Marking task as SUCCESS. dag_id=raizen_lab_01, task_id=print_hello, execution_date=20211027T210000, start_date=20220823T120644, end_date=20220823T120645
[2022-08-23 12:06:45,061] {local_task_job.py:156} INFO - Task exited with return code 0
[2022-08-23 12:06:45,149] {local_task_job.py:273} INFO - 0 downstream tasks scheduled from follow-on schedule check
