[2022-08-23 11:47:21,481] {taskinstance.py:1179} INFO - Dependencies all met for <TaskInstance: raizen_lab_01.print_hello scheduled__2021-10-19T05:00:00+00:00 [queued]>
[2022-08-23 11:47:21,505] {taskinstance.py:1179} INFO - Dependencies all met for <TaskInstance: raizen_lab_01.print_hello scheduled__2021-10-19T05:00:00+00:00 [queued]>
[2022-08-23 11:47:21,506] {taskinstance.py:1376} INFO - 
--------------------------------------------------------------------------------
[2022-08-23 11:47:21,507] {taskinstance.py:1377} INFO - Starting attempt 1 of 2
[2022-08-23 11:47:21,508] {taskinstance.py:1378} INFO - 
--------------------------------------------------------------------------------
[2022-08-23 11:47:21,548] {taskinstance.py:1397} INFO - Executing <Task(BashOperator): print_hello> on 2021-10-19 05:00:00+00:00
[2022-08-23 11:47:21,557] {standard_task_runner.py:52} INFO - Started process 748 to run task
[2022-08-23 11:47:21,563] {standard_task_runner.py:79} INFO - Running: ['***', 'tasks', 'run', 'raizen_lab_01', 'print_hello', 'scheduled__2021-10-19T05:00:00+00:00', '--job-id', '2262', '--raw', '--subdir', 'DAGS_FOLDER/raizen_lab_01.py', '--cfg-path', '/tmp/tmp8nyc74kx', '--error-file', '/tmp/tmp8_4dd5bz']
[2022-08-23 11:47:21,565] {standard_task_runner.py:80} INFO - Job 2262: Subtask print_hello
[2022-08-23 11:47:21,708] {task_command.py:371} INFO - Running <TaskInstance: raizen_lab_01.print_hello scheduled__2021-10-19T05:00:00+00:00 [running]> on host fc645605a611
[2022-08-23 11:47:21,846] {taskinstance.py:1591} INFO - Exporting the following env vars:
AIRFLOW_CTX_DAG_OWNER=admin
AIRFLOW_CTX_DAG_ID=raizen_lab_01
AIRFLOW_CTX_TASK_ID=print_hello
AIRFLOW_CTX_EXECUTION_DATE=2021-10-19T05:00:00+00:00
AIRFLOW_CTX_TRY_NUMBER=1
AIRFLOW_CTX_DAG_RUN_ID=scheduled__2021-10-19T05:00:00+00:00
[2022-08-23 11:47:21,851] {subprocess.py:62} INFO - Tmp dir root location: 
 /tmp
[2022-08-23 11:47:21,853] {subprocess.py:74} INFO - Running command: ['bash', '-c', 'echo "hello"']
[2022-08-23 11:47:21,875] {subprocess.py:85} INFO - Output:
[2022-08-23 11:47:21,878] {subprocess.py:92} INFO - hello
[2022-08-23 11:47:21,879] {subprocess.py:96} INFO - Command exited with return code 0
[2022-08-23 11:47:21,935] {taskinstance.py:1420} INFO - Marking task as SUCCESS. dag_id=raizen_lab_01, task_id=print_hello, execution_date=20211019T050000, start_date=20220823T114721, end_date=20220823T114721
[2022-08-23 11:47:21,975] {local_task_job.py:156} INFO - Task exited with return code 0
[2022-08-23 11:47:22,069] {local_task_job.py:273} INFO - 1 downstream tasks scheduled from follow-on schedule check
