[2022-08-23 12:27:44,020] {taskinstance.py:1179} INFO - Dependencies all met for <TaskInstance: raizen_lab_01.sleep scheduled__2021-11-27T09:00:00+00:00 [queued]>
[2022-08-23 12:27:44,028] {taskinstance.py:1179} INFO - Dependencies all met for <TaskInstance: raizen_lab_01.sleep scheduled__2021-11-27T09:00:00+00:00 [queued]>
[2022-08-23 12:27:44,028] {taskinstance.py:1376} INFO - 
--------------------------------------------------------------------------------
[2022-08-23 12:27:44,029] {taskinstance.py:1377} INFO - Starting attempt 1 of 2
[2022-08-23 12:27:44,029] {taskinstance.py:1378} INFO - 
--------------------------------------------------------------------------------
[2022-08-23 12:27:44,051] {taskinstance.py:1397} INFO - Executing <Task(BashOperator): sleep> on 2021-11-27 09:00:00+00:00
[2022-08-23 12:27:44,059] {standard_task_runner.py:52} INFO - Started process 6125 to run task
[2022-08-23 12:27:44,063] {standard_task_runner.py:79} INFO - Running: ['***', 'tasks', 'run', 'raizen_lab_01', 'sleep', 'scheduled__2021-11-27T09:00:00+00:00', '--job-id', '5100', '--raw', '--subdir', 'DAGS_FOLDER/raizen_lab_01.py', '--cfg-path', '/tmp/tmpworp3bc_', '--error-file', '/tmp/tmpvrf3jvr3']
[2022-08-23 12:27:44,065] {standard_task_runner.py:80} INFO - Job 5100: Subtask sleep
[2022-08-23 12:27:44,165] {task_command.py:371} INFO - Running <TaskInstance: raizen_lab_01.sleep scheduled__2021-11-27T09:00:00+00:00 [running]> on host 6383a3236c72
[2022-08-23 12:27:44,287] {taskinstance.py:1591} INFO - Exporting the following env vars:
AIRFLOW_CTX_DAG_OWNER=admin
AIRFLOW_CTX_DAG_ID=raizen_lab_01
AIRFLOW_CTX_TASK_ID=sleep
AIRFLOW_CTX_EXECUTION_DATE=2021-11-27T09:00:00+00:00
AIRFLOW_CTX_TRY_NUMBER=1
AIRFLOW_CTX_DAG_RUN_ID=scheduled__2021-11-27T09:00:00+00:00
[2022-08-23 12:27:44,289] {subprocess.py:62} INFO - Tmp dir root location: 
 /tmp
[2022-08-23 12:27:44,290] {subprocess.py:74} INFO - Running command: ['bash', '-c', 'sleep 5']
[2022-08-23 12:27:44,307] {subprocess.py:85} INFO - Output:
[2022-08-23 12:27:49,311] {subprocess.py:96} INFO - Command exited with return code 0
[2022-08-23 12:27:49,336] {taskinstance.py:1420} INFO - Marking task as SUCCESS. dag_id=raizen_lab_01, task_id=sleep, execution_date=20211127T090000, start_date=20220823T122744, end_date=20220823T122749
[2022-08-23 12:27:49,369] {local_task_job.py:156} INFO - Task exited with return code 0
[2022-08-23 12:27:49,395] {local_task_job.py:273} INFO - 1 downstream tasks scheduled from follow-on schedule check
