[2022-08-23 12:06:25,274] {taskinstance.py:1179} INFO - Dependencies all met for <TaskInstance: raizen_lab_01.print_world scheduled__2021-10-26T13:00:00+00:00 [queued]>
[2022-08-23 12:06:25,287] {taskinstance.py:1179} INFO - Dependencies all met for <TaskInstance: raizen_lab_01.print_world scheduled__2021-10-26T13:00:00+00:00 [queued]>
[2022-08-23 12:06:25,287] {taskinstance.py:1376} INFO - 
--------------------------------------------------------------------------------
[2022-08-23 12:06:25,288] {taskinstance.py:1377} INFO - Starting attempt 1 of 2
[2022-08-23 12:06:25,309] {taskinstance.py:1378} INFO - 
--------------------------------------------------------------------------------
[2022-08-23 12:06:25,366] {taskinstance.py:1397} INFO - Executing <Task(PythonOperator): print_world> on 2021-10-26 13:00:00+00:00
[2022-08-23 12:06:25,372] {standard_task_runner.py:52} INFO - Started process 623 to run task
[2022-08-23 12:06:25,375] {standard_task_runner.py:79} INFO - Running: ['***', 'tasks', 'run', 'raizen_lab_01', 'print_world', 'scheduled__2021-10-26T13:00:00+00:00', '--job-id', '2816', '--raw', '--subdir', 'DAGS_FOLDER/raizen_lab_01.py', '--cfg-path', '/tmp/tmp1nbhdm8n', '--error-file', '/tmp/tmp7qnz4x_q']
[2022-08-23 12:06:25,376] {standard_task_runner.py:80} INFO - Job 2816: Subtask print_world
[2022-08-23 12:06:25,475] {task_command.py:371} INFO - Running <TaskInstance: raizen_lab_01.print_world scheduled__2021-10-26T13:00:00+00:00 [running]> on host 67b6bdae536e
[2022-08-23 12:06:25,728] {taskinstance.py:1591} INFO - Exporting the following env vars:
AIRFLOW_CTX_DAG_OWNER=admin
AIRFLOW_CTX_DAG_ID=raizen_lab_01
AIRFLOW_CTX_TASK_ID=print_world
AIRFLOW_CTX_EXECUTION_DATE=2021-10-26T13:00:00+00:00
AIRFLOW_CTX_TRY_NUMBER=1
AIRFLOW_CTX_DAG_RUN_ID=scheduled__2021-10-26T13:00:00+00:00
[2022-08-23 12:06:25,729] {logging_mixin.py:115} INFO - world
[2022-08-23 12:06:25,730] {python.py:173} INFO - Done. Returned value was: None
[2022-08-23 12:06:25,806] {taskinstance.py:1420} INFO - Marking task as SUCCESS. dag_id=raizen_lab_01, task_id=print_world, execution_date=20211026T130000, start_date=20220823T120625, end_date=20220823T120625
[2022-08-23 12:06:25,868] {local_task_job.py:156} INFO - Task exited with return code 0
[2022-08-23 12:06:25,897] {local_task_job.py:273} INFO - 0 downstream tasks scheduled from follow-on schedule check
