[2022-08-23 12:36:10,570] {taskinstance.py:1179} INFO - Dependencies all met for <TaskInstance: raizen_lab_01.print_hello scheduled__2021-12-20T11:00:00+00:00 [queued]>
[2022-08-23 12:36:10,579] {taskinstance.py:1179} INFO - Dependencies all met for <TaskInstance: raizen_lab_01.print_hello scheduled__2021-12-20T11:00:00+00:00 [queued]>
[2022-08-23 12:36:10,579] {taskinstance.py:1376} INFO - 
--------------------------------------------------------------------------------
[2022-08-23 12:36:10,580] {taskinstance.py:1377} INFO - Starting attempt 1 of 2
[2022-08-23 12:36:10,580] {taskinstance.py:1378} INFO - 
--------------------------------------------------------------------------------
[2022-08-23 12:36:10,596] {taskinstance.py:1397} INFO - Executing <Task(BashOperator): print_hello> on 2021-12-20 11:00:00+00:00
[2022-08-23 12:36:10,602] {standard_task_runner.py:52} INFO - Started process 12542 to run task
[2022-08-23 12:36:10,605] {standard_task_runner.py:79} INFO - Running: ['***', 'tasks', 'run', 'raizen_lab_01', 'print_hello', 'scheduled__2021-12-20T11:00:00+00:00', '--job-id', '6744', '--raw', '--subdir', 'DAGS_FOLDER/raizen_lab_01.py', '--cfg-path', '/tmp/tmpyqfu4ao8', '--error-file', '/tmp/tmpir20i84m']
[2022-08-23 12:36:10,607] {standard_task_runner.py:80} INFO - Job 6744: Subtask print_hello
[2022-08-23 12:36:10,664] {task_command.py:371} INFO - Running <TaskInstance: raizen_lab_01.print_hello scheduled__2021-12-20T11:00:00+00:00 [running]> on host 6383a3236c72
[2022-08-23 12:36:10,730] {taskinstance.py:1591} INFO - Exporting the following env vars:
AIRFLOW_CTX_DAG_OWNER=admin
AIRFLOW_CTX_DAG_ID=raizen_lab_01
AIRFLOW_CTX_TASK_ID=print_hello
AIRFLOW_CTX_EXECUTION_DATE=2021-12-20T11:00:00+00:00
AIRFLOW_CTX_TRY_NUMBER=1
AIRFLOW_CTX_DAG_RUN_ID=scheduled__2021-12-20T11:00:00+00:00
[2022-08-23 12:36:10,731] {subprocess.py:62} INFO - Tmp dir root location: 
 /tmp
[2022-08-23 12:36:10,732] {subprocess.py:74} INFO - Running command: ['bash', '-c', 'echo "hello"']
[2022-08-23 12:36:10,744] {subprocess.py:85} INFO - Output:
[2022-08-23 12:36:10,745] {subprocess.py:92} INFO - hello
[2022-08-23 12:36:10,746] {subprocess.py:96} INFO - Command exited with return code 0
[2022-08-23 12:36:10,774] {taskinstance.py:1420} INFO - Marking task as SUCCESS. dag_id=raizen_lab_01, task_id=print_hello, execution_date=20211220T110000, start_date=20220823T123610, end_date=20220823T123610
[2022-08-23 12:36:10,817] {local_task_job.py:156} INFO - Task exited with return code 0
[2022-08-23 12:36:10,851] {local_task_job.py:273} INFO - 1 downstream tasks scheduled from follow-on schedule check
