[2022-08-23 12:34:53,800] {taskinstance.py:1179} INFO - Dependencies all met for <TaskInstance: raizen_lab_01.print_hello scheduled__2021-12-17T01:00:00+00:00 [queued]>
[2022-08-23 12:34:53,810] {taskinstance.py:1179} INFO - Dependencies all met for <TaskInstance: raizen_lab_01.print_hello scheduled__2021-12-17T01:00:00+00:00 [queued]>
[2022-08-23 12:34:53,810] {taskinstance.py:1376} INFO - 
--------------------------------------------------------------------------------
[2022-08-23 12:34:53,811] {taskinstance.py:1377} INFO - Starting attempt 1 of 2
[2022-08-23 12:34:53,812] {taskinstance.py:1378} INFO - 
--------------------------------------------------------------------------------
[2022-08-23 12:34:53,829] {taskinstance.py:1397} INFO - Executing <Task(BashOperator): print_hello> on 2021-12-17 01:00:00+00:00
[2022-08-23 12:34:53,835] {standard_task_runner.py:52} INFO - Started process 11594 to run task
[2022-08-23 12:34:53,838] {standard_task_runner.py:79} INFO - Running: ['***', 'tasks', 'run', 'raizen_lab_01', 'print_hello', 'scheduled__2021-12-17T01:00:00+00:00', '--job-id', '6499', '--raw', '--subdir', 'DAGS_FOLDER/raizen_lab_01.py', '--cfg-path', '/tmp/tmpfga7sv3r', '--error-file', '/tmp/tmpj05mvgic']
[2022-08-23 12:34:53,840] {standard_task_runner.py:80} INFO - Job 6499: Subtask print_hello
[2022-08-23 12:34:53,911] {task_command.py:371} INFO - Running <TaskInstance: raizen_lab_01.print_hello scheduled__2021-12-17T01:00:00+00:00 [running]> on host 6383a3236c72
[2022-08-23 12:34:53,989] {taskinstance.py:1591} INFO - Exporting the following env vars:
AIRFLOW_CTX_DAG_OWNER=admin
AIRFLOW_CTX_DAG_ID=raizen_lab_01
AIRFLOW_CTX_TASK_ID=print_hello
AIRFLOW_CTX_EXECUTION_DATE=2021-12-17T01:00:00+00:00
AIRFLOW_CTX_TRY_NUMBER=1
AIRFLOW_CTX_DAG_RUN_ID=scheduled__2021-12-17T01:00:00+00:00
[2022-08-23 12:34:53,990] {subprocess.py:62} INFO - Tmp dir root location: 
 /tmp
[2022-08-23 12:34:53,991] {subprocess.py:74} INFO - Running command: ['bash', '-c', 'echo "hello"']
[2022-08-23 12:34:54,004] {subprocess.py:85} INFO - Output:
[2022-08-23 12:34:54,005] {subprocess.py:92} INFO - hello
[2022-08-23 12:34:54,005] {subprocess.py:96} INFO - Command exited with return code 0
[2022-08-23 12:34:54,036] {taskinstance.py:1420} INFO - Marking task as SUCCESS. dag_id=raizen_lab_01, task_id=print_hello, execution_date=20211217T010000, start_date=20220823T123453, end_date=20220823T123454
[2022-08-23 12:34:54,090] {local_task_job.py:156} INFO - Task exited with return code 0
[2022-08-23 12:34:54,129] {local_task_job.py:273} INFO - 1 downstream tasks scheduled from follow-on schedule check
