[2022-08-23 11:47:39,120] {taskinstance.py:1179} INFO - Dependencies all met for <TaskInstance: raizen_lab_01.sleep scheduled__2021-10-19T21:00:00+00:00 [queued]>
[2022-08-23 11:47:39,145] {taskinstance.py:1179} INFO - Dependencies all met for <TaskInstance: raizen_lab_01.sleep scheduled__2021-10-19T21:00:00+00:00 [queued]>
[2022-08-23 11:47:39,146] {taskinstance.py:1376} INFO - 
--------------------------------------------------------------------------------
[2022-08-23 11:47:39,147] {taskinstance.py:1377} INFO - Starting attempt 1 of 2
[2022-08-23 11:47:39,148] {taskinstance.py:1378} INFO - 
--------------------------------------------------------------------------------
[2022-08-23 11:47:39,187] {taskinstance.py:1397} INFO - Executing <Task(BashOperator): sleep> on 2021-10-19 21:00:00+00:00
[2022-08-23 11:47:39,198] {standard_task_runner.py:52} INFO - Started process 908 to run task
[2022-08-23 11:47:39,205] {standard_task_runner.py:79} INFO - Running: ['***', 'tasks', 'run', 'raizen_lab_01', 'sleep', 'scheduled__2021-10-19T21:00:00+00:00', '--job-id', '2316', '--raw', '--subdir', 'DAGS_FOLDER/raizen_lab_01.py', '--cfg-path', '/tmp/tmpctmmihuf', '--error-file', '/tmp/tmpisxzor8s']
[2022-08-23 11:47:39,206] {standard_task_runner.py:80} INFO - Job 2316: Subtask sleep
[2022-08-23 11:47:39,356] {task_command.py:371} INFO - Running <TaskInstance: raizen_lab_01.sleep scheduled__2021-10-19T21:00:00+00:00 [running]> on host fc645605a611
[2022-08-23 11:47:39,492] {taskinstance.py:1591} INFO - Exporting the following env vars:
AIRFLOW_CTX_DAG_OWNER=admin
AIRFLOW_CTX_DAG_ID=raizen_lab_01
AIRFLOW_CTX_TASK_ID=sleep
AIRFLOW_CTX_EXECUTION_DATE=2021-10-19T21:00:00+00:00
AIRFLOW_CTX_TRY_NUMBER=1
AIRFLOW_CTX_DAG_RUN_ID=scheduled__2021-10-19T21:00:00+00:00
[2022-08-23 11:47:39,495] {subprocess.py:62} INFO - Tmp dir root location: 
 /tmp
[2022-08-23 11:47:39,497] {subprocess.py:74} INFO - Running command: ['bash', '-c', 'sleep 5']
[2022-08-23 11:47:39,516] {subprocess.py:85} INFO - Output:
[2022-08-23 11:47:44,523] {subprocess.py:96} INFO - Command exited with return code 0
[2022-08-23 11:47:44,578] {taskinstance.py:1420} INFO - Marking task as SUCCESS. dag_id=raizen_lab_01, task_id=sleep, execution_date=20211019T210000, start_date=20220823T114739, end_date=20220823T114744
[2022-08-23 11:47:44,630] {local_task_job.py:156} INFO - Task exited with return code 0
[2022-08-23 11:47:44,809] {local_task_job.py:273} INFO - 0 downstream tasks scheduled from follow-on schedule check
