[2022-08-23 23:08:42,727] {taskinstance.py:1179} INFO - Dependencies all met for <TaskInstance: raizen_lab_01.step_01 manual__2022-08-23T23:08:34.770377+00:00 [queued]>
[2022-08-23 23:08:42,738] {taskinstance.py:1179} INFO - Dependencies all met for <TaskInstance: raizen_lab_01.step_01 manual__2022-08-23T23:08:34.770377+00:00 [queued]>
[2022-08-23 23:08:42,738] {taskinstance.py:1376} INFO - 
--------------------------------------------------------------------------------
[2022-08-23 23:08:42,739] {taskinstance.py:1377} INFO - Starting attempt 1 of 2
[2022-08-23 23:08:42,740] {taskinstance.py:1378} INFO - 
--------------------------------------------------------------------------------
[2022-08-23 23:08:42,754] {taskinstance.py:1397} INFO - Executing <Task(BashOperator): step_01> on 2022-08-23 23:08:34.770377+00:00
[2022-08-23 23:08:42,761] {standard_task_runner.py:52} INFO - Started process 91 to run task
[2022-08-23 23:08:42,765] {standard_task_runner.py:79} INFO - Running: ['***', 'tasks', 'run', 'raizen_lab_01', 'step_01', 'manual__2022-08-23T23:08:34.770377+00:00', '--job-id', '9485', '--raw', '--subdir', 'DAGS_FOLDER/raizen_lab_01.py', '--cfg-path', '/tmp/tmpktxu760m', '--error-file', '/tmp/tmpzp8w9ilw']
[2022-08-23 23:08:42,766] {standard_task_runner.py:80} INFO - Job 9485: Subtask step_01
[2022-08-23 23:08:42,835] {task_command.py:371} INFO - Running <TaskInstance: raizen_lab_01.step_01 manual__2022-08-23T23:08:34.770377+00:00 [running]> on host 25dd15f8d678
[2022-08-23 23:08:42,919] {taskinstance.py:1591} INFO - Exporting the following env vars:
AIRFLOW_CTX_DAG_OWNER=admin
AIRFLOW_CTX_DAG_ID=raizen_lab_01
AIRFLOW_CTX_TASK_ID=step_01
AIRFLOW_CTX_EXECUTION_DATE=2022-08-23T23:08:34.770377+00:00
AIRFLOW_CTX_TRY_NUMBER=1
AIRFLOW_CTX_DAG_RUN_ID=manual__2022-08-23T23:08:34.770377+00:00
[2022-08-23 23:08:42,920] {subprocess.py:62} INFO - Tmp dir root location: 
 /tmp
[2022-08-23 23:08:42,921] {subprocess.py:74} INFO - Running command: ['bash', '-c', 'echo "hello"']
[2022-08-23 23:08:42,932] {subprocess.py:85} INFO - Output:
[2022-08-23 23:08:42,934] {subprocess.py:92} INFO - hello
[2022-08-23 23:08:42,934] {subprocess.py:96} INFO - Command exited with return code 0
[2022-08-23 23:08:42,962] {taskinstance.py:1420} INFO - Marking task as SUCCESS. dag_id=raizen_lab_01, task_id=step_01, execution_date=20220823T230834, start_date=20220823T230842, end_date=20220823T230842
[2022-08-23 23:08:43,017] {local_task_job.py:156} INFO - Task exited with return code 0
[2022-08-23 23:08:43,053] {local_task_job.py:273} INFO - 0 downstream tasks scheduled from follow-on schedule check
