[2022-08-23 12:08:41,437] {taskinstance.py:1179} INFO - Dependencies all met for <TaskInstance: raizen_lab_01.print_world scheduled__2021-11-02T12:00:00+00:00 [queued]>
[2022-08-23 12:08:41,449] {taskinstance.py:1179} INFO - Dependencies all met for <TaskInstance: raizen_lab_01.print_world scheduled__2021-11-02T12:00:00+00:00 [queued]>
[2022-08-23 12:08:41,449] {taskinstance.py:1376} INFO - 
--------------------------------------------------------------------------------
[2022-08-23 12:08:41,450] {taskinstance.py:1377} INFO - Starting attempt 1 of 2
[2022-08-23 12:08:41,450] {taskinstance.py:1378} INFO - 
--------------------------------------------------------------------------------
[2022-08-23 12:08:41,465] {taskinstance.py:1397} INFO - Executing <Task(PythonOperator): print_world> on 2021-11-02 12:00:00+00:00
[2022-08-23 12:08:41,472] {standard_task_runner.py:52} INFO - Started process 2017 to run task
[2022-08-23 12:08:41,476] {standard_task_runner.py:79} INFO - Running: ['***', 'tasks', 'run', 'raizen_lab_01', 'print_world', 'scheduled__2021-11-02T12:00:00+00:00', '--job-id', '3304', '--raw', '--subdir', 'DAGS_FOLDER/raizen_lab_01.py', '--cfg-path', '/tmp/tmp961ndtfm', '--error-file', '/tmp/tmprde71jh8']
[2022-08-23 12:08:41,477] {standard_task_runner.py:80} INFO - Job 3304: Subtask print_world
[2022-08-23 12:08:41,537] {task_command.py:371} INFO - Running <TaskInstance: raizen_lab_01.print_world scheduled__2021-11-02T12:00:00+00:00 [running]> on host 67b6bdae536e
[2022-08-23 12:08:41,600] {taskinstance.py:1591} INFO - Exporting the following env vars:
AIRFLOW_CTX_DAG_OWNER=admin
AIRFLOW_CTX_DAG_ID=raizen_lab_01
AIRFLOW_CTX_TASK_ID=print_world
AIRFLOW_CTX_EXECUTION_DATE=2021-11-02T12:00:00+00:00
AIRFLOW_CTX_TRY_NUMBER=1
AIRFLOW_CTX_DAG_RUN_ID=scheduled__2021-11-02T12:00:00+00:00
[2022-08-23 12:08:41,601] {logging_mixin.py:115} INFO - world
[2022-08-23 12:08:41,601] {python.py:173} INFO - Done. Returned value was: None
[2022-08-23 12:08:41,614] {taskinstance.py:1420} INFO - Marking task as SUCCESS. dag_id=raizen_lab_01, task_id=print_world, execution_date=20211102T120000, start_date=20220823T120841, end_date=20220823T120841
[2022-08-23 12:08:41,647] {local_task_job.py:156} INFO - Task exited with return code 0
[2022-08-23 12:08:41,672] {local_task_job.py:273} INFO - 0 downstream tasks scheduled from follow-on schedule check
