[2022-08-23 11:32:45,983] {taskinstance.py:1179} INFO - Dependencies all met for <TaskInstance: raizen_lab_01.print_world scheduled__2021-09-30T04:00:00+00:00 [queued]>
[2022-08-23 11:32:46,006] {taskinstance.py:1179} INFO - Dependencies all met for <TaskInstance: raizen_lab_01.print_world scheduled__2021-09-30T04:00:00+00:00 [queued]>
[2022-08-23 11:32:46,007] {taskinstance.py:1376} INFO - 
--------------------------------------------------------------------------------
[2022-08-23 11:32:46,008] {taskinstance.py:1377} INFO - Starting attempt 1 of 2
[2022-08-23 11:32:46,009] {taskinstance.py:1378} INFO - 
--------------------------------------------------------------------------------
[2022-08-23 11:32:46,045] {taskinstance.py:1397} INFO - Executing <Task(PythonOperator): print_world> on 2021-09-30 04:00:00+00:00
[2022-08-23 11:32:46,055] {standard_task_runner.py:52} INFO - Started process 2565 to run task
[2022-08-23 11:32:46,061] {standard_task_runner.py:79} INFO - Running: ['***', 'tasks', 'run', 'raizen_lab_01', 'print_world', 'scheduled__2021-09-30T04:00:00+00:00', '--job-id', '912', '--raw', '--subdir', 'DAGS_FOLDER/raizen_lab_01.py', '--cfg-path', '/tmp/tmpzolerc_w', '--error-file', '/tmp/tmpb9uehzs_']
[2022-08-23 11:32:46,062] {standard_task_runner.py:80} INFO - Job 912: Subtask print_world
[2022-08-23 11:32:46,186] {task_command.py:371} INFO - Running <TaskInstance: raizen_lab_01.print_world scheduled__2021-09-30T04:00:00+00:00 [running]> on host 7f48b7aaf0fc
[2022-08-23 11:32:46,301] {taskinstance.py:1591} INFO - Exporting the following env vars:
AIRFLOW_CTX_DAG_OWNER=admin
AIRFLOW_CTX_DAG_ID=raizen_lab_01
AIRFLOW_CTX_TASK_ID=print_world
AIRFLOW_CTX_EXECUTION_DATE=2021-09-30T04:00:00+00:00
AIRFLOW_CTX_TRY_NUMBER=1
AIRFLOW_CTX_DAG_RUN_ID=scheduled__2021-09-30T04:00:00+00:00
[2022-08-23 11:32:46,302] {logging_mixin.py:115} INFO - world
[2022-08-23 11:32:46,303] {python.py:173} INFO - Done. Returned value was: None
[2022-08-23 11:32:46,328] {taskinstance.py:1420} INFO - Marking task as SUCCESS. dag_id=raizen_lab_01, task_id=print_world, execution_date=20210930T040000, start_date=20220823T113245, end_date=20220823T113246
[2022-08-23 11:32:46,393] {local_task_job.py:156} INFO - Task exited with return code 0
[2022-08-23 11:32:46,454] {local_task_job.py:273} INFO - 0 downstream tasks scheduled from follow-on schedule check
