[2022-08-23 11:30:23,425] {taskinstance.py:1179} INFO - Dependencies all met for <TaskInstance: raizen_lab_01.print_hello scheduled__2021-09-24T16:00:00+00:00 [queued]>
[2022-08-23 11:30:23,439] {taskinstance.py:1179} INFO - Dependencies all met for <TaskInstance: raizen_lab_01.print_hello scheduled__2021-09-24T16:00:00+00:00 [queued]>
[2022-08-23 11:30:23,440] {taskinstance.py:1376} INFO - 
--------------------------------------------------------------------------------
[2022-08-23 11:30:23,440] {taskinstance.py:1377} INFO - Starting attempt 1 of 2
[2022-08-23 11:30:23,441] {taskinstance.py:1378} INFO - 
--------------------------------------------------------------------------------
[2022-08-23 11:30:23,463] {taskinstance.py:1397} INFO - Executing <Task(BashOperator): print_hello> on 2021-09-24 16:00:00+00:00
[2022-08-23 11:30:23,469] {standard_task_runner.py:52} INFO - Started process 1340 to run task
[2022-08-23 11:30:23,475] {standard_task_runner.py:79} INFO - Running: ['***', 'tasks', 'run', 'raizen_lab_01', 'print_hello', 'scheduled__2021-09-24T16:00:00+00:00', '--job-id', '493', '--raw', '--subdir', 'DAGS_FOLDER/raizen_lab_01.py', '--cfg-path', '/tmp/tmp6t4u8_oj', '--error-file', '/tmp/tmprrytgbnr']
[2022-08-23 11:30:23,476] {standard_task_runner.py:80} INFO - Job 493: Subtask print_hello
[2022-08-23 11:30:23,593] {task_command.py:371} INFO - Running <TaskInstance: raizen_lab_01.print_hello scheduled__2021-09-24T16:00:00+00:00 [running]> on host 7f48b7aaf0fc
[2022-08-23 11:30:23,828] {taskinstance.py:1591} INFO - Exporting the following env vars:
AIRFLOW_CTX_DAG_OWNER=admin
AIRFLOW_CTX_DAG_ID=raizen_lab_01
AIRFLOW_CTX_TASK_ID=print_hello
AIRFLOW_CTX_EXECUTION_DATE=2021-09-24T16:00:00+00:00
AIRFLOW_CTX_TRY_NUMBER=1
AIRFLOW_CTX_DAG_RUN_ID=scheduled__2021-09-24T16:00:00+00:00
[2022-08-23 11:30:23,830] {subprocess.py:62} INFO - Tmp dir root location: 
 /tmp
[2022-08-23 11:30:23,832] {subprocess.py:74} INFO - Running command: ['bash', '-c', 'echo "hello"']
[2022-08-23 11:30:23,851] {subprocess.py:85} INFO - Output:
[2022-08-23 11:30:23,853] {subprocess.py:92} INFO - hello
[2022-08-23 11:30:23,854] {subprocess.py:96} INFO - Command exited with return code 0
[2022-08-23 11:30:23,909] {taskinstance.py:1420} INFO - Marking task as SUCCESS. dag_id=raizen_lab_01, task_id=print_hello, execution_date=20210924T160000, start_date=20220823T113023, end_date=20220823T113023
[2022-08-23 11:30:23,966] {local_task_job.py:156} INFO - Task exited with return code 0
[2022-08-23 11:30:24,028] {local_task_job.py:273} INFO - 1 downstream tasks scheduled from follow-on schedule check
