[2022-08-23 11:39:43,699] {taskinstance.py:1179} INFO - Dependencies all met for <TaskInstance: raizen_lab_01.print_hello scheduled__2021-10-15T03:00:00+00:00 [queued]>
[2022-08-23 11:39:43,713] {taskinstance.py:1179} INFO - Dependencies all met for <TaskInstance: raizen_lab_01.print_hello scheduled__2021-10-15T03:00:00+00:00 [queued]>
[2022-08-23 11:39:43,714] {taskinstance.py:1376} INFO - 
--------------------------------------------------------------------------------
[2022-08-23 11:39:43,714] {taskinstance.py:1377} INFO - Starting attempt 1 of 2
[2022-08-23 11:39:43,732] {taskinstance.py:1378} INFO - 
--------------------------------------------------------------------------------
[2022-08-23 11:39:43,791] {taskinstance.py:1397} INFO - Executing <Task(BashOperator): print_hello> on 2021-10-15 03:00:00+00:00
[2022-08-23 11:39:43,799] {standard_task_runner.py:52} INFO - Started process 1512 to run task
[2022-08-23 11:39:43,803] {standard_task_runner.py:79} INFO - Running: ['***', 'tasks', 'run', 'raizen_lab_01', 'print_hello', 'scheduled__2021-10-15T03:00:00+00:00', '--job-id', '1971', '--raw', '--subdir', 'DAGS_FOLDER/raizen_lab_01.py', '--cfg-path', '/tmp/tmprk5ju1h0', '--error-file', '/tmp/tmpy57wnacz']
[2022-08-23 11:39:43,804] {standard_task_runner.py:80} INFO - Job 1971: Subtask print_hello
[2022-08-23 11:39:43,974] {task_command.py:371} INFO - Running <TaskInstance: raizen_lab_01.print_hello scheduled__2021-10-15T03:00:00+00:00 [running]> on host 7f48b7aaf0fc
[2022-08-23 11:39:44,259] {taskinstance.py:1591} INFO - Exporting the following env vars:
AIRFLOW_CTX_DAG_OWNER=admin
AIRFLOW_CTX_DAG_ID=raizen_lab_01
AIRFLOW_CTX_TASK_ID=print_hello
AIRFLOW_CTX_EXECUTION_DATE=2021-10-15T03:00:00+00:00
AIRFLOW_CTX_TRY_NUMBER=1
AIRFLOW_CTX_DAG_RUN_ID=scheduled__2021-10-15T03:00:00+00:00
[2022-08-23 11:39:44,261] {subprocess.py:62} INFO - Tmp dir root location: 
 /tmp
[2022-08-23 11:39:44,263] {subprocess.py:74} INFO - Running command: ['bash', '-c', 'echo "hello"']
[2022-08-23 11:39:44,280] {subprocess.py:85} INFO - Output:
[2022-08-23 11:39:44,282] {subprocess.py:92} INFO - hello
[2022-08-23 11:39:44,283] {subprocess.py:96} INFO - Command exited with return code 0
[2022-08-23 11:39:44,394] {taskinstance.py:1420} INFO - Marking task as SUCCESS. dag_id=raizen_lab_01, task_id=print_hello, execution_date=20211015T030000, start_date=20220823T113943, end_date=20220823T113944
[2022-08-23 11:39:44,497] {local_task_job.py:156} INFO - Task exited with return code 0
[2022-08-23 11:39:44,667] {local_task_job.py:273} INFO - 1 downstream tasks scheduled from follow-on schedule check
