[2022-08-23 12:33:11,837] {taskinstance.py:1179} INFO - Dependencies all met for <TaskInstance: raizen_lab_01.sleep scheduled__2021-12-12T05:00:00+00:00 [queued]>
[2022-08-23 12:33:11,844] {taskinstance.py:1179} INFO - Dependencies all met for <TaskInstance: raizen_lab_01.sleep scheduled__2021-12-12T05:00:00+00:00 [queued]>
[2022-08-23 12:33:11,845] {taskinstance.py:1376} INFO - 
--------------------------------------------------------------------------------
[2022-08-23 12:33:11,845] {taskinstance.py:1377} INFO - Starting attempt 1 of 2
[2022-08-23 12:33:11,845] {taskinstance.py:1378} INFO - 
--------------------------------------------------------------------------------
[2022-08-23 12:33:11,858] {taskinstance.py:1397} INFO - Executing <Task(BashOperator): sleep> on 2021-12-12 05:00:00+00:00
[2022-08-23 12:33:11,864] {standard_task_runner.py:52} INFO - Started process 10279 to run task
[2022-08-23 12:33:11,868] {standard_task_runner.py:79} INFO - Running: ['***', 'tasks', 'run', 'raizen_lab_01', 'sleep', 'scheduled__2021-12-12T05:00:00+00:00', '--job-id', '6163', '--raw', '--subdir', 'DAGS_FOLDER/raizen_lab_01.py', '--cfg-path', '/tmp/tmpl0yog3tt', '--error-file', '/tmp/tmpk6dohynu']
[2022-08-23 12:33:11,869] {standard_task_runner.py:80} INFO - Job 6163: Subtask sleep
[2022-08-23 12:33:11,938] {task_command.py:371} INFO - Running <TaskInstance: raizen_lab_01.sleep scheduled__2021-12-12T05:00:00+00:00 [running]> on host 6383a3236c72
[2022-08-23 12:33:12,006] {taskinstance.py:1591} INFO - Exporting the following env vars:
AIRFLOW_CTX_DAG_OWNER=admin
AIRFLOW_CTX_DAG_ID=raizen_lab_01
AIRFLOW_CTX_TASK_ID=sleep
AIRFLOW_CTX_EXECUTION_DATE=2021-12-12T05:00:00+00:00
AIRFLOW_CTX_TRY_NUMBER=1
AIRFLOW_CTX_DAG_RUN_ID=scheduled__2021-12-12T05:00:00+00:00
[2022-08-23 12:33:12,007] {subprocess.py:62} INFO - Tmp dir root location: 
 /tmp
[2022-08-23 12:33:12,008] {subprocess.py:74} INFO - Running command: ['bash', '-c', 'sleep 5']
[2022-08-23 12:33:12,018] {subprocess.py:85} INFO - Output:
[2022-08-23 12:33:17,023] {subprocess.py:96} INFO - Command exited with return code 0
[2022-08-23 12:33:17,121] {taskinstance.py:1420} INFO - Marking task as SUCCESS. dag_id=raizen_lab_01, task_id=sleep, execution_date=20211212T050000, start_date=20220823T123311, end_date=20220823T123317
[2022-08-23 12:33:17,142] {local_task_job.py:156} INFO - Task exited with return code 0
[2022-08-23 12:33:17,178] {local_task_job.py:273} INFO - 1 downstream tasks scheduled from follow-on schedule check
