[2022-08-23 11:58:47,894] {taskinstance.py:1179} INFO - Dependencies all met for <TaskInstance: raizen_lab_01.print_hello scheduled__2021-10-21T22:00:00+00:00 [queued]>
[2022-08-23 11:58:47,916] {taskinstance.py:1179} INFO - Dependencies all met for <TaskInstance: raizen_lab_01.print_hello scheduled__2021-10-21T22:00:00+00:00 [queued]>
[2022-08-23 11:58:47,917] {taskinstance.py:1376} INFO - 
--------------------------------------------------------------------------------
[2022-08-23 11:58:47,917] {taskinstance.py:1377} INFO - Starting attempt 1 of 2
[2022-08-23 11:58:47,918] {taskinstance.py:1378} INFO - 
--------------------------------------------------------------------------------
[2022-08-23 11:58:47,948] {taskinstance.py:1397} INFO - Executing <Task(BashOperator): print_hello> on 2021-10-21 22:00:00+00:00
[2022-08-23 11:58:47,956] {standard_task_runner.py:52} INFO - Started process 255 to run task
[2022-08-23 11:58:47,964] {standard_task_runner.py:79} INFO - Running: ['***', 'tasks', 'run', 'raizen_lab_01', 'print_hello', 'scheduled__2021-10-21T22:00:00+00:00', '--job-id', '2454', '--raw', '--subdir', 'DAGS_FOLDER/raizen_lab_01.py', '--cfg-path', '/tmp/tmprcs0mhwn', '--error-file', '/tmp/tmp_60zdeam']
[2022-08-23 11:58:47,965] {standard_task_runner.py:80} INFO - Job 2454: Subtask print_hello
[2022-08-23 11:58:48,120] {task_command.py:371} INFO - Running <TaskInstance: raizen_lab_01.print_hello scheduled__2021-10-21T22:00:00+00:00 [running]> on host 9f4b06248101
[2022-08-23 11:58:48,275] {taskinstance.py:1591} INFO - Exporting the following env vars:
AIRFLOW_CTX_DAG_OWNER=admin
AIRFLOW_CTX_DAG_ID=raizen_lab_01
AIRFLOW_CTX_TASK_ID=print_hello
AIRFLOW_CTX_EXECUTION_DATE=2021-10-21T22:00:00+00:00
AIRFLOW_CTX_TRY_NUMBER=1
AIRFLOW_CTX_DAG_RUN_ID=scheduled__2021-10-21T22:00:00+00:00
[2022-08-23 11:58:48,282] {subprocess.py:62} INFO - Tmp dir root location: 
 /tmp
[2022-08-23 11:58:48,283] {subprocess.py:74} INFO - Running command: ['bash', '-c', 'echo "hello"']
[2022-08-23 11:58:48,310] {subprocess.py:85} INFO - Output:
[2022-08-23 11:58:48,314] {subprocess.py:92} INFO - hello
[2022-08-23 11:58:48,316] {subprocess.py:96} INFO - Command exited with return code 0
[2022-08-23 11:58:48,490] {taskinstance.py:1420} INFO - Marking task as SUCCESS. dag_id=raizen_lab_01, task_id=print_hello, execution_date=20211021T220000, start_date=20220823T115847, end_date=20220823T115848
[2022-08-23 11:58:48,538] {local_task_job.py:156} INFO - Task exited with return code 0
[2022-08-23 11:58:48,710] {local_task_job.py:273} INFO - 1 downstream tasks scheduled from follow-on schedule check
