[2022-08-23 16:14:16,985] {taskinstance.py:1179} INFO - Dependencies all met for <TaskInstance: raizen_lab_01.sleep scheduled__2022-01-05T14:00:00+00:00 [queued]>
[2022-08-23 16:14:17,010] {taskinstance.py:1179} INFO - Dependencies all met for <TaskInstance: raizen_lab_01.sleep scheduled__2022-01-05T14:00:00+00:00 [queued]>
[2022-08-23 16:14:17,011] {taskinstance.py:1376} INFO - 
--------------------------------------------------------------------------------
[2022-08-23 16:14:17,011] {taskinstance.py:1377} INFO - Starting attempt 1 of 2
[2022-08-23 16:14:17,013] {taskinstance.py:1378} INFO - 
--------------------------------------------------------------------------------
[2022-08-23 16:14:17,042] {taskinstance.py:1397} INFO - Executing <Task(BashOperator): sleep> on 2022-01-05 14:00:00+00:00
[2022-08-23 16:14:17,052] {standard_task_runner.py:52} INFO - Started process 566 to run task
[2022-08-23 16:14:17,058] {standard_task_runner.py:79} INFO - Running: ['***', 'tasks', 'run', 'raizen_lab_01', 'sleep', 'scheduled__2022-01-05T14:00:00+00:00', '--job-id', '8088', '--raw', '--subdir', 'DAGS_FOLDER/raizen_lab_01.py', '--cfg-path', '/tmp/tmpn9buvdnf', '--error-file', '/tmp/tmp1jfs2fhj']
[2022-08-23 16:14:17,060] {standard_task_runner.py:80} INFO - Job 8088: Subtask sleep
[2022-08-23 16:14:17,173] {task_command.py:371} INFO - Running <TaskInstance: raizen_lab_01.sleep scheduled__2022-01-05T14:00:00+00:00 [running]> on host 8790b68fb5bc
[2022-08-23 16:14:17,309] {taskinstance.py:1591} INFO - Exporting the following env vars:
AIRFLOW_CTX_DAG_OWNER=admin
AIRFLOW_CTX_DAG_ID=raizen_lab_01
AIRFLOW_CTX_TASK_ID=sleep
AIRFLOW_CTX_EXECUTION_DATE=2022-01-05T14:00:00+00:00
AIRFLOW_CTX_TRY_NUMBER=1
AIRFLOW_CTX_DAG_RUN_ID=scheduled__2022-01-05T14:00:00+00:00
[2022-08-23 16:14:17,312] {subprocess.py:62} INFO - Tmp dir root location: 
 /tmp
[2022-08-23 16:14:17,314] {subprocess.py:74} INFO - Running command: ['bash', '-c', 'sleep 5']
[2022-08-23 16:14:17,337] {subprocess.py:85} INFO - Output:
[2022-08-23 16:14:22,344] {subprocess.py:96} INFO - Command exited with return code 0
[2022-08-23 16:14:22,392] {taskinstance.py:1420} INFO - Marking task as SUCCESS. dag_id=raizen_lab_01, task_id=sleep, execution_date=20220105T140000, start_date=20220823T161416, end_date=20220823T161422
[2022-08-23 16:14:22,443] {local_task_job.py:156} INFO - Task exited with return code 0
[2022-08-23 16:14:22,490] {local_task_job.py:273} INFO - 1 downstream tasks scheduled from follow-on schedule check
