[2022-08-23 11:29:04,437] {taskinstance.py:1179} INFO - Dependencies all met for <TaskInstance: raizen_lab_01.print_hello scheduled__2021-09-21T22:00:00+00:00 [queued]>
[2022-08-23 11:29:04,456] {taskinstance.py:1179} INFO - Dependencies all met for <TaskInstance: raizen_lab_01.print_hello scheduled__2021-09-21T22:00:00+00:00 [queued]>
[2022-08-23 11:29:04,457] {taskinstance.py:1376} INFO - 
--------------------------------------------------------------------------------
[2022-08-23 11:29:04,458] {taskinstance.py:1377} INFO - Starting attempt 1 of 2
[2022-08-23 11:29:04,459] {taskinstance.py:1378} INFO - 
--------------------------------------------------------------------------------
[2022-08-23 11:29:04,492] {taskinstance.py:1397} INFO - Executing <Task(BashOperator): print_hello> on 2021-09-21 22:00:00+00:00
[2022-08-23 11:29:04,499] {standard_task_runner.py:52} INFO - Started process 721 to run task
[2022-08-23 11:29:04,504] {standard_task_runner.py:79} INFO - Running: ['***', 'tasks', 'run', 'raizen_lab_01', 'print_hello', 'scheduled__2021-09-21T22:00:00+00:00', '--job-id', '278', '--raw', '--subdir', 'DAGS_FOLDER/raizen_lab_01.py', '--cfg-path', '/tmp/tmphqg7e6z2', '--error-file', '/tmp/tmpp7w__brv']
[2022-08-23 11:29:04,504] {standard_task_runner.py:80} INFO - Job 278: Subtask print_hello
[2022-08-23 11:29:04,598] {task_command.py:371} INFO - Running <TaskInstance: raizen_lab_01.print_hello scheduled__2021-09-21T22:00:00+00:00 [running]> on host 7f48b7aaf0fc
[2022-08-23 11:29:04,726] {taskinstance.py:1591} INFO - Exporting the following env vars:
AIRFLOW_CTX_DAG_OWNER=admin
AIRFLOW_CTX_DAG_ID=raizen_lab_01
AIRFLOW_CTX_TASK_ID=print_hello
AIRFLOW_CTX_EXECUTION_DATE=2021-09-21T22:00:00+00:00
AIRFLOW_CTX_TRY_NUMBER=1
AIRFLOW_CTX_DAG_RUN_ID=scheduled__2021-09-21T22:00:00+00:00
[2022-08-23 11:29:04,728] {subprocess.py:62} INFO - Tmp dir root location: 
 /tmp
[2022-08-23 11:29:04,730] {subprocess.py:74} INFO - Running command: ['bash', '-c', 'echo "hello"']
[2022-08-23 11:29:04,744] {subprocess.py:85} INFO - Output:
[2022-08-23 11:29:04,746] {subprocess.py:92} INFO - hello
[2022-08-23 11:29:04,747] {subprocess.py:96} INFO - Command exited with return code 0
[2022-08-23 11:29:04,951] {taskinstance.py:1420} INFO - Marking task as SUCCESS. dag_id=raizen_lab_01, task_id=print_hello, execution_date=20210921T220000, start_date=20220823T112904, end_date=20220823T112904
[2022-08-23 11:29:04,997] {local_task_job.py:156} INFO - Task exited with return code 0
[2022-08-23 11:29:05,068] {local_task_job.py:273} INFO - 1 downstream tasks scheduled from follow-on schedule check
