[2022-08-23 11:34:10,002] {taskinstance.py:1179} INFO - Dependencies all met for <TaskInstance: raizen_lab_01.sleep scheduled__2021-10-03T04:00:00+00:00 [queued]>
[2022-08-23 11:34:10,022] {taskinstance.py:1179} INFO - Dependencies all met for <TaskInstance: raizen_lab_01.sleep scheduled__2021-10-03T04:00:00+00:00 [queued]>
[2022-08-23 11:34:10,022] {taskinstance.py:1376} INFO - 
--------------------------------------------------------------------------------
[2022-08-23 11:34:10,023] {taskinstance.py:1377} INFO - Starting attempt 1 of 2
[2022-08-23 11:34:10,024] {taskinstance.py:1378} INFO - 
--------------------------------------------------------------------------------
[2022-08-23 11:34:10,049] {taskinstance.py:1397} INFO - Executing <Task(BashOperator): sleep> on 2021-10-03 04:00:00+00:00
[2022-08-23 11:34:10,057] {standard_task_runner.py:52} INFO - Started process 3153 to run task
[2022-08-23 11:34:10,063] {standard_task_runner.py:79} INFO - Running: ['***', 'tasks', 'run', 'raizen_lab_01', 'sleep', 'scheduled__2021-10-03T04:00:00+00:00', '--job-id', '1109', '--raw', '--subdir', 'DAGS_FOLDER/raizen_lab_01.py', '--cfg-path', '/tmp/tmpt0d8wfm0', '--error-file', '/tmp/tmpjff8725e']
[2022-08-23 11:34:10,064] {standard_task_runner.py:80} INFO - Job 1109: Subtask sleep
[2022-08-23 11:34:10,182] {task_command.py:371} INFO - Running <TaskInstance: raizen_lab_01.sleep scheduled__2021-10-03T04:00:00+00:00 [running]> on host 7f48b7aaf0fc
[2022-08-23 11:34:10,341] {taskinstance.py:1591} INFO - Exporting the following env vars:
AIRFLOW_CTX_DAG_OWNER=admin
AIRFLOW_CTX_DAG_ID=raizen_lab_01
AIRFLOW_CTX_TASK_ID=sleep
AIRFLOW_CTX_EXECUTION_DATE=2021-10-03T04:00:00+00:00
AIRFLOW_CTX_TRY_NUMBER=1
AIRFLOW_CTX_DAG_RUN_ID=scheduled__2021-10-03T04:00:00+00:00
[2022-08-23 11:34:10,344] {subprocess.py:62} INFO - Tmp dir root location: 
 /tmp
[2022-08-23 11:34:10,345] {subprocess.py:74} INFO - Running command: ['bash', '-c', 'sleep 5']
[2022-08-23 11:34:10,369] {subprocess.py:85} INFO - Output:
[2022-08-23 11:34:15,377] {subprocess.py:96} INFO - Command exited with return code 0
[2022-08-23 11:34:15,440] {taskinstance.py:1420} INFO - Marking task as SUCCESS. dag_id=raizen_lab_01, task_id=sleep, execution_date=20211003T040000, start_date=20220823T113410, end_date=20220823T113415
[2022-08-23 11:34:15,479] {local_task_job.py:156} INFO - Task exited with return code 0
[2022-08-23 11:34:15,606] {local_task_job.py:273} INFO - 1 downstream tasks scheduled from follow-on schedule check
