[2022-08-23 11:47:59,893] {taskinstance.py:1179} INFO - Dependencies all met for <TaskInstance: raizen_lab_01.sleep scheduled__2021-10-20T21:00:00+00:00 [queued]>
[2022-08-23 11:47:59,912] {taskinstance.py:1179} INFO - Dependencies all met for <TaskInstance: raizen_lab_01.sleep scheduled__2021-10-20T21:00:00+00:00 [queued]>
[2022-08-23 11:47:59,913] {taskinstance.py:1376} INFO - 
--------------------------------------------------------------------------------
[2022-08-23 11:47:59,913] {taskinstance.py:1377} INFO - Starting attempt 1 of 2
[2022-08-23 11:47:59,914] {taskinstance.py:1378} INFO - 
--------------------------------------------------------------------------------
[2022-08-23 11:47:59,936] {taskinstance.py:1397} INFO - Executing <Task(BashOperator): sleep> on 2021-10-20 21:00:00+00:00
[2022-08-23 11:47:59,942] {standard_task_runner.py:52} INFO - Started process 1088 to run task
[2022-08-23 11:47:59,947] {standard_task_runner.py:79} INFO - Running: ['***', 'tasks', 'run', 'raizen_lab_01', 'sleep', 'scheduled__2021-10-20T21:00:00+00:00', '--job-id', '2378', '--raw', '--subdir', 'DAGS_FOLDER/raizen_lab_01.py', '--cfg-path', '/tmp/tmpzhqnai_i', '--error-file', '/tmp/tmp203d6xil']
[2022-08-23 11:47:59,948] {standard_task_runner.py:80} INFO - Job 2378: Subtask sleep
[2022-08-23 11:48:00,060] {task_command.py:371} INFO - Running <TaskInstance: raizen_lab_01.sleep scheduled__2021-10-20T21:00:00+00:00 [running]> on host fc645605a611
[2022-08-23 11:48:00,166] {taskinstance.py:1591} INFO - Exporting the following env vars:
AIRFLOW_CTX_DAG_OWNER=admin
AIRFLOW_CTX_DAG_ID=raizen_lab_01
AIRFLOW_CTX_TASK_ID=sleep
AIRFLOW_CTX_EXECUTION_DATE=2021-10-20T21:00:00+00:00
AIRFLOW_CTX_TRY_NUMBER=1
AIRFLOW_CTX_DAG_RUN_ID=scheduled__2021-10-20T21:00:00+00:00
[2022-08-23 11:48:00,168] {subprocess.py:62} INFO - Tmp dir root location: 
 /tmp
[2022-08-23 11:48:00,169] {subprocess.py:74} INFO - Running command: ['bash', '-c', 'sleep 5']
[2022-08-23 11:48:00,185] {subprocess.py:85} INFO - Output:
[2022-08-23 11:48:05,190] {subprocess.py:96} INFO - Command exited with return code 0
[2022-08-23 11:48:05,241] {taskinstance.py:1420} INFO - Marking task as SUCCESS. dag_id=raizen_lab_01, task_id=sleep, execution_date=20211020T210000, start_date=20220823T114759, end_date=20220823T114805
[2022-08-23 11:48:05,289] {local_task_job.py:156} INFO - Task exited with return code 0
[2022-08-23 11:48:05,409] {local_task_job.py:273} INFO - 0 downstream tasks scheduled from follow-on schedule check
