[2022-08-23 11:47:57,746] {taskinstance.py:1179} INFO - Dependencies all met for <TaskInstance: raizen_lab_01.sleep scheduled__2021-10-20T17:00:00+00:00 [queued]>
[2022-08-23 11:47:57,763] {taskinstance.py:1179} INFO - Dependencies all met for <TaskInstance: raizen_lab_01.sleep scheduled__2021-10-20T17:00:00+00:00 [queued]>
[2022-08-23 11:47:57,763] {taskinstance.py:1376} INFO - 
--------------------------------------------------------------------------------
[2022-08-23 11:47:57,764] {taskinstance.py:1377} INFO - Starting attempt 1 of 2
[2022-08-23 11:47:57,764] {taskinstance.py:1378} INFO - 
--------------------------------------------------------------------------------
[2022-08-23 11:47:57,790] {taskinstance.py:1397} INFO - Executing <Task(BashOperator): sleep> on 2021-10-20 17:00:00+00:00
[2022-08-23 11:47:57,798] {standard_task_runner.py:52} INFO - Started process 1066 to run task
[2022-08-23 11:47:57,803] {standard_task_runner.py:79} INFO - Running: ['***', 'tasks', 'run', 'raizen_lab_01', 'sleep', 'scheduled__2021-10-20T17:00:00+00:00', '--job-id', '2370', '--raw', '--subdir', 'DAGS_FOLDER/raizen_lab_01.py', '--cfg-path', '/tmp/tmpofy98o5x', '--error-file', '/tmp/tmp2_i84nzt']
[2022-08-23 11:47:57,804] {standard_task_runner.py:80} INFO - Job 2370: Subtask sleep
[2022-08-23 11:47:57,922] {task_command.py:371} INFO - Running <TaskInstance: raizen_lab_01.sleep scheduled__2021-10-20T17:00:00+00:00 [running]> on host fc645605a611
[2022-08-23 11:47:58,040] {taskinstance.py:1591} INFO - Exporting the following env vars:
AIRFLOW_CTX_DAG_OWNER=admin
AIRFLOW_CTX_DAG_ID=raizen_lab_01
AIRFLOW_CTX_TASK_ID=sleep
AIRFLOW_CTX_EXECUTION_DATE=2021-10-20T17:00:00+00:00
AIRFLOW_CTX_TRY_NUMBER=1
AIRFLOW_CTX_DAG_RUN_ID=scheduled__2021-10-20T17:00:00+00:00
[2022-08-23 11:47:58,043] {subprocess.py:62} INFO - Tmp dir root location: 
 /tmp
[2022-08-23 11:47:58,044] {subprocess.py:74} INFO - Running command: ['bash', '-c', 'sleep 5']
[2022-08-23 11:47:58,059] {subprocess.py:85} INFO - Output:
[2022-08-23 11:48:03,063] {subprocess.py:96} INFO - Command exited with return code 0
[2022-08-23 11:48:03,116] {taskinstance.py:1420} INFO - Marking task as SUCCESS. dag_id=raizen_lab_01, task_id=sleep, execution_date=20211020T170000, start_date=20220823T114757, end_date=20220823T114803
[2022-08-23 11:48:03,180] {local_task_job.py:156} INFO - Task exited with return code 0
[2022-08-23 11:48:03,218] {local_task_job.py:273} INFO - 1 downstream tasks scheduled from follow-on schedule check
