[2022-08-24 17:00:01,019] {taskinstance.py:1179} INFO - Dependencies all met for <TaskInstance: raizen_lab_01.Step_01_Ingestion_Sheets_To_Stage scheduled__2022-08-24T16:00:00+00:00 [queued]>
[2022-08-24 17:00:01,027] {taskinstance.py:1179} INFO - Dependencies all met for <TaskInstance: raizen_lab_01.Step_01_Ingestion_Sheets_To_Stage scheduled__2022-08-24T16:00:00+00:00 [queued]>
[2022-08-24 17:00:01,028] {taskinstance.py:1376} INFO - 
--------------------------------------------------------------------------------
[2022-08-24 17:00:01,028] {taskinstance.py:1377} INFO - Starting attempt 1 of 2
[2022-08-24 17:00:01,029] {taskinstance.py:1378} INFO - 
--------------------------------------------------------------------------------
[2022-08-24 17:00:01,041] {taskinstance.py:1397} INFO - Executing <Task(PythonOperator): Step_01_Ingestion_Sheets_To_Stage> on 2022-08-24 16:00:00+00:00
[2022-08-24 17:00:01,047] {standard_task_runner.py:52} INFO - Started process 1274 to run task
[2022-08-24 17:00:01,049] {standard_task_runner.py:79} INFO - Running: ['***', 'tasks', 'run', 'raizen_lab_01', 'Step_01_Ingestion_Sheets_To_Stage', 'scheduled__2022-08-24T16:00:00+00:00', '--job-id', '9770', '--raw', '--subdir', 'DAGS_FOLDER/raizen_lab_01.py', '--cfg-path', '/tmp/tmp3545up43', '--error-file', '/tmp/tmpfmacm01c']
[2022-08-24 17:00:01,051] {standard_task_runner.py:80} INFO - Job 9770: Subtask Step_01_Ingestion_Sheets_To_Stage
[2022-08-24 17:00:01,107] {task_command.py:371} INFO - Running <TaskInstance: raizen_lab_01.Step_01_Ingestion_Sheets_To_Stage scheduled__2022-08-24T16:00:00+00:00 [running]> on host 3f878792eb1e
[2022-08-24 17:00:01,178] {taskinstance.py:1591} INFO - Exporting the following env vars:
AIRFLOW_CTX_DAG_OWNER=admin
AIRFLOW_CTX_DAG_ID=raizen_lab_01
AIRFLOW_CTX_TASK_ID=Step_01_Ingestion_Sheets_To_Stage
AIRFLOW_CTX_EXECUTION_DATE=2022-08-24T16:00:00+00:00
AIRFLOW_CTX_TRY_NUMBER=1
AIRFLOW_CTX_DAG_RUN_ID=scheduled__2022-08-24T16:00:00+00:00
[2022-08-24 17:00:03,526] {python.py:173} INFO - Done. Returned value was: None
[2022-08-24 17:00:03,537] {taskinstance.py:1420} INFO - Marking task as SUCCESS. dag_id=raizen_lab_01, task_id=Step_01_Ingestion_Sheets_To_Stage, execution_date=20220824T160000, start_date=20220824T170001, end_date=20220824T170003
[2022-08-24 17:00:03,593] {local_task_job.py:156} INFO - Task exited with return code 0
[2022-08-24 17:00:03,634] {local_task_job.py:273} INFO - 1 downstream tasks scheduled from follow-on schedule check
