[2022-08-23 12:26:43,127] {taskinstance.py:1179} INFO - Dependencies all met for <TaskInstance: raizen_lab_01.sleep scheduled__2021-11-25T02:00:00+00:00 [queued]>
[2022-08-23 12:26:43,134] {taskinstance.py:1179} INFO - Dependencies all met for <TaskInstance: raizen_lab_01.sleep scheduled__2021-11-25T02:00:00+00:00 [queued]>
[2022-08-23 12:26:43,135] {taskinstance.py:1376} INFO - 
--------------------------------------------------------------------------------
[2022-08-23 12:26:43,135] {taskinstance.py:1377} INFO - Starting attempt 1 of 2
[2022-08-23 12:26:43,136] {taskinstance.py:1378} INFO - 
--------------------------------------------------------------------------------
[2022-08-23 12:26:43,152] {taskinstance.py:1397} INFO - Executing <Task(BashOperator): sleep> on 2021-11-25 02:00:00+00:00
[2022-08-23 12:26:43,157] {standard_task_runner.py:52} INFO - Started process 5420 to run task
[2022-08-23 12:26:43,160] {standard_task_runner.py:79} INFO - Running: ['***', 'tasks', 'run', 'raizen_lab_01', 'sleep', 'scheduled__2021-11-25T02:00:00+00:00', '--job-id', '4923', '--raw', '--subdir', 'DAGS_FOLDER/raizen_lab_01.py', '--cfg-path', '/tmp/tmpmkbvainh', '--error-file', '/tmp/tmpahk37bh3']
[2022-08-23 12:26:43,161] {standard_task_runner.py:80} INFO - Job 4923: Subtask sleep
[2022-08-23 12:26:43,216] {task_command.py:371} INFO - Running <TaskInstance: raizen_lab_01.sleep scheduled__2021-11-25T02:00:00+00:00 [running]> on host 6383a3236c72
[2022-08-23 12:26:43,272] {taskinstance.py:1591} INFO - Exporting the following env vars:
AIRFLOW_CTX_DAG_OWNER=admin
AIRFLOW_CTX_DAG_ID=raizen_lab_01
AIRFLOW_CTX_TASK_ID=sleep
AIRFLOW_CTX_EXECUTION_DATE=2021-11-25T02:00:00+00:00
AIRFLOW_CTX_TRY_NUMBER=1
AIRFLOW_CTX_DAG_RUN_ID=scheduled__2021-11-25T02:00:00+00:00
[2022-08-23 12:26:43,274] {subprocess.py:62} INFO - Tmp dir root location: 
 /tmp
[2022-08-23 12:26:43,275] {subprocess.py:74} INFO - Running command: ['bash', '-c', 'sleep 5']
[2022-08-23 12:26:43,286] {subprocess.py:85} INFO - Output:
[2022-08-23 12:26:48,289] {subprocess.py:96} INFO - Command exited with return code 0
[2022-08-23 12:26:48,319] {taskinstance.py:1420} INFO - Marking task as SUCCESS. dag_id=raizen_lab_01, task_id=sleep, execution_date=20211125T020000, start_date=20220823T122643, end_date=20220823T122648
[2022-08-23 12:26:48,355] {local_task_job.py:156} INFO - Task exited with return code 0
[2022-08-23 12:26:48,387] {local_task_job.py:273} INFO - 1 downstream tasks scheduled from follow-on schedule check
