[2022-08-23 11:30:28,175] {taskinstance.py:1179} INFO - Dependencies all met for <TaskInstance: raizen_lab_01.print_hello scheduled__2021-09-25T04:00:00+00:00 [queued]>
[2022-08-23 11:30:28,192] {taskinstance.py:1179} INFO - Dependencies all met for <TaskInstance: raizen_lab_01.print_hello scheduled__2021-09-25T04:00:00+00:00 [queued]>
[2022-08-23 11:30:28,193] {taskinstance.py:1376} INFO - 
--------------------------------------------------------------------------------
[2022-08-23 11:30:28,193] {taskinstance.py:1377} INFO - Starting attempt 1 of 2
[2022-08-23 11:30:28,194] {taskinstance.py:1378} INFO - 
--------------------------------------------------------------------------------
[2022-08-23 11:30:28,218] {taskinstance.py:1397} INFO - Executing <Task(BashOperator): print_hello> on 2021-09-25 04:00:00+00:00
[2022-08-23 11:30:28,226] {standard_task_runner.py:52} INFO - Started process 1406 to run task
[2022-08-23 11:30:28,231] {standard_task_runner.py:79} INFO - Running: ['***', 'tasks', 'run', 'raizen_lab_01', 'print_hello', 'scheduled__2021-09-25T04:00:00+00:00', '--job-id', '515', '--raw', '--subdir', 'DAGS_FOLDER/raizen_lab_01.py', '--cfg-path', '/tmp/tmpe65fr43_', '--error-file', '/tmp/tmprv3ji9tl']
[2022-08-23 11:30:28,232] {standard_task_runner.py:80} INFO - Job 515: Subtask print_hello
[2022-08-23 11:30:28,393] {task_command.py:371} INFO - Running <TaskInstance: raizen_lab_01.print_hello scheduled__2021-09-25T04:00:00+00:00 [running]> on host 7f48b7aaf0fc
[2022-08-23 11:30:28,616] {taskinstance.py:1591} INFO - Exporting the following env vars:
AIRFLOW_CTX_DAG_OWNER=admin
AIRFLOW_CTX_DAG_ID=raizen_lab_01
AIRFLOW_CTX_TASK_ID=print_hello
AIRFLOW_CTX_EXECUTION_DATE=2021-09-25T04:00:00+00:00
AIRFLOW_CTX_TRY_NUMBER=1
AIRFLOW_CTX_DAG_RUN_ID=scheduled__2021-09-25T04:00:00+00:00
[2022-08-23 11:30:28,619] {subprocess.py:62} INFO - Tmp dir root location: 
 /tmp
[2022-08-23 11:30:28,620] {subprocess.py:74} INFO - Running command: ['bash', '-c', 'echo "hello"']
[2022-08-23 11:30:28,641] {subprocess.py:85} INFO - Output:
[2022-08-23 11:30:28,644] {subprocess.py:92} INFO - hello
[2022-08-23 11:30:28,645] {subprocess.py:96} INFO - Command exited with return code 0
[2022-08-23 11:30:28,697] {taskinstance.py:1420} INFO - Marking task as SUCCESS. dag_id=raizen_lab_01, task_id=print_hello, execution_date=20210925T040000, start_date=20220823T113028, end_date=20220823T113028
[2022-08-23 11:30:28,764] {local_task_job.py:156} INFO - Task exited with return code 0
[2022-08-23 11:30:29,034] {local_task_job.py:273} INFO - 0 downstream tasks scheduled from follow-on schedule check
