[2022-08-23 11:27:51,531] {taskinstance.py:1179} INFO - Dependencies all met for <TaskInstance: raizen_lab_01.sleep manual__2022-08-23T11:27:47.703180+00:00 [queued]>
[2022-08-23 11:27:51,558] {taskinstance.py:1179} INFO - Dependencies all met for <TaskInstance: raizen_lab_01.sleep manual__2022-08-23T11:27:47.703180+00:00 [queued]>
[2022-08-23 11:27:51,558] {taskinstance.py:1376} INFO - 
--------------------------------------------------------------------------------
[2022-08-23 11:27:51,559] {taskinstance.py:1377} INFO - Starting attempt 1 of 2
[2022-08-23 11:27:51,560] {taskinstance.py:1378} INFO - 
--------------------------------------------------------------------------------
[2022-08-23 11:27:51,592] {taskinstance.py:1397} INFO - Executing <Task(BashOperator): sleep> on 2022-08-23 11:27:47.703180+00:00
[2022-08-23 11:27:51,600] {standard_task_runner.py:52} INFO - Started process 157 to run task
[2022-08-23 11:27:51,606] {standard_task_runner.py:79} INFO - Running: ['***', 'tasks', 'run', 'raizen_lab_01', 'sleep', 'manual__2022-08-23T11:27:47.703180+00:00', '--job-id', '86', '--raw', '--subdir', 'DAGS_FOLDER/raizen_lab_01.py', '--cfg-path', '/tmp/tmp00avd2j7', '--error-file', '/tmp/tmpsoauyo38']
[2022-08-23 11:27:51,608] {standard_task_runner.py:80} INFO - Job 86: Subtask sleep
[2022-08-23 11:27:51,741] {task_command.py:371} INFO - Running <TaskInstance: raizen_lab_01.sleep manual__2022-08-23T11:27:47.703180+00:00 [running]> on host 7f48b7aaf0fc
[2022-08-23 11:27:51,937] {taskinstance.py:1591} INFO - Exporting the following env vars:
AIRFLOW_CTX_DAG_OWNER=admin
AIRFLOW_CTX_DAG_ID=raizen_lab_01
AIRFLOW_CTX_TASK_ID=sleep
AIRFLOW_CTX_EXECUTION_DATE=2022-08-23T11:27:47.703180+00:00
AIRFLOW_CTX_TRY_NUMBER=1
AIRFLOW_CTX_DAG_RUN_ID=manual__2022-08-23T11:27:47.703180+00:00
[2022-08-23 11:27:51,940] {subprocess.py:62} INFO - Tmp dir root location: 
 /tmp
[2022-08-23 11:27:51,941] {subprocess.py:74} INFO - Running command: ['bash', '-c', 'sleep 5']
[2022-08-23 11:27:51,964] {subprocess.py:85} INFO - Output:
[2022-08-23 11:27:57,037] {subprocess.py:96} INFO - Command exited with return code 0
[2022-08-23 11:27:57,150] {taskinstance.py:1420} INFO - Marking task as SUCCESS. dag_id=raizen_lab_01, task_id=sleep, execution_date=20220823T112747, start_date=20220823T112751, end_date=20220823T112757
[2022-08-23 11:27:57,189] {local_task_job.py:156} INFO - Task exited with return code 0
[2022-08-23 11:27:57,246] {local_task_job.py:273} INFO - 1 downstream tasks scheduled from follow-on schedule check
