[2022-08-23 12:26:39,867] {taskinstance.py:1179} INFO - Dependencies all met for <TaskInstance: raizen_lab_01.sleep scheduled__2021-11-24T13:00:00+00:00 [queued]>
[2022-08-23 12:26:39,884] {taskinstance.py:1179} INFO - Dependencies all met for <TaskInstance: raizen_lab_01.sleep scheduled__2021-11-24T13:00:00+00:00 [queued]>
[2022-08-23 12:26:39,884] {taskinstance.py:1376} INFO - 
--------------------------------------------------------------------------------
[2022-08-23 12:26:39,885] {taskinstance.py:1377} INFO - Starting attempt 1 of 2
[2022-08-23 12:26:39,886] {taskinstance.py:1378} INFO - 
--------------------------------------------------------------------------------
[2022-08-23 12:26:39,909] {taskinstance.py:1397} INFO - Executing <Task(BashOperator): sleep> on 2021-11-24 13:00:00+00:00
[2022-08-23 12:26:39,918] {standard_task_runner.py:52} INFO - Started process 5349 to run task
[2022-08-23 12:26:39,922] {standard_task_runner.py:79} INFO - Running: ['***', 'tasks', 'run', 'raizen_lab_01', 'sleep', 'scheduled__2021-11-24T13:00:00+00:00', '--job-id', '4904', '--raw', '--subdir', 'DAGS_FOLDER/raizen_lab_01.py', '--cfg-path', '/tmp/tmpism0c8yy', '--error-file', '/tmp/tmpjbd1ybbf']
[2022-08-23 12:26:39,924] {standard_task_runner.py:80} INFO - Job 4904: Subtask sleep
[2022-08-23 12:26:40,035] {task_command.py:371} INFO - Running <TaskInstance: raizen_lab_01.sleep scheduled__2021-11-24T13:00:00+00:00 [running]> on host 6383a3236c72
[2022-08-23 12:26:40,152] {taskinstance.py:1591} INFO - Exporting the following env vars:
AIRFLOW_CTX_DAG_OWNER=admin
AIRFLOW_CTX_DAG_ID=raizen_lab_01
AIRFLOW_CTX_TASK_ID=sleep
AIRFLOW_CTX_EXECUTION_DATE=2021-11-24T13:00:00+00:00
AIRFLOW_CTX_TRY_NUMBER=1
AIRFLOW_CTX_DAG_RUN_ID=scheduled__2021-11-24T13:00:00+00:00
[2022-08-23 12:26:40,154] {subprocess.py:62} INFO - Tmp dir root location: 
 /tmp
[2022-08-23 12:26:40,155] {subprocess.py:74} INFO - Running command: ['bash', '-c', 'sleep 5']
[2022-08-23 12:26:40,171] {subprocess.py:85} INFO - Output:
[2022-08-23 12:26:45,175] {subprocess.py:96} INFO - Command exited with return code 0
[2022-08-23 12:26:45,200] {taskinstance.py:1420} INFO - Marking task as SUCCESS. dag_id=raizen_lab_01, task_id=sleep, execution_date=20211124T130000, start_date=20220823T122639, end_date=20220823T122645
[2022-08-23 12:26:45,230] {local_task_job.py:156} INFO - Task exited with return code 0
[2022-08-23 12:26:45,254] {local_task_job.py:273} INFO - 1 downstream tasks scheduled from follow-on schedule check
