[2022-08-23 11:59:39,065] {taskinstance.py:1179} INFO - Dependencies all met for <TaskInstance: raizen_lab_01.sleep scheduled__2021-10-23T19:00:00+00:00 [queued]>
[2022-08-23 11:59:39,100] {taskinstance.py:1179} INFO - Dependencies all met for <TaskInstance: raizen_lab_01.sleep scheduled__2021-10-23T19:00:00+00:00 [queued]>
[2022-08-23 11:59:39,101] {taskinstance.py:1376} INFO - 
--------------------------------------------------------------------------------
[2022-08-23 11:59:39,102] {taskinstance.py:1377} INFO - Starting attempt 1 of 2
[2022-08-23 11:59:39,103] {taskinstance.py:1378} INFO - 
--------------------------------------------------------------------------------
[2022-08-23 11:59:39,140] {taskinstance.py:1397} INFO - Executing <Task(BashOperator): sleep> on 2021-10-23 19:00:00+00:00
[2022-08-23 11:59:39,150] {standard_task_runner.py:52} INFO - Started process 692 to run task
[2022-08-23 11:59:39,156] {standard_task_runner.py:79} INFO - Running: ['***', 'tasks', 'run', 'raizen_lab_01', 'sleep', 'scheduled__2021-10-23T19:00:00+00:00', '--job-id', '2600', '--raw', '--subdir', 'DAGS_FOLDER/raizen_lab_01.py', '--cfg-path', '/tmp/tmpio18bh3j', '--error-file', '/tmp/tmpwhsgib6z']
[2022-08-23 11:59:39,158] {standard_task_runner.py:80} INFO - Job 2600: Subtask sleep
[2022-08-23 11:59:39,289] {task_command.py:371} INFO - Running <TaskInstance: raizen_lab_01.sleep scheduled__2021-10-23T19:00:00+00:00 [running]> on host 9f4b06248101
[2022-08-23 11:59:39,466] {taskinstance.py:1591} INFO - Exporting the following env vars:
AIRFLOW_CTX_DAG_OWNER=admin
AIRFLOW_CTX_DAG_ID=raizen_lab_01
AIRFLOW_CTX_TASK_ID=sleep
AIRFLOW_CTX_EXECUTION_DATE=2021-10-23T19:00:00+00:00
AIRFLOW_CTX_TRY_NUMBER=1
AIRFLOW_CTX_DAG_RUN_ID=scheduled__2021-10-23T19:00:00+00:00
[2022-08-23 11:59:39,471] {subprocess.py:62} INFO - Tmp dir root location: 
 /tmp
[2022-08-23 11:59:39,472] {subprocess.py:74} INFO - Running command: ['bash', '-c', 'sleep 5']
[2022-08-23 11:59:39,495] {subprocess.py:85} INFO - Output:
[2022-08-23 11:59:44,505] {subprocess.py:96} INFO - Command exited with return code 0
[2022-08-23 11:59:44,572] {taskinstance.py:1420} INFO - Marking task as SUCCESS. dag_id=raizen_lab_01, task_id=sleep, execution_date=20211023T190000, start_date=20220823T115939, end_date=20220823T115944
[2022-08-23 11:59:44,625] {local_task_job.py:156} INFO - Task exited with return code 0
[2022-08-23 11:59:44,687] {local_task_job.py:273} INFO - 1 downstream tasks scheduled from follow-on schedule check
