[2022-08-23 11:38:27,293] {taskinstance.py:1179} INFO - Dependencies all met for <TaskInstance: raizen_lab_01.sleep scheduled__2021-10-12T11:00:00+00:00 [queued]>
[2022-08-23 11:38:27,310] {taskinstance.py:1179} INFO - Dependencies all met for <TaskInstance: raizen_lab_01.sleep scheduled__2021-10-12T11:00:00+00:00 [queued]>
[2022-08-23 11:38:27,311] {taskinstance.py:1376} INFO - 
--------------------------------------------------------------------------------
[2022-08-23 11:38:27,311] {taskinstance.py:1377} INFO - Starting attempt 1 of 2
[2022-08-23 11:38:27,312] {taskinstance.py:1378} INFO - 
--------------------------------------------------------------------------------
[2022-08-23 11:38:27,344] {taskinstance.py:1397} INFO - Executing <Task(BashOperator): sleep> on 2021-10-12 11:00:00+00:00
[2022-08-23 11:38:27,354] {standard_task_runner.py:52} INFO - Started process 934 to run task
[2022-08-23 11:38:27,359] {standard_task_runner.py:79} INFO - Running: ['***', 'tasks', 'run', 'raizen_lab_01', 'sleep', 'scheduled__2021-10-12T11:00:00+00:00', '--job-id', '1772', '--raw', '--subdir', 'DAGS_FOLDER/raizen_lab_01.py', '--cfg-path', '/tmp/tmpeholwsf_', '--error-file', '/tmp/tmpf8h2zivo']
[2022-08-23 11:38:27,361] {standard_task_runner.py:80} INFO - Job 1772: Subtask sleep
[2022-08-23 11:38:27,495] {task_command.py:371} INFO - Running <TaskInstance: raizen_lab_01.sleep scheduled__2021-10-12T11:00:00+00:00 [running]> on host 7f48b7aaf0fc
[2022-08-23 11:38:27,624] {taskinstance.py:1591} INFO - Exporting the following env vars:
AIRFLOW_CTX_DAG_OWNER=admin
AIRFLOW_CTX_DAG_ID=raizen_lab_01
AIRFLOW_CTX_TASK_ID=sleep
AIRFLOW_CTX_EXECUTION_DATE=2021-10-12T11:00:00+00:00
AIRFLOW_CTX_TRY_NUMBER=1
AIRFLOW_CTX_DAG_RUN_ID=scheduled__2021-10-12T11:00:00+00:00
[2022-08-23 11:38:27,626] {subprocess.py:62} INFO - Tmp dir root location: 
 /tmp
[2022-08-23 11:38:27,628] {subprocess.py:74} INFO - Running command: ['bash', '-c', 'sleep 5']
[2022-08-23 11:38:27,647] {subprocess.py:85} INFO - Output:
[2022-08-23 11:38:32,653] {subprocess.py:96} INFO - Command exited with return code 0
[2022-08-23 11:38:32,708] {taskinstance.py:1420} INFO - Marking task as SUCCESS. dag_id=raizen_lab_01, task_id=sleep, execution_date=20211012T110000, start_date=20220823T113827, end_date=20220823T113832
[2022-08-23 11:38:32,737] {local_task_job.py:156} INFO - Task exited with return code 0
[2022-08-23 11:38:32,794] {local_task_job.py:273} INFO - 1 downstream tasks scheduled from follow-on schedule check
