[2022-08-23 12:23:15,167] {taskinstance.py:1179} INFO - Dependencies all met for <TaskInstance: raizen_lab_01.print_hello scheduled__2021-11-15T23:00:00+00:00 [queued]>
[2022-08-23 12:23:15,176] {taskinstance.py:1179} INFO - Dependencies all met for <TaskInstance: raizen_lab_01.print_hello scheduled__2021-11-15T23:00:00+00:00 [queued]>
[2022-08-23 12:23:15,177] {taskinstance.py:1376} INFO - 
--------------------------------------------------------------------------------
[2022-08-23 12:23:15,177] {taskinstance.py:1377} INFO - Starting attempt 1 of 2
[2022-08-23 12:23:15,178] {taskinstance.py:1378} INFO - 
--------------------------------------------------------------------------------
[2022-08-23 12:23:15,193] {taskinstance.py:1397} INFO - Executing <Task(BashOperator): print_hello> on 2021-11-15 23:00:00+00:00
[2022-08-23 12:23:15,199] {standard_task_runner.py:52} INFO - Started process 2874 to run task
[2022-08-23 12:23:15,203] {standard_task_runner.py:79} INFO - Running: ['***', 'tasks', 'run', 'raizen_lab_01', 'print_hello', 'scheduled__2021-11-15T23:00:00+00:00', '--job-id', '4273', '--raw', '--subdir', 'DAGS_FOLDER/raizen_lab_01.py', '--cfg-path', '/tmp/tmpfipy6_pw', '--error-file', '/tmp/tmpv1k4it5k']
[2022-08-23 12:23:15,205] {standard_task_runner.py:80} INFO - Job 4273: Subtask print_hello
[2022-08-23 12:23:15,282] {task_command.py:371} INFO - Running <TaskInstance: raizen_lab_01.print_hello scheduled__2021-11-15T23:00:00+00:00 [running]> on host 6383a3236c72
[2022-08-23 12:23:15,372] {taskinstance.py:1591} INFO - Exporting the following env vars:
AIRFLOW_CTX_DAG_OWNER=admin
AIRFLOW_CTX_DAG_ID=raizen_lab_01
AIRFLOW_CTX_TASK_ID=print_hello
AIRFLOW_CTX_EXECUTION_DATE=2021-11-15T23:00:00+00:00
AIRFLOW_CTX_TRY_NUMBER=1
AIRFLOW_CTX_DAG_RUN_ID=scheduled__2021-11-15T23:00:00+00:00
[2022-08-23 12:23:15,373] {subprocess.py:62} INFO - Tmp dir root location: 
 /tmp
[2022-08-23 12:23:15,374] {subprocess.py:74} INFO - Running command: ['bash', '-c', 'echo "hello"']
[2022-08-23 12:23:15,387] {subprocess.py:85} INFO - Output:
[2022-08-23 12:23:15,389] {subprocess.py:92} INFO - hello
[2022-08-23 12:23:15,389] {subprocess.py:96} INFO - Command exited with return code 0
[2022-08-23 12:23:15,424] {taskinstance.py:1420} INFO - Marking task as SUCCESS. dag_id=raizen_lab_01, task_id=print_hello, execution_date=20211115T230000, start_date=20220823T122315, end_date=20220823T122315
[2022-08-23 12:23:15,455] {local_task_job.py:156} INFO - Task exited with return code 0
[2022-08-23 12:23:15,572] {local_task_job.py:273} INFO - 0 downstream tasks scheduled from follow-on schedule check
