[2022-08-23 12:07:27,282] {taskinstance.py:1179} INFO - Dependencies all met for <TaskInstance: raizen_lab_01.sleep scheduled__2021-10-29T15:00:00+00:00 [queued]>
[2022-08-23 12:07:27,299] {taskinstance.py:1179} INFO - Dependencies all met for <TaskInstance: raizen_lab_01.sleep scheduled__2021-10-29T15:00:00+00:00 [queued]>
[2022-08-23 12:07:27,300] {taskinstance.py:1376} INFO - 
--------------------------------------------------------------------------------
[2022-08-23 12:07:27,300] {taskinstance.py:1377} INFO - Starting attempt 1 of 2
[2022-08-23 12:07:27,302] {taskinstance.py:1378} INFO - 
--------------------------------------------------------------------------------
[2022-08-23 12:07:27,339] {taskinstance.py:1397} INFO - Executing <Task(BashOperator): sleep> on 2021-10-29 15:00:00+00:00
[2022-08-23 12:07:27,347] {standard_task_runner.py:52} INFO - Started process 1226 to run task
[2022-08-23 12:07:27,352] {standard_task_runner.py:79} INFO - Running: ['***', 'tasks', 'run', 'raizen_lab_01', 'sleep', 'scheduled__2021-10-29T15:00:00+00:00', '--job-id', '3027', '--raw', '--subdir', 'DAGS_FOLDER/raizen_lab_01.py', '--cfg-path', '/tmp/tmpjj3v6v4i', '--error-file', '/tmp/tmpm64olj46']
[2022-08-23 12:07:27,353] {standard_task_runner.py:80} INFO - Job 3027: Subtask sleep
[2022-08-23 12:07:27,438] {task_command.py:371} INFO - Running <TaskInstance: raizen_lab_01.sleep scheduled__2021-10-29T15:00:00+00:00 [running]> on host 67b6bdae536e
[2022-08-23 12:07:27,577] {taskinstance.py:1591} INFO - Exporting the following env vars:
AIRFLOW_CTX_DAG_OWNER=admin
AIRFLOW_CTX_DAG_ID=raizen_lab_01
AIRFLOW_CTX_TASK_ID=sleep
AIRFLOW_CTX_EXECUTION_DATE=2021-10-29T15:00:00+00:00
AIRFLOW_CTX_TRY_NUMBER=1
AIRFLOW_CTX_DAG_RUN_ID=scheduled__2021-10-29T15:00:00+00:00
[2022-08-23 12:07:27,579] {subprocess.py:62} INFO - Tmp dir root location: 
 /tmp
[2022-08-23 12:07:27,581] {subprocess.py:74} INFO - Running command: ['bash', '-c', 'sleep 5']
[2022-08-23 12:07:27,598] {subprocess.py:85} INFO - Output:
[2022-08-23 12:07:32,601] {subprocess.py:96} INFO - Command exited with return code 0
[2022-08-23 12:07:32,629] {taskinstance.py:1420} INFO - Marking task as SUCCESS. dag_id=raizen_lab_01, task_id=sleep, execution_date=20211029T150000, start_date=20220823T120727, end_date=20220823T120732
[2022-08-23 12:07:32,663] {local_task_job.py:156} INFO - Task exited with return code 0
[2022-08-23 12:07:32,690] {local_task_job.py:273} INFO - 1 downstream tasks scheduled from follow-on schedule check
