[2022-08-23 12:35:23,567] {taskinstance.py:1179} INFO - Dependencies all met for <TaskInstance: raizen_lab_01.print_hello scheduled__2021-12-18T08:00:00+00:00 [queued]>
[2022-08-23 12:35:23,577] {taskinstance.py:1179} INFO - Dependencies all met for <TaskInstance: raizen_lab_01.print_hello scheduled__2021-12-18T08:00:00+00:00 [queued]>
[2022-08-23 12:35:23,578] {taskinstance.py:1376} INFO - 
--------------------------------------------------------------------------------
[2022-08-23 12:35:23,578] {taskinstance.py:1377} INFO - Starting attempt 1 of 2
[2022-08-23 12:35:23,579] {taskinstance.py:1378} INFO - 
--------------------------------------------------------------------------------
[2022-08-23 12:35:23,596] {taskinstance.py:1397} INFO - Executing <Task(BashOperator): print_hello> on 2021-12-18 08:00:00+00:00
[2022-08-23 12:35:23,604] {standard_task_runner.py:52} INFO - Started process 11957 to run task
[2022-08-23 12:35:23,607] {standard_task_runner.py:79} INFO - Running: ['***', 'tasks', 'run', 'raizen_lab_01', 'print_hello', 'scheduled__2021-12-18T08:00:00+00:00', '--job-id', '6594', '--raw', '--subdir', 'DAGS_FOLDER/raizen_lab_01.py', '--cfg-path', '/tmp/tmp2agbdk9p', '--error-file', '/tmp/tmpqr2yzmeg']
[2022-08-23 12:35:23,609] {standard_task_runner.py:80} INFO - Job 6594: Subtask print_hello
[2022-08-23 12:35:23,770] {task_command.py:371} INFO - Running <TaskInstance: raizen_lab_01.print_hello scheduled__2021-12-18T08:00:00+00:00 [running]> on host 6383a3236c72
[2022-08-23 12:35:23,860] {taskinstance.py:1591} INFO - Exporting the following env vars:
AIRFLOW_CTX_DAG_OWNER=admin
AIRFLOW_CTX_DAG_ID=raizen_lab_01
AIRFLOW_CTX_TASK_ID=print_hello
AIRFLOW_CTX_EXECUTION_DATE=2021-12-18T08:00:00+00:00
AIRFLOW_CTX_TRY_NUMBER=1
AIRFLOW_CTX_DAG_RUN_ID=scheduled__2021-12-18T08:00:00+00:00
[2022-08-23 12:35:23,862] {subprocess.py:62} INFO - Tmp dir root location: 
 /tmp
[2022-08-23 12:35:23,863] {subprocess.py:74} INFO - Running command: ['bash', '-c', 'echo "hello"']
[2022-08-23 12:35:23,881] {subprocess.py:85} INFO - Output:
[2022-08-23 12:35:23,882] {subprocess.py:92} INFO - hello
[2022-08-23 12:35:23,883] {subprocess.py:96} INFO - Command exited with return code 0
[2022-08-23 12:35:24,021] {taskinstance.py:1420} INFO - Marking task as SUCCESS. dag_id=raizen_lab_01, task_id=print_hello, execution_date=20211218T080000, start_date=20220823T123523, end_date=20220823T123524
[2022-08-23 12:35:24,060] {local_task_job.py:156} INFO - Task exited with return code 0
[2022-08-23 12:35:24,103] {local_task_job.py:273} INFO - 1 downstream tasks scheduled from follow-on schedule check
