[2022-08-23 11:29:38,457] {taskinstance.py:1179} INFO - Dependencies all met for <TaskInstance: raizen_lab_01.sleep scheduled__2021-09-23T04:00:00+00:00 [queued]>
[2022-08-23 11:29:38,485] {taskinstance.py:1179} INFO - Dependencies all met for <TaskInstance: raizen_lab_01.sleep scheduled__2021-09-23T04:00:00+00:00 [queued]>
[2022-08-23 11:29:38,487] {taskinstance.py:1376} INFO - 
--------------------------------------------------------------------------------
[2022-08-23 11:29:38,488] {taskinstance.py:1377} INFO - Starting attempt 1 of 2
[2022-08-23 11:29:38,489] {taskinstance.py:1378} INFO - 
--------------------------------------------------------------------------------
[2022-08-23 11:29:38,523] {taskinstance.py:1397} INFO - Executing <Task(BashOperator): sleep> on 2021-09-23 04:00:00+00:00
[2022-08-23 11:29:38,536] {standard_task_runner.py:52} INFO - Started process 1013 to run task
[2022-08-23 11:29:38,544] {standard_task_runner.py:79} INFO - Running: ['***', 'tasks', 'run', 'raizen_lab_01', 'sleep', 'scheduled__2021-09-23T04:00:00+00:00', '--job-id', '378', '--raw', '--subdir', 'DAGS_FOLDER/raizen_lab_01.py', '--cfg-path', '/tmp/tmp1yrlholo', '--error-file', '/tmp/tmpx41p9iid']
[2022-08-23 11:29:38,545] {standard_task_runner.py:80} INFO - Job 378: Subtask sleep
[2022-08-23 11:29:38,774] {task_command.py:371} INFO - Running <TaskInstance: raizen_lab_01.sleep scheduled__2021-09-23T04:00:00+00:00 [running]> on host 7f48b7aaf0fc
[2022-08-23 11:29:38,960] {taskinstance.py:1591} INFO - Exporting the following env vars:
AIRFLOW_CTX_DAG_OWNER=admin
AIRFLOW_CTX_DAG_ID=raizen_lab_01
AIRFLOW_CTX_TASK_ID=sleep
AIRFLOW_CTX_EXECUTION_DATE=2021-09-23T04:00:00+00:00
AIRFLOW_CTX_TRY_NUMBER=1
AIRFLOW_CTX_DAG_RUN_ID=scheduled__2021-09-23T04:00:00+00:00
[2022-08-23 11:29:38,963] {subprocess.py:62} INFO - Tmp dir root location: 
 /tmp
[2022-08-23 11:29:38,965] {subprocess.py:74} INFO - Running command: ['bash', '-c', 'sleep 5']
[2022-08-23 11:29:38,989] {subprocess.py:85} INFO - Output:
[2022-08-23 11:29:43,994] {subprocess.py:96} INFO - Command exited with return code 0
[2022-08-23 11:29:44,084] {taskinstance.py:1420} INFO - Marking task as SUCCESS. dag_id=raizen_lab_01, task_id=sleep, execution_date=20210923T040000, start_date=20220823T112938, end_date=20220823T112944
[2022-08-23 11:29:44,128] {local_task_job.py:156} INFO - Task exited with return code 0
[2022-08-23 11:29:44,198] {local_task_job.py:273} INFO - 1 downstream tasks scheduled from follow-on schedule check
