[2022-08-23 11:59:26,250] {taskinstance.py:1179} INFO - Dependencies all met for <TaskInstance: raizen_lab_01.sleep scheduled__2021-10-23T12:00:00+00:00 [queued]>
[2022-08-23 11:59:26,265] {taskinstance.py:1179} INFO - Dependencies all met for <TaskInstance: raizen_lab_01.sleep scheduled__2021-10-23T12:00:00+00:00 [queued]>
[2022-08-23 11:59:26,266] {taskinstance.py:1376} INFO - 
--------------------------------------------------------------------------------
[2022-08-23 11:59:26,266] {taskinstance.py:1377} INFO - Starting attempt 1 of 2
[2022-08-23 11:59:26,270] {taskinstance.py:1378} INFO - 
--------------------------------------------------------------------------------
[2022-08-23 11:59:26,295] {taskinstance.py:1397} INFO - Executing <Task(BashOperator): sleep> on 2021-10-23 12:00:00+00:00
[2022-08-23 11:59:26,303] {standard_task_runner.py:52} INFO - Started process 607 to run task
[2022-08-23 11:59:26,308] {standard_task_runner.py:79} INFO - Running: ['***', 'tasks', 'run', 'raizen_lab_01', 'sleep', 'scheduled__2021-10-23T12:00:00+00:00', '--job-id', '2571', '--raw', '--subdir', 'DAGS_FOLDER/raizen_lab_01.py', '--cfg-path', '/tmp/tmpmjfv8a1j', '--error-file', '/tmp/tmpzkjsfnmf']
[2022-08-23 11:59:26,309] {standard_task_runner.py:80} INFO - Job 2571: Subtask sleep
[2022-08-23 11:59:26,420] {task_command.py:371} INFO - Running <TaskInstance: raizen_lab_01.sleep scheduled__2021-10-23T12:00:00+00:00 [running]> on host 9f4b06248101
[2022-08-23 11:59:26,530] {taskinstance.py:1591} INFO - Exporting the following env vars:
AIRFLOW_CTX_DAG_OWNER=admin
AIRFLOW_CTX_DAG_ID=raizen_lab_01
AIRFLOW_CTX_TASK_ID=sleep
AIRFLOW_CTX_EXECUTION_DATE=2021-10-23T12:00:00+00:00
AIRFLOW_CTX_TRY_NUMBER=1
AIRFLOW_CTX_DAG_RUN_ID=scheduled__2021-10-23T12:00:00+00:00
[2022-08-23 11:59:26,534] {subprocess.py:62} INFO - Tmp dir root location: 
 /tmp
[2022-08-23 11:59:26,536] {subprocess.py:74} INFO - Running command: ['bash', '-c', 'sleep 5']
[2022-08-23 11:59:26,550] {subprocess.py:85} INFO - Output:
[2022-08-23 11:59:31,553] {subprocess.py:96} INFO - Command exited with return code 0
[2022-08-23 11:59:31,614] {taskinstance.py:1420} INFO - Marking task as SUCCESS. dag_id=raizen_lab_01, task_id=sleep, execution_date=20211023T120000, start_date=20220823T115926, end_date=20220823T115931
[2022-08-23 11:59:31,681] {local_task_job.py:156} INFO - Task exited with return code 0
[2022-08-23 11:59:31,772] {local_task_job.py:273} INFO - 1 downstream tasks scheduled from follow-on schedule check
