[2022-08-23 14:27:45,560] {taskinstance.py:1179} INFO - Dependencies all met for <TaskInstance: raizen_lab_01.create_pet_table scheduled__2022-01-03T02:00:00+00:00 [queued]>
[2022-08-23 14:27:45,571] {taskinstance.py:1179} INFO - Dependencies all met for <TaskInstance: raizen_lab_01.create_pet_table scheduled__2022-01-03T02:00:00+00:00 [queued]>
[2022-08-23 14:27:45,571] {taskinstance.py:1376} INFO - 
--------------------------------------------------------------------------------
[2022-08-23 14:27:45,572] {taskinstance.py:1377} INFO - Starting attempt 2 of 2
[2022-08-23 14:27:45,572] {taskinstance.py:1378} INFO - 
--------------------------------------------------------------------------------
[2022-08-23 14:27:45,585] {taskinstance.py:1397} INFO - Executing <Task(PostgresOperator): create_pet_table> on 2022-01-03 02:00:00+00:00
[2022-08-23 14:27:45,591] {standard_task_runner.py:52} INFO - Started process 97 to run task
[2022-08-23 14:27:45,594] {standard_task_runner.py:79} INFO - Running: ['***', 'tasks', 'run', 'raizen_lab_01', 'create_pet_table', 'scheduled__2022-01-03T02:00:00+00:00', '--job-id', '7900', '--raw', '--subdir', 'DAGS_FOLDER/raizen_lab_01.py', '--cfg-path', '/tmp/tmp9pv212e4', '--error-file', '/tmp/tmpl8snv4os']
[2022-08-23 14:27:45,596] {standard_task_runner.py:80} INFO - Job 7900: Subtask create_pet_table
[2022-08-23 14:27:45,668] {task_command.py:371} INFO - Running <TaskInstance: raizen_lab_01.create_pet_table scheduled__2022-01-03T02:00:00+00:00 [running]> on host 8a76026b9f9c
[2022-08-23 14:27:45,738] {taskinstance.py:1591} INFO - Exporting the following env vars:
AIRFLOW_CTX_DAG_OWNER=admin
AIRFLOW_CTX_DAG_ID=raizen_lab_01
AIRFLOW_CTX_TASK_ID=create_pet_table
AIRFLOW_CTX_EXECUTION_DATE=2022-01-03T02:00:00+00:00
AIRFLOW_CTX_TRY_NUMBER=2
AIRFLOW_CTX_DAG_RUN_ID=scheduled__2022-01-03T02:00:00+00:00
[2022-08-23 14:27:45,757] {taskinstance.py:1909} ERROR - Task failed with exception
Traceback (most recent call last):
  File "/home/airflow/.local/lib/python3.7/site-packages/airflow/providers/postgres/operators/postgres.py", line 92, in execute
    self.hook.run(self.sql, self.autocommit, parameters=self.parameters)
  File "/home/airflow/.local/lib/python3.7/site-packages/airflow/hooks/dbapi.py", line 204, in run
    with closing(self.get_conn()) as conn:
  File "/home/airflow/.local/lib/python3.7/site-packages/airflow/providers/postgres/hooks/postgres.py", line 86, in get_conn
    conn = deepcopy(self.connection or self.get_connection(conn_id))
  File "/home/airflow/.local/lib/python3.7/site-packages/airflow/hooks/base.py", line 67, in get_connection
    conn = Connection.get_connection_from_secrets(conn_id)
  File "/home/airflow/.local/lib/python3.7/site-packages/airflow/models/connection.py", line 430, in get_connection_from_secrets
    raise AirflowNotFoundException(f"The conn_id `{conn_id}` isn't defined")
airflow.exceptions.AirflowNotFoundException: The conn_id `postgres_default` isn't defined
[2022-08-23 14:27:45,761] {taskinstance.py:1420} INFO - Marking task as FAILED. dag_id=raizen_lab_01, task_id=create_pet_table, execution_date=20220103T020000, start_date=20220823T142745, end_date=20220823T142745
[2022-08-23 14:27:45,776] {standard_task_runner.py:97} ERROR - Failed to execute job 7900 for task create_pet_table (The conn_id `postgres_default` isn't defined; 97)
[2022-08-23 14:27:45,805] {local_task_job.py:156} INFO - Task exited with return code 1
[2022-08-23 14:27:45,832] {local_task_job.py:273} INFO - 0 downstream tasks scheduled from follow-on schedule check
