[2022-08-23 12:24:13,543] {taskinstance.py:1179} INFO - Dependencies all met for <TaskInstance: raizen_lab_01.sleep scheduled__2021-11-18T12:00:00+00:00 [queued]>
[2022-08-23 12:24:13,550] {taskinstance.py:1179} INFO - Dependencies all met for <TaskInstance: raizen_lab_01.sleep scheduled__2021-11-18T12:00:00+00:00 [queued]>
[2022-08-23 12:24:13,551] {taskinstance.py:1376} INFO - 
--------------------------------------------------------------------------------
[2022-08-23 12:24:13,551] {taskinstance.py:1377} INFO - Starting attempt 1 of 2
[2022-08-23 12:24:13,551] {taskinstance.py:1378} INFO - 
--------------------------------------------------------------------------------
[2022-08-23 12:24:13,563] {taskinstance.py:1397} INFO - Executing <Task(BashOperator): sleep> on 2021-11-18 12:00:00+00:00
[2022-08-23 12:24:13,569] {standard_task_runner.py:52} INFO - Started process 3604 to run task
[2022-08-23 12:24:13,572] {standard_task_runner.py:79} INFO - Running: ['***', 'tasks', 'run', 'raizen_lab_01', 'sleep', 'scheduled__2021-11-18T12:00:00+00:00', '--job-id', '4462', '--raw', '--subdir', 'DAGS_FOLDER/raizen_lab_01.py', '--cfg-path', '/tmp/tmpwcpd5j6d', '--error-file', '/tmp/tmpmwn_dzbs']
[2022-08-23 12:24:13,573] {standard_task_runner.py:80} INFO - Job 4462: Subtask sleep
[2022-08-23 12:24:13,631] {task_command.py:371} INFO - Running <TaskInstance: raizen_lab_01.sleep scheduled__2021-11-18T12:00:00+00:00 [running]> on host 6383a3236c72
[2022-08-23 12:24:13,695] {taskinstance.py:1591} INFO - Exporting the following env vars:
AIRFLOW_CTX_DAG_OWNER=admin
AIRFLOW_CTX_DAG_ID=raizen_lab_01
AIRFLOW_CTX_TASK_ID=sleep
AIRFLOW_CTX_EXECUTION_DATE=2021-11-18T12:00:00+00:00
AIRFLOW_CTX_TRY_NUMBER=1
AIRFLOW_CTX_DAG_RUN_ID=scheduled__2021-11-18T12:00:00+00:00
[2022-08-23 12:24:13,697] {subprocess.py:62} INFO - Tmp dir root location: 
 /tmp
[2022-08-23 12:24:13,698] {subprocess.py:74} INFO - Running command: ['bash', '-c', 'sleep 5']
[2022-08-23 12:24:13,711] {subprocess.py:85} INFO - Output:
[2022-08-23 12:24:18,714] {subprocess.py:96} INFO - Command exited with return code 0
[2022-08-23 12:24:18,824] {taskinstance.py:1420} INFO - Marking task as SUCCESS. dag_id=raizen_lab_01, task_id=sleep, execution_date=20211118T120000, start_date=20220823T122413, end_date=20220823T122418
[2022-08-23 12:24:18,888] {local_task_job.py:156} INFO - Task exited with return code 0
[2022-08-23 12:24:19,007] {local_task_job.py:273} INFO - 0 downstream tasks scheduled from follow-on schedule check
