[2022-08-23 12:27:47,312] {taskinstance.py:1179} INFO - Dependencies all met for <TaskInstance: raizen_lab_01.sleep scheduled__2021-11-27T19:00:00+00:00 [queued]>
[2022-08-23 12:27:47,321] {taskinstance.py:1179} INFO - Dependencies all met for <TaskInstance: raizen_lab_01.sleep scheduled__2021-11-27T19:00:00+00:00 [queued]>
[2022-08-23 12:27:47,321] {taskinstance.py:1376} INFO - 
--------------------------------------------------------------------------------
[2022-08-23 12:27:47,321] {taskinstance.py:1377} INFO - Starting attempt 1 of 2
[2022-08-23 12:27:47,324] {taskinstance.py:1378} INFO - 
--------------------------------------------------------------------------------
[2022-08-23 12:27:47,338] {taskinstance.py:1397} INFO - Executing <Task(BashOperator): sleep> on 2021-11-27 19:00:00+00:00
[2022-08-23 12:27:47,343] {standard_task_runner.py:52} INFO - Started process 6182 to run task
[2022-08-23 12:27:47,346] {standard_task_runner.py:79} INFO - Running: ['***', 'tasks', 'run', 'raizen_lab_01', 'sleep', 'scheduled__2021-11-27T19:00:00+00:00', '--job-id', '5115', '--raw', '--subdir', 'DAGS_FOLDER/raizen_lab_01.py', '--cfg-path', '/tmp/tmprk4qndue', '--error-file', '/tmp/tmp8fwd84_9']
[2022-08-23 12:27:47,348] {standard_task_runner.py:80} INFO - Job 5115: Subtask sleep
[2022-08-23 12:27:47,409] {task_command.py:371} INFO - Running <TaskInstance: raizen_lab_01.sleep scheduled__2021-11-27T19:00:00+00:00 [running]> on host 6383a3236c72
[2022-08-23 12:27:47,473] {taskinstance.py:1591} INFO - Exporting the following env vars:
AIRFLOW_CTX_DAG_OWNER=admin
AIRFLOW_CTX_DAG_ID=raizen_lab_01
AIRFLOW_CTX_TASK_ID=sleep
AIRFLOW_CTX_EXECUTION_DATE=2021-11-27T19:00:00+00:00
AIRFLOW_CTX_TRY_NUMBER=1
AIRFLOW_CTX_DAG_RUN_ID=scheduled__2021-11-27T19:00:00+00:00
[2022-08-23 12:27:47,474] {subprocess.py:62} INFO - Tmp dir root location: 
 /tmp
[2022-08-23 12:27:47,475] {subprocess.py:74} INFO - Running command: ['bash', '-c', 'sleep 5']
[2022-08-23 12:27:47,484] {subprocess.py:85} INFO - Output:
[2022-08-23 12:27:52,487] {subprocess.py:96} INFO - Command exited with return code 0
[2022-08-23 12:27:52,510] {taskinstance.py:1420} INFO - Marking task as SUCCESS. dag_id=raizen_lab_01, task_id=sleep, execution_date=20211127T190000, start_date=20220823T122747, end_date=20220823T122752
[2022-08-23 12:27:52,536] {local_task_job.py:156} INFO - Task exited with return code 0
[2022-08-23 12:27:52,569] {local_task_job.py:273} INFO - 1 downstream tasks scheduled from follow-on schedule check
