[2022-08-23 20:03:48,037] {taskinstance.py:1179} INFO - Dependencies all met for <TaskInstance: raizen_lab_01.step_01 scheduled__2022-01-28T05:00:00+00:00 [queued]>
[2022-08-23 20:03:48,067] {taskinstance.py:1179} INFO - Dependencies all met for <TaskInstance: raizen_lab_01.step_01 scheduled__2022-01-28T05:00:00+00:00 [queued]>
[2022-08-23 20:03:48,068] {taskinstance.py:1376} INFO - 
--------------------------------------------------------------------------------
[2022-08-23 20:03:48,070] {taskinstance.py:1377} INFO - Starting attempt 1 of 2
[2022-08-23 20:03:48,071] {taskinstance.py:1378} INFO - 
--------------------------------------------------------------------------------
[2022-08-23 20:03:48,118] {taskinstance.py:1397} INFO - Executing <Task(BashOperator): step_01> on 2022-01-28 05:00:00+00:00
[2022-08-23 20:03:48,131] {standard_task_runner.py:52} INFO - Started process 276 to run task
[2022-08-23 20:03:48,142] {standard_task_runner.py:79} INFO - Running: ['***', 'tasks', 'run', 'raizen_lab_01', 'step_01', 'scheduled__2022-01-28T05:00:00+00:00', '--job-id', '9376', '--raw', '--subdir', 'DAGS_FOLDER/raizen_lab_01.py', '--cfg-path', '/tmp/tmpmt8leaqh', '--error-file', '/tmp/tmpcudgzm0y']
[2022-08-23 20:03:48,146] {standard_task_runner.py:80} INFO - Job 9376: Subtask step_01
[2022-08-23 20:03:48,302] {task_command.py:371} INFO - Running <TaskInstance: raizen_lab_01.step_01 scheduled__2022-01-28T05:00:00+00:00 [running]> on host 80fce776ee1f
[2022-08-23 20:03:48,452] {taskinstance.py:1591} INFO - Exporting the following env vars:
AIRFLOW_CTX_DAG_OWNER=admin
AIRFLOW_CTX_DAG_ID=raizen_lab_01
AIRFLOW_CTX_TASK_ID=step_01
AIRFLOW_CTX_EXECUTION_DATE=2022-01-28T05:00:00+00:00
AIRFLOW_CTX_TRY_NUMBER=1
AIRFLOW_CTX_DAG_RUN_ID=scheduled__2022-01-28T05:00:00+00:00
[2022-08-23 20:03:48,457] {subprocess.py:62} INFO - Tmp dir root location: 
 /tmp
[2022-08-23 20:03:48,458] {subprocess.py:74} INFO - Running command: ['bash', '-c', 'echo "hello"']
[2022-08-23 20:03:48,479] {subprocess.py:85} INFO - Output:
[2022-08-23 20:03:48,482] {subprocess.py:92} INFO - hello
[2022-08-23 20:03:48,483] {subprocess.py:96} INFO - Command exited with return code 0
[2022-08-23 20:03:48,536] {taskinstance.py:1420} INFO - Marking task as SUCCESS. dag_id=raizen_lab_01, task_id=step_01, execution_date=20220128T050000, start_date=20220823T200348, end_date=20220823T200348
[2022-08-23 20:03:48,601] {local_task_job.py:156} INFO - Task exited with return code 0
[2022-08-23 20:03:48,656] {local_task_job.py:273} INFO - 0 downstream tasks scheduled from follow-on schedule check
