[2022-08-23 11:37:53,931] {taskinstance.py:1179} INFO - Dependencies all met for <TaskInstance: raizen_lab_01.sleep scheduled__2021-10-10T23:00:00+00:00 [queued]>
[2022-08-23 11:37:53,954] {taskinstance.py:1179} INFO - Dependencies all met for <TaskInstance: raizen_lab_01.sleep scheduled__2021-10-10T23:00:00+00:00 [queued]>
[2022-08-23 11:37:53,955] {taskinstance.py:1376} INFO - 
--------------------------------------------------------------------------------
[2022-08-23 11:37:53,955] {taskinstance.py:1377} INFO - Starting attempt 1 of 2
[2022-08-23 11:37:53,956] {taskinstance.py:1378} INFO - 
--------------------------------------------------------------------------------
[2022-08-23 11:37:53,987] {taskinstance.py:1397} INFO - Executing <Task(BashOperator): sleep> on 2021-10-10 23:00:00+00:00
[2022-08-23 11:37:53,996] {standard_task_runner.py:52} INFO - Started process 637 to run task
[2022-08-23 11:37:54,002] {standard_task_runner.py:79} INFO - Running: ['***', 'tasks', 'run', 'raizen_lab_01', 'sleep', 'scheduled__2021-10-10T23:00:00+00:00', '--job-id', '1672', '--raw', '--subdir', 'DAGS_FOLDER/raizen_lab_01.py', '--cfg-path', '/tmp/tmp5tllqdbq', '--error-file', '/tmp/tmpd0xl4ro_']
[2022-08-23 11:37:54,003] {standard_task_runner.py:80} INFO - Job 1672: Subtask sleep
[2022-08-23 11:37:54,123] {task_command.py:371} INFO - Running <TaskInstance: raizen_lab_01.sleep scheduled__2021-10-10T23:00:00+00:00 [running]> on host 7f48b7aaf0fc
[2022-08-23 11:37:54,256] {taskinstance.py:1591} INFO - Exporting the following env vars:
AIRFLOW_CTX_DAG_OWNER=admin
AIRFLOW_CTX_DAG_ID=raizen_lab_01
AIRFLOW_CTX_TASK_ID=sleep
AIRFLOW_CTX_EXECUTION_DATE=2021-10-10T23:00:00+00:00
AIRFLOW_CTX_TRY_NUMBER=1
AIRFLOW_CTX_DAG_RUN_ID=scheduled__2021-10-10T23:00:00+00:00
[2022-08-23 11:37:54,259] {subprocess.py:62} INFO - Tmp dir root location: 
 /tmp
[2022-08-23 11:37:54,260] {subprocess.py:74} INFO - Running command: ['bash', '-c', 'sleep 5']
[2022-08-23 11:37:54,276] {subprocess.py:85} INFO - Output:
[2022-08-23 11:37:59,280] {subprocess.py:96} INFO - Command exited with return code 0
[2022-08-23 11:37:59,440] {taskinstance.py:1420} INFO - Marking task as SUCCESS. dag_id=raizen_lab_01, task_id=sleep, execution_date=20211010T230000, start_date=20220823T113753, end_date=20220823T113759
[2022-08-23 11:37:59,492] {local_task_job.py:156} INFO - Task exited with return code 0
[2022-08-23 11:37:59,551] {local_task_job.py:273} INFO - 1 downstream tasks scheduled from follow-on schedule check
