[2022-08-23 11:45:56,887] {taskinstance.py:1179} INFO - Dependencies all met for <TaskInstance: raizen_lab_01.print_hello scheduled__2021-10-16T12:00:00+00:00 [queued]>
[2022-08-23 11:45:56,918] {taskinstance.py:1179} INFO - Dependencies all met for <TaskInstance: raizen_lab_01.print_hello scheduled__2021-10-16T12:00:00+00:00 [queued]>
[2022-08-23 11:45:56,918] {taskinstance.py:1376} INFO - 
--------------------------------------------------------------------------------
[2022-08-23 11:45:56,919] {taskinstance.py:1377} INFO - Starting attempt 1 of 2
[2022-08-23 11:45:56,920] {taskinstance.py:1378} INFO - 
--------------------------------------------------------------------------------
[2022-08-23 11:45:56,952] {taskinstance.py:1397} INFO - Executing <Task(BashOperator): print_hello> on 2021-10-16 12:00:00+00:00
[2022-08-23 11:45:56,961] {standard_task_runner.py:52} INFO - Started process 157 to run task
[2022-08-23 11:45:56,968] {standard_task_runner.py:79} INFO - Running: ['***', 'tasks', 'run', 'raizen_lab_01', 'print_hello', 'scheduled__2021-10-16T12:00:00+00:00', '--job-id', '2059', '--raw', '--subdir', 'DAGS_FOLDER/raizen_lab_01.py', '--cfg-path', '/tmp/tmpgke4_b1e', '--error-file', '/tmp/tmp0ivy5l6x']
[2022-08-23 11:45:56,969] {standard_task_runner.py:80} INFO - Job 2059: Subtask print_hello
[2022-08-23 11:45:57,157] {task_command.py:371} INFO - Running <TaskInstance: raizen_lab_01.print_hello scheduled__2021-10-16T12:00:00+00:00 [running]> on host fc645605a611
[2022-08-23 11:45:57,295] {taskinstance.py:1591} INFO - Exporting the following env vars:
AIRFLOW_CTX_DAG_OWNER=admin
AIRFLOW_CTX_DAG_ID=raizen_lab_01
AIRFLOW_CTX_TASK_ID=print_hello
AIRFLOW_CTX_EXECUTION_DATE=2021-10-16T12:00:00+00:00
AIRFLOW_CTX_TRY_NUMBER=1
AIRFLOW_CTX_DAG_RUN_ID=scheduled__2021-10-16T12:00:00+00:00
[2022-08-23 11:45:57,298] {subprocess.py:62} INFO - Tmp dir root location: 
 /tmp
[2022-08-23 11:45:57,299] {subprocess.py:74} INFO - Running command: ['bash', '-c', 'echo "hello"']
[2022-08-23 11:45:57,315] {subprocess.py:85} INFO - Output:
[2022-08-23 11:45:57,318] {subprocess.py:92} INFO - hello
[2022-08-23 11:45:57,319] {subprocess.py:96} INFO - Command exited with return code 0
[2022-08-23 11:45:57,381] {taskinstance.py:1420} INFO - Marking task as SUCCESS. dag_id=raizen_lab_01, task_id=print_hello, execution_date=20211016T120000, start_date=20220823T114556, end_date=20220823T114557
[2022-08-23 11:45:57,461] {local_task_job.py:156} INFO - Task exited with return code 0
[2022-08-23 11:45:57,582] {local_task_job.py:273} INFO - 1 downstream tasks scheduled from follow-on schedule check
