[2022-08-23 11:32:22,917] {taskinstance.py:1179} INFO - Dependencies all met for <TaskInstance: raizen_lab_01.print_hello scheduled__2021-09-29T18:00:00+00:00 [queued]>
[2022-08-23 11:32:22,940] {taskinstance.py:1179} INFO - Dependencies all met for <TaskInstance: raizen_lab_01.print_hello scheduled__2021-09-29T18:00:00+00:00 [queued]>
[2022-08-23 11:32:22,941] {taskinstance.py:1376} INFO - 
--------------------------------------------------------------------------------
[2022-08-23 11:32:22,941] {taskinstance.py:1377} INFO - Starting attempt 1 of 2
[2022-08-23 11:32:22,942] {taskinstance.py:1378} INFO - 
--------------------------------------------------------------------------------
[2022-08-23 11:32:22,979] {taskinstance.py:1397} INFO - Executing <Task(BashOperator): print_hello> on 2021-09-29 18:00:00+00:00
[2022-08-23 11:32:22,988] {standard_task_runner.py:52} INFO - Started process 2379 to run task
[2022-08-23 11:32:22,993] {standard_task_runner.py:79} INFO - Running: ['***', 'tasks', 'run', 'raizen_lab_01', 'print_hello', 'scheduled__2021-09-29T18:00:00+00:00', '--job-id', '846', '--raw', '--subdir', 'DAGS_FOLDER/raizen_lab_01.py', '--cfg-path', '/tmp/tmpbyyzgfea', '--error-file', '/tmp/tmpfgeo1ufx']
[2022-08-23 11:32:22,994] {standard_task_runner.py:80} INFO - Job 846: Subtask print_hello
[2022-08-23 11:32:23,115] {task_command.py:371} INFO - Running <TaskInstance: raizen_lab_01.print_hello scheduled__2021-09-29T18:00:00+00:00 [running]> on host 7f48b7aaf0fc
[2022-08-23 11:32:23,278] {taskinstance.py:1591} INFO - Exporting the following env vars:
AIRFLOW_CTX_DAG_OWNER=admin
AIRFLOW_CTX_DAG_ID=raizen_lab_01
AIRFLOW_CTX_TASK_ID=print_hello
AIRFLOW_CTX_EXECUTION_DATE=2021-09-29T18:00:00+00:00
AIRFLOW_CTX_TRY_NUMBER=1
AIRFLOW_CTX_DAG_RUN_ID=scheduled__2021-09-29T18:00:00+00:00
[2022-08-23 11:32:23,281] {subprocess.py:62} INFO - Tmp dir root location: 
 /tmp
[2022-08-23 11:32:23,283] {subprocess.py:74} INFO - Running command: ['bash', '-c', 'echo "hello"']
[2022-08-23 11:32:23,355] {subprocess.py:85} INFO - Output:
[2022-08-23 11:32:23,358] {subprocess.py:92} INFO - hello
[2022-08-23 11:32:23,359] {subprocess.py:96} INFO - Command exited with return code 0
[2022-08-23 11:32:23,438] {taskinstance.py:1420} INFO - Marking task as SUCCESS. dag_id=raizen_lab_01, task_id=print_hello, execution_date=20210929T180000, start_date=20220823T113222, end_date=20220823T113223
[2022-08-23 11:32:23,486] {local_task_job.py:156} INFO - Task exited with return code 0
[2022-08-23 11:32:23,588] {local_task_job.py:273} INFO - 1 downstream tasks scheduled from follow-on schedule check
