[2022-08-23 12:25:35,233] {taskinstance.py:1179} INFO - Dependencies all met for <TaskInstance: raizen_lab_01.print_hello scheduled__2021-11-22T06:00:00+00:00 [queued]>
[2022-08-23 12:25:35,245] {taskinstance.py:1179} INFO - Dependencies all met for <TaskInstance: raizen_lab_01.print_hello scheduled__2021-11-22T06:00:00+00:00 [queued]>
[2022-08-23 12:25:35,246] {taskinstance.py:1376} INFO - 
--------------------------------------------------------------------------------
[2022-08-23 12:25:35,246] {taskinstance.py:1377} INFO - Starting attempt 1 of 2
[2022-08-23 12:25:35,246] {taskinstance.py:1378} INFO - 
--------------------------------------------------------------------------------
[2022-08-23 12:25:35,267] {taskinstance.py:1397} INFO - Executing <Task(BashOperator): print_hello> on 2021-11-22 06:00:00+00:00
[2022-08-23 12:25:35,274] {standard_task_runner.py:52} INFO - Started process 4614 to run task
[2022-08-23 12:25:35,277] {standard_task_runner.py:79} INFO - Running: ['***', 'tasks', 'run', 'raizen_lab_01', 'print_hello', 'scheduled__2021-11-22T06:00:00+00:00', '--job-id', '4717', '--raw', '--subdir', 'DAGS_FOLDER/raizen_lab_01.py', '--cfg-path', '/tmp/tmp8dfb0otq', '--error-file', '/tmp/tmptmfq1yip']
[2022-08-23 12:25:35,278] {standard_task_runner.py:80} INFO - Job 4717: Subtask print_hello
[2022-08-23 12:25:35,366] {task_command.py:371} INFO - Running <TaskInstance: raizen_lab_01.print_hello scheduled__2021-11-22T06:00:00+00:00 [running]> on host 6383a3236c72
[2022-08-23 12:25:35,548] {taskinstance.py:1591} INFO - Exporting the following env vars:
AIRFLOW_CTX_DAG_OWNER=admin
AIRFLOW_CTX_DAG_ID=raizen_lab_01
AIRFLOW_CTX_TASK_ID=print_hello
AIRFLOW_CTX_EXECUTION_DATE=2021-11-22T06:00:00+00:00
AIRFLOW_CTX_TRY_NUMBER=1
AIRFLOW_CTX_DAG_RUN_ID=scheduled__2021-11-22T06:00:00+00:00
[2022-08-23 12:25:35,550] {subprocess.py:62} INFO - Tmp dir root location: 
 /tmp
[2022-08-23 12:25:35,551] {subprocess.py:74} INFO - Running command: ['bash', '-c', 'echo "hello"']
[2022-08-23 12:25:35,571] {subprocess.py:85} INFO - Output:
[2022-08-23 12:25:35,573] {subprocess.py:92} INFO - hello
[2022-08-23 12:25:35,574] {subprocess.py:96} INFO - Command exited with return code 0
[2022-08-23 12:25:35,618] {taskinstance.py:1420} INFO - Marking task as SUCCESS. dag_id=raizen_lab_01, task_id=print_hello, execution_date=20211122T060000, start_date=20220823T122535, end_date=20220823T122535
[2022-08-23 12:25:35,651] {local_task_job.py:156} INFO - Task exited with return code 0
[2022-08-23 12:25:35,841] {local_task_job.py:273} INFO - 0 downstream tasks scheduled from follow-on schedule check
