[2022-08-23 11:30:09,524] {taskinstance.py:1179} INFO - Dependencies all met for <TaskInstance: raizen_lab_01.sleep scheduled__2021-09-24T05:00:00+00:00 [queued]>
[2022-08-23 11:30:09,545] {taskinstance.py:1179} INFO - Dependencies all met for <TaskInstance: raizen_lab_01.sleep scheduled__2021-09-24T05:00:00+00:00 [queued]>
[2022-08-23 11:30:09,545] {taskinstance.py:1376} INFO - 
--------------------------------------------------------------------------------
[2022-08-23 11:30:09,546] {taskinstance.py:1377} INFO - Starting attempt 1 of 2
[2022-08-23 11:30:09,546] {taskinstance.py:1378} INFO - 
--------------------------------------------------------------------------------
[2022-08-23 11:30:09,568] {taskinstance.py:1397} INFO - Executing <Task(BashOperator): sleep> on 2021-09-24 05:00:00+00:00
[2022-08-23 11:30:09,577] {standard_task_runner.py:52} INFO - Started process 1249 to run task
[2022-08-23 11:30:09,583] {standard_task_runner.py:79} INFO - Running: ['***', 'tasks', 'run', 'raizen_lab_01', 'sleep', 'scheduled__2021-09-24T05:00:00+00:00', '--job-id', '460', '--raw', '--subdir', 'DAGS_FOLDER/raizen_lab_01.py', '--cfg-path', '/tmp/tmptqhlcd9g', '--error-file', '/tmp/tmpg7ioe_8d']
[2022-08-23 11:30:09,583] {standard_task_runner.py:80} INFO - Job 460: Subtask sleep
[2022-08-23 11:30:09,691] {task_command.py:371} INFO - Running <TaskInstance: raizen_lab_01.sleep scheduled__2021-09-24T05:00:00+00:00 [running]> on host 7f48b7aaf0fc
[2022-08-23 11:30:09,840] {taskinstance.py:1591} INFO - Exporting the following env vars:
AIRFLOW_CTX_DAG_OWNER=admin
AIRFLOW_CTX_DAG_ID=raizen_lab_01
AIRFLOW_CTX_TASK_ID=sleep
AIRFLOW_CTX_EXECUTION_DATE=2021-09-24T05:00:00+00:00
AIRFLOW_CTX_TRY_NUMBER=1
AIRFLOW_CTX_DAG_RUN_ID=scheduled__2021-09-24T05:00:00+00:00
[2022-08-23 11:30:09,843] {subprocess.py:62} INFO - Tmp dir root location: 
 /tmp
[2022-08-23 11:30:09,844] {subprocess.py:74} INFO - Running command: ['bash', '-c', 'sleep 5']
[2022-08-23 11:30:09,867] {subprocess.py:85} INFO - Output:
[2022-08-23 11:30:14,873] {subprocess.py:96} INFO - Command exited with return code 0
[2022-08-23 11:30:14,934] {taskinstance.py:1420} INFO - Marking task as SUCCESS. dag_id=raizen_lab_01, task_id=sleep, execution_date=20210924T050000, start_date=20220823T113009, end_date=20220823T113014
[2022-08-23 11:30:14,968] {local_task_job.py:156} INFO - Task exited with return code 0
[2022-08-23 11:30:15,020] {local_task_job.py:273} INFO - 1 downstream tasks scheduled from follow-on schedule check
