[2022-08-23 11:37:55,302] {taskinstance.py:1179} INFO - Dependencies all met for <TaskInstance: raizen_lab_01.sleep scheduled__2021-10-11T03:00:00+00:00 [queued]>
[2022-08-23 11:37:55,318] {taskinstance.py:1179} INFO - Dependencies all met for <TaskInstance: raizen_lab_01.sleep scheduled__2021-10-11T03:00:00+00:00 [queued]>
[2022-08-23 11:37:55,319] {taskinstance.py:1376} INFO - 
--------------------------------------------------------------------------------
[2022-08-23 11:37:55,319] {taskinstance.py:1377} INFO - Starting attempt 1 of 2
[2022-08-23 11:37:55,320] {taskinstance.py:1378} INFO - 
--------------------------------------------------------------------------------
[2022-08-23 11:37:55,345] {taskinstance.py:1397} INFO - Executing <Task(BashOperator): sleep> on 2021-10-11 03:00:00+00:00
[2022-08-23 11:37:55,353] {standard_task_runner.py:52} INFO - Started process 655 to run task
[2022-08-23 11:37:55,360] {standard_task_runner.py:79} INFO - Running: ['***', 'tasks', 'run', 'raizen_lab_01', 'sleep', 'scheduled__2021-10-11T03:00:00+00:00', '--job-id', '1678', '--raw', '--subdir', 'DAGS_FOLDER/raizen_lab_01.py', '--cfg-path', '/tmp/tmpqg690ojn', '--error-file', '/tmp/tmpm8_vc6h1']
[2022-08-23 11:37:55,361] {standard_task_runner.py:80} INFO - Job 1678: Subtask sleep
[2022-08-23 11:37:55,547] {task_command.py:371} INFO - Running <TaskInstance: raizen_lab_01.sleep scheduled__2021-10-11T03:00:00+00:00 [running]> on host 7f48b7aaf0fc
[2022-08-23 11:37:55,681] {taskinstance.py:1591} INFO - Exporting the following env vars:
AIRFLOW_CTX_DAG_OWNER=admin
AIRFLOW_CTX_DAG_ID=raizen_lab_01
AIRFLOW_CTX_TASK_ID=sleep
AIRFLOW_CTX_EXECUTION_DATE=2021-10-11T03:00:00+00:00
AIRFLOW_CTX_TRY_NUMBER=1
AIRFLOW_CTX_DAG_RUN_ID=scheduled__2021-10-11T03:00:00+00:00
[2022-08-23 11:37:55,683] {subprocess.py:62} INFO - Tmp dir root location: 
 /tmp
[2022-08-23 11:37:55,685] {subprocess.py:74} INFO - Running command: ['bash', '-c', 'sleep 5']
[2022-08-23 11:37:55,700] {subprocess.py:85} INFO - Output:
[2022-08-23 11:38:00,706] {subprocess.py:96} INFO - Command exited with return code 0
[2022-08-23 11:38:00,751] {taskinstance.py:1420} INFO - Marking task as SUCCESS. dag_id=raizen_lab_01, task_id=sleep, execution_date=20211011T030000, start_date=20220823T113755, end_date=20220823T113800
[2022-08-23 11:38:00,797] {local_task_job.py:156} INFO - Task exited with return code 0
[2022-08-23 11:38:00,848] {local_task_job.py:273} INFO - 1 downstream tasks scheduled from follow-on schedule check
