[2022-08-23 11:27:47,763] {taskinstance.py:1179} INFO - Dependencies all met for <TaskInstance: raizen_lab_01.print_hello scheduled__2021-09-19T00:00:00+00:00 [queued]>
[2022-08-23 11:27:47,784] {taskinstance.py:1179} INFO - Dependencies all met for <TaskInstance: raizen_lab_01.print_hello scheduled__2021-09-19T00:00:00+00:00 [queued]>
[2022-08-23 11:27:47,785] {taskinstance.py:1376} INFO - 
--------------------------------------------------------------------------------
[2022-08-23 11:27:47,786] {taskinstance.py:1377} INFO - Starting attempt 1 of 2
[2022-08-23 11:27:47,787] {taskinstance.py:1378} INFO - 
--------------------------------------------------------------------------------
[2022-08-23 11:27:47,828] {taskinstance.py:1397} INFO - Executing <Task(BashOperator): print_hello> on 2021-09-19 00:00:00+00:00
[2022-08-23 11:27:47,840] {standard_task_runner.py:52} INFO - Started process 110 to run task
[2022-08-23 11:27:47,850] {standard_task_runner.py:79} INFO - Running: ['***', 'tasks', 'run', 'raizen_lab_01', 'print_hello', 'scheduled__2021-09-19T00:00:00+00:00', '--job-id', '70', '--raw', '--subdir', 'DAGS_FOLDER/raizen_lab_01.py', '--cfg-path', '/tmp/tmp2ho6fl16', '--error-file', '/tmp/tmpbjmco006']
[2022-08-23 11:27:47,851] {standard_task_runner.py:80} INFO - Job 70: Subtask print_hello
[2022-08-23 11:27:48,033] {task_command.py:371} INFO - Running <TaskInstance: raizen_lab_01.print_hello scheduled__2021-09-19T00:00:00+00:00 [running]> on host 7f48b7aaf0fc
[2022-08-23 11:27:48,182] {taskinstance.py:1591} INFO - Exporting the following env vars:
AIRFLOW_CTX_DAG_OWNER=admin
AIRFLOW_CTX_DAG_ID=raizen_lab_01
AIRFLOW_CTX_TASK_ID=print_hello
AIRFLOW_CTX_EXECUTION_DATE=2021-09-19T00:00:00+00:00
AIRFLOW_CTX_TRY_NUMBER=1
AIRFLOW_CTX_DAG_RUN_ID=scheduled__2021-09-19T00:00:00+00:00
[2022-08-23 11:27:48,185] {subprocess.py:62} INFO - Tmp dir root location: 
 /tmp
[2022-08-23 11:27:48,186] {subprocess.py:74} INFO - Running command: ['bash', '-c', 'echo "hello"']
[2022-08-23 11:27:48,206] {subprocess.py:85} INFO - Output:
[2022-08-23 11:27:48,209] {subprocess.py:92} INFO - hello
[2022-08-23 11:27:48,210] {subprocess.py:96} INFO - Command exited with return code 0
[2022-08-23 11:27:48,375] {taskinstance.py:1420} INFO - Marking task as SUCCESS. dag_id=raizen_lab_01, task_id=print_hello, execution_date=20210919T000000, start_date=20220823T112747, end_date=20220823T112748
[2022-08-23 11:27:48,467] {local_task_job.py:156} INFO - Task exited with return code 0
[2022-08-23 11:27:48,600] {local_task_job.py:273} INFO - 1 downstream tasks scheduled from follow-on schedule check
