[2022-08-23 11:46:18,956] {taskinstance.py:1179} INFO - Dependencies all met for <TaskInstance: raizen_lab_01.print_world scheduled__2021-10-16T19:00:00+00:00 [queued]>
[2022-08-23 11:46:18,976] {taskinstance.py:1179} INFO - Dependencies all met for <TaskInstance: raizen_lab_01.print_world scheduled__2021-10-16T19:00:00+00:00 [queued]>
[2022-08-23 11:46:18,977] {taskinstance.py:1376} INFO - 
--------------------------------------------------------------------------------
[2022-08-23 11:46:18,977] {taskinstance.py:1377} INFO - Starting attempt 1 of 2
[2022-08-23 11:46:18,978] {taskinstance.py:1378} INFO - 
--------------------------------------------------------------------------------
[2022-08-23 11:46:19,005] {taskinstance.py:1397} INFO - Executing <Task(PythonOperator): print_world> on 2021-10-16 19:00:00+00:00
[2022-08-23 11:46:19,013] {standard_task_runner.py:52} INFO - Started process 312 to run task
[2022-08-23 11:46:19,018] {standard_task_runner.py:79} INFO - Running: ['***', 'tasks', 'run', 'raizen_lab_01', 'print_world', 'scheduled__2021-10-16T19:00:00+00:00', '--job-id', '2113', '--raw', '--subdir', 'DAGS_FOLDER/raizen_lab_01.py', '--cfg-path', '/tmp/tmpjgx4f6py', '--error-file', '/tmp/tmp53iev7hq']
[2022-08-23 11:46:19,019] {standard_task_runner.py:80} INFO - Job 2113: Subtask print_world
[2022-08-23 11:46:19,133] {task_command.py:371} INFO - Running <TaskInstance: raizen_lab_01.print_world scheduled__2021-10-16T19:00:00+00:00 [running]> on host fc645605a611
[2022-08-23 11:46:19,271] {taskinstance.py:1591} INFO - Exporting the following env vars:
AIRFLOW_CTX_DAG_OWNER=admin
AIRFLOW_CTX_DAG_ID=raizen_lab_01
AIRFLOW_CTX_TASK_ID=print_world
AIRFLOW_CTX_EXECUTION_DATE=2021-10-16T19:00:00+00:00
AIRFLOW_CTX_TRY_NUMBER=1
AIRFLOW_CTX_DAG_RUN_ID=scheduled__2021-10-16T19:00:00+00:00
[2022-08-23 11:46:19,273] {logging_mixin.py:115} INFO - world
[2022-08-23 11:46:19,273] {python.py:173} INFO - Done. Returned value was: None
[2022-08-23 11:46:19,299] {taskinstance.py:1420} INFO - Marking task as SUCCESS. dag_id=raizen_lab_01, task_id=print_world, execution_date=20211016T190000, start_date=20220823T114618, end_date=20220823T114619
[2022-08-23 11:46:19,350] {local_task_job.py:156} INFO - Task exited with return code 0
[2022-08-23 11:46:19,402] {local_task_job.py:273} INFO - 0 downstream tasks scheduled from follow-on schedule check
