[2022-08-23 11:31:19,664] {taskinstance.py:1179} INFO - Dependencies all met for <TaskInstance: raizen_lab_01.sleep scheduled__2021-09-27T06:00:00+00:00 [queued]>
[2022-08-23 11:31:19,689] {taskinstance.py:1179} INFO - Dependencies all met for <TaskInstance: raizen_lab_01.sleep scheduled__2021-09-27T06:00:00+00:00 [queued]>
[2022-08-23 11:31:19,690] {taskinstance.py:1376} INFO - 
--------------------------------------------------------------------------------
[2022-08-23 11:31:19,690] {taskinstance.py:1377} INFO - Starting attempt 1 of 2
[2022-08-23 11:31:19,691] {taskinstance.py:1378} INFO - 
--------------------------------------------------------------------------------
[2022-08-23 11:31:19,735] {taskinstance.py:1397} INFO - Executing <Task(BashOperator): sleep> on 2021-09-27 06:00:00+00:00
[2022-08-23 11:31:19,746] {standard_task_runner.py:52} INFO - Started process 1856 to run task
[2022-08-23 11:31:19,752] {standard_task_runner.py:79} INFO - Running: ['***', 'tasks', 'run', 'raizen_lab_01', 'sleep', 'scheduled__2021-09-27T06:00:00+00:00', '--job-id', '666', '--raw', '--subdir', 'DAGS_FOLDER/raizen_lab_01.py', '--cfg-path', '/tmp/tmpldog8ryu', '--error-file', '/tmp/tmp5zeee768']
[2022-08-23 11:31:19,753] {standard_task_runner.py:80} INFO - Job 666: Subtask sleep
[2022-08-23 11:31:19,897] {task_command.py:371} INFO - Running <TaskInstance: raizen_lab_01.sleep scheduled__2021-09-27T06:00:00+00:00 [running]> on host 7f48b7aaf0fc
[2022-08-23 11:31:20,051] {taskinstance.py:1591} INFO - Exporting the following env vars:
AIRFLOW_CTX_DAG_OWNER=admin
AIRFLOW_CTX_DAG_ID=raizen_lab_01
AIRFLOW_CTX_TASK_ID=sleep
AIRFLOW_CTX_EXECUTION_DATE=2021-09-27T06:00:00+00:00
AIRFLOW_CTX_TRY_NUMBER=1
AIRFLOW_CTX_DAG_RUN_ID=scheduled__2021-09-27T06:00:00+00:00
[2022-08-23 11:31:20,053] {subprocess.py:62} INFO - Tmp dir root location: 
 /tmp
[2022-08-23 11:31:20,055] {subprocess.py:74} INFO - Running command: ['bash', '-c', 'sleep 5']
[2022-08-23 11:31:20,074] {subprocess.py:85} INFO - Output:
[2022-08-23 11:31:25,081] {subprocess.py:96} INFO - Command exited with return code 0
[2022-08-23 11:31:25,157] {taskinstance.py:1420} INFO - Marking task as SUCCESS. dag_id=raizen_lab_01, task_id=sleep, execution_date=20210927T060000, start_date=20220823T113119, end_date=20220823T113125
[2022-08-23 11:31:25,212] {local_task_job.py:156} INFO - Task exited with return code 0
[2022-08-23 11:31:25,256] {local_task_job.py:273} INFO - 1 downstream tasks scheduled from follow-on schedule check
