[2022-08-23 13:14:30,469] {taskinstance.py:1179} INFO - Dependencies all met for <TaskInstance: raizen_lab_01.sleep scheduled__2021-12-29T21:00:00+00:00 [queued]>
[2022-08-23 13:14:30,481] {taskinstance.py:1179} INFO - Dependencies all met for <TaskInstance: raizen_lab_01.sleep scheduled__2021-12-29T21:00:00+00:00 [queued]>
[2022-08-23 13:14:30,482] {taskinstance.py:1376} INFO - 
--------------------------------------------------------------------------------
[2022-08-23 13:14:30,482] {taskinstance.py:1377} INFO - Starting attempt 1 of 2
[2022-08-23 13:14:30,483] {taskinstance.py:1378} INFO - 
--------------------------------------------------------------------------------
[2022-08-23 13:14:30,508] {taskinstance.py:1397} INFO - Executing <Task(BashOperator): sleep> on 2021-12-29 21:00:00+00:00
[2022-08-23 13:14:30,517] {standard_task_runner.py:52} INFO - Started process 477 to run task
[2022-08-23 13:14:30,521] {standard_task_runner.py:79} INFO - Running: ['***', 'tasks', 'run', 'raizen_lab_01', 'sleep', 'scheduled__2021-12-29T21:00:00+00:00', '--job-id', '7446', '--raw', '--subdir', 'DAGS_FOLDER/raizen_lab_01.py', '--cfg-path', '/tmp/tmp6ewxx2bw', '--error-file', '/tmp/tmpw_4611ak']
[2022-08-23 13:14:30,523] {standard_task_runner.py:80} INFO - Job 7446: Subtask sleep
[2022-08-23 13:14:30,606] {task_command.py:371} INFO - Running <TaskInstance: raizen_lab_01.sleep scheduled__2021-12-29T21:00:00+00:00 [running]> on host 94e929fe2c87
[2022-08-23 13:14:30,696] {taskinstance.py:1591} INFO - Exporting the following env vars:
AIRFLOW_CTX_DAG_OWNER=admin
AIRFLOW_CTX_DAG_ID=raizen_lab_01
AIRFLOW_CTX_TASK_ID=sleep
AIRFLOW_CTX_EXECUTION_DATE=2021-12-29T21:00:00+00:00
AIRFLOW_CTX_TRY_NUMBER=1
AIRFLOW_CTX_DAG_RUN_ID=scheduled__2021-12-29T21:00:00+00:00
[2022-08-23 13:14:30,698] {subprocess.py:62} INFO - Tmp dir root location: 
 /tmp
[2022-08-23 13:14:30,699] {subprocess.py:74} INFO - Running command: ['bash', '-c', 'sleep 5']
[2022-08-23 13:14:30,714] {subprocess.py:85} INFO - Output:
[2022-08-23 13:14:35,718] {subprocess.py:96} INFO - Command exited with return code 0
[2022-08-23 13:14:35,743] {taskinstance.py:1420} INFO - Marking task as SUCCESS. dag_id=raizen_lab_01, task_id=sleep, execution_date=20211229T210000, start_date=20220823T131430, end_date=20220823T131435
[2022-08-23 13:14:35,800] {local_task_job.py:156} INFO - Task exited with return code 0
[2022-08-23 13:14:35,825] {local_task_job.py:273} INFO - 1 downstream tasks scheduled from follow-on schedule check
