[2022-08-24 02:01:02,075] {taskinstance.py:1179} INFO - Dependencies all met for <TaskInstance: raizen_lab_01.insere_dados_na_tabela manual__2022-08-24T02:00:57.867349+00:00 [queued]>
[2022-08-24 02:01:02,090] {taskinstance.py:1179} INFO - Dependencies all met for <TaskInstance: raizen_lab_01.insere_dados_na_tabela manual__2022-08-24T02:00:57.867349+00:00 [queued]>
[2022-08-24 02:01:02,091] {taskinstance.py:1376} INFO - 
--------------------------------------------------------------------------------
[2022-08-24 02:01:02,092] {taskinstance.py:1377} INFO - Starting attempt 1 of 2
[2022-08-24 02:01:02,093] {taskinstance.py:1378} INFO - 
--------------------------------------------------------------------------------
[2022-08-24 02:01:02,115] {taskinstance.py:1397} INFO - Executing <Task(PythonOperator): insere_dados_na_tabela> on 2022-08-24 02:00:57.867349+00:00
[2022-08-24 02:01:02,125] {standard_task_runner.py:52} INFO - Started process 86 to run task
[2022-08-24 02:01:02,132] {standard_task_runner.py:79} INFO - Running: ['***', 'tasks', 'run', 'raizen_lab_01', 'insere_dados_na_tabela', 'manual__2022-08-24T02:00:57.867349+00:00', '--job-id', '9650', '--raw', '--subdir', 'DAGS_FOLDER/raizen_lab_01.py', '--cfg-path', '/tmp/tmpwks94j96', '--error-file', '/tmp/tmple4_ie0n']
[2022-08-24 02:01:02,135] {standard_task_runner.py:80} INFO - Job 9650: Subtask insere_dados_na_tabela
[2022-08-24 02:01:02,269] {task_command.py:371} INFO - Running <TaskInstance: raizen_lab_01.insere_dados_na_tabela manual__2022-08-24T02:00:57.867349+00:00 [running]> on host b8d797566373
[2022-08-24 02:01:02,398] {taskinstance.py:1591} INFO - Exporting the following env vars:
AIRFLOW_CTX_DAG_OWNER=admin
AIRFLOW_CTX_DAG_ID=raizen_lab_01
AIRFLOW_CTX_TASK_ID=insere_dados_na_tabela
AIRFLOW_CTX_EXECUTION_DATE=2022-08-24T02:00:57.867349+00:00
AIRFLOW_CTX_TRY_NUMBER=1
AIRFLOW_CTX_DAG_RUN_ID=manual__2022-08-24T02:00:57.867349+00:00
[2022-08-24 02:01:02,436] {logging_mixin.py:115} INFO - TABELA CRIADA
[2022-08-24 02:01:02,436] {python.py:173} INFO - Done. Returned value was: None
[2022-08-24 02:01:02,465] {taskinstance.py:1420} INFO - Marking task as SUCCESS. dag_id=raizen_lab_01, task_id=insere_dados_na_tabela, execution_date=20220824T020057, start_date=20220824T020102, end_date=20220824T020102
[2022-08-24 02:01:02,506] {local_task_job.py:156} INFO - Task exited with return code 0
[2022-08-24 02:01:02,562] {local_task_job.py:273} INFO - 1 downstream tasks scheduled from follow-on schedule check
