[2022-08-23 12:37:33,571] {taskinstance.py:1179} INFO - Dependencies all met for <TaskInstance: raizen_lab_01.sleep scheduled__2021-12-23T20:00:00+00:00 [queued]>
[2022-08-23 12:37:33,579] {taskinstance.py:1179} INFO - Dependencies all met for <TaskInstance: raizen_lab_01.sleep scheduled__2021-12-23T20:00:00+00:00 [queued]>
[2022-08-23 12:37:33,579] {taskinstance.py:1376} INFO - 
--------------------------------------------------------------------------------
[2022-08-23 12:37:33,579] {taskinstance.py:1377} INFO - Starting attempt 1 of 2
[2022-08-23 12:37:33,580] {taskinstance.py:1378} INFO - 
--------------------------------------------------------------------------------
[2022-08-23 12:37:33,592] {taskinstance.py:1397} INFO - Executing <Task(BashOperator): sleep> on 2021-12-23 20:00:00+00:00
[2022-08-23 12:37:33,596] {standard_task_runner.py:52} INFO - Started process 13534 to run task
[2022-08-23 12:37:33,599] {standard_task_runner.py:79} INFO - Running: ['***', 'tasks', 'run', 'raizen_lab_01', 'sleep', 'scheduled__2021-12-23T20:00:00+00:00', '--job-id', '6997', '--raw', '--subdir', 'DAGS_FOLDER/raizen_lab_01.py', '--cfg-path', '/tmp/tmpa1wrnclq', '--error-file', '/tmp/tmpve8aaw_d']
[2022-08-23 12:37:33,600] {standard_task_runner.py:80} INFO - Job 6997: Subtask sleep
[2022-08-23 12:37:33,657] {task_command.py:371} INFO - Running <TaskInstance: raizen_lab_01.sleep scheduled__2021-12-23T20:00:00+00:00 [running]> on host 6383a3236c72
[2022-08-23 12:37:33,714] {taskinstance.py:1591} INFO - Exporting the following env vars:
AIRFLOW_CTX_DAG_OWNER=admin
AIRFLOW_CTX_DAG_ID=raizen_lab_01
AIRFLOW_CTX_TASK_ID=sleep
AIRFLOW_CTX_EXECUTION_DATE=2021-12-23T20:00:00+00:00
AIRFLOW_CTX_TRY_NUMBER=1
AIRFLOW_CTX_DAG_RUN_ID=scheduled__2021-12-23T20:00:00+00:00
[2022-08-23 12:37:33,716] {subprocess.py:62} INFO - Tmp dir root location: 
 /tmp
[2022-08-23 12:37:33,717] {subprocess.py:74} INFO - Running command: ['bash', '-c', 'sleep 5']
[2022-08-23 12:37:33,726] {subprocess.py:85} INFO - Output:
[2022-08-23 12:37:38,729] {subprocess.py:96} INFO - Command exited with return code 0
[2022-08-23 12:37:38,776] {taskinstance.py:1420} INFO - Marking task as SUCCESS. dag_id=raizen_lab_01, task_id=sleep, execution_date=20211223T200000, start_date=20220823T123733, end_date=20220823T123738
[2022-08-23 12:37:38,836] {local_task_job.py:156} INFO - Task exited with return code 0
[2022-08-23 12:37:38,884] {local_task_job.py:273} INFO - 1 downstream tasks scheduled from follow-on schedule check
