[2022-08-23 11:59:07,265] {taskinstance.py:1179} INFO - Dependencies all met for <TaskInstance: raizen_lab_01.sleep scheduled__2021-10-22T17:00:00+00:00 [queued]>
[2022-08-23 11:59:07,278] {taskinstance.py:1179} INFO - Dependencies all met for <TaskInstance: raizen_lab_01.sleep scheduled__2021-10-22T17:00:00+00:00 [queued]>
[2022-08-23 11:59:07,279] {taskinstance.py:1376} INFO - 
--------------------------------------------------------------------------------
[2022-08-23 11:59:07,279] {taskinstance.py:1377} INFO - Starting attempt 1 of 2
[2022-08-23 11:59:07,280] {taskinstance.py:1378} INFO - 
--------------------------------------------------------------------------------
[2022-08-23 11:59:07,299] {taskinstance.py:1397} INFO - Executing <Task(BashOperator): sleep> on 2021-10-22 17:00:00+00:00
[2022-08-23 11:59:07,306] {standard_task_runner.py:52} INFO - Started process 436 to run task
[2022-08-23 11:59:07,309] {standard_task_runner.py:79} INFO - Running: ['***', 'tasks', 'run', 'raizen_lab_01', 'sleep', 'scheduled__2021-10-22T17:00:00+00:00', '--job-id', '2515', '--raw', '--subdir', 'DAGS_FOLDER/raizen_lab_01.py', '--cfg-path', '/tmp/tmpmdx4t90e', '--error-file', '/tmp/tmpwrh1ld_l']
[2022-08-23 11:59:07,310] {standard_task_runner.py:80} INFO - Job 2515: Subtask sleep
[2022-08-23 11:59:07,396] {task_command.py:371} INFO - Running <TaskInstance: raizen_lab_01.sleep scheduled__2021-10-22T17:00:00+00:00 [running]> on host 9f4b06248101
[2022-08-23 11:59:07,542] {taskinstance.py:1591} INFO - Exporting the following env vars:
AIRFLOW_CTX_DAG_OWNER=admin
AIRFLOW_CTX_DAG_ID=raizen_lab_01
AIRFLOW_CTX_TASK_ID=sleep
AIRFLOW_CTX_EXECUTION_DATE=2021-10-22T17:00:00+00:00
AIRFLOW_CTX_TRY_NUMBER=1
AIRFLOW_CTX_DAG_RUN_ID=scheduled__2021-10-22T17:00:00+00:00
[2022-08-23 11:59:07,545] {subprocess.py:62} INFO - Tmp dir root location: 
 /tmp
[2022-08-23 11:59:07,547] {subprocess.py:74} INFO - Running command: ['bash', '-c', 'sleep 5']
[2022-08-23 11:59:07,570] {subprocess.py:85} INFO - Output:
[2022-08-23 11:59:12,577] {subprocess.py:96} INFO - Command exited with return code 0
[2022-08-23 11:59:12,634] {taskinstance.py:1420} INFO - Marking task as SUCCESS. dag_id=raizen_lab_01, task_id=sleep, execution_date=20211022T170000, start_date=20220823T115907, end_date=20220823T115912
[2022-08-23 11:59:12,683] {local_task_job.py:156} INFO - Task exited with return code 0
[2022-08-23 11:59:12,737] {local_task_job.py:273} INFO - 1 downstream tasks scheduled from follow-on schedule check
