[2022-08-23 12:28:30,188] {taskinstance.py:1179} INFO - Dependencies all met for <TaskInstance: raizen_lab_01.sleep scheduled__2021-11-29T18:00:00+00:00 [queued]>
[2022-08-23 12:28:30,195] {taskinstance.py:1179} INFO - Dependencies all met for <TaskInstance: raizen_lab_01.sleep scheduled__2021-11-29T18:00:00+00:00 [queued]>
[2022-08-23 12:28:30,195] {taskinstance.py:1376} INFO - 
--------------------------------------------------------------------------------
[2022-08-23 12:28:30,195] {taskinstance.py:1377} INFO - Starting attempt 1 of 2
[2022-08-23 12:28:30,200] {taskinstance.py:1378} INFO - 
--------------------------------------------------------------------------------
[2022-08-23 12:28:30,211] {taskinstance.py:1397} INFO - Executing <Task(BashOperator): sleep> on 2021-11-29 18:00:00+00:00
[2022-08-23 12:28:30,217] {standard_task_runner.py:52} INFO - Started process 6736 to run task
[2022-08-23 12:28:30,219] {standard_task_runner.py:79} INFO - Running: ['***', 'tasks', 'run', 'raizen_lab_01', 'sleep', 'scheduled__2021-11-29T18:00:00+00:00', '--job-id', '5259', '--raw', '--subdir', 'DAGS_FOLDER/raizen_lab_01.py', '--cfg-path', '/tmp/tmpozyd_co6', '--error-file', '/tmp/tmphfzlw5kg']
[2022-08-23 12:28:30,221] {standard_task_runner.py:80} INFO - Job 5259: Subtask sleep
[2022-08-23 12:28:30,289] {task_command.py:371} INFO - Running <TaskInstance: raizen_lab_01.sleep scheduled__2021-11-29T18:00:00+00:00 [running]> on host 6383a3236c72
[2022-08-23 12:28:30,355] {taskinstance.py:1591} INFO - Exporting the following env vars:
AIRFLOW_CTX_DAG_OWNER=admin
AIRFLOW_CTX_DAG_ID=raizen_lab_01
AIRFLOW_CTX_TASK_ID=sleep
AIRFLOW_CTX_EXECUTION_DATE=2021-11-29T18:00:00+00:00
AIRFLOW_CTX_TRY_NUMBER=1
AIRFLOW_CTX_DAG_RUN_ID=scheduled__2021-11-29T18:00:00+00:00
[2022-08-23 12:28:30,356] {subprocess.py:62} INFO - Tmp dir root location: 
 /tmp
[2022-08-23 12:28:30,357] {subprocess.py:74} INFO - Running command: ['bash', '-c', 'sleep 5']
[2022-08-23 12:28:30,368] {subprocess.py:85} INFO - Output:
[2022-08-23 12:28:35,370] {subprocess.py:96} INFO - Command exited with return code 0
[2022-08-23 12:28:35,408] {taskinstance.py:1420} INFO - Marking task as SUCCESS. dag_id=raizen_lab_01, task_id=sleep, execution_date=20211129T180000, start_date=20220823T122830, end_date=20220823T122835
[2022-08-23 12:28:35,454] {local_task_job.py:156} INFO - Task exited with return code 0
[2022-08-23 12:28:35,484] {local_task_job.py:273} INFO - 1 downstream tasks scheduled from follow-on schedule check
