[2022-08-23 12:25:34,413] {taskinstance.py:1179} INFO - Dependencies all met for <TaskInstance: raizen_lab_01.sleep scheduled__2021-11-21T21:00:00+00:00 [queued]>
[2022-08-23 12:25:34,431] {taskinstance.py:1179} INFO - Dependencies all met for <TaskInstance: raizen_lab_01.sleep scheduled__2021-11-21T21:00:00+00:00 [queued]>
[2022-08-23 12:25:34,431] {taskinstance.py:1376} INFO - 
--------------------------------------------------------------------------------
[2022-08-23 12:25:34,432] {taskinstance.py:1377} INFO - Starting attempt 1 of 2
[2022-08-23 12:25:34,432] {taskinstance.py:1378} INFO - 
--------------------------------------------------------------------------------
[2022-08-23 12:25:34,454] {taskinstance.py:1397} INFO - Executing <Task(BashOperator): sleep> on 2021-11-21 21:00:00+00:00
[2022-08-23 12:25:34,464] {standard_task_runner.py:52} INFO - Started process 4584 to run task
[2022-08-23 12:25:34,469] {standard_task_runner.py:79} INFO - Running: ['***', 'tasks', 'run', 'raizen_lab_01', 'sleep', 'scheduled__2021-11-21T21:00:00+00:00', '--job-id', '4710', '--raw', '--subdir', 'DAGS_FOLDER/raizen_lab_01.py', '--cfg-path', '/tmp/tmpr0wsqv0l', '--error-file', '/tmp/tmpc56gnwvs']
[2022-08-23 12:25:34,471] {standard_task_runner.py:80} INFO - Job 4710: Subtask sleep
[2022-08-23 12:25:34,547] {task_command.py:371} INFO - Running <TaskInstance: raizen_lab_01.sleep scheduled__2021-11-21T21:00:00+00:00 [running]> on host 6383a3236c72
[2022-08-23 12:25:34,625] {taskinstance.py:1591} INFO - Exporting the following env vars:
AIRFLOW_CTX_DAG_OWNER=admin
AIRFLOW_CTX_DAG_ID=raizen_lab_01
AIRFLOW_CTX_TASK_ID=sleep
AIRFLOW_CTX_EXECUTION_DATE=2021-11-21T21:00:00+00:00
AIRFLOW_CTX_TRY_NUMBER=1
AIRFLOW_CTX_DAG_RUN_ID=scheduled__2021-11-21T21:00:00+00:00
[2022-08-23 12:25:34,627] {subprocess.py:62} INFO - Tmp dir root location: 
 /tmp
[2022-08-23 12:25:34,628] {subprocess.py:74} INFO - Running command: ['bash', '-c', 'sleep 5']
[2022-08-23 12:25:34,646] {subprocess.py:85} INFO - Output:
[2022-08-23 12:25:39,652] {subprocess.py:96} INFO - Command exited with return code 0
[2022-08-23 12:25:39,675] {taskinstance.py:1420} INFO - Marking task as SUCCESS. dag_id=raizen_lab_01, task_id=sleep, execution_date=20211121T210000, start_date=20220823T122534, end_date=20220823T122539
[2022-08-23 12:25:39,696] {local_task_job.py:156} INFO - Task exited with return code 0
[2022-08-23 12:25:39,718] {local_task_job.py:273} INFO - 1 downstream tasks scheduled from follow-on schedule check
