[2022-08-23 16:14:00,082] {taskinstance.py:1179} INFO - Dependencies all met for <TaskInstance: raizen_lab_01.step_01 scheduled__2022-01-04T21:00:00+00:00 [queued]>
[2022-08-23 16:14:00,095] {taskinstance.py:1179} INFO - Dependencies all met for <TaskInstance: raizen_lab_01.step_01 scheduled__2022-01-04T21:00:00+00:00 [queued]>
[2022-08-23 16:14:00,096] {taskinstance.py:1376} INFO - 
--------------------------------------------------------------------------------
[2022-08-23 16:14:00,096] {taskinstance.py:1377} INFO - Starting attempt 1 of 2
[2022-08-23 16:14:00,097] {taskinstance.py:1378} INFO - 
--------------------------------------------------------------------------------
[2022-08-23 16:14:00,115] {taskinstance.py:1397} INFO - Executing <Task(BashOperator): step_01> on 2022-01-04 21:00:00+00:00
[2022-08-23 16:14:00,124] {standard_task_runner.py:52} INFO - Started process 399 to run task
[2022-08-23 16:14:00,130] {standard_task_runner.py:79} INFO - Running: ['***', 'tasks', 'run', 'raizen_lab_01', 'step_01', 'scheduled__2022-01-04T21:00:00+00:00', '--job-id', '8048', '--raw', '--subdir', 'DAGS_FOLDER/raizen_lab_01.py', '--cfg-path', '/tmp/tmpar51k3ce', '--error-file', '/tmp/tmpnngai5l0']
[2022-08-23 16:14:00,132] {standard_task_runner.py:80} INFO - Job 8048: Subtask step_01
[2022-08-23 16:14:00,223] {task_command.py:371} INFO - Running <TaskInstance: raizen_lab_01.step_01 scheduled__2022-01-04T21:00:00+00:00 [running]> on host 8790b68fb5bc
[2022-08-23 16:14:00,320] {taskinstance.py:1591} INFO - Exporting the following env vars:
AIRFLOW_CTX_DAG_OWNER=admin
AIRFLOW_CTX_DAG_ID=raizen_lab_01
AIRFLOW_CTX_TASK_ID=step_01
AIRFLOW_CTX_EXECUTION_DATE=2022-01-04T21:00:00+00:00
AIRFLOW_CTX_TRY_NUMBER=1
AIRFLOW_CTX_DAG_RUN_ID=scheduled__2022-01-04T21:00:00+00:00
[2022-08-23 16:14:00,322] {subprocess.py:62} INFO - Tmp dir root location: 
 /tmp
[2022-08-23 16:14:00,324] {subprocess.py:74} INFO - Running command: ['bash', '-c', 'echo "hello"']
[2022-08-23 16:14:00,344] {subprocess.py:85} INFO - Output:
[2022-08-23 16:14:00,345] {subprocess.py:92} INFO - hello
[2022-08-23 16:14:00,346] {subprocess.py:96} INFO - Command exited with return code 0
[2022-08-23 16:14:00,464] {taskinstance.py:1420} INFO - Marking task as SUCCESS. dag_id=raizen_lab_01, task_id=step_01, execution_date=20220104T210000, start_date=20220823T161400, end_date=20220823T161400
[2022-08-23 16:14:00,502] {local_task_job.py:156} INFO - Task exited with return code 0
[2022-08-23 16:14:00,551] {local_task_job.py:273} INFO - 0 downstream tasks scheduled from follow-on schedule check
