[2022-08-23 12:08:44,536] {taskinstance.py:1179} INFO - Dependencies all met for <TaskInstance: raizen_lab_01.sleep scheduled__2021-11-02T16:00:00+00:00 [queued]>
[2022-08-23 12:08:44,548] {taskinstance.py:1179} INFO - Dependencies all met for <TaskInstance: raizen_lab_01.sleep scheduled__2021-11-02T16:00:00+00:00 [queued]>
[2022-08-23 12:08:44,549] {taskinstance.py:1376} INFO - 
--------------------------------------------------------------------------------
[2022-08-23 12:08:44,549] {taskinstance.py:1377} INFO - Starting attempt 1 of 2
[2022-08-23 12:08:44,550] {taskinstance.py:1378} INFO - 
--------------------------------------------------------------------------------
[2022-08-23 12:08:44,566] {taskinstance.py:1397} INFO - Executing <Task(BashOperator): sleep> on 2021-11-02 16:00:00+00:00
[2022-08-23 12:08:44,572] {standard_task_runner.py:52} INFO - Started process 2061 to run task
[2022-08-23 12:08:44,576] {standard_task_runner.py:79} INFO - Running: ['***', 'tasks', 'run', 'raizen_lab_01', 'sleep', 'scheduled__2021-11-02T16:00:00+00:00', '--job-id', '3316', '--raw', '--subdir', 'DAGS_FOLDER/raizen_lab_01.py', '--cfg-path', '/tmp/tmpl5yp8vdc', '--error-file', '/tmp/tmpe9tljg0b']
[2022-08-23 12:08:44,577] {standard_task_runner.py:80} INFO - Job 3316: Subtask sleep
[2022-08-23 12:08:44,649] {task_command.py:371} INFO - Running <TaskInstance: raizen_lab_01.sleep scheduled__2021-11-02T16:00:00+00:00 [running]> on host 67b6bdae536e
[2022-08-23 12:08:44,731] {taskinstance.py:1591} INFO - Exporting the following env vars:
AIRFLOW_CTX_DAG_OWNER=admin
AIRFLOW_CTX_DAG_ID=raizen_lab_01
AIRFLOW_CTX_TASK_ID=sleep
AIRFLOW_CTX_EXECUTION_DATE=2021-11-02T16:00:00+00:00
AIRFLOW_CTX_TRY_NUMBER=1
AIRFLOW_CTX_DAG_RUN_ID=scheduled__2021-11-02T16:00:00+00:00
[2022-08-23 12:08:44,732] {subprocess.py:62} INFO - Tmp dir root location: 
 /tmp
[2022-08-23 12:08:44,734] {subprocess.py:74} INFO - Running command: ['bash', '-c', 'sleep 5']
[2022-08-23 12:08:44,744] {subprocess.py:85} INFO - Output:
[2022-08-23 12:08:49,747] {subprocess.py:96} INFO - Command exited with return code 0
[2022-08-23 12:08:49,773] {taskinstance.py:1420} INFO - Marking task as SUCCESS. dag_id=raizen_lab_01, task_id=sleep, execution_date=20211102T160000, start_date=20220823T120844, end_date=20220823T120849
[2022-08-23 12:08:49,805] {local_task_job.py:156} INFO - Task exited with return code 0
[2022-08-23 12:08:49,896] {local_task_job.py:273} INFO - 0 downstream tasks scheduled from follow-on schedule check
