[2022-08-23 12:05:39,078] {taskinstance.py:1179} INFO - Dependencies all met for <TaskInstance: raizen_lab_01.print_hello scheduled__2021-10-24T10:00:00+00:00 [queued]>
[2022-08-23 12:05:39,091] {taskinstance.py:1179} INFO - Dependencies all met for <TaskInstance: raizen_lab_01.print_hello scheduled__2021-10-24T10:00:00+00:00 [queued]>
[2022-08-23 12:05:39,092] {taskinstance.py:1376} INFO - 
--------------------------------------------------------------------------------
[2022-08-23 12:05:39,092] {taskinstance.py:1377} INFO - Starting attempt 1 of 2
[2022-08-23 12:05:39,093] {taskinstance.py:1378} INFO - 
--------------------------------------------------------------------------------
[2022-08-23 12:05:39,111] {taskinstance.py:1397} INFO - Executing <Task(BashOperator): print_hello> on 2021-10-24 10:00:00+00:00
[2022-08-23 12:05:39,116] {standard_task_runner.py:52} INFO - Started process 111 to run task
[2022-08-23 12:05:39,120] {standard_task_runner.py:79} INFO - Running: ['***', 'tasks', 'run', 'raizen_lab_01', 'print_hello', 'scheduled__2021-10-24T10:00:00+00:00', '--job-id', '2639', '--raw', '--subdir', 'DAGS_FOLDER/raizen_lab_01.py', '--cfg-path', '/tmp/tmp3a5inz6x', '--error-file', '/tmp/tmpe_hatqaa']
[2022-08-23 12:05:39,120] {standard_task_runner.py:80} INFO - Job 2639: Subtask print_hello
[2022-08-23 12:05:39,219] {task_command.py:371} INFO - Running <TaskInstance: raizen_lab_01.print_hello scheduled__2021-10-24T10:00:00+00:00 [running]> on host 67b6bdae536e
[2022-08-23 12:05:39,341] {taskinstance.py:1591} INFO - Exporting the following env vars:
AIRFLOW_CTX_DAG_OWNER=admin
AIRFLOW_CTX_DAG_ID=raizen_lab_01
AIRFLOW_CTX_TASK_ID=print_hello
AIRFLOW_CTX_EXECUTION_DATE=2021-10-24T10:00:00+00:00
AIRFLOW_CTX_TRY_NUMBER=1
AIRFLOW_CTX_DAG_RUN_ID=scheduled__2021-10-24T10:00:00+00:00
[2022-08-23 12:05:39,343] {subprocess.py:62} INFO - Tmp dir root location: 
 /tmp
[2022-08-23 12:05:39,344] {subprocess.py:74} INFO - Running command: ['bash', '-c', 'echo "hello"']
[2022-08-23 12:05:39,359] {subprocess.py:85} INFO - Output:
[2022-08-23 12:05:39,360] {subprocess.py:92} INFO - hello
[2022-08-23 12:05:39,361] {subprocess.py:96} INFO - Command exited with return code 0
[2022-08-23 12:05:39,410] {taskinstance.py:1420} INFO - Marking task as SUCCESS. dag_id=raizen_lab_01, task_id=print_hello, execution_date=20211024T100000, start_date=20220823T120539, end_date=20220823T120539
[2022-08-23 12:05:39,452] {local_task_job.py:156} INFO - Task exited with return code 0
[2022-08-23 12:05:39,565] {local_task_job.py:273} INFO - 1 downstream tasks scheduled from follow-on schedule check
