[2022-08-23 12:33:56,591] {taskinstance.py:1179} INFO - Dependencies all met for <TaskInstance: raizen_lab_01.print_hello scheduled__2021-12-14T06:00:00+00:00 [queued]>
[2022-08-23 12:33:56,602] {taskinstance.py:1179} INFO - Dependencies all met for <TaskInstance: raizen_lab_01.print_hello scheduled__2021-12-14T06:00:00+00:00 [queued]>
[2022-08-23 12:33:56,602] {taskinstance.py:1376} INFO - 
--------------------------------------------------------------------------------
[2022-08-23 12:33:56,602] {taskinstance.py:1377} INFO - Starting attempt 1 of 2
[2022-08-23 12:33:56,603] {taskinstance.py:1378} INFO - 
--------------------------------------------------------------------------------
[2022-08-23 12:33:56,627] {taskinstance.py:1397} INFO - Executing <Task(BashOperator): print_hello> on 2021-12-14 06:00:00+00:00
[2022-08-23 12:33:56,634] {standard_task_runner.py:52} INFO - Started process 10817 to run task
[2022-08-23 12:33:56,639] {standard_task_runner.py:79} INFO - Running: ['***', 'tasks', 'run', 'raizen_lab_01', 'print_hello', 'scheduled__2021-12-14T06:00:00+00:00', '--job-id', '6300', '--raw', '--subdir', 'DAGS_FOLDER/raizen_lab_01.py', '--cfg-path', '/tmp/tmpr2ek1sjz', '--error-file', '/tmp/tmp_j915_7p']
[2022-08-23 12:33:56,641] {standard_task_runner.py:80} INFO - Job 6300: Subtask print_hello
[2022-08-23 12:33:56,753] {task_command.py:371} INFO - Running <TaskInstance: raizen_lab_01.print_hello scheduled__2021-12-14T06:00:00+00:00 [running]> on host 6383a3236c72
[2022-08-23 12:33:56,855] {taskinstance.py:1591} INFO - Exporting the following env vars:
AIRFLOW_CTX_DAG_OWNER=admin
AIRFLOW_CTX_DAG_ID=raizen_lab_01
AIRFLOW_CTX_TASK_ID=print_hello
AIRFLOW_CTX_EXECUTION_DATE=2021-12-14T06:00:00+00:00
AIRFLOW_CTX_TRY_NUMBER=1
AIRFLOW_CTX_DAG_RUN_ID=scheduled__2021-12-14T06:00:00+00:00
[2022-08-23 12:33:56,857] {subprocess.py:62} INFO - Tmp dir root location: 
 /tmp
[2022-08-23 12:33:56,858] {subprocess.py:74} INFO - Running command: ['bash', '-c', 'echo "hello"']
[2022-08-23 12:33:56,871] {subprocess.py:85} INFO - Output:
[2022-08-23 12:33:56,873] {subprocess.py:92} INFO - hello
[2022-08-23 12:33:56,873] {subprocess.py:96} INFO - Command exited with return code 0
[2022-08-23 12:33:56,930] {taskinstance.py:1420} INFO - Marking task as SUCCESS. dag_id=raizen_lab_01, task_id=print_hello, execution_date=20211214T060000, start_date=20220823T123356, end_date=20220823T123356
[2022-08-23 12:33:56,971] {local_task_job.py:156} INFO - Task exited with return code 0
[2022-08-23 12:33:57,041] {local_task_job.py:273} INFO - 1 downstream tasks scheduled from follow-on schedule check
