[2022-08-23 11:30:08,969] {taskinstance.py:1179} INFO - Dependencies all met for <TaskInstance: raizen_lab_01.sleep scheduled__2021-09-24T04:00:00+00:00 [queued]>
[2022-08-23 11:30:08,982] {taskinstance.py:1179} INFO - Dependencies all met for <TaskInstance: raizen_lab_01.sleep scheduled__2021-09-24T04:00:00+00:00 [queued]>
[2022-08-23 11:30:08,983] {taskinstance.py:1376} INFO - 
--------------------------------------------------------------------------------
[2022-08-23 11:30:08,983] {taskinstance.py:1377} INFO - Starting attempt 1 of 2
[2022-08-23 11:30:08,984] {taskinstance.py:1378} INFO - 
--------------------------------------------------------------------------------
[2022-08-23 11:30:09,004] {taskinstance.py:1397} INFO - Executing <Task(BashOperator): sleep> on 2021-09-24 04:00:00+00:00
[2022-08-23 11:30:09,012] {standard_task_runner.py:52} INFO - Started process 1240 to run task
[2022-08-23 11:30:09,019] {standard_task_runner.py:79} INFO - Running: ['***', 'tasks', 'run', 'raizen_lab_01', 'sleep', 'scheduled__2021-09-24T04:00:00+00:00', '--job-id', '458', '--raw', '--subdir', 'DAGS_FOLDER/raizen_lab_01.py', '--cfg-path', '/tmp/tmpr6wrdyu2', '--error-file', '/tmp/tmp0on66dpr']
[2022-08-23 11:30:09,020] {standard_task_runner.py:80} INFO - Job 458: Subtask sleep
[2022-08-23 11:30:09,169] {task_command.py:371} INFO - Running <TaskInstance: raizen_lab_01.sleep scheduled__2021-09-24T04:00:00+00:00 [running]> on host 7f48b7aaf0fc
[2022-08-23 11:30:09,402] {taskinstance.py:1591} INFO - Exporting the following env vars:
AIRFLOW_CTX_DAG_OWNER=admin
AIRFLOW_CTX_DAG_ID=raizen_lab_01
AIRFLOW_CTX_TASK_ID=sleep
AIRFLOW_CTX_EXECUTION_DATE=2021-09-24T04:00:00+00:00
AIRFLOW_CTX_TRY_NUMBER=1
AIRFLOW_CTX_DAG_RUN_ID=scheduled__2021-09-24T04:00:00+00:00
[2022-08-23 11:30:09,405] {subprocess.py:62} INFO - Tmp dir root location: 
 /tmp
[2022-08-23 11:30:09,406] {subprocess.py:74} INFO - Running command: ['bash', '-c', 'sleep 5']
[2022-08-23 11:30:09,427] {subprocess.py:85} INFO - Output:
[2022-08-23 11:30:14,433] {subprocess.py:96} INFO - Command exited with return code 0
[2022-08-23 11:30:14,494] {taskinstance.py:1420} INFO - Marking task as SUCCESS. dag_id=raizen_lab_01, task_id=sleep, execution_date=20210924T040000, start_date=20220823T113008, end_date=20220823T113014
[2022-08-23 11:30:14,557] {local_task_job.py:156} INFO - Task exited with return code 0
[2022-08-23 11:30:14,622] {local_task_job.py:273} INFO - 1 downstream tasks scheduled from follow-on schedule check
