[2022-08-23 16:13:54,398] {taskinstance.py:1179} INFO - Dependencies all met for <TaskInstance: raizen_lab_01.step_01 scheduled__2022-01-04T11:00:00+00:00 [queued]>
[2022-08-23 16:13:54,417] {taskinstance.py:1179} INFO - Dependencies all met for <TaskInstance: raizen_lab_01.step_01 scheduled__2022-01-04T11:00:00+00:00 [queued]>
[2022-08-23 16:13:54,418] {taskinstance.py:1376} INFO - 
--------------------------------------------------------------------------------
[2022-08-23 16:13:54,418] {taskinstance.py:1377} INFO - Starting attempt 1 of 2
[2022-08-23 16:13:54,420] {taskinstance.py:1378} INFO - 
--------------------------------------------------------------------------------
[2022-08-23 16:13:54,452] {taskinstance.py:1397} INFO - Executing <Task(BashOperator): step_01> on 2022-01-04 11:00:00+00:00
[2022-08-23 16:13:54,461] {standard_task_runner.py:52} INFO - Started process 355 to run task
[2022-08-23 16:13:54,466] {standard_task_runner.py:79} INFO - Running: ['***', 'tasks', 'run', 'raizen_lab_01', 'step_01', 'scheduled__2022-01-04T11:00:00+00:00', '--job-id', '8035', '--raw', '--subdir', 'DAGS_FOLDER/raizen_lab_01.py', '--cfg-path', '/tmp/tmp3v6uhvpy', '--error-file', '/tmp/tmpe4cx0m2k']
[2022-08-23 16:13:54,469] {standard_task_runner.py:80} INFO - Job 8035: Subtask step_01
[2022-08-23 16:13:54,570] {task_command.py:371} INFO - Running <TaskInstance: raizen_lab_01.step_01 scheduled__2022-01-04T11:00:00+00:00 [running]> on host 8790b68fb5bc
[2022-08-23 16:13:54,671] {taskinstance.py:1591} INFO - Exporting the following env vars:
AIRFLOW_CTX_DAG_OWNER=admin
AIRFLOW_CTX_DAG_ID=raizen_lab_01
AIRFLOW_CTX_TASK_ID=step_01
AIRFLOW_CTX_EXECUTION_DATE=2022-01-04T11:00:00+00:00
AIRFLOW_CTX_TRY_NUMBER=1
AIRFLOW_CTX_DAG_RUN_ID=scheduled__2022-01-04T11:00:00+00:00
[2022-08-23 16:13:54,673] {subprocess.py:62} INFO - Tmp dir root location: 
 /tmp
[2022-08-23 16:13:54,674] {subprocess.py:74} INFO - Running command: ['bash', '-c', 'echo "hello"']
[2022-08-23 16:13:54,688] {subprocess.py:85} INFO - Output:
[2022-08-23 16:13:54,690] {subprocess.py:92} INFO - hello
[2022-08-23 16:13:54,691] {subprocess.py:96} INFO - Command exited with return code 0
[2022-08-23 16:13:54,750] {taskinstance.py:1420} INFO - Marking task as SUCCESS. dag_id=raizen_lab_01, task_id=step_01, execution_date=20220104T110000, start_date=20220823T161354, end_date=20220823T161354
[2022-08-23 16:13:54,798] {local_task_job.py:156} INFO - Task exited with return code 0
[2022-08-23 16:13:55,033] {local_task_job.py:273} INFO - 0 downstream tasks scheduled from follow-on schedule check
