[2022-08-23 12:21:08,149] {taskinstance.py:1179} INFO - Dependencies all met for <TaskInstance: raizen_lab_01.print_hello scheduled__2021-11-10T12:00:00+00:00 [queued]>
[2022-08-23 12:21:08,157] {taskinstance.py:1179} INFO - Dependencies all met for <TaskInstance: raizen_lab_01.print_hello scheduled__2021-11-10T12:00:00+00:00 [queued]>
[2022-08-23 12:21:08,158] {taskinstance.py:1376} INFO - 
--------------------------------------------------------------------------------
[2022-08-23 12:21:08,158] {taskinstance.py:1377} INFO - Starting attempt 1 of 2
[2022-08-23 12:21:08,158] {taskinstance.py:1378} INFO - 
--------------------------------------------------------------------------------
[2022-08-23 12:21:08,175] {taskinstance.py:1397} INFO - Executing <Task(BashOperator): print_hello> on 2021-11-10 12:00:00+00:00
[2022-08-23 12:21:08,182] {standard_task_runner.py:52} INFO - Started process 1360 to run task
[2022-08-23 12:21:08,186] {standard_task_runner.py:79} INFO - Running: ['***', 'tasks', 'run', 'raizen_lab_01', 'print_hello', 'scheduled__2021-11-10T12:00:00+00:00', '--job-id', '3885', '--raw', '--subdir', 'DAGS_FOLDER/raizen_lab_01.py', '--cfg-path', '/tmp/tmp4zyc79e7', '--error-file', '/tmp/tmp1w76yy68']
[2022-08-23 12:21:08,189] {standard_task_runner.py:80} INFO - Job 3885: Subtask print_hello
[2022-08-23 12:21:08,261] {task_command.py:371} INFO - Running <TaskInstance: raizen_lab_01.print_hello scheduled__2021-11-10T12:00:00+00:00 [running]> on host 6383a3236c72
[2022-08-23 12:21:08,332] {taskinstance.py:1591} INFO - Exporting the following env vars:
AIRFLOW_CTX_DAG_OWNER=admin
AIRFLOW_CTX_DAG_ID=raizen_lab_01
AIRFLOW_CTX_TASK_ID=print_hello
AIRFLOW_CTX_EXECUTION_DATE=2021-11-10T12:00:00+00:00
AIRFLOW_CTX_TRY_NUMBER=1
AIRFLOW_CTX_DAG_RUN_ID=scheduled__2021-11-10T12:00:00+00:00
[2022-08-23 12:21:08,336] {subprocess.py:62} INFO - Tmp dir root location: 
 /tmp
[2022-08-23 12:21:08,337] {subprocess.py:74} INFO - Running command: ['bash', '-c', 'echo "hello"']
[2022-08-23 12:21:08,366] {subprocess.py:85} INFO - Output:
[2022-08-23 12:21:08,369] {subprocess.py:92} INFO - hello
[2022-08-23 12:21:08,370] {subprocess.py:96} INFO - Command exited with return code 0
[2022-08-23 12:21:08,428] {taskinstance.py:1420} INFO - Marking task as SUCCESS. dag_id=raizen_lab_01, task_id=print_hello, execution_date=20211110T120000, start_date=20220823T122108, end_date=20220823T122108
[2022-08-23 12:21:08,479] {local_task_job.py:156} INFO - Task exited with return code 0
[2022-08-23 12:21:08,552] {local_task_job.py:273} INFO - 0 downstream tasks scheduled from follow-on schedule check
