[2022-08-23 13:09:49,143] {taskinstance.py:1179} INFO - Dependencies all met for <TaskInstance: raizen_lab_01.sleep scheduled__2021-12-26T11:00:00+00:00 [queued]>
[2022-08-23 13:09:49,156] {taskinstance.py:1179} INFO - Dependencies all met for <TaskInstance: raizen_lab_01.sleep scheduled__2021-12-26T11:00:00+00:00 [queued]>
[2022-08-23 13:09:49,156] {taskinstance.py:1376} INFO - 
--------------------------------------------------------------------------------
[2022-08-23 13:09:49,157] {taskinstance.py:1377} INFO - Starting attempt 1 of 2
[2022-08-23 13:09:49,157] {taskinstance.py:1378} INFO - 
--------------------------------------------------------------------------------
[2022-08-23 13:09:49,176] {taskinstance.py:1397} INFO - Executing <Task(BashOperator): sleep> on 2021-12-26 11:00:00+00:00
[2022-08-23 13:09:49,182] {standard_task_runner.py:52} INFO - Started process 486 to run task
[2022-08-23 13:09:49,186] {standard_task_runner.py:79} INFO - Running: ['***', 'tasks', 'run', 'raizen_lab_01', 'sleep', 'scheduled__2021-12-26T11:00:00+00:00', '--job-id', '7191', '--raw', '--subdir', 'DAGS_FOLDER/raizen_lab_01.py', '--cfg-path', '/tmp/tmprexs5g7u', '--error-file', '/tmp/tmpfqaqzt9o']
[2022-08-23 13:09:49,187] {standard_task_runner.py:80} INFO - Job 7191: Subtask sleep
[2022-08-23 13:09:49,261] {task_command.py:371} INFO - Running <TaskInstance: raizen_lab_01.sleep scheduled__2021-12-26T11:00:00+00:00 [running]> on host 965856c951e3
[2022-08-23 13:09:49,347] {taskinstance.py:1591} INFO - Exporting the following env vars:
AIRFLOW_CTX_DAG_OWNER=admin
AIRFLOW_CTX_DAG_ID=raizen_lab_01
AIRFLOW_CTX_TASK_ID=sleep
AIRFLOW_CTX_EXECUTION_DATE=2021-12-26T11:00:00+00:00
AIRFLOW_CTX_TRY_NUMBER=1
AIRFLOW_CTX_DAG_RUN_ID=scheduled__2021-12-26T11:00:00+00:00
[2022-08-23 13:09:49,350] {subprocess.py:62} INFO - Tmp dir root location: 
 /tmp
[2022-08-23 13:09:49,352] {subprocess.py:74} INFO - Running command: ['bash', '-c', 'sleep 5']
[2022-08-23 13:09:49,367] {subprocess.py:85} INFO - Output:
[2022-08-23 13:09:54,371] {subprocess.py:96} INFO - Command exited with return code 0
[2022-08-23 13:09:54,447] {taskinstance.py:1420} INFO - Marking task as SUCCESS. dag_id=raizen_lab_01, task_id=sleep, execution_date=20211226T110000, start_date=20220823T130949, end_date=20220823T130954
[2022-08-23 13:09:54,495] {local_task_job.py:156} INFO - Task exited with return code 0
[2022-08-23 13:09:54,567] {local_task_job.py:273} INFO - 1 downstream tasks scheduled from follow-on schedule check
