[2022-08-23 11:35:04,072] {taskinstance.py:1179} INFO - Dependencies all met for <TaskInstance: raizen_lab_01.sleep scheduled__2021-10-05T13:00:00+00:00 [queued]>
[2022-08-23 11:35:04,086] {taskinstance.py:1179} INFO - Dependencies all met for <TaskInstance: raizen_lab_01.sleep scheduled__2021-10-05T13:00:00+00:00 [queued]>
[2022-08-23 11:35:04,086] {taskinstance.py:1376} INFO - 
--------------------------------------------------------------------------------
[2022-08-23 11:35:04,087] {taskinstance.py:1377} INFO - Starting attempt 1 of 2
[2022-08-23 11:35:04,087] {taskinstance.py:1378} INFO - 
--------------------------------------------------------------------------------
[2022-08-23 11:35:04,109] {taskinstance.py:1397} INFO - Executing <Task(BashOperator): sleep> on 2021-10-05 13:00:00+00:00
[2022-08-23 11:35:04,115] {standard_task_runner.py:52} INFO - Started process 3622 to run task
[2022-08-23 11:35:04,120] {standard_task_runner.py:79} INFO - Running: ['***', 'tasks', 'run', 'raizen_lab_01', 'sleep', 'scheduled__2021-10-05T13:00:00+00:00', '--job-id', '1271', '--raw', '--subdir', 'DAGS_FOLDER/raizen_lab_01.py', '--cfg-path', '/tmp/tmpnw2mtrq1', '--error-file', '/tmp/tmpuf7dk1fw']
[2022-08-23 11:35:04,120] {standard_task_runner.py:80} INFO - Job 1271: Subtask sleep
[2022-08-23 11:35:04,212] {task_command.py:371} INFO - Running <TaskInstance: raizen_lab_01.sleep scheduled__2021-10-05T13:00:00+00:00 [running]> on host 7f48b7aaf0fc
[2022-08-23 11:35:04,315] {taskinstance.py:1591} INFO - Exporting the following env vars:
AIRFLOW_CTX_DAG_OWNER=admin
AIRFLOW_CTX_DAG_ID=raizen_lab_01
AIRFLOW_CTX_TASK_ID=sleep
AIRFLOW_CTX_EXECUTION_DATE=2021-10-05T13:00:00+00:00
AIRFLOW_CTX_TRY_NUMBER=1
AIRFLOW_CTX_DAG_RUN_ID=scheduled__2021-10-05T13:00:00+00:00
[2022-08-23 11:35:04,317] {subprocess.py:62} INFO - Tmp dir root location: 
 /tmp
[2022-08-23 11:35:04,318] {subprocess.py:74} INFO - Running command: ['bash', '-c', 'sleep 5']
[2022-08-23 11:35:04,328] {subprocess.py:85} INFO - Output:
[2022-08-23 11:35:09,331] {subprocess.py:96} INFO - Command exited with return code 0
[2022-08-23 11:35:09,382] {taskinstance.py:1420} INFO - Marking task as SUCCESS. dag_id=raizen_lab_01, task_id=sleep, execution_date=20211005T130000, start_date=20220823T113504, end_date=20220823T113509
[2022-08-23 11:35:09,417] {local_task_job.py:156} INFO - Task exited with return code 0
[2022-08-23 11:35:09,462] {local_task_job.py:273} INFO - 1 downstream tasks scheduled from follow-on schedule check
