[2022-08-23 12:08:32,505] {taskinstance.py:1179} INFO - Dependencies all met for <TaskInstance: raizen_lab_01.print_hello scheduled__2021-11-02T08:00:00+00:00 [queued]>
[2022-08-23 12:08:32,519] {taskinstance.py:1179} INFO - Dependencies all met for <TaskInstance: raizen_lab_01.print_hello scheduled__2021-11-02T08:00:00+00:00 [queued]>
[2022-08-23 12:08:32,520] {taskinstance.py:1376} INFO - 
--------------------------------------------------------------------------------
[2022-08-23 12:08:32,520] {taskinstance.py:1377} INFO - Starting attempt 1 of 2
[2022-08-23 12:08:32,521] {taskinstance.py:1378} INFO - 
--------------------------------------------------------------------------------
[2022-08-23 12:08:32,543] {taskinstance.py:1397} INFO - Executing <Task(BashOperator): print_hello> on 2021-11-02 08:00:00+00:00
[2022-08-23 12:08:32,549] {standard_task_runner.py:52} INFO - Started process 1948 to run task
[2022-08-23 12:08:32,553] {standard_task_runner.py:79} INFO - Running: ['***', 'tasks', 'run', 'raizen_lab_01', 'print_hello', 'scheduled__2021-11-02T08:00:00+00:00', '--job-id', '3276', '--raw', '--subdir', 'DAGS_FOLDER/raizen_lab_01.py', '--cfg-path', '/tmp/tmpgztp12qr', '--error-file', '/tmp/tmpgqlvt6je']
[2022-08-23 12:08:32,554] {standard_task_runner.py:80} INFO - Job 3276: Subtask print_hello
[2022-08-23 12:08:32,629] {task_command.py:371} INFO - Running <TaskInstance: raizen_lab_01.print_hello scheduled__2021-11-02T08:00:00+00:00 [running]> on host 67b6bdae536e
[2022-08-23 12:08:32,701] {taskinstance.py:1591} INFO - Exporting the following env vars:
AIRFLOW_CTX_DAG_OWNER=admin
AIRFLOW_CTX_DAG_ID=raizen_lab_01
AIRFLOW_CTX_TASK_ID=print_hello
AIRFLOW_CTX_EXECUTION_DATE=2021-11-02T08:00:00+00:00
AIRFLOW_CTX_TRY_NUMBER=1
AIRFLOW_CTX_DAG_RUN_ID=scheduled__2021-11-02T08:00:00+00:00
[2022-08-23 12:08:32,702] {subprocess.py:62} INFO - Tmp dir root location: 
 /tmp
[2022-08-23 12:08:32,703] {subprocess.py:74} INFO - Running command: ['bash', '-c', 'echo "hello"']
[2022-08-23 12:08:32,714] {subprocess.py:85} INFO - Output:
[2022-08-23 12:08:32,716] {subprocess.py:92} INFO - hello
[2022-08-23 12:08:32,717] {subprocess.py:96} INFO - Command exited with return code 0
[2022-08-23 12:08:32,755] {taskinstance.py:1420} INFO - Marking task as SUCCESS. dag_id=raizen_lab_01, task_id=print_hello, execution_date=20211102T080000, start_date=20220823T120832, end_date=20220823T120832
[2022-08-23 12:08:32,805] {local_task_job.py:156} INFO - Task exited with return code 0
[2022-08-23 12:08:32,854] {local_task_job.py:273} INFO - 1 downstream tasks scheduled from follow-on schedule check
