[2022-08-23 11:30:02,553] {taskinstance.py:1179} INFO - Dependencies all met for <TaskInstance: raizen_lab_01.print_world scheduled__2021-09-23T18:00:00+00:00 [queued]>
[2022-08-23 11:30:02,581] {taskinstance.py:1179} INFO - Dependencies all met for <TaskInstance: raizen_lab_01.print_world scheduled__2021-09-23T18:00:00+00:00 [queued]>
[2022-08-23 11:30:02,581] {taskinstance.py:1376} INFO - 
--------------------------------------------------------------------------------
[2022-08-23 11:30:02,582] {taskinstance.py:1377} INFO - Starting attempt 1 of 2
[2022-08-23 11:30:02,583] {taskinstance.py:1378} INFO - 
--------------------------------------------------------------------------------
[2022-08-23 11:30:02,615] {taskinstance.py:1397} INFO - Executing <Task(PythonOperator): print_world> on 2021-09-23 18:00:00+00:00
[2022-08-23 11:30:02,625] {standard_task_runner.py:52} INFO - Started process 1181 to run task
[2022-08-23 11:30:02,630] {standard_task_runner.py:79} INFO - Running: ['***', 'tasks', 'run', 'raizen_lab_01', 'print_world', 'scheduled__2021-09-23T18:00:00+00:00', '--job-id', '439', '--raw', '--subdir', 'DAGS_FOLDER/raizen_lab_01.py', '--cfg-path', '/tmp/tmpnxxouon_', '--error-file', '/tmp/tmpsf_ihoq2']
[2022-08-23 11:30:02,631] {standard_task_runner.py:80} INFO - Job 439: Subtask print_world
[2022-08-23 11:30:02,780] {task_command.py:371} INFO - Running <TaskInstance: raizen_lab_01.print_world scheduled__2021-09-23T18:00:00+00:00 [running]> on host 7f48b7aaf0fc
[2022-08-23 11:30:02,896] {taskinstance.py:1591} INFO - Exporting the following env vars:
AIRFLOW_CTX_DAG_OWNER=admin
AIRFLOW_CTX_DAG_ID=raizen_lab_01
AIRFLOW_CTX_TASK_ID=print_world
AIRFLOW_CTX_EXECUTION_DATE=2021-09-23T18:00:00+00:00
AIRFLOW_CTX_TRY_NUMBER=1
AIRFLOW_CTX_DAG_RUN_ID=scheduled__2021-09-23T18:00:00+00:00
[2022-08-23 11:30:02,898] {logging_mixin.py:115} INFO - world
[2022-08-23 11:30:02,898] {python.py:173} INFO - Done. Returned value was: None
[2022-08-23 11:30:02,917] {taskinstance.py:1420} INFO - Marking task as SUCCESS. dag_id=raizen_lab_01, task_id=print_world, execution_date=20210923T180000, start_date=20220823T113002, end_date=20220823T113002
[2022-08-23 11:30:02,963] {local_task_job.py:156} INFO - Task exited with return code 0
[2022-08-23 11:30:03,014] {local_task_job.py:273} INFO - 0 downstream tasks scheduled from follow-on schedule check
