[2022-08-23 12:08:33,327] {taskinstance.py:1179} INFO - Dependencies all met for <TaskInstance: raizen_lab_01.print_hello scheduled__2021-11-02T11:00:00+00:00 [queued]>
[2022-08-23 12:08:33,335] {taskinstance.py:1179} INFO - Dependencies all met for <TaskInstance: raizen_lab_01.print_hello scheduled__2021-11-02T11:00:00+00:00 [queued]>
[2022-08-23 12:08:33,336] {taskinstance.py:1376} INFO - 
--------------------------------------------------------------------------------
[2022-08-23 12:08:33,336] {taskinstance.py:1377} INFO - Starting attempt 1 of 2
[2022-08-23 12:08:33,336] {taskinstance.py:1378} INFO - 
--------------------------------------------------------------------------------
[2022-08-23 12:08:33,354] {taskinstance.py:1397} INFO - Executing <Task(BashOperator): print_hello> on 2021-11-02 11:00:00+00:00
[2022-08-23 12:08:33,359] {standard_task_runner.py:52} INFO - Started process 1968 to run task
[2022-08-23 12:08:33,362] {standard_task_runner.py:79} INFO - Running: ['***', 'tasks', 'run', 'raizen_lab_01', 'print_hello', 'scheduled__2021-11-02T11:00:00+00:00', '--job-id', '3282', '--raw', '--subdir', 'DAGS_FOLDER/raizen_lab_01.py', '--cfg-path', '/tmp/tmpw5228l7l', '--error-file', '/tmp/tmp2xuhopkr']
[2022-08-23 12:08:33,363] {standard_task_runner.py:80} INFO - Job 3282: Subtask print_hello
[2022-08-23 12:08:33,426] {task_command.py:371} INFO - Running <TaskInstance: raizen_lab_01.print_hello scheduled__2021-11-02T11:00:00+00:00 [running]> on host 67b6bdae536e
[2022-08-23 12:08:33,500] {taskinstance.py:1591} INFO - Exporting the following env vars:
AIRFLOW_CTX_DAG_OWNER=admin
AIRFLOW_CTX_DAG_ID=raizen_lab_01
AIRFLOW_CTX_TASK_ID=print_hello
AIRFLOW_CTX_EXECUTION_DATE=2021-11-02T11:00:00+00:00
AIRFLOW_CTX_TRY_NUMBER=1
AIRFLOW_CTX_DAG_RUN_ID=scheduled__2021-11-02T11:00:00+00:00
[2022-08-23 12:08:33,501] {subprocess.py:62} INFO - Tmp dir root location: 
 /tmp
[2022-08-23 12:08:33,502] {subprocess.py:74} INFO - Running command: ['bash', '-c', 'echo "hello"']
[2022-08-23 12:08:33,512] {subprocess.py:85} INFO - Output:
[2022-08-23 12:08:33,513] {subprocess.py:92} INFO - hello
[2022-08-23 12:08:33,514] {subprocess.py:96} INFO - Command exited with return code 0
[2022-08-23 12:08:33,540] {taskinstance.py:1420} INFO - Marking task as SUCCESS. dag_id=raizen_lab_01, task_id=print_hello, execution_date=20211102T110000, start_date=20220823T120833, end_date=20220823T120833
[2022-08-23 12:08:33,574] {local_task_job.py:156} INFO - Task exited with return code 0
[2022-08-23 12:08:33,608] {local_task_job.py:273} INFO - 1 downstream tasks scheduled from follow-on schedule check
