[2022-08-23 12:09:12,314] {taskinstance.py:1179} INFO - Dependencies all met for <TaskInstance: raizen_lab_01.sleep scheduled__2021-11-04T10:00:00+00:00 [queued]>
[2022-08-23 12:09:12,325] {taskinstance.py:1179} INFO - Dependencies all met for <TaskInstance: raizen_lab_01.sleep scheduled__2021-11-04T10:00:00+00:00 [queued]>
[2022-08-23 12:09:12,325] {taskinstance.py:1376} INFO - 
--------------------------------------------------------------------------------
[2022-08-23 12:09:12,325] {taskinstance.py:1377} INFO - Starting attempt 1 of 2
[2022-08-23 12:09:12,326] {taskinstance.py:1378} INFO - 
--------------------------------------------------------------------------------
[2022-08-23 12:09:12,340] {taskinstance.py:1397} INFO - Executing <Task(BashOperator): sleep> on 2021-11-04 10:00:00+00:00
[2022-08-23 12:09:12,344] {standard_task_runner.py:52} INFO - Started process 2389 to run task
[2022-08-23 12:09:12,347] {standard_task_runner.py:79} INFO - Running: ['***', 'tasks', 'run', 'raizen_lab_01', 'sleep', 'scheduled__2021-11-04T10:00:00+00:00', '--job-id', '3430', '--raw', '--subdir', 'DAGS_FOLDER/raizen_lab_01.py', '--cfg-path', '/tmp/tmp4flv5b_b', '--error-file', '/tmp/tmpmshh02gi']
[2022-08-23 12:09:12,348] {standard_task_runner.py:80} INFO - Job 3430: Subtask sleep
[2022-08-23 12:09:12,416] {task_command.py:371} INFO - Running <TaskInstance: raizen_lab_01.sleep scheduled__2021-11-04T10:00:00+00:00 [running]> on host 67b6bdae536e
[2022-08-23 12:09:12,488] {taskinstance.py:1591} INFO - Exporting the following env vars:
AIRFLOW_CTX_DAG_OWNER=admin
AIRFLOW_CTX_DAG_ID=raizen_lab_01
AIRFLOW_CTX_TASK_ID=sleep
AIRFLOW_CTX_EXECUTION_DATE=2021-11-04T10:00:00+00:00
AIRFLOW_CTX_TRY_NUMBER=1
AIRFLOW_CTX_DAG_RUN_ID=scheduled__2021-11-04T10:00:00+00:00
[2022-08-23 12:09:12,490] {subprocess.py:62} INFO - Tmp dir root location: 
 /tmp
[2022-08-23 12:09:12,491] {subprocess.py:74} INFO - Running command: ['bash', '-c', 'sleep 5']
[2022-08-23 12:09:12,501] {subprocess.py:85} INFO - Output:
[2022-08-23 12:09:17,504] {subprocess.py:96} INFO - Command exited with return code 0
[2022-08-23 12:09:17,570] {taskinstance.py:1420} INFO - Marking task as SUCCESS. dag_id=raizen_lab_01, task_id=sleep, execution_date=20211104T100000, start_date=20220823T120912, end_date=20220823T120917
[2022-08-23 12:09:17,611] {local_task_job.py:156} INFO - Task exited with return code 0
[2022-08-23 12:09:17,642] {local_task_job.py:273} INFO - 1 downstream tasks scheduled from follow-on schedule check
