[2022-08-23 11:33:37,381] {taskinstance.py:1179} INFO - Dependencies all met for <TaskInstance: raizen_lab_01.print_hello scheduled__2021-10-02T11:00:00+00:00 [queued]>
[2022-08-23 11:33:37,400] {taskinstance.py:1179} INFO - Dependencies all met for <TaskInstance: raizen_lab_01.print_hello scheduled__2021-10-02T11:00:00+00:00 [queued]>
[2022-08-23 11:33:37,401] {taskinstance.py:1376} INFO - 
--------------------------------------------------------------------------------
[2022-08-23 11:33:37,401] {taskinstance.py:1377} INFO - Starting attempt 1 of 2
[2022-08-23 11:33:37,402] {taskinstance.py:1378} INFO - 
--------------------------------------------------------------------------------
[2022-08-23 11:33:37,431] {taskinstance.py:1397} INFO - Executing <Task(BashOperator): print_hello> on 2021-10-02 11:00:00+00:00
[2022-08-23 11:33:37,441] {standard_task_runner.py:52} INFO - Started process 2952 to run task
[2022-08-23 11:33:37,447] {standard_task_runner.py:79} INFO - Running: ['***', 'tasks', 'run', 'raizen_lab_01', 'print_hello', 'scheduled__2021-10-02T11:00:00+00:00', '--job-id', '1044', '--raw', '--subdir', 'DAGS_FOLDER/raizen_lab_01.py', '--cfg-path', '/tmp/tmpge_vp44j', '--error-file', '/tmp/tmp274_ke4e']
[2022-08-23 11:33:37,447] {standard_task_runner.py:80} INFO - Job 1044: Subtask print_hello
[2022-08-23 11:33:37,555] {task_command.py:371} INFO - Running <TaskInstance: raizen_lab_01.print_hello scheduled__2021-10-02T11:00:00+00:00 [running]> on host 7f48b7aaf0fc
[2022-08-23 11:33:37,693] {taskinstance.py:1591} INFO - Exporting the following env vars:
AIRFLOW_CTX_DAG_OWNER=admin
AIRFLOW_CTX_DAG_ID=raizen_lab_01
AIRFLOW_CTX_TASK_ID=print_hello
AIRFLOW_CTX_EXECUTION_DATE=2021-10-02T11:00:00+00:00
AIRFLOW_CTX_TRY_NUMBER=1
AIRFLOW_CTX_DAG_RUN_ID=scheduled__2021-10-02T11:00:00+00:00
[2022-08-23 11:33:37,695] {subprocess.py:62} INFO - Tmp dir root location: 
 /tmp
[2022-08-23 11:33:37,697] {subprocess.py:74} INFO - Running command: ['bash', '-c', 'echo "hello"']
[2022-08-23 11:33:37,720] {subprocess.py:85} INFO - Output:
[2022-08-23 11:33:37,723] {subprocess.py:92} INFO - hello
[2022-08-23 11:33:37,724] {subprocess.py:96} INFO - Command exited with return code 0
[2022-08-23 11:33:37,794] {taskinstance.py:1420} INFO - Marking task as SUCCESS. dag_id=raizen_lab_01, task_id=print_hello, execution_date=20211002T110000, start_date=20220823T113337, end_date=20220823T113337
[2022-08-23 11:33:37,862] {local_task_job.py:156} INFO - Task exited with return code 0
[2022-08-23 11:33:37,952] {local_task_job.py:273} INFO - 1 downstream tasks scheduled from follow-on schedule check
