[2022-08-23 11:29:04,436] {taskinstance.py:1179} INFO - Dependencies all met for <TaskInstance: raizen_lab_01.sleep scheduled__2021-09-21T19:00:00+00:00 [queued]>
[2022-08-23 11:29:04,457] {taskinstance.py:1179} INFO - Dependencies all met for <TaskInstance: raizen_lab_01.sleep scheduled__2021-09-21T19:00:00+00:00 [queued]>
[2022-08-23 11:29:04,457] {taskinstance.py:1376} INFO - 
--------------------------------------------------------------------------------
[2022-08-23 11:29:04,458] {taskinstance.py:1377} INFO - Starting attempt 1 of 2
[2022-08-23 11:29:04,459] {taskinstance.py:1378} INFO - 
--------------------------------------------------------------------------------
[2022-08-23 11:29:04,493] {taskinstance.py:1397} INFO - Executing <Task(BashOperator): sleep> on 2021-09-21 19:00:00+00:00
[2022-08-23 11:29:04,500] {standard_task_runner.py:52} INFO - Started process 722 to run task
[2022-08-23 11:29:04,507] {standard_task_runner.py:79} INFO - Running: ['***', 'tasks', 'run', 'raizen_lab_01', 'sleep', 'scheduled__2021-09-21T19:00:00+00:00', '--job-id', '279', '--raw', '--subdir', 'DAGS_FOLDER/raizen_lab_01.py', '--cfg-path', '/tmp/tmp9g7384uq', '--error-file', '/tmp/tmpdxa972a4']
[2022-08-23 11:29:04,508] {standard_task_runner.py:80} INFO - Job 279: Subtask sleep
[2022-08-23 11:29:04,595] {task_command.py:371} INFO - Running <TaskInstance: raizen_lab_01.sleep scheduled__2021-09-21T19:00:00+00:00 [running]> on host 7f48b7aaf0fc
[2022-08-23 11:29:04,713] {taskinstance.py:1591} INFO - Exporting the following env vars:
AIRFLOW_CTX_DAG_OWNER=admin
AIRFLOW_CTX_DAG_ID=raizen_lab_01
AIRFLOW_CTX_TASK_ID=sleep
AIRFLOW_CTX_EXECUTION_DATE=2021-09-21T19:00:00+00:00
AIRFLOW_CTX_TRY_NUMBER=1
AIRFLOW_CTX_DAG_RUN_ID=scheduled__2021-09-21T19:00:00+00:00
[2022-08-23 11:29:04,715] {subprocess.py:62} INFO - Tmp dir root location: 
 /tmp
[2022-08-23 11:29:04,716] {subprocess.py:74} INFO - Running command: ['bash', '-c', 'sleep 5']
[2022-08-23 11:29:04,734] {subprocess.py:85} INFO - Output:
[2022-08-23 11:29:09,741] {subprocess.py:96} INFO - Command exited with return code 0
[2022-08-23 11:29:09,783] {taskinstance.py:1420} INFO - Marking task as SUCCESS. dag_id=raizen_lab_01, task_id=sleep, execution_date=20210921T190000, start_date=20220823T112904, end_date=20220823T112909
[2022-08-23 11:29:09,802] {local_task_job.py:156} INFO - Task exited with return code 0
[2022-08-23 11:29:09,855] {local_task_job.py:273} INFO - 1 downstream tasks scheduled from follow-on schedule check
