[2022-08-23 11:59:23,757] {taskinstance.py:1179} INFO - Dependencies all met for <TaskInstance: raizen_lab_01.sleep scheduled__2021-10-23T08:00:00+00:00 [queued]>
[2022-08-23 11:59:23,777] {taskinstance.py:1179} INFO - Dependencies all met for <TaskInstance: raizen_lab_01.sleep scheduled__2021-10-23T08:00:00+00:00 [queued]>
[2022-08-23 11:59:23,778] {taskinstance.py:1376} INFO - 
--------------------------------------------------------------------------------
[2022-08-23 11:59:23,778] {taskinstance.py:1377} INFO - Starting attempt 1 of 2
[2022-08-23 11:59:23,780] {taskinstance.py:1378} INFO - 
--------------------------------------------------------------------------------
[2022-08-23 11:59:23,806] {taskinstance.py:1397} INFO - Executing <Task(BashOperator): sleep> on 2021-10-23 08:00:00+00:00
[2022-08-23 11:59:23,817] {standard_task_runner.py:52} INFO - Started process 580 to run task
[2022-08-23 11:59:23,825] {standard_task_runner.py:79} INFO - Running: ['***', 'tasks', 'run', 'raizen_lab_01', 'sleep', 'scheduled__2021-10-23T08:00:00+00:00', '--job-id', '2561', '--raw', '--subdir', 'DAGS_FOLDER/raizen_lab_01.py', '--cfg-path', '/tmp/tmpwpf6e37t', '--error-file', '/tmp/tmp5ptknifh']
[2022-08-23 11:59:23,827] {standard_task_runner.py:80} INFO - Job 2561: Subtask sleep
[2022-08-23 11:59:23,977] {task_command.py:371} INFO - Running <TaskInstance: raizen_lab_01.sleep scheduled__2021-10-23T08:00:00+00:00 [running]> on host 9f4b06248101
[2022-08-23 11:59:24,094] {taskinstance.py:1591} INFO - Exporting the following env vars:
AIRFLOW_CTX_DAG_OWNER=admin
AIRFLOW_CTX_DAG_ID=raizen_lab_01
AIRFLOW_CTX_TASK_ID=sleep
AIRFLOW_CTX_EXECUTION_DATE=2021-10-23T08:00:00+00:00
AIRFLOW_CTX_TRY_NUMBER=1
AIRFLOW_CTX_DAG_RUN_ID=scheduled__2021-10-23T08:00:00+00:00
[2022-08-23 11:59:24,097] {subprocess.py:62} INFO - Tmp dir root location: 
 /tmp
[2022-08-23 11:59:24,098] {subprocess.py:74} INFO - Running command: ['bash', '-c', 'sleep 5']
[2022-08-23 11:59:24,112] {subprocess.py:85} INFO - Output:
[2022-08-23 11:59:29,119] {subprocess.py:96} INFO - Command exited with return code 0
[2022-08-23 11:59:29,167] {taskinstance.py:1420} INFO - Marking task as SUCCESS. dag_id=raizen_lab_01, task_id=sleep, execution_date=20211023T080000, start_date=20220823T115923, end_date=20220823T115929
[2022-08-23 11:59:29,233] {local_task_job.py:156} INFO - Task exited with return code 0
[2022-08-23 11:59:29,272] {local_task_job.py:273} INFO - 1 downstream tasks scheduled from follow-on schedule check
