[2022-08-23 12:31:55,451] {taskinstance.py:1179} INFO - Dependencies all met for <TaskInstance: raizen_lab_01.sleep scheduled__2021-12-08T12:00:00+00:00 [queued]>
[2022-08-23 12:31:55,459] {taskinstance.py:1179} INFO - Dependencies all met for <TaskInstance: raizen_lab_01.sleep scheduled__2021-12-08T12:00:00+00:00 [queued]>
[2022-08-23 12:31:55,459] {taskinstance.py:1376} INFO - 
--------------------------------------------------------------------------------
[2022-08-23 12:31:55,460] {taskinstance.py:1377} INFO - Starting attempt 1 of 2
[2022-08-23 12:31:55,460] {taskinstance.py:1378} INFO - 
--------------------------------------------------------------------------------
[2022-08-23 12:31:55,475] {taskinstance.py:1397} INFO - Executing <Task(BashOperator): sleep> on 2021-12-08 12:00:00+00:00
[2022-08-23 12:31:55,482] {standard_task_runner.py:52} INFO - Started process 9255 to run task
[2022-08-23 12:31:55,486] {standard_task_runner.py:79} INFO - Running: ['***', 'tasks', 'run', 'raizen_lab_01', 'sleep', 'scheduled__2021-12-08T12:00:00+00:00', '--job-id', '5902', '--raw', '--subdir', 'DAGS_FOLDER/raizen_lab_01.py', '--cfg-path', '/tmp/tmp8l473jy_', '--error-file', '/tmp/tmpvuep2m1q']
[2022-08-23 12:31:55,487] {standard_task_runner.py:80} INFO - Job 5902: Subtask sleep
[2022-08-23 12:31:55,557] {task_command.py:371} INFO - Running <TaskInstance: raizen_lab_01.sleep scheduled__2021-12-08T12:00:00+00:00 [running]> on host 6383a3236c72
[2022-08-23 12:31:55,622] {taskinstance.py:1591} INFO - Exporting the following env vars:
AIRFLOW_CTX_DAG_OWNER=admin
AIRFLOW_CTX_DAG_ID=raizen_lab_01
AIRFLOW_CTX_TASK_ID=sleep
AIRFLOW_CTX_EXECUTION_DATE=2021-12-08T12:00:00+00:00
AIRFLOW_CTX_TRY_NUMBER=1
AIRFLOW_CTX_DAG_RUN_ID=scheduled__2021-12-08T12:00:00+00:00
[2022-08-23 12:31:55,624] {subprocess.py:62} INFO - Tmp dir root location: 
 /tmp
[2022-08-23 12:31:55,625] {subprocess.py:74} INFO - Running command: ['bash', '-c', 'sleep 5']
[2022-08-23 12:31:55,639] {subprocess.py:85} INFO - Output:
[2022-08-23 12:32:00,643] {subprocess.py:96} INFO - Command exited with return code 0
[2022-08-23 12:32:00,667] {taskinstance.py:1420} INFO - Marking task as SUCCESS. dag_id=raizen_lab_01, task_id=sleep, execution_date=20211208T120000, start_date=20220823T123155, end_date=20220823T123200
[2022-08-23 12:32:00,714] {local_task_job.py:156} INFO - Task exited with return code 0
[2022-08-23 12:32:00,777] {local_task_job.py:273} INFO - 0 downstream tasks scheduled from follow-on schedule check
