[2022-08-23 12:08:33,331] {taskinstance.py:1179} INFO - Dependencies all met for <TaskInstance: raizen_lab_01.sleep scheduled__2021-11-02T07:00:00+00:00 [queued]>
[2022-08-23 12:08:33,343] {taskinstance.py:1179} INFO - Dependencies all met for <TaskInstance: raizen_lab_01.sleep scheduled__2021-11-02T07:00:00+00:00 [queued]>
[2022-08-23 12:08:33,343] {taskinstance.py:1376} INFO - 
--------------------------------------------------------------------------------
[2022-08-23 12:08:33,343] {taskinstance.py:1377} INFO - Starting attempt 1 of 2
[2022-08-23 12:08:33,344] {taskinstance.py:1378} INFO - 
--------------------------------------------------------------------------------
[2022-08-23 12:08:33,361] {taskinstance.py:1397} INFO - Executing <Task(BashOperator): sleep> on 2021-11-02 07:00:00+00:00
[2022-08-23 12:08:33,367] {standard_task_runner.py:52} INFO - Started process 1969 to run task
[2022-08-23 12:08:33,371] {standard_task_runner.py:79} INFO - Running: ['***', 'tasks', 'run', 'raizen_lab_01', 'sleep', 'scheduled__2021-11-02T07:00:00+00:00', '--job-id', '3283', '--raw', '--subdir', 'DAGS_FOLDER/raizen_lab_01.py', '--cfg-path', '/tmp/tmpqt1nl3xy', '--error-file', '/tmp/tmpdy1a_t3r']
[2022-08-23 12:08:33,372] {standard_task_runner.py:80} INFO - Job 3283: Subtask sleep
[2022-08-23 12:08:33,435] {task_command.py:371} INFO - Running <TaskInstance: raizen_lab_01.sleep scheduled__2021-11-02T07:00:00+00:00 [running]> on host 67b6bdae536e
[2022-08-23 12:08:33,505] {taskinstance.py:1591} INFO - Exporting the following env vars:
AIRFLOW_CTX_DAG_OWNER=admin
AIRFLOW_CTX_DAG_ID=raizen_lab_01
AIRFLOW_CTX_TASK_ID=sleep
AIRFLOW_CTX_EXECUTION_DATE=2021-11-02T07:00:00+00:00
AIRFLOW_CTX_TRY_NUMBER=1
AIRFLOW_CTX_DAG_RUN_ID=scheduled__2021-11-02T07:00:00+00:00
[2022-08-23 12:08:33,506] {subprocess.py:62} INFO - Tmp dir root location: 
 /tmp
[2022-08-23 12:08:33,507] {subprocess.py:74} INFO - Running command: ['bash', '-c', 'sleep 5']
[2022-08-23 12:08:33,517] {subprocess.py:85} INFO - Output:
[2022-08-23 12:08:38,519] {subprocess.py:96} INFO - Command exited with return code 0
[2022-08-23 12:08:38,600] {taskinstance.py:1420} INFO - Marking task as SUCCESS. dag_id=raizen_lab_01, task_id=sleep, execution_date=20211102T070000, start_date=20220823T120833, end_date=20220823T120838
[2022-08-23 12:08:38,653] {local_task_job.py:156} INFO - Task exited with return code 0
[2022-08-23 12:08:38,685] {local_task_job.py:273} INFO - 1 downstream tasks scheduled from follow-on schedule check
