[2022-08-23 12:25:34,407] {taskinstance.py:1179} INFO - Dependencies all met for <TaskInstance: raizen_lab_01.sleep scheduled__2021-11-21T20:00:00+00:00 [queued]>
[2022-08-23 12:25:34,427] {taskinstance.py:1179} INFO - Dependencies all met for <TaskInstance: raizen_lab_01.sleep scheduled__2021-11-21T20:00:00+00:00 [queued]>
[2022-08-23 12:25:34,428] {taskinstance.py:1376} INFO - 
--------------------------------------------------------------------------------
[2022-08-23 12:25:34,428] {taskinstance.py:1377} INFO - Starting attempt 1 of 2
[2022-08-23 12:25:34,429] {taskinstance.py:1378} INFO - 
--------------------------------------------------------------------------------
[2022-08-23 12:25:34,452] {taskinstance.py:1397} INFO - Executing <Task(BashOperator): sleep> on 2021-11-21 20:00:00+00:00
[2022-08-23 12:25:34,463] {standard_task_runner.py:52} INFO - Started process 4583 to run task
[2022-08-23 12:25:34,467] {standard_task_runner.py:79} INFO - Running: ['***', 'tasks', 'run', 'raizen_lab_01', 'sleep', 'scheduled__2021-11-21T20:00:00+00:00', '--job-id', '4708', '--raw', '--subdir', 'DAGS_FOLDER/raizen_lab_01.py', '--cfg-path', '/tmp/tmphgipc_zj', '--error-file', '/tmp/tmpz08wz0ok']
[2022-08-23 12:25:34,470] {standard_task_runner.py:80} INFO - Job 4708: Subtask sleep
[2022-08-23 12:25:34,546] {task_command.py:371} INFO - Running <TaskInstance: raizen_lab_01.sleep scheduled__2021-11-21T20:00:00+00:00 [running]> on host 6383a3236c72
[2022-08-23 12:25:34,622] {taskinstance.py:1591} INFO - Exporting the following env vars:
AIRFLOW_CTX_DAG_OWNER=admin
AIRFLOW_CTX_DAG_ID=raizen_lab_01
AIRFLOW_CTX_TASK_ID=sleep
AIRFLOW_CTX_EXECUTION_DATE=2021-11-21T20:00:00+00:00
AIRFLOW_CTX_TRY_NUMBER=1
AIRFLOW_CTX_DAG_RUN_ID=scheduled__2021-11-21T20:00:00+00:00
[2022-08-23 12:25:34,624] {subprocess.py:62} INFO - Tmp dir root location: 
 /tmp
[2022-08-23 12:25:34,625] {subprocess.py:74} INFO - Running command: ['bash', '-c', 'sleep 5']
[2022-08-23 12:25:34,641] {subprocess.py:85} INFO - Output:
[2022-08-23 12:25:39,645] {subprocess.py:96} INFO - Command exited with return code 0
[2022-08-23 12:25:39,670] {taskinstance.py:1420} INFO - Marking task as SUCCESS. dag_id=raizen_lab_01, task_id=sleep, execution_date=20211121T200000, start_date=20220823T122534, end_date=20220823T122539
[2022-08-23 12:25:39,694] {local_task_job.py:156} INFO - Task exited with return code 0
[2022-08-23 12:25:39,719] {local_task_job.py:273} INFO - 1 downstream tasks scheduled from follow-on schedule check
