[2022-08-23 12:23:51,691] {taskinstance.py:1179} INFO - Dependencies all met for <TaskInstance: raizen_lab_01.sleep scheduled__2021-11-17T19:00:00+00:00 [queued]>
[2022-08-23 12:23:51,698] {taskinstance.py:1179} INFO - Dependencies all met for <TaskInstance: raizen_lab_01.sleep scheduled__2021-11-17T19:00:00+00:00 [queued]>
[2022-08-23 12:23:51,698] {taskinstance.py:1376} INFO - 
--------------------------------------------------------------------------------
[2022-08-23 12:23:51,699] {taskinstance.py:1377} INFO - Starting attempt 1 of 2
[2022-08-23 12:23:51,702] {taskinstance.py:1378} INFO - 
--------------------------------------------------------------------------------
[2022-08-23 12:23:51,713] {taskinstance.py:1397} INFO - Executing <Task(BashOperator): sleep> on 2021-11-17 19:00:00+00:00
[2022-08-23 12:23:51,718] {standard_task_runner.py:52} INFO - Started process 3364 to run task
[2022-08-23 12:23:51,720] {standard_task_runner.py:79} INFO - Running: ['***', 'tasks', 'run', 'raizen_lab_01', 'sleep', 'scheduled__2021-11-17T19:00:00+00:00', '--job-id', '4397', '--raw', '--subdir', 'DAGS_FOLDER/raizen_lab_01.py', '--cfg-path', '/tmp/tmp50at3ygh', '--error-file', '/tmp/tmp80zoc895']
[2022-08-23 12:23:51,722] {standard_task_runner.py:80} INFO - Job 4397: Subtask sleep
[2022-08-23 12:23:51,777] {task_command.py:371} INFO - Running <TaskInstance: raizen_lab_01.sleep scheduled__2021-11-17T19:00:00+00:00 [running]> on host 6383a3236c72
[2022-08-23 12:23:51,833] {taskinstance.py:1591} INFO - Exporting the following env vars:
AIRFLOW_CTX_DAG_OWNER=admin
AIRFLOW_CTX_DAG_ID=raizen_lab_01
AIRFLOW_CTX_TASK_ID=sleep
AIRFLOW_CTX_EXECUTION_DATE=2021-11-17T19:00:00+00:00
AIRFLOW_CTX_TRY_NUMBER=1
AIRFLOW_CTX_DAG_RUN_ID=scheduled__2021-11-17T19:00:00+00:00
[2022-08-23 12:23:51,834] {subprocess.py:62} INFO - Tmp dir root location: 
 /tmp
[2022-08-23 12:23:51,835] {subprocess.py:74} INFO - Running command: ['bash', '-c', 'sleep 5']
[2022-08-23 12:23:51,844] {subprocess.py:85} INFO - Output:
[2022-08-23 12:23:56,847] {subprocess.py:96} INFO - Command exited with return code 0
[2022-08-23 12:23:56,901] {taskinstance.py:1420} INFO - Marking task as SUCCESS. dag_id=raizen_lab_01, task_id=sleep, execution_date=20211117T190000, start_date=20220823T122351, end_date=20220823T122356
[2022-08-23 12:23:56,949] {local_task_job.py:156} INFO - Task exited with return code 0
[2022-08-23 12:23:56,991] {local_task_job.py:273} INFO - 1 downstream tasks scheduled from follow-on schedule check
