[2022-08-23 12:32:26,146] {taskinstance.py:1179} INFO - Dependencies all met for <TaskInstance: raizen_lab_01.sleep scheduled__2021-12-09T21:00:00+00:00 [queued]>
[2022-08-23 12:32:26,157] {taskinstance.py:1179} INFO - Dependencies all met for <TaskInstance: raizen_lab_01.sleep scheduled__2021-12-09T21:00:00+00:00 [queued]>
[2022-08-23 12:32:26,158] {taskinstance.py:1376} INFO - 
--------------------------------------------------------------------------------
[2022-08-23 12:32:26,158] {taskinstance.py:1377} INFO - Starting attempt 1 of 2
[2022-08-23 12:32:26,161] {taskinstance.py:1378} INFO - 
--------------------------------------------------------------------------------
[2022-08-23 12:32:26,179] {taskinstance.py:1397} INFO - Executing <Task(BashOperator): sleep> on 2021-12-09 21:00:00+00:00
[2022-08-23 12:32:26,188] {standard_task_runner.py:52} INFO - Started process 9670 to run task
[2022-08-23 12:32:26,191] {standard_task_runner.py:79} INFO - Running: ['***', 'tasks', 'run', 'raizen_lab_01', 'sleep', 'scheduled__2021-12-09T21:00:00+00:00', '--job-id', '6008', '--raw', '--subdir', 'DAGS_FOLDER/raizen_lab_01.py', '--cfg-path', '/tmp/tmp2077cs92', '--error-file', '/tmp/tmp_mdk3txf']
[2022-08-23 12:32:26,192] {standard_task_runner.py:80} INFO - Job 6008: Subtask sleep
[2022-08-23 12:32:26,262] {task_command.py:371} INFO - Running <TaskInstance: raizen_lab_01.sleep scheduled__2021-12-09T21:00:00+00:00 [running]> on host 6383a3236c72
[2022-08-23 12:32:26,339] {taskinstance.py:1591} INFO - Exporting the following env vars:
AIRFLOW_CTX_DAG_OWNER=admin
AIRFLOW_CTX_DAG_ID=raizen_lab_01
AIRFLOW_CTX_TASK_ID=sleep
AIRFLOW_CTX_EXECUTION_DATE=2021-12-09T21:00:00+00:00
AIRFLOW_CTX_TRY_NUMBER=1
AIRFLOW_CTX_DAG_RUN_ID=scheduled__2021-12-09T21:00:00+00:00
[2022-08-23 12:32:26,341] {subprocess.py:62} INFO - Tmp dir root location: 
 /tmp
[2022-08-23 12:32:26,342] {subprocess.py:74} INFO - Running command: ['bash', '-c', 'sleep 5']
[2022-08-23 12:32:26,357] {subprocess.py:85} INFO - Output:
[2022-08-23 12:32:31,360] {subprocess.py:96} INFO - Command exited with return code 0
[2022-08-23 12:32:31,384] {taskinstance.py:1420} INFO - Marking task as SUCCESS. dag_id=raizen_lab_01, task_id=sleep, execution_date=20211209T210000, start_date=20220823T123226, end_date=20220823T123231
[2022-08-23 12:32:31,417] {local_task_job.py:156} INFO - Task exited with return code 0
[2022-08-23 12:32:31,484] {local_task_job.py:273} INFO - 0 downstream tasks scheduled from follow-on schedule check
