[2022-08-23 16:13:48,913] {taskinstance.py:1179} INFO - Dependencies all met for <TaskInstance: raizen_lab_01.sleep scheduled__2022-01-04T14:00:00+00:00 [queued]>
[2022-08-23 16:13:48,936] {taskinstance.py:1179} INFO - Dependencies all met for <TaskInstance: raizen_lab_01.sleep scheduled__2022-01-04T14:00:00+00:00 [queued]>
[2022-08-23 16:13:48,937] {taskinstance.py:1376} INFO - 
--------------------------------------------------------------------------------
[2022-08-23 16:13:48,938] {taskinstance.py:1377} INFO - Starting attempt 1 of 2
[2022-08-23 16:13:48,939] {taskinstance.py:1378} INFO - 
--------------------------------------------------------------------------------
[2022-08-23 16:13:48,995] {taskinstance.py:1397} INFO - Executing <Task(BashOperator): sleep> on 2022-01-04 14:00:00+00:00
[2022-08-23 16:13:49,005] {standard_task_runner.py:52} INFO - Started process 310 to run task
[2022-08-23 16:13:49,014] {standard_task_runner.py:79} INFO - Running: ['***', 'tasks', 'run', 'raizen_lab_01', 'sleep', 'scheduled__2022-01-04T14:00:00+00:00', '--job-id', '8024', '--raw', '--subdir', 'DAGS_FOLDER/raizen_lab_01.py', '--cfg-path', '/tmp/tmp65hsys_d', '--error-file', '/tmp/tmpgdmd8r99']
[2022-08-23 16:13:49,018] {standard_task_runner.py:80} INFO - Job 8024: Subtask sleep
[2022-08-23 16:13:49,244] {task_command.py:371} INFO - Running <TaskInstance: raizen_lab_01.sleep scheduled__2022-01-04T14:00:00+00:00 [running]> on host 8790b68fb5bc
[2022-08-23 16:13:49,504] {taskinstance.py:1591} INFO - Exporting the following env vars:
AIRFLOW_CTX_DAG_OWNER=admin
AIRFLOW_CTX_DAG_ID=raizen_lab_01
AIRFLOW_CTX_TASK_ID=sleep
AIRFLOW_CTX_EXECUTION_DATE=2022-01-04T14:00:00+00:00
AIRFLOW_CTX_TRY_NUMBER=1
AIRFLOW_CTX_DAG_RUN_ID=scheduled__2022-01-04T14:00:00+00:00
[2022-08-23 16:13:49,507] {subprocess.py:62} INFO - Tmp dir root location: 
 /tmp
[2022-08-23 16:13:49,511] {subprocess.py:74} INFO - Running command: ['bash', '-c', 'sleep 5']
[2022-08-23 16:13:49,558] {subprocess.py:85} INFO - Output:
[2022-08-23 16:13:54,576] {subprocess.py:96} INFO - Command exited with return code 0
[2022-08-23 16:13:54,616] {taskinstance.py:1420} INFO - Marking task as SUCCESS. dag_id=raizen_lab_01, task_id=sleep, execution_date=20220104T140000, start_date=20220823T161348, end_date=20220823T161354
[2022-08-23 16:13:54,661] {local_task_job.py:156} INFO - Task exited with return code 0
[2022-08-23 16:13:54,725] {local_task_job.py:273} INFO - 1 downstream tasks scheduled from follow-on schedule check
