[2022-08-23 11:47:44,605] {taskinstance.py:1179} INFO - Dependencies all met for <TaskInstance: raizen_lab_01.print_world scheduled__2021-10-19T18:00:00+00:00 [queued]>
[2022-08-23 11:47:44,626] {taskinstance.py:1179} INFO - Dependencies all met for <TaskInstance: raizen_lab_01.print_world scheduled__2021-10-19T18:00:00+00:00 [queued]>
[2022-08-23 11:47:44,626] {taskinstance.py:1376} INFO - 
--------------------------------------------------------------------------------
[2022-08-23 11:47:44,627] {taskinstance.py:1377} INFO - Starting attempt 1 of 2
[2022-08-23 11:47:44,627] {taskinstance.py:1378} INFO - 
--------------------------------------------------------------------------------
[2022-08-23 11:47:44,652] {taskinstance.py:1397} INFO - Executing <Task(PythonOperator): print_world> on 2021-10-19 18:00:00+00:00
[2022-08-23 11:47:44,659] {standard_task_runner.py:52} INFO - Started process 962 to run task
[2022-08-23 11:47:44,665] {standard_task_runner.py:79} INFO - Running: ['***', 'tasks', 'run', 'raizen_lab_01', 'print_world', 'scheduled__2021-10-19T18:00:00+00:00', '--job-id', '2332', '--raw', '--subdir', 'DAGS_FOLDER/raizen_lab_01.py', '--cfg-path', '/tmp/tmpeuyqy02g', '--error-file', '/tmp/tmpk9at_c_j']
[2022-08-23 11:47:44,666] {standard_task_runner.py:80} INFO - Job 2332: Subtask print_world
[2022-08-23 11:47:44,783] {task_command.py:371} INFO - Running <TaskInstance: raizen_lab_01.print_world scheduled__2021-10-19T18:00:00+00:00 [running]> on host fc645605a611
[2022-08-23 11:47:44,924] {taskinstance.py:1591} INFO - Exporting the following env vars:
AIRFLOW_CTX_DAG_OWNER=admin
AIRFLOW_CTX_DAG_ID=raizen_lab_01
AIRFLOW_CTX_TASK_ID=print_world
AIRFLOW_CTX_EXECUTION_DATE=2021-10-19T18:00:00+00:00
AIRFLOW_CTX_TRY_NUMBER=1
AIRFLOW_CTX_DAG_RUN_ID=scheduled__2021-10-19T18:00:00+00:00
[2022-08-23 11:47:44,926] {logging_mixin.py:115} INFO - world
[2022-08-23 11:47:44,926] {python.py:173} INFO - Done. Returned value was: None
[2022-08-23 11:47:44,949] {taskinstance.py:1420} INFO - Marking task as SUCCESS. dag_id=raizen_lab_01, task_id=print_world, execution_date=20211019T180000, start_date=20220823T114744, end_date=20220823T114744
[2022-08-23 11:47:44,997] {local_task_job.py:156} INFO - Task exited with return code 0
[2022-08-23 11:47:45,054] {local_task_job.py:273} INFO - 0 downstream tasks scheduled from follow-on schedule check
