[2022-08-25 00:16:44,337] {taskinstance.py:1179} INFO - Dependencies all met for <TaskInstance: Raizen.Step_01_Ingestion_Sheets_To_Stage scheduled__2022-08-22T01:00:00+00:00 [queued]>
[2022-08-25 00:16:44,361] {taskinstance.py:1179} INFO - Dependencies all met for <TaskInstance: Raizen.Step_01_Ingestion_Sheets_To_Stage scheduled__2022-08-22T01:00:00+00:00 [queued]>
[2022-08-25 00:16:44,363] {taskinstance.py:1376} INFO - 
--------------------------------------------------------------------------------
[2022-08-25 00:16:44,365] {taskinstance.py:1377} INFO - Starting attempt 2 of 2
[2022-08-25 00:16:44,366] {taskinstance.py:1378} INFO - 
--------------------------------------------------------------------------------
[2022-08-25 00:16:44,434] {taskinstance.py:1397} INFO - Executing <Task(PythonOperator): Step_01_Ingestion_Sheets_To_Stage> on 2022-08-22 01:00:00+00:00
[2022-08-25 00:16:44,448] {standard_task_runner.py:52} INFO - Started process 157 to run task
[2022-08-25 00:16:44,467] {standard_task_runner.py:79} INFO - Running: ['***', 'tasks', 'run', 'Raizen', 'Step_01_Ingestion_Sheets_To_Stage', 'scheduled__2022-08-22T01:00:00+00:00', '--job-id', '9877', '--raw', '--subdir', 'DAGS_FOLDER/raizen_lab_01.py', '--cfg-path', '/tmp/tmpfjfejbwo', '--error-file', '/tmp/tmpa222ui3q']
[2022-08-25 00:16:44,471] {standard_task_runner.py:80} INFO - Job 9877: Subtask Step_01_Ingestion_Sheets_To_Stage
[2022-08-25 00:16:44,765] {task_command.py:371} INFO - Running <TaskInstance: Raizen.Step_01_Ingestion_Sheets_To_Stage scheduled__2022-08-22T01:00:00+00:00 [running]> on host 7c75bca1d9e0
[2022-08-25 00:16:45,107] {taskinstance.py:1591} INFO - Exporting the following env vars:
AIRFLOW_CTX_DAG_OWNER=admin
AIRFLOW_CTX_DAG_ID=Raizen
AIRFLOW_CTX_TASK_ID=Step_01_Ingestion_Sheets_To_Stage
AIRFLOW_CTX_EXECUTION_DATE=2022-08-22T01:00:00+00:00
AIRFLOW_CTX_TRY_NUMBER=2
AIRFLOW_CTX_DAG_RUN_ID=scheduled__2022-08-22T01:00:00+00:00
[2022-08-25 00:17:13,474] {python.py:173} INFO - Done. Returned value was: None
[2022-08-25 00:17:13,528] {taskinstance.py:1420} INFO - Marking task as SUCCESS. dag_id=Raizen, task_id=Step_01_Ingestion_Sheets_To_Stage, execution_date=20220822T010000, start_date=20220825T001644, end_date=20220825T001713
[2022-08-25 00:17:13,651] {local_task_job.py:156} INFO - Task exited with return code 0
[2022-08-25 00:17:14,017] {dagrun.py:1081} ERROR - Failed to get task '<TaskInstance: Raizen.Step_011_Ingestion_Sheets_To_Stage scheduled__2022-08-22T01:00:00+00:00 [removed]>' for dag 'Raizen'. Marking it as removed.
[2022-08-25 00:17:14,025] {local_task_job.py:273} INFO - 0 downstream tasks scheduled from follow-on schedule check
