[2022-08-23 11:35:15,855] {taskinstance.py:1179} INFO - Dependencies all met for <TaskInstance: raizen_lab_01.sleep scheduled__2021-10-05T19:00:00+00:00 [queued]>
[2022-08-23 11:35:15,872] {taskinstance.py:1179} INFO - Dependencies all met for <TaskInstance: raizen_lab_01.sleep scheduled__2021-10-05T19:00:00+00:00 [queued]>
[2022-08-23 11:35:15,872] {taskinstance.py:1376} INFO - 
--------------------------------------------------------------------------------
[2022-08-23 11:35:15,873] {taskinstance.py:1377} INFO - Starting attempt 1 of 2
[2022-08-23 11:35:15,874] {taskinstance.py:1378} INFO - 
--------------------------------------------------------------------------------
[2022-08-23 11:35:15,905] {taskinstance.py:1397} INFO - Executing <Task(BashOperator): sleep> on 2021-10-05 19:00:00+00:00
[2022-08-23 11:35:15,913] {standard_task_runner.py:52} INFO - Started process 3702 to run task
[2022-08-23 11:35:15,919] {standard_task_runner.py:79} INFO - Running: ['***', 'tasks', 'run', 'raizen_lab_01', 'sleep', 'scheduled__2021-10-05T19:00:00+00:00', '--job-id', '1299', '--raw', '--subdir', 'DAGS_FOLDER/raizen_lab_01.py', '--cfg-path', '/tmp/tmpobzh64pq', '--error-file', '/tmp/tmpegkdb278']
[2022-08-23 11:35:15,920] {standard_task_runner.py:80} INFO - Job 1299: Subtask sleep
[2022-08-23 11:35:16,045] {task_command.py:371} INFO - Running <TaskInstance: raizen_lab_01.sleep scheduled__2021-10-05T19:00:00+00:00 [running]> on host 7f48b7aaf0fc
[2022-08-23 11:35:16,151] {taskinstance.py:1591} INFO - Exporting the following env vars:
AIRFLOW_CTX_DAG_OWNER=admin
AIRFLOW_CTX_DAG_ID=raizen_lab_01
AIRFLOW_CTX_TASK_ID=sleep
AIRFLOW_CTX_EXECUTION_DATE=2021-10-05T19:00:00+00:00
AIRFLOW_CTX_TRY_NUMBER=1
AIRFLOW_CTX_DAG_RUN_ID=scheduled__2021-10-05T19:00:00+00:00
[2022-08-23 11:35:16,152] {subprocess.py:62} INFO - Tmp dir root location: 
 /tmp
[2022-08-23 11:35:16,154] {subprocess.py:74} INFO - Running command: ['bash', '-c', 'sleep 5']
[2022-08-23 11:35:16,168] {subprocess.py:85} INFO - Output:
[2022-08-23 11:35:21,173] {subprocess.py:96} INFO - Command exited with return code 0
[2022-08-23 11:35:21,247] {taskinstance.py:1420} INFO - Marking task as SUCCESS. dag_id=raizen_lab_01, task_id=sleep, execution_date=20211005T190000, start_date=20220823T113515, end_date=20220823T113521
[2022-08-23 11:35:21,311] {local_task_job.py:156} INFO - Task exited with return code 0
[2022-08-23 11:35:21,368] {local_task_job.py:273} INFO - 1 downstream tasks scheduled from follow-on schedule check
