[2022-08-23 13:11:02,479] {taskinstance.py:1179} INFO - Dependencies all met for <TaskInstance: raizen_lab_01.step_01 scheduled__2021-12-28T01:00:00+00:00 [queued]>
[2022-08-23 13:11:02,488] {taskinstance.py:1179} INFO - Dependencies all met for <TaskInstance: raizen_lab_01.step_01 scheduled__2021-12-28T01:00:00+00:00 [queued]>
[2022-08-23 13:11:02,489] {taskinstance.py:1376} INFO - 
--------------------------------------------------------------------------------
[2022-08-23 13:11:02,489] {taskinstance.py:1377} INFO - Starting attempt 1 of 2
[2022-08-23 13:11:02,489] {taskinstance.py:1378} INFO - 
--------------------------------------------------------------------------------
[2022-08-23 13:11:02,503] {taskinstance.py:1397} INFO - Executing <Task(BashOperator): step_01> on 2021-12-28 01:00:00+00:00
[2022-08-23 13:11:02,510] {standard_task_runner.py:52} INFO - Started process 973 to run task
[2022-08-23 13:11:02,514] {standard_task_runner.py:79} INFO - Running: ['***', 'tasks', 'run', 'raizen_lab_01', 'step_01', 'scheduled__2021-12-28T01:00:00+00:00', '--job-id', '7309', '--raw', '--subdir', 'DAGS_FOLDER/raizen_lab_01.py', '--cfg-path', '/tmp/tmp9k3587qt', '--error-file', '/tmp/tmp37rf0g_0']
[2022-08-23 13:11:02,515] {standard_task_runner.py:80} INFO - Job 7309: Subtask step_01
[2022-08-23 13:11:02,640] {task_command.py:371} INFO - Running <TaskInstance: raizen_lab_01.step_01 scheduled__2021-12-28T01:00:00+00:00 [running]> on host 965856c951e3
[2022-08-23 13:11:02,730] {taskinstance.py:1591} INFO - Exporting the following env vars:
AIRFLOW_CTX_DAG_OWNER=admin
AIRFLOW_CTX_DAG_ID=raizen_lab_01
AIRFLOW_CTX_TASK_ID=step_01
AIRFLOW_CTX_EXECUTION_DATE=2021-12-28T01:00:00+00:00
AIRFLOW_CTX_TRY_NUMBER=1
AIRFLOW_CTX_DAG_RUN_ID=scheduled__2021-12-28T01:00:00+00:00
[2022-08-23 13:11:02,732] {subprocess.py:62} INFO - Tmp dir root location: 
 /tmp
[2022-08-23 13:11:02,733] {subprocess.py:74} INFO - Running command: ['bash', '-c', 'echo "hello"']
[2022-08-23 13:11:02,748] {subprocess.py:85} INFO - Output:
[2022-08-23 13:11:02,750] {subprocess.py:92} INFO - hello
[2022-08-23 13:11:02,751] {subprocess.py:96} INFO - Command exited with return code 0
[2022-08-23 13:11:02,813] {taskinstance.py:1420} INFO - Marking task as SUCCESS. dag_id=raizen_lab_01, task_id=step_01, execution_date=20211228T010000, start_date=20220823T131102, end_date=20220823T131102
[2022-08-23 13:11:02,846] {local_task_job.py:156} INFO - Task exited with return code 0
[2022-08-23 13:11:02,906] {local_task_job.py:273} INFO - 1 downstream tasks scheduled from follow-on schedule check
