[2022-08-23 14:22:49,762] {taskinstance.py:1179} INFO - Dependencies all met for <TaskInstance: raizen_lab_01.sleep scheduled__2022-01-03T05:00:00+00:00 [queued]>
[2022-08-23 14:22:49,801] {taskinstance.py:1179} INFO - Dependencies all met for <TaskInstance: raizen_lab_01.sleep scheduled__2022-01-03T05:00:00+00:00 [queued]>
[2022-08-23 14:22:49,802] {taskinstance.py:1376} INFO - 
--------------------------------------------------------------------------------
[2022-08-23 14:22:49,803] {taskinstance.py:1377} INFO - Starting attempt 1 of 2
[2022-08-23 14:22:49,803] {taskinstance.py:1378} INFO - 
--------------------------------------------------------------------------------
[2022-08-23 14:22:49,884] {taskinstance.py:1397} INFO - Executing <Task(BashOperator): sleep> on 2022-01-03 05:00:00+00:00
[2022-08-23 14:22:49,904] {standard_task_runner.py:52} INFO - Started process 171 to run task
[2022-08-23 14:22:49,912] {standard_task_runner.py:79} INFO - Running: ['***', 'tasks', 'run', 'raizen_lab_01', 'sleep', 'scheduled__2022-01-03T05:00:00+00:00', '--job-id', '7858', '--raw', '--subdir', 'DAGS_FOLDER/raizen_lab_01.py', '--cfg-path', '/tmp/tmp60tkrnr6', '--error-file', '/tmp/tmpgclo2ac5']
[2022-08-23 14:22:49,918] {standard_task_runner.py:80} INFO - Job 7858: Subtask sleep
[2022-08-23 14:22:50,183] {task_command.py:371} INFO - Running <TaskInstance: raizen_lab_01.sleep scheduled__2022-01-03T05:00:00+00:00 [running]> on host 02d9cdd4a2f7
[2022-08-23 14:22:50,507] {taskinstance.py:1591} INFO - Exporting the following env vars:
AIRFLOW_CTX_DAG_OWNER=admin
AIRFLOW_CTX_DAG_ID=raizen_lab_01
AIRFLOW_CTX_TASK_ID=sleep
AIRFLOW_CTX_EXECUTION_DATE=2022-01-03T05:00:00+00:00
AIRFLOW_CTX_TRY_NUMBER=1
AIRFLOW_CTX_DAG_RUN_ID=scheduled__2022-01-03T05:00:00+00:00
[2022-08-23 14:22:50,513] {subprocess.py:62} INFO - Tmp dir root location: 
 /tmp
[2022-08-23 14:22:50,516] {subprocess.py:74} INFO - Running command: ['bash', '-c', 'sleep 5']
[2022-08-23 14:22:50,543] {subprocess.py:85} INFO - Output:
[2022-08-23 14:22:55,552] {subprocess.py:96} INFO - Command exited with return code 0
[2022-08-23 14:22:55,593] {taskinstance.py:1420} INFO - Marking task as SUCCESS. dag_id=raizen_lab_01, task_id=sleep, execution_date=20220103T050000, start_date=20220823T142249, end_date=20220823T142255
[2022-08-23 14:22:55,640] {local_task_job.py:156} INFO - Task exited with return code 0
[2022-08-23 14:22:55,675] {local_task_job.py:273} INFO - 1 downstream tasks scheduled from follow-on schedule check
