[2022-08-23 11:34:24,205] {taskinstance.py:1179} INFO - Dependencies all met for <TaskInstance: raizen_lab_01.print_hello scheduled__2021-10-03T22:00:00+00:00 [queued]>
[2022-08-23 11:34:24,227] {taskinstance.py:1179} INFO - Dependencies all met for <TaskInstance: raizen_lab_01.print_hello scheduled__2021-10-03T22:00:00+00:00 [queued]>
[2022-08-23 11:34:24,227] {taskinstance.py:1376} INFO - 
--------------------------------------------------------------------------------
[2022-08-23 11:34:24,228] {taskinstance.py:1377} INFO - Starting attempt 1 of 2
[2022-08-23 11:34:24,228] {taskinstance.py:1378} INFO - 
--------------------------------------------------------------------------------
[2022-08-23 11:34:24,252] {taskinstance.py:1397} INFO - Executing <Task(BashOperator): print_hello> on 2021-10-03 22:00:00+00:00
[2022-08-23 11:34:24,261] {standard_task_runner.py:52} INFO - Started process 3273 to run task
[2022-08-23 11:34:24,267] {standard_task_runner.py:79} INFO - Running: ['***', 'tasks', 'run', 'raizen_lab_01', 'print_hello', 'scheduled__2021-10-03T22:00:00+00:00', '--job-id', '1152', '--raw', '--subdir', 'DAGS_FOLDER/raizen_lab_01.py', '--cfg-path', '/tmp/tmp8pj9gzlp', '--error-file', '/tmp/tmp1hrqceyq']
[2022-08-23 11:34:24,268] {standard_task_runner.py:80} INFO - Job 1152: Subtask print_hello
[2022-08-23 11:34:24,389] {task_command.py:371} INFO - Running <TaskInstance: raizen_lab_01.print_hello scheduled__2021-10-03T22:00:00+00:00 [running]> on host 7f48b7aaf0fc
[2022-08-23 11:34:24,524] {taskinstance.py:1591} INFO - Exporting the following env vars:
AIRFLOW_CTX_DAG_OWNER=admin
AIRFLOW_CTX_DAG_ID=raizen_lab_01
AIRFLOW_CTX_TASK_ID=print_hello
AIRFLOW_CTX_EXECUTION_DATE=2021-10-03T22:00:00+00:00
AIRFLOW_CTX_TRY_NUMBER=1
AIRFLOW_CTX_DAG_RUN_ID=scheduled__2021-10-03T22:00:00+00:00
[2022-08-23 11:34:24,526] {subprocess.py:62} INFO - Tmp dir root location: 
 /tmp
[2022-08-23 11:34:24,527] {subprocess.py:74} INFO - Running command: ['bash', '-c', 'echo "hello"']
[2022-08-23 11:34:24,547] {subprocess.py:85} INFO - Output:
[2022-08-23 11:34:24,550] {subprocess.py:92} INFO - hello
[2022-08-23 11:34:24,550] {subprocess.py:96} INFO - Command exited with return code 0
[2022-08-23 11:34:24,602] {taskinstance.py:1420} INFO - Marking task as SUCCESS. dag_id=raizen_lab_01, task_id=print_hello, execution_date=20211003T220000, start_date=20220823T113424, end_date=20220823T113424
[2022-08-23 11:34:24,638] {local_task_job.py:156} INFO - Task exited with return code 0
[2022-08-23 11:34:24,766] {local_task_job.py:273} INFO - 0 downstream tasks scheduled from follow-on schedule check
