[2022-08-23 12:05:52,520] {taskinstance.py:1179} INFO - Dependencies all met for <TaskInstance: raizen_lab_01.print_hello scheduled__2021-10-25T00:00:00+00:00 [queued]>
[2022-08-23 12:05:52,536] {taskinstance.py:1179} INFO - Dependencies all met for <TaskInstance: raizen_lab_01.print_hello scheduled__2021-10-25T00:00:00+00:00 [queued]>
[2022-08-23 12:05:52,537] {taskinstance.py:1376} INFO - 
--------------------------------------------------------------------------------
[2022-08-23 12:05:52,537] {taskinstance.py:1377} INFO - Starting attempt 1 of 2
[2022-08-23 12:05:52,538] {taskinstance.py:1378} INFO - 
--------------------------------------------------------------------------------
[2022-08-23 12:05:52,560] {taskinstance.py:1397} INFO - Executing <Task(BashOperator): print_hello> on 2021-10-25 00:00:00+00:00
[2022-08-23 12:05:52,566] {standard_task_runner.py:52} INFO - Started process 238 to run task
[2022-08-23 12:05:52,569] {standard_task_runner.py:79} INFO - Running: ['***', 'tasks', 'run', 'raizen_lab_01', 'print_hello', 'scheduled__2021-10-25T00:00:00+00:00', '--job-id', '2684', '--raw', '--subdir', 'DAGS_FOLDER/raizen_lab_01.py', '--cfg-path', '/tmp/tmpoymuz2yb', '--error-file', '/tmp/tmpcrlxczkh']
[2022-08-23 12:05:52,570] {standard_task_runner.py:80} INFO - Job 2684: Subtask print_hello
[2022-08-23 12:05:52,647] {task_command.py:371} INFO - Running <TaskInstance: raizen_lab_01.print_hello scheduled__2021-10-25T00:00:00+00:00 [running]> on host 67b6bdae536e
[2022-08-23 12:05:52,722] {taskinstance.py:1591} INFO - Exporting the following env vars:
AIRFLOW_CTX_DAG_OWNER=admin
AIRFLOW_CTX_DAG_ID=raizen_lab_01
AIRFLOW_CTX_TASK_ID=print_hello
AIRFLOW_CTX_EXECUTION_DATE=2021-10-25T00:00:00+00:00
AIRFLOW_CTX_TRY_NUMBER=1
AIRFLOW_CTX_DAG_RUN_ID=scheduled__2021-10-25T00:00:00+00:00
[2022-08-23 12:05:52,723] {subprocess.py:62} INFO - Tmp dir root location: 
 /tmp
[2022-08-23 12:05:52,724] {subprocess.py:74} INFO - Running command: ['bash', '-c', 'echo "hello"']
[2022-08-23 12:05:52,734] {subprocess.py:85} INFO - Output:
[2022-08-23 12:05:52,736] {subprocess.py:92} INFO - hello
[2022-08-23 12:05:52,737] {subprocess.py:96} INFO - Command exited with return code 0
[2022-08-23 12:05:52,774] {taskinstance.py:1420} INFO - Marking task as SUCCESS. dag_id=raizen_lab_01, task_id=print_hello, execution_date=20211025T000000, start_date=20220823T120552, end_date=20220823T120552
[2022-08-23 12:05:52,821] {local_task_job.py:156} INFO - Task exited with return code 0
[2022-08-23 12:05:52,862] {local_task_job.py:273} INFO - 0 downstream tasks scheduled from follow-on schedule check
