[2022-08-23 12:30:11,815] {taskinstance.py:1179} INFO - Dependencies all met for <TaskInstance: raizen_lab_01.print_hello scheduled__2021-12-03T21:00:00+00:00 [queued]>
[2022-08-23 12:30:11,825] {taskinstance.py:1179} INFO - Dependencies all met for <TaskInstance: raizen_lab_01.print_hello scheduled__2021-12-03T21:00:00+00:00 [queued]>
[2022-08-23 12:30:11,826] {taskinstance.py:1376} INFO - 
--------------------------------------------------------------------------------
[2022-08-23 12:30:11,826] {taskinstance.py:1377} INFO - Starting attempt 1 of 2
[2022-08-23 12:30:11,826] {taskinstance.py:1378} INFO - 
--------------------------------------------------------------------------------
[2022-08-23 12:30:11,842] {taskinstance.py:1397} INFO - Executing <Task(BashOperator): print_hello> on 2021-12-03 21:00:00+00:00
[2022-08-23 12:30:11,849] {standard_task_runner.py:52} INFO - Started process 7938 to run task
[2022-08-23 12:30:11,851] {standard_task_runner.py:79} INFO - Running: ['***', 'tasks', 'run', 'raizen_lab_01', 'print_hello', 'scheduled__2021-12-03T21:00:00+00:00', '--job-id', '5566', '--raw', '--subdir', 'DAGS_FOLDER/raizen_lab_01.py', '--cfg-path', '/tmp/tmpqkbn_rgc', '--error-file', '/tmp/tmpaw71t_1m']
[2022-08-23 12:30:11,853] {standard_task_runner.py:80} INFO - Job 5566: Subtask print_hello
[2022-08-23 12:30:11,917] {task_command.py:371} INFO - Running <TaskInstance: raizen_lab_01.print_hello scheduled__2021-12-03T21:00:00+00:00 [running]> on host 6383a3236c72
[2022-08-23 12:30:11,988] {taskinstance.py:1591} INFO - Exporting the following env vars:
AIRFLOW_CTX_DAG_OWNER=admin
AIRFLOW_CTX_DAG_ID=raizen_lab_01
AIRFLOW_CTX_TASK_ID=print_hello
AIRFLOW_CTX_EXECUTION_DATE=2021-12-03T21:00:00+00:00
AIRFLOW_CTX_TRY_NUMBER=1
AIRFLOW_CTX_DAG_RUN_ID=scheduled__2021-12-03T21:00:00+00:00
[2022-08-23 12:30:11,989] {subprocess.py:62} INFO - Tmp dir root location: 
 /tmp
[2022-08-23 12:30:11,990] {subprocess.py:74} INFO - Running command: ['bash', '-c', 'echo "hello"']
[2022-08-23 12:30:12,004] {subprocess.py:85} INFO - Output:
[2022-08-23 12:30:12,006] {subprocess.py:92} INFO - hello
[2022-08-23 12:30:12,006] {subprocess.py:96} INFO - Command exited with return code 0
[2022-08-23 12:30:12,035] {taskinstance.py:1420} INFO - Marking task as SUCCESS. dag_id=raizen_lab_01, task_id=print_hello, execution_date=20211203T210000, start_date=20220823T123011, end_date=20220823T123012
[2022-08-23 12:30:12,063] {local_task_job.py:156} INFO - Task exited with return code 0
[2022-08-23 12:30:12,105] {local_task_job.py:273} INFO - 1 downstream tasks scheduled from follow-on schedule check
