[2022-08-23 11:29:14,970] {taskinstance.py:1179} INFO - Dependencies all met for <TaskInstance: raizen_lab_01.print_hello scheduled__2021-09-22T00:00:00+00:00 [queued]>
[2022-08-23 11:29:14,995] {taskinstance.py:1179} INFO - Dependencies all met for <TaskInstance: raizen_lab_01.print_hello scheduled__2021-09-22T00:00:00+00:00 [queued]>
[2022-08-23 11:29:14,996] {taskinstance.py:1376} INFO - 
--------------------------------------------------------------------------------
[2022-08-23 11:29:14,996] {taskinstance.py:1377} INFO - Starting attempt 1 of 2
[2022-08-23 11:29:14,997] {taskinstance.py:1378} INFO - 
--------------------------------------------------------------------------------
[2022-08-23 11:29:15,024] {taskinstance.py:1397} INFO - Executing <Task(BashOperator): print_hello> on 2021-09-22 00:00:00+00:00
[2022-08-23 11:29:15,033] {standard_task_runner.py:52} INFO - Started process 782 to run task
[2022-08-23 11:29:15,039] {standard_task_runner.py:79} INFO - Running: ['***', 'tasks', 'run', 'raizen_lab_01', 'print_hello', 'scheduled__2021-09-22T00:00:00+00:00', '--job-id', '300', '--raw', '--subdir', 'DAGS_FOLDER/raizen_lab_01.py', '--cfg-path', '/tmp/tmp0alq9wpq', '--error-file', '/tmp/tmp7hsn7vol']
[2022-08-23 11:29:15,040] {standard_task_runner.py:80} INFO - Job 300: Subtask print_hello
[2022-08-23 11:29:15,152] {task_command.py:371} INFO - Running <TaskInstance: raizen_lab_01.print_hello scheduled__2021-09-22T00:00:00+00:00 [running]> on host 7f48b7aaf0fc
[2022-08-23 11:29:15,284] {taskinstance.py:1591} INFO - Exporting the following env vars:
AIRFLOW_CTX_DAG_OWNER=admin
AIRFLOW_CTX_DAG_ID=raizen_lab_01
AIRFLOW_CTX_TASK_ID=print_hello
AIRFLOW_CTX_EXECUTION_DATE=2021-09-22T00:00:00+00:00
AIRFLOW_CTX_TRY_NUMBER=1
AIRFLOW_CTX_DAG_RUN_ID=scheduled__2021-09-22T00:00:00+00:00
[2022-08-23 11:29:15,287] {subprocess.py:62} INFO - Tmp dir root location: 
 /tmp
[2022-08-23 11:29:15,288] {subprocess.py:74} INFO - Running command: ['bash', '-c', 'echo "hello"']
[2022-08-23 11:29:15,305] {subprocess.py:85} INFO - Output:
[2022-08-23 11:29:15,308] {subprocess.py:92} INFO - hello
[2022-08-23 11:29:15,309] {subprocess.py:96} INFO - Command exited with return code 0
[2022-08-23 11:29:15,365] {taskinstance.py:1420} INFO - Marking task as SUCCESS. dag_id=raizen_lab_01, task_id=print_hello, execution_date=20210922T000000, start_date=20220823T112914, end_date=20220823T112915
[2022-08-23 11:29:15,412] {local_task_job.py:156} INFO - Task exited with return code 0
[2022-08-23 11:29:15,597] {local_task_job.py:273} INFO - 0 downstream tasks scheduled from follow-on schedule check
