[2022-08-24 15:50:48,898] {taskinstance.py:1179} INFO - Dependencies all met for <TaskInstance: raizen_lab_01.carga_arquivo manual__2022-08-24T15:50:48.009199+00:00 [queued]>
[2022-08-24 15:50:48,906] {taskinstance.py:1179} INFO - Dependencies all met for <TaskInstance: raizen_lab_01.carga_arquivo manual__2022-08-24T15:50:48.009199+00:00 [queued]>
[2022-08-24 15:50:48,906] {taskinstance.py:1376} INFO - 
--------------------------------------------------------------------------------
[2022-08-24 15:50:48,907] {taskinstance.py:1377} INFO - Starting attempt 1 of 2
[2022-08-24 15:50:48,907] {taskinstance.py:1378} INFO - 
--------------------------------------------------------------------------------
[2022-08-24 15:50:48,918] {taskinstance.py:1397} INFO - Executing <Task(PythonOperator): carga_arquivo> on 2022-08-24 15:50:48.009199+00:00
[2022-08-24 15:50:48,923] {standard_task_runner.py:52} INFO - Started process 74 to run task
[2022-08-24 15:50:48,926] {standard_task_runner.py:79} INFO - Running: ['***', 'tasks', 'run', 'raizen_lab_01', 'carga_arquivo', 'manual__2022-08-24T15:50:48.009199+00:00', '--job-id', '9743', '--raw', '--subdir', 'DAGS_FOLDER/raizen_lab_01.py', '--cfg-path', '/tmp/tmponmqx93s', '--error-file', '/tmp/tmp0txo933n']
[2022-08-24 15:50:48,927] {standard_task_runner.py:80} INFO - Job 9743: Subtask carga_arquivo
[2022-08-24 15:50:48,987] {task_command.py:371} INFO - Running <TaskInstance: raizen_lab_01.carga_arquivo manual__2022-08-24T15:50:48.009199+00:00 [running]> on host 3f878792eb1e
[2022-08-24 15:50:49,062] {taskinstance.py:1591} INFO - Exporting the following env vars:
AIRFLOW_CTX_DAG_OWNER=admin
AIRFLOW_CTX_DAG_ID=raizen_lab_01
AIRFLOW_CTX_TASK_ID=carga_arquivo
AIRFLOW_CTX_EXECUTION_DATE=2022-08-24T15:50:48.009199+00:00
AIRFLOW_CTX_TRY_NUMBER=1
AIRFLOW_CTX_DAG_RUN_ID=manual__2022-08-24T15:50:48.009199+00:00
[2022-08-24 15:50:50,219] {python.py:173} INFO - Done. Returned value was: None
[2022-08-24 15:50:50,229] {taskinstance.py:1420} INFO - Marking task as SUCCESS. dag_id=raizen_lab_01, task_id=carga_arquivo, execution_date=20220824T155048, start_date=20220824T155048, end_date=20220824T155050
[2022-08-24 15:50:50,263] {local_task_job.py:156} INFO - Task exited with return code 0
[2022-08-24 15:50:50,301] {local_task_job.py:273} INFO - 1 downstream tasks scheduled from follow-on schedule check
