[2022-08-23 12:19:50,541] {taskinstance.py:1179} INFO - Dependencies all met for <TaskInstance: raizen_lab_01.sleep scheduled__2021-11-07T13:00:00+00:00 [queued]>
[2022-08-23 12:19:50,551] {taskinstance.py:1179} INFO - Dependencies all met for <TaskInstance: raizen_lab_01.sleep scheduled__2021-11-07T13:00:00+00:00 [queued]>
[2022-08-23 12:19:50,551] {taskinstance.py:1376} INFO - 
--------------------------------------------------------------------------------
[2022-08-23 12:19:50,551] {taskinstance.py:1377} INFO - Starting attempt 1 of 2
[2022-08-23 12:19:50,552] {taskinstance.py:1378} INFO - 
--------------------------------------------------------------------------------
[2022-08-23 12:19:50,571] {taskinstance.py:1397} INFO - Executing <Task(BashOperator): sleep> on 2021-11-07 13:00:00+00:00
[2022-08-23 12:19:50,580] {standard_task_runner.py:52} INFO - Started process 499 to run task
[2022-08-23 12:19:50,584] {standard_task_runner.py:79} INFO - Running: ['***', 'tasks', 'run', 'raizen_lab_01', 'sleep', 'scheduled__2021-11-07T13:00:00+00:00', '--job-id', '3666', '--raw', '--subdir', 'DAGS_FOLDER/raizen_lab_01.py', '--cfg-path', '/tmp/tmpxy1ycgct', '--error-file', '/tmp/tmp7himx1yk']
[2022-08-23 12:19:50,586] {standard_task_runner.py:80} INFO - Job 3666: Subtask sleep
[2022-08-23 12:19:50,686] {task_command.py:371} INFO - Running <TaskInstance: raizen_lab_01.sleep scheduled__2021-11-07T13:00:00+00:00 [running]> on host 6383a3236c72
[2022-08-23 12:19:50,777] {taskinstance.py:1591} INFO - Exporting the following env vars:
AIRFLOW_CTX_DAG_OWNER=admin
AIRFLOW_CTX_DAG_ID=raizen_lab_01
AIRFLOW_CTX_TASK_ID=sleep
AIRFLOW_CTX_EXECUTION_DATE=2021-11-07T13:00:00+00:00
AIRFLOW_CTX_TRY_NUMBER=1
AIRFLOW_CTX_DAG_RUN_ID=scheduled__2021-11-07T13:00:00+00:00
[2022-08-23 12:19:50,779] {subprocess.py:62} INFO - Tmp dir root location: 
 /tmp
[2022-08-23 12:19:50,780] {subprocess.py:74} INFO - Running command: ['bash', '-c', 'sleep 5']
[2022-08-23 12:19:50,791] {subprocess.py:85} INFO - Output:
[2022-08-23 12:19:55,794] {subprocess.py:96} INFO - Command exited with return code 0
[2022-08-23 12:19:55,934] {taskinstance.py:1420} INFO - Marking task as SUCCESS. dag_id=raizen_lab_01, task_id=sleep, execution_date=20211107T130000, start_date=20220823T121950, end_date=20220823T121955
[2022-08-23 12:19:55,996] {local_task_job.py:156} INFO - Task exited with return code 0
[2022-08-23 12:19:56,034] {local_task_job.py:273} INFO - 1 downstream tasks scheduled from follow-on schedule check
