[2022-08-23 11:47:41,172] {taskinstance.py:1179} INFO - Dependencies all met for <TaskInstance: raizen_lab_01.print_hello scheduled__2021-10-20T05:00:00+00:00 [queued]>
[2022-08-23 11:47:41,194] {taskinstance.py:1179} INFO - Dependencies all met for <TaskInstance: raizen_lab_01.print_hello scheduled__2021-10-20T05:00:00+00:00 [queued]>
[2022-08-23 11:47:41,195] {taskinstance.py:1376} INFO - 
--------------------------------------------------------------------------------
[2022-08-23 11:47:41,195] {taskinstance.py:1377} INFO - Starting attempt 1 of 2
[2022-08-23 11:47:41,196] {taskinstance.py:1378} INFO - 
--------------------------------------------------------------------------------
[2022-08-23 11:47:41,227] {taskinstance.py:1397} INFO - Executing <Task(BashOperator): print_hello> on 2021-10-20 05:00:00+00:00
[2022-08-23 11:47:41,236] {standard_task_runner.py:52} INFO - Started process 938 to run task
[2022-08-23 11:47:41,242] {standard_task_runner.py:79} INFO - Running: ['***', 'tasks', 'run', 'raizen_lab_01', 'print_hello', 'scheduled__2021-10-20T05:00:00+00:00', '--job-id', '2324', '--raw', '--subdir', 'DAGS_FOLDER/raizen_lab_01.py', '--cfg-path', '/tmp/tmp_rx6ukuk', '--error-file', '/tmp/tmpbbzwh35r']
[2022-08-23 11:47:41,244] {standard_task_runner.py:80} INFO - Job 2324: Subtask print_hello
[2022-08-23 11:47:41,376] {task_command.py:371} INFO - Running <TaskInstance: raizen_lab_01.print_hello scheduled__2021-10-20T05:00:00+00:00 [running]> on host fc645605a611
[2022-08-23 11:47:41,494] {taskinstance.py:1591} INFO - Exporting the following env vars:
AIRFLOW_CTX_DAG_OWNER=admin
AIRFLOW_CTX_DAG_ID=raizen_lab_01
AIRFLOW_CTX_TASK_ID=print_hello
AIRFLOW_CTX_EXECUTION_DATE=2021-10-20T05:00:00+00:00
AIRFLOW_CTX_TRY_NUMBER=1
AIRFLOW_CTX_DAG_RUN_ID=scheduled__2021-10-20T05:00:00+00:00
[2022-08-23 11:47:41,496] {subprocess.py:62} INFO - Tmp dir root location: 
 /tmp
[2022-08-23 11:47:41,497] {subprocess.py:74} INFO - Running command: ['bash', '-c', 'echo "hello"']
[2022-08-23 11:47:41,520] {subprocess.py:85} INFO - Output:
[2022-08-23 11:47:41,526] {subprocess.py:92} INFO - hello
[2022-08-23 11:47:41,527] {subprocess.py:96} INFO - Command exited with return code 0
[2022-08-23 11:47:41,585] {taskinstance.py:1420} INFO - Marking task as SUCCESS. dag_id=raizen_lab_01, task_id=print_hello, execution_date=20211020T050000, start_date=20220823T114741, end_date=20220823T114741
[2022-08-23 11:47:41,656] {local_task_job.py:156} INFO - Task exited with return code 0
[2022-08-23 11:47:41,734] {local_task_job.py:273} INFO - 1 downstream tasks scheduled from follow-on schedule check
