[2022-08-23 11:28:13,967] {taskinstance.py:1179} INFO - Dependencies all met for <TaskInstance: raizen_lab_01.print_world scheduled__2021-09-19T16:00:00+00:00 [queued]>
[2022-08-23 11:28:13,982] {taskinstance.py:1179} INFO - Dependencies all met for <TaskInstance: raizen_lab_01.print_world scheduled__2021-09-19T16:00:00+00:00 [queued]>
[2022-08-23 11:28:13,983] {taskinstance.py:1376} INFO - 
--------------------------------------------------------------------------------
[2022-08-23 11:28:13,983] {taskinstance.py:1377} INFO - Starting attempt 1 of 2
[2022-08-23 11:28:13,984] {taskinstance.py:1378} INFO - 
--------------------------------------------------------------------------------
[2022-08-23 11:28:14,008] {taskinstance.py:1397} INFO - Executing <Task(PythonOperator): print_world> on 2021-09-19 16:00:00+00:00
[2022-08-23 11:28:14,015] {standard_task_runner.py:52} INFO - Started process 333 to run task
[2022-08-23 11:28:14,019] {standard_task_runner.py:79} INFO - Running: ['***', 'tasks', 'run', 'raizen_lab_01', 'print_world', 'scheduled__2021-09-19T16:00:00+00:00', '--job-id', '148', '--raw', '--subdir', 'DAGS_FOLDER/raizen_lab_01.py', '--cfg-path', '/tmp/tmppxnd1p40', '--error-file', '/tmp/tmp3jqj4bp6']
[2022-08-23 11:28:14,020] {standard_task_runner.py:80} INFO - Job 148: Subtask print_world
[2022-08-23 11:28:14,108] {task_command.py:371} INFO - Running <TaskInstance: raizen_lab_01.print_world scheduled__2021-09-19T16:00:00+00:00 [running]> on host 7f48b7aaf0fc
[2022-08-23 11:28:14,212] {taskinstance.py:1591} INFO - Exporting the following env vars:
AIRFLOW_CTX_DAG_OWNER=admin
AIRFLOW_CTX_DAG_ID=raizen_lab_01
AIRFLOW_CTX_TASK_ID=print_world
AIRFLOW_CTX_EXECUTION_DATE=2021-09-19T16:00:00+00:00
AIRFLOW_CTX_TRY_NUMBER=1
AIRFLOW_CTX_DAG_RUN_ID=scheduled__2021-09-19T16:00:00+00:00
[2022-08-23 11:28:14,215] {logging_mixin.py:115} INFO - world
[2022-08-23 11:28:14,216] {python.py:173} INFO - Done. Returned value was: None
[2022-08-23 11:28:14,236] {taskinstance.py:1420} INFO - Marking task as SUCCESS. dag_id=raizen_lab_01, task_id=print_world, execution_date=20210919T160000, start_date=20220823T112813, end_date=20220823T112814
[2022-08-23 11:28:14,271] {local_task_job.py:156} INFO - Task exited with return code 0
[2022-08-23 11:28:14,321] {local_task_job.py:273} INFO - 0 downstream tasks scheduled from follow-on schedule check
