[2022-08-23 18:03:09,417] {taskinstance.py:1179} INFO - Dependencies all met for <TaskInstance: raizen_lab_01.conecta_no_mysql scheduled__2022-01-17T00:00:00+00:00 [queued]>
[2022-08-23 18:03:09,425] {taskinstance.py:1179} INFO - Dependencies all met for <TaskInstance: raizen_lab_01.conecta_no_mysql scheduled__2022-01-17T00:00:00+00:00 [queued]>
[2022-08-23 18:03:09,426] {taskinstance.py:1376} INFO - 
--------------------------------------------------------------------------------
[2022-08-23 18:03:09,426] {taskinstance.py:1377} INFO - Starting attempt 2 of 2
[2022-08-23 18:03:09,427] {taskinstance.py:1378} INFO - 
--------------------------------------------------------------------------------
[2022-08-23 18:03:09,443] {taskinstance.py:1397} INFO - Executing <Task(PythonOperator): conecta_no_mysql> on 2022-01-17 00:00:00+00:00
[2022-08-23 18:03:09,449] {standard_task_runner.py:52} INFO - Started process 1138 to run task
[2022-08-23 18:03:09,452] {standard_task_runner.py:79} INFO - Running: ['***', 'tasks', 'run', 'raizen_lab_01', 'conecta_no_mysql', 'scheduled__2022-01-17T00:00:00+00:00', '--job-id', '8741', '--raw', '--subdir', 'DAGS_FOLDER/raizen_lab_01.py', '--cfg-path', '/tmp/tmpvvf4ss52', '--error-file', '/tmp/tmpwjfi3sj1']
[2022-08-23 18:03:09,453] {standard_task_runner.py:80} INFO - Job 8741: Subtask conecta_no_mysql
[2022-08-23 18:03:09,524] {task_command.py:371} INFO - Running <TaskInstance: raizen_lab_01.conecta_no_mysql scheduled__2022-01-17T00:00:00+00:00 [running]> on host fa6617fbbff4
[2022-08-23 18:03:09,597] {taskinstance.py:1591} INFO - Exporting the following env vars:
AIRFLOW_CTX_DAG_OWNER=admin
AIRFLOW_CTX_DAG_ID=raizen_lab_01
AIRFLOW_CTX_TASK_ID=conecta_no_mysql
AIRFLOW_CTX_EXECUTION_DATE=2022-01-17T00:00:00+00:00
AIRFLOW_CTX_TRY_NUMBER=2
AIRFLOW_CTX_DAG_RUN_ID=scheduled__2022-01-17T00:00:00+00:00
[2022-08-23 18:03:09,614] {taskinstance.py:1909} ERROR - Task failed with exception
Traceback (most recent call last):
  File "/home/airflow/.local/lib/python3.7/site-packages/airflow/operators/python.py", line 171, in execute
    return_value = self.execute_callable()
  File "/home/airflow/.local/lib/python3.7/site-packages/airflow/operators/python.py", line 189, in execute_callable
    return self.python_callable(*self.op_args, **self.op_kwargs)
  File "/opt/airflow/dags/raizen_lab_01.py", line 36, in conecta_no_mysql
    con.select_db('CREATE TABLE db.TESTE(COL1 VARCHAR(40))')
MySQLdb.OperationalError: (1044, "Access denied for user 'user'@'%' to database 'create table db.teste(col1 varchar(40))'")
[2022-08-23 18:03:09,624] {taskinstance.py:1420} INFO - Marking task as FAILED. dag_id=raizen_lab_01, task_id=conecta_no_mysql, execution_date=20220117T000000, start_date=20220823T180309, end_date=20220823T180309
[2022-08-23 18:03:09,634] {standard_task_runner.py:97} ERROR - Failed to execute job 8741 for task conecta_no_mysql ((1044, "Access denied for user 'user'@'%' to database 'create table db.teste(col1 varchar(40))'"); 1138)
[2022-08-23 18:03:09,664] {local_task_job.py:156} INFO - Task exited with return code 1
[2022-08-23 18:03:09,735] {local_task_job.py:273} INFO - 0 downstream tasks scheduled from follow-on schedule check
