[2022-08-23 12:26:07,728] {taskinstance.py:1179} INFO - Dependencies all met for <TaskInstance: raizen_lab_01.sleep scheduled__2021-11-23T04:00:00+00:00 [queued]>
[2022-08-23 12:26:07,740] {taskinstance.py:1179} INFO - Dependencies all met for <TaskInstance: raizen_lab_01.sleep scheduled__2021-11-23T04:00:00+00:00 [queued]>
[2022-08-23 12:26:07,741] {taskinstance.py:1376} INFO - 
--------------------------------------------------------------------------------
[2022-08-23 12:26:07,741] {taskinstance.py:1377} INFO - Starting attempt 1 of 2
[2022-08-23 12:26:07,742] {taskinstance.py:1378} INFO - 
--------------------------------------------------------------------------------
[2022-08-23 12:26:07,766] {taskinstance.py:1397} INFO - Executing <Task(BashOperator): sleep> on 2021-11-23 04:00:00+00:00
[2022-08-23 12:26:07,836] {standard_task_runner.py:52} INFO - Started process 4961 to run task
[2022-08-23 12:26:07,840] {standard_task_runner.py:79} INFO - Running: ['***', 'tasks', 'run', 'raizen_lab_01', 'sleep', 'scheduled__2021-11-23T04:00:00+00:00', '--job-id', '4804', '--raw', '--subdir', 'DAGS_FOLDER/raizen_lab_01.py', '--cfg-path', '/tmp/tmpqd3vb1f5', '--error-file', '/tmp/tmpjsoui94l']
[2022-08-23 12:26:07,841] {standard_task_runner.py:80} INFO - Job 4804: Subtask sleep
[2022-08-23 12:26:07,923] {task_command.py:371} INFO - Running <TaskInstance: raizen_lab_01.sleep scheduled__2021-11-23T04:00:00+00:00 [running]> on host 6383a3236c72
[2022-08-23 12:26:08,021] {taskinstance.py:1591} INFO - Exporting the following env vars:
AIRFLOW_CTX_DAG_OWNER=admin
AIRFLOW_CTX_DAG_ID=raizen_lab_01
AIRFLOW_CTX_TASK_ID=sleep
AIRFLOW_CTX_EXECUTION_DATE=2021-11-23T04:00:00+00:00
AIRFLOW_CTX_TRY_NUMBER=1
AIRFLOW_CTX_DAG_RUN_ID=scheduled__2021-11-23T04:00:00+00:00
[2022-08-23 12:26:08,024] {subprocess.py:62} INFO - Tmp dir root location: 
 /tmp
[2022-08-23 12:26:08,025] {subprocess.py:74} INFO - Running command: ['bash', '-c', 'sleep 5']
[2022-08-23 12:26:08,049] {subprocess.py:85} INFO - Output:
[2022-08-23 12:26:13,052] {subprocess.py:96} INFO - Command exited with return code 0
[2022-08-23 12:26:13,079] {taskinstance.py:1420} INFO - Marking task as SUCCESS. dag_id=raizen_lab_01, task_id=sleep, execution_date=20211123T040000, start_date=20220823T122607, end_date=20220823T122613
[2022-08-23 12:26:13,124] {local_task_job.py:156} INFO - Task exited with return code 0
[2022-08-23 12:26:13,151] {local_task_job.py:273} INFO - 1 downstream tasks scheduled from follow-on schedule check
