[2022-08-23 12:23:01,261] {taskinstance.py:1179} INFO - Dependencies all met for <TaskInstance: raizen_lab_01.print_hello scheduled__2021-11-15T16:00:00+00:00 [queued]>
[2022-08-23 12:23:01,270] {taskinstance.py:1179} INFO - Dependencies all met for <TaskInstance: raizen_lab_01.print_hello scheduled__2021-11-15T16:00:00+00:00 [queued]>
[2022-08-23 12:23:01,270] {taskinstance.py:1376} INFO - 
--------------------------------------------------------------------------------
[2022-08-23 12:23:01,271] {taskinstance.py:1377} INFO - Starting attempt 1 of 2
[2022-08-23 12:23:01,287] {taskinstance.py:1378} INFO - 
--------------------------------------------------------------------------------
[2022-08-23 12:23:01,356] {taskinstance.py:1397} INFO - Executing <Task(BashOperator): print_hello> on 2021-11-15 16:00:00+00:00
[2022-08-23 12:23:01,365] {standard_task_runner.py:52} INFO - Started process 2752 to run task
[2022-08-23 12:23:01,369] {standard_task_runner.py:79} INFO - Running: ['***', 'tasks', 'run', 'raizen_lab_01', 'print_hello', 'scheduled__2021-11-15T16:00:00+00:00', '--job-id', '4242', '--raw', '--subdir', 'DAGS_FOLDER/raizen_lab_01.py', '--cfg-path', '/tmp/tmpmi_ogzhi', '--error-file', '/tmp/tmp3ts9iyts']
[2022-08-23 12:23:01,370] {standard_task_runner.py:80} INFO - Job 4242: Subtask print_hello
[2022-08-23 12:23:01,505] {task_command.py:371} INFO - Running <TaskInstance: raizen_lab_01.print_hello scheduled__2021-11-15T16:00:00+00:00 [running]> on host 6383a3236c72
[2022-08-23 12:23:01,766] {taskinstance.py:1591} INFO - Exporting the following env vars:
AIRFLOW_CTX_DAG_OWNER=admin
AIRFLOW_CTX_DAG_ID=raizen_lab_01
AIRFLOW_CTX_TASK_ID=print_hello
AIRFLOW_CTX_EXECUTION_DATE=2021-11-15T16:00:00+00:00
AIRFLOW_CTX_TRY_NUMBER=1
AIRFLOW_CTX_DAG_RUN_ID=scheduled__2021-11-15T16:00:00+00:00
[2022-08-23 12:23:01,768] {subprocess.py:62} INFO - Tmp dir root location: 
 /tmp
[2022-08-23 12:23:01,768] {subprocess.py:74} INFO - Running command: ['bash', '-c', 'echo "hello"']
[2022-08-23 12:23:01,782] {subprocess.py:85} INFO - Output:
[2022-08-23 12:23:01,784] {subprocess.py:92} INFO - hello
[2022-08-23 12:23:01,784] {subprocess.py:96} INFO - Command exited with return code 0
[2022-08-23 12:23:01,981] {taskinstance.py:1420} INFO - Marking task as SUCCESS. dag_id=raizen_lab_01, task_id=print_hello, execution_date=20211115T160000, start_date=20220823T122301, end_date=20220823T122301
[2022-08-23 12:23:02,062] {local_task_job.py:156} INFO - Task exited with return code 0
[2022-08-23 12:23:02,111] {local_task_job.py:273} INFO - 1 downstream tasks scheduled from follow-on schedule check
