[2022-08-23 13:09:31,095] {taskinstance.py:1179} INFO - Dependencies all met for <TaskInstance: raizen_lab_01.sleep scheduled__2021-12-25T14:00:00+00:00 [queued]>
[2022-08-23 13:09:31,105] {taskinstance.py:1179} INFO - Dependencies all met for <TaskInstance: raizen_lab_01.sleep scheduled__2021-12-25T14:00:00+00:00 [queued]>
[2022-08-23 13:09:31,106] {taskinstance.py:1376} INFO - 
--------------------------------------------------------------------------------
[2022-08-23 13:09:31,106] {taskinstance.py:1377} INFO - Starting attempt 1 of 2
[2022-08-23 13:09:31,107] {taskinstance.py:1378} INFO - 
--------------------------------------------------------------------------------
[2022-08-23 13:09:31,125] {taskinstance.py:1397} INFO - Executing <Task(BashOperator): sleep> on 2021-12-25 14:00:00+00:00
[2022-08-23 13:09:31,131] {standard_task_runner.py:52} INFO - Started process 257 to run task
[2022-08-23 13:09:31,135] {standard_task_runner.py:79} INFO - Running: ['***', 'tasks', 'run', 'raizen_lab_01', 'sleep', 'scheduled__2021-12-25T14:00:00+00:00', '--job-id', '7132', '--raw', '--subdir', 'DAGS_FOLDER/raizen_lab_01.py', '--cfg-path', '/tmp/tmpnmiyb_pm', '--error-file', '/tmp/tmp_q6x8bha']
[2022-08-23 13:09:31,136] {standard_task_runner.py:80} INFO - Job 7132: Subtask sleep
[2022-08-23 13:09:31,215] {task_command.py:371} INFO - Running <TaskInstance: raizen_lab_01.sleep scheduled__2021-12-25T14:00:00+00:00 [running]> on host 965856c951e3
[2022-08-23 13:09:31,292] {taskinstance.py:1591} INFO - Exporting the following env vars:
AIRFLOW_CTX_DAG_OWNER=admin
AIRFLOW_CTX_DAG_ID=raizen_lab_01
AIRFLOW_CTX_TASK_ID=sleep
AIRFLOW_CTX_EXECUTION_DATE=2021-12-25T14:00:00+00:00
AIRFLOW_CTX_TRY_NUMBER=1
AIRFLOW_CTX_DAG_RUN_ID=scheduled__2021-12-25T14:00:00+00:00
[2022-08-23 13:09:31,293] {subprocess.py:62} INFO - Tmp dir root location: 
 /tmp
[2022-08-23 13:09:31,294] {subprocess.py:74} INFO - Running command: ['bash', '-c', 'sleep 5']
[2022-08-23 13:09:31,308] {subprocess.py:85} INFO - Output:
[2022-08-23 13:09:36,311] {subprocess.py:96} INFO - Command exited with return code 0
[2022-08-23 13:09:36,408] {taskinstance.py:1420} INFO - Marking task as SUCCESS. dag_id=raizen_lab_01, task_id=sleep, execution_date=20211225T140000, start_date=20220823T130931, end_date=20220823T130936
[2022-08-23 13:09:36,447] {local_task_job.py:156} INFO - Task exited with return code 0
[2022-08-23 13:09:36,475] {local_task_job.py:273} INFO - 1 downstream tasks scheduled from follow-on schedule check
