[2022-08-23 16:13:48,006] {taskinstance.py:1179} INFO - Dependencies all met for <TaskInstance: raizen_lab_01.sleep scheduled__2022-01-04T13:00:00+00:00 [queued]>
[2022-08-23 16:13:48,045] {taskinstance.py:1179} INFO - Dependencies all met for <TaskInstance: raizen_lab_01.sleep scheduled__2022-01-04T13:00:00+00:00 [queued]>
[2022-08-23 16:13:48,046] {taskinstance.py:1376} INFO - 
--------------------------------------------------------------------------------
[2022-08-23 16:13:48,046] {taskinstance.py:1377} INFO - Starting attempt 1 of 2
[2022-08-23 16:13:48,047] {taskinstance.py:1378} INFO - 
--------------------------------------------------------------------------------
[2022-08-23 16:13:48,141] {taskinstance.py:1397} INFO - Executing <Task(BashOperator): sleep> on 2022-01-04 13:00:00+00:00
[2022-08-23 16:13:48,158] {standard_task_runner.py:52} INFO - Started process 301 to run task
[2022-08-23 16:13:48,168] {standard_task_runner.py:79} INFO - Running: ['***', 'tasks', 'run', 'raizen_lab_01', 'sleep', 'scheduled__2022-01-04T13:00:00+00:00', '--job-id', '8021', '--raw', '--subdir', 'DAGS_FOLDER/raizen_lab_01.py', '--cfg-path', '/tmp/tmpepkoxl4t', '--error-file', '/tmp/tmpwocwtsod']
[2022-08-23 16:13:48,171] {standard_task_runner.py:80} INFO - Job 8021: Subtask sleep
[2022-08-23 16:13:48,391] {task_command.py:371} INFO - Running <TaskInstance: raizen_lab_01.sleep scheduled__2022-01-04T13:00:00+00:00 [running]> on host 8790b68fb5bc
[2022-08-23 16:13:48,621] {taskinstance.py:1591} INFO - Exporting the following env vars:
AIRFLOW_CTX_DAG_OWNER=admin
AIRFLOW_CTX_DAG_ID=raizen_lab_01
AIRFLOW_CTX_TASK_ID=sleep
AIRFLOW_CTX_EXECUTION_DATE=2022-01-04T13:00:00+00:00
AIRFLOW_CTX_TRY_NUMBER=1
AIRFLOW_CTX_DAG_RUN_ID=scheduled__2022-01-04T13:00:00+00:00
[2022-08-23 16:13:48,625] {subprocess.py:62} INFO - Tmp dir root location: 
 /tmp
[2022-08-23 16:13:48,629] {subprocess.py:74} INFO - Running command: ['bash', '-c', 'sleep 5']
[2022-08-23 16:13:48,671] {subprocess.py:85} INFO - Output:
[2022-08-23 16:13:53,674] {subprocess.py:96} INFO - Command exited with return code 0
[2022-08-23 16:13:53,728] {taskinstance.py:1420} INFO - Marking task as SUCCESS. dag_id=raizen_lab_01, task_id=sleep, execution_date=20220104T130000, start_date=20220823T161348, end_date=20220823T161353
[2022-08-23 16:13:53,782] {local_task_job.py:156} INFO - Task exited with return code 0
[2022-08-23 16:13:53,845] {local_task_job.py:273} INFO - 1 downstream tasks scheduled from follow-on schedule check
