[2022-08-23 11:47:38,872] {taskinstance.py:1179} INFO - Dependencies all met for <TaskInstance: raizen_lab_01.sleep scheduled__2021-10-19T20:00:00+00:00 [queued]>
[2022-08-23 11:47:38,892] {taskinstance.py:1179} INFO - Dependencies all met for <TaskInstance: raizen_lab_01.sleep scheduled__2021-10-19T20:00:00+00:00 [queued]>
[2022-08-23 11:47:38,893] {taskinstance.py:1376} INFO - 
--------------------------------------------------------------------------------
[2022-08-23 11:47:38,895] {taskinstance.py:1377} INFO - Starting attempt 1 of 2
[2022-08-23 11:47:38,899] {taskinstance.py:1378} INFO - 
--------------------------------------------------------------------------------
[2022-08-23 11:47:38,947] {taskinstance.py:1397} INFO - Executing <Task(BashOperator): sleep> on 2021-10-19 20:00:00+00:00
[2022-08-23 11:47:38,962] {standard_task_runner.py:52} INFO - Started process 902 to run task
[2022-08-23 11:47:38,969] {standard_task_runner.py:79} INFO - Running: ['***', 'tasks', 'run', 'raizen_lab_01', 'sleep', 'scheduled__2021-10-19T20:00:00+00:00', '--job-id', '2312', '--raw', '--subdir', 'DAGS_FOLDER/raizen_lab_01.py', '--cfg-path', '/tmp/tmpbzwdklfd', '--error-file', '/tmp/tmpok9x5djn']
[2022-08-23 11:47:38,971] {standard_task_runner.py:80} INFO - Job 2312: Subtask sleep
[2022-08-23 11:47:39,156] {task_command.py:371} INFO - Running <TaskInstance: raizen_lab_01.sleep scheduled__2021-10-19T20:00:00+00:00 [running]> on host fc645605a611
[2022-08-23 11:47:39,347] {taskinstance.py:1591} INFO - Exporting the following env vars:
AIRFLOW_CTX_DAG_OWNER=admin
AIRFLOW_CTX_DAG_ID=raizen_lab_01
AIRFLOW_CTX_TASK_ID=sleep
AIRFLOW_CTX_EXECUTION_DATE=2021-10-19T20:00:00+00:00
AIRFLOW_CTX_TRY_NUMBER=1
AIRFLOW_CTX_DAG_RUN_ID=scheduled__2021-10-19T20:00:00+00:00
[2022-08-23 11:47:39,349] {subprocess.py:62} INFO - Tmp dir root location: 
 /tmp
[2022-08-23 11:47:39,350] {subprocess.py:74} INFO - Running command: ['bash', '-c', 'sleep 5']
[2022-08-23 11:47:39,368] {subprocess.py:85} INFO - Output:
[2022-08-23 11:47:44,373] {subprocess.py:96} INFO - Command exited with return code 0
[2022-08-23 11:47:44,437] {taskinstance.py:1420} INFO - Marking task as SUCCESS. dag_id=raizen_lab_01, task_id=sleep, execution_date=20211019T200000, start_date=20220823T114738, end_date=20220823T114744
[2022-08-23 11:47:44,476] {local_task_job.py:156} INFO - Task exited with return code 0
[2022-08-23 11:47:44,534] {local_task_job.py:273} INFO - 1 downstream tasks scheduled from follow-on schedule check
