[2022-08-23 11:33:00,952] {taskinstance.py:1179} INFO - Dependencies all met for <TaskInstance: raizen_lab_01.print_world scheduled__2021-09-30T16:00:00+00:00 [queued]>
[2022-08-23 11:33:00,969] {taskinstance.py:1179} INFO - Dependencies all met for <TaskInstance: raizen_lab_01.print_world scheduled__2021-09-30T16:00:00+00:00 [queued]>
[2022-08-23 11:33:00,970] {taskinstance.py:1376} INFO - 
--------------------------------------------------------------------------------
[2022-08-23 11:33:00,971] {taskinstance.py:1377} INFO - Starting attempt 1 of 2
[2022-08-23 11:33:00,972] {taskinstance.py:1378} INFO - 
--------------------------------------------------------------------------------
[2022-08-23 11:33:00,997] {taskinstance.py:1397} INFO - Executing <Task(PythonOperator): print_world> on 2021-09-30 16:00:00+00:00
[2022-08-23 11:33:01,005] {standard_task_runner.py:52} INFO - Started process 2695 to run task
[2022-08-23 11:33:01,011] {standard_task_runner.py:79} INFO - Running: ['***', 'tasks', 'run', 'raizen_lab_01', 'print_world', 'scheduled__2021-09-30T16:00:00+00:00', '--job-id', '957', '--raw', '--subdir', 'DAGS_FOLDER/raizen_lab_01.py', '--cfg-path', '/tmp/tmp8dl8kszx', '--error-file', '/tmp/tmp9ms19lng']
[2022-08-23 11:33:01,012] {standard_task_runner.py:80} INFO - Job 957: Subtask print_world
[2022-08-23 11:33:01,116] {task_command.py:371} INFO - Running <TaskInstance: raizen_lab_01.print_world scheduled__2021-09-30T16:00:00+00:00 [running]> on host 7f48b7aaf0fc
[2022-08-23 11:33:01,297] {taskinstance.py:1591} INFO - Exporting the following env vars:
AIRFLOW_CTX_DAG_OWNER=admin
AIRFLOW_CTX_DAG_ID=raizen_lab_01
AIRFLOW_CTX_TASK_ID=print_world
AIRFLOW_CTX_EXECUTION_DATE=2021-09-30T16:00:00+00:00
AIRFLOW_CTX_TRY_NUMBER=1
AIRFLOW_CTX_DAG_RUN_ID=scheduled__2021-09-30T16:00:00+00:00
[2022-08-23 11:33:01,300] {logging_mixin.py:115} INFO - world
[2022-08-23 11:33:01,301] {python.py:173} INFO - Done. Returned value was: None
[2022-08-23 11:33:01,487] {taskinstance.py:1420} INFO - Marking task as SUCCESS. dag_id=raizen_lab_01, task_id=print_world, execution_date=20210930T160000, start_date=20220823T113300, end_date=20220823T113301
[2022-08-23 11:33:01,544] {local_task_job.py:156} INFO - Task exited with return code 0
[2022-08-23 11:33:01,613] {local_task_job.py:273} INFO - 0 downstream tasks scheduled from follow-on schedule check
