[2022-08-23 23:27:05,392] {taskinstance.py:1179} INFO - Dependencies all met for <TaskInstance: raizen_lab_01.step_01 manual__2022-08-23T23:27:00.866209+00:00 [queued]>
[2022-08-23 23:27:05,404] {taskinstance.py:1179} INFO - Dependencies all met for <TaskInstance: raizen_lab_01.step_01 manual__2022-08-23T23:27:00.866209+00:00 [queued]>
[2022-08-23 23:27:05,405] {taskinstance.py:1376} INFO - 
--------------------------------------------------------------------------------
[2022-08-23 23:27:05,405] {taskinstance.py:1377} INFO - Starting attempt 1 of 2
[2022-08-23 23:27:05,406] {taskinstance.py:1378} INFO - 
--------------------------------------------------------------------------------
[2022-08-23 23:27:05,421] {taskinstance.py:1397} INFO - Executing <Task(BashOperator): step_01> on 2022-08-23 23:27:00.866209+00:00
[2022-08-23 23:27:05,427] {standard_task_runner.py:52} INFO - Started process 89 to run task
[2022-08-23 23:27:05,430] {standard_task_runner.py:79} INFO - Running: ['***', 'tasks', 'run', 'raizen_lab_01', 'step_01', 'manual__2022-08-23T23:27:00.866209+00:00', '--job-id', '9514', '--raw', '--subdir', 'DAGS_FOLDER/raizen_lab_01.py', '--cfg-path', '/tmp/tmp6zks4b4n', '--error-file', '/tmp/tmpfc_s95o2']
[2022-08-23 23:27:05,432] {standard_task_runner.py:80} INFO - Job 9514: Subtask step_01
[2022-08-23 23:27:05,496] {task_command.py:371} INFO - Running <TaskInstance: raizen_lab_01.step_01 manual__2022-08-23T23:27:00.866209+00:00 [running]> on host 25dd15f8d678
[2022-08-23 23:27:05,570] {taskinstance.py:1591} INFO - Exporting the following env vars:
AIRFLOW_CTX_DAG_OWNER=admin
AIRFLOW_CTX_DAG_ID=raizen_lab_01
AIRFLOW_CTX_TASK_ID=step_01
AIRFLOW_CTX_EXECUTION_DATE=2022-08-23T23:27:00.866209+00:00
AIRFLOW_CTX_TRY_NUMBER=1
AIRFLOW_CTX_DAG_RUN_ID=manual__2022-08-23T23:27:00.866209+00:00
[2022-08-23 23:27:05,572] {subprocess.py:62} INFO - Tmp dir root location: 
 /tmp
[2022-08-23 23:27:05,573] {subprocess.py:74} INFO - Running command: ['bash', '-c', 'echo "Fim da Ingestao"']
[2022-08-23 23:27:05,586] {subprocess.py:85} INFO - Output:
[2022-08-23 23:27:05,587] {subprocess.py:92} INFO - Fim da Ingestao
[2022-08-23 23:27:05,588] {subprocess.py:96} INFO - Command exited with return code 0
[2022-08-23 23:27:05,618] {taskinstance.py:1420} INFO - Marking task as SUCCESS. dag_id=raizen_lab_01, task_id=step_01, execution_date=20220823T232700, start_date=20220823T232705, end_date=20220823T232705
[2022-08-23 23:27:05,642] {local_task_job.py:156} INFO - Task exited with return code 0
[2022-08-23 23:27:05,671] {local_task_job.py:273} INFO - 0 downstream tasks scheduled from follow-on schedule check
