[2022-08-23 11:38:25,084] {taskinstance.py:1179} INFO - Dependencies all met for <TaskInstance: raizen_lab_01.print_hello scheduled__2021-10-12T09:00:00+00:00 [queued]>
[2022-08-23 11:38:25,103] {taskinstance.py:1179} INFO - Dependencies all met for <TaskInstance: raizen_lab_01.print_hello scheduled__2021-10-12T09:00:00+00:00 [queued]>
[2022-08-23 11:38:25,104] {taskinstance.py:1376} INFO - 
--------------------------------------------------------------------------------
[2022-08-23 11:38:25,105] {taskinstance.py:1377} INFO - Starting attempt 1 of 2
[2022-08-23 11:38:25,105] {taskinstance.py:1378} INFO - 
--------------------------------------------------------------------------------
[2022-08-23 11:38:25,135] {taskinstance.py:1397} INFO - Executing <Task(BashOperator): print_hello> on 2021-10-12 09:00:00+00:00
[2022-08-23 11:38:25,146] {standard_task_runner.py:52} INFO - Started process 902 to run task
[2022-08-23 11:38:25,151] {standard_task_runner.py:79} INFO - Running: ['***', 'tasks', 'run', 'raizen_lab_01', 'print_hello', 'scheduled__2021-10-12T09:00:00+00:00', '--job-id', '1762', '--raw', '--subdir', 'DAGS_FOLDER/raizen_lab_01.py', '--cfg-path', '/tmp/tmpvw1xc0q0', '--error-file', '/tmp/tmpww1ev5ic']
[2022-08-23 11:38:25,152] {standard_task_runner.py:80} INFO - Job 1762: Subtask print_hello
[2022-08-23 11:38:25,272] {task_command.py:371} INFO - Running <TaskInstance: raizen_lab_01.print_hello scheduled__2021-10-12T09:00:00+00:00 [running]> on host 7f48b7aaf0fc
[2022-08-23 11:38:25,405] {taskinstance.py:1591} INFO - Exporting the following env vars:
AIRFLOW_CTX_DAG_OWNER=admin
AIRFLOW_CTX_DAG_ID=raizen_lab_01
AIRFLOW_CTX_TASK_ID=print_hello
AIRFLOW_CTX_EXECUTION_DATE=2021-10-12T09:00:00+00:00
AIRFLOW_CTX_TRY_NUMBER=1
AIRFLOW_CTX_DAG_RUN_ID=scheduled__2021-10-12T09:00:00+00:00
[2022-08-23 11:38:25,407] {subprocess.py:62} INFO - Tmp dir root location: 
 /tmp
[2022-08-23 11:38:25,408] {subprocess.py:74} INFO - Running command: ['bash', '-c', 'echo "hello"']
[2022-08-23 11:38:25,425] {subprocess.py:85} INFO - Output:
[2022-08-23 11:38:25,428] {subprocess.py:92} INFO - hello
[2022-08-23 11:38:25,429] {subprocess.py:96} INFO - Command exited with return code 0
[2022-08-23 11:38:25,524] {taskinstance.py:1420} INFO - Marking task as SUCCESS. dag_id=raizen_lab_01, task_id=print_hello, execution_date=20211012T090000, start_date=20220823T113825, end_date=20220823T113825
[2022-08-23 11:38:25,564] {local_task_job.py:156} INFO - Task exited with return code 0
[2022-08-23 11:38:25,635] {local_task_job.py:273} INFO - 1 downstream tasks scheduled from follow-on schedule check
