[2022-08-23 11:59:16,685] {taskinstance.py:1179} INFO - Dependencies all met for <TaskInstance: raizen_lab_01.print_hello scheduled__2021-10-22T21:00:00+00:00 [queued]>
[2022-08-23 11:59:16,710] {taskinstance.py:1179} INFO - Dependencies all met for <TaskInstance: raizen_lab_01.print_hello scheduled__2021-10-22T21:00:00+00:00 [queued]>
[2022-08-23 11:59:16,711] {taskinstance.py:1376} INFO - 
--------------------------------------------------------------------------------
[2022-08-23 11:59:16,712] {taskinstance.py:1377} INFO - Starting attempt 1 of 2
[2022-08-23 11:59:16,713] {taskinstance.py:1378} INFO - 
--------------------------------------------------------------------------------
[2022-08-23 11:59:16,758] {taskinstance.py:1397} INFO - Executing <Task(BashOperator): print_hello> on 2021-10-22 21:00:00+00:00
[2022-08-23 11:59:16,767] {standard_task_runner.py:52} INFO - Started process 496 to run task
[2022-08-23 11:59:16,778] {standard_task_runner.py:79} INFO - Running: ['***', 'tasks', 'run', 'raizen_lab_01', 'print_hello', 'scheduled__2021-10-22T21:00:00+00:00', '--job-id', '2535', '--raw', '--subdir', 'DAGS_FOLDER/raizen_lab_01.py', '--cfg-path', '/tmp/tmp7ye08xtc', '--error-file', '/tmp/tmpi9wwolmw']
[2022-08-23 11:59:16,779] {standard_task_runner.py:80} INFO - Job 2535: Subtask print_hello
[2022-08-23 11:59:16,897] {task_command.py:371} INFO - Running <TaskInstance: raizen_lab_01.print_hello scheduled__2021-10-22T21:00:00+00:00 [running]> on host 9f4b06248101
[2022-08-23 11:59:17,042] {taskinstance.py:1591} INFO - Exporting the following env vars:
AIRFLOW_CTX_DAG_OWNER=admin
AIRFLOW_CTX_DAG_ID=raizen_lab_01
AIRFLOW_CTX_TASK_ID=print_hello
AIRFLOW_CTX_EXECUTION_DATE=2021-10-22T21:00:00+00:00
AIRFLOW_CTX_TRY_NUMBER=1
AIRFLOW_CTX_DAG_RUN_ID=scheduled__2021-10-22T21:00:00+00:00
[2022-08-23 11:59:17,044] {subprocess.py:62} INFO - Tmp dir root location: 
 /tmp
[2022-08-23 11:59:17,045] {subprocess.py:74} INFO - Running command: ['bash', '-c', 'echo "hello"']
[2022-08-23 11:59:17,061] {subprocess.py:85} INFO - Output:
[2022-08-23 11:59:17,063] {subprocess.py:92} INFO - hello
[2022-08-23 11:59:17,064] {subprocess.py:96} INFO - Command exited with return code 0
[2022-08-23 11:59:17,128] {taskinstance.py:1420} INFO - Marking task as SUCCESS. dag_id=raizen_lab_01, task_id=print_hello, execution_date=20211022T210000, start_date=20220823T115916, end_date=20220823T115917
[2022-08-23 11:59:17,187] {local_task_job.py:156} INFO - Task exited with return code 0
[2022-08-23 11:59:17,274] {local_task_job.py:273} INFO - 1 downstream tasks scheduled from follow-on schedule check
