[2022-08-23 12:22:17,873] {taskinstance.py:1179} INFO - Dependencies all met for <TaskInstance: raizen_lab_01.sleep scheduled__2021-11-13T18:00:00+00:00 [queued]>
[2022-08-23 12:22:17,883] {taskinstance.py:1179} INFO - Dependencies all met for <TaskInstance: raizen_lab_01.sleep scheduled__2021-11-13T18:00:00+00:00 [queued]>
[2022-08-23 12:22:17,884] {taskinstance.py:1376} INFO - 
--------------------------------------------------------------------------------
[2022-08-23 12:22:17,884] {taskinstance.py:1377} INFO - Starting attempt 1 of 2
[2022-08-23 12:22:17,885] {taskinstance.py:1378} INFO - 
--------------------------------------------------------------------------------
[2022-08-23 12:22:17,905] {taskinstance.py:1397} INFO - Executing <Task(BashOperator): sleep> on 2021-11-13 18:00:00+00:00
[2022-08-23 12:22:17,912] {standard_task_runner.py:52} INFO - Started process 2226 to run task
[2022-08-23 12:22:17,916] {standard_task_runner.py:79} INFO - Running: ['***', 'tasks', 'run', 'raizen_lab_01', 'sleep', 'scheduled__2021-11-13T18:00:00+00:00', '--job-id', '4107', '--raw', '--subdir', 'DAGS_FOLDER/raizen_lab_01.py', '--cfg-path', '/tmp/tmpg78fgjao', '--error-file', '/tmp/tmpt9p5r6oa']
[2022-08-23 12:22:17,918] {standard_task_runner.py:80} INFO - Job 4107: Subtask sleep
[2022-08-23 12:22:17,988] {task_command.py:371} INFO - Running <TaskInstance: raizen_lab_01.sleep scheduled__2021-11-13T18:00:00+00:00 [running]> on host 6383a3236c72
[2022-08-23 12:22:18,051] {taskinstance.py:1591} INFO - Exporting the following env vars:
AIRFLOW_CTX_DAG_OWNER=admin
AIRFLOW_CTX_DAG_ID=raizen_lab_01
AIRFLOW_CTX_TASK_ID=sleep
AIRFLOW_CTX_EXECUTION_DATE=2021-11-13T18:00:00+00:00
AIRFLOW_CTX_TRY_NUMBER=1
AIRFLOW_CTX_DAG_RUN_ID=scheduled__2021-11-13T18:00:00+00:00
[2022-08-23 12:22:18,052] {subprocess.py:62} INFO - Tmp dir root location: 
 /tmp
[2022-08-23 12:22:18,053] {subprocess.py:74} INFO - Running command: ['bash', '-c', 'sleep 5']
[2022-08-23 12:22:18,065] {subprocess.py:85} INFO - Output:
[2022-08-23 12:22:23,069] {subprocess.py:96} INFO - Command exited with return code 0
[2022-08-23 12:22:23,147] {taskinstance.py:1420} INFO - Marking task as SUCCESS. dag_id=raizen_lab_01, task_id=sleep, execution_date=20211113T180000, start_date=20220823T122217, end_date=20220823T122223
[2022-08-23 12:22:23,224] {local_task_job.py:156} INFO - Task exited with return code 0
[2022-08-23 12:22:23,280] {local_task_job.py:273} INFO - 1 downstream tasks scheduled from follow-on schedule check
