[2022-08-23 12:38:02,087] {taskinstance.py:1179} INFO - Dependencies all met for <TaskInstance: raizen_lab_01.print_hello scheduled__2021-12-25T01:00:00+00:00 [queued]>
[2022-08-23 12:38:02,104] {taskinstance.py:1179} INFO - Dependencies all met for <TaskInstance: raizen_lab_01.print_hello scheduled__2021-12-25T01:00:00+00:00 [queued]>
[2022-08-23 12:38:02,104] {taskinstance.py:1376} INFO - 
--------------------------------------------------------------------------------
[2022-08-23 12:38:02,105] {taskinstance.py:1377} INFO - Starting attempt 1 of 2
[2022-08-23 12:38:02,105] {taskinstance.py:1378} INFO - 
--------------------------------------------------------------------------------
[2022-08-23 12:38:02,130] {taskinstance.py:1397} INFO - Executing <Task(BashOperator): print_hello> on 2021-12-25 01:00:00+00:00
[2022-08-23 12:38:02,140] {standard_task_runner.py:52} INFO - Started process 13861 to run task
[2022-08-23 12:38:02,145] {standard_task_runner.py:79} INFO - Running: ['***', 'tasks', 'run', 'raizen_lab_01', 'print_hello', 'scheduled__2021-12-25T01:00:00+00:00', '--job-id', '7078', '--raw', '--subdir', 'DAGS_FOLDER/raizen_lab_01.py', '--cfg-path', '/tmp/tmpdwxq8uuq', '--error-file', '/tmp/tmp5cnr5s1o']
[2022-08-23 12:38:02,147] {standard_task_runner.py:80} INFO - Job 7078: Subtask print_hello
[2022-08-23 12:38:02,350] {task_command.py:371} INFO - Running <TaskInstance: raizen_lab_01.print_hello scheduled__2021-12-25T01:00:00+00:00 [running]> on host 6383a3236c72
[2022-08-23 12:38:02,490] {taskinstance.py:1591} INFO - Exporting the following env vars:
AIRFLOW_CTX_DAG_OWNER=admin
AIRFLOW_CTX_DAG_ID=raizen_lab_01
AIRFLOW_CTX_TASK_ID=print_hello
AIRFLOW_CTX_EXECUTION_DATE=2021-12-25T01:00:00+00:00
AIRFLOW_CTX_TRY_NUMBER=1
AIRFLOW_CTX_DAG_RUN_ID=scheduled__2021-12-25T01:00:00+00:00
[2022-08-23 12:38:02,492] {subprocess.py:62} INFO - Tmp dir root location: 
 /tmp
[2022-08-23 12:38:02,494] {subprocess.py:74} INFO - Running command: ['bash', '-c', 'echo "hello"']
[2022-08-23 12:38:02,527] {subprocess.py:85} INFO - Output:
[2022-08-23 12:38:02,535] {subprocess.py:92} INFO - hello
[2022-08-23 12:38:02,550] {subprocess.py:96} INFO - Command exited with return code 0
[2022-08-23 12:38:02,601] {taskinstance.py:1420} INFO - Marking task as SUCCESS. dag_id=raizen_lab_01, task_id=print_hello, execution_date=20211225T010000, start_date=20220823T123802, end_date=20220823T123802
[2022-08-23 12:38:02,649] {local_task_job.py:156} INFO - Task exited with return code 0
[2022-08-23 12:38:02,695] {local_task_job.py:273} INFO - 1 downstream tasks scheduled from follow-on schedule check
