[2022-08-23 11:36:49,797] {taskinstance.py:1179} INFO - Dependencies all met for <TaskInstance: raizen_lab_01.sleep scheduled__2021-10-08T17:00:00+00:00 [queued]>
[2022-08-23 11:36:49,817] {taskinstance.py:1179} INFO - Dependencies all met for <TaskInstance: raizen_lab_01.sleep scheduled__2021-10-08T17:00:00+00:00 [queued]>
[2022-08-23 11:36:49,818] {taskinstance.py:1376} INFO - 
--------------------------------------------------------------------------------
[2022-08-23 11:36:49,818] {taskinstance.py:1377} INFO - Starting attempt 1 of 2
[2022-08-23 11:36:49,819] {taskinstance.py:1378} INFO - 
--------------------------------------------------------------------------------
[2022-08-23 11:36:49,839] {taskinstance.py:1397} INFO - Executing <Task(BashOperator): sleep> on 2021-10-08 17:00:00+00:00
[2022-08-23 11:36:49,847] {standard_task_runner.py:52} INFO - Started process 137 to run task
[2022-08-23 11:36:49,853] {standard_task_runner.py:79} INFO - Running: ['***', 'tasks', 'run', 'raizen_lab_01', 'sleep', 'scheduled__2021-10-08T17:00:00+00:00', '--job-id', '1499', '--raw', '--subdir', 'DAGS_FOLDER/raizen_lab_01.py', '--cfg-path', '/tmp/tmp79q6dupk', '--error-file', '/tmp/tmprlairik7']
[2022-08-23 11:36:49,854] {standard_task_runner.py:80} INFO - Job 1499: Subtask sleep
[2022-08-23 11:36:49,992] {task_command.py:371} INFO - Running <TaskInstance: raizen_lab_01.sleep scheduled__2021-10-08T17:00:00+00:00 [running]> on host 7f48b7aaf0fc
[2022-08-23 11:36:50,140] {taskinstance.py:1591} INFO - Exporting the following env vars:
AIRFLOW_CTX_DAG_OWNER=admin
AIRFLOW_CTX_DAG_ID=raizen_lab_01
AIRFLOW_CTX_TASK_ID=sleep
AIRFLOW_CTX_EXECUTION_DATE=2021-10-08T17:00:00+00:00
AIRFLOW_CTX_TRY_NUMBER=1
AIRFLOW_CTX_DAG_RUN_ID=scheduled__2021-10-08T17:00:00+00:00
[2022-08-23 11:36:50,143] {subprocess.py:62} INFO - Tmp dir root location: 
 /tmp
[2022-08-23 11:36:50,144] {subprocess.py:74} INFO - Running command: ['bash', '-c', 'sleep 5']
[2022-08-23 11:36:50,162] {subprocess.py:85} INFO - Output:
[2022-08-23 11:36:55,168] {subprocess.py:96} INFO - Command exited with return code 0
[2022-08-23 11:36:55,254] {taskinstance.py:1420} INFO - Marking task as SUCCESS. dag_id=raizen_lab_01, task_id=sleep, execution_date=20211008T170000, start_date=20220823T113649, end_date=20220823T113655
[2022-08-23 11:36:55,314] {local_task_job.py:156} INFO - Task exited with return code 0
[2022-08-23 11:36:55,379] {local_task_job.py:273} INFO - 1 downstream tasks scheduled from follow-on schedule check
