[2022-08-23 12:23:47,590] {taskinstance.py:1179} INFO - Dependencies all met for <TaskInstance: raizen_lab_01.sleep scheduled__2021-11-17T05:00:00+00:00 [queued]>
[2022-08-23 12:23:47,602] {taskinstance.py:1179} INFO - Dependencies all met for <TaskInstance: raizen_lab_01.sleep scheduled__2021-11-17T05:00:00+00:00 [queued]>
[2022-08-23 12:23:47,603] {taskinstance.py:1376} INFO - 
--------------------------------------------------------------------------------
[2022-08-23 12:23:47,603] {taskinstance.py:1377} INFO - Starting attempt 1 of 2
[2022-08-23 12:23:47,604] {taskinstance.py:1378} INFO - 
--------------------------------------------------------------------------------
[2022-08-23 12:23:47,628] {taskinstance.py:1397} INFO - Executing <Task(BashOperator): sleep> on 2021-11-17 05:00:00+00:00
[2022-08-23 12:23:47,638] {standard_task_runner.py:52} INFO - Started process 3278 to run task
[2022-08-23 12:23:47,641] {standard_task_runner.py:79} INFO - Running: ['***', 'tasks', 'run', 'raizen_lab_01', 'sleep', 'scheduled__2021-11-17T05:00:00+00:00', '--job-id', '4375', '--raw', '--subdir', 'DAGS_FOLDER/raizen_lab_01.py', '--cfg-path', '/tmp/tmpgaelsl4k', '--error-file', '/tmp/tmpxc0hjfqq']
[2022-08-23 12:23:47,643] {standard_task_runner.py:80} INFO - Job 4375: Subtask sleep
[2022-08-23 12:23:47,723] {task_command.py:371} INFO - Running <TaskInstance: raizen_lab_01.sleep scheduled__2021-11-17T05:00:00+00:00 [running]> on host 6383a3236c72
[2022-08-23 12:23:47,802] {taskinstance.py:1591} INFO - Exporting the following env vars:
AIRFLOW_CTX_DAG_OWNER=admin
AIRFLOW_CTX_DAG_ID=raizen_lab_01
AIRFLOW_CTX_TASK_ID=sleep
AIRFLOW_CTX_EXECUTION_DATE=2021-11-17T05:00:00+00:00
AIRFLOW_CTX_TRY_NUMBER=1
AIRFLOW_CTX_DAG_RUN_ID=scheduled__2021-11-17T05:00:00+00:00
[2022-08-23 12:23:47,803] {subprocess.py:62} INFO - Tmp dir root location: 
 /tmp
[2022-08-23 12:23:47,804] {subprocess.py:74} INFO - Running command: ['bash', '-c', 'sleep 5']
[2022-08-23 12:23:47,819] {subprocess.py:85} INFO - Output:
[2022-08-23 12:23:52,822] {subprocess.py:96} INFO - Command exited with return code 0
[2022-08-23 12:23:52,849] {taskinstance.py:1420} INFO - Marking task as SUCCESS. dag_id=raizen_lab_01, task_id=sleep, execution_date=20211117T050000, start_date=20220823T122347, end_date=20220823T122352
[2022-08-23 12:23:52,868] {local_task_job.py:156} INFO - Task exited with return code 0
[2022-08-23 12:23:52,893] {local_task_job.py:273} INFO - 1 downstream tasks scheduled from follow-on schedule check
