[2022-08-23 11:32:20,446] {taskinstance.py:1179} INFO - Dependencies all met for <TaskInstance: raizen_lab_01.sleep scheduled__2021-09-29T09:00:00+00:00 [queued]>
[2022-08-23 11:32:20,479] {taskinstance.py:1179} INFO - Dependencies all met for <TaskInstance: raizen_lab_01.sleep scheduled__2021-09-29T09:00:00+00:00 [queued]>
[2022-08-23 11:32:20,479] {taskinstance.py:1376} INFO - 
--------------------------------------------------------------------------------
[2022-08-23 11:32:20,481] {taskinstance.py:1377} INFO - Starting attempt 1 of 2
[2022-08-23 11:32:20,483] {taskinstance.py:1378} INFO - 
--------------------------------------------------------------------------------
[2022-08-23 11:32:20,522] {taskinstance.py:1397} INFO - Executing <Task(BashOperator): sleep> on 2021-09-29 09:00:00+00:00
[2022-08-23 11:32:20,531] {standard_task_runner.py:52} INFO - Started process 2340 to run task
[2022-08-23 11:32:20,536] {standard_task_runner.py:79} INFO - Running: ['***', 'tasks', 'run', 'raizen_lab_01', 'sleep', 'scheduled__2021-09-29T09:00:00+00:00', '--job-id', '836', '--raw', '--subdir', 'DAGS_FOLDER/raizen_lab_01.py', '--cfg-path', '/tmp/tmp9z2_mcnq', '--error-file', '/tmp/tmpsumd5x2s']
[2022-08-23 11:32:20,537] {standard_task_runner.py:80} INFO - Job 836: Subtask sleep
[2022-08-23 11:32:20,678] {task_command.py:371} INFO - Running <TaskInstance: raizen_lab_01.sleep scheduled__2021-09-29T09:00:00+00:00 [running]> on host 7f48b7aaf0fc
[2022-08-23 11:32:20,827] {taskinstance.py:1591} INFO - Exporting the following env vars:
AIRFLOW_CTX_DAG_OWNER=admin
AIRFLOW_CTX_DAG_ID=raizen_lab_01
AIRFLOW_CTX_TASK_ID=sleep
AIRFLOW_CTX_EXECUTION_DATE=2021-09-29T09:00:00+00:00
AIRFLOW_CTX_TRY_NUMBER=1
AIRFLOW_CTX_DAG_RUN_ID=scheduled__2021-09-29T09:00:00+00:00
[2022-08-23 11:32:20,829] {subprocess.py:62} INFO - Tmp dir root location: 
 /tmp
[2022-08-23 11:32:20,831] {subprocess.py:74} INFO - Running command: ['bash', '-c', 'sleep 5']
[2022-08-23 11:32:20,848] {subprocess.py:85} INFO - Output:
[2022-08-23 11:32:25,860] {subprocess.py:96} INFO - Command exited with return code 0
[2022-08-23 11:32:25,916] {taskinstance.py:1420} INFO - Marking task as SUCCESS. dag_id=raizen_lab_01, task_id=sleep, execution_date=20210929T090000, start_date=20220823T113220, end_date=20220823T113225
[2022-08-23 11:32:25,975] {local_task_job.py:156} INFO - Task exited with return code 0
[2022-08-23 11:32:26,048] {local_task_job.py:273} INFO - 1 downstream tasks scheduled from follow-on schedule check
