[2022-08-23 11:38:55,428] {taskinstance.py:1179} INFO - Dependencies all met for <TaskInstance: raizen_lab_01.sleep scheduled__2021-10-13T07:00:00+00:00 [queued]>
[2022-08-23 11:38:55,450] {taskinstance.py:1179} INFO - Dependencies all met for <TaskInstance: raizen_lab_01.sleep scheduled__2021-10-13T07:00:00+00:00 [queued]>
[2022-08-23 11:38:55,450] {taskinstance.py:1376} INFO - 
--------------------------------------------------------------------------------
[2022-08-23 11:38:55,451] {taskinstance.py:1377} INFO - Starting attempt 1 of 2
[2022-08-23 11:38:55,451] {taskinstance.py:1378} INFO - 
--------------------------------------------------------------------------------
[2022-08-23 11:38:55,470] {taskinstance.py:1397} INFO - Executing <Task(BashOperator): sleep> on 2021-10-13 07:00:00+00:00
[2022-08-23 11:38:55,476] {standard_task_runner.py:52} INFO - Started process 1133 to run task
[2022-08-23 11:38:55,480] {standard_task_runner.py:79} INFO - Running: ['***', 'tasks', 'run', 'raizen_lab_01', 'sleep', 'scheduled__2021-10-13T07:00:00+00:00', '--job-id', '1842', '--raw', '--subdir', 'DAGS_FOLDER/raizen_lab_01.py', '--cfg-path', '/tmp/tmp0pr8m5aw', '--error-file', '/tmp/tmporyvq3sx']
[2022-08-23 11:38:55,481] {standard_task_runner.py:80} INFO - Job 1842: Subtask sleep
[2022-08-23 11:38:55,640] {task_command.py:371} INFO - Running <TaskInstance: raizen_lab_01.sleep scheduled__2021-10-13T07:00:00+00:00 [running]> on host 7f48b7aaf0fc
[2022-08-23 11:38:55,777] {taskinstance.py:1591} INFO - Exporting the following env vars:
AIRFLOW_CTX_DAG_OWNER=admin
AIRFLOW_CTX_DAG_ID=raizen_lab_01
AIRFLOW_CTX_TASK_ID=sleep
AIRFLOW_CTX_EXECUTION_DATE=2021-10-13T07:00:00+00:00
AIRFLOW_CTX_TRY_NUMBER=1
AIRFLOW_CTX_DAG_RUN_ID=scheduled__2021-10-13T07:00:00+00:00
[2022-08-23 11:38:55,779] {subprocess.py:62} INFO - Tmp dir root location: 
 /tmp
[2022-08-23 11:38:55,781] {subprocess.py:74} INFO - Running command: ['bash', '-c', 'sleep 5']
[2022-08-23 11:38:55,797] {subprocess.py:85} INFO - Output:
[2022-08-23 11:39:00,803] {subprocess.py:96} INFO - Command exited with return code 0
[2022-08-23 11:39:00,861] {taskinstance.py:1420} INFO - Marking task as SUCCESS. dag_id=raizen_lab_01, task_id=sleep, execution_date=20211013T070000, start_date=20220823T113855, end_date=20220823T113900
[2022-08-23 11:39:00,915] {local_task_job.py:156} INFO - Task exited with return code 0
[2022-08-23 11:39:00,968] {local_task_job.py:273} INFO - 1 downstream tasks scheduled from follow-on schedule check
