[2022-08-23 12:36:23,886] {taskinstance.py:1179} INFO - Dependencies all met for <TaskInstance: raizen_lab_01.print_hello scheduled__2021-12-20T17:00:00+00:00 [queued]>
[2022-08-23 12:36:23,895] {taskinstance.py:1179} INFO - Dependencies all met for <TaskInstance: raizen_lab_01.print_hello scheduled__2021-12-20T17:00:00+00:00 [queued]>
[2022-08-23 12:36:23,895] {taskinstance.py:1376} INFO - 
--------------------------------------------------------------------------------
[2022-08-23 12:36:23,895] {taskinstance.py:1377} INFO - Starting attempt 1 of 2
[2022-08-23 12:36:23,896] {taskinstance.py:1378} INFO - 
--------------------------------------------------------------------------------
[2022-08-23 12:36:23,910] {taskinstance.py:1397} INFO - Executing <Task(BashOperator): print_hello> on 2021-12-20 17:00:00+00:00
[2022-08-23 12:36:23,917] {standard_task_runner.py:52} INFO - Started process 12657 to run task
[2022-08-23 12:36:23,920] {standard_task_runner.py:79} INFO - Running: ['***', 'tasks', 'run', 'raizen_lab_01', 'print_hello', 'scheduled__2021-12-20T17:00:00+00:00', '--job-id', '6774', '--raw', '--subdir', 'DAGS_FOLDER/raizen_lab_01.py', '--cfg-path', '/tmp/tmpzpvrj3fb', '--error-file', '/tmp/tmpo1j7c0tr']
[2022-08-23 12:36:23,922] {standard_task_runner.py:80} INFO - Job 6774: Subtask print_hello
[2022-08-23 12:36:23,982] {task_command.py:371} INFO - Running <TaskInstance: raizen_lab_01.print_hello scheduled__2021-12-20T17:00:00+00:00 [running]> on host 6383a3236c72
[2022-08-23 12:36:24,060] {taskinstance.py:1591} INFO - Exporting the following env vars:
AIRFLOW_CTX_DAG_OWNER=admin
AIRFLOW_CTX_DAG_ID=raizen_lab_01
AIRFLOW_CTX_TASK_ID=print_hello
AIRFLOW_CTX_EXECUTION_DATE=2021-12-20T17:00:00+00:00
AIRFLOW_CTX_TRY_NUMBER=1
AIRFLOW_CTX_DAG_RUN_ID=scheduled__2021-12-20T17:00:00+00:00
[2022-08-23 12:36:24,061] {subprocess.py:62} INFO - Tmp dir root location: 
 /tmp
[2022-08-23 12:36:24,062] {subprocess.py:74} INFO - Running command: ['bash', '-c', 'echo "hello"']
[2022-08-23 12:36:24,075] {subprocess.py:85} INFO - Output:
[2022-08-23 12:36:24,076] {subprocess.py:92} INFO - hello
[2022-08-23 12:36:24,077] {subprocess.py:96} INFO - Command exited with return code 0
[2022-08-23 12:36:24,147] {taskinstance.py:1420} INFO - Marking task as SUCCESS. dag_id=raizen_lab_01, task_id=print_hello, execution_date=20211220T170000, start_date=20220823T123623, end_date=20220823T123624
[2022-08-23 12:36:24,171] {local_task_job.py:156} INFO - Task exited with return code 0
[2022-08-23 12:36:24,215] {local_task_job.py:273} INFO - 1 downstream tasks scheduled from follow-on schedule check
