[2022-08-24 19:22:07,138] {taskinstance.py:1179} INFO - Dependencies all met for <TaskInstance: raizen_lab_01.Step_01_Ingestion_Sheets_To_Stage scheduled__2022-08-24T18:00:00+00:00 [queued]>
[2022-08-24 19:22:07,185] {taskinstance.py:1179} INFO - Dependencies all met for <TaskInstance: raizen_lab_01.Step_01_Ingestion_Sheets_To_Stage scheduled__2022-08-24T18:00:00+00:00 [queued]>
[2022-08-24 19:22:07,188] {taskinstance.py:1376} INFO - 
--------------------------------------------------------------------------------
[2022-08-24 19:22:07,189] {taskinstance.py:1377} INFO - Starting attempt 1 of 2
[2022-08-24 19:22:07,190] {taskinstance.py:1378} INFO - 
--------------------------------------------------------------------------------
[2022-08-24 19:22:07,232] {taskinstance.py:1397} INFO - Executing <Task(PythonOperator): Step_01_Ingestion_Sheets_To_Stage> on 2022-08-24 18:00:00+00:00
[2022-08-24 19:22:07,257] {standard_task_runner.py:52} INFO - Started process 6145 to run task
[2022-08-24 19:22:07,292] {standard_task_runner.py:79} INFO - Running: ['***', 'tasks', 'run', 'raizen_lab_01', 'Step_01_Ingestion_Sheets_To_Stage', 'scheduled__2022-08-24T18:00:00+00:00', '--job-id', '9774', '--raw', '--subdir', 'DAGS_FOLDER/raizen_lab_01.py', '--cfg-path', '/tmp/tmpwwb8_a1b', '--error-file', '/tmp/tmpq90ury7x']
[2022-08-24 19:22:07,306] {standard_task_runner.py:80} INFO - Job 9774: Subtask Step_01_Ingestion_Sheets_To_Stage
[2022-08-24 19:22:07,548] {task_command.py:371} INFO - Running <TaskInstance: raizen_lab_01.Step_01_Ingestion_Sheets_To_Stage scheduled__2022-08-24T18:00:00+00:00 [running]> on host 3f878792eb1e
[2022-08-24 19:22:07,760] {taskinstance.py:1591} INFO - Exporting the following env vars:
AIRFLOW_CTX_DAG_OWNER=admin
AIRFLOW_CTX_DAG_ID=raizen_lab_01
AIRFLOW_CTX_TASK_ID=Step_01_Ingestion_Sheets_To_Stage
AIRFLOW_CTX_EXECUTION_DATE=2022-08-24T18:00:00+00:00
AIRFLOW_CTX_TRY_NUMBER=1
AIRFLOW_CTX_DAG_RUN_ID=scheduled__2022-08-24T18:00:00+00:00
[2022-08-24 19:22:12,503] {python.py:173} INFO - Done. Returned value was: None
[2022-08-24 19:22:12,521] {taskinstance.py:1420} INFO - Marking task as SUCCESS. dag_id=raizen_lab_01, task_id=Step_01_Ingestion_Sheets_To_Stage, execution_date=20220824T180000, start_date=20220824T192207, end_date=20220824T192212
[2022-08-24 19:22:12,560] {local_task_job.py:156} INFO - Task exited with return code 0
[2022-08-24 19:22:12,606] {local_task_job.py:273} INFO - 1 downstream tasks scheduled from follow-on schedule check
