[2022-08-23 12:06:52,098] {taskinstance.py:1179} INFO - Dependencies all met for <TaskInstance: raizen_lab_01.print_world scheduled__2021-10-27T18:00:00+00:00 [queued]>
[2022-08-23 12:06:52,114] {taskinstance.py:1179} INFO - Dependencies all met for <TaskInstance: raizen_lab_01.print_world scheduled__2021-10-27T18:00:00+00:00 [queued]>
[2022-08-23 12:06:52,115] {taskinstance.py:1376} INFO - 
--------------------------------------------------------------------------------
[2022-08-23 12:06:52,115] {taskinstance.py:1377} INFO - Starting attempt 1 of 2
[2022-08-23 12:06:52,116] {taskinstance.py:1378} INFO - 
--------------------------------------------------------------------------------
[2022-08-23 12:06:52,139] {taskinstance.py:1397} INFO - Executing <Task(PythonOperator): print_world> on 2021-10-27 18:00:00+00:00
[2022-08-23 12:06:52,153] {standard_task_runner.py:52} INFO - Started process 896 to run task
[2022-08-23 12:06:52,157] {standard_task_runner.py:79} INFO - Running: ['***', 'tasks', 'run', 'raizen_lab_01', 'print_world', 'scheduled__2021-10-27T18:00:00+00:00', '--job-id', '2911', '--raw', '--subdir', 'DAGS_FOLDER/raizen_lab_01.py', '--cfg-path', '/tmp/tmp7e1m7kx8', '--error-file', '/tmp/tmpgtzq4xbk']
[2022-08-23 12:06:52,160] {standard_task_runner.py:80} INFO - Job 2911: Subtask print_world
[2022-08-23 12:06:52,259] {task_command.py:371} INFO - Running <TaskInstance: raizen_lab_01.print_world scheduled__2021-10-27T18:00:00+00:00 [running]> on host 67b6bdae536e
[2022-08-23 12:06:52,364] {taskinstance.py:1591} INFO - Exporting the following env vars:
AIRFLOW_CTX_DAG_OWNER=admin
AIRFLOW_CTX_DAG_ID=raizen_lab_01
AIRFLOW_CTX_TASK_ID=print_world
AIRFLOW_CTX_EXECUTION_DATE=2021-10-27T18:00:00+00:00
AIRFLOW_CTX_TRY_NUMBER=1
AIRFLOW_CTX_DAG_RUN_ID=scheduled__2021-10-27T18:00:00+00:00
[2022-08-23 12:06:52,365] {logging_mixin.py:115} INFO - world
[2022-08-23 12:06:52,366] {python.py:173} INFO - Done. Returned value was: None
[2022-08-23 12:06:52,387] {taskinstance.py:1420} INFO - Marking task as SUCCESS. dag_id=raizen_lab_01, task_id=print_world, execution_date=20211027T180000, start_date=20220823T120652, end_date=20220823T120652
[2022-08-23 12:06:52,450] {local_task_job.py:156} INFO - Task exited with return code 0
[2022-08-23 12:06:52,489] {local_task_job.py:273} INFO - 0 downstream tasks scheduled from follow-on schedule check
