[2022-08-23 12:24:51,681] {taskinstance.py:1179} INFO - Dependencies all met for <TaskInstance: raizen_lab_01.sleep scheduled__2021-11-20T09:00:00+00:00 [queued]>
[2022-08-23 12:24:51,688] {taskinstance.py:1179} INFO - Dependencies all met for <TaskInstance: raizen_lab_01.sleep scheduled__2021-11-20T09:00:00+00:00 [queued]>
[2022-08-23 12:24:51,688] {taskinstance.py:1376} INFO - 
--------------------------------------------------------------------------------
[2022-08-23 12:24:51,689] {taskinstance.py:1377} INFO - Starting attempt 1 of 2
[2022-08-23 12:24:51,689] {taskinstance.py:1378} INFO - 
--------------------------------------------------------------------------------
[2022-08-23 12:24:51,700] {taskinstance.py:1397} INFO - Executing <Task(BashOperator): sleep> on 2021-11-20 09:00:00+00:00
[2022-08-23 12:24:51,706] {standard_task_runner.py:52} INFO - Started process 4113 to run task
[2022-08-23 12:24:51,709] {standard_task_runner.py:79} INFO - Running: ['***', 'tasks', 'run', 'raizen_lab_01', 'sleep', 'scheduled__2021-11-20T09:00:00+00:00', '--job-id', '4589', '--raw', '--subdir', 'DAGS_FOLDER/raizen_lab_01.py', '--cfg-path', '/tmp/tmpsiffrdo_', '--error-file', '/tmp/tmp4l91ko0t']
[2022-08-23 12:24:51,710] {standard_task_runner.py:80} INFO - Job 4589: Subtask sleep
[2022-08-23 12:24:51,767] {task_command.py:371} INFO - Running <TaskInstance: raizen_lab_01.sleep scheduled__2021-11-20T09:00:00+00:00 [running]> on host 6383a3236c72
[2022-08-23 12:24:51,826] {taskinstance.py:1591} INFO - Exporting the following env vars:
AIRFLOW_CTX_DAG_OWNER=admin
AIRFLOW_CTX_DAG_ID=raizen_lab_01
AIRFLOW_CTX_TASK_ID=sleep
AIRFLOW_CTX_EXECUTION_DATE=2021-11-20T09:00:00+00:00
AIRFLOW_CTX_TRY_NUMBER=1
AIRFLOW_CTX_DAG_RUN_ID=scheduled__2021-11-20T09:00:00+00:00
[2022-08-23 12:24:51,827] {subprocess.py:62} INFO - Tmp dir root location: 
 /tmp
[2022-08-23 12:24:51,828] {subprocess.py:74} INFO - Running command: ['bash', '-c', 'sleep 5']
[2022-08-23 12:24:51,838] {subprocess.py:85} INFO - Output:
[2022-08-23 12:24:56,840] {subprocess.py:96} INFO - Command exited with return code 0
[2022-08-23 12:24:56,904] {taskinstance.py:1420} INFO - Marking task as SUCCESS. dag_id=raizen_lab_01, task_id=sleep, execution_date=20211120T090000, start_date=20220823T122451, end_date=20220823T122456
[2022-08-23 12:24:56,942] {local_task_job.py:156} INFO - Task exited with return code 0
[2022-08-23 12:24:56,980] {local_task_job.py:273} INFO - 1 downstream tasks scheduled from follow-on schedule check
