[2022-08-23 11:59:32,233] {taskinstance.py:1179} INFO - Dependencies all met for <TaskInstance: raizen_lab_01.print_world scheduled__2021-10-23T10:00:00+00:00 [queued]>
[2022-08-23 11:59:32,253] {taskinstance.py:1179} INFO - Dependencies all met for <TaskInstance: raizen_lab_01.print_world scheduled__2021-10-23T10:00:00+00:00 [queued]>
[2022-08-23 11:59:32,254] {taskinstance.py:1376} INFO - 
--------------------------------------------------------------------------------
[2022-08-23 11:59:32,254] {taskinstance.py:1377} INFO - Starting attempt 1 of 2
[2022-08-23 11:59:32,257] {taskinstance.py:1378} INFO - 
--------------------------------------------------------------------------------
[2022-08-23 11:59:32,283] {taskinstance.py:1397} INFO - Executing <Task(PythonOperator): print_world> on 2021-10-23 10:00:00+00:00
[2022-08-23 11:59:32,347] {standard_task_runner.py:52} INFO - Started process 629 to run task
[2022-08-23 11:59:32,355] {standard_task_runner.py:79} INFO - Running: ['***', 'tasks', 'run', 'raizen_lab_01', 'print_world', 'scheduled__2021-10-23T10:00:00+00:00', '--job-id', '2581', '--raw', '--subdir', 'DAGS_FOLDER/raizen_lab_01.py', '--cfg-path', '/tmp/tmp3k5po_5d', '--error-file', '/tmp/tmpw_9r1ila']
[2022-08-23 11:59:32,356] {standard_task_runner.py:80} INFO - Job 2581: Subtask print_world
[2022-08-23 11:59:32,474] {task_command.py:371} INFO - Running <TaskInstance: raizen_lab_01.print_world scheduled__2021-10-23T10:00:00+00:00 [running]> on host 9f4b06248101
[2022-08-23 11:59:32,582] {taskinstance.py:1591} INFO - Exporting the following env vars:
AIRFLOW_CTX_DAG_OWNER=admin
AIRFLOW_CTX_DAG_ID=raizen_lab_01
AIRFLOW_CTX_TASK_ID=print_world
AIRFLOW_CTX_EXECUTION_DATE=2021-10-23T10:00:00+00:00
AIRFLOW_CTX_TRY_NUMBER=1
AIRFLOW_CTX_DAG_RUN_ID=scheduled__2021-10-23T10:00:00+00:00
[2022-08-23 11:59:32,585] {logging_mixin.py:115} INFO - world
[2022-08-23 11:59:32,585] {python.py:173} INFO - Done. Returned value was: None
[2022-08-23 11:59:32,604] {taskinstance.py:1420} INFO - Marking task as SUCCESS. dag_id=raizen_lab_01, task_id=print_world, execution_date=20211023T100000, start_date=20220823T115932, end_date=20220823T115932
[2022-08-23 11:59:32,645] {local_task_job.py:156} INFO - Task exited with return code 0
[2022-08-23 11:59:32,700] {local_task_job.py:273} INFO - 0 downstream tasks scheduled from follow-on schedule check
