[2022-08-23 12:28:43,967] {taskinstance.py:1179} INFO - Dependencies all met for <TaskInstance: raizen_lab_01.sleep scheduled__2021-11-30T07:00:00+00:00 [queued]>
[2022-08-23 12:28:43,976] {taskinstance.py:1179} INFO - Dependencies all met for <TaskInstance: raizen_lab_01.sleep scheduled__2021-11-30T07:00:00+00:00 [queued]>
[2022-08-23 12:28:43,977] {taskinstance.py:1376} INFO - 
--------------------------------------------------------------------------------
[2022-08-23 12:28:43,977] {taskinstance.py:1377} INFO - Starting attempt 1 of 2
[2022-08-23 12:28:43,978] {taskinstance.py:1378} INFO - 
--------------------------------------------------------------------------------
[2022-08-23 12:28:43,994] {taskinstance.py:1397} INFO - Executing <Task(BashOperator): sleep> on 2021-11-30 07:00:00+00:00
[2022-08-23 12:28:44,000] {standard_task_runner.py:52} INFO - Started process 6916 to run task
[2022-08-23 12:28:44,003] {standard_task_runner.py:79} INFO - Running: ['***', 'tasks', 'run', 'raizen_lab_01', 'sleep', 'scheduled__2021-11-30T07:00:00+00:00', '--job-id', '5303', '--raw', '--subdir', 'DAGS_FOLDER/raizen_lab_01.py', '--cfg-path', '/tmp/tmp6i14rtby', '--error-file', '/tmp/tmphvho8ony']
[2022-08-23 12:28:44,004] {standard_task_runner.py:80} INFO - Job 5303: Subtask sleep
[2022-08-23 12:28:44,065] {task_command.py:371} INFO - Running <TaskInstance: raizen_lab_01.sleep scheduled__2021-11-30T07:00:00+00:00 [running]> on host 6383a3236c72
[2022-08-23 12:28:44,129] {taskinstance.py:1591} INFO - Exporting the following env vars:
AIRFLOW_CTX_DAG_OWNER=admin
AIRFLOW_CTX_DAG_ID=raizen_lab_01
AIRFLOW_CTX_TASK_ID=sleep
AIRFLOW_CTX_EXECUTION_DATE=2021-11-30T07:00:00+00:00
AIRFLOW_CTX_TRY_NUMBER=1
AIRFLOW_CTX_DAG_RUN_ID=scheduled__2021-11-30T07:00:00+00:00
[2022-08-23 12:28:44,130] {subprocess.py:62} INFO - Tmp dir root location: 
 /tmp
[2022-08-23 12:28:44,131] {subprocess.py:74} INFO - Running command: ['bash', '-c', 'sleep 5']
[2022-08-23 12:28:44,141] {subprocess.py:85} INFO - Output:
[2022-08-23 12:28:49,142] {subprocess.py:96} INFO - Command exited with return code 0
[2022-08-23 12:28:49,210] {taskinstance.py:1420} INFO - Marking task as SUCCESS. dag_id=raizen_lab_01, task_id=sleep, execution_date=20211130T070000, start_date=20220823T122843, end_date=20220823T122849
[2022-08-23 12:28:49,241] {local_task_job.py:156} INFO - Task exited with return code 0
[2022-08-23 12:28:49,279] {local_task_job.py:273} INFO - 1 downstream tasks scheduled from follow-on schedule check
