[2022-08-23 12:22:44,322] {taskinstance.py:1179} INFO - Dependencies all met for <TaskInstance: raizen_lab_01.print_hello scheduled__2021-11-14T18:00:00+00:00 [queued]>
[2022-08-23 12:22:44,332] {taskinstance.py:1179} INFO - Dependencies all met for <TaskInstance: raizen_lab_01.print_hello scheduled__2021-11-14T18:00:00+00:00 [queued]>
[2022-08-23 12:22:44,332] {taskinstance.py:1376} INFO - 
--------------------------------------------------------------------------------
[2022-08-23 12:22:44,332] {taskinstance.py:1377} INFO - Starting attempt 1 of 2
[2022-08-23 12:22:44,333] {taskinstance.py:1378} INFO - 
--------------------------------------------------------------------------------
[2022-08-23 12:22:44,349] {taskinstance.py:1397} INFO - Executing <Task(BashOperator): print_hello> on 2021-11-14 18:00:00+00:00
[2022-08-23 12:22:44,356] {standard_task_runner.py:52} INFO - Started process 2517 to run task
[2022-08-23 12:22:44,359] {standard_task_runner.py:79} INFO - Running: ['***', 'tasks', 'run', 'raizen_lab_01', 'print_hello', 'scheduled__2021-11-14T18:00:00+00:00', '--job-id', '4180', '--raw', '--subdir', 'DAGS_FOLDER/raizen_lab_01.py', '--cfg-path', '/tmp/tmp1kzm4c59', '--error-file', '/tmp/tmpmn6rlcn3']
[2022-08-23 12:22:44,360] {standard_task_runner.py:80} INFO - Job 4180: Subtask print_hello
[2022-08-23 12:22:44,439] {task_command.py:371} INFO - Running <TaskInstance: raizen_lab_01.print_hello scheduled__2021-11-14T18:00:00+00:00 [running]> on host 6383a3236c72
[2022-08-23 12:22:44,526] {taskinstance.py:1591} INFO - Exporting the following env vars:
AIRFLOW_CTX_DAG_OWNER=admin
AIRFLOW_CTX_DAG_ID=raizen_lab_01
AIRFLOW_CTX_TASK_ID=print_hello
AIRFLOW_CTX_EXECUTION_DATE=2021-11-14T18:00:00+00:00
AIRFLOW_CTX_TRY_NUMBER=1
AIRFLOW_CTX_DAG_RUN_ID=scheduled__2021-11-14T18:00:00+00:00
[2022-08-23 12:22:44,528] {subprocess.py:62} INFO - Tmp dir root location: 
 /tmp
[2022-08-23 12:22:44,529] {subprocess.py:74} INFO - Running command: ['bash', '-c', 'echo "hello"']
[2022-08-23 12:22:44,542] {subprocess.py:85} INFO - Output:
[2022-08-23 12:22:44,543] {subprocess.py:92} INFO - hello
[2022-08-23 12:22:44,544] {subprocess.py:96} INFO - Command exited with return code 0
[2022-08-23 12:22:44,577] {taskinstance.py:1420} INFO - Marking task as SUCCESS. dag_id=raizen_lab_01, task_id=print_hello, execution_date=20211114T180000, start_date=20220823T122244, end_date=20220823T122244
[2022-08-23 12:22:44,610] {local_task_job.py:156} INFO - Task exited with return code 0
[2022-08-23 12:22:44,663] {local_task_job.py:273} INFO - 1 downstream tasks scheduled from follow-on schedule check
