[2022-08-23 11:32:03,063] {taskinstance.py:1179} INFO - Dependencies all met for <TaskInstance: raizen_lab_01.sleep scheduled__2021-09-28T16:00:00+00:00 [queued]>
[2022-08-23 11:32:03,090] {taskinstance.py:1179} INFO - Dependencies all met for <TaskInstance: raizen_lab_01.sleep scheduled__2021-09-28T16:00:00+00:00 [queued]>
[2022-08-23 11:32:03,091] {taskinstance.py:1376} INFO - 
--------------------------------------------------------------------------------
[2022-08-23 11:32:03,092] {taskinstance.py:1377} INFO - Starting attempt 1 of 2
[2022-08-23 11:32:03,093] {taskinstance.py:1378} INFO - 
--------------------------------------------------------------------------------
[2022-08-23 11:32:03,127] {taskinstance.py:1397} INFO - Executing <Task(BashOperator): sleep> on 2021-09-28 16:00:00+00:00
[2022-08-23 11:32:03,137] {standard_task_runner.py:52} INFO - Started process 2197 to run task
[2022-08-23 11:32:03,143] {standard_task_runner.py:79} INFO - Running: ['***', 'tasks', 'run', 'raizen_lab_01', 'sleep', 'scheduled__2021-09-28T16:00:00+00:00', '--job-id', '786', '--raw', '--subdir', 'DAGS_FOLDER/raizen_lab_01.py', '--cfg-path', '/tmp/tmpp63aohql', '--error-file', '/tmp/tmpm24vl7ik']
[2022-08-23 11:32:03,144] {standard_task_runner.py:80} INFO - Job 786: Subtask sleep
[2022-08-23 11:32:03,244] {task_command.py:371} INFO - Running <TaskInstance: raizen_lab_01.sleep scheduled__2021-09-28T16:00:00+00:00 [running]> on host 7f48b7aaf0fc
[2022-08-23 11:32:03,358] {taskinstance.py:1591} INFO - Exporting the following env vars:
AIRFLOW_CTX_DAG_OWNER=admin
AIRFLOW_CTX_DAG_ID=raizen_lab_01
AIRFLOW_CTX_TASK_ID=sleep
AIRFLOW_CTX_EXECUTION_DATE=2021-09-28T16:00:00+00:00
AIRFLOW_CTX_TRY_NUMBER=1
AIRFLOW_CTX_DAG_RUN_ID=scheduled__2021-09-28T16:00:00+00:00
[2022-08-23 11:32:03,360] {subprocess.py:62} INFO - Tmp dir root location: 
 /tmp
[2022-08-23 11:32:03,362] {subprocess.py:74} INFO - Running command: ['bash', '-c', 'sleep 5']
[2022-08-23 11:32:03,379] {subprocess.py:85} INFO - Output:
[2022-08-23 11:32:08,384] {subprocess.py:96} INFO - Command exited with return code 0
[2022-08-23 11:32:08,432] {taskinstance.py:1420} INFO - Marking task as SUCCESS. dag_id=raizen_lab_01, task_id=sleep, execution_date=20210928T160000, start_date=20220823T113203, end_date=20220823T113208
[2022-08-23 11:32:08,477] {local_task_job.py:156} INFO - Task exited with return code 0
[2022-08-23 11:32:08,514] {local_task_job.py:273} INFO - 1 downstream tasks scheduled from follow-on schedule check
