[2022-08-23 22:44:09,941] {taskinstance.py:1179} INFO - Dependencies all met for <TaskInstance: raizen_lab_01.03_cria_tabela manual__2022-08-23T22:42:21.385713+00:00 [queued]>
[2022-08-23 22:44:09,954] {taskinstance.py:1179} INFO - Dependencies all met for <TaskInstance: raizen_lab_01.03_cria_tabela manual__2022-08-23T22:42:21.385713+00:00 [queued]>
[2022-08-23 22:44:09,955] {taskinstance.py:1376} INFO - 
--------------------------------------------------------------------------------
[2022-08-23 22:44:09,956] {taskinstance.py:1377} INFO - Starting attempt 2 of 2
[2022-08-23 22:44:09,956] {taskinstance.py:1378} INFO - 
--------------------------------------------------------------------------------
[2022-08-23 22:44:09,977] {taskinstance.py:1397} INFO - Executing <Task(PythonOperator): 03_cria_tabela> on 2022-08-23 22:42:21.385713+00:00
[2022-08-23 22:44:09,985] {standard_task_runner.py:52} INFO - Started process 133 to run task
[2022-08-23 22:44:09,988] {standard_task_runner.py:79} INFO - Running: ['***', 'tasks', 'run', 'raizen_lab_01', '03_cria_tabela', 'manual__2022-08-23T22:42:21.385713+00:00', '--job-id', '9444', '--raw', '--subdir', 'DAGS_FOLDER/raizen_lab_01.py', '--cfg-path', '/tmp/tmpi1j5prcb', '--error-file', '/tmp/tmpzutww8lj']
[2022-08-23 22:44:09,990] {standard_task_runner.py:80} INFO - Job 9444: Subtask 03_cria_tabela
[2022-08-23 22:44:10,062] {task_command.py:371} INFO - Running <TaskInstance: raizen_lab_01.03_cria_tabela manual__2022-08-23T22:42:21.385713+00:00 [running]> on host 80fce776ee1f
[2022-08-23 22:44:10,126] {taskinstance.py:1591} INFO - Exporting the following env vars:
AIRFLOW_CTX_DAG_OWNER=admin
AIRFLOW_CTX_DAG_ID=raizen_lab_01
AIRFLOW_CTX_TASK_ID=03_cria_tabela
AIRFLOW_CTX_EXECUTION_DATE=2022-08-23T22:42:21.385713+00:00
AIRFLOW_CTX_TRY_NUMBER=2
AIRFLOW_CTX_DAG_RUN_ID=manual__2022-08-23T22:42:21.385713+00:00
[2022-08-23 22:44:10,130] {taskinstance.py:1909} ERROR - Task failed with exception
Traceback (most recent call last):
  File "/home/airflow/.local/lib/python3.7/site-packages/airflow/operators/python.py", line 171, in execute
    return_value = self.execute_callable()
  File "/home/airflow/.local/lib/python3.7/site-packages/airflow/operators/python.py", line 189, in execute_callable
    return self.python_callable(*self.op_args, **self.op_kwargs)
  File "/opt/airflow/dags/raizen_lab_01.py", line 34, in cria_tabela
    con = MySQLdb.connect(host="192.168.96.1:3306", user="user", passwd="password", db="db")
  File "/home/airflow/.local/lib/python3.7/site-packages/MySQLdb/__init__.py", line 123, in Connect
    return Connection(*args, **kwargs)
  File "/home/airflow/.local/lib/python3.7/site-packages/MySQLdb/connections.py", line 185, in __init__
    super().__init__(*args, **kwargs2)
MySQLdb.OperationalError: (2005, "Unknown MySQL server host '192.168.96.1:3306' (-2)")
[2022-08-23 22:44:10,143] {taskinstance.py:1420} INFO - Marking task as FAILED. dag_id=raizen_lab_01, task_id=03_cria_tabela, execution_date=20220823T224221, start_date=20220823T224409, end_date=20220823T224410
[2022-08-23 22:44:10,155] {standard_task_runner.py:97} ERROR - Failed to execute job 9444 for task 03_cria_tabela ((2005, "Unknown MySQL server host '192.168.96.1:3306' (-2)"); 133)
[2022-08-23 22:44:10,161] {local_task_job.py:156} INFO - Task exited with return code 1
[2022-08-23 22:44:10,205] {local_task_job.py:273} INFO - 0 downstream tasks scheduled from follow-on schedule check
