[2022-08-23 11:46:48,777] {taskinstance.py:1179} INFO - Dependencies all met for <TaskInstance: raizen_lab_01.sleep scheduled__2021-10-18T00:00:00+00:00 [queued]>
[2022-08-23 11:46:48,815] {taskinstance.py:1179} INFO - Dependencies all met for <TaskInstance: raizen_lab_01.sleep scheduled__2021-10-18T00:00:00+00:00 [queued]>
[2022-08-23 11:46:48,816] {taskinstance.py:1376} INFO - 
--------------------------------------------------------------------------------
[2022-08-23 11:46:48,817] {taskinstance.py:1377} INFO - Starting attempt 1 of 2
[2022-08-23 11:46:48,818] {taskinstance.py:1378} INFO - 
--------------------------------------------------------------------------------
[2022-08-23 11:46:48,863] {taskinstance.py:1397} INFO - Executing <Task(BashOperator): sleep> on 2021-10-18 00:00:00+00:00
[2022-08-23 11:46:48,878] {standard_task_runner.py:52} INFO - Started process 514 to run task
[2022-08-23 11:46:48,884] {standard_task_runner.py:79} INFO - Running: ['***', 'tasks', 'run', 'raizen_lab_01', 'sleep', 'scheduled__2021-10-18T00:00:00+00:00', '--job-id', '2179', '--raw', '--subdir', 'DAGS_FOLDER/raizen_lab_01.py', '--cfg-path', '/tmp/tmpw2mc1eey', '--error-file', '/tmp/tmp7mxdzd18']
[2022-08-23 11:46:48,886] {standard_task_runner.py:80} INFO - Job 2179: Subtask sleep
[2022-08-23 11:46:49,054] {task_command.py:371} INFO - Running <TaskInstance: raizen_lab_01.sleep scheduled__2021-10-18T00:00:00+00:00 [running]> on host fc645605a611
[2022-08-23 11:46:49,239] {taskinstance.py:1591} INFO - Exporting the following env vars:
AIRFLOW_CTX_DAG_OWNER=admin
AIRFLOW_CTX_DAG_ID=raizen_lab_01
AIRFLOW_CTX_TASK_ID=sleep
AIRFLOW_CTX_EXECUTION_DATE=2021-10-18T00:00:00+00:00
AIRFLOW_CTX_TRY_NUMBER=1
AIRFLOW_CTX_DAG_RUN_ID=scheduled__2021-10-18T00:00:00+00:00
[2022-08-23 11:46:49,242] {subprocess.py:62} INFO - Tmp dir root location: 
 /tmp
[2022-08-23 11:46:49,243] {subprocess.py:74} INFO - Running command: ['bash', '-c', 'sleep 5']
[2022-08-23 11:46:49,267] {subprocess.py:85} INFO - Output:
[2022-08-23 11:46:54,275] {subprocess.py:96} INFO - Command exited with return code 0
[2022-08-23 11:46:54,339] {taskinstance.py:1420} INFO - Marking task as SUCCESS. dag_id=raizen_lab_01, task_id=sleep, execution_date=20211018T000000, start_date=20220823T114648, end_date=20220823T114654
[2022-08-23 11:46:54,436] {local_task_job.py:156} INFO - Task exited with return code 0
[2022-08-23 11:46:54,511] {local_task_job.py:273} INFO - 1 downstream tasks scheduled from follow-on schedule check
