[2022-08-23 11:39:31,180] {taskinstance.py:1179} INFO - Dependencies all met for <TaskInstance: raizen_lab_01.sleep scheduled__2021-10-14T15:00:00+00:00 [queued]>
[2022-08-23 11:39:31,198] {taskinstance.py:1179} INFO - Dependencies all met for <TaskInstance: raizen_lab_01.sleep scheduled__2021-10-14T15:00:00+00:00 [queued]>
[2022-08-23 11:39:31,199] {taskinstance.py:1376} INFO - 
--------------------------------------------------------------------------------
[2022-08-23 11:39:31,199] {taskinstance.py:1377} INFO - Starting attempt 1 of 2
[2022-08-23 11:39:31,200] {taskinstance.py:1378} INFO - 
--------------------------------------------------------------------------------
[2022-08-23 11:39:31,231] {taskinstance.py:1397} INFO - Executing <Task(BashOperator): sleep> on 2021-10-14 15:00:00+00:00
[2022-08-23 11:39:31,238] {standard_task_runner.py:52} INFO - Started process 1415 to run task
[2022-08-23 11:39:31,245] {standard_task_runner.py:79} INFO - Running: ['***', 'tasks', 'run', 'raizen_lab_01', 'sleep', 'scheduled__2021-10-14T15:00:00+00:00', '--job-id', '1936', '--raw', '--subdir', 'DAGS_FOLDER/raizen_lab_01.py', '--cfg-path', '/tmp/tmpja6xl3fp', '--error-file', '/tmp/tmpc_3nxdzj']
[2022-08-23 11:39:31,246] {standard_task_runner.py:80} INFO - Job 1936: Subtask sleep
[2022-08-23 11:39:31,369] {task_command.py:371} INFO - Running <TaskInstance: raizen_lab_01.sleep scheduled__2021-10-14T15:00:00+00:00 [running]> on host 7f48b7aaf0fc
[2022-08-23 11:39:31,499] {taskinstance.py:1591} INFO - Exporting the following env vars:
AIRFLOW_CTX_DAG_OWNER=admin
AIRFLOW_CTX_DAG_ID=raizen_lab_01
AIRFLOW_CTX_TASK_ID=sleep
AIRFLOW_CTX_EXECUTION_DATE=2021-10-14T15:00:00+00:00
AIRFLOW_CTX_TRY_NUMBER=1
AIRFLOW_CTX_DAG_RUN_ID=scheduled__2021-10-14T15:00:00+00:00
[2022-08-23 11:39:31,501] {subprocess.py:62} INFO - Tmp dir root location: 
 /tmp
[2022-08-23 11:39:31,502] {subprocess.py:74} INFO - Running command: ['bash', '-c', 'sleep 5']
[2022-08-23 11:39:31,520] {subprocess.py:85} INFO - Output:
[2022-08-23 11:39:36,525] {subprocess.py:96} INFO - Command exited with return code 0
[2022-08-23 11:39:36,740] {taskinstance.py:1420} INFO - Marking task as SUCCESS. dag_id=raizen_lab_01, task_id=sleep, execution_date=20211014T150000, start_date=20220823T113931, end_date=20220823T113936
[2022-08-23 11:39:36,796] {local_task_job.py:156} INFO - Task exited with return code 0
[2022-08-23 11:39:36,846] {local_task_job.py:273} INFO - 1 downstream tasks scheduled from follow-on schedule check
