[2022-08-23 11:37:11,501] {taskinstance.py:1179} INFO - Dependencies all met for <TaskInstance: raizen_lab_01.print_world scheduled__2021-10-09T05:00:00+00:00 [queued]>
[2022-08-23 11:37:11,533] {taskinstance.py:1179} INFO - Dependencies all met for <TaskInstance: raizen_lab_01.print_world scheduled__2021-10-09T05:00:00+00:00 [queued]>
[2022-08-23 11:37:11,535] {taskinstance.py:1376} INFO - 
--------------------------------------------------------------------------------
[2022-08-23 11:37:11,536] {taskinstance.py:1377} INFO - Starting attempt 1 of 2
[2022-08-23 11:37:11,538] {taskinstance.py:1378} INFO - 
--------------------------------------------------------------------------------
[2022-08-23 11:37:11,580] {taskinstance.py:1397} INFO - Executing <Task(PythonOperator): print_world> on 2021-10-09 05:00:00+00:00
[2022-08-23 11:37:11,590] {standard_task_runner.py:52} INFO - Started process 316 to run task
[2022-08-23 11:37:11,596] {standard_task_runner.py:79} INFO - Running: ['***', 'tasks', 'run', 'raizen_lab_01', 'print_world', 'scheduled__2021-10-09T05:00:00+00:00', '--job-id', '1561', '--raw', '--subdir', 'DAGS_FOLDER/raizen_lab_01.py', '--cfg-path', '/tmp/tmpjsdfqbxd', '--error-file', '/tmp/tmph3_dnyop']
[2022-08-23 11:37:11,597] {standard_task_runner.py:80} INFO - Job 1561: Subtask print_world
[2022-08-23 11:37:11,744] {task_command.py:371} INFO - Running <TaskInstance: raizen_lab_01.print_world scheduled__2021-10-09T05:00:00+00:00 [running]> on host 7f48b7aaf0fc
[2022-08-23 11:37:11,914] {taskinstance.py:1591} INFO - Exporting the following env vars:
AIRFLOW_CTX_DAG_OWNER=admin
AIRFLOW_CTX_DAG_ID=raizen_lab_01
AIRFLOW_CTX_TASK_ID=print_world
AIRFLOW_CTX_EXECUTION_DATE=2021-10-09T05:00:00+00:00
AIRFLOW_CTX_TRY_NUMBER=1
AIRFLOW_CTX_DAG_RUN_ID=scheduled__2021-10-09T05:00:00+00:00
[2022-08-23 11:37:11,917] {logging_mixin.py:115} INFO - world
[2022-08-23 11:37:11,918] {python.py:173} INFO - Done. Returned value was: None
[2022-08-23 11:37:11,950] {taskinstance.py:1420} INFO - Marking task as SUCCESS. dag_id=raizen_lab_01, task_id=print_world, execution_date=20211009T050000, start_date=20220823T113711, end_date=20220823T113711
[2022-08-23 11:37:12,012] {local_task_job.py:156} INFO - Task exited with return code 0
[2022-08-23 11:37:12,078] {local_task_job.py:273} INFO - 0 downstream tasks scheduled from follow-on schedule check
