[2022-08-23 11:32:18,606] {taskinstance.py:1179} INFO - Dependencies all met for <TaskInstance: raizen_lab_01.sleep scheduled__2021-09-29T07:00:00+00:00 [queued]>
[2022-08-23 11:32:18,632] {taskinstance.py:1179} INFO - Dependencies all met for <TaskInstance: raizen_lab_01.sleep scheduled__2021-09-29T07:00:00+00:00 [queued]>
[2022-08-23 11:32:18,632] {taskinstance.py:1376} INFO - 
--------------------------------------------------------------------------------
[2022-08-23 11:32:18,633] {taskinstance.py:1377} INFO - Starting attempt 1 of 2
[2022-08-23 11:32:18,634] {taskinstance.py:1378} INFO - 
--------------------------------------------------------------------------------
[2022-08-23 11:32:18,657] {taskinstance.py:1397} INFO - Executing <Task(BashOperator): sleep> on 2021-09-29 07:00:00+00:00
[2022-08-23 11:32:18,666] {standard_task_runner.py:52} INFO - Started process 2318 to run task
[2022-08-23 11:32:18,671] {standard_task_runner.py:79} INFO - Running: ['***', 'tasks', 'run', 'raizen_lab_01', 'sleep', 'scheduled__2021-09-29T07:00:00+00:00', '--job-id', '829', '--raw', '--subdir', 'DAGS_FOLDER/raizen_lab_01.py', '--cfg-path', '/tmp/tmp211jju0c', '--error-file', '/tmp/tmpkxnkemou']
[2022-08-23 11:32:18,672] {standard_task_runner.py:80} INFO - Job 829: Subtask sleep
[2022-08-23 11:32:18,824] {task_command.py:371} INFO - Running <TaskInstance: raizen_lab_01.sleep scheduled__2021-09-29T07:00:00+00:00 [running]> on host 7f48b7aaf0fc
[2022-08-23 11:32:18,959] {taskinstance.py:1591} INFO - Exporting the following env vars:
AIRFLOW_CTX_DAG_OWNER=admin
AIRFLOW_CTX_DAG_ID=raizen_lab_01
AIRFLOW_CTX_TASK_ID=sleep
AIRFLOW_CTX_EXECUTION_DATE=2021-09-29T07:00:00+00:00
AIRFLOW_CTX_TRY_NUMBER=1
AIRFLOW_CTX_DAG_RUN_ID=scheduled__2021-09-29T07:00:00+00:00
[2022-08-23 11:32:18,961] {subprocess.py:62} INFO - Tmp dir root location: 
 /tmp
[2022-08-23 11:32:18,962] {subprocess.py:74} INFO - Running command: ['bash', '-c', 'sleep 5']
[2022-08-23 11:32:18,977] {subprocess.py:85} INFO - Output:
[2022-08-23 11:32:23,981] {subprocess.py:96} INFO - Command exited with return code 0
[2022-08-23 11:32:24,092] {taskinstance.py:1420} INFO - Marking task as SUCCESS. dag_id=raizen_lab_01, task_id=sleep, execution_date=20210929T070000, start_date=20220823T113218, end_date=20220823T113224
[2022-08-23 11:32:24,141] {local_task_job.py:156} INFO - Task exited with return code 0
[2022-08-23 11:32:24,200] {local_task_job.py:273} INFO - 1 downstream tasks scheduled from follow-on schedule check
