[2022-08-23 12:35:53,074] {taskinstance.py:1179} INFO - Dependencies all met for <TaskInstance: raizen_lab_01.print_hello scheduled__2021-12-19T10:00:00+00:00 [queued]>
[2022-08-23 12:35:53,084] {taskinstance.py:1179} INFO - Dependencies all met for <TaskInstance: raizen_lab_01.print_hello scheduled__2021-12-19T10:00:00+00:00 [queued]>
[2022-08-23 12:35:53,084] {taskinstance.py:1376} INFO - 
--------------------------------------------------------------------------------
[2022-08-23 12:35:53,084] {taskinstance.py:1377} INFO - Starting attempt 1 of 2
[2022-08-23 12:35:53,085] {taskinstance.py:1378} INFO - 
--------------------------------------------------------------------------------
[2022-08-23 12:35:53,104] {taskinstance.py:1397} INFO - Executing <Task(BashOperator): print_hello> on 2021-12-19 10:00:00+00:00
[2022-08-23 12:35:53,111] {standard_task_runner.py:52} INFO - Started process 12281 to run task
[2022-08-23 12:35:53,114] {standard_task_runner.py:79} INFO - Running: ['***', 'tasks', 'run', 'raizen_lab_01', 'print_hello', 'scheduled__2021-12-19T10:00:00+00:00', '--job-id', '6675', '--raw', '--subdir', 'DAGS_FOLDER/raizen_lab_01.py', '--cfg-path', '/tmp/tmpx7i5dux_', '--error-file', '/tmp/tmp7ag2ufm9']
[2022-08-23 12:35:53,115] {standard_task_runner.py:80} INFO - Job 6675: Subtask print_hello
[2022-08-23 12:35:53,208] {task_command.py:371} INFO - Running <TaskInstance: raizen_lab_01.print_hello scheduled__2021-12-19T10:00:00+00:00 [running]> on host 6383a3236c72
[2022-08-23 12:35:53,305] {taskinstance.py:1591} INFO - Exporting the following env vars:
AIRFLOW_CTX_DAG_OWNER=admin
AIRFLOW_CTX_DAG_ID=raizen_lab_01
AIRFLOW_CTX_TASK_ID=print_hello
AIRFLOW_CTX_EXECUTION_DATE=2021-12-19T10:00:00+00:00
AIRFLOW_CTX_TRY_NUMBER=1
AIRFLOW_CTX_DAG_RUN_ID=scheduled__2021-12-19T10:00:00+00:00
[2022-08-23 12:35:53,306] {subprocess.py:62} INFO - Tmp dir root location: 
 /tmp
[2022-08-23 12:35:53,307] {subprocess.py:74} INFO - Running command: ['bash', '-c', 'echo "hello"']
[2022-08-23 12:35:53,323] {subprocess.py:85} INFO - Output:
[2022-08-23 12:35:53,325] {subprocess.py:92} INFO - hello
[2022-08-23 12:35:53,326] {subprocess.py:96} INFO - Command exited with return code 0
[2022-08-23 12:35:53,374] {taskinstance.py:1420} INFO - Marking task as SUCCESS. dag_id=raizen_lab_01, task_id=print_hello, execution_date=20211219T100000, start_date=20220823T123553, end_date=20220823T123553
[2022-08-23 12:35:53,406] {local_task_job.py:156} INFO - Task exited with return code 0
[2022-08-23 12:35:53,467] {local_task_job.py:273} INFO - 1 downstream tasks scheduled from follow-on schedule check
