[2022-08-23 12:06:44,762] {taskinstance.py:1179} INFO - Dependencies all met for <TaskInstance: raizen_lab_01.sleep scheduled__2021-10-27T17:00:00+00:00 [queued]>
[2022-08-23 12:06:44,776] {taskinstance.py:1179} INFO - Dependencies all met for <TaskInstance: raizen_lab_01.sleep scheduled__2021-10-27T17:00:00+00:00 [queued]>
[2022-08-23 12:06:44,777] {taskinstance.py:1376} INFO - 
--------------------------------------------------------------------------------
[2022-08-23 12:06:44,777] {taskinstance.py:1377} INFO - Starting attempt 1 of 2
[2022-08-23 12:06:44,778] {taskinstance.py:1378} INFO - 
--------------------------------------------------------------------------------
[2022-08-23 12:06:44,796] {taskinstance.py:1397} INFO - Executing <Task(BashOperator): sleep> on 2021-10-27 17:00:00+00:00
[2022-08-23 12:06:44,802] {standard_task_runner.py:52} INFO - Started process 813 to run task
[2022-08-23 12:06:44,806] {standard_task_runner.py:79} INFO - Running: ['***', 'tasks', 'run', 'raizen_lab_01', 'sleep', 'scheduled__2021-10-27T17:00:00+00:00', '--job-id', '2884', '--raw', '--subdir', 'DAGS_FOLDER/raizen_lab_01.py', '--cfg-path', '/tmp/tmpqhehjgf5', '--error-file', '/tmp/tmpvl1irpnp']
[2022-08-23 12:06:44,806] {standard_task_runner.py:80} INFO - Job 2884: Subtask sleep
[2022-08-23 12:06:44,869] {task_command.py:371} INFO - Running <TaskInstance: raizen_lab_01.sleep scheduled__2021-10-27T17:00:00+00:00 [running]> on host 67b6bdae536e
[2022-08-23 12:06:44,953] {taskinstance.py:1591} INFO - Exporting the following env vars:
AIRFLOW_CTX_DAG_OWNER=admin
AIRFLOW_CTX_DAG_ID=raizen_lab_01
AIRFLOW_CTX_TASK_ID=sleep
AIRFLOW_CTX_EXECUTION_DATE=2021-10-27T17:00:00+00:00
AIRFLOW_CTX_TRY_NUMBER=1
AIRFLOW_CTX_DAG_RUN_ID=scheduled__2021-10-27T17:00:00+00:00
[2022-08-23 12:06:44,956] {subprocess.py:62} INFO - Tmp dir root location: 
 /tmp
[2022-08-23 12:06:44,957] {subprocess.py:74} INFO - Running command: ['bash', '-c', 'sleep 5']
[2022-08-23 12:06:44,976] {subprocess.py:85} INFO - Output:
[2022-08-23 12:06:49,979] {subprocess.py:96} INFO - Command exited with return code 0
[2022-08-23 12:06:50,010] {taskinstance.py:1420} INFO - Marking task as SUCCESS. dag_id=raizen_lab_01, task_id=sleep, execution_date=20211027T170000, start_date=20220823T120644, end_date=20220823T120650
[2022-08-23 12:06:50,029] {local_task_job.py:156} INFO - Task exited with return code 0
[2022-08-23 12:06:50,131] {local_task_job.py:273} INFO - 0 downstream tasks scheduled from follow-on schedule check
