[2022-08-23 11:33:52,412] {taskinstance.py:1179} INFO - Dependencies all met for <TaskInstance: raizen_lab_01.print_hello scheduled__2021-10-02T19:00:00+00:00 [queued]>
[2022-08-23 11:33:52,438] {taskinstance.py:1179} INFO - Dependencies all met for <TaskInstance: raizen_lab_01.print_hello scheduled__2021-10-02T19:00:00+00:00 [queued]>
[2022-08-23 11:33:52,438] {taskinstance.py:1376} INFO - 
--------------------------------------------------------------------------------
[2022-08-23 11:33:52,439] {taskinstance.py:1377} INFO - Starting attempt 1 of 2
[2022-08-23 11:33:52,440] {taskinstance.py:1378} INFO - 
--------------------------------------------------------------------------------
[2022-08-23 11:33:52,471] {taskinstance.py:1397} INFO - Executing <Task(BashOperator): print_hello> on 2021-10-02 19:00:00+00:00
[2022-08-23 11:33:52,480] {standard_task_runner.py:52} INFO - Started process 3040 to run task
[2022-08-23 11:33:52,486] {standard_task_runner.py:79} INFO - Running: ['***', 'tasks', 'run', 'raizen_lab_01', 'print_hello', 'scheduled__2021-10-02T19:00:00+00:00', '--job-id', '1072', '--raw', '--subdir', 'DAGS_FOLDER/raizen_lab_01.py', '--cfg-path', '/tmp/tmpyn9z2btu', '--error-file', '/tmp/tmp_s32xkp_']
[2022-08-23 11:33:52,487] {standard_task_runner.py:80} INFO - Job 1072: Subtask print_hello
[2022-08-23 11:33:52,601] {task_command.py:371} INFO - Running <TaskInstance: raizen_lab_01.print_hello scheduled__2021-10-02T19:00:00+00:00 [running]> on host 7f48b7aaf0fc
[2022-08-23 11:33:52,799] {taskinstance.py:1591} INFO - Exporting the following env vars:
AIRFLOW_CTX_DAG_OWNER=admin
AIRFLOW_CTX_DAG_ID=raizen_lab_01
AIRFLOW_CTX_TASK_ID=print_hello
AIRFLOW_CTX_EXECUTION_DATE=2021-10-02T19:00:00+00:00
AIRFLOW_CTX_TRY_NUMBER=1
AIRFLOW_CTX_DAG_RUN_ID=scheduled__2021-10-02T19:00:00+00:00
[2022-08-23 11:33:52,802] {subprocess.py:62} INFO - Tmp dir root location: 
 /tmp
[2022-08-23 11:33:52,803] {subprocess.py:74} INFO - Running command: ['bash', '-c', 'echo "hello"']
[2022-08-23 11:33:52,823] {subprocess.py:85} INFO - Output:
[2022-08-23 11:33:52,825] {subprocess.py:92} INFO - hello
[2022-08-23 11:33:52,826] {subprocess.py:96} INFO - Command exited with return code 0
[2022-08-23 11:33:52,882] {taskinstance.py:1420} INFO - Marking task as SUCCESS. dag_id=raizen_lab_01, task_id=print_hello, execution_date=20211002T190000, start_date=20220823T113352, end_date=20220823T113352
[2022-08-23 11:33:52,938] {local_task_job.py:156} INFO - Task exited with return code 0
[2022-08-23 11:33:53,056] {local_task_job.py:273} INFO - 0 downstream tasks scheduled from follow-on schedule check
