[2022-08-23 12:26:24,079] {taskinstance.py:1179} INFO - Dependencies all met for <TaskInstance: raizen_lab_01.print_hello scheduled__2021-11-24T04:00:00+00:00 [queued]>
[2022-08-23 12:26:24,099] {taskinstance.py:1179} INFO - Dependencies all met for <TaskInstance: raizen_lab_01.print_hello scheduled__2021-11-24T04:00:00+00:00 [queued]>
[2022-08-23 12:26:24,099] {taskinstance.py:1376} INFO - 
--------------------------------------------------------------------------------
[2022-08-23 12:26:24,100] {taskinstance.py:1377} INFO - Starting attempt 1 of 2
[2022-08-23 12:26:24,100] {taskinstance.py:1378} INFO - 
--------------------------------------------------------------------------------
[2022-08-23 12:26:24,122] {taskinstance.py:1397} INFO - Executing <Task(BashOperator): print_hello> on 2021-11-24 04:00:00+00:00
[2022-08-23 12:26:24,131] {standard_task_runner.py:52} INFO - Started process 5167 to run task
[2022-08-23 12:26:24,136] {standard_task_runner.py:79} INFO - Running: ['***', 'tasks', 'run', 'raizen_lab_01', 'print_hello', 'scheduled__2021-11-24T04:00:00+00:00', '--job-id', '4855', '--raw', '--subdir', 'DAGS_FOLDER/raizen_lab_01.py', '--cfg-path', '/tmp/tmp4_fhxw5v', '--error-file', '/tmp/tmpv5yvlmo1']
[2022-08-23 12:26:24,138] {standard_task_runner.py:80} INFO - Job 4855: Subtask print_hello
[2022-08-23 12:26:24,219] {task_command.py:371} INFO - Running <TaskInstance: raizen_lab_01.print_hello scheduled__2021-11-24T04:00:00+00:00 [running]> on host 6383a3236c72
[2022-08-23 12:26:24,295] {taskinstance.py:1591} INFO - Exporting the following env vars:
AIRFLOW_CTX_DAG_OWNER=admin
AIRFLOW_CTX_DAG_ID=raizen_lab_01
AIRFLOW_CTX_TASK_ID=print_hello
AIRFLOW_CTX_EXECUTION_DATE=2021-11-24T04:00:00+00:00
AIRFLOW_CTX_TRY_NUMBER=1
AIRFLOW_CTX_DAG_RUN_ID=scheduled__2021-11-24T04:00:00+00:00
[2022-08-23 12:26:24,296] {subprocess.py:62} INFO - Tmp dir root location: 
 /tmp
[2022-08-23 12:26:24,297] {subprocess.py:74} INFO - Running command: ['bash', '-c', 'echo "hello"']
[2022-08-23 12:26:24,309] {subprocess.py:85} INFO - Output:
[2022-08-23 12:26:24,310] {subprocess.py:92} INFO - hello
[2022-08-23 12:26:24,311] {subprocess.py:96} INFO - Command exited with return code 0
[2022-08-23 12:26:24,344] {taskinstance.py:1420} INFO - Marking task as SUCCESS. dag_id=raizen_lab_01, task_id=print_hello, execution_date=20211124T040000, start_date=20220823T122624, end_date=20220823T122624
[2022-08-23 12:26:24,388] {local_task_job.py:156} INFO - Task exited with return code 0
[2022-08-23 12:26:24,440] {local_task_job.py:273} INFO - 1 downstream tasks scheduled from follow-on schedule check
