[2022-08-23 18:28:57,694] {taskinstance.py:1179} INFO - Dependencies all met for <TaskInstance: raizen_lab_01.conecta_no_mysql scheduled__2022-01-20T23:00:00+00:00 [queued]>
[2022-08-23 18:28:57,701] {taskinstance.py:1179} INFO - Dependencies all met for <TaskInstance: raizen_lab_01.conecta_no_mysql scheduled__2022-01-20T23:00:00+00:00 [queued]>
[2022-08-23 18:28:57,702] {taskinstance.py:1376} INFO - 
--------------------------------------------------------------------------------
[2022-08-23 18:28:57,702] {taskinstance.py:1377} INFO - Starting attempt 1 of 2
[2022-08-23 18:28:57,702] {taskinstance.py:1378} INFO - 
--------------------------------------------------------------------------------
[2022-08-23 18:28:57,720] {taskinstance.py:1397} INFO - Executing <Task(PythonOperator): conecta_no_mysql> on 2022-01-20 23:00:00+00:00
[2022-08-23 18:28:57,727] {standard_task_runner.py:52} INFO - Started process 223 to run task
[2022-08-23 18:28:57,730] {standard_task_runner.py:79} INFO - Running: ['***', 'tasks', 'run', 'raizen_lab_01', 'conecta_no_mysql', 'scheduled__2022-01-20T23:00:00+00:00', '--job-id', '8922', '--raw', '--subdir', 'DAGS_FOLDER/raizen_lab_01.py', '--cfg-path', '/tmp/tmpirtr7p30', '--error-file', '/tmp/tmpgokyuvx2']
[2022-08-23 18:28:57,731] {standard_task_runner.py:80} INFO - Job 8922: Subtask conecta_no_mysql
[2022-08-23 18:28:57,796] {task_command.py:371} INFO - Running <TaskInstance: raizen_lab_01.conecta_no_mysql scheduled__2022-01-20T23:00:00+00:00 [running]> on host 292788567df6
[2022-08-23 18:28:57,968] {taskinstance.py:1591} INFO - Exporting the following env vars:
AIRFLOW_CTX_DAG_OWNER=admin
AIRFLOW_CTX_DAG_ID=raizen_lab_01
AIRFLOW_CTX_TASK_ID=conecta_no_mysql
AIRFLOW_CTX_EXECUTION_DATE=2022-01-20T23:00:00+00:00
AIRFLOW_CTX_TRY_NUMBER=1
AIRFLOW_CTX_DAG_RUN_ID=scheduled__2022-01-20T23:00:00+00:00
[2022-08-23 18:28:57,984] {taskinstance.py:1909} ERROR - Task failed with exception
Traceback (most recent call last):
  File "/home/airflow/.local/lib/python3.7/site-packages/airflow/operators/python.py", line 171, in execute
    return_value = self.execute_callable()
  File "/home/airflow/.local/lib/python3.7/site-packages/airflow/operators/python.py", line 189, in execute_callable
    return self.python_callable(*self.op_args, **self.op_kwargs)
  File "/opt/airflow/dags/raizen_lab_01.py", line 36, in conecta_no_mysql
    con.select_db('CREATE TABLE TESTE(COL1 VARCHAR(40))')
MySQLdb.OperationalError: (1049, "Unknown database 'create table teste(col1 varchar(40))'")
[2022-08-23 18:28:57,994] {taskinstance.py:1420} INFO - Marking task as UP_FOR_RETRY. dag_id=raizen_lab_01, task_id=conecta_no_mysql, execution_date=20220120T230000, start_date=20220823T182857, end_date=20220823T182857
[2022-08-23 18:28:58,007] {standard_task_runner.py:97} ERROR - Failed to execute job 8922 for task conecta_no_mysql ((1049, "Unknown database 'create table teste(col1 varchar(40))'"); 223)
[2022-08-23 18:28:58,022] {local_task_job.py:156} INFO - Task exited with return code 1
[2022-08-23 18:28:58,137] {local_task_job.py:273} INFO - 0 downstream tasks scheduled from follow-on schedule check
