[2022-08-23 12:06:31,943] {taskinstance.py:1179} INFO - Dependencies all met for <TaskInstance: raizen_lab_01.sleep scheduled__2021-10-27T01:00:00+00:00 [queued]>
[2022-08-23 12:06:31,955] {taskinstance.py:1179} INFO - Dependencies all met for <TaskInstance: raizen_lab_01.sleep scheduled__2021-10-27T01:00:00+00:00 [queued]>
[2022-08-23 12:06:31,956] {taskinstance.py:1376} INFO - 
--------------------------------------------------------------------------------
[2022-08-23 12:06:31,956] {taskinstance.py:1377} INFO - Starting attempt 1 of 2
[2022-08-23 12:06:31,956] {taskinstance.py:1378} INFO - 
--------------------------------------------------------------------------------
[2022-08-23 12:06:31,973] {taskinstance.py:1397} INFO - Executing <Task(BashOperator): sleep> on 2021-10-27 01:00:00+00:00
[2022-08-23 12:06:31,979] {standard_task_runner.py:52} INFO - Started process 676 to run task
[2022-08-23 12:06:31,983] {standard_task_runner.py:79} INFO - Running: ['***', 'tasks', 'run', 'raizen_lab_01', 'sleep', 'scheduled__2021-10-27T01:00:00+00:00', '--job-id', '2836', '--raw', '--subdir', 'DAGS_FOLDER/raizen_lab_01.py', '--cfg-path', '/tmp/tmpuv4vjhwp', '--error-file', '/tmp/tmptktvmhf4']
[2022-08-23 12:06:31,984] {standard_task_runner.py:80} INFO - Job 2836: Subtask sleep
[2022-08-23 12:06:32,146] {task_command.py:371} INFO - Running <TaskInstance: raizen_lab_01.sleep scheduled__2021-10-27T01:00:00+00:00 [running]> on host 67b6bdae536e
[2022-08-23 12:06:32,226] {taskinstance.py:1591} INFO - Exporting the following env vars:
AIRFLOW_CTX_DAG_OWNER=admin
AIRFLOW_CTX_DAG_ID=raizen_lab_01
AIRFLOW_CTX_TASK_ID=sleep
AIRFLOW_CTX_EXECUTION_DATE=2021-10-27T01:00:00+00:00
AIRFLOW_CTX_TRY_NUMBER=1
AIRFLOW_CTX_DAG_RUN_ID=scheduled__2021-10-27T01:00:00+00:00
[2022-08-23 12:06:32,228] {subprocess.py:62} INFO - Tmp dir root location: 
 /tmp
[2022-08-23 12:06:32,228] {subprocess.py:74} INFO - Running command: ['bash', '-c', 'sleep 5']
[2022-08-23 12:06:32,238] {subprocess.py:85} INFO - Output:
[2022-08-23 12:06:37,241] {subprocess.py:96} INFO - Command exited with return code 0
[2022-08-23 12:06:37,274] {taskinstance.py:1420} INFO - Marking task as SUCCESS. dag_id=raizen_lab_01, task_id=sleep, execution_date=20211027T010000, start_date=20220823T120631, end_date=20220823T120637
[2022-08-23 12:06:37,328] {local_task_job.py:156} INFO - Task exited with return code 0
[2022-08-23 12:06:37,432] {local_task_job.py:273} INFO - 0 downstream tasks scheduled from follow-on schedule check
