[2022-08-23 11:35:50,593] {taskinstance.py:1179} INFO - Dependencies all met for <TaskInstance: raizen_lab_01.sleep scheduled__2021-10-07T03:00:00+00:00 [queued]>
[2022-08-23 11:35:50,612] {taskinstance.py:1179} INFO - Dependencies all met for <TaskInstance: raizen_lab_01.sleep scheduled__2021-10-07T03:00:00+00:00 [queued]>
[2022-08-23 11:35:50,612] {taskinstance.py:1376} INFO - 
--------------------------------------------------------------------------------
[2022-08-23 11:35:50,613] {taskinstance.py:1377} INFO - Starting attempt 1 of 2
[2022-08-23 11:35:50,614] {taskinstance.py:1378} INFO - 
--------------------------------------------------------------------------------
[2022-08-23 11:35:50,640] {taskinstance.py:1397} INFO - Executing <Task(BashOperator): sleep> on 2021-10-07 03:00:00+00:00
[2022-08-23 11:35:50,650] {standard_task_runner.py:52} INFO - Started process 3981 to run task
[2022-08-23 11:35:50,656] {standard_task_runner.py:79} INFO - Running: ['***', 'tasks', 'run', 'raizen_lab_01', 'sleep', 'scheduled__2021-10-07T03:00:00+00:00', '--job-id', '1393', '--raw', '--subdir', 'DAGS_FOLDER/raizen_lab_01.py', '--cfg-path', '/tmp/tmpjv9pv18b', '--error-file', '/tmp/tmpqof59mft']
[2022-08-23 11:35:50,657] {standard_task_runner.py:80} INFO - Job 1393: Subtask sleep
[2022-08-23 11:35:50,774] {task_command.py:371} INFO - Running <TaskInstance: raizen_lab_01.sleep scheduled__2021-10-07T03:00:00+00:00 [running]> on host 7f48b7aaf0fc
[2022-08-23 11:35:50,933] {taskinstance.py:1591} INFO - Exporting the following env vars:
AIRFLOW_CTX_DAG_OWNER=admin
AIRFLOW_CTX_DAG_ID=raizen_lab_01
AIRFLOW_CTX_TASK_ID=sleep
AIRFLOW_CTX_EXECUTION_DATE=2021-10-07T03:00:00+00:00
AIRFLOW_CTX_TRY_NUMBER=1
AIRFLOW_CTX_DAG_RUN_ID=scheduled__2021-10-07T03:00:00+00:00
[2022-08-23 11:35:50,936] {subprocess.py:62} INFO - Tmp dir root location: 
 /tmp
[2022-08-23 11:35:50,937] {subprocess.py:74} INFO - Running command: ['bash', '-c', 'sleep 5']
[2022-08-23 11:35:50,966] {subprocess.py:85} INFO - Output:
[2022-08-23 11:35:55,973] {subprocess.py:96} INFO - Command exited with return code 0
[2022-08-23 11:35:56,033] {taskinstance.py:1420} INFO - Marking task as SUCCESS. dag_id=raizen_lab_01, task_id=sleep, execution_date=20211007T030000, start_date=20220823T113550, end_date=20220823T113556
[2022-08-23 11:35:56,079] {local_task_job.py:156} INFO - Task exited with return code 0
[2022-08-23 11:35:56,127] {local_task_job.py:273} INFO - 1 downstream tasks scheduled from follow-on schedule check
