[2022-08-23 11:31:14,276] {taskinstance.py:1179} INFO - Dependencies all met for <TaskInstance: raizen_lab_01.print_hello scheduled__2021-09-26T23:00:00+00:00 [queued]>
[2022-08-23 11:31:14,297] {taskinstance.py:1179} INFO - Dependencies all met for <TaskInstance: raizen_lab_01.print_hello scheduled__2021-09-26T23:00:00+00:00 [queued]>
[2022-08-23 11:31:14,298] {taskinstance.py:1376} INFO - 
--------------------------------------------------------------------------------
[2022-08-23 11:31:14,298] {taskinstance.py:1377} INFO - Starting attempt 1 of 2
[2022-08-23 11:31:14,299] {taskinstance.py:1378} INFO - 
--------------------------------------------------------------------------------
[2022-08-23 11:31:14,325] {taskinstance.py:1397} INFO - Executing <Task(BashOperator): print_hello> on 2021-09-26 23:00:00+00:00
[2022-08-23 11:31:14,333] {standard_task_runner.py:52} INFO - Started process 1790 to run task
[2022-08-23 11:31:14,338] {standard_task_runner.py:79} INFO - Running: ['***', 'tasks', 'run', 'raizen_lab_01', 'print_hello', 'scheduled__2021-09-26T23:00:00+00:00', '--job-id', '646', '--raw', '--subdir', 'DAGS_FOLDER/raizen_lab_01.py', '--cfg-path', '/tmp/tmpnqt324z7', '--error-file', '/tmp/tmpm7_xt4fi']
[2022-08-23 11:31:14,339] {standard_task_runner.py:80} INFO - Job 646: Subtask print_hello
[2022-08-23 11:31:14,444] {task_command.py:371} INFO - Running <TaskInstance: raizen_lab_01.print_hello scheduled__2021-09-26T23:00:00+00:00 [running]> on host 7f48b7aaf0fc
[2022-08-23 11:31:14,600] {taskinstance.py:1591} INFO - Exporting the following env vars:
AIRFLOW_CTX_DAG_OWNER=admin
AIRFLOW_CTX_DAG_ID=raizen_lab_01
AIRFLOW_CTX_TASK_ID=print_hello
AIRFLOW_CTX_EXECUTION_DATE=2021-09-26T23:00:00+00:00
AIRFLOW_CTX_TRY_NUMBER=1
AIRFLOW_CTX_DAG_RUN_ID=scheduled__2021-09-26T23:00:00+00:00
[2022-08-23 11:31:14,602] {subprocess.py:62} INFO - Tmp dir root location: 
 /tmp
[2022-08-23 11:31:14,604] {subprocess.py:74} INFO - Running command: ['bash', '-c', 'echo "hello"']
[2022-08-23 11:31:14,628] {subprocess.py:85} INFO - Output:
[2022-08-23 11:31:14,631] {subprocess.py:92} INFO - hello
[2022-08-23 11:31:14,631] {subprocess.py:96} INFO - Command exited with return code 0
[2022-08-23 11:31:14,686] {taskinstance.py:1420} INFO - Marking task as SUCCESS. dag_id=raizen_lab_01, task_id=print_hello, execution_date=20210926T230000, start_date=20220823T113114, end_date=20220823T113114
[2022-08-23 11:31:14,751] {local_task_job.py:156} INFO - Task exited with return code 0
[2022-08-23 11:31:14,878] {local_task_job.py:273} INFO - 0 downstream tasks scheduled from follow-on schedule check
