[2022-08-23 12:09:24,772] {taskinstance.py:1179} INFO - Dependencies all met for <TaskInstance: raizen_lab_01.sleep scheduled__2021-11-05T02:00:00+00:00 [queued]>
[2022-08-23 12:09:24,780] {taskinstance.py:1179} INFO - Dependencies all met for <TaskInstance: raizen_lab_01.sleep scheduled__2021-11-05T02:00:00+00:00 [queued]>
[2022-08-23 12:09:24,781] {taskinstance.py:1376} INFO - 
--------------------------------------------------------------------------------
[2022-08-23 12:09:24,781] {taskinstance.py:1377} INFO - Starting attempt 1 of 2
[2022-08-23 12:09:24,787] {taskinstance.py:1378} INFO - 
--------------------------------------------------------------------------------
[2022-08-23 12:09:24,798] {taskinstance.py:1397} INFO - Executing <Task(BashOperator): sleep> on 2021-11-05 02:00:00+00:00
[2022-08-23 12:09:24,802] {standard_task_runner.py:52} INFO - Started process 2526 to run task
[2022-08-23 12:09:24,805] {standard_task_runner.py:79} INFO - Running: ['***', 'tasks', 'run', 'raizen_lab_01', 'sleep', 'scheduled__2021-11-05T02:00:00+00:00', '--job-id', '3478', '--raw', '--subdir', 'DAGS_FOLDER/raizen_lab_01.py', '--cfg-path', '/tmp/tmpttewoxhh', '--error-file', '/tmp/tmpcivqcnmc']
[2022-08-23 12:09:24,806] {standard_task_runner.py:80} INFO - Job 3478: Subtask sleep
[2022-08-23 12:09:24,855] {task_command.py:371} INFO - Running <TaskInstance: raizen_lab_01.sleep scheduled__2021-11-05T02:00:00+00:00 [running]> on host 67b6bdae536e
[2022-08-23 12:09:24,910] {taskinstance.py:1591} INFO - Exporting the following env vars:
AIRFLOW_CTX_DAG_OWNER=admin
AIRFLOW_CTX_DAG_ID=raizen_lab_01
AIRFLOW_CTX_TASK_ID=sleep
AIRFLOW_CTX_EXECUTION_DATE=2021-11-05T02:00:00+00:00
AIRFLOW_CTX_TRY_NUMBER=1
AIRFLOW_CTX_DAG_RUN_ID=scheduled__2021-11-05T02:00:00+00:00
[2022-08-23 12:09:24,911] {subprocess.py:62} INFO - Tmp dir root location: 
 /tmp
[2022-08-23 12:09:24,912] {subprocess.py:74} INFO - Running command: ['bash', '-c', 'sleep 5']
[2022-08-23 12:09:24,920] {subprocess.py:85} INFO - Output:
[2022-08-23 12:09:29,922] {subprocess.py:96} INFO - Command exited with return code 0
[2022-08-23 12:09:29,951] {taskinstance.py:1420} INFO - Marking task as SUCCESS. dag_id=raizen_lab_01, task_id=sleep, execution_date=20211105T020000, start_date=20220823T120924, end_date=20220823T120929
[2022-08-23 12:09:29,969] {local_task_job.py:156} INFO - Task exited with return code 0
[2022-08-23 12:09:29,996] {local_task_job.py:273} INFO - 1 downstream tasks scheduled from follow-on schedule check
