[2022-08-23 11:58:47,369] {taskinstance.py:1179} INFO - Dependencies all met for <TaskInstance: raizen_lab_01.sleep scheduled__2021-10-21T17:00:00+00:00 [queued]>
[2022-08-23 11:58:47,390] {taskinstance.py:1179} INFO - Dependencies all met for <TaskInstance: raizen_lab_01.sleep scheduled__2021-10-21T17:00:00+00:00 [queued]>
[2022-08-23 11:58:47,390] {taskinstance.py:1376} INFO - 
--------------------------------------------------------------------------------
[2022-08-23 11:58:47,391] {taskinstance.py:1377} INFO - Starting attempt 1 of 2
[2022-08-23 11:58:47,392] {taskinstance.py:1378} INFO - 
--------------------------------------------------------------------------------
[2022-08-23 11:58:47,420] {taskinstance.py:1397} INFO - Executing <Task(BashOperator): sleep> on 2021-10-21 17:00:00+00:00
[2022-08-23 11:58:47,429] {standard_task_runner.py:52} INFO - Started process 247 to run task
[2022-08-23 11:58:47,434] {standard_task_runner.py:79} INFO - Running: ['***', 'tasks', 'run', 'raizen_lab_01', 'sleep', 'scheduled__2021-10-21T17:00:00+00:00', '--job-id', '2450', '--raw', '--subdir', 'DAGS_FOLDER/raizen_lab_01.py', '--cfg-path', '/tmp/tmp3mgxw6se', '--error-file', '/tmp/tmpznqjwf1w']
[2022-08-23 11:58:47,435] {standard_task_runner.py:80} INFO - Job 2450: Subtask sleep
[2022-08-23 11:58:47,565] {task_command.py:371} INFO - Running <TaskInstance: raizen_lab_01.sleep scheduled__2021-10-21T17:00:00+00:00 [running]> on host 9f4b06248101
[2022-08-23 11:58:47,762] {taskinstance.py:1591} INFO - Exporting the following env vars:
AIRFLOW_CTX_DAG_OWNER=admin
AIRFLOW_CTX_DAG_ID=raizen_lab_01
AIRFLOW_CTX_TASK_ID=sleep
AIRFLOW_CTX_EXECUTION_DATE=2021-10-21T17:00:00+00:00
AIRFLOW_CTX_TRY_NUMBER=1
AIRFLOW_CTX_DAG_RUN_ID=scheduled__2021-10-21T17:00:00+00:00
[2022-08-23 11:58:47,766] {subprocess.py:62} INFO - Tmp dir root location: 
 /tmp
[2022-08-23 11:58:47,769] {subprocess.py:74} INFO - Running command: ['bash', '-c', 'sleep 5']
[2022-08-23 11:58:47,795] {subprocess.py:85} INFO - Output:
[2022-08-23 11:58:52,866] {subprocess.py:96} INFO - Command exited with return code 0
[2022-08-23 11:58:52,943] {taskinstance.py:1420} INFO - Marking task as SUCCESS. dag_id=raizen_lab_01, task_id=sleep, execution_date=20211021T170000, start_date=20220823T115847, end_date=20220823T115852
[2022-08-23 11:58:52,993] {local_task_job.py:156} INFO - Task exited with return code 0
[2022-08-23 11:58:53,048] {local_task_job.py:273} INFO - 1 downstream tasks scheduled from follow-on schedule check
