[2022-08-23 11:59:38,735] {taskinstance.py:1179} INFO - Dependencies all met for <TaskInstance: raizen_lab_01.sleep scheduled__2021-10-23T18:00:00+00:00 [queued]>
[2022-08-23 11:59:38,765] {taskinstance.py:1179} INFO - Dependencies all met for <TaskInstance: raizen_lab_01.sleep scheduled__2021-10-23T18:00:00+00:00 [queued]>
[2022-08-23 11:59:38,766] {taskinstance.py:1376} INFO - 
--------------------------------------------------------------------------------
[2022-08-23 11:59:38,767] {taskinstance.py:1377} INFO - Starting attempt 1 of 2
[2022-08-23 11:59:38,770] {taskinstance.py:1378} INFO - 
--------------------------------------------------------------------------------
[2022-08-23 11:59:38,806] {taskinstance.py:1397} INFO - Executing <Task(BashOperator): sleep> on 2021-10-23 18:00:00+00:00
[2022-08-23 11:59:38,815] {standard_task_runner.py:52} INFO - Started process 687 to run task
[2022-08-23 11:59:38,821] {standard_task_runner.py:79} INFO - Running: ['***', 'tasks', 'run', 'raizen_lab_01', 'sleep', 'scheduled__2021-10-23T18:00:00+00:00', '--job-id', '2597', '--raw', '--subdir', 'DAGS_FOLDER/raizen_lab_01.py', '--cfg-path', '/tmp/tmpm7w11i80', '--error-file', '/tmp/tmpaqk5jj1_']
[2022-08-23 11:59:38,822] {standard_task_runner.py:80} INFO - Job 2597: Subtask sleep
[2022-08-23 11:59:38,975] {task_command.py:371} INFO - Running <TaskInstance: raizen_lab_01.sleep scheduled__2021-10-23T18:00:00+00:00 [running]> on host 9f4b06248101
[2022-08-23 11:59:39,177] {taskinstance.py:1591} INFO - Exporting the following env vars:
AIRFLOW_CTX_DAG_OWNER=admin
AIRFLOW_CTX_DAG_ID=raizen_lab_01
AIRFLOW_CTX_TASK_ID=sleep
AIRFLOW_CTX_EXECUTION_DATE=2021-10-23T18:00:00+00:00
AIRFLOW_CTX_TRY_NUMBER=1
AIRFLOW_CTX_DAG_RUN_ID=scheduled__2021-10-23T18:00:00+00:00
[2022-08-23 11:59:39,180] {subprocess.py:62} INFO - Tmp dir root location: 
 /tmp
[2022-08-23 11:59:39,181] {subprocess.py:74} INFO - Running command: ['bash', '-c', 'sleep 5']
[2022-08-23 11:59:39,202] {subprocess.py:85} INFO - Output:
[2022-08-23 11:59:44,208] {subprocess.py:96} INFO - Command exited with return code 0
[2022-08-23 11:59:44,290] {taskinstance.py:1420} INFO - Marking task as SUCCESS. dag_id=raizen_lab_01, task_id=sleep, execution_date=20211023T180000, start_date=20220823T115938, end_date=20220823T115944
[2022-08-23 11:59:44,335] {local_task_job.py:156} INFO - Task exited with return code 0
[2022-08-23 11:59:44,399] {local_task_job.py:273} INFO - 1 downstream tasks scheduled from follow-on schedule check
