[2022-08-23 13:16:14,959] {taskinstance.py:1179} INFO - Dependencies all met for <TaskInstance: raizen_lab_01.sleep scheduled__2022-01-03T00:00:00+00:00 [queued]>
[2022-08-23 13:16:14,968] {taskinstance.py:1179} INFO - Dependencies all met for <TaskInstance: raizen_lab_01.sleep scheduled__2022-01-03T00:00:00+00:00 [queued]>
[2022-08-23 13:16:14,968] {taskinstance.py:1376} INFO - 
--------------------------------------------------------------------------------
[2022-08-23 13:16:14,969] {taskinstance.py:1377} INFO - Starting attempt 1 of 2
[2022-08-23 13:16:14,969] {taskinstance.py:1378} INFO - 
--------------------------------------------------------------------------------
[2022-08-23 13:16:14,982] {taskinstance.py:1397} INFO - Executing <Task(BashOperator): sleep> on 2022-01-03 00:00:00+00:00
[2022-08-23 13:16:14,987] {standard_task_runner.py:52} INFO - Started process 1628 to run task
[2022-08-23 13:16:14,990] {standard_task_runner.py:79} INFO - Running: ['***', 'tasks', 'run', 'raizen_lab_01', 'sleep', 'scheduled__2022-01-03T00:00:00+00:00', '--job-id', '7738', '--raw', '--subdir', 'DAGS_FOLDER/raizen_lab_01.py', '--cfg-path', '/tmp/tmpi0e0j0oq', '--error-file', '/tmp/tmp9s2aqppo']
[2022-08-23 13:16:14,992] {standard_task_runner.py:80} INFO - Job 7738: Subtask sleep
[2022-08-23 13:16:15,058] {task_command.py:371} INFO - Running <TaskInstance: raizen_lab_01.sleep scheduled__2022-01-03T00:00:00+00:00 [running]> on host 94e929fe2c87
[2022-08-23 13:16:15,123] {taskinstance.py:1591} INFO - Exporting the following env vars:
AIRFLOW_CTX_DAG_OWNER=admin
AIRFLOW_CTX_DAG_ID=raizen_lab_01
AIRFLOW_CTX_TASK_ID=sleep
AIRFLOW_CTX_EXECUTION_DATE=2022-01-03T00:00:00+00:00
AIRFLOW_CTX_TRY_NUMBER=1
AIRFLOW_CTX_DAG_RUN_ID=scheduled__2022-01-03T00:00:00+00:00
[2022-08-23 13:16:15,124] {subprocess.py:62} INFO - Tmp dir root location: 
 /tmp
[2022-08-23 13:16:15,125] {subprocess.py:74} INFO - Running command: ['bash', '-c', 'sleep 5']
[2022-08-23 13:16:15,135] {subprocess.py:85} INFO - Output:
[2022-08-23 13:16:20,138] {subprocess.py:96} INFO - Command exited with return code 0
[2022-08-23 13:16:20,190] {taskinstance.py:1420} INFO - Marking task as SUCCESS. dag_id=raizen_lab_01, task_id=sleep, execution_date=20220103T000000, start_date=20220823T131614, end_date=20220823T131620
[2022-08-23 13:16:20,244] {local_task_job.py:156} INFO - Task exited with return code 0
[2022-08-23 13:16:20,299] {local_task_job.py:273} INFO - 1 downstream tasks scheduled from follow-on schedule check
