[2022-08-23 11:45:55,896] {taskinstance.py:1179} INFO - Dependencies all met for <TaskInstance: raizen_lab_01.print_hello scheduled__2021-10-16T10:00:00+00:00 [queued]>
[2022-08-23 11:45:55,914] {taskinstance.py:1179} INFO - Dependencies all met for <TaskInstance: raizen_lab_01.print_hello scheduled__2021-10-16T10:00:00+00:00 [queued]>
[2022-08-23 11:45:55,915] {taskinstance.py:1376} INFO - 
--------------------------------------------------------------------------------
[2022-08-23 11:45:55,915] {taskinstance.py:1377} INFO - Starting attempt 1 of 2
[2022-08-23 11:45:55,916] {taskinstance.py:1378} INFO - 
--------------------------------------------------------------------------------
[2022-08-23 11:45:55,949] {taskinstance.py:1397} INFO - Executing <Task(BashOperator): print_hello> on 2021-10-16 10:00:00+00:00
[2022-08-23 11:45:55,958] {standard_task_runner.py:52} INFO - Started process 144 to run task
[2022-08-23 11:45:55,965] {standard_task_runner.py:79} INFO - Running: ['***', 'tasks', 'run', 'raizen_lab_01', 'print_hello', 'scheduled__2021-10-16T10:00:00+00:00', '--job-id', '2054', '--raw', '--subdir', 'DAGS_FOLDER/raizen_lab_01.py', '--cfg-path', '/tmp/tmphxl2dqu2', '--error-file', '/tmp/tmpas3p_2e6']
[2022-08-23 11:45:55,966] {standard_task_runner.py:80} INFO - Job 2054: Subtask print_hello
[2022-08-23 11:45:56,169] {task_command.py:371} INFO - Running <TaskInstance: raizen_lab_01.print_hello scheduled__2021-10-16T10:00:00+00:00 [running]> on host fc645605a611
[2022-08-23 11:45:56,352] {taskinstance.py:1591} INFO - Exporting the following env vars:
AIRFLOW_CTX_DAG_OWNER=admin
AIRFLOW_CTX_DAG_ID=raizen_lab_01
AIRFLOW_CTX_TASK_ID=print_hello
AIRFLOW_CTX_EXECUTION_DATE=2021-10-16T10:00:00+00:00
AIRFLOW_CTX_TRY_NUMBER=1
AIRFLOW_CTX_DAG_RUN_ID=scheduled__2021-10-16T10:00:00+00:00
[2022-08-23 11:45:56,357] {subprocess.py:62} INFO - Tmp dir root location: 
 /tmp
[2022-08-23 11:45:56,358] {subprocess.py:74} INFO - Running command: ['bash', '-c', 'echo "hello"']
[2022-08-23 11:45:56,380] {subprocess.py:85} INFO - Output:
[2022-08-23 11:45:56,385] {subprocess.py:92} INFO - hello
[2022-08-23 11:45:56,388] {subprocess.py:96} INFO - Command exited with return code 0
[2022-08-23 11:45:56,742] {taskinstance.py:1420} INFO - Marking task as SUCCESS. dag_id=raizen_lab_01, task_id=print_hello, execution_date=20211016T100000, start_date=20220823T114555, end_date=20220823T114556
[2022-08-23 11:45:56,823] {local_task_job.py:156} INFO - Task exited with return code 0
[2022-08-23 11:45:56,937] {local_task_job.py:273} INFO - 1 downstream tasks scheduled from follow-on schedule check
