[2022-08-23 23:08:35,705] {taskinstance.py:1179} INFO - Dependencies all met for <TaskInstance: raizen_lab_01.08_cria_tabela manual__2022-08-23T23:08:34.770377+00:00 [queued]>
[2022-08-23 23:08:35,713] {taskinstance.py:1179} INFO - Dependencies all met for <TaskInstance: raizen_lab_01.08_cria_tabela manual__2022-08-23T23:08:34.770377+00:00 [queued]>
[2022-08-23 23:08:35,714] {taskinstance.py:1376} INFO - 
--------------------------------------------------------------------------------
[2022-08-23 23:08:35,715] {taskinstance.py:1377} INFO - Starting attempt 1 of 2
[2022-08-23 23:08:35,716] {taskinstance.py:1378} INFO - 
--------------------------------------------------------------------------------
[2022-08-23 23:08:35,738] {taskinstance.py:1397} INFO - Executing <Task(PythonOperator): 08_cria_tabela> on 2022-08-23 23:08:34.770377+00:00
[2022-08-23 23:08:35,744] {standard_task_runner.py:52} INFO - Started process 75 to run task
[2022-08-23 23:08:35,749] {standard_task_runner.py:79} INFO - Running: ['***', 'tasks', 'run', 'raizen_lab_01', '08_cria_tabela', 'manual__2022-08-23T23:08:34.770377+00:00', '--job-id', '9483', '--raw', '--subdir', 'DAGS_FOLDER/raizen_lab_01.py', '--cfg-path', '/tmp/tmpzmwmr6ra', '--error-file', '/tmp/tmp1_iwuycj']
[2022-08-23 23:08:35,751] {standard_task_runner.py:80} INFO - Job 9483: Subtask 08_cria_tabela
[2022-08-23 23:08:35,822] {task_command.py:371} INFO - Running <TaskInstance: raizen_lab_01.08_cria_tabela manual__2022-08-23T23:08:34.770377+00:00 [running]> on host 25dd15f8d678
[2022-08-23 23:08:35,896] {taskinstance.py:1591} INFO - Exporting the following env vars:
AIRFLOW_CTX_DAG_OWNER=admin
AIRFLOW_CTX_DAG_ID=raizen_lab_01
AIRFLOW_CTX_TASK_ID=08_cria_tabela
AIRFLOW_CTX_EXECUTION_DATE=2022-08-23T23:08:34.770377+00:00
AIRFLOW_CTX_TRY_NUMBER=1
AIRFLOW_CTX_DAG_RUN_ID=manual__2022-08-23T23:08:34.770377+00:00
[2022-08-23 23:08:35,916] {logging_mixin.py:115} INFO - TABELA CRIADA
[2022-08-23 23:08:35,917] {python.py:173} INFO - Done. Returned value was: None
[2022-08-23 23:08:35,934] {taskinstance.py:1420} INFO - Marking task as SUCCESS. dag_id=raizen_lab_01, task_id=08_cria_tabela, execution_date=20220823T230834, start_date=20220823T230835, end_date=20220823T230835
[2022-08-23 23:08:35,960] {local_task_job.py:156} INFO - Task exited with return code 0
[2022-08-23 23:08:36,059] {local_task_job.py:273} INFO - 1 downstream tasks scheduled from follow-on schedule check
