[2022-08-23 11:28:46,639] {taskinstance.py:1179} INFO - Dependencies all met for <TaskInstance: raizen_lab_01.print_hello scheduled__2021-09-21T01:00:00+00:00 [queued]>
[2022-08-23 11:28:46,658] {taskinstance.py:1179} INFO - Dependencies all met for <TaskInstance: raizen_lab_01.print_hello scheduled__2021-09-21T01:00:00+00:00 [queued]>
[2022-08-23 11:28:46,659] {taskinstance.py:1376} INFO - 
--------------------------------------------------------------------------------
[2022-08-23 11:28:46,661] {taskinstance.py:1377} INFO - Starting attempt 1 of 2
[2022-08-23 11:28:46,661] {taskinstance.py:1378} INFO - 
--------------------------------------------------------------------------------
[2022-08-23 11:28:46,684] {taskinstance.py:1397} INFO - Executing <Task(BashOperator): print_hello> on 2021-09-21 01:00:00+00:00
[2022-08-23 11:28:46,694] {standard_task_runner.py:52} INFO - Started process 556 to run task
[2022-08-23 11:28:46,699] {standard_task_runner.py:79} INFO - Running: ['***', 'tasks', 'run', 'raizen_lab_01', 'print_hello', 'scheduled__2021-09-21T01:00:00+00:00', '--job-id', '220', '--raw', '--subdir', 'DAGS_FOLDER/raizen_lab_01.py', '--cfg-path', '/tmp/tmp1qeqv4wr', '--error-file', '/tmp/tmpgzsotpov']
[2022-08-23 11:28:46,700] {standard_task_runner.py:80} INFO - Job 220: Subtask print_hello
[2022-08-23 11:28:46,861] {task_command.py:371} INFO - Running <TaskInstance: raizen_lab_01.print_hello scheduled__2021-09-21T01:00:00+00:00 [running]> on host 7f48b7aaf0fc
[2022-08-23 11:28:47,070] {taskinstance.py:1591} INFO - Exporting the following env vars:
AIRFLOW_CTX_DAG_OWNER=admin
AIRFLOW_CTX_DAG_ID=raizen_lab_01
AIRFLOW_CTX_TASK_ID=print_hello
AIRFLOW_CTX_EXECUTION_DATE=2021-09-21T01:00:00+00:00
AIRFLOW_CTX_TRY_NUMBER=1
AIRFLOW_CTX_DAG_RUN_ID=scheduled__2021-09-21T01:00:00+00:00
[2022-08-23 11:28:47,073] {subprocess.py:62} INFO - Tmp dir root location: 
 /tmp
[2022-08-23 11:28:47,076] {subprocess.py:74} INFO - Running command: ['bash', '-c', 'echo "hello"']
[2022-08-23 11:28:47,121] {subprocess.py:85} INFO - Output:
[2022-08-23 11:28:47,124] {subprocess.py:92} INFO - hello
[2022-08-23 11:28:47,126] {subprocess.py:96} INFO - Command exited with return code 0
[2022-08-23 11:28:47,189] {taskinstance.py:1420} INFO - Marking task as SUCCESS. dag_id=raizen_lab_01, task_id=print_hello, execution_date=20210921T010000, start_date=20220823T112846, end_date=20220823T112847
[2022-08-23 11:28:47,234] {local_task_job.py:156} INFO - Task exited with return code 0
[2022-08-23 11:28:47,354] {local_task_job.py:273} INFO - 1 downstream tasks scheduled from follow-on schedule check
