[2022-08-23 11:35:51,679] {taskinstance.py:1179} INFO - Dependencies all met for <TaskInstance: raizen_lab_01.sleep scheduled__2021-10-07T06:00:00+00:00 [queued]>
[2022-08-23 11:35:51,695] {taskinstance.py:1179} INFO - Dependencies all met for <TaskInstance: raizen_lab_01.sleep scheduled__2021-10-07T06:00:00+00:00 [queued]>
[2022-08-23 11:35:51,696] {taskinstance.py:1376} INFO - 
--------------------------------------------------------------------------------
[2022-08-23 11:35:51,696] {taskinstance.py:1377} INFO - Starting attempt 1 of 2
[2022-08-23 11:35:51,697] {taskinstance.py:1378} INFO - 
--------------------------------------------------------------------------------
[2022-08-23 11:35:51,718] {taskinstance.py:1397} INFO - Executing <Task(BashOperator): sleep> on 2021-10-07 06:00:00+00:00
[2022-08-23 11:35:51,725] {standard_task_runner.py:52} INFO - Started process 3999 to run task
[2022-08-23 11:35:51,730] {standard_task_runner.py:79} INFO - Running: ['***', 'tasks', 'run', 'raizen_lab_01', 'sleep', 'scheduled__2021-10-07T06:00:00+00:00', '--job-id', '1400', '--raw', '--subdir', 'DAGS_FOLDER/raizen_lab_01.py', '--cfg-path', '/tmp/tmph1xszq1z', '--error-file', '/tmp/tmp5tkj39ce']
[2022-08-23 11:35:51,731] {standard_task_runner.py:80} INFO - Job 1400: Subtask sleep
[2022-08-23 11:35:51,842] {task_command.py:371} INFO - Running <TaskInstance: raizen_lab_01.sleep scheduled__2021-10-07T06:00:00+00:00 [running]> on host 7f48b7aaf0fc
[2022-08-23 11:35:51,992] {taskinstance.py:1591} INFO - Exporting the following env vars:
AIRFLOW_CTX_DAG_OWNER=admin
AIRFLOW_CTX_DAG_ID=raizen_lab_01
AIRFLOW_CTX_TASK_ID=sleep
AIRFLOW_CTX_EXECUTION_DATE=2021-10-07T06:00:00+00:00
AIRFLOW_CTX_TRY_NUMBER=1
AIRFLOW_CTX_DAG_RUN_ID=scheduled__2021-10-07T06:00:00+00:00
[2022-08-23 11:35:51,995] {subprocess.py:62} INFO - Tmp dir root location: 
 /tmp
[2022-08-23 11:35:51,996] {subprocess.py:74} INFO - Running command: ['bash', '-c', 'sleep 5']
[2022-08-23 11:35:52,014] {subprocess.py:85} INFO - Output:
[2022-08-23 11:35:57,026] {subprocess.py:96} INFO - Command exited with return code 0
[2022-08-23 11:35:57,078] {taskinstance.py:1420} INFO - Marking task as SUCCESS. dag_id=raizen_lab_01, task_id=sleep, execution_date=20211007T060000, start_date=20220823T113551, end_date=20220823T113557
[2022-08-23 11:35:57,115] {local_task_job.py:156} INFO - Task exited with return code 0
[2022-08-23 11:35:57,172] {local_task_job.py:273} INFO - 1 downstream tasks scheduled from follow-on schedule check
