[2022-08-23 12:06:38,006] {taskinstance.py:1179} INFO - Dependencies all met for <TaskInstance: raizen_lab_01.print_world scheduled__2021-10-27T01:00:00+00:00 [queued]>
[2022-08-23 12:06:38,021] {taskinstance.py:1179} INFO - Dependencies all met for <TaskInstance: raizen_lab_01.print_world scheduled__2021-10-27T01:00:00+00:00 [queued]>
[2022-08-23 12:06:38,022] {taskinstance.py:1376} INFO - 
--------------------------------------------------------------------------------
[2022-08-23 12:06:38,022] {taskinstance.py:1377} INFO - Starting attempt 1 of 2
[2022-08-23 12:06:38,023] {taskinstance.py:1378} INFO - 
--------------------------------------------------------------------------------
[2022-08-23 12:06:38,040] {taskinstance.py:1397} INFO - Executing <Task(PythonOperator): print_world> on 2021-10-27 01:00:00+00:00
[2022-08-23 12:06:38,048] {standard_task_runner.py:52} INFO - Started process 753 to run task
[2022-08-23 12:06:38,055] {standard_task_runner.py:79} INFO - Running: ['***', 'tasks', 'run', 'raizen_lab_01', 'print_world', 'scheduled__2021-10-27T01:00:00+00:00', '--job-id', '2860', '--raw', '--subdir', 'DAGS_FOLDER/raizen_lab_01.py', '--cfg-path', '/tmp/tmp76bf8jp9', '--error-file', '/tmp/tmp2gnzqv59']
[2022-08-23 12:06:38,056] {standard_task_runner.py:80} INFO - Job 2860: Subtask print_world
[2022-08-23 12:06:38,128] {task_command.py:371} INFO - Running <TaskInstance: raizen_lab_01.print_world scheduled__2021-10-27T01:00:00+00:00 [running]> on host 67b6bdae536e
[2022-08-23 12:06:38,193] {taskinstance.py:1591} INFO - Exporting the following env vars:
AIRFLOW_CTX_DAG_OWNER=admin
AIRFLOW_CTX_DAG_ID=raizen_lab_01
AIRFLOW_CTX_TASK_ID=print_world
AIRFLOW_CTX_EXECUTION_DATE=2021-10-27T01:00:00+00:00
AIRFLOW_CTX_TRY_NUMBER=1
AIRFLOW_CTX_DAG_RUN_ID=scheduled__2021-10-27T01:00:00+00:00
[2022-08-23 12:06:38,194] {logging_mixin.py:115} INFO - world
[2022-08-23 12:06:38,194] {python.py:173} INFO - Done. Returned value was: None
[2022-08-23 12:06:38,205] {taskinstance.py:1420} INFO - Marking task as SUCCESS. dag_id=raizen_lab_01, task_id=print_world, execution_date=20211027T010000, start_date=20220823T120638, end_date=20220823T120638
[2022-08-23 12:06:38,225] {local_task_job.py:156} INFO - Task exited with return code 0
[2022-08-23 12:06:38,264] {local_task_job.py:273} INFO - 0 downstream tasks scheduled from follow-on schedule check
