[2022-08-23 16:13:30,627] {taskinstance.py:1179} INFO - Dependencies all met for <TaskInstance: raizen_lab_01.step_01 scheduled__2022-01-04T00:00:00+00:00 [queued]>
[2022-08-23 16:13:30,647] {taskinstance.py:1179} INFO - Dependencies all met for <TaskInstance: raizen_lab_01.step_01 scheduled__2022-01-04T00:00:00+00:00 [queued]>
[2022-08-23 16:13:30,648] {taskinstance.py:1376} INFO - 
--------------------------------------------------------------------------------
[2022-08-23 16:13:30,649] {taskinstance.py:1377} INFO - Starting attempt 1 of 2
[2022-08-23 16:13:30,650] {taskinstance.py:1378} INFO - 
--------------------------------------------------------------------------------
[2022-08-23 16:13:30,686] {taskinstance.py:1397} INFO - Executing <Task(BashOperator): step_01> on 2022-01-04 00:00:00+00:00
[2022-08-23 16:13:30,696] {standard_task_runner.py:52} INFO - Started process 187 to run task
[2022-08-23 16:13:30,702] {standard_task_runner.py:79} INFO - Running: ['***', 'tasks', 'run', 'raizen_lab_01', 'step_01', 'scheduled__2022-01-04T00:00:00+00:00', '--job-id', '7996', '--raw', '--subdir', 'DAGS_FOLDER/raizen_lab_01.py', '--cfg-path', '/tmp/tmpx3doj3wc', '--error-file', '/tmp/tmp66lcjmdh']
[2022-08-23 16:13:30,705] {standard_task_runner.py:80} INFO - Job 7996: Subtask step_01
[2022-08-23 16:13:30,896] {task_command.py:371} INFO - Running <TaskInstance: raizen_lab_01.step_01 scheduled__2022-01-04T00:00:00+00:00 [running]> on host 8790b68fb5bc
[2022-08-23 16:13:31,106] {taskinstance.py:1591} INFO - Exporting the following env vars:
AIRFLOW_CTX_DAG_OWNER=admin
AIRFLOW_CTX_DAG_ID=raizen_lab_01
AIRFLOW_CTX_TASK_ID=step_01
AIRFLOW_CTX_EXECUTION_DATE=2022-01-04T00:00:00+00:00
AIRFLOW_CTX_TRY_NUMBER=1
AIRFLOW_CTX_DAG_RUN_ID=scheduled__2022-01-04T00:00:00+00:00
[2022-08-23 16:13:31,111] {subprocess.py:62} INFO - Tmp dir root location: 
 /tmp
[2022-08-23 16:13:31,112] {subprocess.py:74} INFO - Running command: ['bash', '-c', 'echo "hello"']
[2022-08-23 16:13:31,132] {subprocess.py:85} INFO - Output:
[2022-08-23 16:13:31,135] {subprocess.py:92} INFO - hello
[2022-08-23 16:13:31,137] {subprocess.py:96} INFO - Command exited with return code 0
[2022-08-23 16:13:31,193] {taskinstance.py:1420} INFO - Marking task as SUCCESS. dag_id=raizen_lab_01, task_id=step_01, execution_date=20220104T000000, start_date=20220823T161330, end_date=20220823T161331
[2022-08-23 16:13:31,244] {local_task_job.py:156} INFO - Task exited with return code 0
[2022-08-23 16:13:31,308] {local_task_job.py:273} INFO - 0 downstream tasks scheduled from follow-on schedule check
