[2022-08-23 12:21:13,436] {taskinstance.py:1179} INFO - Dependencies all met for <TaskInstance: raizen_lab_01.sleep scheduled__2021-11-11T00:00:00+00:00 [queued]>
[2022-08-23 12:21:13,444] {taskinstance.py:1179} INFO - Dependencies all met for <TaskInstance: raizen_lab_01.sleep scheduled__2021-11-11T00:00:00+00:00 [queued]>
[2022-08-23 12:21:13,444] {taskinstance.py:1376} INFO - 
--------------------------------------------------------------------------------
[2022-08-23 12:21:13,444] {taskinstance.py:1377} INFO - Starting attempt 1 of 2
[2022-08-23 12:21:13,444] {taskinstance.py:1378} INFO - 
--------------------------------------------------------------------------------
[2022-08-23 12:21:13,457] {taskinstance.py:1397} INFO - Executing <Task(BashOperator): sleep> on 2021-11-11 00:00:00+00:00
[2022-08-23 12:21:13,463] {standard_task_runner.py:52} INFO - Started process 1467 to run task
[2022-08-23 12:21:13,466] {standard_task_runner.py:79} INFO - Running: ['***', 'tasks', 'run', 'raizen_lab_01', 'sleep', 'scheduled__2021-11-11T00:00:00+00:00', '--job-id', '3913', '--raw', '--subdir', 'DAGS_FOLDER/raizen_lab_01.py', '--cfg-path', '/tmp/tmp6eh7ys99', '--error-file', '/tmp/tmpdtvx80v4']
[2022-08-23 12:21:13,467] {standard_task_runner.py:80} INFO - Job 3913: Subtask sleep
[2022-08-23 12:21:13,522] {task_command.py:371} INFO - Running <TaskInstance: raizen_lab_01.sleep scheduled__2021-11-11T00:00:00+00:00 [running]> on host 6383a3236c72
[2022-08-23 12:21:13,584] {taskinstance.py:1591} INFO - Exporting the following env vars:
AIRFLOW_CTX_DAG_OWNER=admin
AIRFLOW_CTX_DAG_ID=raizen_lab_01
AIRFLOW_CTX_TASK_ID=sleep
AIRFLOW_CTX_EXECUTION_DATE=2021-11-11T00:00:00+00:00
AIRFLOW_CTX_TRY_NUMBER=1
AIRFLOW_CTX_DAG_RUN_ID=scheduled__2021-11-11T00:00:00+00:00
[2022-08-23 12:21:13,586] {subprocess.py:62} INFO - Tmp dir root location: 
 /tmp
[2022-08-23 12:21:13,586] {subprocess.py:74} INFO - Running command: ['bash', '-c', 'sleep 5']
[2022-08-23 12:21:13,597] {subprocess.py:85} INFO - Output:
[2022-08-23 12:21:18,600] {subprocess.py:96} INFO - Command exited with return code 0
[2022-08-23 12:21:18,658] {taskinstance.py:1420} INFO - Marking task as SUCCESS. dag_id=raizen_lab_01, task_id=sleep, execution_date=20211111T000000, start_date=20220823T122113, end_date=20220823T122118
[2022-08-23 12:21:18,705] {local_task_job.py:156} INFO - Task exited with return code 0
[2022-08-23 12:21:18,757] {local_task_job.py:273} INFO - 1 downstream tasks scheduled from follow-on schedule check
