[2022-08-23 11:58:44,609] {taskinstance.py:1179} INFO - Dependencies all met for <TaskInstance: raizen_lab_01.print_hello scheduled__2021-10-21T13:00:00+00:00 [queued]>
[2022-08-23 11:58:44,630] {taskinstance.py:1179} INFO - Dependencies all met for <TaskInstance: raizen_lab_01.print_hello scheduled__2021-10-21T13:00:00+00:00 [queued]>
[2022-08-23 11:58:44,630] {taskinstance.py:1376} INFO - 
--------------------------------------------------------------------------------
[2022-08-23 11:58:44,631] {taskinstance.py:1377} INFO - Starting attempt 1 of 2
[2022-08-23 11:58:44,632] {taskinstance.py:1378} INFO - 
--------------------------------------------------------------------------------
[2022-08-23 11:58:44,659] {taskinstance.py:1397} INFO - Executing <Task(BashOperator): print_hello> on 2021-10-21 13:00:00+00:00
[2022-08-23 11:58:44,667] {standard_task_runner.py:52} INFO - Started process 211 to run task
[2022-08-23 11:58:44,672] {standard_task_runner.py:79} INFO - Running: ['***', 'tasks', 'run', 'raizen_lab_01', 'print_hello', 'scheduled__2021-10-21T13:00:00+00:00', '--job-id', '2439', '--raw', '--subdir', 'DAGS_FOLDER/raizen_lab_01.py', '--cfg-path', '/tmp/tmpe6km3k1g', '--error-file', '/tmp/tmpco92h__5']
[2022-08-23 11:58:44,673] {standard_task_runner.py:80} INFO - Job 2439: Subtask print_hello
[2022-08-23 11:58:44,799] {task_command.py:371} INFO - Running <TaskInstance: raizen_lab_01.print_hello scheduled__2021-10-21T13:00:00+00:00 [running]> on host 9f4b06248101
[2022-08-23 11:58:44,924] {taskinstance.py:1591} INFO - Exporting the following env vars:
AIRFLOW_CTX_DAG_OWNER=admin
AIRFLOW_CTX_DAG_ID=raizen_lab_01
AIRFLOW_CTX_TASK_ID=print_hello
AIRFLOW_CTX_EXECUTION_DATE=2021-10-21T13:00:00+00:00
AIRFLOW_CTX_TRY_NUMBER=1
AIRFLOW_CTX_DAG_RUN_ID=scheduled__2021-10-21T13:00:00+00:00
[2022-08-23 11:58:44,926] {subprocess.py:62} INFO - Tmp dir root location: 
 /tmp
[2022-08-23 11:58:44,928] {subprocess.py:74} INFO - Running command: ['bash', '-c', 'echo "hello"']
[2022-08-23 11:58:44,942] {subprocess.py:85} INFO - Output:
[2022-08-23 11:58:44,944] {subprocess.py:92} INFO - hello
[2022-08-23 11:58:44,945] {subprocess.py:96} INFO - Command exited with return code 0
[2022-08-23 11:58:45,051] {taskinstance.py:1420} INFO - Marking task as SUCCESS. dag_id=raizen_lab_01, task_id=print_hello, execution_date=20211021T130000, start_date=20220823T115844, end_date=20220823T115845
[2022-08-23 11:58:45,085] {local_task_job.py:156} INFO - Task exited with return code 0
[2022-08-23 11:58:45,158] {local_task_job.py:273} INFO - 1 downstream tasks scheduled from follow-on schedule check
