[2022-08-23 11:33:40,276] {taskinstance.py:1179} INFO - Dependencies all met for <TaskInstance: raizen_lab_01.sleep scheduled__2021-10-02T13:00:00+00:00 [queued]>
[2022-08-23 11:33:40,289] {taskinstance.py:1179} INFO - Dependencies all met for <TaskInstance: raizen_lab_01.sleep scheduled__2021-10-02T13:00:00+00:00 [queued]>
[2022-08-23 11:33:40,289] {taskinstance.py:1376} INFO - 
--------------------------------------------------------------------------------
[2022-08-23 11:33:40,290] {taskinstance.py:1377} INFO - Starting attempt 1 of 2
[2022-08-23 11:33:40,291] {taskinstance.py:1378} INFO - 
--------------------------------------------------------------------------------
[2022-08-23 11:33:40,311] {taskinstance.py:1397} INFO - Executing <Task(BashOperator): sleep> on 2021-10-02 13:00:00+00:00
[2022-08-23 11:33:40,318] {standard_task_runner.py:52} INFO - Started process 2993 to run task
[2022-08-23 11:33:40,323] {standard_task_runner.py:79} INFO - Running: ['***', 'tasks', 'run', 'raizen_lab_01', 'sleep', 'scheduled__2021-10-02T13:00:00+00:00', '--job-id', '1057', '--raw', '--subdir', 'DAGS_FOLDER/raizen_lab_01.py', '--cfg-path', '/tmp/tmpp18pvyfs', '--error-file', '/tmp/tmphtz72t_3']
[2022-08-23 11:33:40,324] {standard_task_runner.py:80} INFO - Job 1057: Subtask sleep
[2022-08-23 11:33:40,416] {task_command.py:371} INFO - Running <TaskInstance: raizen_lab_01.sleep scheduled__2021-10-02T13:00:00+00:00 [running]> on host 7f48b7aaf0fc
[2022-08-23 11:33:40,535] {taskinstance.py:1591} INFO - Exporting the following env vars:
AIRFLOW_CTX_DAG_OWNER=admin
AIRFLOW_CTX_DAG_ID=raizen_lab_01
AIRFLOW_CTX_TASK_ID=sleep
AIRFLOW_CTX_EXECUTION_DATE=2021-10-02T13:00:00+00:00
AIRFLOW_CTX_TRY_NUMBER=1
AIRFLOW_CTX_DAG_RUN_ID=scheduled__2021-10-02T13:00:00+00:00
[2022-08-23 11:33:40,540] {subprocess.py:62} INFO - Tmp dir root location: 
 /tmp
[2022-08-23 11:33:40,542] {subprocess.py:74} INFO - Running command: ['bash', '-c', 'sleep 5']
[2022-08-23 11:33:40,560] {subprocess.py:85} INFO - Output:
[2022-08-23 11:33:45,563] {subprocess.py:96} INFO - Command exited with return code 0
[2022-08-23 11:33:45,630] {taskinstance.py:1420} INFO - Marking task as SUCCESS. dag_id=raizen_lab_01, task_id=sleep, execution_date=20211002T130000, start_date=20220823T113340, end_date=20220823T113345
[2022-08-23 11:33:45,669] {local_task_job.py:156} INFO - Task exited with return code 0
[2022-08-23 11:33:45,717] {local_task_job.py:273} INFO - 1 downstream tasks scheduled from follow-on schedule check
