[2022-08-24 11:45:59,797] {taskinstance.py:1179} INFO - Dependencies all met for <TaskInstance: raizen_lab_01.insere_dados_na_tabela manual__2022-08-24T11:45:55.683201+00:00 [queued]>
[2022-08-24 11:45:59,806] {taskinstance.py:1179} INFO - Dependencies all met for <TaskInstance: raizen_lab_01.insere_dados_na_tabela manual__2022-08-24T11:45:55.683201+00:00 [queued]>
[2022-08-24 11:45:59,807] {taskinstance.py:1376} INFO - 
--------------------------------------------------------------------------------
[2022-08-24 11:45:59,808] {taskinstance.py:1377} INFO - Starting attempt 1 of 2
[2022-08-24 11:45:59,808] {taskinstance.py:1378} INFO - 
--------------------------------------------------------------------------------
[2022-08-24 11:45:59,820] {taskinstance.py:1397} INFO - Executing <Task(PythonOperator): insere_dados_na_tabela> on 2022-08-24 11:45:55.683201+00:00
[2022-08-24 11:45:59,826] {standard_task_runner.py:52} INFO - Started process 78 to run task
[2022-08-24 11:45:59,829] {standard_task_runner.py:79} INFO - Running: ['***', 'tasks', 'run', 'raizen_lab_01', 'insere_dados_na_tabela', 'manual__2022-08-24T11:45:55.683201+00:00', '--job-id', '9722', '--raw', '--subdir', 'DAGS_FOLDER/raizen_lab_01.py', '--cfg-path', '/tmp/tmptv4ps6r4', '--error-file', '/tmp/tmp5gbh6bh8']
[2022-08-24 11:45:59,831] {standard_task_runner.py:80} INFO - Job 9722: Subtask insere_dados_na_tabela
[2022-08-24 11:45:59,895] {task_command.py:371} INFO - Running <TaskInstance: raizen_lab_01.insere_dados_na_tabela manual__2022-08-24T11:45:55.683201+00:00 [running]> on host 3f878792eb1e
[2022-08-24 11:46:00,008] {taskinstance.py:1591} INFO - Exporting the following env vars:
AIRFLOW_CTX_DAG_OWNER=admin
AIRFLOW_CTX_DAG_ID=raizen_lab_01
AIRFLOW_CTX_TASK_ID=insere_dados_na_tabela
AIRFLOW_CTX_EXECUTION_DATE=2022-08-24T11:45:55.683201+00:00
AIRFLOW_CTX_TRY_NUMBER=1
AIRFLOW_CTX_DAG_RUN_ID=manual__2022-08-24T11:45:55.683201+00:00
[2022-08-24 11:46:00,033] {logging_mixin.py:115} INFO - TABELA CRIADA
[2022-08-24 11:46:00,034] {python.py:173} INFO - Done. Returned value was: None
[2022-08-24 11:46:00,049] {taskinstance.py:1420} INFO - Marking task as SUCCESS. dag_id=raizen_lab_01, task_id=insere_dados_na_tabela, execution_date=20220824T114555, start_date=20220824T114559, end_date=20220824T114600
[2022-08-24 11:46:00,082] {local_task_job.py:156} INFO - Task exited with return code 0
[2022-08-24 11:46:00,118] {local_task_job.py:273} INFO - 1 downstream tasks scheduled from follow-on schedule check
