[2022-08-23 12:09:11,378] {taskinstance.py:1179} INFO - Dependencies all met for <TaskInstance: raizen_lab_01.sleep scheduled__2021-11-04T06:00:00+00:00 [queued]>
[2022-08-23 12:09:11,393] {taskinstance.py:1179} INFO - Dependencies all met for <TaskInstance: raizen_lab_01.sleep scheduled__2021-11-04T06:00:00+00:00 [queued]>
[2022-08-23 12:09:11,393] {taskinstance.py:1376} INFO - 
--------------------------------------------------------------------------------
[2022-08-23 12:09:11,394] {taskinstance.py:1377} INFO - Starting attempt 1 of 2
[2022-08-23 12:09:11,395] {taskinstance.py:1378} INFO - 
--------------------------------------------------------------------------------
[2022-08-23 12:09:11,415] {taskinstance.py:1397} INFO - Executing <Task(BashOperator): sleep> on 2021-11-04 06:00:00+00:00
[2022-08-23 12:09:11,422] {standard_task_runner.py:52} INFO - Started process 2372 to run task
[2022-08-23 12:09:11,427] {standard_task_runner.py:79} INFO - Running: ['***', 'tasks', 'run', 'raizen_lab_01', 'sleep', 'scheduled__2021-11-04T06:00:00+00:00', '--job-id', '3424', '--raw', '--subdir', 'DAGS_FOLDER/raizen_lab_01.py', '--cfg-path', '/tmp/tmp41xo2pr9', '--error-file', '/tmp/tmp7rgbw6ek']
[2022-08-23 12:09:11,428] {standard_task_runner.py:80} INFO - Job 3424: Subtask sleep
[2022-08-23 12:09:11,560] {task_command.py:371} INFO - Running <TaskInstance: raizen_lab_01.sleep scheduled__2021-11-04T06:00:00+00:00 [running]> on host 67b6bdae536e
[2022-08-23 12:09:11,641] {taskinstance.py:1591} INFO - Exporting the following env vars:
AIRFLOW_CTX_DAG_OWNER=admin
AIRFLOW_CTX_DAG_ID=raizen_lab_01
AIRFLOW_CTX_TASK_ID=sleep
AIRFLOW_CTX_EXECUTION_DATE=2021-11-04T06:00:00+00:00
AIRFLOW_CTX_TRY_NUMBER=1
AIRFLOW_CTX_DAG_RUN_ID=scheduled__2021-11-04T06:00:00+00:00
[2022-08-23 12:09:11,642] {subprocess.py:62} INFO - Tmp dir root location: 
 /tmp
[2022-08-23 12:09:11,643] {subprocess.py:74} INFO - Running command: ['bash', '-c', 'sleep 5']
[2022-08-23 12:09:11,656] {subprocess.py:85} INFO - Output:
[2022-08-23 12:09:16,686] {subprocess.py:96} INFO - Command exited with return code 0
[2022-08-23 12:09:16,718] {taskinstance.py:1420} INFO - Marking task as SUCCESS. dag_id=raizen_lab_01, task_id=sleep, execution_date=20211104T060000, start_date=20220823T120911, end_date=20220823T120916
[2022-08-23 12:09:16,775] {local_task_job.py:156} INFO - Task exited with return code 0
[2022-08-23 12:09:16,801] {local_task_job.py:273} INFO - 1 downstream tasks scheduled from follow-on schedule check
