[2022-08-23 12:36:08,085] {taskinstance.py:1179} INFO - Dependencies all met for <TaskInstance: raizen_lab_01.sleep scheduled__2021-12-19T20:00:00+00:00 [queued]>
[2022-08-23 12:36:08,097] {taskinstance.py:1179} INFO - Dependencies all met for <TaskInstance: raizen_lab_01.sleep scheduled__2021-12-19T20:00:00+00:00 [queued]>
[2022-08-23 12:36:08,098] {taskinstance.py:1376} INFO - 
--------------------------------------------------------------------------------
[2022-08-23 12:36:08,098] {taskinstance.py:1377} INFO - Starting attempt 1 of 2
[2022-08-23 12:36:08,099] {taskinstance.py:1378} INFO - 
--------------------------------------------------------------------------------
[2022-08-23 12:36:08,114] {taskinstance.py:1397} INFO - Executing <Task(BashOperator): sleep> on 2021-12-19 20:00:00+00:00
[2022-08-23 12:36:08,121] {standard_task_runner.py:52} INFO - Started process 12475 to run task
[2022-08-23 12:36:08,125] {standard_task_runner.py:79} INFO - Running: ['***', 'tasks', 'run', 'raizen_lab_01', 'sleep', 'scheduled__2021-12-19T20:00:00+00:00', '--job-id', '6725', '--raw', '--subdir', 'DAGS_FOLDER/raizen_lab_01.py', '--cfg-path', '/tmp/tmp2t1dvtic', '--error-file', '/tmp/tmpd9xpgsli']
[2022-08-23 12:36:08,127] {standard_task_runner.py:80} INFO - Job 6725: Subtask sleep
[2022-08-23 12:36:08,198] {task_command.py:371} INFO - Running <TaskInstance: raizen_lab_01.sleep scheduled__2021-12-19T20:00:00+00:00 [running]> on host 6383a3236c72
[2022-08-23 12:36:08,279] {taskinstance.py:1591} INFO - Exporting the following env vars:
AIRFLOW_CTX_DAG_OWNER=admin
AIRFLOW_CTX_DAG_ID=raizen_lab_01
AIRFLOW_CTX_TASK_ID=sleep
AIRFLOW_CTX_EXECUTION_DATE=2021-12-19T20:00:00+00:00
AIRFLOW_CTX_TRY_NUMBER=1
AIRFLOW_CTX_DAG_RUN_ID=scheduled__2021-12-19T20:00:00+00:00
[2022-08-23 12:36:08,281] {subprocess.py:62} INFO - Tmp dir root location: 
 /tmp
[2022-08-23 12:36:08,282] {subprocess.py:74} INFO - Running command: ['bash', '-c', 'sleep 5']
[2022-08-23 12:36:08,298] {subprocess.py:85} INFO - Output:
[2022-08-23 12:36:13,302] {subprocess.py:96} INFO - Command exited with return code 0
[2022-08-23 12:36:13,326] {taskinstance.py:1420} INFO - Marking task as SUCCESS. dag_id=raizen_lab_01, task_id=sleep, execution_date=20211219T200000, start_date=20220823T123608, end_date=20220823T123613
[2022-08-23 12:36:13,351] {local_task_job.py:156} INFO - Task exited with return code 0
[2022-08-23 12:36:13,375] {local_task_job.py:273} INFO - 1 downstream tasks scheduled from follow-on schedule check
