[2022-08-23 23:12:58,594] {taskinstance.py:1179} INFO - Dependencies all met for <TaskInstance: raizen_lab_01.sleep manual__2022-08-23T23:12:56.257942+00:00 [queued]>
[2022-08-23 23:12:58,601] {taskinstance.py:1179} INFO - Dependencies all met for <TaskInstance: raizen_lab_01.sleep manual__2022-08-23T23:12:56.257942+00:00 [queued]>
[2022-08-23 23:12:58,602] {taskinstance.py:1376} INFO - 
--------------------------------------------------------------------------------
[2022-08-23 23:12:58,602] {taskinstance.py:1377} INFO - Starting attempt 1 of 2
[2022-08-23 23:12:58,603] {taskinstance.py:1378} INFO - 
--------------------------------------------------------------------------------
[2022-08-23 23:12:58,617] {taskinstance.py:1397} INFO - Executing <Task(BashOperator): sleep> on 2022-08-23 23:12:56.257942+00:00
[2022-08-23 23:12:58,623] {standard_task_runner.py:52} INFO - Started process 78 to run task
[2022-08-23 23:12:58,627] {standard_task_runner.py:79} INFO - Running: ['***', 'tasks', 'run', 'raizen_lab_01', 'sleep', 'manual__2022-08-23T23:12:56.257942+00:00', '--job-id', '9489', '--raw', '--subdir', 'DAGS_FOLDER/raizen_lab_01.py', '--cfg-path', '/tmp/tmp_f8slfsk', '--error-file', '/tmp/tmpq08qtq06']
[2022-08-23 23:12:58,628] {standard_task_runner.py:80} INFO - Job 9489: Subtask sleep
[2022-08-23 23:12:58,690] {task_command.py:371} INFO - Running <TaskInstance: raizen_lab_01.sleep manual__2022-08-23T23:12:56.257942+00:00 [running]> on host 25dd15f8d678
[2022-08-23 23:12:58,782] {taskinstance.py:1591} INFO - Exporting the following env vars:
AIRFLOW_CTX_DAG_OWNER=admin
AIRFLOW_CTX_DAG_ID=raizen_lab_01
AIRFLOW_CTX_TASK_ID=sleep
AIRFLOW_CTX_EXECUTION_DATE=2022-08-23T23:12:56.257942+00:00
AIRFLOW_CTX_TRY_NUMBER=1
AIRFLOW_CTX_DAG_RUN_ID=manual__2022-08-23T23:12:56.257942+00:00
[2022-08-23 23:12:58,784] {subprocess.py:62} INFO - Tmp dir root location: 
 /tmp
[2022-08-23 23:12:58,786] {subprocess.py:74} INFO - Running command: ['bash', '-c', 'sleep 5']
[2022-08-23 23:12:58,808] {subprocess.py:85} INFO - Output:
[2022-08-23 23:13:03,812] {subprocess.py:96} INFO - Command exited with return code 0
[2022-08-23 23:13:03,855] {taskinstance.py:1420} INFO - Marking task as SUCCESS. dag_id=raizen_lab_01, task_id=sleep, execution_date=20220823T231256, start_date=20220823T231258, end_date=20220823T231303
[2022-08-23 23:13:03,918] {local_task_job.py:156} INFO - Task exited with return code 0
[2022-08-23 23:13:03,961] {local_task_job.py:273} INFO - 1 downstream tasks scheduled from follow-on schedule check
