[2022-08-23 12:33:55,900] {taskinstance.py:1179} INFO - Dependencies all met for <TaskInstance: raizen_lab_01.sleep scheduled__2021-12-13T22:00:00+00:00 [queued]>
[2022-08-23 12:33:55,911] {taskinstance.py:1179} INFO - Dependencies all met for <TaskInstance: raizen_lab_01.sleep scheduled__2021-12-13T22:00:00+00:00 [queued]>
[2022-08-23 12:33:55,912] {taskinstance.py:1376} INFO - 
--------------------------------------------------------------------------------
[2022-08-23 12:33:55,912] {taskinstance.py:1377} INFO - Starting attempt 1 of 2
[2022-08-23 12:33:55,913] {taskinstance.py:1378} INFO - 
--------------------------------------------------------------------------------
[2022-08-23 12:33:55,932] {taskinstance.py:1397} INFO - Executing <Task(BashOperator): sleep> on 2021-12-13 22:00:00+00:00
[2022-08-23 12:33:55,940] {standard_task_runner.py:52} INFO - Started process 10800 to run task
[2022-08-23 12:33:55,943] {standard_task_runner.py:79} INFO - Running: ['***', 'tasks', 'run', 'raizen_lab_01', 'sleep', 'scheduled__2021-12-13T22:00:00+00:00', '--job-id', '6295', '--raw', '--subdir', 'DAGS_FOLDER/raizen_lab_01.py', '--cfg-path', '/tmp/tmpeg72ctg9', '--error-file', '/tmp/tmpweeebv2h']
[2022-08-23 12:33:55,946] {standard_task_runner.py:80} INFO - Job 6295: Subtask sleep
[2022-08-23 12:33:56,047] {task_command.py:371} INFO - Running <TaskInstance: raizen_lab_01.sleep scheduled__2021-12-13T22:00:00+00:00 [running]> on host 6383a3236c72
[2022-08-23 12:33:56,143] {taskinstance.py:1591} INFO - Exporting the following env vars:
AIRFLOW_CTX_DAG_OWNER=admin
AIRFLOW_CTX_DAG_ID=raizen_lab_01
AIRFLOW_CTX_TASK_ID=sleep
AIRFLOW_CTX_EXECUTION_DATE=2021-12-13T22:00:00+00:00
AIRFLOW_CTX_TRY_NUMBER=1
AIRFLOW_CTX_DAG_RUN_ID=scheduled__2021-12-13T22:00:00+00:00
[2022-08-23 12:33:56,145] {subprocess.py:62} INFO - Tmp dir root location: 
 /tmp
[2022-08-23 12:33:56,146] {subprocess.py:74} INFO - Running command: ['bash', '-c', 'sleep 5']
[2022-08-23 12:33:56,162] {subprocess.py:85} INFO - Output:
[2022-08-23 12:34:01,166] {subprocess.py:96} INFO - Command exited with return code 0
[2022-08-23 12:34:01,192] {taskinstance.py:1420} INFO - Marking task as SUCCESS. dag_id=raizen_lab_01, task_id=sleep, execution_date=20211213T220000, start_date=20220823T123355, end_date=20220823T123401
[2022-08-23 12:34:01,210] {local_task_job.py:156} INFO - Task exited with return code 0
[2022-08-23 12:34:01,296] {local_task_job.py:273} INFO - 0 downstream tasks scheduled from follow-on schedule check
