[2022-08-24 01:40:25,959] {taskinstance.py:1179} INFO - Dependencies all met for <TaskInstance: raizen_lab_01.carga_arquivo manual__2022-08-24T01:40:23.639756+00:00 [queued]>
[2022-08-24 01:40:25,974] {taskinstance.py:1179} INFO - Dependencies all met for <TaskInstance: raizen_lab_01.carga_arquivo manual__2022-08-24T01:40:23.639756+00:00 [queued]>
[2022-08-24 01:40:25,975] {taskinstance.py:1376} INFO - 
--------------------------------------------------------------------------------
[2022-08-24 01:40:25,976] {taskinstance.py:1377} INFO - Starting attempt 1 of 2
[2022-08-24 01:40:25,976] {taskinstance.py:1378} INFO - 
--------------------------------------------------------------------------------
[2022-08-24 01:40:26,005] {taskinstance.py:1397} INFO - Executing <Task(PythonOperator): carga_arquivo> on 2022-08-24 01:40:23.639756+00:00
[2022-08-24 01:40:26,014] {standard_task_runner.py:52} INFO - Started process 93 to run task
[2022-08-24 01:40:26,019] {standard_task_runner.py:79} INFO - Running: ['***', 'tasks', 'run', 'raizen_lab_01', 'carga_arquivo', 'manual__2022-08-24T01:40:23.639756+00:00', '--job-id', '9620', '--raw', '--subdir', 'DAGS_FOLDER/raizen_lab_01.py', '--cfg-path', '/tmp/tmp6um4n0dk', '--error-file', '/tmp/tmp86gs93fn']
[2022-08-24 01:40:26,021] {standard_task_runner.py:80} INFO - Job 9620: Subtask carga_arquivo
[2022-08-24 01:40:26,153] {task_command.py:371} INFO - Running <TaskInstance: raizen_lab_01.carga_arquivo manual__2022-08-24T01:40:23.639756+00:00 [running]> on host b8d797566373
[2022-08-24 01:40:26,278] {taskinstance.py:1591} INFO - Exporting the following env vars:
AIRFLOW_CTX_DAG_OWNER=admin
AIRFLOW_CTX_DAG_ID=raizen_lab_01
AIRFLOW_CTX_TASK_ID=carga_arquivo
AIRFLOW_CTX_EXECUTION_DATE=2022-08-24T01:40:23.639756+00:00
AIRFLOW_CTX_TRY_NUMBER=1
AIRFLOW_CTX_DAG_RUN_ID=manual__2022-08-24T01:40:23.639756+00:00
[2022-08-24 01:40:28,409] {python.py:173} INFO - Done. Returned value was: None
[2022-08-24 01:40:28,442] {taskinstance.py:1420} INFO - Marking task as SUCCESS. dag_id=raizen_lab_01, task_id=carga_arquivo, execution_date=20220824T014023, start_date=20220824T014025, end_date=20220824T014028
[2022-08-24 01:40:28,564] {local_task_job.py:156} INFO - Task exited with return code 0
[2022-08-24 01:40:28,645] {local_task_job.py:273} INFO - 1 downstream tasks scheduled from follow-on schedule check
