[2022-08-23 23:24:49,511] {taskinstance.py:1179} INFO - Dependencies all met for <TaskInstance: raizen_lab_01.carga_arquivo manual__2022-08-23T23:24:48.554368+00:00 [queued]>
[2022-08-23 23:24:49,519] {taskinstance.py:1179} INFO - Dependencies all met for <TaskInstance: raizen_lab_01.carga_arquivo manual__2022-08-23T23:24:48.554368+00:00 [queued]>
[2022-08-23 23:24:49,520] {taskinstance.py:1376} INFO - 
--------------------------------------------------------------------------------
[2022-08-23 23:24:49,524] {taskinstance.py:1377} INFO - Starting attempt 1 of 2
[2022-08-23 23:24:49,525] {taskinstance.py:1378} INFO - 
--------------------------------------------------------------------------------
[2022-08-23 23:24:49,542] {taskinstance.py:1397} INFO - Executing <Task(PythonOperator): carga_arquivo> on 2022-08-23 23:24:48.554368+00:00
[2022-08-23 23:24:49,548] {standard_task_runner.py:52} INFO - Started process 84 to run task
[2022-08-23 23:24:49,551] {standard_task_runner.py:79} INFO - Running: ['***', 'tasks', 'run', 'raizen_lab_01', 'carga_arquivo', 'manual__2022-08-23T23:24:48.554368+00:00', '--job-id', '9504', '--raw', '--subdir', 'DAGS_FOLDER/raizen_lab_01.py', '--cfg-path', '/tmp/tmplzmi61xj', '--error-file', '/tmp/tmpvoaafu99']
[2022-08-23 23:24:49,553] {standard_task_runner.py:80} INFO - Job 9504: Subtask carga_arquivo
[2022-08-23 23:24:49,620] {task_command.py:371} INFO - Running <TaskInstance: raizen_lab_01.carga_arquivo manual__2022-08-23T23:24:48.554368+00:00 [running]> on host 25dd15f8d678
[2022-08-23 23:24:49,689] {taskinstance.py:1591} INFO - Exporting the following env vars:
AIRFLOW_CTX_DAG_OWNER=admin
AIRFLOW_CTX_DAG_ID=raizen_lab_01
AIRFLOW_CTX_TASK_ID=carga_arquivo
AIRFLOW_CTX_EXECUTION_DATE=2022-08-23T23:24:48.554368+00:00
AIRFLOW_CTX_TRY_NUMBER=1
AIRFLOW_CTX_DAG_RUN_ID=manual__2022-08-23T23:24:48.554368+00:00
[2022-08-23 23:24:50,503] {python.py:173} INFO - Done. Returned value was: None
[2022-08-23 23:24:50,515] {taskinstance.py:1420} INFO - Marking task as SUCCESS. dag_id=raizen_lab_01, task_id=carga_arquivo, execution_date=20220823T232448, start_date=20220823T232449, end_date=20220823T232450
[2022-08-23 23:24:50,568] {local_task_job.py:156} INFO - Task exited with return code 0
[2022-08-23 23:24:50,609] {local_task_job.py:273} INFO - 1 downstream tasks scheduled from follow-on schedule check
