[2022-08-23 11:35:33,939] {taskinstance.py:1179} INFO - Dependencies all met for <TaskInstance: raizen_lab_01.print_hello scheduled__2021-10-06T20:00:00+00:00 [queued]>
[2022-08-23 11:35:33,958] {taskinstance.py:1179} INFO - Dependencies all met for <TaskInstance: raizen_lab_01.print_hello scheduled__2021-10-06T20:00:00+00:00 [queued]>
[2022-08-23 11:35:33,959] {taskinstance.py:1376} INFO - 
--------------------------------------------------------------------------------
[2022-08-23 11:35:33,959] {taskinstance.py:1377} INFO - Starting attempt 1 of 2
[2022-08-23 11:35:33,960] {taskinstance.py:1378} INFO - 
--------------------------------------------------------------------------------
[2022-08-23 11:35:33,986] {taskinstance.py:1397} INFO - Executing <Task(BashOperator): print_hello> on 2021-10-06 20:00:00+00:00
[2022-08-23 11:35:33,996] {standard_task_runner.py:52} INFO - Started process 3873 to run task
[2022-08-23 11:35:34,002] {standard_task_runner.py:79} INFO - Running: ['***', 'tasks', 'run', 'raizen_lab_01', 'print_hello', 'scheduled__2021-10-06T20:00:00+00:00', '--job-id', '1355', '--raw', '--subdir', 'DAGS_FOLDER/raizen_lab_01.py', '--cfg-path', '/tmp/tmpv39byten', '--error-file', '/tmp/tmpn7n6m29j']
[2022-08-23 11:35:34,003] {standard_task_runner.py:80} INFO - Job 1355: Subtask print_hello
[2022-08-23 11:35:34,109] {task_command.py:371} INFO - Running <TaskInstance: raizen_lab_01.print_hello scheduled__2021-10-06T20:00:00+00:00 [running]> on host 7f48b7aaf0fc
[2022-08-23 11:35:34,219] {taskinstance.py:1591} INFO - Exporting the following env vars:
AIRFLOW_CTX_DAG_OWNER=admin
AIRFLOW_CTX_DAG_ID=raizen_lab_01
AIRFLOW_CTX_TASK_ID=print_hello
AIRFLOW_CTX_EXECUTION_DATE=2021-10-06T20:00:00+00:00
AIRFLOW_CTX_TRY_NUMBER=1
AIRFLOW_CTX_DAG_RUN_ID=scheduled__2021-10-06T20:00:00+00:00
[2022-08-23 11:35:34,221] {subprocess.py:62} INFO - Tmp dir root location: 
 /tmp
[2022-08-23 11:35:34,223] {subprocess.py:74} INFO - Running command: ['bash', '-c', 'echo "hello"']
[2022-08-23 11:35:34,241] {subprocess.py:85} INFO - Output:
[2022-08-23 11:35:34,244] {subprocess.py:92} INFO - hello
[2022-08-23 11:35:34,245] {subprocess.py:96} INFO - Command exited with return code 0
[2022-08-23 11:35:34,301] {taskinstance.py:1420} INFO - Marking task as SUCCESS. dag_id=raizen_lab_01, task_id=print_hello, execution_date=20211006T200000, start_date=20220823T113533, end_date=20220823T113534
[2022-08-23 11:35:34,332] {local_task_job.py:156} INFO - Task exited with return code 0
[2022-08-23 11:35:34,417] {local_task_job.py:273} INFO - 1 downstream tasks scheduled from follow-on schedule check
