[2022-08-23 11:46:17,428] {taskinstance.py:1179} INFO - Dependencies all met for <TaskInstance: raizen_lab_01.sleep scheduled__2021-10-17T04:00:00+00:00 [queued]>
[2022-08-23 11:46:17,452] {taskinstance.py:1179} INFO - Dependencies all met for <TaskInstance: raizen_lab_01.sleep scheduled__2021-10-17T04:00:00+00:00 [queued]>
[2022-08-23 11:46:17,453] {taskinstance.py:1376} INFO - 
--------------------------------------------------------------------------------
[2022-08-23 11:46:17,454] {taskinstance.py:1377} INFO - Starting attempt 1 of 2
[2022-08-23 11:46:17,454] {taskinstance.py:1378} INFO - 
--------------------------------------------------------------------------------
[2022-08-23 11:46:17,486] {taskinstance.py:1397} INFO - Executing <Task(BashOperator): sleep> on 2021-10-17 04:00:00+00:00
[2022-08-23 11:46:17,495] {standard_task_runner.py:52} INFO - Started process 301 to run task
[2022-08-23 11:46:17,501] {standard_task_runner.py:79} INFO - Running: ['***', 'tasks', 'run', 'raizen_lab_01', 'sleep', 'scheduled__2021-10-17T04:00:00+00:00', '--job-id', '2106', '--raw', '--subdir', 'DAGS_FOLDER/raizen_lab_01.py', '--cfg-path', '/tmp/tmpq3h5_ryk', '--error-file', '/tmp/tmpx207qa8b']
[2022-08-23 11:46:17,503] {standard_task_runner.py:80} INFO - Job 2106: Subtask sleep
[2022-08-23 11:46:17,656] {task_command.py:371} INFO - Running <TaskInstance: raizen_lab_01.sleep scheduled__2021-10-17T04:00:00+00:00 [running]> on host fc645605a611
[2022-08-23 11:46:17,786] {taskinstance.py:1591} INFO - Exporting the following env vars:
AIRFLOW_CTX_DAG_OWNER=admin
AIRFLOW_CTX_DAG_ID=raizen_lab_01
AIRFLOW_CTX_TASK_ID=sleep
AIRFLOW_CTX_EXECUTION_DATE=2021-10-17T04:00:00+00:00
AIRFLOW_CTX_TRY_NUMBER=1
AIRFLOW_CTX_DAG_RUN_ID=scheduled__2021-10-17T04:00:00+00:00
[2022-08-23 11:46:17,789] {subprocess.py:62} INFO - Tmp dir root location: 
 /tmp
[2022-08-23 11:46:17,790] {subprocess.py:74} INFO - Running command: ['bash', '-c', 'sleep 5']
[2022-08-23 11:46:17,810] {subprocess.py:85} INFO - Output:
[2022-08-23 11:46:22,815] {subprocess.py:96} INFO - Command exited with return code 0
[2022-08-23 11:46:22,874] {taskinstance.py:1420} INFO - Marking task as SUCCESS. dag_id=raizen_lab_01, task_id=sleep, execution_date=20211017T040000, start_date=20220823T114617, end_date=20220823T114622
[2022-08-23 11:46:22,935] {local_task_job.py:156} INFO - Task exited with return code 0
[2022-08-23 11:46:22,985] {local_task_job.py:273} INFO - 1 downstream tasks scheduled from follow-on schedule check
