[2022-08-23 12:24:33,507] {taskinstance.py:1179} INFO - Dependencies all met for <TaskInstance: raizen_lab_01.sleep scheduled__2021-11-19T11:00:00+00:00 [queued]>
[2022-08-23 12:24:33,518] {taskinstance.py:1179} INFO - Dependencies all met for <TaskInstance: raizen_lab_01.sleep scheduled__2021-11-19T11:00:00+00:00 [queued]>
[2022-08-23 12:24:33,518] {taskinstance.py:1376} INFO - 
--------------------------------------------------------------------------------
[2022-08-23 12:24:33,519] {taskinstance.py:1377} INFO - Starting attempt 1 of 2
[2022-08-23 12:24:33,521] {taskinstance.py:1378} INFO - 
--------------------------------------------------------------------------------
[2022-08-23 12:24:33,551] {taskinstance.py:1397} INFO - Executing <Task(BashOperator): sleep> on 2021-11-19 11:00:00+00:00
[2022-08-23 12:24:33,559] {standard_task_runner.py:52} INFO - Started process 3872 to run task
[2022-08-23 12:24:33,565] {standard_task_runner.py:79} INFO - Running: ['***', 'tasks', 'run', 'raizen_lab_01', 'sleep', 'scheduled__2021-11-19T11:00:00+00:00', '--job-id', '4526', '--raw', '--subdir', 'DAGS_FOLDER/raizen_lab_01.py', '--cfg-path', '/tmp/tmp_tzocgc6', '--error-file', '/tmp/tmp0mr48_9s']
[2022-08-23 12:24:33,567] {standard_task_runner.py:80} INFO - Job 4526: Subtask sleep
[2022-08-23 12:24:33,664] {task_command.py:371} INFO - Running <TaskInstance: raizen_lab_01.sleep scheduled__2021-11-19T11:00:00+00:00 [running]> on host 6383a3236c72
[2022-08-23 12:24:33,805] {taskinstance.py:1591} INFO - Exporting the following env vars:
AIRFLOW_CTX_DAG_OWNER=admin
AIRFLOW_CTX_DAG_ID=raizen_lab_01
AIRFLOW_CTX_TASK_ID=sleep
AIRFLOW_CTX_EXECUTION_DATE=2021-11-19T11:00:00+00:00
AIRFLOW_CTX_TRY_NUMBER=1
AIRFLOW_CTX_DAG_RUN_ID=scheduled__2021-11-19T11:00:00+00:00
[2022-08-23 12:24:33,807] {subprocess.py:62} INFO - Tmp dir root location: 
 /tmp
[2022-08-23 12:24:33,808] {subprocess.py:74} INFO - Running command: ['bash', '-c', 'sleep 5']
[2022-08-23 12:24:33,825] {subprocess.py:85} INFO - Output:
[2022-08-23 12:24:38,829] {subprocess.py:96} INFO - Command exited with return code 0
[2022-08-23 12:24:38,903] {taskinstance.py:1420} INFO - Marking task as SUCCESS. dag_id=raizen_lab_01, task_id=sleep, execution_date=20211119T110000, start_date=20220823T122433, end_date=20220823T122438
[2022-08-23 12:24:38,956] {local_task_job.py:156} INFO - Task exited with return code 0
[2022-08-23 12:24:38,990] {local_task_job.py:273} INFO - 1 downstream tasks scheduled from follow-on schedule check
