[2022-08-23 12:20:39,897] {taskinstance.py:1179} INFO - Dependencies all met for <TaskInstance: raizen_lab_01.sleep scheduled__2021-11-09T14:00:00+00:00 [queued]>
[2022-08-23 12:20:39,906] {taskinstance.py:1179} INFO - Dependencies all met for <TaskInstance: raizen_lab_01.sleep scheduled__2021-11-09T14:00:00+00:00 [queued]>
[2022-08-23 12:20:39,906] {taskinstance.py:1376} INFO - 
--------------------------------------------------------------------------------
[2022-08-23 12:20:39,907] {taskinstance.py:1377} INFO - Starting attempt 1 of 2
[2022-08-23 12:20:39,907] {taskinstance.py:1378} INFO - 
--------------------------------------------------------------------------------
[2022-08-23 12:20:39,921] {taskinstance.py:1397} INFO - Executing <Task(BashOperator): sleep> on 2021-11-09 14:00:00+00:00
[2022-08-23 12:20:39,928] {standard_task_runner.py:52} INFO - Started process 1077 to run task
[2022-08-23 12:20:39,932] {standard_task_runner.py:79} INFO - Running: ['***', 'tasks', 'run', 'raizen_lab_01', 'sleep', 'scheduled__2021-11-09T14:00:00+00:00', '--job-id', '3813', '--raw', '--subdir', 'DAGS_FOLDER/raizen_lab_01.py', '--cfg-path', '/tmp/tmp4473tx75', '--error-file', '/tmp/tmpox_r3tkf']
[2022-08-23 12:20:39,933] {standard_task_runner.py:80} INFO - Job 3813: Subtask sleep
[2022-08-23 12:20:40,002] {task_command.py:371} INFO - Running <TaskInstance: raizen_lab_01.sleep scheduled__2021-11-09T14:00:00+00:00 [running]> on host 6383a3236c72
[2022-08-23 12:20:40,069] {taskinstance.py:1591} INFO - Exporting the following env vars:
AIRFLOW_CTX_DAG_OWNER=admin
AIRFLOW_CTX_DAG_ID=raizen_lab_01
AIRFLOW_CTX_TASK_ID=sleep
AIRFLOW_CTX_EXECUTION_DATE=2021-11-09T14:00:00+00:00
AIRFLOW_CTX_TRY_NUMBER=1
AIRFLOW_CTX_DAG_RUN_ID=scheduled__2021-11-09T14:00:00+00:00
[2022-08-23 12:20:40,071] {subprocess.py:62} INFO - Tmp dir root location: 
 /tmp
[2022-08-23 12:20:40,072] {subprocess.py:74} INFO - Running command: ['bash', '-c', 'sleep 5']
[2022-08-23 12:20:40,087] {subprocess.py:85} INFO - Output:
[2022-08-23 12:20:45,090] {subprocess.py:96} INFO - Command exited with return code 0
[2022-08-23 12:20:45,125] {taskinstance.py:1420} INFO - Marking task as SUCCESS. dag_id=raizen_lab_01, task_id=sleep, execution_date=20211109T140000, start_date=20220823T122039, end_date=20220823T122045
[2022-08-23 12:20:45,170] {local_task_job.py:156} INFO - Task exited with return code 0
[2022-08-23 12:20:45,198] {local_task_job.py:273} INFO - 1 downstream tasks scheduled from follow-on schedule check
