[2022-08-23 16:13:30,625] {taskinstance.py:1179} INFO - Dependencies all met for <TaskInstance: raizen_lab_01.step_01 scheduled__2022-01-04T01:00:00+00:00 [queued]>
[2022-08-23 16:13:30,646] {taskinstance.py:1179} INFO - Dependencies all met for <TaskInstance: raizen_lab_01.step_01 scheduled__2022-01-04T01:00:00+00:00 [queued]>
[2022-08-23 16:13:30,647] {taskinstance.py:1376} INFO - 
--------------------------------------------------------------------------------
[2022-08-23 16:13:30,648] {taskinstance.py:1377} INFO - Starting attempt 1 of 2
[2022-08-23 16:13:30,649] {taskinstance.py:1378} INFO - 
--------------------------------------------------------------------------------
[2022-08-23 16:13:30,689] {taskinstance.py:1397} INFO - Executing <Task(BashOperator): step_01> on 2022-01-04 01:00:00+00:00
[2022-08-23 16:13:30,703] {standard_task_runner.py:52} INFO - Started process 188 to run task
[2022-08-23 16:13:30,710] {standard_task_runner.py:79} INFO - Running: ['***', 'tasks', 'run', 'raizen_lab_01', 'step_01', 'scheduled__2022-01-04T01:00:00+00:00', '--job-id', '7995', '--raw', '--subdir', 'DAGS_FOLDER/raizen_lab_01.py', '--cfg-path', '/tmp/tmprwwjrshi', '--error-file', '/tmp/tmp9nee9qfi']
[2022-08-23 16:13:30,715] {standard_task_runner.py:80} INFO - Job 7995: Subtask step_01
[2022-08-23 16:13:30,869] {task_command.py:371} INFO - Running <TaskInstance: raizen_lab_01.step_01 scheduled__2022-01-04T01:00:00+00:00 [running]> on host 8790b68fb5bc
[2022-08-23 16:13:31,094] {taskinstance.py:1591} INFO - Exporting the following env vars:
AIRFLOW_CTX_DAG_OWNER=admin
AIRFLOW_CTX_DAG_ID=raizen_lab_01
AIRFLOW_CTX_TASK_ID=step_01
AIRFLOW_CTX_EXECUTION_DATE=2022-01-04T01:00:00+00:00
AIRFLOW_CTX_TRY_NUMBER=1
AIRFLOW_CTX_DAG_RUN_ID=scheduled__2022-01-04T01:00:00+00:00
[2022-08-23 16:13:31,098] {subprocess.py:62} INFO - Tmp dir root location: 
 /tmp
[2022-08-23 16:13:31,100] {subprocess.py:74} INFO - Running command: ['bash', '-c', 'echo "hello"']
[2022-08-23 16:13:31,122] {subprocess.py:85} INFO - Output:
[2022-08-23 16:13:31,126] {subprocess.py:92} INFO - hello
[2022-08-23 16:13:31,127] {subprocess.py:96} INFO - Command exited with return code 0
[2022-08-23 16:13:31,189] {taskinstance.py:1420} INFO - Marking task as SUCCESS. dag_id=raizen_lab_01, task_id=step_01, execution_date=20220104T010000, start_date=20220823T161330, end_date=20220823T161331
[2022-08-23 16:13:31,259] {local_task_job.py:156} INFO - Task exited with return code 0
[2022-08-23 16:13:31,333] {local_task_job.py:273} INFO - 0 downstream tasks scheduled from follow-on schedule check
