[2022-08-23 12:32:44,983] {taskinstance.py:1179} INFO - Dependencies all met for <TaskInstance: raizen_lab_01.sleep scheduled__2021-12-11T03:00:00+00:00 [queued]>
[2022-08-23 12:32:44,991] {taskinstance.py:1179} INFO - Dependencies all met for <TaskInstance: raizen_lab_01.sleep scheduled__2021-12-11T03:00:00+00:00 [queued]>
[2022-08-23 12:32:44,991] {taskinstance.py:1376} INFO - 
--------------------------------------------------------------------------------
[2022-08-23 12:32:44,991] {taskinstance.py:1377} INFO - Starting attempt 1 of 2
[2022-08-23 12:32:44,992] {taskinstance.py:1378} INFO - 
--------------------------------------------------------------------------------
[2022-08-23 12:32:45,003] {taskinstance.py:1397} INFO - Executing <Task(BashOperator): sleep> on 2021-12-11 03:00:00+00:00
[2022-08-23 12:32:45,008] {standard_task_runner.py:52} INFO - Started process 9928 to run task
[2022-08-23 12:32:45,010] {standard_task_runner.py:79} INFO - Running: ['***', 'tasks', 'run', 'raizen_lab_01', 'sleep', 'scheduled__2021-12-11T03:00:00+00:00', '--job-id', '6076', '--raw', '--subdir', 'DAGS_FOLDER/raizen_lab_01.py', '--cfg-path', '/tmp/tmpc36a79h7', '--error-file', '/tmp/tmpf6in_52p']
[2022-08-23 12:32:45,012] {standard_task_runner.py:80} INFO - Job 6076: Subtask sleep
[2022-08-23 12:32:45,066] {task_command.py:371} INFO - Running <TaskInstance: raizen_lab_01.sleep scheduled__2021-12-11T03:00:00+00:00 [running]> on host 6383a3236c72
[2022-08-23 12:32:45,125] {taskinstance.py:1591} INFO - Exporting the following env vars:
AIRFLOW_CTX_DAG_OWNER=admin
AIRFLOW_CTX_DAG_ID=raizen_lab_01
AIRFLOW_CTX_TASK_ID=sleep
AIRFLOW_CTX_EXECUTION_DATE=2021-12-11T03:00:00+00:00
AIRFLOW_CTX_TRY_NUMBER=1
AIRFLOW_CTX_DAG_RUN_ID=scheduled__2021-12-11T03:00:00+00:00
[2022-08-23 12:32:45,126] {subprocess.py:62} INFO - Tmp dir root location: 
 /tmp
[2022-08-23 12:32:45,127] {subprocess.py:74} INFO - Running command: ['bash', '-c', 'sleep 5']
[2022-08-23 12:32:45,136] {subprocess.py:85} INFO - Output:
[2022-08-23 12:32:50,138] {subprocess.py:96} INFO - Command exited with return code 0
[2022-08-23 12:32:50,180] {taskinstance.py:1420} INFO - Marking task as SUCCESS. dag_id=raizen_lab_01, task_id=sleep, execution_date=20211211T030000, start_date=20220823T123244, end_date=20220823T123250
[2022-08-23 12:32:50,210] {local_task_job.py:156} INFO - Task exited with return code 0
[2022-08-23 12:32:50,253] {local_task_job.py:273} INFO - 1 downstream tasks scheduled from follow-on schedule check
