[2022-08-23 16:13:52,470] {taskinstance.py:1179} INFO - Dependencies all met for <TaskInstance: raizen_lab_01.sleep scheduled__2022-01-04T20:00:00+00:00 [queued]>
[2022-08-23 16:13:52,489] {taskinstance.py:1179} INFO - Dependencies all met for <TaskInstance: raizen_lab_01.sleep scheduled__2022-01-04T20:00:00+00:00 [queued]>
[2022-08-23 16:13:52,490] {taskinstance.py:1376} INFO - 
--------------------------------------------------------------------------------
[2022-08-23 16:13:52,490] {taskinstance.py:1377} INFO - Starting attempt 1 of 2
[2022-08-23 16:13:52,491] {taskinstance.py:1378} INFO - 
--------------------------------------------------------------------------------
[2022-08-23 16:13:52,537] {taskinstance.py:1397} INFO - Executing <Task(BashOperator): sleep> on 2022-01-04 20:00:00+00:00
[2022-08-23 16:13:52,553] {standard_task_runner.py:52} INFO - Started process 337 to run task
[2022-08-23 16:13:52,566] {standard_task_runner.py:79} INFO - Running: ['***', 'tasks', 'run', 'raizen_lab_01', 'sleep', 'scheduled__2022-01-04T20:00:00+00:00', '--job-id', '8030', '--raw', '--subdir', 'DAGS_FOLDER/raizen_lab_01.py', '--cfg-path', '/tmp/tmpusknrwj9', '--error-file', '/tmp/tmpmszga_kb']
[2022-08-23 16:13:52,570] {standard_task_runner.py:80} INFO - Job 8030: Subtask sleep
[2022-08-23 16:13:52,761] {task_command.py:371} INFO - Running <TaskInstance: raizen_lab_01.sleep scheduled__2022-01-04T20:00:00+00:00 [running]> on host 8790b68fb5bc
[2022-08-23 16:13:52,977] {taskinstance.py:1591} INFO - Exporting the following env vars:
AIRFLOW_CTX_DAG_OWNER=admin
AIRFLOW_CTX_DAG_ID=raizen_lab_01
AIRFLOW_CTX_TASK_ID=sleep
AIRFLOW_CTX_EXECUTION_DATE=2022-01-04T20:00:00+00:00
AIRFLOW_CTX_TRY_NUMBER=1
AIRFLOW_CTX_DAG_RUN_ID=scheduled__2022-01-04T20:00:00+00:00
[2022-08-23 16:13:52,979] {subprocess.py:62} INFO - Tmp dir root location: 
 /tmp
[2022-08-23 16:13:52,981] {subprocess.py:74} INFO - Running command: ['bash', '-c', 'sleep 5']
[2022-08-23 16:13:53,004] {subprocess.py:85} INFO - Output:
[2022-08-23 16:13:58,011] {subprocess.py:96} INFO - Command exited with return code 0
[2022-08-23 16:13:58,059] {taskinstance.py:1420} INFO - Marking task as SUCCESS. dag_id=raizen_lab_01, task_id=sleep, execution_date=20220104T200000, start_date=20220823T161352, end_date=20220823T161358
[2022-08-23 16:13:58,089] {local_task_job.py:156} INFO - Task exited with return code 0
[2022-08-23 16:13:58,136] {local_task_job.py:273} INFO - 1 downstream tasks scheduled from follow-on schedule check
