[2022-08-23 12:37:18,225] {taskinstance.py:1179} INFO - Dependencies all met for <TaskInstance: raizen_lab_01.sleep scheduled__2021-12-23T02:00:00+00:00 [queued]>
[2022-08-23 12:37:18,234] {taskinstance.py:1179} INFO - Dependencies all met for <TaskInstance: raizen_lab_01.sleep scheduled__2021-12-23T02:00:00+00:00 [queued]>
[2022-08-23 12:37:18,234] {taskinstance.py:1376} INFO - 
--------------------------------------------------------------------------------
[2022-08-23 12:37:18,234] {taskinstance.py:1377} INFO - Starting attempt 1 of 2
[2022-08-23 12:37:18,254] {taskinstance.py:1378} INFO - 
--------------------------------------------------------------------------------
[2022-08-23 12:37:18,312] {taskinstance.py:1397} INFO - Executing <Task(BashOperator): sleep> on 2021-12-23 02:00:00+00:00
[2022-08-23 12:37:18,319] {standard_task_runner.py:52} INFO - Started process 13339 to run task
[2022-08-23 12:37:18,323] {standard_task_runner.py:79} INFO - Running: ['***', 'tasks', 'run', 'raizen_lab_01', 'sleep', 'scheduled__2021-12-23T02:00:00+00:00', '--job-id', '6946', '--raw', '--subdir', 'DAGS_FOLDER/raizen_lab_01.py', '--cfg-path', '/tmp/tmp7qeoyjn3', '--error-file', '/tmp/tmpy9sxos35']
[2022-08-23 12:37:18,325] {standard_task_runner.py:80} INFO - Job 6946: Subtask sleep
[2022-08-23 12:37:18,426] {task_command.py:371} INFO - Running <TaskInstance: raizen_lab_01.sleep scheduled__2021-12-23T02:00:00+00:00 [running]> on host 6383a3236c72
[2022-08-23 12:37:18,580] {taskinstance.py:1591} INFO - Exporting the following env vars:
AIRFLOW_CTX_DAG_OWNER=admin
AIRFLOW_CTX_DAG_ID=raizen_lab_01
AIRFLOW_CTX_TASK_ID=sleep
AIRFLOW_CTX_EXECUTION_DATE=2021-12-23T02:00:00+00:00
AIRFLOW_CTX_TRY_NUMBER=1
AIRFLOW_CTX_DAG_RUN_ID=scheduled__2021-12-23T02:00:00+00:00
[2022-08-23 12:37:18,581] {subprocess.py:62} INFO - Tmp dir root location: 
 /tmp
[2022-08-23 12:37:18,582] {subprocess.py:74} INFO - Running command: ['bash', '-c', 'sleep 5']
[2022-08-23 12:37:18,593] {subprocess.py:85} INFO - Output:
[2022-08-23 12:37:23,595] {subprocess.py:96} INFO - Command exited with return code 0
[2022-08-23 12:37:23,628] {taskinstance.py:1420} INFO - Marking task as SUCCESS. dag_id=raizen_lab_01, task_id=sleep, execution_date=20211223T020000, start_date=20220823T123718, end_date=20220823T123723
[2022-08-23 12:37:23,676] {local_task_job.py:156} INFO - Task exited with return code 0
[2022-08-23 12:37:23,706] {local_task_job.py:273} INFO - 1 downstream tasks scheduled from follow-on schedule check
