[2022-08-23 12:37:01,799] {taskinstance.py:1179} INFO - Dependencies all met for <TaskInstance: raizen_lab_01.sleep scheduled__2021-12-22T05:00:00+00:00 [queued]>
[2022-08-23 12:37:01,808] {taskinstance.py:1179} INFO - Dependencies all met for <TaskInstance: raizen_lab_01.sleep scheduled__2021-12-22T05:00:00+00:00 [queued]>
[2022-08-23 12:37:01,809] {taskinstance.py:1376} INFO - 
--------------------------------------------------------------------------------
[2022-08-23 12:37:01,809] {taskinstance.py:1377} INFO - Starting attempt 1 of 2
[2022-08-23 12:37:01,809] {taskinstance.py:1378} INFO - 
--------------------------------------------------------------------------------
[2022-08-23 12:37:01,825] {taskinstance.py:1397} INFO - Executing <Task(BashOperator): sleep> on 2021-12-22 05:00:00+00:00
[2022-08-23 12:37:01,831] {standard_task_runner.py:52} INFO - Started process 13120 to run task
[2022-08-23 12:37:01,835] {standard_task_runner.py:79} INFO - Running: ['***', 'tasks', 'run', 'raizen_lab_01', 'sleep', 'scheduled__2021-12-22T05:00:00+00:00', '--job-id', '6888', '--raw', '--subdir', 'DAGS_FOLDER/raizen_lab_01.py', '--cfg-path', '/tmp/tmphpcxjd6q', '--error-file', '/tmp/tmpod1hb4y0']
[2022-08-23 12:37:01,837] {standard_task_runner.py:80} INFO - Job 6888: Subtask sleep
[2022-08-23 12:37:01,905] {task_command.py:371} INFO - Running <TaskInstance: raizen_lab_01.sleep scheduled__2021-12-22T05:00:00+00:00 [running]> on host 6383a3236c72
[2022-08-23 12:37:01,980] {taskinstance.py:1591} INFO - Exporting the following env vars:
AIRFLOW_CTX_DAG_OWNER=admin
AIRFLOW_CTX_DAG_ID=raizen_lab_01
AIRFLOW_CTX_TASK_ID=sleep
AIRFLOW_CTX_EXECUTION_DATE=2021-12-22T05:00:00+00:00
AIRFLOW_CTX_TRY_NUMBER=1
AIRFLOW_CTX_DAG_RUN_ID=scheduled__2021-12-22T05:00:00+00:00
[2022-08-23 12:37:01,981] {subprocess.py:62} INFO - Tmp dir root location: 
 /tmp
[2022-08-23 12:37:01,982] {subprocess.py:74} INFO - Running command: ['bash', '-c', 'sleep 5']
[2022-08-23 12:37:01,994] {subprocess.py:85} INFO - Output:
[2022-08-23 12:37:06,997] {subprocess.py:96} INFO - Command exited with return code 0
[2022-08-23 12:37:07,021] {taskinstance.py:1420} INFO - Marking task as SUCCESS. dag_id=raizen_lab_01, task_id=sleep, execution_date=20211222T050000, start_date=20220823T123701, end_date=20220823T123707
[2022-08-23 12:37:07,061] {local_task_job.py:156} INFO - Task exited with return code 0
[2022-08-23 12:37:07,143] {local_task_job.py:273} INFO - 0 downstream tasks scheduled from follow-on schedule check
