[2022-08-23 11:27:58,456] {taskinstance.py:1179} INFO - Dependencies all met for <TaskInstance: raizen_lab_01.print_world manual__2022-08-23T11:27:47.703180+00:00 [queued]>
[2022-08-23 11:27:58,477] {taskinstance.py:1179} INFO - Dependencies all met for <TaskInstance: raizen_lab_01.print_world manual__2022-08-23T11:27:47.703180+00:00 [queued]>
[2022-08-23 11:27:58,478] {taskinstance.py:1376} INFO - 
--------------------------------------------------------------------------------
[2022-08-23 11:27:58,479] {taskinstance.py:1377} INFO - Starting attempt 1 of 2
[2022-08-23 11:27:58,479] {taskinstance.py:1378} INFO - 
--------------------------------------------------------------------------------
[2022-08-23 11:27:58,507] {taskinstance.py:1397} INFO - Executing <Task(PythonOperator): print_world> on 2022-08-23 11:27:47.703180+00:00
[2022-08-23 11:27:58,514] {standard_task_runner.py:52} INFO - Started process 204 to run task
[2022-08-23 11:27:58,518] {standard_task_runner.py:79} INFO - Running: ['***', 'tasks', 'run', 'raizen_lab_01', 'print_world', 'manual__2022-08-23T11:27:47.703180+00:00', '--job-id', '102', '--raw', '--subdir', 'DAGS_FOLDER/raizen_lab_01.py', '--cfg-path', '/tmp/tmp6ifnqshv', '--error-file', '/tmp/tmpu7t3ta_m']
[2022-08-23 11:27:58,519] {standard_task_runner.py:80} INFO - Job 102: Subtask print_world
[2022-08-23 11:27:58,619] {task_command.py:371} INFO - Running <TaskInstance: raizen_lab_01.print_world manual__2022-08-23T11:27:47.703180+00:00 [running]> on host 7f48b7aaf0fc
[2022-08-23 11:27:58,774] {taskinstance.py:1591} INFO - Exporting the following env vars:
AIRFLOW_CTX_DAG_OWNER=admin
AIRFLOW_CTX_DAG_ID=raizen_lab_01
AIRFLOW_CTX_TASK_ID=print_world
AIRFLOW_CTX_EXECUTION_DATE=2022-08-23T11:27:47.703180+00:00
AIRFLOW_CTX_TRY_NUMBER=1
AIRFLOW_CTX_DAG_RUN_ID=manual__2022-08-23T11:27:47.703180+00:00
[2022-08-23 11:27:58,776] {logging_mixin.py:115} INFO - world
[2022-08-23 11:27:58,776] {python.py:173} INFO - Done. Returned value was: None
[2022-08-23 11:27:58,797] {taskinstance.py:1420} INFO - Marking task as SUCCESS. dag_id=raizen_lab_01, task_id=print_world, execution_date=20220823T112747, start_date=20220823T112758, end_date=20220823T112758
[2022-08-23 11:27:58,851] {local_task_job.py:156} INFO - Task exited with return code 0
[2022-08-23 11:27:58,900] {local_task_job.py:273} INFO - 0 downstream tasks scheduled from follow-on schedule check
