[2022-08-23 11:58:52,564] {taskinstance.py:1179} INFO - Dependencies all met for <TaskInstance: raizen_lab_01.sleep scheduled__2021-10-22T04:00:00+00:00 [queued]>
[2022-08-23 11:58:52,586] {taskinstance.py:1179} INFO - Dependencies all met for <TaskInstance: raizen_lab_01.sleep scheduled__2021-10-22T04:00:00+00:00 [queued]>
[2022-08-23 11:58:52,587] {taskinstance.py:1376} INFO - 
--------------------------------------------------------------------------------
[2022-08-23 11:58:52,588] {taskinstance.py:1377} INFO - Starting attempt 1 of 2
[2022-08-23 11:58:52,588] {taskinstance.py:1378} INFO - 
--------------------------------------------------------------------------------
[2022-08-23 11:58:52,619] {taskinstance.py:1397} INFO - Executing <Task(BashOperator): sleep> on 2021-10-22 04:00:00+00:00
[2022-08-23 11:58:52,628] {standard_task_runner.py:52} INFO - Started process 301 to run task
[2022-08-23 11:58:52,633] {standard_task_runner.py:79} INFO - Running: ['***', 'tasks', 'run', 'raizen_lab_01', 'sleep', 'scheduled__2021-10-22T04:00:00+00:00', '--job-id', '2469', '--raw', '--subdir', 'DAGS_FOLDER/raizen_lab_01.py', '--cfg-path', '/tmp/tmpek2wvepe', '--error-file', '/tmp/tmpno3ix_4h']
[2022-08-23 11:58:52,634] {standard_task_runner.py:80} INFO - Job 2469: Subtask sleep
[2022-08-23 11:58:52,739] {task_command.py:371} INFO - Running <TaskInstance: raizen_lab_01.sleep scheduled__2021-10-22T04:00:00+00:00 [running]> on host 9f4b06248101
[2022-08-23 11:58:52,969] {taskinstance.py:1591} INFO - Exporting the following env vars:
AIRFLOW_CTX_DAG_OWNER=admin
AIRFLOW_CTX_DAG_ID=raizen_lab_01
AIRFLOW_CTX_TASK_ID=sleep
AIRFLOW_CTX_EXECUTION_DATE=2021-10-22T04:00:00+00:00
AIRFLOW_CTX_TRY_NUMBER=1
AIRFLOW_CTX_DAG_RUN_ID=scheduled__2021-10-22T04:00:00+00:00
[2022-08-23 11:58:52,971] {subprocess.py:62} INFO - Tmp dir root location: 
 /tmp
[2022-08-23 11:58:52,973] {subprocess.py:74} INFO - Running command: ['bash', '-c', 'sleep 5']
[2022-08-23 11:58:52,993] {subprocess.py:85} INFO - Output:
[2022-08-23 11:58:58,002] {subprocess.py:96} INFO - Command exited with return code 0
[2022-08-23 11:58:58,093] {taskinstance.py:1420} INFO - Marking task as SUCCESS. dag_id=raizen_lab_01, task_id=sleep, execution_date=20211022T040000, start_date=20220823T115852, end_date=20220823T115858
[2022-08-23 11:58:58,141] {local_task_job.py:156} INFO - Task exited with return code 0
[2022-08-23 11:58:58,196] {local_task_job.py:273} INFO - 1 downstream tasks scheduled from follow-on schedule check
