[2022-08-23 12:29:59,339] {taskinstance.py:1179} INFO - Dependencies all met for <TaskInstance: raizen_lab_01.sleep scheduled__2021-12-03T13:00:00+00:00 [queued]>
[2022-08-23 12:29:59,349] {taskinstance.py:1179} INFO - Dependencies all met for <TaskInstance: raizen_lab_01.sleep scheduled__2021-12-03T13:00:00+00:00 [queued]>
[2022-08-23 12:29:59,350] {taskinstance.py:1376} INFO - 
--------------------------------------------------------------------------------
[2022-08-23 12:29:59,350] {taskinstance.py:1377} INFO - Starting attempt 1 of 2
[2022-08-23 12:29:59,351] {taskinstance.py:1378} INFO - 
--------------------------------------------------------------------------------
[2022-08-23 12:29:59,371] {taskinstance.py:1397} INFO - Executing <Task(BashOperator): sleep> on 2021-12-03 13:00:00+00:00
[2022-08-23 12:29:59,380] {standard_task_runner.py:52} INFO - Started process 7840 to run task
[2022-08-23 12:29:59,384] {standard_task_runner.py:79} INFO - Running: ['***', 'tasks', 'run', 'raizen_lab_01', 'sleep', 'scheduled__2021-12-03T13:00:00+00:00', '--job-id', '5540', '--raw', '--subdir', 'DAGS_FOLDER/raizen_lab_01.py', '--cfg-path', '/tmp/tmpwmduynwv', '--error-file', '/tmp/tmpianrojh8']
[2022-08-23 12:29:59,386] {standard_task_runner.py:80} INFO - Job 5540: Subtask sleep
[2022-08-23 12:29:59,458] {task_command.py:371} INFO - Running <TaskInstance: raizen_lab_01.sleep scheduled__2021-12-03T13:00:00+00:00 [running]> on host 6383a3236c72
[2022-08-23 12:29:59,522] {taskinstance.py:1591} INFO - Exporting the following env vars:
AIRFLOW_CTX_DAG_OWNER=admin
AIRFLOW_CTX_DAG_ID=raizen_lab_01
AIRFLOW_CTX_TASK_ID=sleep
AIRFLOW_CTX_EXECUTION_DATE=2021-12-03T13:00:00+00:00
AIRFLOW_CTX_TRY_NUMBER=1
AIRFLOW_CTX_DAG_RUN_ID=scheduled__2021-12-03T13:00:00+00:00
[2022-08-23 12:29:59,524] {subprocess.py:62} INFO - Tmp dir root location: 
 /tmp
[2022-08-23 12:29:59,524] {subprocess.py:74} INFO - Running command: ['bash', '-c', 'sleep 5']
[2022-08-23 12:29:59,535] {subprocess.py:85} INFO - Output:
[2022-08-23 12:30:04,538] {subprocess.py:96} INFO - Command exited with return code 0
[2022-08-23 12:30:04,718] {taskinstance.py:1420} INFO - Marking task as SUCCESS. dag_id=raizen_lab_01, task_id=sleep, execution_date=20211203T130000, start_date=20220823T122959, end_date=20220823T123004
[2022-08-23 12:30:04,792] {local_task_job.py:156} INFO - Task exited with return code 0
[2022-08-23 12:30:04,834] {local_task_job.py:273} INFO - 1 downstream tasks scheduled from follow-on schedule check
