[2022-08-23 21:00:01,364] {taskinstance.py:1179} INFO - Dependencies all met for <TaskInstance: raizen_lab_01.cria_tabela scheduled__2022-08-23T20:00:00+00:00 [queued]>
[2022-08-23 21:00:01,375] {taskinstance.py:1179} INFO - Dependencies all met for <TaskInstance: raizen_lab_01.cria_tabela scheduled__2022-08-23T20:00:00+00:00 [queued]>
[2022-08-23 21:00:01,376] {taskinstance.py:1376} INFO - 
--------------------------------------------------------------------------------
[2022-08-23 21:00:01,376] {taskinstance.py:1377} INFO - Starting attempt 1 of 2
[2022-08-23 21:00:01,377] {taskinstance.py:1378} INFO - 
--------------------------------------------------------------------------------
[2022-08-23 21:00:01,392] {taskinstance.py:1397} INFO - Executing <Task(PythonOperator): cria_tabela> on 2022-08-23 20:00:00+00:00
[2022-08-23 21:00:01,399] {standard_task_runner.py:52} INFO - Started process 2521 to run task
[2022-08-23 21:00:01,405] {standard_task_runner.py:79} INFO - Running: ['***', 'tasks', 'run', 'raizen_lab_01', 'cria_tabela', 'scheduled__2022-08-23T20:00:00+00:00', '--job-id', '9392', '--raw', '--subdir', 'DAGS_FOLDER/raizen_lab_01.py', '--cfg-path', '/tmp/tmpj5ffzkci', '--error-file', '/tmp/tmpucl6mr0i']
[2022-08-23 21:00:01,407] {standard_task_runner.py:80} INFO - Job 9392: Subtask cria_tabela
[2022-08-23 21:00:01,489] {task_command.py:371} INFO - Running <TaskInstance: raizen_lab_01.cria_tabela scheduled__2022-08-23T20:00:00+00:00 [running]> on host 80fce776ee1f
[2022-08-23 21:00:01,570] {taskinstance.py:1591} INFO - Exporting the following env vars:
AIRFLOW_CTX_DAG_OWNER=admin
AIRFLOW_CTX_DAG_ID=raizen_lab_01
AIRFLOW_CTX_TASK_ID=cria_tabela
AIRFLOW_CTX_EXECUTION_DATE=2022-08-23T20:00:00+00:00
AIRFLOW_CTX_TRY_NUMBER=1
AIRFLOW_CTX_DAG_RUN_ID=scheduled__2022-08-23T20:00:00+00:00
[2022-08-23 21:00:01,585] {base.py:68} INFO - Using connection ID '***_db' for task execution.
[2022-08-23 21:00:01,596] {taskinstance.py:1909} ERROR - Task failed with exception
Traceback (most recent call last):
  File "/home/airflow/.local/lib/python3.7/site-packages/airflow/operators/python.py", line 171, in execute
    return_value = self.execute_callable()
  File "/home/airflow/.local/lib/python3.7/site-packages/airflow/operators/python.py", line 189, in execute_callable
    return self.python_callable(*self.op_args, **self.op_kwargs)
  File "/opt/airflow/dags/raizen_lab_01.py", line 33, in cria_tabela
    records = postgres_hook.get_records(sql="CREATE TABLE detalhe_de_vendas ( year_month	date not null, uf varchar(2),product varchar(256),unit varchar(256),volume NUMERIC(15,2),created_at	timestamp default NULL) PARTITION BY RANGE (year_month)")
  File "/home/airflow/.local/lib/python3.7/site-packages/airflow/hooks/dbapi.py", line 163, in get_records
    return cur.fetchall()
psycopg2.ProgrammingError: no results to fetch
[2022-08-23 21:00:01,617] {taskinstance.py:1420} INFO - Marking task as UP_FOR_RETRY. dag_id=raizen_lab_01, task_id=cria_tabela, execution_date=20220823T200000, start_date=20220823T210001, end_date=20220823T210001
[2022-08-23 21:00:01,634] {standard_task_runner.py:97} ERROR - Failed to execute job 9392 for task cria_tabela (no results to fetch; 2521)
[2022-08-23 21:00:01,657] {local_task_job.py:156} INFO - Task exited with return code 1
[2022-08-23 21:00:01,716] {local_task_job.py:273} INFO - 0 downstream tasks scheduled from follow-on schedule check
