[2022-08-23 11:48:03,881] {taskinstance.py:1179} INFO - Dependencies all met for <TaskInstance: raizen_lab_01.print_world scheduled__2021-10-20T17:00:00+00:00 [queued]>
[2022-08-23 11:48:03,899] {taskinstance.py:1179} INFO - Dependencies all met for <TaskInstance: raizen_lab_01.print_world scheduled__2021-10-20T17:00:00+00:00 [queued]>
[2022-08-23 11:48:03,900] {taskinstance.py:1376} INFO - 
--------------------------------------------------------------------------------
[2022-08-23 11:48:03,900] {taskinstance.py:1377} INFO - Starting attempt 1 of 2
[2022-08-23 11:48:03,902] {taskinstance.py:1378} INFO - 
--------------------------------------------------------------------------------
[2022-08-23 11:48:03,926] {taskinstance.py:1397} INFO - Executing <Task(PythonOperator): print_world> on 2021-10-20 17:00:00+00:00
[2022-08-23 11:48:03,934] {standard_task_runner.py:52} INFO - Started process 1109 to run task
[2022-08-23 11:48:03,939] {standard_task_runner.py:79} INFO - Running: ['***', 'tasks', 'run', 'raizen_lab_01', 'print_world', 'scheduled__2021-10-20T17:00:00+00:00', '--job-id', '2386', '--raw', '--subdir', 'DAGS_FOLDER/raizen_lab_01.py', '--cfg-path', '/tmp/tmpmi_ujzut', '--error-file', '/tmp/tmp00ysvueh']
[2022-08-23 11:48:03,941] {standard_task_runner.py:80} INFO - Job 2386: Subtask print_world
[2022-08-23 11:48:04,037] {task_command.py:371} INFO - Running <TaskInstance: raizen_lab_01.print_world scheduled__2021-10-20T17:00:00+00:00 [running]> on host fc645605a611
[2022-08-23 11:48:04,131] {taskinstance.py:1591} INFO - Exporting the following env vars:
AIRFLOW_CTX_DAG_OWNER=admin
AIRFLOW_CTX_DAG_ID=raizen_lab_01
AIRFLOW_CTX_TASK_ID=print_world
AIRFLOW_CTX_EXECUTION_DATE=2021-10-20T17:00:00+00:00
AIRFLOW_CTX_TRY_NUMBER=1
AIRFLOW_CTX_DAG_RUN_ID=scheduled__2021-10-20T17:00:00+00:00
[2022-08-23 11:48:04,132] {logging_mixin.py:115} INFO - world
[2022-08-23 11:48:04,133] {python.py:173} INFO - Done. Returned value was: None
[2022-08-23 11:48:04,150] {taskinstance.py:1420} INFO - Marking task as SUCCESS. dag_id=raizen_lab_01, task_id=print_world, execution_date=20211020T170000, start_date=20220823T114803, end_date=20220823T114804
[2022-08-23 11:48:04,192] {local_task_job.py:156} INFO - Task exited with return code 0
[2022-08-23 11:48:04,242] {local_task_job.py:273} INFO - 0 downstream tasks scheduled from follow-on schedule check
