[2022-08-23 23:24:51,696] {taskinstance.py:1179} INFO - Dependencies all met for <TaskInstance: raizen_lab_01.insere_dados_na_tabela manual__2022-08-23T23:24:48.554368+00:00 [queued]>
[2022-08-23 23:24:51,709] {taskinstance.py:1179} INFO - Dependencies all met for <TaskInstance: raizen_lab_01.insere_dados_na_tabela manual__2022-08-23T23:24:48.554368+00:00 [queued]>
[2022-08-23 23:24:51,710] {taskinstance.py:1376} INFO - 
--------------------------------------------------------------------------------
[2022-08-23 23:24:51,710] {taskinstance.py:1377} INFO - Starting attempt 1 of 2
[2022-08-23 23:24:51,711] {taskinstance.py:1378} INFO - 
--------------------------------------------------------------------------------
[2022-08-23 23:24:51,736] {taskinstance.py:1397} INFO - Executing <Task(PythonOperator): insere_dados_na_tabela> on 2022-08-23 23:24:48.554368+00:00
[2022-08-23 23:24:51,742] {standard_task_runner.py:52} INFO - Started process 87 to run task
[2022-08-23 23:24:51,745] {standard_task_runner.py:79} INFO - Running: ['***', 'tasks', 'run', 'raizen_lab_01', 'insere_dados_na_tabela', 'manual__2022-08-23T23:24:48.554368+00:00', '--job-id', '9505', '--raw', '--subdir', 'DAGS_FOLDER/raizen_lab_01.py', '--cfg-path', '/tmp/tmpob055egh', '--error-file', '/tmp/tmpjqmvkmey']
[2022-08-23 23:24:51,746] {standard_task_runner.py:80} INFO - Job 9505: Subtask insere_dados_na_tabela
[2022-08-23 23:24:51,804] {task_command.py:371} INFO - Running <TaskInstance: raizen_lab_01.insere_dados_na_tabela manual__2022-08-23T23:24:48.554368+00:00 [running]> on host 25dd15f8d678
[2022-08-23 23:24:51,869] {taskinstance.py:1591} INFO - Exporting the following env vars:
AIRFLOW_CTX_DAG_OWNER=admin
AIRFLOW_CTX_DAG_ID=raizen_lab_01
AIRFLOW_CTX_TASK_ID=insere_dados_na_tabela
AIRFLOW_CTX_EXECUTION_DATE=2022-08-23T23:24:48.554368+00:00
AIRFLOW_CTX_TRY_NUMBER=1
AIRFLOW_CTX_DAG_RUN_ID=manual__2022-08-23T23:24:48.554368+00:00
[2022-08-23 23:24:51,938] {logging_mixin.py:115} INFO - TABELA CRIADA
[2022-08-23 23:24:51,939] {python.py:173} INFO - Done. Returned value was: None
[2022-08-23 23:24:51,952] {taskinstance.py:1420} INFO - Marking task as SUCCESS. dag_id=raizen_lab_01, task_id=insere_dados_na_tabela, execution_date=20220823T232448, start_date=20220823T232451, end_date=20220823T232451
[2022-08-23 23:24:51,998] {local_task_job.py:156} INFO - Task exited with return code 0
[2022-08-23 23:24:52,032] {local_task_job.py:273} INFO - 1 downstream tasks scheduled from follow-on schedule check
