[2022-08-23 12:08:17,658] {taskinstance.py:1179} INFO - Dependencies all met for <TaskInstance: raizen_lab_01.sleep scheduled__2021-11-01T05:00:00+00:00 [queued]>
[2022-08-23 12:08:17,670] {taskinstance.py:1179} INFO - Dependencies all met for <TaskInstance: raizen_lab_01.sleep scheduled__2021-11-01T05:00:00+00:00 [queued]>
[2022-08-23 12:08:17,671] {taskinstance.py:1376} INFO - 
--------------------------------------------------------------------------------
[2022-08-23 12:08:17,671] {taskinstance.py:1377} INFO - Starting attempt 1 of 2
[2022-08-23 12:08:17,672] {taskinstance.py:1378} INFO - 
--------------------------------------------------------------------------------
[2022-08-23 12:08:17,692] {taskinstance.py:1397} INFO - Executing <Task(BashOperator): sleep> on 2021-11-01 05:00:00+00:00
[2022-08-23 12:08:17,699] {standard_task_runner.py:52} INFO - Started process 1751 to run task
[2022-08-23 12:08:17,702] {standard_task_runner.py:79} INFO - Running: ['***', 'tasks', 'run', 'raizen_lab_01', 'sleep', 'scheduled__2021-11-01T05:00:00+00:00', '--job-id', '3210', '--raw', '--subdir', 'DAGS_FOLDER/raizen_lab_01.py', '--cfg-path', '/tmp/tmpqwmdrkoz', '--error-file', '/tmp/tmp3tsmvaul']
[2022-08-23 12:08:17,702] {standard_task_runner.py:80} INFO - Job 3210: Subtask sleep
[2022-08-23 12:08:17,766] {task_command.py:371} INFO - Running <TaskInstance: raizen_lab_01.sleep scheduled__2021-11-01T05:00:00+00:00 [running]> on host 67b6bdae536e
[2022-08-23 12:08:17,845] {taskinstance.py:1591} INFO - Exporting the following env vars:
AIRFLOW_CTX_DAG_OWNER=admin
AIRFLOW_CTX_DAG_ID=raizen_lab_01
AIRFLOW_CTX_TASK_ID=sleep
AIRFLOW_CTX_EXECUTION_DATE=2021-11-01T05:00:00+00:00
AIRFLOW_CTX_TRY_NUMBER=1
AIRFLOW_CTX_DAG_RUN_ID=scheduled__2021-11-01T05:00:00+00:00
[2022-08-23 12:08:17,846] {subprocess.py:62} INFO - Tmp dir root location: 
 /tmp
[2022-08-23 12:08:17,846] {subprocess.py:74} INFO - Running command: ['bash', '-c', 'sleep 5']
[2022-08-23 12:08:17,857] {subprocess.py:85} INFO - Output:
[2022-08-23 12:08:22,860] {subprocess.py:96} INFO - Command exited with return code 0
[2022-08-23 12:08:22,886] {taskinstance.py:1420} INFO - Marking task as SUCCESS. dag_id=raizen_lab_01, task_id=sleep, execution_date=20211101T050000, start_date=20220823T120817, end_date=20220823T120822
[2022-08-23 12:08:22,927] {local_task_job.py:156} INFO - Task exited with return code 0
[2022-08-23 12:08:22,950] {local_task_job.py:273} INFO - 1 downstream tasks scheduled from follow-on schedule check
