[2022-08-23 13:14:44,805] {taskinstance.py:1179} INFO - Dependencies all met for <TaskInstance: raizen_lab_01.step_01 scheduled__2021-12-30T12:00:00+00:00 [queued]>
[2022-08-23 13:14:44,818] {taskinstance.py:1179} INFO - Dependencies all met for <TaskInstance: raizen_lab_01.step_01 scheduled__2021-12-30T12:00:00+00:00 [queued]>
[2022-08-23 13:14:44,819] {taskinstance.py:1376} INFO - 
--------------------------------------------------------------------------------
[2022-08-23 13:14:44,819] {taskinstance.py:1377} INFO - Starting attempt 1 of 2
[2022-08-23 13:14:44,820] {taskinstance.py:1378} INFO - 
--------------------------------------------------------------------------------
[2022-08-23 13:14:44,841] {taskinstance.py:1397} INFO - Executing <Task(BashOperator): step_01> on 2021-12-30 12:00:00+00:00
[2022-08-23 13:14:44,849] {standard_task_runner.py:52} INFO - Started process 627 to run task
[2022-08-23 13:14:44,853] {standard_task_runner.py:79} INFO - Running: ['***', 'tasks', 'run', 'raizen_lab_01', 'step_01', 'scheduled__2021-12-30T12:00:00+00:00', '--job-id', '7480', '--raw', '--subdir', 'DAGS_FOLDER/raizen_lab_01.py', '--cfg-path', '/tmp/tmpcdzsn87i', '--error-file', '/tmp/tmpjd8393w_']
[2022-08-23 13:14:44,855] {standard_task_runner.py:80} INFO - Job 7480: Subtask step_01
[2022-08-23 13:14:44,933] {task_command.py:371} INFO - Running <TaskInstance: raizen_lab_01.step_01 scheduled__2021-12-30T12:00:00+00:00 [running]> on host 94e929fe2c87
[2022-08-23 13:14:45,105] {taskinstance.py:1591} INFO - Exporting the following env vars:
AIRFLOW_CTX_DAG_OWNER=admin
AIRFLOW_CTX_DAG_ID=raizen_lab_01
AIRFLOW_CTX_TASK_ID=step_01
AIRFLOW_CTX_EXECUTION_DATE=2021-12-30T12:00:00+00:00
AIRFLOW_CTX_TRY_NUMBER=1
AIRFLOW_CTX_DAG_RUN_ID=scheduled__2021-12-30T12:00:00+00:00
[2022-08-23 13:14:45,107] {subprocess.py:62} INFO - Tmp dir root location: 
 /tmp
[2022-08-23 13:14:45,108] {subprocess.py:74} INFO - Running command: ['bash', '-c', 'echo "hello"']
[2022-08-23 13:14:45,135] {subprocess.py:85} INFO - Output:
[2022-08-23 13:14:45,136] {subprocess.py:92} INFO - hello
[2022-08-23 13:14:45,137] {subprocess.py:96} INFO - Command exited with return code 0
[2022-08-23 13:14:45,184] {taskinstance.py:1420} INFO - Marking task as SUCCESS. dag_id=raizen_lab_01, task_id=step_01, execution_date=20211230T120000, start_date=20220823T131444, end_date=20220823T131445
[2022-08-23 13:14:45,225] {local_task_job.py:156} INFO - Task exited with return code 0
[2022-08-23 13:14:45,281] {local_task_job.py:273} INFO - 1 downstream tasks scheduled from follow-on schedule check
