[2022-08-23 11:47:41,629] {taskinstance.py:1179} INFO - Dependencies all met for <TaskInstance: raizen_lab_01.sleep scheduled__2021-10-20T02:00:00+00:00 [queued]>
[2022-08-23 11:47:41,649] {taskinstance.py:1179} INFO - Dependencies all met for <TaskInstance: raizen_lab_01.sleep scheduled__2021-10-20T02:00:00+00:00 [queued]>
[2022-08-23 11:47:41,650] {taskinstance.py:1376} INFO - 
--------------------------------------------------------------------------------
[2022-08-23 11:47:41,650] {taskinstance.py:1377} INFO - Starting attempt 1 of 2
[2022-08-23 11:47:41,651] {taskinstance.py:1378} INFO - 
--------------------------------------------------------------------------------
[2022-08-23 11:47:41,684] {taskinstance.py:1397} INFO - Executing <Task(BashOperator): sleep> on 2021-10-20 02:00:00+00:00
[2022-08-23 11:47:41,692] {standard_task_runner.py:52} INFO - Started process 944 to run task
[2022-08-23 11:47:41,699] {standard_task_runner.py:79} INFO - Running: ['***', 'tasks', 'run', 'raizen_lab_01', 'sleep', 'scheduled__2021-10-20T02:00:00+00:00', '--job-id', '2327', '--raw', '--subdir', 'DAGS_FOLDER/raizen_lab_01.py', '--cfg-path', '/tmp/tmpq41y_ecz', '--error-file', '/tmp/tmp2vnk5u7v']
[2022-08-23 11:47:41,700] {standard_task_runner.py:80} INFO - Job 2327: Subtask sleep
[2022-08-23 11:47:41,839] {task_command.py:371} INFO - Running <TaskInstance: raizen_lab_01.sleep scheduled__2021-10-20T02:00:00+00:00 [running]> on host fc645605a611
[2022-08-23 11:47:42,034] {taskinstance.py:1591} INFO - Exporting the following env vars:
AIRFLOW_CTX_DAG_OWNER=admin
AIRFLOW_CTX_DAG_ID=raizen_lab_01
AIRFLOW_CTX_TASK_ID=sleep
AIRFLOW_CTX_EXECUTION_DATE=2021-10-20T02:00:00+00:00
AIRFLOW_CTX_TRY_NUMBER=1
AIRFLOW_CTX_DAG_RUN_ID=scheduled__2021-10-20T02:00:00+00:00
[2022-08-23 11:47:42,037] {subprocess.py:62} INFO - Tmp dir root location: 
 /tmp
[2022-08-23 11:47:42,039] {subprocess.py:74} INFO - Running command: ['bash', '-c', 'sleep 5']
[2022-08-23 11:47:42,060] {subprocess.py:85} INFO - Output:
[2022-08-23 11:47:47,065] {subprocess.py:96} INFO - Command exited with return code 0
[2022-08-23 11:47:47,144] {taskinstance.py:1420} INFO - Marking task as SUCCESS. dag_id=raizen_lab_01, task_id=sleep, execution_date=20211020T020000, start_date=20220823T114741, end_date=20220823T114747
[2022-08-23 11:47:47,200] {local_task_job.py:156} INFO - Task exited with return code 0
[2022-08-23 11:47:47,257] {local_task_job.py:273} INFO - 1 downstream tasks scheduled from follow-on schedule check
