[2022-08-23 11:27:48,870] {taskinstance.py:1179} INFO - Dependencies all met for <TaskInstance: raizen_lab_01.print_hello scheduled__2021-09-19T02:00:00+00:00 [queued]>
[2022-08-23 11:27:48,903] {taskinstance.py:1179} INFO - Dependencies all met for <TaskInstance: raizen_lab_01.print_hello scheduled__2021-09-19T02:00:00+00:00 [queued]>
[2022-08-23 11:27:48,904] {taskinstance.py:1376} INFO - 
--------------------------------------------------------------------------------
[2022-08-23 11:27:48,904] {taskinstance.py:1377} INFO - Starting attempt 1 of 2
[2022-08-23 11:27:48,905] {taskinstance.py:1378} INFO - 
--------------------------------------------------------------------------------
[2022-08-23 11:27:48,943] {taskinstance.py:1397} INFO - Executing <Task(BashOperator): print_hello> on 2021-09-19 02:00:00+00:00
[2022-08-23 11:27:48,957] {standard_task_runner.py:52} INFO - Started process 124 to run task
[2022-08-23 11:27:48,970] {standard_task_runner.py:79} INFO - Running: ['***', 'tasks', 'run', 'raizen_lab_01', 'print_hello', 'scheduled__2021-09-19T02:00:00+00:00', '--job-id', '75', '--raw', '--subdir', 'DAGS_FOLDER/raizen_lab_01.py', '--cfg-path', '/tmp/tmp79dk7917', '--error-file', '/tmp/tmp7h4twbsd']
[2022-08-23 11:27:48,971] {standard_task_runner.py:80} INFO - Job 75: Subtask print_hello
[2022-08-23 11:27:49,165] {task_command.py:371} INFO - Running <TaskInstance: raizen_lab_01.print_hello scheduled__2021-09-19T02:00:00+00:00 [running]> on host 7f48b7aaf0fc
[2022-08-23 11:27:49,352] {taskinstance.py:1591} INFO - Exporting the following env vars:
AIRFLOW_CTX_DAG_OWNER=admin
AIRFLOW_CTX_DAG_ID=raizen_lab_01
AIRFLOW_CTX_TASK_ID=print_hello
AIRFLOW_CTX_EXECUTION_DATE=2021-09-19T02:00:00+00:00
AIRFLOW_CTX_TRY_NUMBER=1
AIRFLOW_CTX_DAG_RUN_ID=scheduled__2021-09-19T02:00:00+00:00
[2022-08-23 11:27:49,360] {subprocess.py:62} INFO - Tmp dir root location: 
 /tmp
[2022-08-23 11:27:49,366] {subprocess.py:74} INFO - Running command: ['bash', '-c', 'echo "hello"']
[2022-08-23 11:27:49,403] {subprocess.py:85} INFO - Output:
[2022-08-23 11:27:49,406] {subprocess.py:92} INFO - hello
[2022-08-23 11:27:49,407] {subprocess.py:96} INFO - Command exited with return code 0
[2022-08-23 11:27:49,651] {taskinstance.py:1420} INFO - Marking task as SUCCESS. dag_id=raizen_lab_01, task_id=print_hello, execution_date=20210919T020000, start_date=20220823T112748, end_date=20220823T112749
[2022-08-23 11:27:49,703] {local_task_job.py:156} INFO - Task exited with return code 0
[2022-08-23 11:27:49,815] {local_task_job.py:273} INFO - 1 downstream tasks scheduled from follow-on schedule check
