[2022-08-23 12:07:29,461] {taskinstance.py:1179} INFO - Dependencies all met for <TaskInstance: raizen_lab_01.print_hello scheduled__2021-10-30T04:00:00+00:00 [queued]>
[2022-08-23 12:07:29,470] {taskinstance.py:1179} INFO - Dependencies all met for <TaskInstance: raizen_lab_01.print_hello scheduled__2021-10-30T04:00:00+00:00 [queued]>
[2022-08-23 12:07:29,470] {taskinstance.py:1376} INFO - 
--------------------------------------------------------------------------------
[2022-08-23 12:07:29,470] {taskinstance.py:1377} INFO - Starting attempt 1 of 2
[2022-08-23 12:07:29,471] {taskinstance.py:1378} INFO - 
--------------------------------------------------------------------------------
[2022-08-23 12:07:29,484] {taskinstance.py:1397} INFO - Executing <Task(BashOperator): print_hello> on 2021-10-30 04:00:00+00:00
[2022-08-23 12:07:29,488] {standard_task_runner.py:52} INFO - Started process 1278 to run task
[2022-08-23 12:07:29,492] {standard_task_runner.py:79} INFO - Running: ['***', 'tasks', 'run', 'raizen_lab_01', 'print_hello', 'scheduled__2021-10-30T04:00:00+00:00', '--job-id', '3045', '--raw', '--subdir', 'DAGS_FOLDER/raizen_lab_01.py', '--cfg-path', '/tmp/tmpx95x2bgl', '--error-file', '/tmp/tmpk25ckj6d']
[2022-08-23 12:07:29,492] {standard_task_runner.py:80} INFO - Job 3045: Subtask print_hello
[2022-08-23 12:07:29,552] {task_command.py:371} INFO - Running <TaskInstance: raizen_lab_01.print_hello scheduled__2021-10-30T04:00:00+00:00 [running]> on host 67b6bdae536e
[2022-08-23 12:07:29,620] {taskinstance.py:1591} INFO - Exporting the following env vars:
AIRFLOW_CTX_DAG_OWNER=admin
AIRFLOW_CTX_DAG_ID=raizen_lab_01
AIRFLOW_CTX_TASK_ID=print_hello
AIRFLOW_CTX_EXECUTION_DATE=2021-10-30T04:00:00+00:00
AIRFLOW_CTX_TRY_NUMBER=1
AIRFLOW_CTX_DAG_RUN_ID=scheduled__2021-10-30T04:00:00+00:00
[2022-08-23 12:07:29,622] {subprocess.py:62} INFO - Tmp dir root location: 
 /tmp
[2022-08-23 12:07:29,623] {subprocess.py:74} INFO - Running command: ['bash', '-c', 'echo "hello"']
[2022-08-23 12:07:29,633] {subprocess.py:85} INFO - Output:
[2022-08-23 12:07:29,634] {subprocess.py:92} INFO - hello
[2022-08-23 12:07:29,635] {subprocess.py:96} INFO - Command exited with return code 0
[2022-08-23 12:07:29,665] {taskinstance.py:1420} INFO - Marking task as SUCCESS. dag_id=raizen_lab_01, task_id=print_hello, execution_date=20211030T040000, start_date=20220823T120729, end_date=20220823T120729
[2022-08-23 12:07:29,703] {local_task_job.py:156} INFO - Task exited with return code 0
[2022-08-23 12:07:29,742] {local_task_job.py:273} INFO - 1 downstream tasks scheduled from follow-on schedule check
