[2022-08-23 12:26:39,863] {taskinstance.py:1179} INFO - Dependencies all met for <TaskInstance: raizen_lab_01.print_hello scheduled__2021-11-24T20:00:00+00:00 [queued]>
[2022-08-23 12:26:39,876] {taskinstance.py:1179} INFO - Dependencies all met for <TaskInstance: raizen_lab_01.print_hello scheduled__2021-11-24T20:00:00+00:00 [queued]>
[2022-08-23 12:26:39,877] {taskinstance.py:1376} INFO - 
--------------------------------------------------------------------------------
[2022-08-23 12:26:39,877] {taskinstance.py:1377} INFO - Starting attempt 1 of 2
[2022-08-23 12:26:39,877] {taskinstance.py:1378} INFO - 
--------------------------------------------------------------------------------
[2022-08-23 12:26:39,901] {taskinstance.py:1397} INFO - Executing <Task(BashOperator): print_hello> on 2021-11-24 20:00:00+00:00
[2022-08-23 12:26:39,910] {standard_task_runner.py:52} INFO - Started process 5348 to run task
[2022-08-23 12:26:39,914] {standard_task_runner.py:79} INFO - Running: ['***', 'tasks', 'run', 'raizen_lab_01', 'print_hello', 'scheduled__2021-11-24T20:00:00+00:00', '--job-id', '4903', '--raw', '--subdir', 'DAGS_FOLDER/raizen_lab_01.py', '--cfg-path', '/tmp/tmpqey146is', '--error-file', '/tmp/tmpcz5eofqu']
[2022-08-23 12:26:39,916] {standard_task_runner.py:80} INFO - Job 4903: Subtask print_hello
[2022-08-23 12:26:40,017] {task_command.py:371} INFO - Running <TaskInstance: raizen_lab_01.print_hello scheduled__2021-11-24T20:00:00+00:00 [running]> on host 6383a3236c72
[2022-08-23 12:26:40,138] {taskinstance.py:1591} INFO - Exporting the following env vars:
AIRFLOW_CTX_DAG_OWNER=admin
AIRFLOW_CTX_DAG_ID=raizen_lab_01
AIRFLOW_CTX_TASK_ID=print_hello
AIRFLOW_CTX_EXECUTION_DATE=2021-11-24T20:00:00+00:00
AIRFLOW_CTX_TRY_NUMBER=1
AIRFLOW_CTX_DAG_RUN_ID=scheduled__2021-11-24T20:00:00+00:00
[2022-08-23 12:26:40,142] {subprocess.py:62} INFO - Tmp dir root location: 
 /tmp
[2022-08-23 12:26:40,143] {subprocess.py:74} INFO - Running command: ['bash', '-c', 'echo "hello"']
[2022-08-23 12:26:40,163] {subprocess.py:85} INFO - Output:
[2022-08-23 12:26:40,165] {subprocess.py:92} INFO - hello
[2022-08-23 12:26:40,165] {subprocess.py:96} INFO - Command exited with return code 0
[2022-08-23 12:26:40,290] {taskinstance.py:1420} INFO - Marking task as SUCCESS. dag_id=raizen_lab_01, task_id=print_hello, execution_date=20211124T200000, start_date=20220823T122639, end_date=20220823T122640
[2022-08-23 12:26:40,327] {local_task_job.py:156} INFO - Task exited with return code 0
[2022-08-23 12:26:40,400] {local_task_job.py:273} INFO - 1 downstream tasks scheduled from follow-on schedule check
