[2022-08-23 12:26:09,277] {taskinstance.py:1179} INFO - Dependencies all met for <TaskInstance: raizen_lab_01.sleep scheduled__2021-11-23T11:00:00+00:00 [queued]>
[2022-08-23 12:26:09,289] {taskinstance.py:1179} INFO - Dependencies all met for <TaskInstance: raizen_lab_01.sleep scheduled__2021-11-23T11:00:00+00:00 [queued]>
[2022-08-23 12:26:09,289] {taskinstance.py:1376} INFO - 
--------------------------------------------------------------------------------
[2022-08-23 12:26:09,290] {taskinstance.py:1377} INFO - Starting attempt 1 of 2
[2022-08-23 12:26:09,290] {taskinstance.py:1378} INFO - 
--------------------------------------------------------------------------------
[2022-08-23 12:26:09,308] {taskinstance.py:1397} INFO - Executing <Task(BashOperator): sleep> on 2021-11-23 11:00:00+00:00
[2022-08-23 12:26:09,315] {standard_task_runner.py:52} INFO - Started process 5008 to run task
[2022-08-23 12:26:09,318] {standard_task_runner.py:79} INFO - Running: ['***', 'tasks', 'run', 'raizen_lab_01', 'sleep', 'scheduled__2021-11-23T11:00:00+00:00', '--job-id', '4816', '--raw', '--subdir', 'DAGS_FOLDER/raizen_lab_01.py', '--cfg-path', '/tmp/tmp9np54xo8', '--error-file', '/tmp/tmpiu14d8va']
[2022-08-23 12:26:09,320] {standard_task_runner.py:80} INFO - Job 4816: Subtask sleep
[2022-08-23 12:26:09,410] {task_command.py:371} INFO - Running <TaskInstance: raizen_lab_01.sleep scheduled__2021-11-23T11:00:00+00:00 [running]> on host 6383a3236c72
[2022-08-23 12:26:09,508] {taskinstance.py:1591} INFO - Exporting the following env vars:
AIRFLOW_CTX_DAG_OWNER=admin
AIRFLOW_CTX_DAG_ID=raizen_lab_01
AIRFLOW_CTX_TASK_ID=sleep
AIRFLOW_CTX_EXECUTION_DATE=2021-11-23T11:00:00+00:00
AIRFLOW_CTX_TRY_NUMBER=1
AIRFLOW_CTX_DAG_RUN_ID=scheduled__2021-11-23T11:00:00+00:00
[2022-08-23 12:26:09,509] {subprocess.py:62} INFO - Tmp dir root location: 
 /tmp
[2022-08-23 12:26:09,510] {subprocess.py:74} INFO - Running command: ['bash', '-c', 'sleep 5']
[2022-08-23 12:26:09,525] {subprocess.py:85} INFO - Output:
[2022-08-23 12:26:14,529] {subprocess.py:96} INFO - Command exited with return code 0
[2022-08-23 12:26:14,657] {taskinstance.py:1420} INFO - Marking task as SUCCESS. dag_id=raizen_lab_01, task_id=sleep, execution_date=20211123T110000, start_date=20220823T122609, end_date=20220823T122614
[2022-08-23 12:26:14,707] {local_task_job.py:156} INFO - Task exited with return code 0
[2022-08-23 12:26:14,760] {local_task_job.py:273} INFO - 1 downstream tasks scheduled from follow-on schedule check
