[2022-08-23 12:06:11,672] {taskinstance.py:1179} INFO - Dependencies all met for <TaskInstance: raizen_lab_01.print_world scheduled__2021-10-25T15:00:00+00:00 [queued]>
[2022-08-23 12:06:11,688] {taskinstance.py:1179} INFO - Dependencies all met for <TaskInstance: raizen_lab_01.print_world scheduled__2021-10-25T15:00:00+00:00 [queued]>
[2022-08-23 12:06:11,689] {taskinstance.py:1376} INFO - 
--------------------------------------------------------------------------------
[2022-08-23 12:06:11,689] {taskinstance.py:1377} INFO - Starting attempt 1 of 2
[2022-08-23 12:06:11,690] {taskinstance.py:1378} INFO - 
--------------------------------------------------------------------------------
[2022-08-23 12:06:11,713] {taskinstance.py:1397} INFO - Executing <Task(PythonOperator): print_world> on 2021-10-25 15:00:00+00:00
[2022-08-23 12:06:11,719] {standard_task_runner.py:52} INFO - Started process 479 to run task
[2022-08-23 12:06:11,724] {standard_task_runner.py:79} INFO - Running: ['***', 'tasks', 'run', 'raizen_lab_01', 'print_world', 'scheduled__2021-10-25T15:00:00+00:00', '--job-id', '2764', '--raw', '--subdir', 'DAGS_FOLDER/raizen_lab_01.py', '--cfg-path', '/tmp/tmp_6x8s5aj', '--error-file', '/tmp/tmp_l73xlj6']
[2022-08-23 12:06:11,725] {standard_task_runner.py:80} INFO - Job 2764: Subtask print_world
[2022-08-23 12:06:11,813] {task_command.py:371} INFO - Running <TaskInstance: raizen_lab_01.print_world scheduled__2021-10-25T15:00:00+00:00 [running]> on host 67b6bdae536e
[2022-08-23 12:06:11,894] {taskinstance.py:1591} INFO - Exporting the following env vars:
AIRFLOW_CTX_DAG_OWNER=admin
AIRFLOW_CTX_DAG_ID=raizen_lab_01
AIRFLOW_CTX_TASK_ID=print_world
AIRFLOW_CTX_EXECUTION_DATE=2021-10-25T15:00:00+00:00
AIRFLOW_CTX_TRY_NUMBER=1
AIRFLOW_CTX_DAG_RUN_ID=scheduled__2021-10-25T15:00:00+00:00
[2022-08-23 12:06:11,895] {logging_mixin.py:115} INFO - world
[2022-08-23 12:06:11,897] {python.py:173} INFO - Done. Returned value was: None
[2022-08-23 12:06:11,912] {taskinstance.py:1420} INFO - Marking task as SUCCESS. dag_id=raizen_lab_01, task_id=print_world, execution_date=20211025T150000, start_date=20220823T120611, end_date=20220823T120611
[2022-08-23 12:06:11,937] {local_task_job.py:156} INFO - Task exited with return code 0
[2022-08-23 12:06:11,975] {local_task_job.py:273} INFO - 0 downstream tasks scheduled from follow-on schedule check
