[2022-08-23 12:20:22,982] {taskinstance.py:1179} INFO - Dependencies all met for <TaskInstance: raizen_lab_01.sleep scheduled__2021-11-08T16:00:00+00:00 [queued]>
[2022-08-23 12:20:22,995] {taskinstance.py:1179} INFO - Dependencies all met for <TaskInstance: raizen_lab_01.sleep scheduled__2021-11-08T16:00:00+00:00 [queued]>
[2022-08-23 12:20:22,996] {taskinstance.py:1376} INFO - 
--------------------------------------------------------------------------------
[2022-08-23 12:20:22,996] {taskinstance.py:1377} INFO - Starting attempt 1 of 2
[2022-08-23 12:20:22,997] {taskinstance.py:1378} INFO - 
--------------------------------------------------------------------------------
[2022-08-23 12:20:23,012] {taskinstance.py:1397} INFO - Executing <Task(BashOperator): sleep> on 2021-11-08 16:00:00+00:00
[2022-08-23 12:20:23,026] {standard_task_runner.py:52} INFO - Started process 858 to run task
[2022-08-23 12:20:23,032] {standard_task_runner.py:79} INFO - Running: ['***', 'tasks', 'run', 'raizen_lab_01', 'sleep', 'scheduled__2021-11-08T16:00:00+00:00', '--job-id', '3756', '--raw', '--subdir', 'DAGS_FOLDER/raizen_lab_01.py', '--cfg-path', '/tmp/tmpfr64i9_z', '--error-file', '/tmp/tmpr2_dm9h5']
[2022-08-23 12:20:23,034] {standard_task_runner.py:80} INFO - Job 3756: Subtask sleep
[2022-08-23 12:20:23,165] {task_command.py:371} INFO - Running <TaskInstance: raizen_lab_01.sleep scheduled__2021-11-08T16:00:00+00:00 [running]> on host 6383a3236c72
[2022-08-23 12:20:23,283] {taskinstance.py:1591} INFO - Exporting the following env vars:
AIRFLOW_CTX_DAG_OWNER=admin
AIRFLOW_CTX_DAG_ID=raizen_lab_01
AIRFLOW_CTX_TASK_ID=sleep
AIRFLOW_CTX_EXECUTION_DATE=2021-11-08T16:00:00+00:00
AIRFLOW_CTX_TRY_NUMBER=1
AIRFLOW_CTX_DAG_RUN_ID=scheduled__2021-11-08T16:00:00+00:00
[2022-08-23 12:20:23,285] {subprocess.py:62} INFO - Tmp dir root location: 
 /tmp
[2022-08-23 12:20:23,286] {subprocess.py:74} INFO - Running command: ['bash', '-c', 'sleep 5']
[2022-08-23 12:20:23,300] {subprocess.py:85} INFO - Output:
[2022-08-23 12:20:28,303] {subprocess.py:96} INFO - Command exited with return code 0
[2022-08-23 12:20:28,335] {taskinstance.py:1420} INFO - Marking task as SUCCESS. dag_id=raizen_lab_01, task_id=sleep, execution_date=20211108T160000, start_date=20220823T122022, end_date=20220823T122028
[2022-08-23 12:20:28,388] {local_task_job.py:156} INFO - Task exited with return code 0
[2022-08-23 12:20:28,422] {local_task_job.py:273} INFO - 1 downstream tasks scheduled from follow-on schedule check
