[2022-08-23 12:27:24,578] {taskinstance.py:1179} INFO - Dependencies all met for <TaskInstance: raizen_lab_01.print_hello scheduled__2021-11-26T17:00:00+00:00 [queued]>
[2022-08-23 12:27:24,590] {taskinstance.py:1179} INFO - Dependencies all met for <TaskInstance: raizen_lab_01.print_hello scheduled__2021-11-26T17:00:00+00:00 [queued]>
[2022-08-23 12:27:24,590] {taskinstance.py:1376} INFO - 
--------------------------------------------------------------------------------
[2022-08-23 12:27:24,590] {taskinstance.py:1377} INFO - Starting attempt 1 of 2
[2022-08-23 12:27:24,608] {taskinstance.py:1378} INFO - 
--------------------------------------------------------------------------------
[2022-08-23 12:27:24,722] {taskinstance.py:1397} INFO - Executing <Task(BashOperator): print_hello> on 2021-11-26 17:00:00+00:00
[2022-08-23 12:27:24,728] {standard_task_runner.py:52} INFO - Started process 5887 to run task
[2022-08-23 12:27:24,731] {standard_task_runner.py:79} INFO - Running: ['***', 'tasks', 'run', 'raizen_lab_01', 'print_hello', 'scheduled__2021-11-26T17:00:00+00:00', '--job-id', '5042', '--raw', '--subdir', 'DAGS_FOLDER/raizen_lab_01.py', '--cfg-path', '/tmp/tmp8xiwmeem', '--error-file', '/tmp/tmpywh7dpaz']
[2022-08-23 12:27:24,733] {standard_task_runner.py:80} INFO - Job 5042: Subtask print_hello
[2022-08-23 12:27:24,896] {task_command.py:371} INFO - Running <TaskInstance: raizen_lab_01.print_hello scheduled__2021-11-26T17:00:00+00:00 [running]> on host 6383a3236c72
[2022-08-23 12:27:25,209] {taskinstance.py:1591} INFO - Exporting the following env vars:
AIRFLOW_CTX_DAG_OWNER=admin
AIRFLOW_CTX_DAG_ID=raizen_lab_01
AIRFLOW_CTX_TASK_ID=print_hello
AIRFLOW_CTX_EXECUTION_DATE=2021-11-26T17:00:00+00:00
AIRFLOW_CTX_TRY_NUMBER=1
AIRFLOW_CTX_DAG_RUN_ID=scheduled__2021-11-26T17:00:00+00:00
[2022-08-23 12:27:25,211] {subprocess.py:62} INFO - Tmp dir root location: 
 /tmp
[2022-08-23 12:27:25,211] {subprocess.py:74} INFO - Running command: ['bash', '-c', 'echo "hello"']
[2022-08-23 12:27:25,225] {subprocess.py:85} INFO - Output:
[2022-08-23 12:27:25,227] {subprocess.py:92} INFO - hello
[2022-08-23 12:27:25,227] {subprocess.py:96} INFO - Command exited with return code 0
[2022-08-23 12:27:25,332] {taskinstance.py:1420} INFO - Marking task as SUCCESS. dag_id=raizen_lab_01, task_id=print_hello, execution_date=20211126T170000, start_date=20220823T122724, end_date=20220823T122725
[2022-08-23 12:27:25,465] {local_task_job.py:156} INFO - Task exited with return code 0
[2022-08-23 12:27:25,644] {local_task_job.py:273} INFO - 0 downstream tasks scheduled from follow-on schedule check
