[2022-08-23 20:04:01,372] {taskinstance.py:1179} INFO - Dependencies all met for <TaskInstance: raizen_lab_01.step_01 scheduled__2022-08-23T19:00:00+00:00 [queued]>
[2022-08-23 20:04:01,389] {taskinstance.py:1179} INFO - Dependencies all met for <TaskInstance: raizen_lab_01.step_01 scheduled__2022-08-23T19:00:00+00:00 [queued]>
[2022-08-23 20:04:01,390] {taskinstance.py:1376} INFO - 
--------------------------------------------------------------------------------
[2022-08-23 20:04:01,391] {taskinstance.py:1377} INFO - Starting attempt 1 of 2
[2022-08-23 20:04:01,396] {taskinstance.py:1378} INFO - 
--------------------------------------------------------------------------------
[2022-08-23 20:04:01,428] {taskinstance.py:1397} INFO - Executing <Task(BashOperator): step_01> on 2022-08-23 19:00:00+00:00
[2022-08-23 20:04:01,438] {standard_task_runner.py:52} INFO - Started process 311 to run task
[2022-08-23 20:04:01,445] {standard_task_runner.py:79} INFO - Running: ['***', 'tasks', 'run', 'raizen_lab_01', 'step_01', 'scheduled__2022-08-23T19:00:00+00:00', '--job-id', '9383', '--raw', '--subdir', 'DAGS_FOLDER/raizen_lab_01.py', '--cfg-path', '/tmp/tmpvrrw_i4d', '--error-file', '/tmp/tmp63y_67aj']
[2022-08-23 20:04:01,448] {standard_task_runner.py:80} INFO - Job 9383: Subtask step_01
[2022-08-23 20:04:01,577] {task_command.py:371} INFO - Running <TaskInstance: raizen_lab_01.step_01 scheduled__2022-08-23T19:00:00+00:00 [running]> on host 80fce776ee1f
[2022-08-23 20:04:01,755] {taskinstance.py:1591} INFO - Exporting the following env vars:
AIRFLOW_CTX_DAG_OWNER=admin
AIRFLOW_CTX_DAG_ID=raizen_lab_01
AIRFLOW_CTX_TASK_ID=step_01
AIRFLOW_CTX_EXECUTION_DATE=2022-08-23T19:00:00+00:00
AIRFLOW_CTX_TRY_NUMBER=1
AIRFLOW_CTX_DAG_RUN_ID=scheduled__2022-08-23T19:00:00+00:00
[2022-08-23 20:04:01,758] {subprocess.py:62} INFO - Tmp dir root location: 
 /tmp
[2022-08-23 20:04:01,760] {subprocess.py:74} INFO - Running command: ['bash', '-c', 'echo "hello"']
[2022-08-23 20:04:01,783] {subprocess.py:85} INFO - Output:
[2022-08-23 20:04:01,787] {subprocess.py:92} INFO - hello
[2022-08-23 20:04:01,830] {subprocess.py:96} INFO - Command exited with return code 0
[2022-08-23 20:04:01,884] {taskinstance.py:1420} INFO - Marking task as SUCCESS. dag_id=raizen_lab_01, task_id=step_01, execution_date=20220823T190000, start_date=20220823T200401, end_date=20220823T200401
[2022-08-23 20:04:01,940] {local_task_job.py:156} INFO - Task exited with return code 0
[2022-08-23 20:04:01,998] {local_task_job.py:273} INFO - 0 downstream tasks scheduled from follow-on schedule check
