[2022-08-23 11:30:08,718] {taskinstance.py:1179} INFO - Dependencies all met for <TaskInstance: raizen_lab_01.sleep scheduled__2021-09-24T03:00:00+00:00 [queued]>
[2022-08-23 11:30:08,735] {taskinstance.py:1179} INFO - Dependencies all met for <TaskInstance: raizen_lab_01.sleep scheduled__2021-09-24T03:00:00+00:00 [queued]>
[2022-08-23 11:30:08,736] {taskinstance.py:1376} INFO - 
--------------------------------------------------------------------------------
[2022-08-23 11:30:08,737] {taskinstance.py:1377} INFO - Starting attempt 1 of 2
[2022-08-23 11:30:08,737] {taskinstance.py:1378} INFO - 
--------------------------------------------------------------------------------
[2022-08-23 11:30:08,765] {taskinstance.py:1397} INFO - Executing <Task(BashOperator): sleep> on 2021-09-24 03:00:00+00:00
[2022-08-23 11:30:08,774] {standard_task_runner.py:52} INFO - Started process 1235 to run task
[2022-08-23 11:30:08,780] {standard_task_runner.py:79} INFO - Running: ['***', 'tasks', 'run', 'raizen_lab_01', 'sleep', 'scheduled__2021-09-24T03:00:00+00:00', '--job-id', '456', '--raw', '--subdir', 'DAGS_FOLDER/raizen_lab_01.py', '--cfg-path', '/tmp/tmpzuche80o', '--error-file', '/tmp/tmpt8tfa74p']
[2022-08-23 11:30:08,781] {standard_task_runner.py:80} INFO - Job 456: Subtask sleep
[2022-08-23 11:30:08,907] {task_command.py:371} INFO - Running <TaskInstance: raizen_lab_01.sleep scheduled__2021-09-24T03:00:00+00:00 [running]> on host 7f48b7aaf0fc
[2022-08-23 11:30:09,031] {taskinstance.py:1591} INFO - Exporting the following env vars:
AIRFLOW_CTX_DAG_OWNER=admin
AIRFLOW_CTX_DAG_ID=raizen_lab_01
AIRFLOW_CTX_TASK_ID=sleep
AIRFLOW_CTX_EXECUTION_DATE=2021-09-24T03:00:00+00:00
AIRFLOW_CTX_TRY_NUMBER=1
AIRFLOW_CTX_DAG_RUN_ID=scheduled__2021-09-24T03:00:00+00:00
[2022-08-23 11:30:09,033] {subprocess.py:62} INFO - Tmp dir root location: 
 /tmp
[2022-08-23 11:30:09,035] {subprocess.py:74} INFO - Running command: ['bash', '-c', 'sleep 5']
[2022-08-23 11:30:09,057] {subprocess.py:85} INFO - Output:
[2022-08-23 11:30:14,063] {subprocess.py:96} INFO - Command exited with return code 0
[2022-08-23 11:30:14,323] {taskinstance.py:1420} INFO - Marking task as SUCCESS. dag_id=raizen_lab_01, task_id=sleep, execution_date=20210924T030000, start_date=20220823T113008, end_date=20220823T113014
[2022-08-23 11:30:14,366] {local_task_job.py:156} INFO - Task exited with return code 0
[2022-08-23 11:30:14,426] {local_task_job.py:273} INFO - 1 downstream tasks scheduled from follow-on schedule check
