[2022-08-23 20:03:47,067] {taskinstance.py:1179} INFO - Dependencies all met for <TaskInstance: raizen_lab_01.step_01 scheduled__2022-01-27T23:00:00+00:00 [queued]>
[2022-08-23 20:03:47,103] {taskinstance.py:1179} INFO - Dependencies all met for <TaskInstance: raizen_lab_01.step_01 scheduled__2022-01-27T23:00:00+00:00 [queued]>
[2022-08-23 20:03:47,107] {taskinstance.py:1376} INFO - 
--------------------------------------------------------------------------------
[2022-08-23 20:03:47,110] {taskinstance.py:1377} INFO - Starting attempt 1 of 2
[2022-08-23 20:03:47,111] {taskinstance.py:1378} INFO - 
--------------------------------------------------------------------------------
[2022-08-23 20:03:47,147] {taskinstance.py:1397} INFO - Executing <Task(BashOperator): step_01> on 2022-01-27 23:00:00+00:00
[2022-08-23 20:03:47,157] {standard_task_runner.py:52} INFO - Started process 260 to run task
[2022-08-23 20:03:47,166] {standard_task_runner.py:79} INFO - Running: ['***', 'tasks', 'run', 'raizen_lab_01', 'step_01', 'scheduled__2022-01-27T23:00:00+00:00', '--job-id', '9371', '--raw', '--subdir', 'DAGS_FOLDER/raizen_lab_01.py', '--cfg-path', '/tmp/tmprxva_5n4', '--error-file', '/tmp/tmpu6w_uqlp']
[2022-08-23 20:03:47,169] {standard_task_runner.py:80} INFO - Job 9371: Subtask step_01
[2022-08-23 20:03:47,443] {task_command.py:371} INFO - Running <TaskInstance: raizen_lab_01.step_01 scheduled__2022-01-27T23:00:00+00:00 [running]> on host 80fce776ee1f
[2022-08-23 20:03:47,666] {taskinstance.py:1591} INFO - Exporting the following env vars:
AIRFLOW_CTX_DAG_OWNER=admin
AIRFLOW_CTX_DAG_ID=raizen_lab_01
AIRFLOW_CTX_TASK_ID=step_01
AIRFLOW_CTX_EXECUTION_DATE=2022-01-27T23:00:00+00:00
AIRFLOW_CTX_TRY_NUMBER=1
AIRFLOW_CTX_DAG_RUN_ID=scheduled__2022-01-27T23:00:00+00:00
[2022-08-23 20:03:47,669] {subprocess.py:62} INFO - Tmp dir root location: 
 /tmp
[2022-08-23 20:03:47,673] {subprocess.py:74} INFO - Running command: ['bash', '-c', 'echo "hello"']
[2022-08-23 20:03:47,701] {subprocess.py:85} INFO - Output:
[2022-08-23 20:03:47,706] {subprocess.py:92} INFO - hello
[2022-08-23 20:03:47,707] {subprocess.py:96} INFO - Command exited with return code 0
[2022-08-23 20:03:47,905] {taskinstance.py:1420} INFO - Marking task as SUCCESS. dag_id=raizen_lab_01, task_id=step_01, execution_date=20220127T230000, start_date=20220823T200347, end_date=20220823T200347
[2022-08-23 20:03:47,976] {local_task_job.py:156} INFO - Task exited with return code 0
[2022-08-23 20:03:48,107] {local_task_job.py:273} INFO - 0 downstream tasks scheduled from follow-on schedule check
