[2022-08-23 12:34:24,923] {taskinstance.py:1179} INFO - Dependencies all met for <TaskInstance: raizen_lab_01.sleep scheduled__2021-12-15T10:00:00+00:00 [queued]>
[2022-08-23 12:34:24,933] {taskinstance.py:1179} INFO - Dependencies all met for <TaskInstance: raizen_lab_01.sleep scheduled__2021-12-15T10:00:00+00:00 [queued]>
[2022-08-23 12:34:24,934] {taskinstance.py:1376} INFO - 
--------------------------------------------------------------------------------
[2022-08-23 12:34:24,934] {taskinstance.py:1377} INFO - Starting attempt 1 of 2
[2022-08-23 12:34:24,934] {taskinstance.py:1378} INFO - 
--------------------------------------------------------------------------------
[2022-08-23 12:34:24,949] {taskinstance.py:1397} INFO - Executing <Task(BashOperator): sleep> on 2021-12-15 10:00:00+00:00
[2022-08-23 12:34:24,956] {standard_task_runner.py:52} INFO - Started process 11195 to run task
[2022-08-23 12:34:24,958] {standard_task_runner.py:79} INFO - Running: ['***', 'tasks', 'run', 'raizen_lab_01', 'sleep', 'scheduled__2021-12-15T10:00:00+00:00', '--job-id', '6400', '--raw', '--subdir', 'DAGS_FOLDER/raizen_lab_01.py', '--cfg-path', '/tmp/tmparkxuqq0', '--error-file', '/tmp/tmpyefpuury']
[2022-08-23 12:34:24,960] {standard_task_runner.py:80} INFO - Job 6400: Subtask sleep
[2022-08-23 12:34:25,038] {task_command.py:371} INFO - Running <TaskInstance: raizen_lab_01.sleep scheduled__2021-12-15T10:00:00+00:00 [running]> on host 6383a3236c72
[2022-08-23 12:34:25,121] {taskinstance.py:1591} INFO - Exporting the following env vars:
AIRFLOW_CTX_DAG_OWNER=admin
AIRFLOW_CTX_DAG_ID=raizen_lab_01
AIRFLOW_CTX_TASK_ID=sleep
AIRFLOW_CTX_EXECUTION_DATE=2021-12-15T10:00:00+00:00
AIRFLOW_CTX_TRY_NUMBER=1
AIRFLOW_CTX_DAG_RUN_ID=scheduled__2021-12-15T10:00:00+00:00
[2022-08-23 12:34:25,123] {subprocess.py:62} INFO - Tmp dir root location: 
 /tmp
[2022-08-23 12:34:25,124] {subprocess.py:74} INFO - Running command: ['bash', '-c', 'sleep 5']
[2022-08-23 12:34:25,141] {subprocess.py:85} INFO - Output:
[2022-08-23 12:34:30,144] {subprocess.py:96} INFO - Command exited with return code 0
[2022-08-23 12:34:30,175] {taskinstance.py:1420} INFO - Marking task as SUCCESS. dag_id=raizen_lab_01, task_id=sleep, execution_date=20211215T100000, start_date=20220823T123424, end_date=20220823T123430
[2022-08-23 12:34:30,195] {local_task_job.py:156} INFO - Task exited with return code 0
[2022-08-23 12:34:30,222] {local_task_job.py:273} INFO - 1 downstream tasks scheduled from follow-on schedule check
