[2022-08-23 11:27:50,228] {taskinstance.py:1179} INFO - Dependencies all met for <TaskInstance: raizen_lab_01.sleep scheduled__2021-09-19T00:00:00+00:00 [queued]>
[2022-08-23 11:27:50,255] {taskinstance.py:1179} INFO - Dependencies all met for <TaskInstance: raizen_lab_01.sleep scheduled__2021-09-19T00:00:00+00:00 [queued]>
[2022-08-23 11:27:50,256] {taskinstance.py:1376} INFO - 
--------------------------------------------------------------------------------
[2022-08-23 11:27:50,256] {taskinstance.py:1377} INFO - Starting attempt 1 of 2
[2022-08-23 11:27:50,257] {taskinstance.py:1378} INFO - 
--------------------------------------------------------------------------------
[2022-08-23 11:27:50,288] {taskinstance.py:1397} INFO - Executing <Task(BashOperator): sleep> on 2021-09-19 00:00:00+00:00
[2022-08-23 11:27:50,298] {standard_task_runner.py:52} INFO - Started process 139 to run task
[2022-08-23 11:27:50,308] {standard_task_runner.py:79} INFO - Running: ['***', 'tasks', 'run', 'raizen_lab_01', 'sleep', 'scheduled__2021-09-19T00:00:00+00:00', '--job-id', '81', '--raw', '--subdir', 'DAGS_FOLDER/raizen_lab_01.py', '--cfg-path', '/tmp/tmp3ywq087z', '--error-file', '/tmp/tmpcgll6vhx']
[2022-08-23 11:27:50,310] {standard_task_runner.py:80} INFO - Job 81: Subtask sleep
[2022-08-23 11:27:50,469] {task_command.py:371} INFO - Running <TaskInstance: raizen_lab_01.sleep scheduled__2021-09-19T00:00:00+00:00 [running]> on host 7f48b7aaf0fc
[2022-08-23 11:27:50,601] {taskinstance.py:1591} INFO - Exporting the following env vars:
AIRFLOW_CTX_DAG_OWNER=admin
AIRFLOW_CTX_DAG_ID=raizen_lab_01
AIRFLOW_CTX_TASK_ID=sleep
AIRFLOW_CTX_EXECUTION_DATE=2021-09-19T00:00:00+00:00
AIRFLOW_CTX_TRY_NUMBER=1
AIRFLOW_CTX_DAG_RUN_ID=scheduled__2021-09-19T00:00:00+00:00
[2022-08-23 11:27:50,603] {subprocess.py:62} INFO - Tmp dir root location: 
 /tmp
[2022-08-23 11:27:50,604] {subprocess.py:74} INFO - Running command: ['bash', '-c', 'sleep 5']
[2022-08-23 11:27:50,621] {subprocess.py:85} INFO - Output:
[2022-08-23 11:27:55,625] {subprocess.py:96} INFO - Command exited with return code 0
[2022-08-23 11:27:55,753] {taskinstance.py:1420} INFO - Marking task as SUCCESS. dag_id=raizen_lab_01, task_id=sleep, execution_date=20210919T000000, start_date=20220823T112750, end_date=20220823T112755
[2022-08-23 11:27:55,825] {local_task_job.py:156} INFO - Task exited with return code 0
[2022-08-23 11:27:55,967] {local_task_job.py:273} INFO - 1 downstream tasks scheduled from follow-on schedule check
