[2022-08-23 19:47:09,963] {taskinstance.py:1179} INFO - Dependencies all met for <TaskInstance: raizen_lab_01.sleep scheduled__2022-01-27T14:00:00+00:00 [queued]>
[2022-08-23 19:47:09,980] {taskinstance.py:1179} INFO - Dependencies all met for <TaskInstance: raizen_lab_01.sleep scheduled__2022-01-27T14:00:00+00:00 [queued]>
[2022-08-23 19:47:09,980] {taskinstance.py:1376} INFO - 
--------------------------------------------------------------------------------
[2022-08-23 19:47:09,981] {taskinstance.py:1377} INFO - Starting attempt 1 of 2
[2022-08-23 19:47:09,982] {taskinstance.py:1378} INFO - 
--------------------------------------------------------------------------------
[2022-08-23 19:47:10,004] {taskinstance.py:1397} INFO - Executing <Task(BashOperator): sleep> on 2022-01-27 14:00:00+00:00
[2022-08-23 19:47:10,012] {standard_task_runner.py:52} INFO - Started process 326 to run task
[2022-08-23 19:47:10,017] {standard_task_runner.py:79} INFO - Running: ['***', 'tasks', 'run', 'raizen_lab_01', 'sleep', 'scheduled__2022-01-27T14:00:00+00:00', '--job-id', '9304', '--raw', '--subdir', 'DAGS_FOLDER/raizen_lab_01.py', '--cfg-path', '/tmp/tmpah42u15b', '--error-file', '/tmp/tmplzy9iim5']
[2022-08-23 19:47:10,019] {standard_task_runner.py:80} INFO - Job 9304: Subtask sleep
[2022-08-23 19:47:10,138] {task_command.py:371} INFO - Running <TaskInstance: raizen_lab_01.sleep scheduled__2022-01-27T14:00:00+00:00 [running]> on host 80fce776ee1f
[2022-08-23 19:47:10,297] {taskinstance.py:1591} INFO - Exporting the following env vars:
AIRFLOW_CTX_DAG_OWNER=admin
AIRFLOW_CTX_DAG_ID=raizen_lab_01
AIRFLOW_CTX_TASK_ID=sleep
AIRFLOW_CTX_EXECUTION_DATE=2022-01-27T14:00:00+00:00
AIRFLOW_CTX_TRY_NUMBER=1
AIRFLOW_CTX_DAG_RUN_ID=scheduled__2022-01-27T14:00:00+00:00
[2022-08-23 19:47:10,300] {subprocess.py:62} INFO - Tmp dir root location: 
 /tmp
[2022-08-23 19:47:10,301] {subprocess.py:74} INFO - Running command: ['bash', '-c', 'sleep 5']
[2022-08-23 19:47:10,323] {subprocess.py:85} INFO - Output:
[2022-08-23 19:47:15,328] {subprocess.py:96} INFO - Command exited with return code 0
[2022-08-23 19:47:15,439] {taskinstance.py:1420} INFO - Marking task as SUCCESS. dag_id=raizen_lab_01, task_id=sleep, execution_date=20220127T140000, start_date=20220823T194709, end_date=20220823T194715
[2022-08-23 19:47:15,516] {local_task_job.py:156} INFO - Task exited with return code 0
[2022-08-23 19:47:15,566] {local_task_job.py:273} INFO - 1 downstream tasks scheduled from follow-on schedule check
