[2022-08-23 11:30:42,152] {taskinstance.py:1179} INFO - Dependencies all met for <TaskInstance: raizen_lab_01.sleep scheduled__2021-09-25T08:00:00+00:00 [queued]>
[2022-08-23 11:30:42,175] {taskinstance.py:1179} INFO - Dependencies all met for <TaskInstance: raizen_lab_01.sleep scheduled__2021-09-25T08:00:00+00:00 [queued]>
[2022-08-23 11:30:42,175] {taskinstance.py:1376} INFO - 
--------------------------------------------------------------------------------
[2022-08-23 11:30:42,176] {taskinstance.py:1377} INFO - Starting attempt 1 of 2
[2022-08-23 11:30:42,177] {taskinstance.py:1378} INFO - 
--------------------------------------------------------------------------------
[2022-08-23 11:30:42,202] {taskinstance.py:1397} INFO - Executing <Task(BashOperator): sleep> on 2021-09-25 08:00:00+00:00
[2022-08-23 11:30:42,211] {standard_task_runner.py:52} INFO - Started process 1510 to run task
[2022-08-23 11:30:42,215] {standard_task_runner.py:79} INFO - Running: ['***', 'tasks', 'run', 'raizen_lab_01', 'sleep', 'scheduled__2021-09-25T08:00:00+00:00', '--job-id', '549', '--raw', '--subdir', 'DAGS_FOLDER/raizen_lab_01.py', '--cfg-path', '/tmp/tmpjwi1ufb0', '--error-file', '/tmp/tmprtwoyx8i']
[2022-08-23 11:30:42,216] {standard_task_runner.py:80} INFO - Job 549: Subtask sleep
[2022-08-23 11:30:42,323] {task_command.py:371} INFO - Running <TaskInstance: raizen_lab_01.sleep scheduled__2021-09-25T08:00:00+00:00 [running]> on host 7f48b7aaf0fc
[2022-08-23 11:30:42,466] {taskinstance.py:1591} INFO - Exporting the following env vars:
AIRFLOW_CTX_DAG_OWNER=admin
AIRFLOW_CTX_DAG_ID=raizen_lab_01
AIRFLOW_CTX_TASK_ID=sleep
AIRFLOW_CTX_EXECUTION_DATE=2021-09-25T08:00:00+00:00
AIRFLOW_CTX_TRY_NUMBER=1
AIRFLOW_CTX_DAG_RUN_ID=scheduled__2021-09-25T08:00:00+00:00
[2022-08-23 11:30:42,469] {subprocess.py:62} INFO - Tmp dir root location: 
 /tmp
[2022-08-23 11:30:42,470] {subprocess.py:74} INFO - Running command: ['bash', '-c', 'sleep 5']
[2022-08-23 11:30:42,489] {subprocess.py:85} INFO - Output:
[2022-08-23 11:30:47,493] {subprocess.py:96} INFO - Command exited with return code 0
[2022-08-23 11:30:47,535] {taskinstance.py:1420} INFO - Marking task as SUCCESS. dag_id=raizen_lab_01, task_id=sleep, execution_date=20210925T080000, start_date=20220823T113042, end_date=20220823T113047
[2022-08-23 11:30:47,586] {local_task_job.py:156} INFO - Task exited with return code 0
[2022-08-23 11:30:47,633] {local_task_job.py:273} INFO - 1 downstream tasks scheduled from follow-on schedule check
