[2022-08-23 16:24:16,917] {taskinstance.py:1179} INFO - Dependencies all met for <TaskInstance: raizen_lab_01.step_01 scheduled__2022-01-05T16:00:00+00:00 [queued]>
[2022-08-23 16:24:16,952] {taskinstance.py:1179} INFO - Dependencies all met for <TaskInstance: raizen_lab_01.step_01 scheduled__2022-01-05T16:00:00+00:00 [queued]>
[2022-08-23 16:24:16,953] {taskinstance.py:1376} INFO - 
--------------------------------------------------------------------------------
[2022-08-23 16:24:16,954] {taskinstance.py:1377} INFO - Starting attempt 2 of 2
[2022-08-23 16:24:17,008] {taskinstance.py:1378} INFO - 
--------------------------------------------------------------------------------
[2022-08-23 16:24:17,211] {taskinstance.py:1397} INFO - Executing <Task(BashOperator): step_01> on 2022-01-05 16:00:00+00:00
[2022-08-23 16:24:17,226] {standard_task_runner.py:52} INFO - Started process 151 to run task
[2022-08-23 16:24:17,237] {standard_task_runner.py:79} INFO - Running: ['***', 'tasks', 'run', 'raizen_lab_01', 'step_01', 'scheduled__2022-01-05T16:00:00+00:00', '--job-id', '8154', '--raw', '--subdir', 'DAGS_FOLDER/raizen_lab_01.py', '--cfg-path', '/tmp/tmpyre5ak0s', '--error-file', '/tmp/tmp7kline5q']
[2022-08-23 16:24:17,240] {standard_task_runner.py:80} INFO - Job 8154: Subtask step_01
[2022-08-23 16:24:17,561] {task_command.py:371} INFO - Running <TaskInstance: raizen_lab_01.step_01 scheduled__2022-01-05T16:00:00+00:00 [running]> on host 76d65790b191
[2022-08-23 16:24:17,884] {taskinstance.py:1591} INFO - Exporting the following env vars:
AIRFLOW_CTX_DAG_OWNER=admin
AIRFLOW_CTX_DAG_ID=raizen_lab_01
AIRFLOW_CTX_TASK_ID=step_01
AIRFLOW_CTX_EXECUTION_DATE=2022-01-05T16:00:00+00:00
AIRFLOW_CTX_TRY_NUMBER=2
AIRFLOW_CTX_DAG_RUN_ID=scheduled__2022-01-05T16:00:00+00:00
[2022-08-23 16:24:17,886] {subprocess.py:62} INFO - Tmp dir root location: 
 /tmp
[2022-08-23 16:24:17,889] {subprocess.py:74} INFO - Running command: ['bash', '-c', 'echo "hello"']
[2022-08-23 16:24:17,914] {subprocess.py:85} INFO - Output:
[2022-08-23 16:24:17,920] {subprocess.py:92} INFO - hello
[2022-08-23 16:24:17,925] {subprocess.py:96} INFO - Command exited with return code 0
[2022-08-23 16:24:18,004] {taskinstance.py:1420} INFO - Marking task as SUCCESS. dag_id=raizen_lab_01, task_id=step_01, execution_date=20220105T160000, start_date=20220823T162416, end_date=20220823T162418
[2022-08-23 16:24:18,051] {local_task_job.py:156} INFO - Task exited with return code 0
[2022-08-23 16:24:18,122] {local_task_job.py:273} INFO - 0 downstream tasks scheduled from follow-on schedule check
