[2022-08-23 13:14:59,412] {taskinstance.py:1179} INFO - Dependencies all met for <TaskInstance: raizen_lab_01.step_01 scheduled__2021-12-31T00:00:00+00:00 [queued]>
[2022-08-23 13:14:59,424] {taskinstance.py:1179} INFO - Dependencies all met for <TaskInstance: raizen_lab_01.step_01 scheduled__2021-12-31T00:00:00+00:00 [queued]>
[2022-08-23 13:14:59,424] {taskinstance.py:1376} INFO - 
--------------------------------------------------------------------------------
[2022-08-23 13:14:59,425] {taskinstance.py:1377} INFO - Starting attempt 1 of 2
[2022-08-23 13:14:59,425] {taskinstance.py:1378} INFO - 
--------------------------------------------------------------------------------
[2022-08-23 13:14:59,444] {taskinstance.py:1397} INFO - Executing <Task(BashOperator): step_01> on 2021-12-31 00:00:00+00:00
[2022-08-23 13:14:59,451] {standard_task_runner.py:52} INFO - Started process 765 to run task
[2022-08-23 13:14:59,455] {standard_task_runner.py:79} INFO - Running: ['***', 'tasks', 'run', 'raizen_lab_01', 'step_01', 'scheduled__2021-12-31T00:00:00+00:00', '--job-id', '7518', '--raw', '--subdir', 'DAGS_FOLDER/raizen_lab_01.py', '--cfg-path', '/tmp/tmphsu9ycv9', '--error-file', '/tmp/tmpdzxsw8fx']
[2022-08-23 13:14:59,457] {standard_task_runner.py:80} INFO - Job 7518: Subtask step_01
[2022-08-23 13:14:59,538] {task_command.py:371} INFO - Running <TaskInstance: raizen_lab_01.step_01 scheduled__2021-12-31T00:00:00+00:00 [running]> on host 94e929fe2c87
[2022-08-23 13:14:59,626] {taskinstance.py:1591} INFO - Exporting the following env vars:
AIRFLOW_CTX_DAG_OWNER=admin
AIRFLOW_CTX_DAG_ID=raizen_lab_01
AIRFLOW_CTX_TASK_ID=step_01
AIRFLOW_CTX_EXECUTION_DATE=2021-12-31T00:00:00+00:00
AIRFLOW_CTX_TRY_NUMBER=1
AIRFLOW_CTX_DAG_RUN_ID=scheduled__2021-12-31T00:00:00+00:00
[2022-08-23 13:14:59,628] {subprocess.py:62} INFO - Tmp dir root location: 
 /tmp
[2022-08-23 13:14:59,629] {subprocess.py:74} INFO - Running command: ['bash', '-c', 'echo "hello"']
[2022-08-23 13:14:59,641] {subprocess.py:85} INFO - Output:
[2022-08-23 13:14:59,642] {subprocess.py:92} INFO - hello
[2022-08-23 13:14:59,643] {subprocess.py:96} INFO - Command exited with return code 0
[2022-08-23 13:14:59,723] {taskinstance.py:1420} INFO - Marking task as SUCCESS. dag_id=raizen_lab_01, task_id=step_01, execution_date=20211231T000000, start_date=20220823T131459, end_date=20220823T131459
[2022-08-23 13:14:59,746] {local_task_job.py:156} INFO - Task exited with return code 0
[2022-08-23 13:14:59,799] {local_task_job.py:273} INFO - 1 downstream tasks scheduled from follow-on schedule check
