[2022-08-23 22:26:31,782] {taskinstance.py:1179} INFO - Dependencies all met for <TaskInstance: raizen_lab_01.02_cria_tabela manual__2022-08-23T22:26:30.402935+00:00 [queued]>
[2022-08-23 22:26:31,790] {taskinstance.py:1179} INFO - Dependencies all met for <TaskInstance: raizen_lab_01.02_cria_tabela manual__2022-08-23T22:26:30.402935+00:00 [queued]>
[2022-08-23 22:26:31,791] {taskinstance.py:1376} INFO - 
--------------------------------------------------------------------------------
[2022-08-23 22:26:31,795] {taskinstance.py:1377} INFO - Starting attempt 1 of 2
[2022-08-23 22:26:31,795] {taskinstance.py:1378} INFO - 
--------------------------------------------------------------------------------
[2022-08-23 22:26:31,814] {taskinstance.py:1397} INFO - Executing <Task(PythonOperator): 02_cria_tabela> on 2022-08-23 22:26:30.402935+00:00
[2022-08-23 22:26:31,819] {standard_task_runner.py:52} INFO - Started process 74 to run task
[2022-08-23 22:26:31,822] {standard_task_runner.py:79} INFO - Running: ['***', 'tasks', 'run', 'raizen_lab_01', '02_cria_tabela', 'manual__2022-08-23T22:26:30.402935+00:00', '--job-id', '9431', '--raw', '--subdir', 'DAGS_FOLDER/raizen_lab_01.py', '--cfg-path', '/tmp/tmpmegz6jph', '--error-file', '/tmp/tmp9pba10nk']
[2022-08-23 22:26:31,823] {standard_task_runner.py:80} INFO - Job 9431: Subtask 02_cria_tabela
[2022-08-23 22:26:31,885] {task_command.py:371} INFO - Running <TaskInstance: raizen_lab_01.02_cria_tabela manual__2022-08-23T22:26:30.402935+00:00 [running]> on host 80fce776ee1f
[2022-08-23 22:26:31,964] {taskinstance.py:1591} INFO - Exporting the following env vars:
AIRFLOW_CTX_DAG_OWNER=admin
AIRFLOW_CTX_DAG_ID=raizen_lab_01
AIRFLOW_CTX_TASK_ID=02_cria_tabela
AIRFLOW_CTX_EXECUTION_DATE=2022-08-23T22:26:30.402935+00:00
AIRFLOW_CTX_TRY_NUMBER=1
AIRFLOW_CTX_DAG_RUN_ID=manual__2022-08-23T22:26:30.402935+00:00
[2022-08-23 22:28:43,777] {taskinstance.py:1909} ERROR - Task failed with exception
Traceback (most recent call last):
  File "/home/airflow/.local/lib/python3.7/site-packages/airflow/operators/python.py", line 171, in execute
    return_value = self.execute_callable()
  File "/home/airflow/.local/lib/python3.7/site-packages/airflow/operators/python.py", line 189, in execute_callable
    return self.python_callable(*self.op_args, **self.op_kwargs)
  File "/opt/airflow/dags/raizen_lab_01.py", line 34, in cria_tabela
    con = MySQLdb.connect(host="172.17.0.2", user="user", passwd="password", db="db")
  File "/home/airflow/.local/lib/python3.7/site-packages/MySQLdb/__init__.py", line 123, in Connect
    return Connection(*args, **kwargs)
  File "/home/airflow/.local/lib/python3.7/site-packages/MySQLdb/connections.py", line 185, in __init__
    super().__init__(*args, **kwargs2)
MySQLdb.OperationalError: (2003, "Can't connect to MySQL server on '172.17.0.2:3306' (110)")
[2022-08-23 22:28:43,799] {taskinstance.py:1420} INFO - Marking task as UP_FOR_RETRY. dag_id=raizen_lab_01, task_id=02_cria_tabela, execution_date=20220823T222630, start_date=20220823T222631, end_date=20220823T222843
[2022-08-23 22:28:43,826] {standard_task_runner.py:97} ERROR - Failed to execute job 9431 for task 02_cria_tabela ((2003, "Can't connect to MySQL server on '172.17.0.2:3306' (110)"); 74)
[2022-08-23 22:28:43,856] {local_task_job.py:156} INFO - Task exited with return code 1
[2022-08-23 22:28:43,890] {local_task_job.py:273} INFO - 0 downstream tasks scheduled from follow-on schedule check
