[2022-08-23 12:08:45,659] {taskinstance.py:1179} INFO - Dependencies all met for <TaskInstance: raizen_lab_01.print_hello scheduled__2021-11-03T01:00:00+00:00 [queued]>
[2022-08-23 12:08:45,669] {taskinstance.py:1179} INFO - Dependencies all met for <TaskInstance: raizen_lab_01.print_hello scheduled__2021-11-03T01:00:00+00:00 [queued]>
[2022-08-23 12:08:45,670] {taskinstance.py:1376} INFO - 
--------------------------------------------------------------------------------
[2022-08-23 12:08:45,670] {taskinstance.py:1377} INFO - Starting attempt 1 of 2
[2022-08-23 12:08:45,672] {taskinstance.py:1378} INFO - 
--------------------------------------------------------------------------------
[2022-08-23 12:08:45,687] {taskinstance.py:1397} INFO - Executing <Task(BashOperator): print_hello> on 2021-11-03 01:00:00+00:00
[2022-08-23 12:08:45,692] {standard_task_runner.py:52} INFO - Started process 2092 to run task
[2022-08-23 12:08:45,695] {standard_task_runner.py:79} INFO - Running: ['***', 'tasks', 'run', 'raizen_lab_01', 'print_hello', 'scheduled__2021-11-03T01:00:00+00:00', '--job-id', '3325', '--raw', '--subdir', 'DAGS_FOLDER/raizen_lab_01.py', '--cfg-path', '/tmp/tmpnzp6zs6h', '--error-file', '/tmp/tmp0atfsw38']
[2022-08-23 12:08:45,695] {standard_task_runner.py:80} INFO - Job 3325: Subtask print_hello
[2022-08-23 12:08:45,758] {task_command.py:371} INFO - Running <TaskInstance: raizen_lab_01.print_hello scheduled__2021-11-03T01:00:00+00:00 [running]> on host 67b6bdae536e
[2022-08-23 12:08:45,840] {taskinstance.py:1591} INFO - Exporting the following env vars:
AIRFLOW_CTX_DAG_OWNER=admin
AIRFLOW_CTX_DAG_ID=raizen_lab_01
AIRFLOW_CTX_TASK_ID=print_hello
AIRFLOW_CTX_EXECUTION_DATE=2021-11-03T01:00:00+00:00
AIRFLOW_CTX_TRY_NUMBER=1
AIRFLOW_CTX_DAG_RUN_ID=scheduled__2021-11-03T01:00:00+00:00
[2022-08-23 12:08:45,842] {subprocess.py:62} INFO - Tmp dir root location: 
 /tmp
[2022-08-23 12:08:45,843] {subprocess.py:74} INFO - Running command: ['bash', '-c', 'echo "hello"']
[2022-08-23 12:08:45,854] {subprocess.py:85} INFO - Output:
[2022-08-23 12:08:45,855] {subprocess.py:92} INFO - hello
[2022-08-23 12:08:45,856] {subprocess.py:96} INFO - Command exited with return code 0
[2022-08-23 12:08:45,889] {taskinstance.py:1420} INFO - Marking task as SUCCESS. dag_id=raizen_lab_01, task_id=print_hello, execution_date=20211103T010000, start_date=20220823T120845, end_date=20220823T120845
[2022-08-23 12:08:45,906] {local_task_job.py:156} INFO - Task exited with return code 0
[2022-08-23 12:08:46,026] {local_task_job.py:273} INFO - 1 downstream tasks scheduled from follow-on schedule check
