[2022-08-23 12:06:31,455] {taskinstance.py:1179} INFO - Dependencies all met for <TaskInstance: raizen_lab_01.sleep scheduled__2021-10-26T21:00:00+00:00 [queued]>
[2022-08-23 12:06:31,467] {taskinstance.py:1179} INFO - Dependencies all met for <TaskInstance: raizen_lab_01.sleep scheduled__2021-10-26T21:00:00+00:00 [queued]>
[2022-08-23 12:06:31,467] {taskinstance.py:1376} INFO - 
--------------------------------------------------------------------------------
[2022-08-23 12:06:31,467] {taskinstance.py:1377} INFO - Starting attempt 1 of 2
[2022-08-23 12:06:31,468] {taskinstance.py:1378} INFO - 
--------------------------------------------------------------------------------
[2022-08-23 12:06:31,481] {taskinstance.py:1397} INFO - Executing <Task(BashOperator): sleep> on 2021-10-26 21:00:00+00:00
[2022-08-23 12:06:31,486] {standard_task_runner.py:52} INFO - Started process 661 to run task
[2022-08-23 12:06:31,489] {standard_task_runner.py:79} INFO - Running: ['***', 'tasks', 'run', 'raizen_lab_01', 'sleep', 'scheduled__2021-10-26T21:00:00+00:00', '--job-id', '2831', '--raw', '--subdir', 'DAGS_FOLDER/raizen_lab_01.py', '--cfg-path', '/tmp/tmp8j5f83bd', '--error-file', '/tmp/tmprf6ng3qj']
[2022-08-23 12:06:31,490] {standard_task_runner.py:80} INFO - Job 2831: Subtask sleep
[2022-08-23 12:06:31,550] {task_command.py:371} INFO - Running <TaskInstance: raizen_lab_01.sleep scheduled__2021-10-26T21:00:00+00:00 [running]> on host 67b6bdae536e
[2022-08-23 12:06:31,640] {taskinstance.py:1591} INFO - Exporting the following env vars:
AIRFLOW_CTX_DAG_OWNER=admin
AIRFLOW_CTX_DAG_ID=raizen_lab_01
AIRFLOW_CTX_TASK_ID=sleep
AIRFLOW_CTX_EXECUTION_DATE=2021-10-26T21:00:00+00:00
AIRFLOW_CTX_TRY_NUMBER=1
AIRFLOW_CTX_DAG_RUN_ID=scheduled__2021-10-26T21:00:00+00:00
[2022-08-23 12:06:31,641] {subprocess.py:62} INFO - Tmp dir root location: 
 /tmp
[2022-08-23 12:06:31,642] {subprocess.py:74} INFO - Running command: ['bash', '-c', 'sleep 5']
[2022-08-23 12:06:31,661] {subprocess.py:85} INFO - Output:
[2022-08-23 12:06:36,664] {subprocess.py:96} INFO - Command exited with return code 0
[2022-08-23 12:06:36,691] {taskinstance.py:1420} INFO - Marking task as SUCCESS. dag_id=raizen_lab_01, task_id=sleep, execution_date=20211026T210000, start_date=20220823T120631, end_date=20220823T120636
[2022-08-23 12:06:36,719] {local_task_job.py:156} INFO - Task exited with return code 0
[2022-08-23 12:06:36,750] {local_task_job.py:273} INFO - 1 downstream tasks scheduled from follow-on schedule check
