[2022-08-24 02:04:59,560] {taskinstance.py:1179} INFO - Dependencies all met for <TaskInstance: raizen_lab_01.carga_arquivo manual__2022-08-24T02:04:58.166696+00:00 [queued]>
[2022-08-24 02:04:59,575] {taskinstance.py:1179} INFO - Dependencies all met for <TaskInstance: raizen_lab_01.carga_arquivo manual__2022-08-24T02:04:58.166696+00:00 [queued]>
[2022-08-24 02:04:59,576] {taskinstance.py:1376} INFO - 
--------------------------------------------------------------------------------
[2022-08-24 02:04:59,577] {taskinstance.py:1377} INFO - Starting attempt 1 of 2
[2022-08-24 02:04:59,577] {taskinstance.py:1378} INFO - 
--------------------------------------------------------------------------------
[2022-08-24 02:04:59,603] {taskinstance.py:1397} INFO - Executing <Task(PythonOperator): carga_arquivo> on 2022-08-24 02:04:58.166696+00:00
[2022-08-24 02:04:59,611] {standard_task_runner.py:52} INFO - Started process 74 to run task
[2022-08-24 02:04:59,616] {standard_task_runner.py:79} INFO - Running: ['***', 'tasks', 'run', 'raizen_lab_01', 'carga_arquivo', 'manual__2022-08-24T02:04:58.166696+00:00', '--job-id', '9662', '--raw', '--subdir', 'DAGS_FOLDER/raizen_lab_01.py', '--cfg-path', '/tmp/tmpykmjnpjq', '--error-file', '/tmp/tmpzgzp5suu']
[2022-08-24 02:04:59,618] {standard_task_runner.py:80} INFO - Job 9662: Subtask carga_arquivo
[2022-08-24 02:04:59,787] {task_command.py:371} INFO - Running <TaskInstance: raizen_lab_01.carga_arquivo manual__2022-08-24T02:04:58.166696+00:00 [running]> on host b8d797566373
[2022-08-24 02:04:59,912] {taskinstance.py:1591} INFO - Exporting the following env vars:
AIRFLOW_CTX_DAG_OWNER=admin
AIRFLOW_CTX_DAG_ID=raizen_lab_01
AIRFLOW_CTX_TASK_ID=carga_arquivo
AIRFLOW_CTX_EXECUTION_DATE=2022-08-24T02:04:58.166696+00:00
AIRFLOW_CTX_TRY_NUMBER=1
AIRFLOW_CTX_DAG_RUN_ID=manual__2022-08-24T02:04:58.166696+00:00
[2022-08-24 02:05:02,382] {python.py:173} INFO - Done. Returned value was: None
[2022-08-24 02:05:02,405] {taskinstance.py:1420} INFO - Marking task as SUCCESS. dag_id=raizen_lab_01, task_id=carga_arquivo, execution_date=20220824T020458, start_date=20220824T020459, end_date=20220824T020502
[2022-08-24 02:05:02,484] {local_task_job.py:156} INFO - Task exited with return code 0
[2022-08-24 02:05:02,551] {local_task_job.py:273} INFO - 1 downstream tasks scheduled from follow-on schedule check
