[2022-08-23 12:07:43,137] {taskinstance.py:1179} INFO - Dependencies all met for <TaskInstance: raizen_lab_01.sleep scheduled__2021-10-30T14:00:00+00:00 [queued]>
[2022-08-23 12:07:43,146] {taskinstance.py:1179} INFO - Dependencies all met for <TaskInstance: raizen_lab_01.sleep scheduled__2021-10-30T14:00:00+00:00 [queued]>
[2022-08-23 12:07:43,147] {taskinstance.py:1376} INFO - 
--------------------------------------------------------------------------------
[2022-08-23 12:07:43,147] {taskinstance.py:1377} INFO - Starting attempt 1 of 2
[2022-08-23 12:07:43,147] {taskinstance.py:1378} INFO - 
--------------------------------------------------------------------------------
[2022-08-23 12:07:43,161] {taskinstance.py:1397} INFO - Executing <Task(BashOperator): sleep> on 2021-10-30 14:00:00+00:00
[2022-08-23 12:07:43,167] {standard_task_runner.py:52} INFO - Started process 1399 to run task
[2022-08-23 12:07:43,169] {standard_task_runner.py:79} INFO - Running: ['***', 'tasks', 'run', 'raizen_lab_01', 'sleep', 'scheduled__2021-10-30T14:00:00+00:00', '--job-id', '3086', '--raw', '--subdir', 'DAGS_FOLDER/raizen_lab_01.py', '--cfg-path', '/tmp/tmp71jc_6ot', '--error-file', '/tmp/tmpx4hg2xu2']
[2022-08-23 12:07:43,170] {standard_task_runner.py:80} INFO - Job 3086: Subtask sleep
[2022-08-23 12:07:43,242] {task_command.py:371} INFO - Running <TaskInstance: raizen_lab_01.sleep scheduled__2021-10-30T14:00:00+00:00 [running]> on host 67b6bdae536e
[2022-08-23 12:07:43,325] {taskinstance.py:1591} INFO - Exporting the following env vars:
AIRFLOW_CTX_DAG_OWNER=admin
AIRFLOW_CTX_DAG_ID=raizen_lab_01
AIRFLOW_CTX_TASK_ID=sleep
AIRFLOW_CTX_EXECUTION_DATE=2021-10-30T14:00:00+00:00
AIRFLOW_CTX_TRY_NUMBER=1
AIRFLOW_CTX_DAG_RUN_ID=scheduled__2021-10-30T14:00:00+00:00
[2022-08-23 12:07:43,326] {subprocess.py:62} INFO - Tmp dir root location: 
 /tmp
[2022-08-23 12:07:43,327] {subprocess.py:74} INFO - Running command: ['bash', '-c', 'sleep 5']
[2022-08-23 12:07:43,339] {subprocess.py:85} INFO - Output:
[2022-08-23 12:07:48,345] {subprocess.py:96} INFO - Command exited with return code 0
[2022-08-23 12:07:48,381] {taskinstance.py:1420} INFO - Marking task as SUCCESS. dag_id=raizen_lab_01, task_id=sleep, execution_date=20211030T140000, start_date=20220823T120743, end_date=20220823T120748
[2022-08-23 12:07:48,407] {local_task_job.py:156} INFO - Task exited with return code 0
[2022-08-23 12:07:48,432] {local_task_job.py:273} INFO - 1 downstream tasks scheduled from follow-on schedule check
