[2022-08-23 16:05:23,629] {taskinstance.py:1179} INFO - Dependencies all met for <TaskInstance: raizen_lab_01.carga_arquivo manual__2022-08-23T14:23:38.152384+00:00 [queued]>
[2022-08-23 16:05:23,670] {taskinstance.py:1179} INFO - Dependencies all met for <TaskInstance: raizen_lab_01.carga_arquivo manual__2022-08-23T14:23:38.152384+00:00 [queued]>
[2022-08-23 16:05:23,672] {taskinstance.py:1376} INFO - 
--------------------------------------------------------------------------------
[2022-08-23 16:05:23,678] {taskinstance.py:1377} INFO - Starting attempt 1 of 2
[2022-08-23 16:05:23,686] {taskinstance.py:1378} INFO - 
--------------------------------------------------------------------------------
[2022-08-23 16:05:23,755] {taskinstance.py:1397} INFO - Executing <Task(PythonOperator): carga_arquivo> on 2022-08-23 14:23:38.152384+00:00
[2022-08-23 16:05:23,768] {standard_task_runner.py:52} INFO - Started process 454 to run task
[2022-08-23 16:05:23,798] {standard_task_runner.py:79} INFO - Running: ['***', 'tasks', 'run', 'raizen_lab_01', 'carga_arquivo', 'manual__2022-08-23T14:23:38.152384+00:00', '--job-id', '7960', '--raw', '--subdir', 'DAGS_FOLDER/raizen_lab_01.py', '--cfg-path', '/tmp/tmpyxliyd8i', '--error-file', '/tmp/tmp1heyi5wu']
[2022-08-23 16:05:23,823] {standard_task_runner.py:80} INFO - Job 7960: Subtask carga_arquivo
[2022-08-23 16:05:24,581] {task_command.py:371} INFO - Running <TaskInstance: raizen_lab_01.carga_arquivo manual__2022-08-23T14:23:38.152384+00:00 [running]> on host 532fb3c82051
[2022-08-23 16:05:25,791] {taskinstance.py:1591} INFO - Exporting the following env vars:
AIRFLOW_CTX_DAG_OWNER=admin
AIRFLOW_CTX_DAG_ID=raizen_lab_01
AIRFLOW_CTX_TASK_ID=carga_arquivo
AIRFLOW_CTX_EXECUTION_DATE=2022-08-23T14:23:38.152384+00:00
AIRFLOW_CTX_TRY_NUMBER=1
AIRFLOW_CTX_DAG_RUN_ID=manual__2022-08-23T14:23:38.152384+00:00
[2022-08-23 16:05:37,695] {logging_mixin.py:115} INFO -           COMBUSTÍVEL   ANO  ...            Dez         TOTAL
0     GASOLINA C (m3)  2000  ...   11547.576000  10818.094000
1     GASOLINA C (m3)  2000  ...    3225.610000   3289.718000
2     GASOLINA C (m3)  2000  ...   21145.643000  20633.175000
3     GASOLINA C (m3)  2000  ...    4029.900000   4358.516000
4     GASOLINA C (m3)  2000  ...   31807.840000  31009.972000
...               ...   ...  ...            ...           ...
4531         GLP (m3)  2020  ...   64045.161232  66749.367754
4532         GLP (m3)  2020  ...   16281.139493  15037.528986
4533         GLP (m3)  2020  ...   18321.987319  20677.483696
4534         GLP (m3)  2020  ...   46850.585145  46581.878623
4535         GLP (m3)  2020  ...  133282.702899  13725.974638

[4536 rows x 17 columns]
[2022-08-23 16:05:37,700] {python.py:173} INFO - Done. Returned value was: None
[2022-08-23 16:05:38,862] {taskinstance.py:1420} INFO - Marking task as SUCCESS. dag_id=raizen_lab_01, task_id=carga_arquivo, execution_date=20220823T142338, start_date=20220823T160523, end_date=20220823T160538
[2022-08-23 16:05:39,138] {local_task_job.py:156} INFO - Task exited with return code 0
[2022-08-23 16:05:39,274] {dagrun.py:1081} ERROR - Failed to get task '<TaskInstance: raizen_lab_01.create_pet_table manual__2022-08-23T14:23:38.152384+00:00 [removed]>' for dag 'raizen_lab_01'. Marking it as removed.
[2022-08-23 16:05:39,344] {local_task_job.py:273} INFO - 1 downstream tasks scheduled from follow-on schedule check
