[2022-08-23 12:07:48,034] {taskinstance.py:1179} INFO - Dependencies all met for <TaskInstance: raizen_lab_01.print_world scheduled__2021-10-30T10:00:00+00:00 [queued]>
[2022-08-23 12:07:48,054] {taskinstance.py:1179} INFO - Dependencies all met for <TaskInstance: raizen_lab_01.print_world scheduled__2021-10-30T10:00:00+00:00 [queued]>
[2022-08-23 12:07:48,054] {taskinstance.py:1376} INFO - 
--------------------------------------------------------------------------------
[2022-08-23 12:07:48,054] {taskinstance.py:1377} INFO - Starting attempt 1 of 2
[2022-08-23 12:07:48,055] {taskinstance.py:1378} INFO - 
--------------------------------------------------------------------------------
[2022-08-23 12:07:48,072] {taskinstance.py:1397} INFO - Executing <Task(PythonOperator): print_world> on 2021-10-30 10:00:00+00:00
[2022-08-23 12:07:48,078] {standard_task_runner.py:52} INFO - Started process 1451 to run task
[2022-08-23 12:07:48,081] {standard_task_runner.py:79} INFO - Running: ['***', 'tasks', 'run', 'raizen_lab_01', 'print_world', 'scheduled__2021-10-30T10:00:00+00:00', '--job-id', '3100', '--raw', '--subdir', 'DAGS_FOLDER/raizen_lab_01.py', '--cfg-path', '/tmp/tmpvz5a1s3n', '--error-file', '/tmp/tmp_j9z22nf']
[2022-08-23 12:07:48,081] {standard_task_runner.py:80} INFO - Job 3100: Subtask print_world
[2022-08-23 12:07:48,142] {task_command.py:371} INFO - Running <TaskInstance: raizen_lab_01.print_world scheduled__2021-10-30T10:00:00+00:00 [running]> on host 67b6bdae536e
[2022-08-23 12:07:48,210] {taskinstance.py:1591} INFO - Exporting the following env vars:
AIRFLOW_CTX_DAG_OWNER=admin
AIRFLOW_CTX_DAG_ID=raizen_lab_01
AIRFLOW_CTX_TASK_ID=print_world
AIRFLOW_CTX_EXECUTION_DATE=2021-10-30T10:00:00+00:00
AIRFLOW_CTX_TRY_NUMBER=1
AIRFLOW_CTX_DAG_RUN_ID=scheduled__2021-10-30T10:00:00+00:00
[2022-08-23 12:07:48,212] {logging_mixin.py:115} INFO - world
[2022-08-23 12:07:48,212] {python.py:173} INFO - Done. Returned value was: None
[2022-08-23 12:07:48,229] {taskinstance.py:1420} INFO - Marking task as SUCCESS. dag_id=raizen_lab_01, task_id=print_world, execution_date=20211030T100000, start_date=20220823T120748, end_date=20220823T120748
[2022-08-23 12:07:48,253] {local_task_job.py:156} INFO - Task exited with return code 0
[2022-08-23 12:07:48,352] {local_task_job.py:273} INFO - 0 downstream tasks scheduled from follow-on schedule check
