[2022-08-23 14:22:49,924] {taskinstance.py:1179} INFO - Dependencies all met for <TaskInstance: raizen_lab_01.sleep scheduled__2022-01-03T06:00:00+00:00 [queued]>
[2022-08-23 14:22:49,949] {taskinstance.py:1179} INFO - Dependencies all met for <TaskInstance: raizen_lab_01.sleep scheduled__2022-01-03T06:00:00+00:00 [queued]>
[2022-08-23 14:22:49,952] {taskinstance.py:1376} INFO - 
--------------------------------------------------------------------------------
[2022-08-23 14:22:49,953] {taskinstance.py:1377} INFO - Starting attempt 1 of 2
[2022-08-23 14:22:49,963] {taskinstance.py:1378} INFO - 
--------------------------------------------------------------------------------
[2022-08-23 14:22:50,027] {taskinstance.py:1397} INFO - Executing <Task(BashOperator): sleep> on 2022-01-03 06:00:00+00:00
[2022-08-23 14:22:50,036] {standard_task_runner.py:52} INFO - Started process 177 to run task
[2022-08-23 14:22:50,048] {standard_task_runner.py:79} INFO - Running: ['***', 'tasks', 'run', 'raizen_lab_01', 'sleep', 'scheduled__2022-01-03T06:00:00+00:00', '--job-id', '7865', '--raw', '--subdir', 'DAGS_FOLDER/raizen_lab_01.py', '--cfg-path', '/tmp/tmpjan12_bd', '--error-file', '/tmp/tmpz1odlpt6']
[2022-08-23 14:22:50,050] {standard_task_runner.py:80} INFO - Job 7865: Subtask sleep
[2022-08-23 14:22:50,233] {task_command.py:371} INFO - Running <TaskInstance: raizen_lab_01.sleep scheduled__2022-01-03T06:00:00+00:00 [running]> on host 02d9cdd4a2f7
[2022-08-23 14:22:50,545] {taskinstance.py:1591} INFO - Exporting the following env vars:
AIRFLOW_CTX_DAG_OWNER=admin
AIRFLOW_CTX_DAG_ID=raizen_lab_01
AIRFLOW_CTX_TASK_ID=sleep
AIRFLOW_CTX_EXECUTION_DATE=2022-01-03T06:00:00+00:00
AIRFLOW_CTX_TRY_NUMBER=1
AIRFLOW_CTX_DAG_RUN_ID=scheduled__2022-01-03T06:00:00+00:00
[2022-08-23 14:22:50,553] {subprocess.py:62} INFO - Tmp dir root location: 
 /tmp
[2022-08-23 14:22:50,554] {subprocess.py:74} INFO - Running command: ['bash', '-c', 'sleep 5']
[2022-08-23 14:22:50,590] {subprocess.py:85} INFO - Output:
[2022-08-23 14:22:55,592] {subprocess.py:96} INFO - Command exited with return code 0
[2022-08-23 14:22:55,631] {taskinstance.py:1420} INFO - Marking task as SUCCESS. dag_id=raizen_lab_01, task_id=sleep, execution_date=20220103T060000, start_date=20220823T142249, end_date=20220823T142255
[2022-08-23 14:22:55,666] {local_task_job.py:156} INFO - Task exited with return code 0
[2022-08-23 14:22:55,704] {local_task_job.py:273} INFO - 1 downstream tasks scheduled from follow-on schedule check
