[2022-08-23 12:05:44,488] {taskinstance.py:1179} INFO - Dependencies all met for <TaskInstance: raizen_lab_01.print_world scheduled__2021-10-24T05:00:00+00:00 [queued]>
[2022-08-23 12:05:44,497] {taskinstance.py:1179} INFO - Dependencies all met for <TaskInstance: raizen_lab_01.print_world scheduled__2021-10-24T05:00:00+00:00 [queued]>
[2022-08-23 12:05:44,498] {taskinstance.py:1376} INFO - 
--------------------------------------------------------------------------------
[2022-08-23 12:05:44,498] {taskinstance.py:1377} INFO - Starting attempt 1 of 2
[2022-08-23 12:05:44,499] {taskinstance.py:1378} INFO - 
--------------------------------------------------------------------------------
[2022-08-23 12:05:44,510] {taskinstance.py:1397} INFO - Executing <Task(PythonOperator): print_world> on 2021-10-24 05:00:00+00:00
[2022-08-23 12:05:44,515] {standard_task_runner.py:52} INFO - Started process 187 to run task
[2022-08-23 12:05:44,520] {standard_task_runner.py:79} INFO - Running: ['***', 'tasks', 'run', 'raizen_lab_01', 'print_world', 'scheduled__2021-10-24T05:00:00+00:00', '--job-id', '2665', '--raw', '--subdir', 'DAGS_FOLDER/raizen_lab_01.py', '--cfg-path', '/tmp/tmpo4ge3dhv', '--error-file', '/tmp/tmp_ftv_juj']
[2022-08-23 12:05:44,521] {standard_task_runner.py:80} INFO - Job 2665: Subtask print_world
[2022-08-23 12:05:44,593] {task_command.py:371} INFO - Running <TaskInstance: raizen_lab_01.print_world scheduled__2021-10-24T05:00:00+00:00 [running]> on host 67b6bdae536e
[2022-08-23 12:05:44,661] {taskinstance.py:1591} INFO - Exporting the following env vars:
AIRFLOW_CTX_DAG_OWNER=admin
AIRFLOW_CTX_DAG_ID=raizen_lab_01
AIRFLOW_CTX_TASK_ID=print_world
AIRFLOW_CTX_EXECUTION_DATE=2021-10-24T05:00:00+00:00
AIRFLOW_CTX_TRY_NUMBER=1
AIRFLOW_CTX_DAG_RUN_ID=scheduled__2021-10-24T05:00:00+00:00
[2022-08-23 12:05:44,662] {logging_mixin.py:115} INFO - world
[2022-08-23 12:05:44,663] {python.py:173} INFO - Done. Returned value was: None
[2022-08-23 12:05:44,678] {taskinstance.py:1420} INFO - Marking task as SUCCESS. dag_id=raizen_lab_01, task_id=print_world, execution_date=20211024T050000, start_date=20220823T120544, end_date=20220823T120544
[2022-08-23 12:05:44,732] {local_task_job.py:156} INFO - Task exited with return code 0
[2022-08-23 12:05:44,756] {local_task_job.py:273} INFO - 0 downstream tasks scheduled from follow-on schedule check
