[2022-08-23 12:35:39,126] {taskinstance.py:1179} INFO - Dependencies all met for <TaskInstance: raizen_lab_01.print_hello scheduled__2021-12-19T02:00:00+00:00 [queued]>
[2022-08-23 12:35:39,136] {taskinstance.py:1179} INFO - Dependencies all met for <TaskInstance: raizen_lab_01.print_hello scheduled__2021-12-19T02:00:00+00:00 [queued]>
[2022-08-23 12:35:39,136] {taskinstance.py:1376} INFO - 
--------------------------------------------------------------------------------
[2022-08-23 12:35:39,137] {taskinstance.py:1377} INFO - Starting attempt 1 of 2
[2022-08-23 12:35:39,140] {taskinstance.py:1378} INFO - 
--------------------------------------------------------------------------------
[2022-08-23 12:35:39,153] {taskinstance.py:1397} INFO - Executing <Task(BashOperator): print_hello> on 2021-12-19 02:00:00+00:00
[2022-08-23 12:35:39,162] {standard_task_runner.py:52} INFO - Started process 12156 to run task
[2022-08-23 12:35:39,165] {standard_task_runner.py:79} INFO - Running: ['***', 'tasks', 'run', 'raizen_lab_01', 'print_hello', 'scheduled__2021-12-19T02:00:00+00:00', '--job-id', '6646', '--raw', '--subdir', 'DAGS_FOLDER/raizen_lab_01.py', '--cfg-path', '/tmp/tmp00whf6c5', '--error-file', '/tmp/tmp38q706n4']
[2022-08-23 12:35:39,166] {standard_task_runner.py:80} INFO - Job 6646: Subtask print_hello
[2022-08-23 12:35:39,226] {task_command.py:371} INFO - Running <TaskInstance: raizen_lab_01.print_hello scheduled__2021-12-19T02:00:00+00:00 [running]> on host 6383a3236c72
[2022-08-23 12:35:39,290] {taskinstance.py:1591} INFO - Exporting the following env vars:
AIRFLOW_CTX_DAG_OWNER=admin
AIRFLOW_CTX_DAG_ID=raizen_lab_01
AIRFLOW_CTX_TASK_ID=print_hello
AIRFLOW_CTX_EXECUTION_DATE=2021-12-19T02:00:00+00:00
AIRFLOW_CTX_TRY_NUMBER=1
AIRFLOW_CTX_DAG_RUN_ID=scheduled__2021-12-19T02:00:00+00:00
[2022-08-23 12:35:39,292] {subprocess.py:62} INFO - Tmp dir root location: 
 /tmp
[2022-08-23 12:35:39,292] {subprocess.py:74} INFO - Running command: ['bash', '-c', 'echo "hello"']
[2022-08-23 12:35:39,303] {subprocess.py:85} INFO - Output:
[2022-08-23 12:35:39,304] {subprocess.py:92} INFO - hello
[2022-08-23 12:35:39,305] {subprocess.py:96} INFO - Command exited with return code 0
[2022-08-23 12:35:39,416] {taskinstance.py:1420} INFO - Marking task as SUCCESS. dag_id=raizen_lab_01, task_id=print_hello, execution_date=20211219T020000, start_date=20220823T123539, end_date=20220823T123539
[2022-08-23 12:35:39,459] {local_task_job.py:156} INFO - Task exited with return code 0
[2022-08-23 12:35:39,496] {local_task_job.py:273} INFO - 1 downstream tasks scheduled from follow-on schedule check
