[2022-08-23 11:47:22,719] {taskinstance.py:1179} INFO - Dependencies all met for <TaskInstance: raizen_lab_01.print_hello scheduled__2021-10-19T09:00:00+00:00 [queued]>
[2022-08-23 11:47:22,743] {taskinstance.py:1179} INFO - Dependencies all met for <TaskInstance: raizen_lab_01.print_hello scheduled__2021-10-19T09:00:00+00:00 [queued]>
[2022-08-23 11:47:22,743] {taskinstance.py:1376} INFO - 
--------------------------------------------------------------------------------
[2022-08-23 11:47:22,744] {taskinstance.py:1377} INFO - Starting attempt 1 of 2
[2022-08-23 11:47:22,745] {taskinstance.py:1378} INFO - 
--------------------------------------------------------------------------------
[2022-08-23 11:47:22,771] {taskinstance.py:1397} INFO - Executing <Task(BashOperator): print_hello> on 2021-10-19 09:00:00+00:00
[2022-08-23 11:47:22,807] {standard_task_runner.py:52} INFO - Started process 763 to run task
[2022-08-23 11:47:22,814] {standard_task_runner.py:79} INFO - Running: ['***', 'tasks', 'run', 'raizen_lab_01', 'print_hello', 'scheduled__2021-10-19T09:00:00+00:00', '--job-id', '2267', '--raw', '--subdir', 'DAGS_FOLDER/raizen_lab_01.py', '--cfg-path', '/tmp/tmpetcgsr2s', '--error-file', '/tmp/tmps26nyzzt']
[2022-08-23 11:47:22,815] {standard_task_runner.py:80} INFO - Job 2267: Subtask print_hello
[2022-08-23 11:47:22,992] {task_command.py:371} INFO - Running <TaskInstance: raizen_lab_01.print_hello scheduled__2021-10-19T09:00:00+00:00 [running]> on host fc645605a611
[2022-08-23 11:47:23,159] {taskinstance.py:1591} INFO - Exporting the following env vars:
AIRFLOW_CTX_DAG_OWNER=admin
AIRFLOW_CTX_DAG_ID=raizen_lab_01
AIRFLOW_CTX_TASK_ID=print_hello
AIRFLOW_CTX_EXECUTION_DATE=2021-10-19T09:00:00+00:00
AIRFLOW_CTX_TRY_NUMBER=1
AIRFLOW_CTX_DAG_RUN_ID=scheduled__2021-10-19T09:00:00+00:00
[2022-08-23 11:47:23,162] {subprocess.py:62} INFO - Tmp dir root location: 
 /tmp
[2022-08-23 11:47:23,163] {subprocess.py:74} INFO - Running command: ['bash', '-c', 'echo "hello"']
[2022-08-23 11:47:23,183] {subprocess.py:85} INFO - Output:
[2022-08-23 11:47:23,186] {subprocess.py:92} INFO - hello
[2022-08-23 11:47:23,187] {subprocess.py:96} INFO - Command exited with return code 0
[2022-08-23 11:47:23,394] {taskinstance.py:1420} INFO - Marking task as SUCCESS. dag_id=raizen_lab_01, task_id=print_hello, execution_date=20211019T090000, start_date=20220823T114722, end_date=20220823T114723
[2022-08-23 11:47:23,427] {local_task_job.py:156} INFO - Task exited with return code 0
[2022-08-23 11:47:23,511] {local_task_job.py:273} INFO - 1 downstream tasks scheduled from follow-on schedule check
