[2022-08-23 13:16:11,295] {taskinstance.py:1179} INFO - Dependencies all met for <TaskInstance: raizen_lab_01.step_01 scheduled__2022-01-02T14:00:00+00:00 [queued]>
[2022-08-23 13:16:11,303] {taskinstance.py:1179} INFO - Dependencies all met for <TaskInstance: raizen_lab_01.step_01 scheduled__2022-01-02T14:00:00+00:00 [queued]>
[2022-08-23 13:16:11,304] {taskinstance.py:1376} INFO - 
--------------------------------------------------------------------------------
[2022-08-23 13:16:11,304] {taskinstance.py:1377} INFO - Starting attempt 1 of 2
[2022-08-23 13:16:11,305] {taskinstance.py:1378} INFO - 
--------------------------------------------------------------------------------
[2022-08-23 13:16:11,322] {taskinstance.py:1397} INFO - Executing <Task(BashOperator): step_01> on 2022-01-02 14:00:00+00:00
[2022-08-23 13:16:11,328] {standard_task_runner.py:52} INFO - Started process 1532 to run task
[2022-08-23 13:16:11,332] {standard_task_runner.py:79} INFO - Running: ['***', 'tasks', 'run', 'raizen_lab_01', 'step_01', 'scheduled__2022-01-02T14:00:00+00:00', '--job-id', '7713', '--raw', '--subdir', 'DAGS_FOLDER/raizen_lab_01.py', '--cfg-path', '/tmp/tmpo413s19q', '--error-file', '/tmp/tmph_2zqv3c']
[2022-08-23 13:16:11,334] {standard_task_runner.py:80} INFO - Job 7713: Subtask step_01
[2022-08-23 13:16:11,408] {task_command.py:371} INFO - Running <TaskInstance: raizen_lab_01.step_01 scheduled__2022-01-02T14:00:00+00:00 [running]> on host 94e929fe2c87
[2022-08-23 13:16:11,507] {taskinstance.py:1591} INFO - Exporting the following env vars:
AIRFLOW_CTX_DAG_OWNER=admin
AIRFLOW_CTX_DAG_ID=raizen_lab_01
AIRFLOW_CTX_TASK_ID=step_01
AIRFLOW_CTX_EXECUTION_DATE=2022-01-02T14:00:00+00:00
AIRFLOW_CTX_TRY_NUMBER=1
AIRFLOW_CTX_DAG_RUN_ID=scheduled__2022-01-02T14:00:00+00:00
[2022-08-23 13:16:11,509] {subprocess.py:62} INFO - Tmp dir root location: 
 /tmp
[2022-08-23 13:16:11,510] {subprocess.py:74} INFO - Running command: ['bash', '-c', 'echo "hello"']
[2022-08-23 13:16:11,525] {subprocess.py:85} INFO - Output:
[2022-08-23 13:16:11,527] {subprocess.py:92} INFO - hello
[2022-08-23 13:16:11,527] {subprocess.py:96} INFO - Command exited with return code 0
[2022-08-23 13:16:11,565] {taskinstance.py:1420} INFO - Marking task as SUCCESS. dag_id=raizen_lab_01, task_id=step_01, execution_date=20220102T140000, start_date=20220823T131611, end_date=20220823T131611
[2022-08-23 13:16:11,624] {local_task_job.py:156} INFO - Task exited with return code 0
[2022-08-23 13:16:11,748] {local_task_job.py:273} INFO - 0 downstream tasks scheduled from follow-on schedule check
