[2022-08-23 11:46:11,005] {taskinstance.py:1179} INFO - Dependencies all met for <TaskInstance: raizen_lab_01.print_hello scheduled__2021-10-16T21:00:00+00:00 [queued]>
[2022-08-23 11:46:11,027] {taskinstance.py:1179} INFO - Dependencies all met for <TaskInstance: raizen_lab_01.print_hello scheduled__2021-10-16T21:00:00+00:00 [queued]>
[2022-08-23 11:46:11,028] {taskinstance.py:1376} INFO - 
--------------------------------------------------------------------------------
[2022-08-23 11:46:11,028] {taskinstance.py:1377} INFO - Starting attempt 1 of 2
[2022-08-23 11:46:11,029] {taskinstance.py:1378} INFO - 
--------------------------------------------------------------------------------
[2022-08-23 11:46:11,060] {taskinstance.py:1397} INFO - Executing <Task(BashOperator): print_hello> on 2021-10-16 21:00:00+00:00
[2022-08-23 11:46:11,070] {standard_task_runner.py:52} INFO - Started process 239 to run task
[2022-08-23 11:46:11,078] {standard_task_runner.py:79} INFO - Running: ['***', 'tasks', 'run', 'raizen_lab_01', 'print_hello', 'scheduled__2021-10-16T21:00:00+00:00', '--job-id', '2088', '--raw', '--subdir', 'DAGS_FOLDER/raizen_lab_01.py', '--cfg-path', '/tmp/tmpy2x06yt2', '--error-file', '/tmp/tmp5trxsnje']
[2022-08-23 11:46:11,079] {standard_task_runner.py:80} INFO - Job 2088: Subtask print_hello
[2022-08-23 11:46:11,206] {task_command.py:371} INFO - Running <TaskInstance: raizen_lab_01.print_hello scheduled__2021-10-16T21:00:00+00:00 [running]> on host fc645605a611
[2022-08-23 11:46:11,382] {taskinstance.py:1591} INFO - Exporting the following env vars:
AIRFLOW_CTX_DAG_OWNER=admin
AIRFLOW_CTX_DAG_ID=raizen_lab_01
AIRFLOW_CTX_TASK_ID=print_hello
AIRFLOW_CTX_EXECUTION_DATE=2021-10-16T21:00:00+00:00
AIRFLOW_CTX_TRY_NUMBER=1
AIRFLOW_CTX_DAG_RUN_ID=scheduled__2021-10-16T21:00:00+00:00
[2022-08-23 11:46:11,385] {subprocess.py:62} INFO - Tmp dir root location: 
 /tmp
[2022-08-23 11:46:11,387] {subprocess.py:74} INFO - Running command: ['bash', '-c', 'echo "hello"']
[2022-08-23 11:46:11,412] {subprocess.py:85} INFO - Output:
[2022-08-23 11:46:11,416] {subprocess.py:92} INFO - hello
[2022-08-23 11:46:11,417] {subprocess.py:96} INFO - Command exited with return code 0
[2022-08-23 11:46:11,481] {taskinstance.py:1420} INFO - Marking task as SUCCESS. dag_id=raizen_lab_01, task_id=print_hello, execution_date=20211016T210000, start_date=20220823T114611, end_date=20220823T114611
[2022-08-23 11:46:11,530] {local_task_job.py:156} INFO - Task exited with return code 0
[2022-08-23 11:46:11,605] {local_task_job.py:273} INFO - 1 downstream tasks scheduled from follow-on schedule check
