[2022-08-23 11:47:44,805] {taskinstance.py:1179} INFO - Dependencies all met for <TaskInstance: raizen_lab_01.sleep scheduled__2021-10-20T07:00:00+00:00 [queued]>
[2022-08-23 11:47:44,825] {taskinstance.py:1179} INFO - Dependencies all met for <TaskInstance: raizen_lab_01.sleep scheduled__2021-10-20T07:00:00+00:00 [queued]>
[2022-08-23 11:47:44,826] {taskinstance.py:1376} INFO - 
--------------------------------------------------------------------------------
[2022-08-23 11:47:44,827] {taskinstance.py:1377} INFO - Starting attempt 1 of 2
[2022-08-23 11:47:44,828] {taskinstance.py:1378} INFO - 
--------------------------------------------------------------------------------
[2022-08-23 11:47:44,862] {taskinstance.py:1397} INFO - Executing <Task(BashOperator): sleep> on 2021-10-20 07:00:00+00:00
[2022-08-23 11:47:44,869] {standard_task_runner.py:52} INFO - Started process 963 to run task
[2022-08-23 11:47:44,876] {standard_task_runner.py:79} INFO - Running: ['***', 'tasks', 'run', 'raizen_lab_01', 'sleep', 'scheduled__2021-10-20T07:00:00+00:00', '--job-id', '2333', '--raw', '--subdir', 'DAGS_FOLDER/raizen_lab_01.py', '--cfg-path', '/tmp/tmpdoc2ors8', '--error-file', '/tmp/tmpvpifuko5']
[2022-08-23 11:47:44,876] {standard_task_runner.py:80} INFO - Job 2333: Subtask sleep
[2022-08-23 11:47:45,007] {task_command.py:371} INFO - Running <TaskInstance: raizen_lab_01.sleep scheduled__2021-10-20T07:00:00+00:00 [running]> on host fc645605a611
[2022-08-23 11:47:45,138] {taskinstance.py:1591} INFO - Exporting the following env vars:
AIRFLOW_CTX_DAG_OWNER=admin
AIRFLOW_CTX_DAG_ID=raizen_lab_01
AIRFLOW_CTX_TASK_ID=sleep
AIRFLOW_CTX_EXECUTION_DATE=2021-10-20T07:00:00+00:00
AIRFLOW_CTX_TRY_NUMBER=1
AIRFLOW_CTX_DAG_RUN_ID=scheduled__2021-10-20T07:00:00+00:00
[2022-08-23 11:47:45,140] {subprocess.py:62} INFO - Tmp dir root location: 
 /tmp
[2022-08-23 11:47:45,141] {subprocess.py:74} INFO - Running command: ['bash', '-c', 'sleep 5']
[2022-08-23 11:47:45,159] {subprocess.py:85} INFO - Output:
[2022-08-23 11:47:50,165] {subprocess.py:96} INFO - Command exited with return code 0
[2022-08-23 11:47:50,220] {taskinstance.py:1420} INFO - Marking task as SUCCESS. dag_id=raizen_lab_01, task_id=sleep, execution_date=20211020T070000, start_date=20220823T114744, end_date=20220823T114750
[2022-08-23 11:47:50,289] {local_task_job.py:156} INFO - Task exited with return code 0
[2022-08-23 11:47:50,335] {local_task_job.py:273} INFO - 1 downstream tasks scheduled from follow-on schedule check
