[2022-08-23 11:38:09,221] {taskinstance.py:1179} INFO - Dependencies all met for <TaskInstance: raizen_lab_01.sleep scheduled__2021-10-11T15:00:00+00:00 [queued]>
[2022-08-23 11:38:09,234] {taskinstance.py:1179} INFO - Dependencies all met for <TaskInstance: raizen_lab_01.sleep scheduled__2021-10-11T15:00:00+00:00 [queued]>
[2022-08-23 11:38:09,235] {taskinstance.py:1376} INFO - 
--------------------------------------------------------------------------------
[2022-08-23 11:38:09,235] {taskinstance.py:1377} INFO - Starting attempt 1 of 2
[2022-08-23 11:38:09,236] {taskinstance.py:1378} INFO - 
--------------------------------------------------------------------------------
[2022-08-23 11:38:09,259] {taskinstance.py:1397} INFO - Executing <Task(BashOperator): sleep> on 2021-10-11 15:00:00+00:00
[2022-08-23 11:38:09,267] {standard_task_runner.py:52} INFO - Started process 765 to run task
[2022-08-23 11:38:09,272] {standard_task_runner.py:79} INFO - Running: ['***', 'tasks', 'run', 'raizen_lab_01', 'sleep', 'scheduled__2021-10-11T15:00:00+00:00', '--job-id', '1717', '--raw', '--subdir', 'DAGS_FOLDER/raizen_lab_01.py', '--cfg-path', '/tmp/tmptgsf9wgw', '--error-file', '/tmp/tmp_khlcxx3']
[2022-08-23 11:38:09,273] {standard_task_runner.py:80} INFO - Job 1717: Subtask sleep
[2022-08-23 11:38:09,373] {task_command.py:371} INFO - Running <TaskInstance: raizen_lab_01.sleep scheduled__2021-10-11T15:00:00+00:00 [running]> on host 7f48b7aaf0fc
[2022-08-23 11:38:09,500] {taskinstance.py:1591} INFO - Exporting the following env vars:
AIRFLOW_CTX_DAG_OWNER=admin
AIRFLOW_CTX_DAG_ID=raizen_lab_01
AIRFLOW_CTX_TASK_ID=sleep
AIRFLOW_CTX_EXECUTION_DATE=2021-10-11T15:00:00+00:00
AIRFLOW_CTX_TRY_NUMBER=1
AIRFLOW_CTX_DAG_RUN_ID=scheduled__2021-10-11T15:00:00+00:00
[2022-08-23 11:38:09,503] {subprocess.py:62} INFO - Tmp dir root location: 
 /tmp
[2022-08-23 11:38:09,504] {subprocess.py:74} INFO - Running command: ['bash', '-c', 'sleep 5']
[2022-08-23 11:38:09,525] {subprocess.py:85} INFO - Output:
[2022-08-23 11:38:14,530] {subprocess.py:96} INFO - Command exited with return code 0
[2022-08-23 11:38:14,593] {taskinstance.py:1420} INFO - Marking task as SUCCESS. dag_id=raizen_lab_01, task_id=sleep, execution_date=20211011T150000, start_date=20220823T113809, end_date=20220823T113814
[2022-08-23 11:38:14,659] {local_task_job.py:156} INFO - Task exited with return code 0
[2022-08-23 11:38:14,817] {local_task_job.py:273} INFO - 0 downstream tasks scheduled from follow-on schedule check
