[2022-08-23 11:37:04,999] {taskinstance.py:1179} INFO - Dependencies all met for <TaskInstance: raizen_lab_01.sleep scheduled__2021-10-09T05:00:00+00:00 [queued]>
[2022-08-23 11:37:05,023] {taskinstance.py:1179} INFO - Dependencies all met for <TaskInstance: raizen_lab_01.sleep scheduled__2021-10-09T05:00:00+00:00 [queued]>
[2022-08-23 11:37:05,023] {taskinstance.py:1376} INFO - 
--------------------------------------------------------------------------------
[2022-08-23 11:37:05,024] {taskinstance.py:1377} INFO - Starting attempt 1 of 2
[2022-08-23 11:37:05,024] {taskinstance.py:1378} INFO - 
--------------------------------------------------------------------------------
[2022-08-23 11:37:05,053] {taskinstance.py:1397} INFO - Executing <Task(BashOperator): sleep> on 2021-10-09 05:00:00+00:00
[2022-08-23 11:37:05,062] {standard_task_runner.py:52} INFO - Started process 257 to run task
[2022-08-23 11:37:05,067] {standard_task_runner.py:79} INFO - Running: ['***', 'tasks', 'run', 'raizen_lab_01', 'sleep', 'scheduled__2021-10-09T05:00:00+00:00', '--job-id', '1541', '--raw', '--subdir', 'DAGS_FOLDER/raizen_lab_01.py', '--cfg-path', '/tmp/tmp985ef83y', '--error-file', '/tmp/tmp3t25wnne']
[2022-08-23 11:37:05,068] {standard_task_runner.py:80} INFO - Job 1541: Subtask sleep
[2022-08-23 11:37:05,180] {task_command.py:371} INFO - Running <TaskInstance: raizen_lab_01.sleep scheduled__2021-10-09T05:00:00+00:00 [running]> on host 7f48b7aaf0fc
[2022-08-23 11:37:05,315] {taskinstance.py:1591} INFO - Exporting the following env vars:
AIRFLOW_CTX_DAG_OWNER=admin
AIRFLOW_CTX_DAG_ID=raizen_lab_01
AIRFLOW_CTX_TASK_ID=sleep
AIRFLOW_CTX_EXECUTION_DATE=2021-10-09T05:00:00+00:00
AIRFLOW_CTX_TRY_NUMBER=1
AIRFLOW_CTX_DAG_RUN_ID=scheduled__2021-10-09T05:00:00+00:00
[2022-08-23 11:37:05,318] {subprocess.py:62} INFO - Tmp dir root location: 
 /tmp
[2022-08-23 11:37:05,320] {subprocess.py:74} INFO - Running command: ['bash', '-c', 'sleep 5']
[2022-08-23 11:37:05,337] {subprocess.py:85} INFO - Output:
[2022-08-23 11:37:10,342] {subprocess.py:96} INFO - Command exited with return code 0
[2022-08-23 11:37:10,409] {taskinstance.py:1420} INFO - Marking task as SUCCESS. dag_id=raizen_lab_01, task_id=sleep, execution_date=20211009T050000, start_date=20220823T113705, end_date=20220823T113710
[2022-08-23 11:37:10,457] {local_task_job.py:156} INFO - Task exited with return code 0
[2022-08-23 11:37:10,542] {local_task_job.py:273} INFO - 1 downstream tasks scheduled from follow-on schedule check
