[2022-08-23 12:06:54,123] {taskinstance.py:1179} INFO - Dependencies all met for <TaskInstance: raizen_lab_01.print_world scheduled__2021-10-28T02:00:00+00:00 [queued]>
[2022-08-23 12:06:54,132] {taskinstance.py:1179} INFO - Dependencies all met for <TaskInstance: raizen_lab_01.print_world scheduled__2021-10-28T02:00:00+00:00 [queued]>
[2022-08-23 12:06:54,133] {taskinstance.py:1376} INFO - 
--------------------------------------------------------------------------------
[2022-08-23 12:06:54,133] {taskinstance.py:1377} INFO - Starting attempt 1 of 2
[2022-08-23 12:06:54,133] {taskinstance.py:1378} INFO - 
--------------------------------------------------------------------------------
[2022-08-23 12:06:54,145] {taskinstance.py:1397} INFO - Executing <Task(PythonOperator): print_world> on 2021-10-28 02:00:00+00:00
[2022-08-23 12:06:54,150] {standard_task_runner.py:52} INFO - Started process 906 to run task
[2022-08-23 12:06:54,153] {standard_task_runner.py:79} INFO - Running: ['***', 'tasks', 'run', 'raizen_lab_01', 'print_world', 'scheduled__2021-10-28T02:00:00+00:00', '--job-id', '2918', '--raw', '--subdir', 'DAGS_FOLDER/raizen_lab_01.py', '--cfg-path', '/tmp/tmpvfqmmwrb', '--error-file', '/tmp/tmp1esdmpm3']
[2022-08-23 12:06:54,154] {standard_task_runner.py:80} INFO - Job 2918: Subtask print_world
[2022-08-23 12:06:54,210] {task_command.py:371} INFO - Running <TaskInstance: raizen_lab_01.print_world scheduled__2021-10-28T02:00:00+00:00 [running]> on host 67b6bdae536e
[2022-08-23 12:06:54,268] {taskinstance.py:1591} INFO - Exporting the following env vars:
AIRFLOW_CTX_DAG_OWNER=admin
AIRFLOW_CTX_DAG_ID=raizen_lab_01
AIRFLOW_CTX_TASK_ID=print_world
AIRFLOW_CTX_EXECUTION_DATE=2021-10-28T02:00:00+00:00
AIRFLOW_CTX_TRY_NUMBER=1
AIRFLOW_CTX_DAG_RUN_ID=scheduled__2021-10-28T02:00:00+00:00
[2022-08-23 12:06:54,269] {logging_mixin.py:115} INFO - world
[2022-08-23 12:06:54,269] {python.py:173} INFO - Done. Returned value was: None
[2022-08-23 12:06:54,280] {taskinstance.py:1420} INFO - Marking task as SUCCESS. dag_id=raizen_lab_01, task_id=print_world, execution_date=20211028T020000, start_date=20220823T120654, end_date=20220823T120654
[2022-08-23 12:06:54,326] {local_task_job.py:156} INFO - Task exited with return code 0
[2022-08-23 12:06:54,355] {local_task_job.py:273} INFO - 0 downstream tasks scheduled from follow-on schedule check
