[2022-08-23 22:00:00,910] {taskinstance.py:1179} INFO - Dependencies all met for <TaskInstance: raizen_lab_01.01_cria_tabela scheduled__2022-08-23T21:00:00+00:00 [queued]>
[2022-08-23 22:00:00,919] {taskinstance.py:1179} INFO - Dependencies all met for <TaskInstance: raizen_lab_01.01_cria_tabela scheduled__2022-08-23T21:00:00+00:00 [queued]>
[2022-08-23 22:00:00,919] {taskinstance.py:1376} INFO - 
--------------------------------------------------------------------------------
[2022-08-23 22:00:00,922] {taskinstance.py:1377} INFO - Starting attempt 1 of 2
[2022-08-23 22:00:00,923] {taskinstance.py:1378} INFO - 
--------------------------------------------------------------------------------
[2022-08-23 22:00:00,938] {taskinstance.py:1397} INFO - Executing <Task(PythonOperator): 01_cria_tabela> on 2022-08-23 21:00:00+00:00
[2022-08-23 22:00:00,945] {standard_task_runner.py:52} INFO - Started process 419 to run task
[2022-08-23 22:00:00,948] {standard_task_runner.py:79} INFO - Running: ['***', 'tasks', 'run', 'raizen_lab_01', '01_cria_tabela', 'scheduled__2022-08-23T21:00:00+00:00', '--job-id', '9416', '--raw', '--subdir', 'DAGS_FOLDER/raizen_lab_01.py', '--cfg-path', '/tmp/tmptwdawxo6', '--error-file', '/tmp/tmpi1nuxvib']
[2022-08-23 22:00:00,950] {standard_task_runner.py:80} INFO - Job 9416: Subtask 01_cria_tabela
[2022-08-23 22:00:01,026] {task_command.py:371} INFO - Running <TaskInstance: raizen_lab_01.01_cria_tabela scheduled__2022-08-23T21:00:00+00:00 [running]> on host 80fce776ee1f
[2022-08-23 22:00:01,090] {taskinstance.py:1591} INFO - Exporting the following env vars:
AIRFLOW_CTX_DAG_OWNER=admin
AIRFLOW_CTX_DAG_ID=raizen_lab_01
AIRFLOW_CTX_TASK_ID=01_cria_tabela
AIRFLOW_CTX_EXECUTION_DATE=2022-08-23T21:00:00+00:00
AIRFLOW_CTX_TRY_NUMBER=1
AIRFLOW_CTX_DAG_RUN_ID=scheduled__2022-08-23T21:00:00+00:00
[2022-08-23 22:00:01,107] {taskinstance.py:1909} ERROR - Task failed with exception
Traceback (most recent call last):
  File "/home/airflow/.local/lib/python3.7/site-packages/airflow/operators/python.py", line 171, in execute
    return_value = self.execute_callable()
  File "/home/airflow/.local/lib/python3.7/site-packages/airflow/operators/python.py", line 189, in execute_callable
    return self.python_callable(*self.op_args, **self.op_kwargs)
  File "/opt/airflow/dags/raizen_lab_01.py", line 35, in cria_tabela
    con.select_db('SHOW DATABASES')
MySQLdb.OperationalError: (1049, "Unknown database 'show databases'")
[2022-08-23 22:00:01,122] {taskinstance.py:1420} INFO - Marking task as UP_FOR_RETRY. dag_id=raizen_lab_01, task_id=01_cria_tabela, execution_date=20220823T210000, start_date=20220823T220000, end_date=20220823T220001
[2022-08-23 22:00:01,132] {standard_task_runner.py:97} ERROR - Failed to execute job 9416 for task 01_cria_tabela ((1049, "Unknown database 'show databases'"); 419)
[2022-08-23 22:00:01,161] {local_task_job.py:156} INFO - Task exited with return code 1
[2022-08-23 22:00:01,198] {local_task_job.py:273} INFO - 0 downstream tasks scheduled from follow-on schedule check
