[2022-08-23 11:36:45,867] {taskinstance.py:1179} INFO - Dependencies all met for <TaskInstance: raizen_lab_01.print_hello scheduled__2021-10-08T11:00:00+00:00 [queued]>
[2022-08-23 11:36:45,905] {taskinstance.py:1179} INFO - Dependencies all met for <TaskInstance: raizen_lab_01.print_hello scheduled__2021-10-08T11:00:00+00:00 [queued]>
[2022-08-23 11:36:45,907] {taskinstance.py:1376} INFO - 
--------------------------------------------------------------------------------
[2022-08-23 11:36:45,908] {taskinstance.py:1377} INFO - Starting attempt 1 of 2
[2022-08-23 11:36:45,910] {taskinstance.py:1378} INFO - 
--------------------------------------------------------------------------------
[2022-08-23 11:36:45,965] {taskinstance.py:1397} INFO - Executing <Task(BashOperator): print_hello> on 2021-10-08 11:00:00+00:00
[2022-08-23 11:36:45,981] {standard_task_runner.py:52} INFO - Started process 81 to run task
[2022-08-23 11:36:45,990] {standard_task_runner.py:79} INFO - Running: ['***', 'tasks', 'run', 'raizen_lab_01', 'print_hello', 'scheduled__2021-10-08T11:00:00+00:00', '--job-id', '1482', '--raw', '--subdir', 'DAGS_FOLDER/raizen_lab_01.py', '--cfg-path', '/tmp/tmppsa9gwct', '--error-file', '/tmp/tmpvcm_p3oe']
[2022-08-23 11:36:45,994] {standard_task_runner.py:80} INFO - Job 1482: Subtask print_hello
[2022-08-23 11:36:46,180] {task_command.py:371} INFO - Running <TaskInstance: raizen_lab_01.print_hello scheduled__2021-10-08T11:00:00+00:00 [running]> on host 7f48b7aaf0fc
[2022-08-23 11:36:46,365] {taskinstance.py:1591} INFO - Exporting the following env vars:
AIRFLOW_CTX_DAG_OWNER=admin
AIRFLOW_CTX_DAG_ID=raizen_lab_01
AIRFLOW_CTX_TASK_ID=print_hello
AIRFLOW_CTX_EXECUTION_DATE=2021-10-08T11:00:00+00:00
AIRFLOW_CTX_TRY_NUMBER=1
AIRFLOW_CTX_DAG_RUN_ID=scheduled__2021-10-08T11:00:00+00:00
[2022-08-23 11:36:46,368] {subprocess.py:62} INFO - Tmp dir root location: 
 /tmp
[2022-08-23 11:36:46,370] {subprocess.py:74} INFO - Running command: ['bash', '-c', 'echo "hello"']
[2022-08-23 11:36:46,395] {subprocess.py:85} INFO - Output:
[2022-08-23 11:36:46,399] {subprocess.py:92} INFO - hello
[2022-08-23 11:36:46,400] {subprocess.py:96} INFO - Command exited with return code 0
[2022-08-23 11:36:46,560] {taskinstance.py:1420} INFO - Marking task as SUCCESS. dag_id=raizen_lab_01, task_id=print_hello, execution_date=20211008T110000, start_date=20220823T113645, end_date=20220823T113646
[2022-08-23 11:36:46,606] {local_task_job.py:156} INFO - Task exited with return code 0
[2022-08-23 11:36:46,700] {local_task_job.py:273} INFO - 1 downstream tasks scheduled from follow-on schedule check
