[2022-08-23 12:33:40,036] {taskinstance.py:1179} INFO - Dependencies all met for <TaskInstance: raizen_lab_01.sleep scheduled__2021-12-13T07:00:00+00:00 [queued]>
[2022-08-23 12:33:40,045] {taskinstance.py:1179} INFO - Dependencies all met for <TaskInstance: raizen_lab_01.sleep scheduled__2021-12-13T07:00:00+00:00 [queued]>
[2022-08-23 12:33:40,045] {taskinstance.py:1376} INFO - 
--------------------------------------------------------------------------------
[2022-08-23 12:33:40,046] {taskinstance.py:1377} INFO - Starting attempt 1 of 2
[2022-08-23 12:33:40,083] {taskinstance.py:1378} INFO - 
--------------------------------------------------------------------------------
[2022-08-23 12:33:40,151] {taskinstance.py:1397} INFO - Executing <Task(BashOperator): sleep> on 2021-12-13 07:00:00+00:00
[2022-08-23 12:33:40,158] {standard_task_runner.py:52} INFO - Started process 10616 to run task
[2022-08-23 12:33:40,161] {standard_task_runner.py:79} INFO - Running: ['***', 'tasks', 'run', 'raizen_lab_01', 'sleep', 'scheduled__2021-12-13T07:00:00+00:00', '--job-id', '6250', '--raw', '--subdir', 'DAGS_FOLDER/raizen_lab_01.py', '--cfg-path', '/tmp/tmph57cac1s', '--error-file', '/tmp/tmprf0wa2mo']
[2022-08-23 12:33:40,162] {standard_task_runner.py:80} INFO - Job 6250: Subtask sleep
[2022-08-23 12:33:40,250] {task_command.py:371} INFO - Running <TaskInstance: raizen_lab_01.sleep scheduled__2021-12-13T07:00:00+00:00 [running]> on host 6383a3236c72
[2022-08-23 12:33:40,623] {taskinstance.py:1591} INFO - Exporting the following env vars:
AIRFLOW_CTX_DAG_OWNER=admin
AIRFLOW_CTX_DAG_ID=raizen_lab_01
AIRFLOW_CTX_TASK_ID=sleep
AIRFLOW_CTX_EXECUTION_DATE=2021-12-13T07:00:00+00:00
AIRFLOW_CTX_TRY_NUMBER=1
AIRFLOW_CTX_DAG_RUN_ID=scheduled__2021-12-13T07:00:00+00:00
[2022-08-23 12:33:40,625] {subprocess.py:62} INFO - Tmp dir root location: 
 /tmp
[2022-08-23 12:33:40,626] {subprocess.py:74} INFO - Running command: ['bash', '-c', 'sleep 5']
[2022-08-23 12:33:40,640] {subprocess.py:85} INFO - Output:
[2022-08-23 12:33:45,643] {subprocess.py:96} INFO - Command exited with return code 0
[2022-08-23 12:33:45,668] {taskinstance.py:1420} INFO - Marking task as SUCCESS. dag_id=raizen_lab_01, task_id=sleep, execution_date=20211213T070000, start_date=20220823T123340, end_date=20220823T123345
[2022-08-23 12:33:45,707] {local_task_job.py:156} INFO - Task exited with return code 0
[2022-08-23 12:33:45,733] {local_task_job.py:273} INFO - 1 downstream tasks scheduled from follow-on schedule check
