[2022-08-23 13:09:49,397] {taskinstance.py:1179} INFO - Dependencies all met for <TaskInstance: raizen_lab_01.sleep scheduled__2021-12-26T12:00:00+00:00 [queued]>
[2022-08-23 13:09:49,407] {taskinstance.py:1179} INFO - Dependencies all met for <TaskInstance: raizen_lab_01.sleep scheduled__2021-12-26T12:00:00+00:00 [queued]>
[2022-08-23 13:09:49,407] {taskinstance.py:1376} INFO - 
--------------------------------------------------------------------------------
[2022-08-23 13:09:49,407] {taskinstance.py:1377} INFO - Starting attempt 1 of 2
[2022-08-23 13:09:49,408] {taskinstance.py:1378} INFO - 
--------------------------------------------------------------------------------
[2022-08-23 13:09:49,423] {taskinstance.py:1397} INFO - Executing <Task(BashOperator): sleep> on 2021-12-26 12:00:00+00:00
[2022-08-23 13:09:49,428] {standard_task_runner.py:52} INFO - Started process 490 to run task
[2022-08-23 13:09:49,431] {standard_task_runner.py:79} INFO - Running: ['***', 'tasks', 'run', 'raizen_lab_01', 'sleep', 'scheduled__2021-12-26T12:00:00+00:00', '--job-id', '7192', '--raw', '--subdir', 'DAGS_FOLDER/raizen_lab_01.py', '--cfg-path', '/tmp/tmps3qtlils', '--error-file', '/tmp/tmpkghsa7zj']
[2022-08-23 13:09:49,432] {standard_task_runner.py:80} INFO - Job 7192: Subtask sleep
[2022-08-23 13:09:49,495] {task_command.py:371} INFO - Running <TaskInstance: raizen_lab_01.sleep scheduled__2021-12-26T12:00:00+00:00 [running]> on host 965856c951e3
[2022-08-23 13:09:49,570] {taskinstance.py:1591} INFO - Exporting the following env vars:
AIRFLOW_CTX_DAG_OWNER=admin
AIRFLOW_CTX_DAG_ID=raizen_lab_01
AIRFLOW_CTX_TASK_ID=sleep
AIRFLOW_CTX_EXECUTION_DATE=2021-12-26T12:00:00+00:00
AIRFLOW_CTX_TRY_NUMBER=1
AIRFLOW_CTX_DAG_RUN_ID=scheduled__2021-12-26T12:00:00+00:00
[2022-08-23 13:09:49,572] {subprocess.py:62} INFO - Tmp dir root location: 
 /tmp
[2022-08-23 13:09:49,573] {subprocess.py:74} INFO - Running command: ['bash', '-c', 'sleep 5']
[2022-08-23 13:09:49,586] {subprocess.py:85} INFO - Output:
[2022-08-23 13:09:54,593] {subprocess.py:96} INFO - Command exited with return code 0
[2022-08-23 13:09:54,732] {taskinstance.py:1420} INFO - Marking task as SUCCESS. dag_id=raizen_lab_01, task_id=sleep, execution_date=20211226T120000, start_date=20220823T130949, end_date=20220823T130954
[2022-08-23 13:09:54,766] {local_task_job.py:156} INFO - Task exited with return code 0
[2022-08-23 13:09:54,826] {local_task_job.py:273} INFO - 1 downstream tasks scheduled from follow-on schedule check
