[2022-08-23 12:23:48,187] {taskinstance.py:1179} INFO - Dependencies all met for <TaskInstance: raizen_lab_01.print_hello scheduled__2021-11-17T14:00:00+00:00 [queued]>
[2022-08-23 12:23:48,197] {taskinstance.py:1179} INFO - Dependencies all met for <TaskInstance: raizen_lab_01.print_hello scheduled__2021-11-17T14:00:00+00:00 [queued]>
[2022-08-23 12:23:48,198] {taskinstance.py:1376} INFO - 
--------------------------------------------------------------------------------
[2022-08-23 12:23:48,198] {taskinstance.py:1377} INFO - Starting attempt 1 of 2
[2022-08-23 12:23:48,199] {taskinstance.py:1378} INFO - 
--------------------------------------------------------------------------------
[2022-08-23 12:23:48,225] {taskinstance.py:1397} INFO - Executing <Task(BashOperator): print_hello> on 2021-11-17 14:00:00+00:00
[2022-08-23 12:23:48,233] {standard_task_runner.py:52} INFO - Started process 3299 to run task
[2022-08-23 12:23:48,237] {standard_task_runner.py:79} INFO - Running: ['***', 'tasks', 'run', 'raizen_lab_01', 'print_hello', 'scheduled__2021-11-17T14:00:00+00:00', '--job-id', '4380', '--raw', '--subdir', 'DAGS_FOLDER/raizen_lab_01.py', '--cfg-path', '/tmp/tmpr699djqw', '--error-file', '/tmp/tmp9egmlv6p']
[2022-08-23 12:23:48,239] {standard_task_runner.py:80} INFO - Job 4380: Subtask print_hello
[2022-08-23 12:23:48,332] {task_command.py:371} INFO - Running <TaskInstance: raizen_lab_01.print_hello scheduled__2021-11-17T14:00:00+00:00 [running]> on host 6383a3236c72
[2022-08-23 12:23:48,423] {taskinstance.py:1591} INFO - Exporting the following env vars:
AIRFLOW_CTX_DAG_OWNER=admin
AIRFLOW_CTX_DAG_ID=raizen_lab_01
AIRFLOW_CTX_TASK_ID=print_hello
AIRFLOW_CTX_EXECUTION_DATE=2021-11-17T14:00:00+00:00
AIRFLOW_CTX_TRY_NUMBER=1
AIRFLOW_CTX_DAG_RUN_ID=scheduled__2021-11-17T14:00:00+00:00
[2022-08-23 12:23:48,425] {subprocess.py:62} INFO - Tmp dir root location: 
 /tmp
[2022-08-23 12:23:48,426] {subprocess.py:74} INFO - Running command: ['bash', '-c', 'echo "hello"']
[2022-08-23 12:23:48,438] {subprocess.py:85} INFO - Output:
[2022-08-23 12:23:48,440] {subprocess.py:92} INFO - hello
[2022-08-23 12:23:48,441] {subprocess.py:96} INFO - Command exited with return code 0
[2022-08-23 12:23:48,488] {taskinstance.py:1420} INFO - Marking task as SUCCESS. dag_id=raizen_lab_01, task_id=print_hello, execution_date=20211117T140000, start_date=20220823T122348, end_date=20220823T122348
[2022-08-23 12:23:48,529] {local_task_job.py:156} INFO - Task exited with return code 0
[2022-08-23 12:23:48,594] {local_task_job.py:273} INFO - 1 downstream tasks scheduled from follow-on schedule check
