[2022-08-23 11:27:48,904] {taskinstance.py:1179} INFO - Dependencies all met for <TaskInstance: raizen_lab_01.sleep scheduled__2021-09-18T22:00:00+00:00 [queued]>
[2022-08-23 11:27:48,937] {taskinstance.py:1179} INFO - Dependencies all met for <TaskInstance: raizen_lab_01.sleep scheduled__2021-09-18T22:00:00+00:00 [queued]>
[2022-08-23 11:27:48,939] {taskinstance.py:1376} INFO - 
--------------------------------------------------------------------------------
[2022-08-23 11:27:48,940] {taskinstance.py:1377} INFO - Starting attempt 1 of 2
[2022-08-23 11:27:48,942] {taskinstance.py:1378} INFO - 
--------------------------------------------------------------------------------
[2022-08-23 11:27:48,979] {taskinstance.py:1397} INFO - Executing <Task(BashOperator): sleep> on 2021-09-18 22:00:00+00:00
[2022-08-23 11:27:48,998] {standard_task_runner.py:52} INFO - Started process 125 to run task
[2022-08-23 11:27:49,015] {standard_task_runner.py:79} INFO - Running: ['***', 'tasks', 'run', 'raizen_lab_01', 'sleep', 'scheduled__2021-09-18T22:00:00+00:00', '--job-id', '76', '--raw', '--subdir', 'DAGS_FOLDER/raizen_lab_01.py', '--cfg-path', '/tmp/tmphbqob2av', '--error-file', '/tmp/tmpjr62seib']
[2022-08-23 11:27:49,020] {standard_task_runner.py:80} INFO - Job 76: Subtask sleep
[2022-08-23 11:27:49,203] {task_command.py:371} INFO - Running <TaskInstance: raizen_lab_01.sleep scheduled__2021-09-18T22:00:00+00:00 [running]> on host 7f48b7aaf0fc
[2022-08-23 11:27:49,375] {taskinstance.py:1591} INFO - Exporting the following env vars:
AIRFLOW_CTX_DAG_OWNER=admin
AIRFLOW_CTX_DAG_ID=raizen_lab_01
AIRFLOW_CTX_TASK_ID=sleep
AIRFLOW_CTX_EXECUTION_DATE=2021-09-18T22:00:00+00:00
AIRFLOW_CTX_TRY_NUMBER=1
AIRFLOW_CTX_DAG_RUN_ID=scheduled__2021-09-18T22:00:00+00:00
[2022-08-23 11:27:49,383] {subprocess.py:62} INFO - Tmp dir root location: 
 /tmp
[2022-08-23 11:27:49,386] {subprocess.py:74} INFO - Running command: ['bash', '-c', 'sleep 5']
[2022-08-23 11:27:49,418] {subprocess.py:85} INFO - Output:
[2022-08-23 11:27:54,422] {subprocess.py:96} INFO - Command exited with return code 0
[2022-08-23 11:27:54,471] {taskinstance.py:1420} INFO - Marking task as SUCCESS. dag_id=raizen_lab_01, task_id=sleep, execution_date=20210918T220000, start_date=20220823T112748, end_date=20220823T112754
[2022-08-23 11:27:54,517] {local_task_job.py:156} INFO - Task exited with return code 0
[2022-08-23 11:27:54,559] {local_task_job.py:273} INFO - 1 downstream tasks scheduled from follow-on schedule check
