[2022-08-23 12:08:18,254] {taskinstance.py:1179} INFO - Dependencies all met for <TaskInstance: raizen_lab_01.print_hello scheduled__2021-11-01T10:00:00+00:00 [queued]>
[2022-08-23 12:08:18,265] {taskinstance.py:1179} INFO - Dependencies all met for <TaskInstance: raizen_lab_01.print_hello scheduled__2021-11-01T10:00:00+00:00 [queued]>
[2022-08-23 12:08:18,265] {taskinstance.py:1376} INFO - 
--------------------------------------------------------------------------------
[2022-08-23 12:08:18,266] {taskinstance.py:1377} INFO - Starting attempt 1 of 2
[2022-08-23 12:08:18,266] {taskinstance.py:1378} INFO - 
--------------------------------------------------------------------------------
[2022-08-23 12:08:18,281] {taskinstance.py:1397} INFO - Executing <Task(BashOperator): print_hello> on 2021-11-01 10:00:00+00:00
[2022-08-23 12:08:18,287] {standard_task_runner.py:52} INFO - Started process 1764 to run task
[2022-08-23 12:08:18,290] {standard_task_runner.py:79} INFO - Running: ['***', 'tasks', 'run', 'raizen_lab_01', 'print_hello', 'scheduled__2021-11-01T10:00:00+00:00', '--job-id', '3215', '--raw', '--subdir', 'DAGS_FOLDER/raizen_lab_01.py', '--cfg-path', '/tmp/tmpg99cb3c1', '--error-file', '/tmp/tmpntgymai2']
[2022-08-23 12:08:18,291] {standard_task_runner.py:80} INFO - Job 3215: Subtask print_hello
[2022-08-23 12:08:18,366] {task_command.py:371} INFO - Running <TaskInstance: raizen_lab_01.print_hello scheduled__2021-11-01T10:00:00+00:00 [running]> on host 67b6bdae536e
[2022-08-23 12:08:18,443] {taskinstance.py:1591} INFO - Exporting the following env vars:
AIRFLOW_CTX_DAG_OWNER=admin
AIRFLOW_CTX_DAG_ID=raizen_lab_01
AIRFLOW_CTX_TASK_ID=print_hello
AIRFLOW_CTX_EXECUTION_DATE=2021-11-01T10:00:00+00:00
AIRFLOW_CTX_TRY_NUMBER=1
AIRFLOW_CTX_DAG_RUN_ID=scheduled__2021-11-01T10:00:00+00:00
[2022-08-23 12:08:18,444] {subprocess.py:62} INFO - Tmp dir root location: 
 /tmp
[2022-08-23 12:08:18,445] {subprocess.py:74} INFO - Running command: ['bash', '-c', 'echo "hello"']
[2022-08-23 12:08:18,454] {subprocess.py:85} INFO - Output:
[2022-08-23 12:08:18,456] {subprocess.py:92} INFO - hello
[2022-08-23 12:08:18,456] {subprocess.py:96} INFO - Command exited with return code 0
[2022-08-23 12:08:18,486] {taskinstance.py:1420} INFO - Marking task as SUCCESS. dag_id=raizen_lab_01, task_id=print_hello, execution_date=20211101T100000, start_date=20220823T120818, end_date=20220823T120818
[2022-08-23 12:08:18,542] {local_task_job.py:156} INFO - Task exited with return code 0
[2022-08-23 12:08:18,589] {local_task_job.py:273} INFO - 1 downstream tasks scheduled from follow-on schedule check
