[2022-08-23 23:33:14,698] {taskinstance.py:1179} INFO - Dependencies all met for <TaskInstance: raizen_lab_01.insere_dados_na_tabela manual__2022-08-23T23:33:11.475924+00:00 [queued]>
[2022-08-23 23:33:14,708] {taskinstance.py:1179} INFO - Dependencies all met for <TaskInstance: raizen_lab_01.insere_dados_na_tabela manual__2022-08-23T23:33:11.475924+00:00 [queued]>
[2022-08-23 23:33:14,709] {taskinstance.py:1376} INFO - 
--------------------------------------------------------------------------------
[2022-08-23 23:33:14,710] {taskinstance.py:1377} INFO - Starting attempt 1 of 2
[2022-08-23 23:33:14,710] {taskinstance.py:1378} INFO - 
--------------------------------------------------------------------------------
[2022-08-23 23:33:14,722] {taskinstance.py:1397} INFO - Executing <Task(PythonOperator): insere_dados_na_tabela> on 2022-08-23 23:33:11.475924+00:00
[2022-08-23 23:33:14,728] {standard_task_runner.py:52} INFO - Started process 76 to run task
[2022-08-23 23:33:14,731] {standard_task_runner.py:79} INFO - Running: ['***', 'tasks', 'run', 'raizen_lab_01', 'insere_dados_na_tabela', 'manual__2022-08-23T23:33:11.475924+00:00', '--job-id', '9531', '--raw', '--subdir', 'DAGS_FOLDER/raizen_lab_01.py', '--cfg-path', '/tmp/tmpg5vvkqtp', '--error-file', '/tmp/tmpem9xdx6b']
[2022-08-23 23:33:14,732] {standard_task_runner.py:80} INFO - Job 9531: Subtask insere_dados_na_tabela
[2022-08-23 23:33:14,799] {task_command.py:371} INFO - Running <TaskInstance: raizen_lab_01.insere_dados_na_tabela manual__2022-08-23T23:33:11.475924+00:00 [running]> on host 25dd15f8d678
[2022-08-23 23:33:14,863] {taskinstance.py:1591} INFO - Exporting the following env vars:
AIRFLOW_CTX_DAG_OWNER=admin
AIRFLOW_CTX_DAG_ID=raizen_lab_01
AIRFLOW_CTX_TASK_ID=insere_dados_na_tabela
AIRFLOW_CTX_EXECUTION_DATE=2022-08-23T23:33:11.475924+00:00
AIRFLOW_CTX_TRY_NUMBER=1
AIRFLOW_CTX_DAG_RUN_ID=manual__2022-08-23T23:33:11.475924+00:00
[2022-08-23 23:33:14,885] {logging_mixin.py:115} INFO - TABELA CRIADA
[2022-08-23 23:33:14,885] {python.py:173} INFO - Done. Returned value was: None
[2022-08-23 23:33:14,896] {taskinstance.py:1420} INFO - Marking task as SUCCESS. dag_id=raizen_lab_01, task_id=insere_dados_na_tabela, execution_date=20220823T233311, start_date=20220823T233314, end_date=20220823T233314
[2022-08-23 23:33:14,943] {local_task_job.py:156} INFO - Task exited with return code 0
[2022-08-23 23:33:14,976] {local_task_job.py:273} INFO - 1 downstream tasks scheduled from follow-on schedule check
