[2022-08-23 12:20:37,592] {taskinstance.py:1179} INFO - Dependencies all met for <TaskInstance: raizen_lab_01.print_hello scheduled__2021-11-09T12:00:00+00:00 [queued]>
[2022-08-23 12:20:37,617] {taskinstance.py:1179} INFO - Dependencies all met for <TaskInstance: raizen_lab_01.print_hello scheduled__2021-11-09T12:00:00+00:00 [queued]>
[2022-08-23 12:20:37,618] {taskinstance.py:1376} INFO - 
--------------------------------------------------------------------------------
[2022-08-23 12:20:37,619] {taskinstance.py:1377} INFO - Starting attempt 1 of 2
[2022-08-23 12:20:37,619] {taskinstance.py:1378} INFO - 
--------------------------------------------------------------------------------
[2022-08-23 12:20:37,650] {taskinstance.py:1397} INFO - Executing <Task(BashOperator): print_hello> on 2021-11-09 12:00:00+00:00
[2022-08-23 12:20:37,663] {standard_task_runner.py:52} INFO - Started process 1025 to run task
[2022-08-23 12:20:37,667] {standard_task_runner.py:79} INFO - Running: ['***', 'tasks', 'run', 'raizen_lab_01', 'print_hello', 'scheduled__2021-11-09T12:00:00+00:00', '--job-id', '3800', '--raw', '--subdir', 'DAGS_FOLDER/raizen_lab_01.py', '--cfg-path', '/tmp/tmpb5qpckhk', '--error-file', '/tmp/tmp5rklialq']
[2022-08-23 12:20:37,669] {standard_task_runner.py:80} INFO - Job 3800: Subtask print_hello
[2022-08-23 12:20:37,788] {task_command.py:371} INFO - Running <TaskInstance: raizen_lab_01.print_hello scheduled__2021-11-09T12:00:00+00:00 [running]> on host 6383a3236c72
[2022-08-23 12:20:37,888] {taskinstance.py:1591} INFO - Exporting the following env vars:
AIRFLOW_CTX_DAG_OWNER=admin
AIRFLOW_CTX_DAG_ID=raizen_lab_01
AIRFLOW_CTX_TASK_ID=print_hello
AIRFLOW_CTX_EXECUTION_DATE=2021-11-09T12:00:00+00:00
AIRFLOW_CTX_TRY_NUMBER=1
AIRFLOW_CTX_DAG_RUN_ID=scheduled__2021-11-09T12:00:00+00:00
[2022-08-23 12:20:37,890] {subprocess.py:62} INFO - Tmp dir root location: 
 /tmp
[2022-08-23 12:20:37,891] {subprocess.py:74} INFO - Running command: ['bash', '-c', 'echo "hello"']
[2022-08-23 12:20:37,918] {subprocess.py:85} INFO - Output:
[2022-08-23 12:20:37,922] {subprocess.py:92} INFO - hello
[2022-08-23 12:20:37,923] {subprocess.py:96} INFO - Command exited with return code 0
[2022-08-23 12:20:37,979] {taskinstance.py:1420} INFO - Marking task as SUCCESS. dag_id=raizen_lab_01, task_id=print_hello, execution_date=20211109T120000, start_date=20220823T122037, end_date=20220823T122037
[2022-08-23 12:20:38,043] {local_task_job.py:156} INFO - Task exited with return code 0
[2022-08-23 12:20:38,094] {local_task_job.py:273} INFO - 1 downstream tasks scheduled from follow-on schedule check
