[2022-08-23 12:35:07,124] {taskinstance.py:1179} INFO - Dependencies all met for <TaskInstance: raizen_lab_01.sleep scheduled__2021-12-17T05:00:00+00:00 [queued]>
[2022-08-23 12:35:07,135] {taskinstance.py:1179} INFO - Dependencies all met for <TaskInstance: raizen_lab_01.sleep scheduled__2021-12-17T05:00:00+00:00 [queued]>
[2022-08-23 12:35:07,136] {taskinstance.py:1376} INFO - 
--------------------------------------------------------------------------------
[2022-08-23 12:35:07,136] {taskinstance.py:1377} INFO - Starting attempt 1 of 2
[2022-08-23 12:35:07,137] {taskinstance.py:1378} INFO - 
--------------------------------------------------------------------------------
[2022-08-23 12:35:07,154] {taskinstance.py:1397} INFO - Executing <Task(BashOperator): sleep> on 2021-12-17 05:00:00+00:00
[2022-08-23 12:35:07,162] {standard_task_runner.py:52} INFO - Started process 11728 to run task
[2022-08-23 12:35:07,165] {standard_task_runner.py:79} INFO - Running: ['***', 'tasks', 'run', 'raizen_lab_01', 'sleep', 'scheduled__2021-12-17T05:00:00+00:00', '--job-id', '6534', '--raw', '--subdir', 'DAGS_FOLDER/raizen_lab_01.py', '--cfg-path', '/tmp/tmpjg9yhm0u', '--error-file', '/tmp/tmpehglupgo']
[2022-08-23 12:35:07,167] {standard_task_runner.py:80} INFO - Job 6534: Subtask sleep
[2022-08-23 12:35:07,227] {task_command.py:371} INFO - Running <TaskInstance: raizen_lab_01.sleep scheduled__2021-12-17T05:00:00+00:00 [running]> on host 6383a3236c72
[2022-08-23 12:35:07,314] {taskinstance.py:1591} INFO - Exporting the following env vars:
AIRFLOW_CTX_DAG_OWNER=admin
AIRFLOW_CTX_DAG_ID=raizen_lab_01
AIRFLOW_CTX_TASK_ID=sleep
AIRFLOW_CTX_EXECUTION_DATE=2021-12-17T05:00:00+00:00
AIRFLOW_CTX_TRY_NUMBER=1
AIRFLOW_CTX_DAG_RUN_ID=scheduled__2021-12-17T05:00:00+00:00
[2022-08-23 12:35:07,316] {subprocess.py:62} INFO - Tmp dir root location: 
 /tmp
[2022-08-23 12:35:07,317] {subprocess.py:74} INFO - Running command: ['bash', '-c', 'sleep 5']
[2022-08-23 12:35:07,333] {subprocess.py:85} INFO - Output:
[2022-08-23 12:35:12,336] {subprocess.py:96} INFO - Command exited with return code 0
[2022-08-23 12:35:12,360] {taskinstance.py:1420} INFO - Marking task as SUCCESS. dag_id=raizen_lab_01, task_id=sleep, execution_date=20211217T050000, start_date=20220823T123507, end_date=20220823T123512
[2022-08-23 12:35:12,389] {local_task_job.py:156} INFO - Task exited with return code 0
[2022-08-23 12:35:12,483] {local_task_job.py:273} INFO - 1 downstream tasks scheduled from follow-on schedule check
