[2022-08-23 11:33:45,682] {taskinstance.py:1179} INFO - Dependencies all met for <TaskInstance: raizen_lab_01.print_hello scheduled__2021-10-02T14:00:00+00:00 [queued]>
[2022-08-23 11:33:45,701] {taskinstance.py:1179} INFO - Dependencies all met for <TaskInstance: raizen_lab_01.print_hello scheduled__2021-10-02T14:00:00+00:00 [queued]>
[2022-08-23 11:33:45,701] {taskinstance.py:1376} INFO - 
--------------------------------------------------------------------------------
[2022-08-23 11:33:45,702] {taskinstance.py:1377} INFO - Starting attempt 1 of 2
[2022-08-23 11:33:45,702] {taskinstance.py:1378} INFO - 
--------------------------------------------------------------------------------
[2022-08-23 11:33:45,722] {taskinstance.py:1397} INFO - Executing <Task(BashOperator): print_hello> on 2021-10-02 14:00:00+00:00
[2022-08-23 11:33:45,730] {standard_task_runner.py:52} INFO - Started process 3004 to run task
[2022-08-23 11:33:45,735] {standard_task_runner.py:79} INFO - Running: ['***', 'tasks', 'run', 'raizen_lab_01', 'print_hello', 'scheduled__2021-10-02T14:00:00+00:00', '--job-id', '1061', '--raw', '--subdir', 'DAGS_FOLDER/raizen_lab_01.py', '--cfg-path', '/tmp/tmp8dc_b6k3', '--error-file', '/tmp/tmpxi_5bbzk']
[2022-08-23 11:33:45,736] {standard_task_runner.py:80} INFO - Job 1061: Subtask print_hello
[2022-08-23 11:33:45,832] {task_command.py:371} INFO - Running <TaskInstance: raizen_lab_01.print_hello scheduled__2021-10-02T14:00:00+00:00 [running]> on host 7f48b7aaf0fc
[2022-08-23 11:33:45,946] {taskinstance.py:1591} INFO - Exporting the following env vars:
AIRFLOW_CTX_DAG_OWNER=admin
AIRFLOW_CTX_DAG_ID=raizen_lab_01
AIRFLOW_CTX_TASK_ID=print_hello
AIRFLOW_CTX_EXECUTION_DATE=2021-10-02T14:00:00+00:00
AIRFLOW_CTX_TRY_NUMBER=1
AIRFLOW_CTX_DAG_RUN_ID=scheduled__2021-10-02T14:00:00+00:00
[2022-08-23 11:33:45,948] {subprocess.py:62} INFO - Tmp dir root location: 
 /tmp
[2022-08-23 11:33:45,949] {subprocess.py:74} INFO - Running command: ['bash', '-c', 'echo "hello"']
[2022-08-23 11:33:45,968] {subprocess.py:85} INFO - Output:
[2022-08-23 11:33:45,971] {subprocess.py:92} INFO - hello
[2022-08-23 11:33:45,972] {subprocess.py:96} INFO - Command exited with return code 0
[2022-08-23 11:33:46,016] {taskinstance.py:1420} INFO - Marking task as SUCCESS. dag_id=raizen_lab_01, task_id=print_hello, execution_date=20211002T140000, start_date=20220823T113345, end_date=20220823T113346
[2022-08-23 11:33:46,067] {local_task_job.py:156} INFO - Task exited with return code 0
[2022-08-23 11:33:46,133] {local_task_job.py:273} INFO - 1 downstream tasks scheduled from follow-on schedule check
