[2022-08-23 11:37:23,322] {taskinstance.py:1179} INFO - Dependencies all met for <TaskInstance: raizen_lab_01.print_hello scheduled__2021-10-10T00:00:00+00:00 [queued]>
[2022-08-23 11:37:23,338] {taskinstance.py:1179} INFO - Dependencies all met for <TaskInstance: raizen_lab_01.print_hello scheduled__2021-10-10T00:00:00+00:00 [queued]>
[2022-08-23 11:37:23,338] {taskinstance.py:1376} INFO - 
--------------------------------------------------------------------------------
[2022-08-23 11:37:23,339] {taskinstance.py:1377} INFO - Starting attempt 1 of 2
[2022-08-23 11:37:23,340] {taskinstance.py:1378} INFO - 
--------------------------------------------------------------------------------
[2022-08-23 11:37:23,362] {taskinstance.py:1397} INFO - Executing <Task(BashOperator): print_hello> on 2021-10-10 00:00:00+00:00
[2022-08-23 11:37:23,370] {standard_task_runner.py:52} INFO - Started process 402 to run task
[2022-08-23 11:37:23,376] {standard_task_runner.py:79} INFO - Running: ['***', 'tasks', 'run', 'raizen_lab_01', 'print_hello', 'scheduled__2021-10-10T00:00:00+00:00', '--job-id', '1589', '--raw', '--subdir', 'DAGS_FOLDER/raizen_lab_01.py', '--cfg-path', '/tmp/tmptf734q9_', '--error-file', '/tmp/tmpp7hmksry']
[2022-08-23 11:37:23,377] {standard_task_runner.py:80} INFO - Job 1589: Subtask print_hello
[2022-08-23 11:37:23,523] {task_command.py:371} INFO - Running <TaskInstance: raizen_lab_01.print_hello scheduled__2021-10-10T00:00:00+00:00 [running]> on host 7f48b7aaf0fc
[2022-08-23 11:37:23,656] {taskinstance.py:1591} INFO - Exporting the following env vars:
AIRFLOW_CTX_DAG_OWNER=admin
AIRFLOW_CTX_DAG_ID=raizen_lab_01
AIRFLOW_CTX_TASK_ID=print_hello
AIRFLOW_CTX_EXECUTION_DATE=2021-10-10T00:00:00+00:00
AIRFLOW_CTX_TRY_NUMBER=1
AIRFLOW_CTX_DAG_RUN_ID=scheduled__2021-10-10T00:00:00+00:00
[2022-08-23 11:37:23,659] {subprocess.py:62} INFO - Tmp dir root location: 
 /tmp
[2022-08-23 11:37:23,660] {subprocess.py:74} INFO - Running command: ['bash', '-c', 'echo "hello"']
[2022-08-23 11:37:23,677] {subprocess.py:85} INFO - Output:
[2022-08-23 11:37:23,679] {subprocess.py:92} INFO - hello
[2022-08-23 11:37:23,680] {subprocess.py:96} INFO - Command exited with return code 0
[2022-08-23 11:37:23,733] {taskinstance.py:1420} INFO - Marking task as SUCCESS. dag_id=raizen_lab_01, task_id=print_hello, execution_date=20211010T000000, start_date=20220823T113723, end_date=20220823T113723
[2022-08-23 11:37:23,789] {local_task_job.py:156} INFO - Task exited with return code 0
[2022-08-23 11:37:23,990] {local_task_job.py:273} INFO - 0 downstream tasks scheduled from follow-on schedule check
