[2022-08-23 12:26:54,688] {taskinstance.py:1179} INFO - Dependencies all met for <TaskInstance: raizen_lab_01.sleep scheduled__2021-11-25T06:00:00+00:00 [queued]>
[2022-08-23 12:26:54,698] {taskinstance.py:1179} INFO - Dependencies all met for <TaskInstance: raizen_lab_01.sleep scheduled__2021-11-25T06:00:00+00:00 [queued]>
[2022-08-23 12:26:54,699] {taskinstance.py:1376} INFO - 
--------------------------------------------------------------------------------
[2022-08-23 12:26:54,699] {taskinstance.py:1377} INFO - Starting attempt 1 of 2
[2022-08-23 12:26:54,700] {taskinstance.py:1378} INFO - 
--------------------------------------------------------------------------------
[2022-08-23 12:26:54,720] {taskinstance.py:1397} INFO - Executing <Task(BashOperator): sleep> on 2021-11-25 06:00:00+00:00
[2022-08-23 12:26:54,728] {standard_task_runner.py:52} INFO - Started process 5537 to run task
[2022-08-23 12:26:54,732] {standard_task_runner.py:79} INFO - Running: ['***', 'tasks', 'run', 'raizen_lab_01', 'sleep', 'scheduled__2021-11-25T06:00:00+00:00', '--job-id', '4952', '--raw', '--subdir', 'DAGS_FOLDER/raizen_lab_01.py', '--cfg-path', '/tmp/tmp1ewvp1n4', '--error-file', '/tmp/tmp6oj5ufpu']
[2022-08-23 12:26:54,735] {standard_task_runner.py:80} INFO - Job 4952: Subtask sleep
[2022-08-23 12:26:54,811] {task_command.py:371} INFO - Running <TaskInstance: raizen_lab_01.sleep scheduled__2021-11-25T06:00:00+00:00 [running]> on host 6383a3236c72
[2022-08-23 12:26:54,895] {taskinstance.py:1591} INFO - Exporting the following env vars:
AIRFLOW_CTX_DAG_OWNER=admin
AIRFLOW_CTX_DAG_ID=raizen_lab_01
AIRFLOW_CTX_TASK_ID=sleep
AIRFLOW_CTX_EXECUTION_DATE=2021-11-25T06:00:00+00:00
AIRFLOW_CTX_TRY_NUMBER=1
AIRFLOW_CTX_DAG_RUN_ID=scheduled__2021-11-25T06:00:00+00:00
[2022-08-23 12:26:54,897] {subprocess.py:62} INFO - Tmp dir root location: 
 /tmp
[2022-08-23 12:26:54,897] {subprocess.py:74} INFO - Running command: ['bash', '-c', 'sleep 5']
[2022-08-23 12:26:54,909] {subprocess.py:85} INFO - Output:
[2022-08-23 12:26:59,912] {subprocess.py:96} INFO - Command exited with return code 0
[2022-08-23 12:26:59,936] {taskinstance.py:1420} INFO - Marking task as SUCCESS. dag_id=raizen_lab_01, task_id=sleep, execution_date=20211125T060000, start_date=20220823T122654, end_date=20220823T122659
[2022-08-23 12:26:59,958] {local_task_job.py:156} INFO - Task exited with return code 0
[2022-08-23 12:26:59,985] {local_task_job.py:273} INFO - 1 downstream tasks scheduled from follow-on schedule check
