[2022-08-23 11:46:48,890] {taskinstance.py:1179} INFO - Dependencies all met for <TaskInstance: raizen_lab_01.sleep scheduled__2021-10-17T23:00:00+00:00 [queued]>
[2022-08-23 11:46:48,914] {taskinstance.py:1179} INFO - Dependencies all met for <TaskInstance: raizen_lab_01.sleep scheduled__2021-10-17T23:00:00+00:00 [queued]>
[2022-08-23 11:46:48,915] {taskinstance.py:1376} INFO - 
--------------------------------------------------------------------------------
[2022-08-23 11:46:48,916] {taskinstance.py:1377} INFO - Starting attempt 1 of 2
[2022-08-23 11:46:48,917] {taskinstance.py:1378} INFO - 
--------------------------------------------------------------------------------
[2022-08-23 11:46:48,949] {taskinstance.py:1397} INFO - Executing <Task(BashOperator): sleep> on 2021-10-17 23:00:00+00:00
[2022-08-23 11:46:48,958] {standard_task_runner.py:52} INFO - Started process 516 to run task
[2022-08-23 11:46:48,964] {standard_task_runner.py:79} INFO - Running: ['***', 'tasks', 'run', 'raizen_lab_01', 'sleep', 'scheduled__2021-10-17T23:00:00+00:00', '--job-id', '2181', '--raw', '--subdir', 'DAGS_FOLDER/raizen_lab_01.py', '--cfg-path', '/tmp/tmptouml_nd', '--error-file', '/tmp/tmphon4od5a']
[2022-08-23 11:46:48,965] {standard_task_runner.py:80} INFO - Job 2181: Subtask sleep
[2022-08-23 11:46:49,144] {task_command.py:371} INFO - Running <TaskInstance: raizen_lab_01.sleep scheduled__2021-10-17T23:00:00+00:00 [running]> on host fc645605a611
[2022-08-23 11:46:49,310] {taskinstance.py:1591} INFO - Exporting the following env vars:
AIRFLOW_CTX_DAG_OWNER=admin
AIRFLOW_CTX_DAG_ID=raizen_lab_01
AIRFLOW_CTX_TASK_ID=sleep
AIRFLOW_CTX_EXECUTION_DATE=2021-10-17T23:00:00+00:00
AIRFLOW_CTX_TRY_NUMBER=1
AIRFLOW_CTX_DAG_RUN_ID=scheduled__2021-10-17T23:00:00+00:00
[2022-08-23 11:46:49,314] {subprocess.py:62} INFO - Tmp dir root location: 
 /tmp
[2022-08-23 11:46:49,315] {subprocess.py:74} INFO - Running command: ['bash', '-c', 'sleep 5']
[2022-08-23 11:46:49,344] {subprocess.py:85} INFO - Output:
[2022-08-23 11:46:54,352] {subprocess.py:96} INFO - Command exited with return code 0
[2022-08-23 11:46:54,463] {taskinstance.py:1420} INFO - Marking task as SUCCESS. dag_id=raizen_lab_01, task_id=sleep, execution_date=20211017T230000, start_date=20220823T114648, end_date=20220823T114654
[2022-08-23 11:46:54,554] {local_task_job.py:156} INFO - Task exited with return code 0
[2022-08-23 11:46:54,830] {local_task_job.py:273} INFO - 0 downstream tasks scheduled from follow-on schedule check
