[2022-08-23 11:37:59,784] {taskinstance.py:1179} INFO - Dependencies all met for <TaskInstance: raizen_lab_01.print_world scheduled__2021-10-10T21:00:00+00:00 [queued]>
[2022-08-23 11:37:59,803] {taskinstance.py:1179} INFO - Dependencies all met for <TaskInstance: raizen_lab_01.print_world scheduled__2021-10-10T21:00:00+00:00 [queued]>
[2022-08-23 11:37:59,804] {taskinstance.py:1376} INFO - 
--------------------------------------------------------------------------------
[2022-08-23 11:37:59,805] {taskinstance.py:1377} INFO - Starting attempt 1 of 2
[2022-08-23 11:37:59,805] {taskinstance.py:1378} INFO - 
--------------------------------------------------------------------------------
[2022-08-23 11:37:59,839] {taskinstance.py:1397} INFO - Executing <Task(PythonOperator): print_world> on 2021-10-10 21:00:00+00:00
[2022-08-23 11:37:59,848] {standard_task_runner.py:52} INFO - Started process 699 to run task
[2022-08-23 11:37:59,855] {standard_task_runner.py:79} INFO - Running: ['***', 'tasks', 'run', 'raizen_lab_01', 'print_world', 'scheduled__2021-10-10T21:00:00+00:00', '--job-id', '1689', '--raw', '--subdir', 'DAGS_FOLDER/raizen_lab_01.py', '--cfg-path', '/tmp/tmpfin58k_n', '--error-file', '/tmp/tmp8ww6oyj7']
[2022-08-23 11:37:59,856] {standard_task_runner.py:80} INFO - Job 1689: Subtask print_world
[2022-08-23 11:37:59,970] {task_command.py:371} INFO - Running <TaskInstance: raizen_lab_01.print_world scheduled__2021-10-10T21:00:00+00:00 [running]> on host 7f48b7aaf0fc
[2022-08-23 11:38:00,091] {taskinstance.py:1591} INFO - Exporting the following env vars:
AIRFLOW_CTX_DAG_OWNER=admin
AIRFLOW_CTX_DAG_ID=raizen_lab_01
AIRFLOW_CTX_TASK_ID=print_world
AIRFLOW_CTX_EXECUTION_DATE=2021-10-10T21:00:00+00:00
AIRFLOW_CTX_TRY_NUMBER=1
AIRFLOW_CTX_DAG_RUN_ID=scheduled__2021-10-10T21:00:00+00:00
[2022-08-23 11:38:00,093] {logging_mixin.py:115} INFO - world
[2022-08-23 11:38:00,094] {python.py:173} INFO - Done. Returned value was: None
[2022-08-23 11:38:00,120] {taskinstance.py:1420} INFO - Marking task as SUCCESS. dag_id=raizen_lab_01, task_id=print_world, execution_date=20211010T210000, start_date=20220823T113759, end_date=20220823T113800
[2022-08-23 11:38:00,185] {local_task_job.py:156} INFO - Task exited with return code 0
[2022-08-23 11:38:00,233] {local_task_job.py:273} INFO - 0 downstream tasks scheduled from follow-on schedule check
