[2022-08-23 12:21:59,676] {taskinstance.py:1179} INFO - Dependencies all met for <TaskInstance: raizen_lab_01.sleep scheduled__2021-11-12T19:00:00+00:00 [queued]>
[2022-08-23 12:21:59,688] {taskinstance.py:1179} INFO - Dependencies all met for <TaskInstance: raizen_lab_01.sleep scheduled__2021-11-12T19:00:00+00:00 [queued]>
[2022-08-23 12:21:59,689] {taskinstance.py:1376} INFO - 
--------------------------------------------------------------------------------
[2022-08-23 12:21:59,689] {taskinstance.py:1377} INFO - Starting attempt 1 of 2
[2022-08-23 12:21:59,689] {taskinstance.py:1378} INFO - 
--------------------------------------------------------------------------------
[2022-08-23 12:21:59,707] {taskinstance.py:1397} INFO - Executing <Task(BashOperator): sleep> on 2021-11-12 19:00:00+00:00
[2022-08-23 12:21:59,714] {standard_task_runner.py:52} INFO - Started process 1996 to run task
[2022-08-23 12:21:59,719] {standard_task_runner.py:79} INFO - Running: ['***', 'tasks', 'run', 'raizen_lab_01', 'sleep', 'scheduled__2021-11-12T19:00:00+00:00', '--job-id', '4047', '--raw', '--subdir', 'DAGS_FOLDER/raizen_lab_01.py', '--cfg-path', '/tmp/tmpx_zvfylh', '--error-file', '/tmp/tmp4dor2uuy']
[2022-08-23 12:21:59,721] {standard_task_runner.py:80} INFO - Job 4047: Subtask sleep
[2022-08-23 12:21:59,819] {task_command.py:371} INFO - Running <TaskInstance: raizen_lab_01.sleep scheduled__2021-11-12T19:00:00+00:00 [running]> on host 6383a3236c72
[2022-08-23 12:21:59,945] {taskinstance.py:1591} INFO - Exporting the following env vars:
AIRFLOW_CTX_DAG_OWNER=admin
AIRFLOW_CTX_DAG_ID=raizen_lab_01
AIRFLOW_CTX_TASK_ID=sleep
AIRFLOW_CTX_EXECUTION_DATE=2021-11-12T19:00:00+00:00
AIRFLOW_CTX_TRY_NUMBER=1
AIRFLOW_CTX_DAG_RUN_ID=scheduled__2021-11-12T19:00:00+00:00
[2022-08-23 12:21:59,947] {subprocess.py:62} INFO - Tmp dir root location: 
 /tmp
[2022-08-23 12:21:59,948] {subprocess.py:74} INFO - Running command: ['bash', '-c', 'sleep 5']
[2022-08-23 12:21:59,962] {subprocess.py:85} INFO - Output:
[2022-08-23 12:22:04,965] {subprocess.py:96} INFO - Command exited with return code 0
[2022-08-23 12:22:04,995] {taskinstance.py:1420} INFO - Marking task as SUCCESS. dag_id=raizen_lab_01, task_id=sleep, execution_date=20211112T190000, start_date=20220823T122159, end_date=20220823T122204
[2022-08-23 12:22:05,025] {local_task_job.py:156} INFO - Task exited with return code 0
[2022-08-23 12:22:05,052] {local_task_job.py:273} INFO - 1 downstream tasks scheduled from follow-on schedule check
