[2022-08-23 12:34:09,874] {taskinstance.py:1179} INFO - Dependencies all met for <TaskInstance: raizen_lab_01.print_hello scheduled__2021-12-14T13:00:00+00:00 [queued]>
[2022-08-23 12:34:09,886] {taskinstance.py:1179} INFO - Dependencies all met for <TaskInstance: raizen_lab_01.print_hello scheduled__2021-12-14T13:00:00+00:00 [queued]>
[2022-08-23 12:34:09,886] {taskinstance.py:1376} INFO - 
--------------------------------------------------------------------------------
[2022-08-23 12:34:09,886] {taskinstance.py:1377} INFO - Starting attempt 1 of 2
[2022-08-23 12:34:09,887] {taskinstance.py:1378} INFO - 
--------------------------------------------------------------------------------
[2022-08-23 12:34:09,900] {taskinstance.py:1397} INFO - Executing <Task(BashOperator): print_hello> on 2021-12-14 13:00:00+00:00
[2022-08-23 12:34:09,906] {standard_task_runner.py:52} INFO - Started process 10944 to run task
[2022-08-23 12:34:09,909] {standard_task_runner.py:79} INFO - Running: ['***', 'tasks', 'run', 'raizen_lab_01', 'print_hello', 'scheduled__2021-12-14T13:00:00+00:00', '--job-id', '6334', '--raw', '--subdir', 'DAGS_FOLDER/raizen_lab_01.py', '--cfg-path', '/tmp/tmpxowc2jjp', '--error-file', '/tmp/tmp747mzh31']
[2022-08-23 12:34:09,911] {standard_task_runner.py:80} INFO - Job 6334: Subtask print_hello
[2022-08-23 12:34:09,982] {task_command.py:371} INFO - Running <TaskInstance: raizen_lab_01.print_hello scheduled__2021-12-14T13:00:00+00:00 [running]> on host 6383a3236c72
[2022-08-23 12:34:10,058] {taskinstance.py:1591} INFO - Exporting the following env vars:
AIRFLOW_CTX_DAG_OWNER=admin
AIRFLOW_CTX_DAG_ID=raizen_lab_01
AIRFLOW_CTX_TASK_ID=print_hello
AIRFLOW_CTX_EXECUTION_DATE=2021-12-14T13:00:00+00:00
AIRFLOW_CTX_TRY_NUMBER=1
AIRFLOW_CTX_DAG_RUN_ID=scheduled__2021-12-14T13:00:00+00:00
[2022-08-23 12:34:10,060] {subprocess.py:62} INFO - Tmp dir root location: 
 /tmp
[2022-08-23 12:34:10,061] {subprocess.py:74} INFO - Running command: ['bash', '-c', 'echo "hello"']
[2022-08-23 12:34:10,075] {subprocess.py:85} INFO - Output:
[2022-08-23 12:34:10,077] {subprocess.py:92} INFO - hello
[2022-08-23 12:34:10,078] {subprocess.py:96} INFO - Command exited with return code 0
[2022-08-23 12:34:10,156] {taskinstance.py:1420} INFO - Marking task as SUCCESS. dag_id=raizen_lab_01, task_id=print_hello, execution_date=20211214T130000, start_date=20220823T123409, end_date=20220823T123410
[2022-08-23 12:34:10,201] {local_task_job.py:156} INFO - Task exited with return code 0
[2022-08-23 12:34:10,249] {local_task_job.py:273} INFO - 1 downstream tasks scheduled from follow-on schedule check
