[2022-08-23 23:48:22,298] {taskinstance.py:1179} INFO - Dependencies all met for <TaskInstance: raizen_lab_01.carga_arquivo manual__2022-08-23T23:48:21.407150+00:00 [queued]>
[2022-08-23 23:48:22,306] {taskinstance.py:1179} INFO - Dependencies all met for <TaskInstance: raizen_lab_01.carga_arquivo manual__2022-08-23T23:48:21.407150+00:00 [queued]>
[2022-08-23 23:48:22,307] {taskinstance.py:1376} INFO - 
--------------------------------------------------------------------------------
[2022-08-23 23:48:22,310] {taskinstance.py:1377} INFO - Starting attempt 1 of 2
[2022-08-23 23:48:22,310] {taskinstance.py:1378} INFO - 
--------------------------------------------------------------------------------
[2022-08-23 23:48:22,324] {taskinstance.py:1397} INFO - Executing <Task(PythonOperator): carga_arquivo> on 2022-08-23 23:48:21.407150+00:00
[2022-08-23 23:48:22,329] {standard_task_runner.py:52} INFO - Started process 74 to run task
[2022-08-23 23:48:22,333] {standard_task_runner.py:79} INFO - Running: ['***', 'tasks', 'run', 'raizen_lab_01', 'carga_arquivo', 'manual__2022-08-23T23:48:21.407150+00:00', '--job-id', '9561', '--raw', '--subdir', 'DAGS_FOLDER/raizen_lab_01.py', '--cfg-path', '/tmp/tmp1sib_f28', '--error-file', '/tmp/tmpuo0_o5x_']
[2022-08-23 23:48:22,335] {standard_task_runner.py:80} INFO - Job 9561: Subtask carga_arquivo
[2022-08-23 23:48:22,403] {task_command.py:371} INFO - Running <TaskInstance: raizen_lab_01.carga_arquivo manual__2022-08-23T23:48:21.407150+00:00 [running]> on host 25dd15f8d678
[2022-08-23 23:48:22,470] {taskinstance.py:1591} INFO - Exporting the following env vars:
AIRFLOW_CTX_DAG_OWNER=admin
AIRFLOW_CTX_DAG_ID=raizen_lab_01
AIRFLOW_CTX_TASK_ID=carga_arquivo
AIRFLOW_CTX_EXECUTION_DATE=2022-08-23T23:48:21.407150+00:00
AIRFLOW_CTX_TRY_NUMBER=1
AIRFLOW_CTX_DAG_RUN_ID=manual__2022-08-23T23:48:21.407150+00:00
[2022-08-23 23:48:23,237] {logging_mixin.py:115} INFO -           COMBUSTÍVEL   ANO
0     GASOLINA C (m3)  2000
1     GASOLINA C (m3)  2000
2     GASOLINA C (m3)  2000
3     GASOLINA C (m3)  2000
4     GASOLINA C (m3)  2000
...               ...   ...
4531         GLP (m3)  2020
4532         GLP (m3)  2020
4533         GLP (m3)  2020
4534         GLP (m3)  2020
4535         GLP (m3)  2020

[4536 rows x 2 columns]
[2022-08-23 23:48:23,238] {python.py:173} INFO - Done. Returned value was: None
[2022-08-23 23:48:23,250] {taskinstance.py:1420} INFO - Marking task as SUCCESS. dag_id=raizen_lab_01, task_id=carga_arquivo, execution_date=20220823T234821, start_date=20220823T234822, end_date=20220823T234823
[2022-08-23 23:48:23,269] {local_task_job.py:156} INFO - Task exited with return code 0
[2022-08-23 23:48:23,309] {local_task_job.py:273} INFO - 1 downstream tasks scheduled from follow-on schedule check
