[2022-08-23 16:13:53,743] {taskinstance.py:1179} INFO - Dependencies all met for <TaskInstance: raizen_lab_01.step_01 scheduled__2022-01-04T08:00:00+00:00 [queued]>
[2022-08-23 16:13:53,760] {taskinstance.py:1179} INFO - Dependencies all met for <TaskInstance: raizen_lab_01.step_01 scheduled__2022-01-04T08:00:00+00:00 [queued]>
[2022-08-23 16:13:53,760] {taskinstance.py:1376} INFO - 
--------------------------------------------------------------------------------
[2022-08-23 16:13:53,761] {taskinstance.py:1377} INFO - Starting attempt 1 of 2
[2022-08-23 16:13:53,764] {taskinstance.py:1378} INFO - 
--------------------------------------------------------------------------------
[2022-08-23 16:13:53,799] {taskinstance.py:1397} INFO - Executing <Task(BashOperator): step_01> on 2022-01-04 08:00:00+00:00
[2022-08-23 16:13:53,812] {standard_task_runner.py:52} INFO - Started process 350 to run task
[2022-08-23 16:13:53,819] {standard_task_runner.py:79} INFO - Running: ['***', 'tasks', 'run', 'raizen_lab_01', 'step_01', 'scheduled__2022-01-04T08:00:00+00:00', '--job-id', '8033', '--raw', '--subdir', 'DAGS_FOLDER/raizen_lab_01.py', '--cfg-path', '/tmp/tmp5rjy7yk5', '--error-file', '/tmp/tmpr290emn4']
[2022-08-23 16:13:53,822] {standard_task_runner.py:80} INFO - Job 8033: Subtask step_01
[2022-08-23 16:13:53,996] {task_command.py:371} INFO - Running <TaskInstance: raizen_lab_01.step_01 scheduled__2022-01-04T08:00:00+00:00 [running]> on host 8790b68fb5bc
[2022-08-23 16:13:54,144] {taskinstance.py:1591} INFO - Exporting the following env vars:
AIRFLOW_CTX_DAG_OWNER=admin
AIRFLOW_CTX_DAG_ID=raizen_lab_01
AIRFLOW_CTX_TASK_ID=step_01
AIRFLOW_CTX_EXECUTION_DATE=2022-01-04T08:00:00+00:00
AIRFLOW_CTX_TRY_NUMBER=1
AIRFLOW_CTX_DAG_RUN_ID=scheduled__2022-01-04T08:00:00+00:00
[2022-08-23 16:13:54,146] {subprocess.py:62} INFO - Tmp dir root location: 
 /tmp
[2022-08-23 16:13:54,147] {subprocess.py:74} INFO - Running command: ['bash', '-c', 'echo "hello"']
[2022-08-23 16:13:54,168] {subprocess.py:85} INFO - Output:
[2022-08-23 16:13:54,171] {subprocess.py:92} INFO - hello
[2022-08-23 16:13:54,171] {subprocess.py:96} INFO - Command exited with return code 0
[2022-08-23 16:13:54,224] {taskinstance.py:1420} INFO - Marking task as SUCCESS. dag_id=raizen_lab_01, task_id=step_01, execution_date=20220104T080000, start_date=20220823T161353, end_date=20220823T161354
[2022-08-23 16:13:54,271] {local_task_job.py:156} INFO - Task exited with return code 0
[2022-08-23 16:13:54,322] {local_task_job.py:273} INFO - 0 downstream tasks scheduled from follow-on schedule check
