[2022-08-23 11:46:00,383] {taskinstance.py:1179} INFO - Dependencies all met for <TaskInstance: raizen_lab_01.print_world scheduled__2021-10-16T08:00:00+00:00 [queued]>
[2022-08-23 11:46:00,406] {taskinstance.py:1179} INFO - Dependencies all met for <TaskInstance: raizen_lab_01.print_world scheduled__2021-10-16T08:00:00+00:00 [queued]>
[2022-08-23 11:46:00,406] {taskinstance.py:1376} INFO - 
--------------------------------------------------------------------------------
[2022-08-23 11:46:00,407] {taskinstance.py:1377} INFO - Starting attempt 1 of 2
[2022-08-23 11:46:00,408] {taskinstance.py:1378} INFO - 
--------------------------------------------------------------------------------
[2022-08-23 11:46:00,442] {taskinstance.py:1397} INFO - Executing <Task(PythonOperator): print_world> on 2021-10-16 08:00:00+00:00
[2022-08-23 11:46:00,450] {standard_task_runner.py:52} INFO - Started process 187 to run task
[2022-08-23 11:46:00,458] {standard_task_runner.py:79} INFO - Running: ['***', 'tasks', 'run', 'raizen_lab_01', 'print_world', 'scheduled__2021-10-16T08:00:00+00:00', '--job-id', '2070', '--raw', '--subdir', 'DAGS_FOLDER/raizen_lab_01.py', '--cfg-path', '/tmp/tmplg85pfs7', '--error-file', '/tmp/tmpeso5yxyy']
[2022-08-23 11:46:00,459] {standard_task_runner.py:80} INFO - Job 2070: Subtask print_world
[2022-08-23 11:46:00,588] {task_command.py:371} INFO - Running <TaskInstance: raizen_lab_01.print_world scheduled__2021-10-16T08:00:00+00:00 [running]> on host fc645605a611
[2022-08-23 11:46:00,718] {taskinstance.py:1591} INFO - Exporting the following env vars:
AIRFLOW_CTX_DAG_OWNER=admin
AIRFLOW_CTX_DAG_ID=raizen_lab_01
AIRFLOW_CTX_TASK_ID=print_world
AIRFLOW_CTX_EXECUTION_DATE=2021-10-16T08:00:00+00:00
AIRFLOW_CTX_TRY_NUMBER=1
AIRFLOW_CTX_DAG_RUN_ID=scheduled__2021-10-16T08:00:00+00:00
[2022-08-23 11:46:00,721] {logging_mixin.py:115} INFO - world
[2022-08-23 11:46:00,722] {python.py:173} INFO - Done. Returned value was: None
[2022-08-23 11:46:00,749] {taskinstance.py:1420} INFO - Marking task as SUCCESS. dag_id=raizen_lab_01, task_id=print_world, execution_date=20211016T080000, start_date=20220823T114600, end_date=20220823T114600
[2022-08-23 11:46:00,788] {local_task_job.py:156} INFO - Task exited with return code 0
[2022-08-23 11:46:00,845] {local_task_job.py:273} INFO - 0 downstream tasks scheduled from follow-on schedule check
