[2022-08-23 12:09:23,441] {taskinstance.py:1179} INFO - Dependencies all met for <TaskInstance: raizen_lab_01.print_hello scheduled__2021-11-05T00:00:00+00:00 [queued]>
[2022-08-23 12:09:23,449] {taskinstance.py:1179} INFO - Dependencies all met for <TaskInstance: raizen_lab_01.print_hello scheduled__2021-11-05T00:00:00+00:00 [queued]>
[2022-08-23 12:09:23,450] {taskinstance.py:1376} INFO - 
--------------------------------------------------------------------------------
[2022-08-23 12:09:23,450] {taskinstance.py:1377} INFO - Starting attempt 1 of 2
[2022-08-23 12:09:23,451] {taskinstance.py:1378} INFO - 
--------------------------------------------------------------------------------
[2022-08-23 12:09:23,469] {taskinstance.py:1397} INFO - Executing <Task(BashOperator): print_hello> on 2021-11-05 00:00:00+00:00
[2022-08-23 12:09:23,475] {standard_task_runner.py:52} INFO - Started process 2496 to run task
[2022-08-23 12:09:23,478] {standard_task_runner.py:79} INFO - Running: ['***', 'tasks', 'run', 'raizen_lab_01', 'print_hello', 'scheduled__2021-11-05T00:00:00+00:00', '--job-id', '3468', '--raw', '--subdir', 'DAGS_FOLDER/raizen_lab_01.py', '--cfg-path', '/tmp/tmprnjvg66u', '--error-file', '/tmp/tmpboabq90a']
[2022-08-23 12:09:23,479] {standard_task_runner.py:80} INFO - Job 3468: Subtask print_hello
[2022-08-23 12:09:23,553] {task_command.py:371} INFO - Running <TaskInstance: raizen_lab_01.print_hello scheduled__2021-11-05T00:00:00+00:00 [running]> on host 67b6bdae536e
[2022-08-23 12:09:23,627] {taskinstance.py:1591} INFO - Exporting the following env vars:
AIRFLOW_CTX_DAG_OWNER=admin
AIRFLOW_CTX_DAG_ID=raizen_lab_01
AIRFLOW_CTX_TASK_ID=print_hello
AIRFLOW_CTX_EXECUTION_DATE=2021-11-05T00:00:00+00:00
AIRFLOW_CTX_TRY_NUMBER=1
AIRFLOW_CTX_DAG_RUN_ID=scheduled__2021-11-05T00:00:00+00:00
[2022-08-23 12:09:23,628] {subprocess.py:62} INFO - Tmp dir root location: 
 /tmp
[2022-08-23 12:09:23,629] {subprocess.py:74} INFO - Running command: ['bash', '-c', 'echo "hello"']
[2022-08-23 12:09:23,638] {subprocess.py:85} INFO - Output:
[2022-08-23 12:09:23,639] {subprocess.py:92} INFO - hello
[2022-08-23 12:09:23,640] {subprocess.py:96} INFO - Command exited with return code 0
[2022-08-23 12:09:23,717] {taskinstance.py:1420} INFO - Marking task as SUCCESS. dag_id=raizen_lab_01, task_id=print_hello, execution_date=20211105T000000, start_date=20220823T120923, end_date=20220823T120923
[2022-08-23 12:09:23,770] {local_task_job.py:156} INFO - Task exited with return code 0
[2022-08-23 12:09:23,807] {local_task_job.py:273} INFO - 1 downstream tasks scheduled from follow-on schedule check
