[2022-08-23 12:06:32,306] {taskinstance.py:1179} INFO - Dependencies all met for <TaskInstance: raizen_lab_01.sleep scheduled__2021-10-27T02:00:00+00:00 [queued]>
[2022-08-23 12:06:32,315] {taskinstance.py:1179} INFO - Dependencies all met for <TaskInstance: raizen_lab_01.sleep scheduled__2021-10-27T02:00:00+00:00 [queued]>
[2022-08-23 12:06:32,315] {taskinstance.py:1376} INFO - 
--------------------------------------------------------------------------------
[2022-08-23 12:06:32,315] {taskinstance.py:1377} INFO - Starting attempt 1 of 2
[2022-08-23 12:06:32,316] {taskinstance.py:1378} INFO - 
--------------------------------------------------------------------------------
[2022-08-23 12:06:32,330] {taskinstance.py:1397} INFO - Executing <Task(BashOperator): sleep> on 2021-10-27 02:00:00+00:00
[2022-08-23 12:06:32,335] {standard_task_runner.py:52} INFO - Started process 684 to run task
[2022-08-23 12:06:32,338] {standard_task_runner.py:79} INFO - Running: ['***', 'tasks', 'run', 'raizen_lab_01', 'sleep', 'scheduled__2021-10-27T02:00:00+00:00', '--job-id', '2839', '--raw', '--subdir', 'DAGS_FOLDER/raizen_lab_01.py', '--cfg-path', '/tmp/tmpsk4wj9in', '--error-file', '/tmp/tmp0s35xa9b']
[2022-08-23 12:06:32,339] {standard_task_runner.py:80} INFO - Job 2839: Subtask sleep
[2022-08-23 12:06:32,417] {task_command.py:371} INFO - Running <TaskInstance: raizen_lab_01.sleep scheduled__2021-10-27T02:00:00+00:00 [running]> on host 67b6bdae536e
[2022-08-23 12:06:32,498] {taskinstance.py:1591} INFO - Exporting the following env vars:
AIRFLOW_CTX_DAG_OWNER=admin
AIRFLOW_CTX_DAG_ID=raizen_lab_01
AIRFLOW_CTX_TASK_ID=sleep
AIRFLOW_CTX_EXECUTION_DATE=2021-10-27T02:00:00+00:00
AIRFLOW_CTX_TRY_NUMBER=1
AIRFLOW_CTX_DAG_RUN_ID=scheduled__2021-10-27T02:00:00+00:00
[2022-08-23 12:06:32,499] {subprocess.py:62} INFO - Tmp dir root location: 
 /tmp
[2022-08-23 12:06:32,500] {subprocess.py:74} INFO - Running command: ['bash', '-c', 'sleep 5']
[2022-08-23 12:06:32,513] {subprocess.py:85} INFO - Output:
[2022-08-23 12:06:37,516] {subprocess.py:96} INFO - Command exited with return code 0
[2022-08-23 12:06:37,562] {taskinstance.py:1420} INFO - Marking task as SUCCESS. dag_id=raizen_lab_01, task_id=sleep, execution_date=20211027T020000, start_date=20220823T120632, end_date=20220823T120637
[2022-08-23 12:06:37,609] {local_task_job.py:156} INFO - Task exited with return code 0
[2022-08-23 12:06:37,764] {local_task_job.py:273} INFO - 0 downstream tasks scheduled from follow-on schedule check
