[2022-08-23 12:32:40,592] {taskinstance.py:1179} INFO - Dependencies all met for <TaskInstance: raizen_lab_01.print_hello scheduled__2021-12-10T16:00:00+00:00 [queued]>
[2022-08-23 12:32:40,603] {taskinstance.py:1179} INFO - Dependencies all met for <TaskInstance: raizen_lab_01.print_hello scheduled__2021-12-10T16:00:00+00:00 [queued]>
[2022-08-23 12:32:40,604] {taskinstance.py:1376} INFO - 
--------------------------------------------------------------------------------
[2022-08-23 12:32:40,604] {taskinstance.py:1377} INFO - Starting attempt 1 of 2
[2022-08-23 12:32:40,604] {taskinstance.py:1378} INFO - 
--------------------------------------------------------------------------------
[2022-08-23 12:32:40,619] {taskinstance.py:1397} INFO - Executing <Task(BashOperator): print_hello> on 2021-12-10 16:00:00+00:00
[2022-08-23 12:32:40,627] {standard_task_runner.py:52} INFO - Started process 9827 to run task
[2022-08-23 12:32:40,630] {standard_task_runner.py:79} INFO - Running: ['***', 'tasks', 'run', 'raizen_lab_01', 'print_hello', 'scheduled__2021-12-10T16:00:00+00:00', '--job-id', '6049', '--raw', '--subdir', 'DAGS_FOLDER/raizen_lab_01.py', '--cfg-path', '/tmp/tmpy5eiih80', '--error-file', '/tmp/tmp4myfaug6']
[2022-08-23 12:32:40,631] {standard_task_runner.py:80} INFO - Job 6049: Subtask print_hello
[2022-08-23 12:32:40,698] {task_command.py:371} INFO - Running <TaskInstance: raizen_lab_01.print_hello scheduled__2021-12-10T16:00:00+00:00 [running]> on host 6383a3236c72
[2022-08-23 12:32:40,763] {taskinstance.py:1591} INFO - Exporting the following env vars:
AIRFLOW_CTX_DAG_OWNER=admin
AIRFLOW_CTX_DAG_ID=raizen_lab_01
AIRFLOW_CTX_TASK_ID=print_hello
AIRFLOW_CTX_EXECUTION_DATE=2021-12-10T16:00:00+00:00
AIRFLOW_CTX_TRY_NUMBER=1
AIRFLOW_CTX_DAG_RUN_ID=scheduled__2021-12-10T16:00:00+00:00
[2022-08-23 12:32:40,765] {subprocess.py:62} INFO - Tmp dir root location: 
 /tmp
[2022-08-23 12:32:40,766] {subprocess.py:74} INFO - Running command: ['bash', '-c', 'echo "hello"']
[2022-08-23 12:32:40,779] {subprocess.py:85} INFO - Output:
[2022-08-23 12:32:40,780] {subprocess.py:92} INFO - hello
[2022-08-23 12:32:40,781] {subprocess.py:96} INFO - Command exited with return code 0
[2022-08-23 12:32:40,813] {taskinstance.py:1420} INFO - Marking task as SUCCESS. dag_id=raizen_lab_01, task_id=print_hello, execution_date=20211210T160000, start_date=20220823T123240, end_date=20220823T123240
[2022-08-23 12:32:40,841] {local_task_job.py:156} INFO - Task exited with return code 0
[2022-08-23 12:32:40,886] {local_task_job.py:273} INFO - 1 downstream tasks scheduled from follow-on schedule check
