[2022-08-23 13:10:44,925] {taskinstance.py:1179} INFO - Dependencies all met for <TaskInstance: raizen_lab_01.step_01 scheduled__2021-12-27T13:00:00+00:00 [queued]>
[2022-08-23 13:10:44,937] {taskinstance.py:1179} INFO - Dependencies all met for <TaskInstance: raizen_lab_01.step_01 scheduled__2021-12-27T13:00:00+00:00 [queued]>
[2022-08-23 13:10:44,938] {taskinstance.py:1376} INFO - 
--------------------------------------------------------------------------------
[2022-08-23 13:10:44,938] {taskinstance.py:1377} INFO - Starting attempt 1 of 2
[2022-08-23 13:10:44,939] {taskinstance.py:1378} INFO - 
--------------------------------------------------------------------------------
[2022-08-23 13:10:44,955] {taskinstance.py:1397} INFO - Executing <Task(BashOperator): step_01> on 2021-12-27 13:00:00+00:00
[2022-08-23 13:10:44,963] {standard_task_runner.py:52} INFO - Started process 820 to run task
[2022-08-23 13:10:44,967] {standard_task_runner.py:79} INFO - Running: ['***', 'tasks', 'run', 'raizen_lab_01', 'step_01', 'scheduled__2021-12-27T13:00:00+00:00', '--job-id', '7269', '--raw', '--subdir', 'DAGS_FOLDER/raizen_lab_01.py', '--cfg-path', '/tmp/tmpcu7hat8j', '--error-file', '/tmp/tmpbz6w6fiu']
[2022-08-23 13:10:44,969] {standard_task_runner.py:80} INFO - Job 7269: Subtask step_01
[2022-08-23 13:10:45,049] {task_command.py:371} INFO - Running <TaskInstance: raizen_lab_01.step_01 scheduled__2021-12-27T13:00:00+00:00 [running]> on host 965856c951e3
[2022-08-23 13:10:45,129] {taskinstance.py:1591} INFO - Exporting the following env vars:
AIRFLOW_CTX_DAG_OWNER=admin
AIRFLOW_CTX_DAG_ID=raizen_lab_01
AIRFLOW_CTX_TASK_ID=step_01
AIRFLOW_CTX_EXECUTION_DATE=2021-12-27T13:00:00+00:00
AIRFLOW_CTX_TRY_NUMBER=1
AIRFLOW_CTX_DAG_RUN_ID=scheduled__2021-12-27T13:00:00+00:00
[2022-08-23 13:10:45,130] {subprocess.py:62} INFO - Tmp dir root location: 
 /tmp
[2022-08-23 13:10:45,131] {subprocess.py:74} INFO - Running command: ['bash', '-c', 'echo "hello"']
[2022-08-23 13:10:45,144] {subprocess.py:85} INFO - Output:
[2022-08-23 13:10:45,146] {subprocess.py:92} INFO - hello
[2022-08-23 13:10:45,147] {subprocess.py:96} INFO - Command exited with return code 0
[2022-08-23 13:10:45,182] {taskinstance.py:1420} INFO - Marking task as SUCCESS. dag_id=raizen_lab_01, task_id=step_01, execution_date=20211227T130000, start_date=20220823T131044, end_date=20220823T131045
[2022-08-23 13:10:45,218] {local_task_job.py:156} INFO - Task exited with return code 0
[2022-08-23 13:10:45,276] {local_task_job.py:273} INFO - 1 downstream tasks scheduled from follow-on schedule check
