[2022-08-23 19:47:21,590] {taskinstance.py:1179} INFO - Dependencies all met for <TaskInstance: raizen_lab_01.carga_arquivo scheduled__2022-01-27T18:00:00+00:00 [queued]>
[2022-08-23 19:47:21,612] {taskinstance.py:1179} INFO - Dependencies all met for <TaskInstance: raizen_lab_01.carga_arquivo scheduled__2022-01-27T18:00:00+00:00 [queued]>
[2022-08-23 19:47:21,612] {taskinstance.py:1376} INFO - 
--------------------------------------------------------------------------------
[2022-08-23 19:47:21,613] {taskinstance.py:1377} INFO - Starting attempt 1 of 2
[2022-08-23 19:47:21,616] {taskinstance.py:1378} INFO - 
--------------------------------------------------------------------------------
[2022-08-23 19:47:21,650] {taskinstance.py:1397} INFO - Executing <Task(PythonOperator): carga_arquivo> on 2022-01-27 18:00:00+00:00
[2022-08-23 19:47:21,665] {standard_task_runner.py:52} INFO - Started process 389 to run task
[2022-08-23 19:47:21,674] {standard_task_runner.py:79} INFO - Running: ['***', 'tasks', 'run', 'raizen_lab_01', 'carga_arquivo', 'scheduled__2022-01-27T18:00:00+00:00', '--job-id', '9318', '--raw', '--subdir', 'DAGS_FOLDER/raizen_lab_01.py', '--cfg-path', '/tmp/tmpnxo9d31f', '--error-file', '/tmp/tmpynhnuwfv']
[2022-08-23 19:47:21,677] {standard_task_runner.py:80} INFO - Job 9318: Subtask carga_arquivo
[2022-08-23 19:47:21,853] {task_command.py:371} INFO - Running <TaskInstance: raizen_lab_01.carga_arquivo scheduled__2022-01-27T18:00:00+00:00 [running]> on host 80fce776ee1f
[2022-08-23 19:47:22,051] {taskinstance.py:1591} INFO - Exporting the following env vars:
AIRFLOW_CTX_DAG_OWNER=admin
AIRFLOW_CTX_DAG_ID=raizen_lab_01
AIRFLOW_CTX_TASK_ID=carga_arquivo
AIRFLOW_CTX_EXECUTION_DATE=2022-01-27T18:00:00+00:00
AIRFLOW_CTX_TRY_NUMBER=1
AIRFLOW_CTX_DAG_RUN_ID=scheduled__2022-01-27T18:00:00+00:00
[2022-08-23 19:47:23,921] {logging_mixin.py:115} INFO -           COMBUSTÍVEL   ANO  ...            Dez         TOTAL
0     GASOLINA C (m3)  2000  ...   11547.576000  10818.094000
1     GASOLINA C (m3)  2000  ...    3225.610000   3289.718000
2     GASOLINA C (m3)  2000  ...   21145.643000  20633.175000
3     GASOLINA C (m3)  2000  ...    4029.900000   4358.516000
4     GASOLINA C (m3)  2000  ...   31807.840000  31009.972000
...               ...   ...  ...            ...           ...
4531         GLP (m3)  2020  ...   64045.161232  66749.367754
4532         GLP (m3)  2020  ...   16281.139493  15037.528986
4533         GLP (m3)  2020  ...   18321.987319  20677.483696
4534         GLP (m3)  2020  ...   46850.585145  46581.878623
4535         GLP (m3)  2020  ...  133282.702899  13725.974638

[4536 rows x 17 columns]
[2022-08-23 19:47:23,922] {python.py:173} INFO - Done. Returned value was: None
[2022-08-23 19:47:23,943] {taskinstance.py:1420} INFO - Marking task as SUCCESS. dag_id=raizen_lab_01, task_id=carga_arquivo, execution_date=20220127T180000, start_date=20220823T194721, end_date=20220823T194723
[2022-08-23 19:47:23,949] {standard_task_runner.py:97} ERROR - Failed to execute job 9318 for task carga_arquivo ((psycopg2.OperationalError) terminating connection due to administrator command
server closed the connection unexpectedly
	This probably means the server terminated abnormally
	before or while processing the request.

[SQL: SELECT task_instance.try_number AS task_instance_try_number, task_instance.task_id AS task_instance_task_id, task_instance.dag_id AS task_instance_dag_id, task_instance.run_id AS task_instance_run_id, task_instance.map_index AS task_instance_map_index, task_instance.start_date AS task_instance_start_date, task_instance.end_date AS task_instance_end_date, task_instance.duration AS task_instance_duration, task_instance.state AS task_instance_state, task_instance.max_tries AS task_instance_max_tries, task_instance.hostname AS task_instance_hostname, task_instance.unixname AS task_instance_unixname, task_instance.job_id AS task_instance_job_id, task_instance.pool AS task_instance_pool, task_instance.pool_slots AS task_instance_pool_slots, task_instance.queue AS task_instance_queue, task_instance.priority_weight AS task_instance_priority_weight, task_instance.operator AS task_instance_operator, task_instance.queued_dttm AS task_instance_queued_dttm, task_instance.queued_by_job_id AS task_instance_queued_by_job_id, task_instance.pid AS task_instance_pid, task_instance.executor_config AS task_instance_executor_config, task_instance.external_executor_id AS task_instance_external_executor_id, task_instance.trigger_id AS task_instance_trigger_id, task_instance.trigger_timeout AS task_instance_trigger_timeout, task_instance.next_method AS task_instance_next_method, task_instance.next_kwargs AS task_instance_next_kwargs, dag_run_1.state AS dag_run_1_state, dag_run_1.id AS dag_run_1_id, dag_run_1.dag_id AS dag_run_1_dag_id, dag_run_1.queued_at AS dag_run_1_queued_at, dag_run_1.execution_date AS dag_run_1_execution_date, dag_run_1.start_date AS dag_run_1_start_date, dag_run_1.end_date AS dag_run_1_end_date, dag_run_1.run_id AS dag_run_1_run_id, dag_run_1.creating_job_id AS dag_run_1_creating_job_id, dag_run_1.external_trigger AS dag_run_1_external_trigger, dag_run_1.run_type AS dag_run_1_run_type, dag_run_1.conf AS dag_run_1_conf, dag_run_1.data_interval_start AS dag_run_1_data_interval_start, dag_run_1.data_interval_end AS dag_run_1_data_interval_end, dag_run_1.last_scheduling_decision AS dag_run_1_last_scheduling_decision, dag_run_1.dag_hash AS dag_run_1_dag_hash, dag_run_1.log_template_id AS dag_run_1_log_template_id 
FROM task_instance JOIN dag_run AS dag_run_1 ON dag_run_1.dag_id = task_instance.dag_id AND dag_run_1.run_id = task_instance.run_id 
WHERE task_instance.task_id = %(pk_1)s AND task_instance.dag_id = %(pk_2)s AND task_instance.run_id = %(pk_3)s AND task_instance.map_index = %(pk_4)s]
[parameters: {'pk_1': 'carga_arquivo', 'pk_2': 'raizen_lab_01', 'pk_3': 'scheduled__2022-01-27T18:00:00+00:00', 'pk_4': -1}]
(Background on this error at: https://sqlalche.me/e/14/e3q8); 389)
[2022-08-23 19:47:23,987] {local_task_job.py:156} INFO - Task exited with return code 1
