[2022-08-23 12:21:10,700] {taskinstance.py:1179} INFO - Dependencies all met for <TaskInstance: raizen_lab_01.sleep scheduled__2021-11-10T15:00:00+00:00 [queued]>
[2022-08-23 12:21:10,717] {taskinstance.py:1179} INFO - Dependencies all met for <TaskInstance: raizen_lab_01.sleep scheduled__2021-11-10T15:00:00+00:00 [queued]>
[2022-08-23 12:21:10,717] {taskinstance.py:1376} INFO - 
--------------------------------------------------------------------------------
[2022-08-23 12:21:10,720] {taskinstance.py:1377} INFO - Starting attempt 1 of 2
[2022-08-23 12:21:10,721] {taskinstance.py:1378} INFO - 
--------------------------------------------------------------------------------
[2022-08-23 12:21:10,761] {taskinstance.py:1397} INFO - Executing <Task(BashOperator): sleep> on 2021-11-10 15:00:00+00:00
[2022-08-23 12:21:10,777] {standard_task_runner.py:52} INFO - Started process 1413 to run task
[2022-08-23 12:21:10,791] {standard_task_runner.py:79} INFO - Running: ['***', 'tasks', 'run', 'raizen_lab_01', 'sleep', 'scheduled__2021-11-10T15:00:00+00:00', '--job-id', '3898', '--raw', '--subdir', 'DAGS_FOLDER/raizen_lab_01.py', '--cfg-path', '/tmp/tmp7kuqkk1x', '--error-file', '/tmp/tmp2e62pu9u']
[2022-08-23 12:21:10,794] {standard_task_runner.py:80} INFO - Job 3898: Subtask sleep
[2022-08-23 12:21:10,958] {task_command.py:371} INFO - Running <TaskInstance: raizen_lab_01.sleep scheduled__2021-11-10T15:00:00+00:00 [running]> on host 6383a3236c72
[2022-08-23 12:21:11,097] {taskinstance.py:1591} INFO - Exporting the following env vars:
AIRFLOW_CTX_DAG_OWNER=admin
AIRFLOW_CTX_DAG_ID=raizen_lab_01
AIRFLOW_CTX_TASK_ID=sleep
AIRFLOW_CTX_EXECUTION_DATE=2021-11-10T15:00:00+00:00
AIRFLOW_CTX_TRY_NUMBER=1
AIRFLOW_CTX_DAG_RUN_ID=scheduled__2021-11-10T15:00:00+00:00
[2022-08-23 12:21:11,101] {subprocess.py:62} INFO - Tmp dir root location: 
 /tmp
[2022-08-23 12:21:11,102] {subprocess.py:74} INFO - Running command: ['bash', '-c', 'sleep 5']
[2022-08-23 12:21:11,133] {subprocess.py:85} INFO - Output:
[2022-08-23 12:21:16,137] {subprocess.py:96} INFO - Command exited with return code 0
[2022-08-23 12:21:16,171] {taskinstance.py:1420} INFO - Marking task as SUCCESS. dag_id=raizen_lab_01, task_id=sleep, execution_date=20211110T150000, start_date=20220823T122110, end_date=20220823T122116
[2022-08-23 12:21:16,208] {local_task_job.py:156} INFO - Task exited with return code 0
[2022-08-23 12:21:16,242] {local_task_job.py:273} INFO - 1 downstream tasks scheduled from follow-on schedule check
