[2022-08-23 12:19:13,153] {taskinstance.py:1179} INFO - Dependencies all met for <TaskInstance: raizen_lab_01.sleep scheduled__2021-11-06T02:00:00+00:00 [queued]>
[2022-08-23 12:19:13,212] {taskinstance.py:1179} INFO - Dependencies all met for <TaskInstance: raizen_lab_01.sleep scheduled__2021-11-06T02:00:00+00:00 [queued]>
[2022-08-23 12:19:13,212] {taskinstance.py:1376} INFO - 
--------------------------------------------------------------------------------
[2022-08-23 12:19:13,213] {taskinstance.py:1377} INFO - Starting attempt 2 of 2
[2022-08-23 12:19:13,253] {taskinstance.py:1378} INFO - 
--------------------------------------------------------------------------------
[2022-08-23 12:19:13,380] {taskinstance.py:1397} INFO - Executing <Task(BashOperator): sleep> on 2021-11-06 02:00:00+00:00
[2022-08-23 12:19:13,403] {standard_task_runner.py:52} INFO - Started process 109 to run task
[2022-08-23 12:19:13,427] {standard_task_runner.py:79} INFO - Running: ['***', 'tasks', 'run', 'raizen_lab_01', 'sleep', 'scheduled__2021-11-06T02:00:00+00:00', '--job-id', '3561', '--raw', '--subdir', 'DAGS_FOLDER/raizen_lab_01.py', '--cfg-path', '/tmp/tmpkuzayhyh', '--error-file', '/tmp/tmpr7nc09fs']
[2022-08-23 12:19:13,433] {standard_task_runner.py:80} INFO - Job 3561: Subtask sleep
[2022-08-23 12:19:16,270] {task_command.py:371} INFO - Running <TaskInstance: raizen_lab_01.sleep scheduled__2021-11-06T02:00:00+00:00 [running]> on host 6383a3236c72
[2022-08-23 12:19:16,492] {taskinstance.py:1591} INFO - Exporting the following env vars:
AIRFLOW_CTX_DAG_OWNER=admin
AIRFLOW_CTX_DAG_ID=raizen_lab_01
AIRFLOW_CTX_TASK_ID=sleep
AIRFLOW_CTX_EXECUTION_DATE=2021-11-06T02:00:00+00:00
AIRFLOW_CTX_TRY_NUMBER=2
AIRFLOW_CTX_DAG_RUN_ID=scheduled__2021-11-06T02:00:00+00:00
[2022-08-23 12:19:16,500] {subprocess.py:62} INFO - Tmp dir root location: 
 /tmp
[2022-08-23 12:19:16,506] {subprocess.py:74} INFO - Running command: ['bash', '-c', 'sleep 5']
[2022-08-23 12:19:16,529] {subprocess.py:85} INFO - Output:
[2022-08-23 12:19:21,563] {subprocess.py:96} INFO - Command exited with return code 0
[2022-08-23 12:19:21,590] {taskinstance.py:1420} INFO - Marking task as SUCCESS. dag_id=raizen_lab_01, task_id=sleep, execution_date=20211106T020000, start_date=20220823T121913, end_date=20220823T121921
[2022-08-23 12:19:21,607] {local_task_job.py:156} INFO - Task exited with return code 0
[2022-08-23 12:19:21,631] {local_task_job.py:273} INFO - 1 downstream tasks scheduled from follow-on schedule check
