[2022-08-23 14:22:58,782] {taskinstance.py:1179} INFO - Dependencies all met for <TaskInstance: raizen_lab_01.create_pet_table scheduled__2022-01-03T15:00:00+00:00 [queued]>
[2022-08-23 14:22:58,796] {taskinstance.py:1179} INFO - Dependencies all met for <TaskInstance: raizen_lab_01.create_pet_table scheduled__2022-01-03T15:00:00+00:00 [queued]>
[2022-08-23 14:22:58,797] {taskinstance.py:1376} INFO - 
--------------------------------------------------------------------------------
[2022-08-23 14:22:58,797] {taskinstance.py:1377} INFO - Starting attempt 1 of 2
[2022-08-23 14:22:58,798] {taskinstance.py:1378} INFO - 
--------------------------------------------------------------------------------
[2022-08-23 14:22:58,817] {taskinstance.py:1397} INFO - Executing <Task(PostgresOperator): create_pet_table> on 2022-01-03 15:00:00+00:00
[2022-08-23 14:22:58,825] {standard_task_runner.py:52} INFO - Started process 292 to run task
[2022-08-23 14:22:58,829] {standard_task_runner.py:79} INFO - Running: ['***', 'tasks', 'run', 'raizen_lab_01', 'create_pet_table', 'scheduled__2022-01-03T15:00:00+00:00', '--job-id', '7892', '--raw', '--subdir', 'DAGS_FOLDER/raizen_lab_01.py', '--cfg-path', '/tmp/tmpazxsrk8y', '--error-file', '/tmp/tmp3ix6083k']
[2022-08-23 14:22:58,831] {standard_task_runner.py:80} INFO - Job 7892: Subtask create_pet_table
[2022-08-23 14:22:58,902] {task_command.py:371} INFO - Running <TaskInstance: raizen_lab_01.create_pet_table scheduled__2022-01-03T15:00:00+00:00 [running]> on host 02d9cdd4a2f7
[2022-08-23 14:22:58,964] {taskinstance.py:1591} INFO - Exporting the following env vars:
AIRFLOW_CTX_DAG_OWNER=admin
AIRFLOW_CTX_DAG_ID=raizen_lab_01
AIRFLOW_CTX_TASK_ID=create_pet_table
AIRFLOW_CTX_EXECUTION_DATE=2022-01-03T15:00:00+00:00
AIRFLOW_CTX_TRY_NUMBER=1
AIRFLOW_CTX_DAG_RUN_ID=scheduled__2022-01-03T15:00:00+00:00
[2022-08-23 14:22:58,986] {taskinstance.py:1909} ERROR - Task failed with exception
Traceback (most recent call last):
  File "/home/airflow/.local/lib/python3.7/site-packages/airflow/providers/postgres/operators/postgres.py", line 92, in execute
    self.hook.run(self.sql, self.autocommit, parameters=self.parameters)
  File "/home/airflow/.local/lib/python3.7/site-packages/airflow/hooks/dbapi.py", line 204, in run
    with closing(self.get_conn()) as conn:
  File "/home/airflow/.local/lib/python3.7/site-packages/airflow/providers/postgres/hooks/postgres.py", line 86, in get_conn
    conn = deepcopy(self.connection or self.get_connection(conn_id))
  File "/home/airflow/.local/lib/python3.7/site-packages/airflow/hooks/base.py", line 67, in get_connection
    conn = Connection.get_connection_from_secrets(conn_id)
  File "/home/airflow/.local/lib/python3.7/site-packages/airflow/models/connection.py", line 430, in get_connection_from_secrets
    raise AirflowNotFoundException(f"The conn_id `{conn_id}` isn't defined")
airflow.exceptions.AirflowNotFoundException: The conn_id `postgres_default` isn't defined
[2022-08-23 14:22:58,990] {taskinstance.py:1420} INFO - Marking task as UP_FOR_RETRY. dag_id=raizen_lab_01, task_id=create_pet_table, execution_date=20220103T150000, start_date=20220823T142258, end_date=20220823T142258
[2022-08-23 14:22:59,001] {standard_task_runner.py:97} ERROR - Failed to execute job 7892 for task create_pet_table (The conn_id `postgres_default` isn't defined; 292)
[2022-08-23 14:22:59,041] {local_task_job.py:156} INFO - Task exited with return code 1
[2022-08-23 14:22:59,084] {local_task_job.py:273} INFO - 0 downstream tasks scheduled from follow-on schedule check
