[2022-08-23 20:03:38,726] {taskinstance.py:1179} INFO - Dependencies all met for <TaskInstance: raizen_lab_01.sleep scheduled__2022-01-27T20:00:00+00:00 [queued]>
[2022-08-23 20:03:38,749] {taskinstance.py:1179} INFO - Dependencies all met for <TaskInstance: raizen_lab_01.sleep scheduled__2022-01-27T20:00:00+00:00 [queued]>
[2022-08-23 20:03:38,750] {taskinstance.py:1376} INFO - 
--------------------------------------------------------------------------------
[2022-08-23 20:03:38,751] {taskinstance.py:1377} INFO - Starting attempt 1 of 2
[2022-08-23 20:03:38,751] {taskinstance.py:1378} INFO - 
--------------------------------------------------------------------------------
[2022-08-23 20:03:38,807] {taskinstance.py:1397} INFO - Executing <Task(BashOperator): sleep> on 2022-01-27 20:00:00+00:00
[2022-08-23 20:03:38,820] {standard_task_runner.py:52} INFO - Started process 187 to run task
[2022-08-23 20:03:38,830] {standard_task_runner.py:79} INFO - Running: ['***', 'tasks', 'run', 'raizen_lab_01', 'sleep', 'scheduled__2022-01-27T20:00:00+00:00', '--job-id', '9350', '--raw', '--subdir', 'DAGS_FOLDER/raizen_lab_01.py', '--cfg-path', '/tmp/tmpvhidpk7b', '--error-file', '/tmp/tmp9b7r9_un']
[2022-08-23 20:03:38,834] {standard_task_runner.py:80} INFO - Job 9350: Subtask sleep
[2022-08-23 20:03:39,022] {task_command.py:371} INFO - Running <TaskInstance: raizen_lab_01.sleep scheduled__2022-01-27T20:00:00+00:00 [running]> on host 80fce776ee1f
[2022-08-23 20:03:39,260] {taskinstance.py:1591} INFO - Exporting the following env vars:
AIRFLOW_CTX_DAG_OWNER=admin
AIRFLOW_CTX_DAG_ID=raizen_lab_01
AIRFLOW_CTX_TASK_ID=sleep
AIRFLOW_CTX_EXECUTION_DATE=2022-01-27T20:00:00+00:00
AIRFLOW_CTX_TRY_NUMBER=1
AIRFLOW_CTX_DAG_RUN_ID=scheduled__2022-01-27T20:00:00+00:00
[2022-08-23 20:03:39,264] {subprocess.py:62} INFO - Tmp dir root location: 
 /tmp
[2022-08-23 20:03:39,265] {subprocess.py:74} INFO - Running command: ['bash', '-c', 'sleep 5']
[2022-08-23 20:03:39,286] {subprocess.py:85} INFO - Output:
[2022-08-23 20:03:44,290] {subprocess.py:96} INFO - Command exited with return code 0
[2022-08-23 20:03:44,363] {taskinstance.py:1420} INFO - Marking task as SUCCESS. dag_id=raizen_lab_01, task_id=sleep, execution_date=20220127T200000, start_date=20220823T200338, end_date=20220823T200344
[2022-08-23 20:03:44,411] {local_task_job.py:156} INFO - Task exited with return code 0
[2022-08-23 20:03:44,467] {local_task_job.py:273} INFO - 1 downstream tasks scheduled from follow-on schedule check
