[2022-08-23 11:35:49,373] {taskinstance.py:1179} INFO - Dependencies all met for <TaskInstance: raizen_lab_01.print_hello scheduled__2021-10-07T04:00:00+00:00 [queued]>
[2022-08-23 11:35:49,400] {taskinstance.py:1179} INFO - Dependencies all met for <TaskInstance: raizen_lab_01.print_hello scheduled__2021-10-07T04:00:00+00:00 [queued]>
[2022-08-23 11:35:49,401] {taskinstance.py:1376} INFO - 
--------------------------------------------------------------------------------
[2022-08-23 11:35:49,402] {taskinstance.py:1377} INFO - Starting attempt 1 of 2
[2022-08-23 11:35:49,404] {taskinstance.py:1378} INFO - 
--------------------------------------------------------------------------------
[2022-08-23 11:35:49,441] {taskinstance.py:1397} INFO - Executing <Task(BashOperator): print_hello> on 2021-10-07 04:00:00+00:00
[2022-08-23 11:35:49,452] {standard_task_runner.py:52} INFO - Started process 3965 to run task
[2022-08-23 11:35:49,459] {standard_task_runner.py:79} INFO - Running: ['***', 'tasks', 'run', 'raizen_lab_01', 'print_hello', 'scheduled__2021-10-07T04:00:00+00:00', '--job-id', '1388', '--raw', '--subdir', 'DAGS_FOLDER/raizen_lab_01.py', '--cfg-path', '/tmp/tmp3_7u2qel', '--error-file', '/tmp/tmpn0xq2hvj']
[2022-08-23 11:35:49,460] {standard_task_runner.py:80} INFO - Job 1388: Subtask print_hello
[2022-08-23 11:35:49,582] {task_command.py:371} INFO - Running <TaskInstance: raizen_lab_01.print_hello scheduled__2021-10-07T04:00:00+00:00 [running]> on host 7f48b7aaf0fc
[2022-08-23 11:35:49,703] {taskinstance.py:1591} INFO - Exporting the following env vars:
AIRFLOW_CTX_DAG_OWNER=admin
AIRFLOW_CTX_DAG_ID=raizen_lab_01
AIRFLOW_CTX_TASK_ID=print_hello
AIRFLOW_CTX_EXECUTION_DATE=2021-10-07T04:00:00+00:00
AIRFLOW_CTX_TRY_NUMBER=1
AIRFLOW_CTX_DAG_RUN_ID=scheduled__2021-10-07T04:00:00+00:00
[2022-08-23 11:35:49,705] {subprocess.py:62} INFO - Tmp dir root location: 
 /tmp
[2022-08-23 11:35:49,706] {subprocess.py:74} INFO - Running command: ['bash', '-c', 'echo "hello"']
[2022-08-23 11:35:49,722] {subprocess.py:85} INFO - Output:
[2022-08-23 11:35:49,725] {subprocess.py:92} INFO - hello
[2022-08-23 11:35:49,725] {subprocess.py:96} INFO - Command exited with return code 0
[2022-08-23 11:35:49,775] {taskinstance.py:1420} INFO - Marking task as SUCCESS. dag_id=raizen_lab_01, task_id=print_hello, execution_date=20211007T040000, start_date=20220823T113549, end_date=20220823T113549
[2022-08-23 11:35:49,910] {local_task_job.py:156} INFO - Task exited with return code 0
[2022-08-23 11:35:49,997] {local_task_job.py:273} INFO - 1 downstream tasks scheduled from follow-on schedule check
