[2022-08-23 12:33:56,600] {taskinstance.py:1179} INFO - Dependencies all met for <TaskInstance: raizen_lab_01.sleep scheduled__2021-12-14T02:00:00+00:00 [queued]>
[2022-08-23 12:33:56,617] {taskinstance.py:1179} INFO - Dependencies all met for <TaskInstance: raizen_lab_01.sleep scheduled__2021-12-14T02:00:00+00:00 [queued]>
[2022-08-23 12:33:56,617] {taskinstance.py:1376} INFO - 
--------------------------------------------------------------------------------
[2022-08-23 12:33:56,618] {taskinstance.py:1377} INFO - Starting attempt 1 of 2
[2022-08-23 12:33:56,618] {taskinstance.py:1378} INFO - 
--------------------------------------------------------------------------------
[2022-08-23 12:33:56,646] {taskinstance.py:1397} INFO - Executing <Task(BashOperator): sleep> on 2021-12-14 02:00:00+00:00
[2022-08-23 12:33:56,655] {standard_task_runner.py:52} INFO - Started process 10819 to run task
[2022-08-23 12:33:56,660] {standard_task_runner.py:79} INFO - Running: ['***', 'tasks', 'run', 'raizen_lab_01', 'sleep', 'scheduled__2021-12-14T02:00:00+00:00', '--job-id', '6302', '--raw', '--subdir', 'DAGS_FOLDER/raizen_lab_01.py', '--cfg-path', '/tmp/tmpo5pc57a1', '--error-file', '/tmp/tmpocid90xc']
[2022-08-23 12:33:56,663] {standard_task_runner.py:80} INFO - Job 6302: Subtask sleep
[2022-08-23 12:33:56,782] {task_command.py:371} INFO - Running <TaskInstance: raizen_lab_01.sleep scheduled__2021-12-14T02:00:00+00:00 [running]> on host 6383a3236c72
[2022-08-23 12:33:56,875] {taskinstance.py:1591} INFO - Exporting the following env vars:
AIRFLOW_CTX_DAG_OWNER=admin
AIRFLOW_CTX_DAG_ID=raizen_lab_01
AIRFLOW_CTX_TASK_ID=sleep
AIRFLOW_CTX_EXECUTION_DATE=2021-12-14T02:00:00+00:00
AIRFLOW_CTX_TRY_NUMBER=1
AIRFLOW_CTX_DAG_RUN_ID=scheduled__2021-12-14T02:00:00+00:00
[2022-08-23 12:33:56,876] {subprocess.py:62} INFO - Tmp dir root location: 
 /tmp
[2022-08-23 12:33:56,877] {subprocess.py:74} INFO - Running command: ['bash', '-c', 'sleep 5']
[2022-08-23 12:33:56,891] {subprocess.py:85} INFO - Output:
[2022-08-23 12:34:01,894] {subprocess.py:96} INFO - Command exited with return code 0
[2022-08-23 12:34:01,920] {taskinstance.py:1420} INFO - Marking task as SUCCESS. dag_id=raizen_lab_01, task_id=sleep, execution_date=20211214T020000, start_date=20220823T123356, end_date=20220823T123401
[2022-08-23 12:34:01,972] {local_task_job.py:156} INFO - Task exited with return code 0
[2022-08-23 12:34:01,996] {local_task_job.py:273} INFO - 1 downstream tasks scheduled from follow-on schedule check
