[2022-08-24 02:08:37,084] {taskinstance.py:1179} INFO - Dependencies all met for <TaskInstance: raizen_lab_01.carga_arquivo manual__2022-08-24T02:08:35.091020+00:00 [queued]>
[2022-08-24 02:08:37,102] {taskinstance.py:1179} INFO - Dependencies all met for <TaskInstance: raizen_lab_01.carga_arquivo manual__2022-08-24T02:08:35.091020+00:00 [queued]>
[2022-08-24 02:08:37,103] {taskinstance.py:1376} INFO - 
--------------------------------------------------------------------------------
[2022-08-24 02:08:37,105] {taskinstance.py:1377} INFO - Starting attempt 1 of 2
[2022-08-24 02:08:37,106] {taskinstance.py:1378} INFO - 
--------------------------------------------------------------------------------
[2022-08-24 02:08:37,127] {taskinstance.py:1397} INFO - Executing <Task(PythonOperator): carga_arquivo> on 2022-08-24 02:08:35.091020+00:00
[2022-08-24 02:08:37,135] {standard_task_runner.py:52} INFO - Started process 256 to run task
[2022-08-24 02:08:37,140] {standard_task_runner.py:79} INFO - Running: ['***', 'tasks', 'run', 'raizen_lab_01', 'carga_arquivo', 'manual__2022-08-24T02:08:35.091020+00:00', '--job-id', '9665', '--raw', '--subdir', 'DAGS_FOLDER/raizen_lab_01.py', '--cfg-path', '/tmp/tmprpju63px', '--error-file', '/tmp/tmpx8lfznad']
[2022-08-24 02:08:37,144] {standard_task_runner.py:80} INFO - Job 9665: Subtask carga_arquivo
[2022-08-24 02:08:37,247] {task_command.py:371} INFO - Running <TaskInstance: raizen_lab_01.carga_arquivo manual__2022-08-24T02:08:35.091020+00:00 [running]> on host b8d797566373
[2022-08-24 02:08:37,368] {taskinstance.py:1591} INFO - Exporting the following env vars:
AIRFLOW_CTX_DAG_OWNER=admin
AIRFLOW_CTX_DAG_ID=raizen_lab_01
AIRFLOW_CTX_TASK_ID=carga_arquivo
AIRFLOW_CTX_EXECUTION_DATE=2022-08-24T02:08:35.091020+00:00
AIRFLOW_CTX_TRY_NUMBER=1
AIRFLOW_CTX_DAG_RUN_ID=manual__2022-08-24T02:08:35.091020+00:00
[2022-08-24 02:08:39,182] {python.py:173} INFO - Done. Returned value was: None
[2022-08-24 02:08:39,208] {taskinstance.py:1420} INFO - Marking task as SUCCESS. dag_id=raizen_lab_01, task_id=carga_arquivo, execution_date=20220824T020835, start_date=20220824T020837, end_date=20220824T020839
[2022-08-24 02:08:39,284] {local_task_job.py:156} INFO - Task exited with return code 0
[2022-08-24 02:08:39,368] {local_task_job.py:273} INFO - 1 downstream tasks scheduled from follow-on schedule check
