[2022-08-23 11:29:56,435] {taskinstance.py:1179} INFO - Dependencies all met for <TaskInstance: raizen_lab_01.sleep scheduled__2021-09-23T20:00:00+00:00 [queued]>
[2022-08-23 11:29:56,452] {taskinstance.py:1179} INFO - Dependencies all met for <TaskInstance: raizen_lab_01.sleep scheduled__2021-09-23T20:00:00+00:00 [queued]>
[2022-08-23 11:29:56,453] {taskinstance.py:1376} INFO - 
--------------------------------------------------------------------------------
[2022-08-23 11:29:56,453] {taskinstance.py:1377} INFO - Starting attempt 1 of 2
[2022-08-23 11:29:56,454] {taskinstance.py:1378} INFO - 
--------------------------------------------------------------------------------
[2022-08-23 11:29:56,474] {taskinstance.py:1397} INFO - Executing <Task(BashOperator): sleep> on 2021-09-23 20:00:00+00:00
[2022-08-23 11:29:56,483] {standard_task_runner.py:52} INFO - Started process 1149 to run task
[2022-08-23 11:29:56,488] {standard_task_runner.py:79} INFO - Running: ['***', 'tasks', 'run', 'raizen_lab_01', 'sleep', 'scheduled__2021-09-23T20:00:00+00:00', '--job-id', '425', '--raw', '--subdir', 'DAGS_FOLDER/raizen_lab_01.py', '--cfg-path', '/tmp/tmpb5o8_0ag', '--error-file', '/tmp/tmpy3k30w33']
[2022-08-23 11:29:56,489] {standard_task_runner.py:80} INFO - Job 425: Subtask sleep
[2022-08-23 11:29:56,600] {task_command.py:371} INFO - Running <TaskInstance: raizen_lab_01.sleep scheduled__2021-09-23T20:00:00+00:00 [running]> on host 7f48b7aaf0fc
[2022-08-23 11:29:56,717] {taskinstance.py:1591} INFO - Exporting the following env vars:
AIRFLOW_CTX_DAG_OWNER=admin
AIRFLOW_CTX_DAG_ID=raizen_lab_01
AIRFLOW_CTX_TASK_ID=sleep
AIRFLOW_CTX_EXECUTION_DATE=2021-09-23T20:00:00+00:00
AIRFLOW_CTX_TRY_NUMBER=1
AIRFLOW_CTX_DAG_RUN_ID=scheduled__2021-09-23T20:00:00+00:00
[2022-08-23 11:29:56,718] {subprocess.py:62} INFO - Tmp dir root location: 
 /tmp
[2022-08-23 11:29:56,720] {subprocess.py:74} INFO - Running command: ['bash', '-c', 'sleep 5']
[2022-08-23 11:29:56,733] {subprocess.py:85} INFO - Output:
[2022-08-23 11:30:01,737] {subprocess.py:96} INFO - Command exited with return code 0
[2022-08-23 11:30:01,800] {taskinstance.py:1420} INFO - Marking task as SUCCESS. dag_id=raizen_lab_01, task_id=sleep, execution_date=20210923T200000, start_date=20220823T112956, end_date=20220823T113001
[2022-08-23 11:30:01,852] {local_task_job.py:156} INFO - Task exited with return code 0
[2022-08-23 11:30:01,932] {local_task_job.py:273} INFO - 1 downstream tasks scheduled from follow-on schedule check
