[2022-08-23 11:34:12,914] {taskinstance.py:1179} INFO - Dependencies all met for <TaskInstance: raizen_lab_01.sleep scheduled__2021-10-03T11:00:00+00:00 [queued]>
[2022-08-23 11:34:12,930] {taskinstance.py:1179} INFO - Dependencies all met for <TaskInstance: raizen_lab_01.sleep scheduled__2021-10-03T11:00:00+00:00 [queued]>
[2022-08-23 11:34:12,931] {taskinstance.py:1376} INFO - 
--------------------------------------------------------------------------------
[2022-08-23 11:34:12,932] {taskinstance.py:1377} INFO - Starting attempt 1 of 2
[2022-08-23 11:34:12,932] {taskinstance.py:1378} INFO - 
--------------------------------------------------------------------------------
[2022-08-23 11:34:12,954] {taskinstance.py:1397} INFO - Executing <Task(BashOperator): sleep> on 2021-10-03 11:00:00+00:00
[2022-08-23 11:34:12,960] {standard_task_runner.py:52} INFO - Started process 3192 to run task
[2022-08-23 11:34:12,966] {standard_task_runner.py:79} INFO - Running: ['***', 'tasks', 'run', 'raizen_lab_01', 'sleep', 'scheduled__2021-10-03T11:00:00+00:00', '--job-id', '1122', '--raw', '--subdir', 'DAGS_FOLDER/raizen_lab_01.py', '--cfg-path', '/tmp/tmpx4t4emnm', '--error-file', '/tmp/tmp05d8iuxa']
[2022-08-23 11:34:12,967] {standard_task_runner.py:80} INFO - Job 1122: Subtask sleep
[2022-08-23 11:34:13,070] {task_command.py:371} INFO - Running <TaskInstance: raizen_lab_01.sleep scheduled__2021-10-03T11:00:00+00:00 [running]> on host 7f48b7aaf0fc
[2022-08-23 11:34:13,204] {taskinstance.py:1591} INFO - Exporting the following env vars:
AIRFLOW_CTX_DAG_OWNER=admin
AIRFLOW_CTX_DAG_ID=raizen_lab_01
AIRFLOW_CTX_TASK_ID=sleep
AIRFLOW_CTX_EXECUTION_DATE=2021-10-03T11:00:00+00:00
AIRFLOW_CTX_TRY_NUMBER=1
AIRFLOW_CTX_DAG_RUN_ID=scheduled__2021-10-03T11:00:00+00:00
[2022-08-23 11:34:13,207] {subprocess.py:62} INFO - Tmp dir root location: 
 /tmp
[2022-08-23 11:34:13,209] {subprocess.py:74} INFO - Running command: ['bash', '-c', 'sleep 5']
[2022-08-23 11:34:13,228] {subprocess.py:85} INFO - Output:
[2022-08-23 11:34:18,233] {subprocess.py:96} INFO - Command exited with return code 0
[2022-08-23 11:34:18,277] {taskinstance.py:1420} INFO - Marking task as SUCCESS. dag_id=raizen_lab_01, task_id=sleep, execution_date=20211003T110000, start_date=20220823T113412, end_date=20220823T113418
[2022-08-23 11:34:18,335] {local_task_job.py:156} INFO - Task exited with return code 0
[2022-08-23 11:34:18,372] {local_task_job.py:273} INFO - 1 downstream tasks scheduled from follow-on schedule check
