[2022-08-23 11:46:52,130] {taskinstance.py:1179} INFO - Dependencies all met for <TaskInstance: raizen_lab_01.sleep scheduled__2021-10-18T07:00:00+00:00 [queued]>
[2022-08-23 11:46:52,151] {taskinstance.py:1179} INFO - Dependencies all met for <TaskInstance: raizen_lab_01.sleep scheduled__2021-10-18T07:00:00+00:00 [queued]>
[2022-08-23 11:46:52,152] {taskinstance.py:1376} INFO - 
--------------------------------------------------------------------------------
[2022-08-23 11:46:52,152] {taskinstance.py:1377} INFO - Starting attempt 1 of 2
[2022-08-23 11:46:52,153] {taskinstance.py:1378} INFO - 
--------------------------------------------------------------------------------
[2022-08-23 11:46:52,177] {taskinstance.py:1397} INFO - Executing <Task(BashOperator): sleep> on 2021-10-18 07:00:00+00:00
[2022-08-23 11:46:52,185] {standard_task_runner.py:52} INFO - Started process 551 to run task
[2022-08-23 11:46:52,192] {standard_task_runner.py:79} INFO - Running: ['***', 'tasks', 'run', 'raizen_lab_01', 'sleep', 'scheduled__2021-10-18T07:00:00+00:00', '--job-id', '2192', '--raw', '--subdir', 'DAGS_FOLDER/raizen_lab_01.py', '--cfg-path', '/tmp/tmpl4093fpc', '--error-file', '/tmp/tmphq4pdthf']
[2022-08-23 11:46:52,193] {standard_task_runner.py:80} INFO - Job 2192: Subtask sleep
[2022-08-23 11:46:52,303] {task_command.py:371} INFO - Running <TaskInstance: raizen_lab_01.sleep scheduled__2021-10-18T07:00:00+00:00 [running]> on host fc645605a611
[2022-08-23 11:46:52,435] {taskinstance.py:1591} INFO - Exporting the following env vars:
AIRFLOW_CTX_DAG_OWNER=admin
AIRFLOW_CTX_DAG_ID=raizen_lab_01
AIRFLOW_CTX_TASK_ID=sleep
AIRFLOW_CTX_EXECUTION_DATE=2021-10-18T07:00:00+00:00
AIRFLOW_CTX_TRY_NUMBER=1
AIRFLOW_CTX_DAG_RUN_ID=scheduled__2021-10-18T07:00:00+00:00
[2022-08-23 11:46:52,437] {subprocess.py:62} INFO - Tmp dir root location: 
 /tmp
[2022-08-23 11:46:52,438] {subprocess.py:74} INFO - Running command: ['bash', '-c', 'sleep 5']
[2022-08-23 11:46:52,451] {subprocess.py:85} INFO - Output:
[2022-08-23 11:46:57,455] {subprocess.py:96} INFO - Command exited with return code 0
[2022-08-23 11:46:57,576] {taskinstance.py:1420} INFO - Marking task as SUCCESS. dag_id=raizen_lab_01, task_id=sleep, execution_date=20211018T070000, start_date=20220823T114652, end_date=20220823T114657
[2022-08-23 11:46:57,619] {local_task_job.py:156} INFO - Task exited with return code 0
[2022-08-23 11:46:57,677] {local_task_job.py:273} INFO - 1 downstream tasks scheduled from follow-on schedule check
