[2022-08-23 11:31:50,983] {taskinstance.py:1179} INFO - Dependencies all met for <TaskInstance: raizen_lab_01.sleep scheduled__2021-09-28T11:00:00+00:00 [queued]>
[2022-08-23 11:31:50,998] {taskinstance.py:1179} INFO - Dependencies all met for <TaskInstance: raizen_lab_01.sleep scheduled__2021-09-28T11:00:00+00:00 [queued]>
[2022-08-23 11:31:51,002] {taskinstance.py:1376} INFO - 
--------------------------------------------------------------------------------
[2022-08-23 11:31:51,003] {taskinstance.py:1377} INFO - Starting attempt 1 of 2
[2022-08-23 11:31:51,023] {taskinstance.py:1378} INFO - 
--------------------------------------------------------------------------------
[2022-08-23 11:31:51,091] {taskinstance.py:1397} INFO - Executing <Task(BashOperator): sleep> on 2021-09-28 11:00:00+00:00
[2022-08-23 11:31:51,100] {standard_task_runner.py:52} INFO - Started process 2122 to run task
[2022-08-23 11:31:51,105] {standard_task_runner.py:79} INFO - Running: ['***', 'tasks', 'run', 'raizen_lab_01', 'sleep', 'scheduled__2021-09-28T11:00:00+00:00', '--job-id', '759', '--raw', '--subdir', 'DAGS_FOLDER/raizen_lab_01.py', '--cfg-path', '/tmp/tmpbbq1myuu', '--error-file', '/tmp/tmpe6xy1186']
[2022-08-23 11:31:51,106] {standard_task_runner.py:80} INFO - Job 759: Subtask sleep
[2022-08-23 11:31:51,303] {task_command.py:371} INFO - Running <TaskInstance: raizen_lab_01.sleep scheduled__2021-09-28T11:00:00+00:00 [running]> on host 7f48b7aaf0fc
[2022-08-23 11:31:51,605] {taskinstance.py:1591} INFO - Exporting the following env vars:
AIRFLOW_CTX_DAG_OWNER=admin
AIRFLOW_CTX_DAG_ID=raizen_lab_01
AIRFLOW_CTX_TASK_ID=sleep
AIRFLOW_CTX_EXECUTION_DATE=2021-09-28T11:00:00+00:00
AIRFLOW_CTX_TRY_NUMBER=1
AIRFLOW_CTX_DAG_RUN_ID=scheduled__2021-09-28T11:00:00+00:00
[2022-08-23 11:31:51,607] {subprocess.py:62} INFO - Tmp dir root location: 
 /tmp
[2022-08-23 11:31:51,609] {subprocess.py:74} INFO - Running command: ['bash', '-c', 'sleep 5']
[2022-08-23 11:31:51,632] {subprocess.py:85} INFO - Output:
[2022-08-23 11:31:56,636] {subprocess.py:96} INFO - Command exited with return code 0
[2022-08-23 11:31:56,682] {taskinstance.py:1420} INFO - Marking task as SUCCESS. dag_id=raizen_lab_01, task_id=sleep, execution_date=20210928T110000, start_date=20220823T113150, end_date=20220823T113156
[2022-08-23 11:31:56,722] {local_task_job.py:156} INFO - Task exited with return code 0
[2022-08-23 11:31:56,766] {local_task_job.py:273} INFO - 1 downstream tasks scheduled from follow-on schedule check
