[2022-08-23 11:30:59,431] {taskinstance.py:1179} INFO - Dependencies all met for <TaskInstance: raizen_lab_01.sleep scheduled__2021-09-26T05:00:00+00:00 [queued]>
[2022-08-23 11:30:59,448] {taskinstance.py:1179} INFO - Dependencies all met for <TaskInstance: raizen_lab_01.sleep scheduled__2021-09-26T05:00:00+00:00 [queued]>
[2022-08-23 11:30:59,449] {taskinstance.py:1376} INFO - 
--------------------------------------------------------------------------------
[2022-08-23 11:30:59,449] {taskinstance.py:1377} INFO - Starting attempt 1 of 2
[2022-08-23 11:30:59,450] {taskinstance.py:1378} INFO - 
--------------------------------------------------------------------------------
[2022-08-23 11:30:59,479] {taskinstance.py:1397} INFO - Executing <Task(BashOperator): sleep> on 2021-09-26 05:00:00+00:00
[2022-08-23 11:30:59,488] {standard_task_runner.py:52} INFO - Started process 1669 to run task
[2022-08-23 11:30:59,493] {standard_task_runner.py:79} INFO - Running: ['***', 'tasks', 'run', 'raizen_lab_01', 'sleep', 'scheduled__2021-09-26T05:00:00+00:00', '--job-id', '604', '--raw', '--subdir', 'DAGS_FOLDER/raizen_lab_01.py', '--cfg-path', '/tmp/tmpfxoapm8e', '--error-file', '/tmp/tmp2gdyk3aq']
[2022-08-23 11:30:59,494] {standard_task_runner.py:80} INFO - Job 604: Subtask sleep
[2022-08-23 11:30:59,612] {task_command.py:371} INFO - Running <TaskInstance: raizen_lab_01.sleep scheduled__2021-09-26T05:00:00+00:00 [running]> on host 7f48b7aaf0fc
[2022-08-23 11:30:59,744] {taskinstance.py:1591} INFO - Exporting the following env vars:
AIRFLOW_CTX_DAG_OWNER=admin
AIRFLOW_CTX_DAG_ID=raizen_lab_01
AIRFLOW_CTX_TASK_ID=sleep
AIRFLOW_CTX_EXECUTION_DATE=2021-09-26T05:00:00+00:00
AIRFLOW_CTX_TRY_NUMBER=1
AIRFLOW_CTX_DAG_RUN_ID=scheduled__2021-09-26T05:00:00+00:00
[2022-08-23 11:30:59,746] {subprocess.py:62} INFO - Tmp dir root location: 
 /tmp
[2022-08-23 11:30:59,747] {subprocess.py:74} INFO - Running command: ['bash', '-c', 'sleep 5']
[2022-08-23 11:30:59,763] {subprocess.py:85} INFO - Output:
[2022-08-23 11:31:04,767] {subprocess.py:96} INFO - Command exited with return code 0
[2022-08-23 11:31:04,881] {taskinstance.py:1420} INFO - Marking task as SUCCESS. dag_id=raizen_lab_01, task_id=sleep, execution_date=20210926T050000, start_date=20220823T113059, end_date=20220823T113104
[2022-08-23 11:31:04,909] {local_task_job.py:156} INFO - Task exited with return code 0
[2022-08-23 11:31:04,962] {local_task_job.py:273} INFO - 1 downstream tasks scheduled from follow-on schedule check
