[2022-08-23 11:37:22,773] {taskinstance.py:1179} INFO - Dependencies all met for <TaskInstance: raizen_lab_01.print_hello scheduled__2021-10-09T23:00:00+00:00 [queued]>
[2022-08-23 11:37:22,800] {taskinstance.py:1179} INFO - Dependencies all met for <TaskInstance: raizen_lab_01.print_hello scheduled__2021-10-09T23:00:00+00:00 [queued]>
[2022-08-23 11:37:22,801] {taskinstance.py:1376} INFO - 
--------------------------------------------------------------------------------
[2022-08-23 11:37:22,801] {taskinstance.py:1377} INFO - Starting attempt 1 of 2
[2022-08-23 11:37:22,803] {taskinstance.py:1378} INFO - 
--------------------------------------------------------------------------------
[2022-08-23 11:37:22,842] {taskinstance.py:1397} INFO - Executing <Task(BashOperator): print_hello> on 2021-10-09 23:00:00+00:00
[2022-08-23 11:37:22,850] {standard_task_runner.py:52} INFO - Started process 393 to run task
[2022-08-23 11:37:22,856] {standard_task_runner.py:79} INFO - Running: ['***', 'tasks', 'run', 'raizen_lab_01', 'print_hello', 'scheduled__2021-10-09T23:00:00+00:00', '--job-id', '1585', '--raw', '--subdir', 'DAGS_FOLDER/raizen_lab_01.py', '--cfg-path', '/tmp/tmpq5i3hzc0', '--error-file', '/tmp/tmpfh05db9v']
[2022-08-23 11:37:22,857] {standard_task_runner.py:80} INFO - Job 1585: Subtask print_hello
[2022-08-23 11:37:22,976] {task_command.py:371} INFO - Running <TaskInstance: raizen_lab_01.print_hello scheduled__2021-10-09T23:00:00+00:00 [running]> on host 7f48b7aaf0fc
[2022-08-23 11:37:23,112] {taskinstance.py:1591} INFO - Exporting the following env vars:
AIRFLOW_CTX_DAG_OWNER=admin
AIRFLOW_CTX_DAG_ID=raizen_lab_01
AIRFLOW_CTX_TASK_ID=print_hello
AIRFLOW_CTX_EXECUTION_DATE=2021-10-09T23:00:00+00:00
AIRFLOW_CTX_TRY_NUMBER=1
AIRFLOW_CTX_DAG_RUN_ID=scheduled__2021-10-09T23:00:00+00:00
[2022-08-23 11:37:23,114] {subprocess.py:62} INFO - Tmp dir root location: 
 /tmp
[2022-08-23 11:37:23,116] {subprocess.py:74} INFO - Running command: ['bash', '-c', 'echo "hello"']
[2022-08-23 11:37:23,134] {subprocess.py:85} INFO - Output:
[2022-08-23 11:37:23,137] {subprocess.py:92} INFO - hello
[2022-08-23 11:37:23,137] {subprocess.py:96} INFO - Command exited with return code 0
[2022-08-23 11:37:23,188] {taskinstance.py:1420} INFO - Marking task as SUCCESS. dag_id=raizen_lab_01, task_id=print_hello, execution_date=20211009T230000, start_date=20220823T113722, end_date=20220823T113723
[2022-08-23 11:37:23,228] {local_task_job.py:156} INFO - Task exited with return code 0
[2022-08-23 11:37:23,302] {local_task_job.py:273} INFO - 1 downstream tasks scheduled from follow-on schedule check
