[2022-08-23 16:13:59,863] {taskinstance.py:1179} INFO - Dependencies all met for <TaskInstance: raizen_lab_01.step_01 scheduled__2022-01-04T19:00:00+00:00 [queued]>
[2022-08-23 16:13:59,878] {taskinstance.py:1179} INFO - Dependencies all met for <TaskInstance: raizen_lab_01.step_01 scheduled__2022-01-04T19:00:00+00:00 [queued]>
[2022-08-23 16:13:59,879] {taskinstance.py:1376} INFO - 
--------------------------------------------------------------------------------
[2022-08-23 16:13:59,879] {taskinstance.py:1377} INFO - Starting attempt 1 of 2
[2022-08-23 16:13:59,880] {taskinstance.py:1378} INFO - 
--------------------------------------------------------------------------------
[2022-08-23 16:13:59,903] {taskinstance.py:1397} INFO - Executing <Task(BashOperator): step_01> on 2022-01-04 19:00:00+00:00
[2022-08-23 16:13:59,910] {standard_task_runner.py:52} INFO - Started process 398 to run task
[2022-08-23 16:13:59,917] {standard_task_runner.py:79} INFO - Running: ['***', 'tasks', 'run', 'raizen_lab_01', 'step_01', 'scheduled__2022-01-04T19:00:00+00:00', '--job-id', '8047', '--raw', '--subdir', 'DAGS_FOLDER/raizen_lab_01.py', '--cfg-path', '/tmp/tmpw97pes74', '--error-file', '/tmp/tmpdjqon4g2']
[2022-08-23 16:13:59,919] {standard_task_runner.py:80} INFO - Job 8047: Subtask step_01
[2022-08-23 16:14:00,011] {task_command.py:371} INFO - Running <TaskInstance: raizen_lab_01.step_01 scheduled__2022-01-04T19:00:00+00:00 [running]> on host 8790b68fb5bc
[2022-08-23 16:14:00,117] {taskinstance.py:1591} INFO - Exporting the following env vars:
AIRFLOW_CTX_DAG_OWNER=admin
AIRFLOW_CTX_DAG_ID=raizen_lab_01
AIRFLOW_CTX_TASK_ID=step_01
AIRFLOW_CTX_EXECUTION_DATE=2022-01-04T19:00:00+00:00
AIRFLOW_CTX_TRY_NUMBER=1
AIRFLOW_CTX_DAG_RUN_ID=scheduled__2022-01-04T19:00:00+00:00
[2022-08-23 16:14:00,120] {subprocess.py:62} INFO - Tmp dir root location: 
 /tmp
[2022-08-23 16:14:00,121] {subprocess.py:74} INFO - Running command: ['bash', '-c', 'echo "hello"']
[2022-08-23 16:14:00,134] {subprocess.py:85} INFO - Output:
[2022-08-23 16:14:00,135] {subprocess.py:92} INFO - hello
[2022-08-23 16:14:00,136] {subprocess.py:96} INFO - Command exited with return code 0
[2022-08-23 16:14:00,173] {taskinstance.py:1420} INFO - Marking task as SUCCESS. dag_id=raizen_lab_01, task_id=step_01, execution_date=20220104T190000, start_date=20220823T161359, end_date=20220823T161400
[2022-08-23 16:14:00,207] {local_task_job.py:156} INFO - Task exited with return code 0
[2022-08-23 16:14:00,253] {local_task_job.py:273} INFO - 0 downstream tasks scheduled from follow-on schedule check
