[2022-08-23 13:11:07,090] {taskinstance.py:1179} INFO - Dependencies all met for <TaskInstance: raizen_lab_01.sleep scheduled__2021-12-28T12:00:00+00:00 [queued]>
[2022-08-23 13:11:07,096] {taskinstance.py:1179} INFO - Dependencies all met for <TaskInstance: raizen_lab_01.sleep scheduled__2021-12-28T12:00:00+00:00 [queued]>
[2022-08-23 13:11:07,097] {taskinstance.py:1376} INFO - 
--------------------------------------------------------------------------------
[2022-08-23 13:11:07,097] {taskinstance.py:1377} INFO - Starting attempt 1 of 2
[2022-08-23 13:11:07,100] {taskinstance.py:1378} INFO - 
--------------------------------------------------------------------------------
[2022-08-23 13:11:07,115] {taskinstance.py:1397} INFO - Executing <Task(BashOperator): sleep> on 2021-12-28 12:00:00+00:00
[2022-08-23 13:11:07,119] {standard_task_runner.py:52} INFO - Started process 1067 to run task
[2022-08-23 13:11:07,122] {standard_task_runner.py:79} INFO - Running: ['***', 'tasks', 'run', 'raizen_lab_01', 'sleep', 'scheduled__2021-12-28T12:00:00+00:00', '--job-id', '7334', '--raw', '--subdir', 'DAGS_FOLDER/raizen_lab_01.py', '--cfg-path', '/tmp/tmpc_pbudgm', '--error-file', '/tmp/tmphfy_pp7p']
[2022-08-23 13:11:07,123] {standard_task_runner.py:80} INFO - Job 7334: Subtask sleep
[2022-08-23 13:11:07,174] {task_command.py:371} INFO - Running <TaskInstance: raizen_lab_01.sleep scheduled__2021-12-28T12:00:00+00:00 [running]> on host 965856c951e3
[2022-08-23 13:11:07,245] {taskinstance.py:1591} INFO - Exporting the following env vars:
AIRFLOW_CTX_DAG_OWNER=admin
AIRFLOW_CTX_DAG_ID=raizen_lab_01
AIRFLOW_CTX_TASK_ID=sleep
AIRFLOW_CTX_EXECUTION_DATE=2021-12-28T12:00:00+00:00
AIRFLOW_CTX_TRY_NUMBER=1
AIRFLOW_CTX_DAG_RUN_ID=scheduled__2021-12-28T12:00:00+00:00
[2022-08-23 13:11:07,246] {subprocess.py:62} INFO - Tmp dir root location: 
 /tmp
[2022-08-23 13:11:07,247] {subprocess.py:74} INFO - Running command: ['bash', '-c', 'sleep 5']
[2022-08-23 13:11:07,255] {subprocess.py:85} INFO - Output:
