[2022-08-23 12:20:52,660] {taskinstance.py:1179} INFO - Dependencies all met for <TaskInstance: raizen_lab_01.print_hello scheduled__2021-11-10T00:00:00+00:00 [queued]>
[2022-08-23 12:20:52,671] {taskinstance.py:1179} INFO - Dependencies all met for <TaskInstance: raizen_lab_01.print_hello scheduled__2021-11-10T00:00:00+00:00 [queued]>
[2022-08-23 12:20:52,671] {taskinstance.py:1376} INFO - 
--------------------------------------------------------------------------------
[2022-08-23 12:20:52,671] {taskinstance.py:1377} INFO - Starting attempt 1 of 2
[2022-08-23 12:20:52,672] {taskinstance.py:1378} INFO - 
--------------------------------------------------------------------------------
[2022-08-23 12:20:52,691] {taskinstance.py:1397} INFO - Executing <Task(BashOperator): print_hello> on 2021-11-10 00:00:00+00:00
[2022-08-23 12:20:52,698] {standard_task_runner.py:52} INFO - Started process 1183 to run task
[2022-08-23 12:20:52,702] {standard_task_runner.py:79} INFO - Running: ['***', 'tasks', 'run', 'raizen_lab_01', 'print_hello', 'scheduled__2021-11-10T00:00:00+00:00', '--job-id', '3841', '--raw', '--subdir', 'DAGS_FOLDER/raizen_lab_01.py', '--cfg-path', '/tmp/tmpzjafc2v4', '--error-file', '/tmp/tmp0vgw84v3']
[2022-08-23 12:20:52,704] {standard_task_runner.py:80} INFO - Job 3841: Subtask print_hello
[2022-08-23 12:20:52,779] {task_command.py:371} INFO - Running <TaskInstance: raizen_lab_01.print_hello scheduled__2021-11-10T00:00:00+00:00 [running]> on host 6383a3236c72
[2022-08-23 12:20:52,871] {taskinstance.py:1591} INFO - Exporting the following env vars:
AIRFLOW_CTX_DAG_OWNER=admin
AIRFLOW_CTX_DAG_ID=raizen_lab_01
AIRFLOW_CTX_TASK_ID=print_hello
AIRFLOW_CTX_EXECUTION_DATE=2021-11-10T00:00:00+00:00
AIRFLOW_CTX_TRY_NUMBER=1
AIRFLOW_CTX_DAG_RUN_ID=scheduled__2021-11-10T00:00:00+00:00
[2022-08-23 12:20:52,873] {subprocess.py:62} INFO - Tmp dir root location: 
 /tmp
[2022-08-23 12:20:52,874] {subprocess.py:74} INFO - Running command: ['bash', '-c', 'echo "hello"']
[2022-08-23 12:20:52,892] {subprocess.py:85} INFO - Output:
[2022-08-23 12:20:52,894] {subprocess.py:92} INFO - hello
[2022-08-23 12:20:52,894] {subprocess.py:96} INFO - Command exited with return code 0
[2022-08-23 12:20:52,930] {taskinstance.py:1420} INFO - Marking task as SUCCESS. dag_id=raizen_lab_01, task_id=print_hello, execution_date=20211110T000000, start_date=20220823T122052, end_date=20220823T122052
[2022-08-23 12:20:52,993] {local_task_job.py:156} INFO - Task exited with return code 0
[2022-08-23 12:20:53,111] {local_task_job.py:273} INFO - 0 downstream tasks scheduled from follow-on schedule check
