[2022-08-23 12:29:44,630] {taskinstance.py:1179} INFO - Dependencies all met for <TaskInstance: raizen_lab_01.print_hello scheduled__2021-12-03T02:00:00+00:00 [queued]>
[2022-08-23 12:29:44,639] {taskinstance.py:1179} INFO - Dependencies all met for <TaskInstance: raizen_lab_01.print_hello scheduled__2021-12-03T02:00:00+00:00 [queued]>
[2022-08-23 12:29:44,639] {taskinstance.py:1376} INFO - 
--------------------------------------------------------------------------------
[2022-08-23 12:29:44,639] {taskinstance.py:1377} INFO - Starting attempt 1 of 2
[2022-08-23 12:29:44,648] {taskinstance.py:1378} INFO - 
--------------------------------------------------------------------------------
[2022-08-23 12:29:44,664] {taskinstance.py:1397} INFO - Executing <Task(BashOperator): print_hello> on 2021-12-03 02:00:00+00:00
[2022-08-23 12:29:44,672] {standard_task_runner.py:52} INFO - Started process 7661 to run task
[2022-08-23 12:29:44,676] {standard_task_runner.py:79} INFO - Running: ['***', 'tasks', 'run', 'raizen_lab_01', 'print_hello', 'scheduled__2021-12-03T02:00:00+00:00', '--job-id', '5494', '--raw', '--subdir', 'DAGS_FOLDER/raizen_lab_01.py', '--cfg-path', '/tmp/tmp7u0qush2', '--error-file', '/tmp/tmplwpc9nbt']
[2022-08-23 12:29:44,677] {standard_task_runner.py:80} INFO - Job 5494: Subtask print_hello
[2022-08-23 12:29:44,748] {task_command.py:371} INFO - Running <TaskInstance: raizen_lab_01.print_hello scheduled__2021-12-03T02:00:00+00:00 [running]> on host 6383a3236c72
[2022-08-23 12:29:44,832] {taskinstance.py:1591} INFO - Exporting the following env vars:
AIRFLOW_CTX_DAG_OWNER=admin
AIRFLOW_CTX_DAG_ID=raizen_lab_01
AIRFLOW_CTX_TASK_ID=print_hello
AIRFLOW_CTX_EXECUTION_DATE=2021-12-03T02:00:00+00:00
AIRFLOW_CTX_TRY_NUMBER=1
AIRFLOW_CTX_DAG_RUN_ID=scheduled__2021-12-03T02:00:00+00:00
[2022-08-23 12:29:44,834] {subprocess.py:62} INFO - Tmp dir root location: 
 /tmp
[2022-08-23 12:29:44,834] {subprocess.py:74} INFO - Running command: ['bash', '-c', 'echo "hello"']
[2022-08-23 12:29:44,848] {subprocess.py:85} INFO - Output:
[2022-08-23 12:29:44,849] {subprocess.py:92} INFO - hello
[2022-08-23 12:29:44,849] {subprocess.py:96} INFO - Command exited with return code 0
[2022-08-23 12:29:44,876] {taskinstance.py:1420} INFO - Marking task as SUCCESS. dag_id=raizen_lab_01, task_id=print_hello, execution_date=20211203T020000, start_date=20220823T122944, end_date=20220823T122944
[2022-08-23 12:29:44,927] {local_task_job.py:156} INFO - Task exited with return code 0
[2022-08-23 12:29:45,064] {local_task_job.py:273} INFO - 0 downstream tasks scheduled from follow-on schedule check
