[2022-08-23 12:32:40,109] {taskinstance.py:1179} INFO - Dependencies all met for <TaskInstance: raizen_lab_01.print_hello scheduled__2021-12-10T12:00:00+00:00 [queued]>
[2022-08-23 12:32:40,118] {taskinstance.py:1179} INFO - Dependencies all met for <TaskInstance: raizen_lab_01.print_hello scheduled__2021-12-10T12:00:00+00:00 [queued]>
[2022-08-23 12:32:40,118] {taskinstance.py:1376} INFO - 
--------------------------------------------------------------------------------
[2022-08-23 12:32:40,118] {taskinstance.py:1377} INFO - Starting attempt 1 of 2
[2022-08-23 12:32:40,119] {taskinstance.py:1378} INFO - 
--------------------------------------------------------------------------------
[2022-08-23 12:32:40,132] {taskinstance.py:1397} INFO - Executing <Task(BashOperator): print_hello> on 2021-12-10 12:00:00+00:00
[2022-08-23 12:32:40,139] {standard_task_runner.py:52} INFO - Started process 9812 to run task
[2022-08-23 12:32:40,143] {standard_task_runner.py:79} INFO - Running: ['***', 'tasks', 'run', 'raizen_lab_01', 'print_hello', 'scheduled__2021-12-10T12:00:00+00:00', '--job-id', '6045', '--raw', '--subdir', 'DAGS_FOLDER/raizen_lab_01.py', '--cfg-path', '/tmp/tmpz1dy12t3', '--error-file', '/tmp/tmp68ep5tyj']
[2022-08-23 12:32:40,145] {standard_task_runner.py:80} INFO - Job 6045: Subtask print_hello
[2022-08-23 12:32:40,202] {task_command.py:371} INFO - Running <TaskInstance: raizen_lab_01.print_hello scheduled__2021-12-10T12:00:00+00:00 [running]> on host 6383a3236c72
[2022-08-23 12:32:40,272] {taskinstance.py:1591} INFO - Exporting the following env vars:
AIRFLOW_CTX_DAG_OWNER=admin
AIRFLOW_CTX_DAG_ID=raizen_lab_01
AIRFLOW_CTX_TASK_ID=print_hello
AIRFLOW_CTX_EXECUTION_DATE=2021-12-10T12:00:00+00:00
AIRFLOW_CTX_TRY_NUMBER=1
AIRFLOW_CTX_DAG_RUN_ID=scheduled__2021-12-10T12:00:00+00:00
[2022-08-23 12:32:40,274] {subprocess.py:62} INFO - Tmp dir root location: 
 /tmp
[2022-08-23 12:32:40,275] {subprocess.py:74} INFO - Running command: ['bash', '-c', 'echo "hello"']
[2022-08-23 12:32:40,287] {subprocess.py:85} INFO - Output:
[2022-08-23 12:32:40,288] {subprocess.py:92} INFO - hello
[2022-08-23 12:32:40,289] {subprocess.py:96} INFO - Command exited with return code 0
[2022-08-23 12:32:40,336] {taskinstance.py:1420} INFO - Marking task as SUCCESS. dag_id=raizen_lab_01, task_id=print_hello, execution_date=20211210T120000, start_date=20220823T123240, end_date=20220823T123240
[2022-08-23 12:32:40,354] {local_task_job.py:156} INFO - Task exited with return code 0
[2022-08-23 12:32:40,396] {local_task_job.py:273} INFO - 1 downstream tasks scheduled from follow-on schedule check
