[2022-08-23 12:24:44,776] {taskinstance.py:1179} INFO - Dependencies all met for <TaskInstance: raizen_lab_01.sleep scheduled__2021-11-19T21:00:00+00:00 [queued]>
[2022-08-23 12:24:44,783] {taskinstance.py:1179} INFO - Dependencies all met for <TaskInstance: raizen_lab_01.sleep scheduled__2021-11-19T21:00:00+00:00 [queued]>
[2022-08-23 12:24:44,783] {taskinstance.py:1376} INFO - 
--------------------------------------------------------------------------------
[2022-08-23 12:24:44,784] {taskinstance.py:1377} INFO - Starting attempt 1 of 2
[2022-08-23 12:24:44,784] {taskinstance.py:1378} INFO - 
--------------------------------------------------------------------------------
[2022-08-23 12:24:44,795] {taskinstance.py:1397} INFO - Executing <Task(BashOperator): sleep> on 2021-11-19 21:00:00+00:00
[2022-08-23 12:24:44,801] {standard_task_runner.py:52} INFO - Started process 3997 to run task
[2022-08-23 12:24:44,803] {standard_task_runner.py:79} INFO - Running: ['***', 'tasks', 'run', 'raizen_lab_01', 'sleep', 'scheduled__2021-11-19T21:00:00+00:00', '--job-id', '4562', '--raw', '--subdir', 'DAGS_FOLDER/raizen_lab_01.py', '--cfg-path', '/tmp/tmp29aygn2s', '--error-file', '/tmp/tmpjsghliiv']
[2022-08-23 12:24:44,805] {standard_task_runner.py:80} INFO - Job 4562: Subtask sleep
[2022-08-23 12:24:44,858] {task_command.py:371} INFO - Running <TaskInstance: raizen_lab_01.sleep scheduled__2021-11-19T21:00:00+00:00 [running]> on host 6383a3236c72
[2022-08-23 12:24:44,914] {taskinstance.py:1591} INFO - Exporting the following env vars:
AIRFLOW_CTX_DAG_OWNER=admin
AIRFLOW_CTX_DAG_ID=raizen_lab_01
AIRFLOW_CTX_TASK_ID=sleep
AIRFLOW_CTX_EXECUTION_DATE=2021-11-19T21:00:00+00:00
AIRFLOW_CTX_TRY_NUMBER=1
AIRFLOW_CTX_DAG_RUN_ID=scheduled__2021-11-19T21:00:00+00:00
[2022-08-23 12:24:44,917] {subprocess.py:62} INFO - Tmp dir root location: 
 /tmp
[2022-08-23 12:24:44,917] {subprocess.py:74} INFO - Running command: ['bash', '-c', 'sleep 5']
[2022-08-23 12:24:44,926] {subprocess.py:85} INFO - Output:
[2022-08-23 12:24:49,928] {subprocess.py:96} INFO - Command exited with return code 0
[2022-08-23 12:24:50,078] {taskinstance.py:1420} INFO - Marking task as SUCCESS. dag_id=raizen_lab_01, task_id=sleep, execution_date=20211119T210000, start_date=20220823T122444, end_date=20220823T122450
[2022-08-23 12:24:50,140] {local_task_job.py:156} INFO - Task exited with return code 0
[2022-08-23 12:24:50,212] {local_task_job.py:273} INFO - 1 downstream tasks scheduled from follow-on schedule check
