[2022-08-23 11:33:53,042] {taskinstance.py:1179} INFO - Dependencies all met for <TaskInstance: raizen_lab_01.sleep scheduled__2021-10-02T18:00:00+00:00 [queued]>
[2022-08-23 11:33:53,059] {taskinstance.py:1179} INFO - Dependencies all met for <TaskInstance: raizen_lab_01.sleep scheduled__2021-10-02T18:00:00+00:00 [queued]>
[2022-08-23 11:33:53,060] {taskinstance.py:1376} INFO - 
--------------------------------------------------------------------------------
[2022-08-23 11:33:53,061] {taskinstance.py:1377} INFO - Starting attempt 1 of 2
[2022-08-23 11:33:53,061] {taskinstance.py:1378} INFO - 
--------------------------------------------------------------------------------
[2022-08-23 11:33:53,092] {taskinstance.py:1397} INFO - Executing <Task(BashOperator): sleep> on 2021-10-02 18:00:00+00:00
[2022-08-23 11:33:53,100] {standard_task_runner.py:52} INFO - Started process 3051 to run task
[2022-08-23 11:33:53,106] {standard_task_runner.py:79} INFO - Running: ['***', 'tasks', 'run', 'raizen_lab_01', 'sleep', 'scheduled__2021-10-02T18:00:00+00:00', '--job-id', '1074', '--raw', '--subdir', 'DAGS_FOLDER/raizen_lab_01.py', '--cfg-path', '/tmp/tmpt_2tae9w', '--error-file', '/tmp/tmpmsat2kue']
[2022-08-23 11:33:53,107] {standard_task_runner.py:80} INFO - Job 1074: Subtask sleep
[2022-08-23 11:33:53,243] {task_command.py:371} INFO - Running <TaskInstance: raizen_lab_01.sleep scheduled__2021-10-02T18:00:00+00:00 [running]> on host 7f48b7aaf0fc
[2022-08-23 11:33:53,415] {taskinstance.py:1591} INFO - Exporting the following env vars:
AIRFLOW_CTX_DAG_OWNER=admin
AIRFLOW_CTX_DAG_ID=raizen_lab_01
AIRFLOW_CTX_TASK_ID=sleep
AIRFLOW_CTX_EXECUTION_DATE=2021-10-02T18:00:00+00:00
AIRFLOW_CTX_TRY_NUMBER=1
AIRFLOW_CTX_DAG_RUN_ID=scheduled__2021-10-02T18:00:00+00:00
[2022-08-23 11:33:53,419] {subprocess.py:62} INFO - Tmp dir root location: 
 /tmp
[2022-08-23 11:33:53,421] {subprocess.py:74} INFO - Running command: ['bash', '-c', 'sleep 5']
[2022-08-23 11:33:53,448] {subprocess.py:85} INFO - Output:
[2022-08-23 11:33:58,455] {subprocess.py:96} INFO - Command exited with return code 0
[2022-08-23 11:33:58,504] {taskinstance.py:1420} INFO - Marking task as SUCCESS. dag_id=raizen_lab_01, task_id=sleep, execution_date=20211002T180000, start_date=20220823T113353, end_date=20220823T113358
[2022-08-23 11:33:58,561] {local_task_job.py:156} INFO - Task exited with return code 0
[2022-08-23 11:33:58,609] {local_task_job.py:273} INFO - 1 downstream tasks scheduled from follow-on schedule check
