[2022-08-23 12:20:40,659] {taskinstance.py:1179} INFO - Dependencies all met for <TaskInstance: raizen_lab_01.sleep scheduled__2021-11-09T16:00:00+00:00 [queued]>
[2022-08-23 12:20:40,669] {taskinstance.py:1179} INFO - Dependencies all met for <TaskInstance: raizen_lab_01.sleep scheduled__2021-11-09T16:00:00+00:00 [queued]>
[2022-08-23 12:20:40,669] {taskinstance.py:1376} INFO - 
--------------------------------------------------------------------------------
[2022-08-23 12:20:40,670] {taskinstance.py:1377} INFO - Starting attempt 1 of 2
[2022-08-23 12:20:40,670] {taskinstance.py:1378} INFO - 
--------------------------------------------------------------------------------
[2022-08-23 12:20:40,688] {taskinstance.py:1397} INFO - Executing <Task(BashOperator): sleep> on 2021-11-09 16:00:00+00:00
[2022-08-23 12:20:40,696] {standard_task_runner.py:52} INFO - Started process 1090 to run task
[2022-08-23 12:20:40,699] {standard_task_runner.py:79} INFO - Running: ['***', 'tasks', 'run', 'raizen_lab_01', 'sleep', 'scheduled__2021-11-09T16:00:00+00:00', '--job-id', '3817', '--raw', '--subdir', 'DAGS_FOLDER/raizen_lab_01.py', '--cfg-path', '/tmp/tmpxip8gxx6', '--error-file', '/tmp/tmp94ktzuuy']
[2022-08-23 12:20:40,700] {standard_task_runner.py:80} INFO - Job 3817: Subtask sleep
[2022-08-23 12:20:40,776] {task_command.py:371} INFO - Running <TaskInstance: raizen_lab_01.sleep scheduled__2021-11-09T16:00:00+00:00 [running]> on host 6383a3236c72
[2022-08-23 12:20:40,851] {taskinstance.py:1591} INFO - Exporting the following env vars:
AIRFLOW_CTX_DAG_OWNER=admin
AIRFLOW_CTX_DAG_ID=raizen_lab_01
AIRFLOW_CTX_TASK_ID=sleep
AIRFLOW_CTX_EXECUTION_DATE=2021-11-09T16:00:00+00:00
AIRFLOW_CTX_TRY_NUMBER=1
AIRFLOW_CTX_DAG_RUN_ID=scheduled__2021-11-09T16:00:00+00:00
[2022-08-23 12:20:40,852] {subprocess.py:62} INFO - Tmp dir root location: 
 /tmp
[2022-08-23 12:20:40,853] {subprocess.py:74} INFO - Running command: ['bash', '-c', 'sleep 5']
[2022-08-23 12:20:40,863] {subprocess.py:85} INFO - Output:
[2022-08-23 12:20:45,866] {subprocess.py:96} INFO - Command exited with return code 0
[2022-08-23 12:20:45,911] {taskinstance.py:1420} INFO - Marking task as SUCCESS. dag_id=raizen_lab_01, task_id=sleep, execution_date=20211109T160000, start_date=20220823T122040, end_date=20220823T122045
[2022-08-23 12:20:45,946] {local_task_job.py:156} INFO - Task exited with return code 0
[2022-08-23 12:20:45,978] {local_task_job.py:273} INFO - 1 downstream tasks scheduled from follow-on schedule check
