[2022-08-23 11:59:22,405] {taskinstance.py:1179} INFO - Dependencies all met for <TaskInstance: raizen_lab_01.sleep scheduled__2021-10-23T04:00:00+00:00 [queued]>
[2022-08-23 11:59:22,425] {taskinstance.py:1179} INFO - Dependencies all met for <TaskInstance: raizen_lab_01.sleep scheduled__2021-10-23T04:00:00+00:00 [queued]>
[2022-08-23 11:59:22,426] {taskinstance.py:1376} INFO - 
--------------------------------------------------------------------------------
[2022-08-23 11:59:22,427] {taskinstance.py:1377} INFO - Starting attempt 1 of 2
[2022-08-23 11:59:22,427] {taskinstance.py:1378} INFO - 
--------------------------------------------------------------------------------
[2022-08-23 11:59:22,455] {taskinstance.py:1397} INFO - Executing <Task(BashOperator): sleep> on 2021-10-23 04:00:00+00:00
[2022-08-23 11:59:22,463] {standard_task_runner.py:52} INFO - Started process 550 to run task
[2022-08-23 11:59:22,468] {standard_task_runner.py:79} INFO - Running: ['***', 'tasks', 'run', 'raizen_lab_01', 'sleep', 'scheduled__2021-10-23T04:00:00+00:00', '--job-id', '2553', '--raw', '--subdir', 'DAGS_FOLDER/raizen_lab_01.py', '--cfg-path', '/tmp/tmpjo4qy7nb', '--error-file', '/tmp/tmped8dbvzu']
[2022-08-23 11:59:22,469] {standard_task_runner.py:80} INFO - Job 2553: Subtask sleep
[2022-08-23 11:59:22,584] {task_command.py:371} INFO - Running <TaskInstance: raizen_lab_01.sleep scheduled__2021-10-23T04:00:00+00:00 [running]> on host 9f4b06248101
[2022-08-23 11:59:22,717] {taskinstance.py:1591} INFO - Exporting the following env vars:
AIRFLOW_CTX_DAG_OWNER=admin
AIRFLOW_CTX_DAG_ID=raizen_lab_01
AIRFLOW_CTX_TASK_ID=sleep
AIRFLOW_CTX_EXECUTION_DATE=2021-10-23T04:00:00+00:00
AIRFLOW_CTX_TRY_NUMBER=1
AIRFLOW_CTX_DAG_RUN_ID=scheduled__2021-10-23T04:00:00+00:00
[2022-08-23 11:59:22,720] {subprocess.py:62} INFO - Tmp dir root location: 
 /tmp
[2022-08-23 11:59:22,721] {subprocess.py:74} INFO - Running command: ['bash', '-c', 'sleep 5']
[2022-08-23 11:59:22,739] {subprocess.py:85} INFO - Output:
[2022-08-23 11:59:27,746] {subprocess.py:96} INFO - Command exited with return code 0
[2022-08-23 11:59:27,785] {taskinstance.py:1420} INFO - Marking task as SUCCESS. dag_id=raizen_lab_01, task_id=sleep, execution_date=20211023T040000, start_date=20220823T115922, end_date=20220823T115927
[2022-08-23 11:59:27,832] {local_task_job.py:156} INFO - Task exited with return code 0
[2022-08-23 11:59:27,869] {local_task_job.py:273} INFO - 1 downstream tasks scheduled from follow-on schedule check
