[2022-08-23 13:16:12,135] {taskinstance.py:1179} INFO - Dependencies all met for <TaskInstance: raizen_lab_01.sleep scheduled__2022-01-02T12:00:00+00:00 [queued]>
[2022-08-23 13:16:12,146] {taskinstance.py:1179} INFO - Dependencies all met for <TaskInstance: raizen_lab_01.sleep scheduled__2022-01-02T12:00:00+00:00 [queued]>
[2022-08-23 13:16:12,146] {taskinstance.py:1376} INFO - 
--------------------------------------------------------------------------------
[2022-08-23 13:16:12,146] {taskinstance.py:1377} INFO - Starting attempt 1 of 2
[2022-08-23 13:16:12,147] {taskinstance.py:1378} INFO - 
--------------------------------------------------------------------------------
[2022-08-23 13:16:12,168] {taskinstance.py:1397} INFO - Executing <Task(BashOperator): sleep> on 2022-01-02 12:00:00+00:00
[2022-08-23 13:16:12,176] {standard_task_runner.py:52} INFO - Started process 1555 to run task
[2022-08-23 13:16:12,180] {standard_task_runner.py:79} INFO - Running: ['***', 'tasks', 'run', 'raizen_lab_01', 'sleep', 'scheduled__2022-01-02T12:00:00+00:00', '--job-id', '7717', '--raw', '--subdir', 'DAGS_FOLDER/raizen_lab_01.py', '--cfg-path', '/tmp/tmp3n9ioj09', '--error-file', '/tmp/tmp8491js3z']
[2022-08-23 13:16:12,182] {standard_task_runner.py:80} INFO - Job 7717: Subtask sleep
[2022-08-23 13:16:12,259] {task_command.py:371} INFO - Running <TaskInstance: raizen_lab_01.sleep scheduled__2022-01-02T12:00:00+00:00 [running]> on host 94e929fe2c87
[2022-08-23 13:16:12,333] {taskinstance.py:1591} INFO - Exporting the following env vars:
AIRFLOW_CTX_DAG_OWNER=admin
AIRFLOW_CTX_DAG_ID=raizen_lab_01
AIRFLOW_CTX_TASK_ID=sleep
AIRFLOW_CTX_EXECUTION_DATE=2022-01-02T12:00:00+00:00
AIRFLOW_CTX_TRY_NUMBER=1
AIRFLOW_CTX_DAG_RUN_ID=scheduled__2022-01-02T12:00:00+00:00
[2022-08-23 13:16:12,335] {subprocess.py:62} INFO - Tmp dir root location: 
 /tmp
[2022-08-23 13:16:12,336] {subprocess.py:74} INFO - Running command: ['bash', '-c', 'sleep 5']
[2022-08-23 13:16:12,353] {subprocess.py:85} INFO - Output:
[2022-08-23 13:16:17,357] {subprocess.py:96} INFO - Command exited with return code 0
[2022-08-23 13:16:17,414] {taskinstance.py:1420} INFO - Marking task as SUCCESS. dag_id=raizen_lab_01, task_id=sleep, execution_date=20220102T120000, start_date=20220823T131612, end_date=20220823T131617
[2022-08-23 13:16:17,445] {local_task_job.py:156} INFO - Task exited with return code 0
[2022-08-23 13:16:17,470] {local_task_job.py:273} INFO - 1 downstream tasks scheduled from follow-on schedule check
