[2022-08-23 11:37:24,268] {taskinstance.py:1179} INFO - Dependencies all met for <TaskInstance: raizen_lab_01.sleep scheduled__2021-10-09T23:00:00+00:00 [queued]>
[2022-08-23 11:37:24,283] {taskinstance.py:1179} INFO - Dependencies all met for <TaskInstance: raizen_lab_01.sleep scheduled__2021-10-09T23:00:00+00:00 [queued]>
[2022-08-23 11:37:24,284] {taskinstance.py:1376} INFO - 
--------------------------------------------------------------------------------
[2022-08-23 11:37:24,284] {taskinstance.py:1377} INFO - Starting attempt 1 of 2
[2022-08-23 11:37:24,285] {taskinstance.py:1378} INFO - 
--------------------------------------------------------------------------------
[2022-08-23 11:37:24,312] {taskinstance.py:1397} INFO - Executing <Task(BashOperator): sleep> on 2021-10-09 23:00:00+00:00
[2022-08-23 11:37:24,319] {standard_task_runner.py:52} INFO - Started process 413 to run task
[2022-08-23 11:37:24,324] {standard_task_runner.py:79} INFO - Running: ['***', 'tasks', 'run', 'raizen_lab_01', 'sleep', 'scheduled__2021-10-09T23:00:00+00:00', '--job-id', '1594', '--raw', '--subdir', 'DAGS_FOLDER/raizen_lab_01.py', '--cfg-path', '/tmp/tmpz86s6ztl', '--error-file', '/tmp/tmp7t3z7mr2']
[2022-08-23 11:37:24,325] {standard_task_runner.py:80} INFO - Job 1594: Subtask sleep
[2022-08-23 11:37:24,444] {task_command.py:371} INFO - Running <TaskInstance: raizen_lab_01.sleep scheduled__2021-10-09T23:00:00+00:00 [running]> on host 7f48b7aaf0fc
[2022-08-23 11:37:24,657] {taskinstance.py:1591} INFO - Exporting the following env vars:
AIRFLOW_CTX_DAG_OWNER=admin
AIRFLOW_CTX_DAG_ID=raizen_lab_01
AIRFLOW_CTX_TASK_ID=sleep
AIRFLOW_CTX_EXECUTION_DATE=2021-10-09T23:00:00+00:00
AIRFLOW_CTX_TRY_NUMBER=1
AIRFLOW_CTX_DAG_RUN_ID=scheduled__2021-10-09T23:00:00+00:00
[2022-08-23 11:37:24,659] {subprocess.py:62} INFO - Tmp dir root location: 
 /tmp
[2022-08-23 11:37:24,660] {subprocess.py:74} INFO - Running command: ['bash', '-c', 'sleep 5']
[2022-08-23 11:37:24,684] {subprocess.py:85} INFO - Output:
[2022-08-23 11:37:29,690] {subprocess.py:96} INFO - Command exited with return code 0
[2022-08-23 11:37:29,780] {taskinstance.py:1420} INFO - Marking task as SUCCESS. dag_id=raizen_lab_01, task_id=sleep, execution_date=20211009T230000, start_date=20220823T113724, end_date=20220823T113729
[2022-08-23 11:37:29,851] {local_task_job.py:156} INFO - Task exited with return code 0
[2022-08-23 11:37:29,911] {local_task_job.py:273} INFO - 1 downstream tasks scheduled from follow-on schedule check
