[2022-08-23 23:49:51,591] {taskinstance.py:1179} INFO - Dependencies all met for <TaskInstance: raizen_lab_01.insere_dados_na_tabela manual__2022-08-23T23:49:48.276814+00:00 [queued]>
[2022-08-23 23:49:51,600] {taskinstance.py:1179} INFO - Dependencies all met for <TaskInstance: raizen_lab_01.insere_dados_na_tabela manual__2022-08-23T23:49:48.276814+00:00 [queued]>
[2022-08-23 23:49:51,601] {taskinstance.py:1376} INFO - 
--------------------------------------------------------------------------------
[2022-08-23 23:49:51,602] {taskinstance.py:1377} INFO - Starting attempt 1 of 2
[2022-08-23 23:49:51,602] {taskinstance.py:1378} INFO - 
--------------------------------------------------------------------------------
[2022-08-23 23:49:51,614] {taskinstance.py:1397} INFO - Executing <Task(PythonOperator): insere_dados_na_tabela> on 2022-08-23 23:49:48.276814+00:00
[2022-08-23 23:49:51,620] {standard_task_runner.py:52} INFO - Started process 95 to run task
[2022-08-23 23:49:51,622] {standard_task_runner.py:79} INFO - Running: ['***', 'tasks', 'run', 'raizen_lab_01', 'insere_dados_na_tabela', 'manual__2022-08-23T23:49:48.276814+00:00', '--job-id', '9567', '--raw', '--subdir', 'DAGS_FOLDER/raizen_lab_01.py', '--cfg-path', '/tmp/tmpzch5l12x', '--error-file', '/tmp/tmpzllkczml']
[2022-08-23 23:49:51,624] {standard_task_runner.py:80} INFO - Job 9567: Subtask insere_dados_na_tabela
[2022-08-23 23:49:51,712] {task_command.py:371} INFO - Running <TaskInstance: raizen_lab_01.insere_dados_na_tabela manual__2022-08-23T23:49:48.276814+00:00 [running]> on host 25dd15f8d678
[2022-08-23 23:49:51,796] {taskinstance.py:1591} INFO - Exporting the following env vars:
AIRFLOW_CTX_DAG_OWNER=admin
AIRFLOW_CTX_DAG_ID=raizen_lab_01
AIRFLOW_CTX_TASK_ID=insere_dados_na_tabela
AIRFLOW_CTX_EXECUTION_DATE=2022-08-23T23:49:48.276814+00:00
AIRFLOW_CTX_TRY_NUMBER=1
AIRFLOW_CTX_DAG_RUN_ID=manual__2022-08-23T23:49:48.276814+00:00
[2022-08-23 23:49:51,820] {logging_mixin.py:115} INFO - TABELA CRIADA
[2022-08-23 23:49:51,820] {python.py:173} INFO - Done. Returned value was: None
[2022-08-23 23:49:51,835] {taskinstance.py:1420} INFO - Marking task as SUCCESS. dag_id=raizen_lab_01, task_id=insere_dados_na_tabela, execution_date=20220823T234948, start_date=20220823T234951, end_date=20220823T234951
[2022-08-23 23:49:51,875] {local_task_job.py:156} INFO - Task exited with return code 0
[2022-08-23 23:49:51,928] {local_task_job.py:273} INFO - 1 downstream tasks scheduled from follow-on schedule check
