[2022-08-23 12:37:47,998] {taskinstance.py:1179} INFO - Dependencies all met for <TaskInstance: raizen_lab_01.sleep scheduled__2021-12-24T10:00:00+00:00 [queued]>
[2022-08-23 12:37:48,006] {taskinstance.py:1179} INFO - Dependencies all met for <TaskInstance: raizen_lab_01.sleep scheduled__2021-12-24T10:00:00+00:00 [queued]>
[2022-08-23 12:37:48,006] {taskinstance.py:1376} INFO - 
--------------------------------------------------------------------------------
[2022-08-23 12:37:48,006] {taskinstance.py:1377} INFO - Starting attempt 1 of 2
[2022-08-23 12:37:48,007] {taskinstance.py:1378} INFO - 
--------------------------------------------------------------------------------
[2022-08-23 12:37:48,023] {taskinstance.py:1397} INFO - Executing <Task(BashOperator): sleep> on 2021-12-24 10:00:00+00:00
[2022-08-23 12:37:48,029] {standard_task_runner.py:52} INFO - Started process 13716 to run task
[2022-08-23 12:37:48,032] {standard_task_runner.py:79} INFO - Running: ['***', 'tasks', 'run', 'raizen_lab_01', 'sleep', 'scheduled__2021-12-24T10:00:00+00:00', '--job-id', '7041', '--raw', '--subdir', 'DAGS_FOLDER/raizen_lab_01.py', '--cfg-path', '/tmp/tmp1_ks2ac5', '--error-file', '/tmp/tmphh_amqeh']
[2022-08-23 12:37:48,034] {standard_task_runner.py:80} INFO - Job 7041: Subtask sleep
[2022-08-23 12:37:48,094] {task_command.py:371} INFO - Running <TaskInstance: raizen_lab_01.sleep scheduled__2021-12-24T10:00:00+00:00 [running]> on host 6383a3236c72
[2022-08-23 12:37:48,161] {taskinstance.py:1591} INFO - Exporting the following env vars:
AIRFLOW_CTX_DAG_OWNER=admin
AIRFLOW_CTX_DAG_ID=raizen_lab_01
AIRFLOW_CTX_TASK_ID=sleep
AIRFLOW_CTX_EXECUTION_DATE=2021-12-24T10:00:00+00:00
AIRFLOW_CTX_TRY_NUMBER=1
AIRFLOW_CTX_DAG_RUN_ID=scheduled__2021-12-24T10:00:00+00:00
[2022-08-23 12:37:48,162] {subprocess.py:62} INFO - Tmp dir root location: 
 /tmp
[2022-08-23 12:37:48,163] {subprocess.py:74} INFO - Running command: ['bash', '-c', 'sleep 5']
[2022-08-23 12:37:48,179] {subprocess.py:85} INFO - Output:
[2022-08-23 12:37:53,182] {subprocess.py:96} INFO - Command exited with return code 0
[2022-08-23 12:37:53,251] {taskinstance.py:1420} INFO - Marking task as SUCCESS. dag_id=raizen_lab_01, task_id=sleep, execution_date=20211224T100000, start_date=20220823T123747, end_date=20220823T123753
[2022-08-23 12:37:53,282] {local_task_job.py:156} INFO - Task exited with return code 0
[2022-08-23 12:37:53,314] {local_task_job.py:273} INFO - 1 downstream tasks scheduled from follow-on schedule check
