[2022-08-23 12:08:19,524] {taskinstance.py:1179} INFO - Dependencies all met for <TaskInstance: raizen_lab_01.sleep scheduled__2021-11-01T12:00:00+00:00 [queued]>
[2022-08-23 12:08:19,532] {taskinstance.py:1179} INFO - Dependencies all met for <TaskInstance: raizen_lab_01.sleep scheduled__2021-11-01T12:00:00+00:00 [queued]>
[2022-08-23 12:08:19,532] {taskinstance.py:1376} INFO - 
--------------------------------------------------------------------------------
[2022-08-23 12:08:19,532] {taskinstance.py:1377} INFO - Starting attempt 1 of 2
[2022-08-23 12:08:19,533] {taskinstance.py:1378} INFO - 
--------------------------------------------------------------------------------
[2022-08-23 12:08:19,545] {taskinstance.py:1397} INFO - Executing <Task(BashOperator): sleep> on 2021-11-01 12:00:00+00:00
[2022-08-23 12:08:19,549] {standard_task_runner.py:52} INFO - Started process 1809 to run task
[2022-08-23 12:08:19,552] {standard_task_runner.py:79} INFO - Running: ['***', 'tasks', 'run', 'raizen_lab_01', 'sleep', 'scheduled__2021-11-01T12:00:00+00:00', '--job-id', '3227', '--raw', '--subdir', 'DAGS_FOLDER/raizen_lab_01.py', '--cfg-path', '/tmp/tmpbqtxujt7', '--error-file', '/tmp/tmpmg5exdvf']
[2022-08-23 12:08:19,553] {standard_task_runner.py:80} INFO - Job 3227: Subtask sleep
[2022-08-23 12:08:19,611] {task_command.py:371} INFO - Running <TaskInstance: raizen_lab_01.sleep scheduled__2021-11-01T12:00:00+00:00 [running]> on host 67b6bdae536e
[2022-08-23 12:08:19,687] {taskinstance.py:1591} INFO - Exporting the following env vars:
AIRFLOW_CTX_DAG_OWNER=admin
AIRFLOW_CTX_DAG_ID=raizen_lab_01
AIRFLOW_CTX_TASK_ID=sleep
AIRFLOW_CTX_EXECUTION_DATE=2021-11-01T12:00:00+00:00
AIRFLOW_CTX_TRY_NUMBER=1
AIRFLOW_CTX_DAG_RUN_ID=scheduled__2021-11-01T12:00:00+00:00
[2022-08-23 12:08:19,688] {subprocess.py:62} INFO - Tmp dir root location: 
 /tmp
[2022-08-23 12:08:19,689] {subprocess.py:74} INFO - Running command: ['bash', '-c', 'sleep 5']
[2022-08-23 12:08:19,701] {subprocess.py:85} INFO - Output:
[2022-08-23 12:08:24,704] {subprocess.py:96} INFO - Command exited with return code 0
[2022-08-23 12:08:24,732] {taskinstance.py:1420} INFO - Marking task as SUCCESS. dag_id=raizen_lab_01, task_id=sleep, execution_date=20211101T120000, start_date=20220823T120819, end_date=20220823T120824
[2022-08-23 12:08:24,779] {local_task_job.py:156} INFO - Task exited with return code 0
[2022-08-23 12:08:24,806] {local_task_job.py:273} INFO - 1 downstream tasks scheduled from follow-on schedule check
