[2022-08-23 14:23:01,686] {taskinstance.py:1179} INFO - Dependencies all met for <TaskInstance: raizen_lab_01.step_01 scheduled__2022-01-03T16:00:00+00:00 [queued]>
[2022-08-23 14:23:01,694] {taskinstance.py:1179} INFO - Dependencies all met for <TaskInstance: raizen_lab_01.step_01 scheduled__2022-01-03T16:00:00+00:00 [queued]>
[2022-08-23 14:23:01,694] {taskinstance.py:1376} INFO - 
--------------------------------------------------------------------------------
[2022-08-23 14:23:01,695] {taskinstance.py:1377} INFO - Starting attempt 1 of 2
[2022-08-23 14:23:01,695] {taskinstance.py:1378} INFO - 
--------------------------------------------------------------------------------
[2022-08-23 14:23:01,707] {taskinstance.py:1397} INFO - Executing <Task(BashOperator): step_01> on 2022-01-03 16:00:00+00:00
[2022-08-23 14:23:01,713] {standard_task_runner.py:52} INFO - Started process 303 to run task
[2022-08-23 14:23:01,715] {standard_task_runner.py:79} INFO - Running: ['***', 'tasks', 'run', 'raizen_lab_01', 'step_01', 'scheduled__2022-01-03T16:00:00+00:00', '--job-id', '7896', '--raw', '--subdir', 'DAGS_FOLDER/raizen_lab_01.py', '--cfg-path', '/tmp/tmp2hz_2osc', '--error-file', '/tmp/tmp6grqe_4a']
[2022-08-23 14:23:01,717] {standard_task_runner.py:80} INFO - Job 7896: Subtask step_01
[2022-08-23 14:23:01,772] {task_command.py:371} INFO - Running <TaskInstance: raizen_lab_01.step_01 scheduled__2022-01-03T16:00:00+00:00 [running]> on host 02d9cdd4a2f7
[2022-08-23 14:23:01,833] {taskinstance.py:1591} INFO - Exporting the following env vars:
AIRFLOW_CTX_DAG_OWNER=admin
AIRFLOW_CTX_DAG_ID=raizen_lab_01
AIRFLOW_CTX_TASK_ID=step_01
AIRFLOW_CTX_EXECUTION_DATE=2022-01-03T16:00:00+00:00
AIRFLOW_CTX_TRY_NUMBER=1
AIRFLOW_CTX_DAG_RUN_ID=scheduled__2022-01-03T16:00:00+00:00
[2022-08-23 14:23:01,834] {subprocess.py:62} INFO - Tmp dir root location: 
 /tmp
[2022-08-23 14:23:01,835] {subprocess.py:74} INFO - Running command: ['bash', '-c', 'echo "hello"']
[2022-08-23 14:23:01,845] {subprocess.py:85} INFO - Output:
[2022-08-23 14:23:01,846] {subprocess.py:92} INFO - hello
[2022-08-23 14:23:01,847] {subprocess.py:96} INFO - Command exited with return code 0
[2022-08-23 14:23:01,871] {taskinstance.py:1420} INFO - Marking task as SUCCESS. dag_id=raizen_lab_01, task_id=step_01, execution_date=20220103T160000, start_date=20220823T142301, end_date=20220823T142301
[2022-08-23 14:23:01,888] {local_task_job.py:156} INFO - Task exited with return code 0
[2022-08-23 14:23:01,914] {local_task_job.py:273} INFO - 0 downstream tasks scheduled from follow-on schedule check
