[2022-08-23 11:59:10,275] {taskinstance.py:1179} INFO - Dependencies all met for <TaskInstance: raizen_lab_01.print_world scheduled__2021-10-22T06:00:00+00:00 [queued]>
[2022-08-23 11:59:10,294] {taskinstance.py:1179} INFO - Dependencies all met for <TaskInstance: raizen_lab_01.print_world scheduled__2021-10-22T06:00:00+00:00 [queued]>
[2022-08-23 11:59:10,294] {taskinstance.py:1376} INFO - 
--------------------------------------------------------------------------------
[2022-08-23 11:59:10,295] {taskinstance.py:1377} INFO - Starting attempt 1 of 2
[2022-08-23 11:59:10,299] {taskinstance.py:1378} INFO - 
--------------------------------------------------------------------------------
[2022-08-23 11:59:10,321] {taskinstance.py:1397} INFO - Executing <Task(PythonOperator): print_world> on 2021-10-22 06:00:00+00:00
[2022-08-23 11:59:10,328] {standard_task_runner.py:52} INFO - Started process 456 to run task
[2022-08-23 11:59:10,332] {standard_task_runner.py:79} INFO - Running: ['***', 'tasks', 'run', 'raizen_lab_01', 'print_world', 'scheduled__2021-10-22T06:00:00+00:00', '--job-id', '2520', '--raw', '--subdir', 'DAGS_FOLDER/raizen_lab_01.py', '--cfg-path', '/tmp/tmpt8p264zq', '--error-file', '/tmp/tmpenslbdea']
[2022-08-23 11:59:10,333] {standard_task_runner.py:80} INFO - Job 2520: Subtask print_world
[2022-08-23 11:59:10,527] {task_command.py:371} INFO - Running <TaskInstance: raizen_lab_01.print_world scheduled__2021-10-22T06:00:00+00:00 [running]> on host 9f4b06248101
[2022-08-23 11:59:10,653] {taskinstance.py:1591} INFO - Exporting the following env vars:
AIRFLOW_CTX_DAG_OWNER=admin
AIRFLOW_CTX_DAG_ID=raizen_lab_01
AIRFLOW_CTX_TASK_ID=print_world
AIRFLOW_CTX_EXECUTION_DATE=2021-10-22T06:00:00+00:00
AIRFLOW_CTX_TRY_NUMBER=1
AIRFLOW_CTX_DAG_RUN_ID=scheduled__2021-10-22T06:00:00+00:00
[2022-08-23 11:59:10,656] {logging_mixin.py:115} INFO - world
[2022-08-23 11:59:10,656] {python.py:173} INFO - Done. Returned value was: None
[2022-08-23 11:59:10,681] {taskinstance.py:1420} INFO - Marking task as SUCCESS. dag_id=raizen_lab_01, task_id=print_world, execution_date=20211022T060000, start_date=20220823T115910, end_date=20220823T115910
[2022-08-23 11:59:10,744] {local_task_job.py:156} INFO - Task exited with return code 0
[2022-08-23 11:59:10,794] {local_task_job.py:273} INFO - 0 downstream tasks scheduled from follow-on schedule check
