[2022-08-23 12:20:20,553] {taskinstance.py:1179} INFO - Dependencies all met for <TaskInstance: raizen_lab_01.print_hello manual__2022-08-23T12:20:19.223010+00:00 [queued]>
[2022-08-23 12:20:20,568] {taskinstance.py:1179} INFO - Dependencies all met for <TaskInstance: raizen_lab_01.print_hello manual__2022-08-23T12:20:19.223010+00:00 [queued]>
[2022-08-23 12:20:20,568] {taskinstance.py:1376} INFO - 
--------------------------------------------------------------------------------
[2022-08-23 12:20:20,568] {taskinstance.py:1377} INFO - Starting attempt 1 of 2
[2022-08-23 12:20:20,569] {taskinstance.py:1378} INFO - 
--------------------------------------------------------------------------------
[2022-08-23 12:20:20,586] {taskinstance.py:1397} INFO - Executing <Task(BashOperator): print_hello> on 2022-08-23 12:20:19.223010+00:00
[2022-08-23 12:20:20,595] {standard_task_runner.py:52} INFO - Started process 796 to run task
[2022-08-23 12:20:20,599] {standard_task_runner.py:79} INFO - Running: ['***', 'tasks', 'run', 'raizen_lab_01', 'print_hello', 'manual__2022-08-23T12:20:19.223010+00:00', '--job-id', '3741', '--raw', '--subdir', 'DAGS_FOLDER/raizen_lab_01.py', '--cfg-path', '/tmp/tmpk83l7_ww', '--error-file', '/tmp/tmphll936yg']
[2022-08-23 12:20:20,600] {standard_task_runner.py:80} INFO - Job 3741: Subtask print_hello
[2022-08-23 12:20:20,678] {task_command.py:371} INFO - Running <TaskInstance: raizen_lab_01.print_hello manual__2022-08-23T12:20:19.223010+00:00 [running]> on host 6383a3236c72
[2022-08-23 12:20:20,766] {taskinstance.py:1591} INFO - Exporting the following env vars:
AIRFLOW_CTX_DAG_OWNER=admin
AIRFLOW_CTX_DAG_ID=raizen_lab_01
AIRFLOW_CTX_TASK_ID=print_hello
AIRFLOW_CTX_EXECUTION_DATE=2022-08-23T12:20:19.223010+00:00
AIRFLOW_CTX_TRY_NUMBER=1
AIRFLOW_CTX_DAG_RUN_ID=manual__2022-08-23T12:20:19.223010+00:00
[2022-08-23 12:20:20,767] {subprocess.py:62} INFO - Tmp dir root location: 
 /tmp
[2022-08-23 12:20:20,768] {subprocess.py:74} INFO - Running command: ['bash', '-c', 'echo "hello"']
[2022-08-23 12:20:20,781] {subprocess.py:85} INFO - Output:
[2022-08-23 12:20:20,782] {subprocess.py:92} INFO - hello
[2022-08-23 12:20:20,782] {subprocess.py:96} INFO - Command exited with return code 0
[2022-08-23 12:20:20,814] {taskinstance.py:1420} INFO - Marking task as SUCCESS. dag_id=raizen_lab_01, task_id=print_hello, execution_date=20220823T122019, start_date=20220823T122020, end_date=20220823T122020
[2022-08-23 12:20:20,851] {local_task_job.py:156} INFO - Task exited with return code 0
[2022-08-23 12:20:20,905] {local_task_job.py:273} INFO - 1 downstream tasks scheduled from follow-on schedule check
