[2022-08-24 14:00:02,041] {taskinstance.py:1179} INFO - Dependencies all met for <TaskInstance: raizen_lab_01.carga_arquivo scheduled__2022-08-24T13:00:00+00:00 [queued]>
[2022-08-24 14:00:02,051] {taskinstance.py:1179} INFO - Dependencies all met for <TaskInstance: raizen_lab_01.carga_arquivo scheduled__2022-08-24T13:00:00+00:00 [queued]>
[2022-08-24 14:00:02,052] {taskinstance.py:1376} INFO - 
--------------------------------------------------------------------------------
[2022-08-24 14:00:02,052] {taskinstance.py:1377} INFO - Starting attempt 1 of 2
[2022-08-24 14:00:02,052] {taskinstance.py:1378} INFO - 
--------------------------------------------------------------------------------
[2022-08-24 14:00:02,072] {taskinstance.py:1397} INFO - Executing <Task(PythonOperator): carga_arquivo> on 2022-08-24 13:00:00+00:00
[2022-08-24 14:00:02,078] {standard_task_runner.py:52} INFO - Started process 5262 to run task
[2022-08-24 14:00:02,082] {standard_task_runner.py:79} INFO - Running: ['***', 'tasks', 'run', 'raizen_lab_01', 'carga_arquivo', 'scheduled__2022-08-24T13:00:00+00:00', '--job-id', '9730', '--raw', '--subdir', 'DAGS_FOLDER/raizen_lab_01.py', '--cfg-path', '/tmp/tmpx9venh88', '--error-file', '/tmp/tmpa45chjs1']
[2022-08-24 14:00:02,083] {standard_task_runner.py:80} INFO - Job 9730: Subtask carga_arquivo
[2022-08-24 14:00:02,166] {task_command.py:371} INFO - Running <TaskInstance: raizen_lab_01.carga_arquivo scheduled__2022-08-24T13:00:00+00:00 [running]> on host 3f878792eb1e
[2022-08-24 14:00:02,260] {taskinstance.py:1591} INFO - Exporting the following env vars:
AIRFLOW_CTX_DAG_OWNER=admin
AIRFLOW_CTX_DAG_ID=raizen_lab_01
AIRFLOW_CTX_TASK_ID=carga_arquivo
AIRFLOW_CTX_EXECUTION_DATE=2022-08-24T13:00:00+00:00
AIRFLOW_CTX_TRY_NUMBER=1
AIRFLOW_CTX_DAG_RUN_ID=scheduled__2022-08-24T13:00:00+00:00
[2022-08-24 14:00:04,315] {python.py:173} INFO - Done. Returned value was: None
[2022-08-24 14:00:04,331] {taskinstance.py:1420} INFO - Marking task as SUCCESS. dag_id=raizen_lab_01, task_id=carga_arquivo, execution_date=20220824T130000, start_date=20220824T140002, end_date=20220824T140004
[2022-08-24 14:00:04,388] {local_task_job.py:156} INFO - Task exited with return code 0
[2022-08-24 14:00:04,521] {local_task_job.py:273} INFO - 1 downstream tasks scheduled from follow-on schedule check
