[2022-08-23 12:20:55,765] {taskinstance.py:1179} INFO - Dependencies all met for <TaskInstance: raizen_lab_01.sleep scheduled__2021-11-10T06:00:00+00:00 [queued]>
[2022-08-23 12:20:55,776] {taskinstance.py:1179} INFO - Dependencies all met for <TaskInstance: raizen_lab_01.sleep scheduled__2021-11-10T06:00:00+00:00 [queued]>
[2022-08-23 12:20:55,777] {taskinstance.py:1376} INFO - 
--------------------------------------------------------------------------------
[2022-08-23 12:20:55,777] {taskinstance.py:1377} INFO - Starting attempt 1 of 2
[2022-08-23 12:20:55,778] {taskinstance.py:1378} INFO - 
--------------------------------------------------------------------------------
[2022-08-23 12:20:55,801] {taskinstance.py:1397} INFO - Executing <Task(BashOperator): sleep> on 2021-11-10 06:00:00+00:00
[2022-08-23 12:20:55,810] {standard_task_runner.py:52} INFO - Started process 1270 to run task
[2022-08-23 12:20:55,814] {standard_task_runner.py:79} INFO - Running: ['***', 'tasks', 'run', 'raizen_lab_01', 'sleep', 'scheduled__2021-11-10T06:00:00+00:00', '--job-id', '3862', '--raw', '--subdir', 'DAGS_FOLDER/raizen_lab_01.py', '--cfg-path', '/tmp/tmp5r62kqz3', '--error-file', '/tmp/tmpbhclet7p']
[2022-08-23 12:20:55,815] {standard_task_runner.py:80} INFO - Job 3862: Subtask sleep
[2022-08-23 12:20:55,910] {task_command.py:371} INFO - Running <TaskInstance: raizen_lab_01.sleep scheduled__2021-11-10T06:00:00+00:00 [running]> on host 6383a3236c72
[2022-08-23 12:20:56,016] {taskinstance.py:1591} INFO - Exporting the following env vars:
AIRFLOW_CTX_DAG_OWNER=admin
AIRFLOW_CTX_DAG_ID=raizen_lab_01
AIRFLOW_CTX_TASK_ID=sleep
AIRFLOW_CTX_EXECUTION_DATE=2021-11-10T06:00:00+00:00
AIRFLOW_CTX_TRY_NUMBER=1
AIRFLOW_CTX_DAG_RUN_ID=scheduled__2021-11-10T06:00:00+00:00
[2022-08-23 12:20:56,018] {subprocess.py:62} INFO - Tmp dir root location: 
 /tmp
[2022-08-23 12:20:56,019] {subprocess.py:74} INFO - Running command: ['bash', '-c', 'sleep 5']
[2022-08-23 12:20:56,030] {subprocess.py:85} INFO - Output:
[2022-08-23 12:21:01,032] {subprocess.py:96} INFO - Command exited with return code 0
[2022-08-23 12:21:01,057] {taskinstance.py:1420} INFO - Marking task as SUCCESS. dag_id=raizen_lab_01, task_id=sleep, execution_date=20211110T060000, start_date=20220823T122055, end_date=20220823T122101
[2022-08-23 12:21:01,086] {local_task_job.py:156} INFO - Task exited with return code 0
[2022-08-23 12:21:01,124] {local_task_job.py:273} INFO - 1 downstream tasks scheduled from follow-on schedule check
