[2022-08-23 12:07:28,109] {taskinstance.py:1179} INFO - Dependencies all met for <TaskInstance: raizen_lab_01.sleep scheduled__2021-10-29T20:00:00+00:00 [queued]>
[2022-08-23 12:07:28,120] {taskinstance.py:1179} INFO - Dependencies all met for <TaskInstance: raizen_lab_01.sleep scheduled__2021-10-29T20:00:00+00:00 [queued]>
[2022-08-23 12:07:28,120] {taskinstance.py:1376} INFO - 
--------------------------------------------------------------------------------
[2022-08-23 12:07:28,121] {taskinstance.py:1377} INFO - Starting attempt 1 of 2
[2022-08-23 12:07:28,121] {taskinstance.py:1378} INFO - 
--------------------------------------------------------------------------------
[2022-08-23 12:07:28,135] {taskinstance.py:1397} INFO - Executing <Task(BashOperator): sleep> on 2021-10-29 20:00:00+00:00
[2022-08-23 12:07:28,140] {standard_task_runner.py:52} INFO - Started process 1247 to run task
[2022-08-23 12:07:28,143] {standard_task_runner.py:79} INFO - Running: ['***', 'tasks', 'run', 'raizen_lab_01', 'sleep', 'scheduled__2021-10-29T20:00:00+00:00', '--job-id', '3033', '--raw', '--subdir', 'DAGS_FOLDER/raizen_lab_01.py', '--cfg-path', '/tmp/tmpq79uqkkd', '--error-file', '/tmp/tmpgs94sfpq']
[2022-08-23 12:07:28,144] {standard_task_runner.py:80} INFO - Job 3033: Subtask sleep
[2022-08-23 12:07:28,203] {task_command.py:371} INFO - Running <TaskInstance: raizen_lab_01.sleep scheduled__2021-10-29T20:00:00+00:00 [running]> on host 67b6bdae536e
[2022-08-23 12:07:28,280] {taskinstance.py:1591} INFO - Exporting the following env vars:
AIRFLOW_CTX_DAG_OWNER=admin
AIRFLOW_CTX_DAG_ID=raizen_lab_01
AIRFLOW_CTX_TASK_ID=sleep
AIRFLOW_CTX_EXECUTION_DATE=2021-10-29T20:00:00+00:00
AIRFLOW_CTX_TRY_NUMBER=1
AIRFLOW_CTX_DAG_RUN_ID=scheduled__2021-10-29T20:00:00+00:00
[2022-08-23 12:07:28,282] {subprocess.py:62} INFO - Tmp dir root location: 
 /tmp
[2022-08-23 12:07:28,283] {subprocess.py:74} INFO - Running command: ['bash', '-c', 'sleep 5']
[2022-08-23 12:07:28,295] {subprocess.py:85} INFO - Output:
[2022-08-23 12:07:33,298] {subprocess.py:96} INFO - Command exited with return code 0
[2022-08-23 12:07:33,328] {taskinstance.py:1420} INFO - Marking task as SUCCESS. dag_id=raizen_lab_01, task_id=sleep, execution_date=20211029T200000, start_date=20220823T120728, end_date=20220823T120733
[2022-08-23 12:07:33,370] {local_task_job.py:156} INFO - Task exited with return code 0
[2022-08-23 12:07:33,397] {local_task_job.py:273} INFO - 1 downstream tasks scheduled from follow-on schedule check
