[2022-08-23 12:27:10,897] {taskinstance.py:1179} INFO - Dependencies all met for <TaskInstance: raizen_lab_01.sleep scheduled__2021-11-26T03:00:00+00:00 [queued]>
[2022-08-23 12:27:10,906] {taskinstance.py:1179} INFO - Dependencies all met for <TaskInstance: raizen_lab_01.sleep scheduled__2021-11-26T03:00:00+00:00 [queued]>
[2022-08-23 12:27:10,906] {taskinstance.py:1376} INFO - 
--------------------------------------------------------------------------------
[2022-08-23 12:27:10,907] {taskinstance.py:1377} INFO - Starting attempt 1 of 2
[2022-08-23 12:27:10,908] {taskinstance.py:1378} INFO - 
--------------------------------------------------------------------------------
[2022-08-23 12:27:10,925] {taskinstance.py:1397} INFO - Executing <Task(BashOperator): sleep> on 2021-11-26 03:00:00+00:00
[2022-08-23 12:27:10,931] {standard_task_runner.py:52} INFO - Started process 5759 to run task
[2022-08-23 12:27:10,934] {standard_task_runner.py:79} INFO - Running: ['***', 'tasks', 'run', 'raizen_lab_01', 'sleep', 'scheduled__2021-11-26T03:00:00+00:00', '--job-id', '5008', '--raw', '--subdir', 'DAGS_FOLDER/raizen_lab_01.py', '--cfg-path', '/tmp/tmpa2neaazt', '--error-file', '/tmp/tmp24vtgp3i']
[2022-08-23 12:27:10,935] {standard_task_runner.py:80} INFO - Job 5008: Subtask sleep
[2022-08-23 12:27:11,005] {task_command.py:371} INFO - Running <TaskInstance: raizen_lab_01.sleep scheduled__2021-11-26T03:00:00+00:00 [running]> on host 6383a3236c72
[2022-08-23 12:27:11,080] {taskinstance.py:1591} INFO - Exporting the following env vars:
AIRFLOW_CTX_DAG_OWNER=admin
AIRFLOW_CTX_DAG_ID=raizen_lab_01
AIRFLOW_CTX_TASK_ID=sleep
AIRFLOW_CTX_EXECUTION_DATE=2021-11-26T03:00:00+00:00
AIRFLOW_CTX_TRY_NUMBER=1
AIRFLOW_CTX_DAG_RUN_ID=scheduled__2021-11-26T03:00:00+00:00
[2022-08-23 12:27:11,081] {subprocess.py:62} INFO - Tmp dir root location: 
 /tmp
[2022-08-23 12:27:11,082] {subprocess.py:74} INFO - Running command: ['bash', '-c', 'sleep 5']
[2022-08-23 12:27:11,091] {subprocess.py:85} INFO - Output:
[2022-08-23 12:27:16,095] {subprocess.py:96} INFO - Command exited with return code 0
[2022-08-23 12:27:16,128] {taskinstance.py:1420} INFO - Marking task as SUCCESS. dag_id=raizen_lab_01, task_id=sleep, execution_date=20211126T030000, start_date=20220823T122710, end_date=20220823T122716
[2022-08-23 12:27:16,165] {local_task_job.py:156} INFO - Task exited with return code 0
[2022-08-23 12:27:16,209] {local_task_job.py:273} INFO - 1 downstream tasks scheduled from follow-on schedule check
