[2022-08-23 12:32:41,898] {taskinstance.py:1179} INFO - Dependencies all met for <TaskInstance: raizen_lab_01.print_hello scheduled__2021-12-10T22:00:00+00:00 [queued]>
[2022-08-23 12:32:41,907] {taskinstance.py:1179} INFO - Dependencies all met for <TaskInstance: raizen_lab_01.print_hello scheduled__2021-12-10T22:00:00+00:00 [queued]>
[2022-08-23 12:32:41,908] {taskinstance.py:1376} INFO - 
--------------------------------------------------------------------------------
[2022-08-23 12:32:41,908] {taskinstance.py:1377} INFO - Starting attempt 1 of 2
[2022-08-23 12:32:41,909] {taskinstance.py:1378} INFO - 
--------------------------------------------------------------------------------
[2022-08-23 12:32:41,923] {taskinstance.py:1397} INFO - Executing <Task(BashOperator): print_hello> on 2021-12-10 22:00:00+00:00
[2022-08-23 12:32:41,930] {standard_task_runner.py:52} INFO - Started process 9875 to run task
[2022-08-23 12:32:41,934] {standard_task_runner.py:79} INFO - Running: ['***', 'tasks', 'run', 'raizen_lab_01', 'print_hello', 'scheduled__2021-12-10T22:00:00+00:00', '--job-id', '6060', '--raw', '--subdir', 'DAGS_FOLDER/raizen_lab_01.py', '--cfg-path', '/tmp/tmpivqdwngu', '--error-file', '/tmp/tmpxc7mrm0n']
[2022-08-23 12:32:41,936] {standard_task_runner.py:80} INFO - Job 6060: Subtask print_hello
[2022-08-23 12:32:42,004] {task_command.py:371} INFO - Running <TaskInstance: raizen_lab_01.print_hello scheduled__2021-12-10T22:00:00+00:00 [running]> on host 6383a3236c72
[2022-08-23 12:32:42,070] {taskinstance.py:1591} INFO - Exporting the following env vars:
AIRFLOW_CTX_DAG_OWNER=admin
AIRFLOW_CTX_DAG_ID=raizen_lab_01
AIRFLOW_CTX_TASK_ID=print_hello
AIRFLOW_CTX_EXECUTION_DATE=2021-12-10T22:00:00+00:00
AIRFLOW_CTX_TRY_NUMBER=1
AIRFLOW_CTX_DAG_RUN_ID=scheduled__2021-12-10T22:00:00+00:00
[2022-08-23 12:32:42,072] {subprocess.py:62} INFO - Tmp dir root location: 
 /tmp
[2022-08-23 12:32:42,073] {subprocess.py:74} INFO - Running command: ['bash', '-c', 'echo "hello"']
[2022-08-23 12:32:42,087] {subprocess.py:85} INFO - Output:
[2022-08-23 12:32:42,088] {subprocess.py:92} INFO - hello
[2022-08-23 12:32:42,089] {subprocess.py:96} INFO - Command exited with return code 0
[2022-08-23 12:32:42,119] {taskinstance.py:1420} INFO - Marking task as SUCCESS. dag_id=raizen_lab_01, task_id=print_hello, execution_date=20211210T220000, start_date=20220823T123241, end_date=20220823T123242
[2022-08-23 12:32:42,145] {local_task_job.py:156} INFO - Task exited with return code 0
[2022-08-23 12:32:42,191] {local_task_job.py:273} INFO - 1 downstream tasks scheduled from follow-on schedule check
