[2022-08-23 23:12:57,424] {taskinstance.py:1179} INFO - Dependencies all met for <TaskInstance: raizen_lab_01.09_cria_tabela manual__2022-08-23T23:12:56.257942+00:00 [queued]>
[2022-08-23 23:12:57,431] {taskinstance.py:1179} INFO - Dependencies all met for <TaskInstance: raizen_lab_01.09_cria_tabela manual__2022-08-23T23:12:56.257942+00:00 [queued]>
[2022-08-23 23:12:57,432] {taskinstance.py:1376} INFO - 
--------------------------------------------------------------------------------
[2022-08-23 23:12:57,433] {taskinstance.py:1377} INFO - Starting attempt 1 of 2
[2022-08-23 23:12:57,433] {taskinstance.py:1378} INFO - 
--------------------------------------------------------------------------------
[2022-08-23 23:12:57,449] {taskinstance.py:1397} INFO - Executing <Task(PythonOperator): 09_cria_tabela> on 2022-08-23 23:12:56.257942+00:00
[2022-08-23 23:12:57,458] {standard_task_runner.py:52} INFO - Started process 75 to run task
[2022-08-23 23:12:57,460] {standard_task_runner.py:79} INFO - Running: ['***', 'tasks', 'run', 'raizen_lab_01', '09_cria_tabela', 'manual__2022-08-23T23:12:56.257942+00:00', '--job-id', '9488', '--raw', '--subdir', 'DAGS_FOLDER/raizen_lab_01.py', '--cfg-path', '/tmp/tmpie7x78bv', '--error-file', '/tmp/tmp6n7izify']
[2022-08-23 23:12:57,462] {standard_task_runner.py:80} INFO - Job 9488: Subtask 09_cria_tabela
[2022-08-23 23:12:57,533] {task_command.py:371} INFO - Running <TaskInstance: raizen_lab_01.09_cria_tabela manual__2022-08-23T23:12:56.257942+00:00 [running]> on host 25dd15f8d678
[2022-08-23 23:12:57,610] {taskinstance.py:1591} INFO - Exporting the following env vars:
AIRFLOW_CTX_DAG_OWNER=admin
AIRFLOW_CTX_DAG_ID=raizen_lab_01
AIRFLOW_CTX_TASK_ID=09_cria_tabela
AIRFLOW_CTX_EXECUTION_DATE=2022-08-23T23:12:56.257942+00:00
AIRFLOW_CTX_TRY_NUMBER=1
AIRFLOW_CTX_DAG_RUN_ID=manual__2022-08-23T23:12:56.257942+00:00
[2022-08-23 23:12:57,632] {logging_mixin.py:115} INFO - TABELA CRIADA
[2022-08-23 23:12:57,633] {python.py:173} INFO - Done. Returned value was: None
[2022-08-23 23:12:57,648] {taskinstance.py:1420} INFO - Marking task as SUCCESS. dag_id=raizen_lab_01, task_id=09_cria_tabela, execution_date=20220823T231256, start_date=20220823T231257, end_date=20220823T231257
[2022-08-23 23:12:57,674] {local_task_job.py:156} INFO - Task exited with return code 0
[2022-08-23 23:12:57,714] {local_task_job.py:273} INFO - 1 downstream tasks scheduled from follow-on schedule check
