[2022-08-24 23:58:41,885] {taskinstance.py:1179} INFO - Dependencies all met for <TaskInstance: Raizen.Step_01_Ingestion_Sheets_To_Stage scheduled__2022-08-22T04:00:00+00:00 [queued]>
[2022-08-24 23:58:41,903] {taskinstance.py:1179} INFO - Dependencies all met for <TaskInstance: Raizen.Step_01_Ingestion_Sheets_To_Stage scheduled__2022-08-22T04:00:00+00:00 [queued]>
[2022-08-24 23:58:41,905] {taskinstance.py:1376} INFO - 
--------------------------------------------------------------------------------
[2022-08-24 23:58:41,906] {taskinstance.py:1377} INFO - Starting attempt 1 of 2
[2022-08-24 23:58:41,906] {taskinstance.py:1378} INFO - 
--------------------------------------------------------------------------------
[2022-08-24 23:58:41,946] {taskinstance.py:1397} INFO - Executing <Task(PythonOperator): Step_01_Ingestion_Sheets_To_Stage> on 2022-08-22 04:00:00+00:00
[2022-08-24 23:58:41,956] {standard_task_runner.py:52} INFO - Started process 113 to run task
[2022-08-24 23:58:41,961] {standard_task_runner.py:79} INFO - Running: ['***', 'tasks', 'run', 'Raizen', 'Step_01_Ingestion_Sheets_To_Stage', 'scheduled__2022-08-22T04:00:00+00:00', '--job-id', '9819', '--raw', '--subdir', 'DAGS_FOLDER/raizen_lab_01.py', '--cfg-path', '/tmp/tmp7gk68v3v', '--error-file', '/tmp/tmpymb0qzz7']
[2022-08-24 23:58:41,965] {standard_task_runner.py:80} INFO - Job 9819: Subtask Step_01_Ingestion_Sheets_To_Stage
[2022-08-24 23:58:42,080] {task_command.py:371} INFO - Running <TaskInstance: Raizen.Step_01_Ingestion_Sheets_To_Stage scheduled__2022-08-22T04:00:00+00:00 [running]> on host a341554e0e18
[2022-08-24 23:58:42,229] {taskinstance.py:1591} INFO - Exporting the following env vars:
AIRFLOW_CTX_DAG_OWNER=admin
AIRFLOW_CTX_DAG_ID=Raizen
AIRFLOW_CTX_TASK_ID=Step_01_Ingestion_Sheets_To_Stage
AIRFLOW_CTX_EXECUTION_DATE=2022-08-22T04:00:00+00:00
AIRFLOW_CTX_TRY_NUMBER=1
AIRFLOW_CTX_DAG_RUN_ID=scheduled__2022-08-22T04:00:00+00:00
[2022-08-24 23:59:09,469] {python.py:173} INFO - Done. Returned value was: None
[2022-08-24 23:59:09,494] {taskinstance.py:1420} INFO - Marking task as SUCCESS. dag_id=Raizen, task_id=Step_01_Ingestion_Sheets_To_Stage, execution_date=20220822T040000, start_date=20220824T235841, end_date=20220824T235909
[2022-08-24 23:59:09,585] {local_task_job.py:156} INFO - Task exited with return code 0
[2022-08-24 23:59:09,673] {local_task_job.py:273} INFO - 1 downstream tasks scheduled from follow-on schedule check
