[2022-08-23 12:07:29,161] {taskinstance.py:1179} INFO - Dependencies all met for <TaskInstance: raizen_lab_01.sleep scheduled__2021-10-30T00:00:00+00:00 [queued]>
[2022-08-23 12:07:29,175] {taskinstance.py:1179} INFO - Dependencies all met for <TaskInstance: raizen_lab_01.sleep scheduled__2021-10-30T00:00:00+00:00 [queued]>
[2022-08-23 12:07:29,175] {taskinstance.py:1376} INFO - 
--------------------------------------------------------------------------------
[2022-08-23 12:07:29,176] {taskinstance.py:1377} INFO - Starting attempt 1 of 2
[2022-08-23 12:07:29,176] {taskinstance.py:1378} INFO - 
--------------------------------------------------------------------------------
[2022-08-23 12:07:29,190] {taskinstance.py:1397} INFO - Executing <Task(BashOperator): sleep> on 2021-10-30 00:00:00+00:00
[2022-08-23 12:07:29,216] {standard_task_runner.py:52} INFO - Started process 1274 to run task
[2022-08-23 12:07:29,220] {standard_task_runner.py:79} INFO - Running: ['***', 'tasks', 'run', 'raizen_lab_01', 'sleep', 'scheduled__2021-10-30T00:00:00+00:00', '--job-id', '3042', '--raw', '--subdir', 'DAGS_FOLDER/raizen_lab_01.py', '--cfg-path', '/tmp/tmpjs4uua1r', '--error-file', '/tmp/tmptpilry27']
[2022-08-23 12:07:29,221] {standard_task_runner.py:80} INFO - Job 3042: Subtask sleep
[2022-08-23 12:07:29,278] {task_command.py:371} INFO - Running <TaskInstance: raizen_lab_01.sleep scheduled__2021-10-30T00:00:00+00:00 [running]> on host 67b6bdae536e
[2022-08-23 12:07:29,339] {taskinstance.py:1591} INFO - Exporting the following env vars:
AIRFLOW_CTX_DAG_OWNER=admin
AIRFLOW_CTX_DAG_ID=raizen_lab_01
AIRFLOW_CTX_TASK_ID=sleep
AIRFLOW_CTX_EXECUTION_DATE=2021-10-30T00:00:00+00:00
AIRFLOW_CTX_TRY_NUMBER=1
AIRFLOW_CTX_DAG_RUN_ID=scheduled__2021-10-30T00:00:00+00:00
[2022-08-23 12:07:29,340] {subprocess.py:62} INFO - Tmp dir root location: 
 /tmp
[2022-08-23 12:07:29,341] {subprocess.py:74} INFO - Running command: ['bash', '-c', 'sleep 5']
[2022-08-23 12:07:29,351] {subprocess.py:85} INFO - Output:
[2022-08-23 12:07:34,354] {subprocess.py:96} INFO - Command exited with return code 0
[2022-08-23 12:07:34,402] {taskinstance.py:1420} INFO - Marking task as SUCCESS. dag_id=raizen_lab_01, task_id=sleep, execution_date=20211030T000000, start_date=20220823T120729, end_date=20220823T120734
[2022-08-23 12:07:34,462] {local_task_job.py:156} INFO - Task exited with return code 0
[2022-08-23 12:07:34,506] {local_task_job.py:273} INFO - 0 downstream tasks scheduled from follow-on schedule check
