[2022-08-23 11:46:50,493] {taskinstance.py:1179} INFO - Dependencies all met for <TaskInstance: raizen_lab_01.sleep scheduled__2021-10-18T04:00:00+00:00 [queued]>
[2022-08-23 11:46:50,516] {taskinstance.py:1179} INFO - Dependencies all met for <TaskInstance: raizen_lab_01.sleep scheduled__2021-10-18T04:00:00+00:00 [queued]>
[2022-08-23 11:46:50,517] {taskinstance.py:1376} INFO - 
--------------------------------------------------------------------------------
[2022-08-23 11:46:50,518] {taskinstance.py:1377} INFO - Starting attempt 1 of 2
[2022-08-23 11:46:50,519] {taskinstance.py:1378} INFO - 
--------------------------------------------------------------------------------
[2022-08-23 11:46:50,560] {taskinstance.py:1397} INFO - Executing <Task(BashOperator): sleep> on 2021-10-18 04:00:00+00:00
[2022-08-23 11:46:50,627] {standard_task_runner.py:52} INFO - Started process 535 to run task
[2022-08-23 11:46:50,634] {standard_task_runner.py:79} INFO - Running: ['***', 'tasks', 'run', 'raizen_lab_01', 'sleep', 'scheduled__2021-10-18T04:00:00+00:00', '--job-id', '2188', '--raw', '--subdir', 'DAGS_FOLDER/raizen_lab_01.py', '--cfg-path', '/tmp/tmp_0v_argt', '--error-file', '/tmp/tmpmt1evl4u']
[2022-08-23 11:46:50,635] {standard_task_runner.py:80} INFO - Job 2188: Subtask sleep
[2022-08-23 11:46:50,807] {task_command.py:371} INFO - Running <TaskInstance: raizen_lab_01.sleep scheduled__2021-10-18T04:00:00+00:00 [running]> on host fc645605a611
[2022-08-23 11:46:50,973] {taskinstance.py:1591} INFO - Exporting the following env vars:
AIRFLOW_CTX_DAG_OWNER=admin
AIRFLOW_CTX_DAG_ID=raizen_lab_01
AIRFLOW_CTX_TASK_ID=sleep
AIRFLOW_CTX_EXECUTION_DATE=2021-10-18T04:00:00+00:00
AIRFLOW_CTX_TRY_NUMBER=1
AIRFLOW_CTX_DAG_RUN_ID=scheduled__2021-10-18T04:00:00+00:00
[2022-08-23 11:46:50,975] {subprocess.py:62} INFO - Tmp dir root location: 
 /tmp
[2022-08-23 11:46:50,977] {subprocess.py:74} INFO - Running command: ['bash', '-c', 'sleep 5']
[2022-08-23 11:46:50,996] {subprocess.py:85} INFO - Output:
[2022-08-23 11:46:56,002] {subprocess.py:96} INFO - Command exited with return code 0
[2022-08-23 11:46:56,077] {taskinstance.py:1420} INFO - Marking task as SUCCESS. dag_id=raizen_lab_01, task_id=sleep, execution_date=20211018T040000, start_date=20220823T114650, end_date=20220823T114656
[2022-08-23 11:46:56,143] {local_task_job.py:156} INFO - Task exited with return code 0
[2022-08-23 11:46:56,204] {local_task_job.py:273} INFO - 1 downstream tasks scheduled from follow-on schedule check
