[2022-08-23 19:46:49,538] {taskinstance.py:1179} INFO - Dependencies all met for <TaskInstance: raizen_lab_01.sleep scheduled__2022-01-26T16:00:00+00:00 [queued]>
[2022-08-23 19:46:49,571] {taskinstance.py:1179} INFO - Dependencies all met for <TaskInstance: raizen_lab_01.sleep scheduled__2022-01-26T16:00:00+00:00 [queued]>
[2022-08-23 19:46:49,572] {taskinstance.py:1376} INFO - 
--------------------------------------------------------------------------------
[2022-08-23 19:46:49,574] {taskinstance.py:1377} INFO - Starting attempt 2 of 2
[2022-08-23 19:46:49,575] {taskinstance.py:1378} INFO - 
--------------------------------------------------------------------------------
[2022-08-23 19:46:49,606] {taskinstance.py:1397} INFO - Executing <Task(BashOperator): sleep> on 2022-01-26 16:00:00+00:00
[2022-08-23 19:46:49,619] {standard_task_runner.py:52} INFO - Started process 159 to run task
[2022-08-23 19:46:49,634] {standard_task_runner.py:79} INFO - Running: ['***', 'tasks', 'run', 'raizen_lab_01', 'sleep', 'scheduled__2022-01-26T16:00:00+00:00', '--job-id', '9259', '--raw', '--subdir', 'DAGS_FOLDER/raizen_lab_01.py', '--cfg-path', '/tmp/tmpjep4e9qd', '--error-file', '/tmp/tmp_t9w5do1']
[2022-08-23 19:46:49,646] {standard_task_runner.py:80} INFO - Job 9259: Subtask sleep
[2022-08-23 19:46:50,045] {task_command.py:371} INFO - Running <TaskInstance: raizen_lab_01.sleep scheduled__2022-01-26T16:00:00+00:00 [running]> on host 80fce776ee1f
[2022-08-23 19:46:50,482] {taskinstance.py:1591} INFO - Exporting the following env vars:
AIRFLOW_CTX_DAG_OWNER=admin
AIRFLOW_CTX_DAG_ID=raizen_lab_01
AIRFLOW_CTX_TASK_ID=sleep
AIRFLOW_CTX_EXECUTION_DATE=2022-01-26T16:00:00+00:00
AIRFLOW_CTX_TRY_NUMBER=2
AIRFLOW_CTX_DAG_RUN_ID=scheduled__2022-01-26T16:00:00+00:00
[2022-08-23 19:46:50,489] {subprocess.py:62} INFO - Tmp dir root location: 
 /tmp
[2022-08-23 19:46:50,497] {subprocess.py:74} INFO - Running command: ['bash', '-c', 'sleep 5']
[2022-08-23 19:46:50,541] {subprocess.py:85} INFO - Output:
[2022-08-23 19:46:55,550] {subprocess.py:96} INFO - Command exited with return code 0
[2022-08-23 19:46:55,608] {taskinstance.py:1420} INFO - Marking task as SUCCESS. dag_id=raizen_lab_01, task_id=sleep, execution_date=20220126T160000, start_date=20220823T194649, end_date=20220823T194655
[2022-08-23 19:46:55,649] {local_task_job.py:156} INFO - Task exited with return code 0
[2022-08-23 19:46:55,693] {local_task_job.py:273} INFO - 1 downstream tasks scheduled from follow-on schedule check
