[2022-08-23 12:36:47,092] {taskinstance.py:1179} INFO - Dependencies all met for <TaskInstance: raizen_lab_01.print_hello scheduled__2021-12-21T19:00:00+00:00 [queued]>
[2022-08-23 12:36:47,103] {taskinstance.py:1179} INFO - Dependencies all met for <TaskInstance: raizen_lab_01.print_hello scheduled__2021-12-21T19:00:00+00:00 [queued]>
[2022-08-23 12:36:47,103] {taskinstance.py:1376} INFO - 
--------------------------------------------------------------------------------
[2022-08-23 12:36:47,104] {taskinstance.py:1377} INFO - Starting attempt 1 of 2
[2022-08-23 12:36:47,104] {taskinstance.py:1378} INFO - 
--------------------------------------------------------------------------------
[2022-08-23 12:36:47,118] {taskinstance.py:1397} INFO - Executing <Task(BashOperator): print_hello> on 2021-12-21 19:00:00+00:00
[2022-08-23 12:36:47,125] {standard_task_runner.py:52} INFO - Started process 12936 to run task
[2022-08-23 12:36:47,128] {standard_task_runner.py:79} INFO - Running: ['***', 'tasks', 'run', 'raizen_lab_01', 'print_hello', 'scheduled__2021-12-21T19:00:00+00:00', '--job-id', '6843', '--raw', '--subdir', 'DAGS_FOLDER/raizen_lab_01.py', '--cfg-path', '/tmp/tmpu8e35mwh', '--error-file', '/tmp/tmptgbt3u2s']
[2022-08-23 12:36:47,130] {standard_task_runner.py:80} INFO - Job 6843: Subtask print_hello
[2022-08-23 12:36:47,201] {task_command.py:371} INFO - Running <TaskInstance: raizen_lab_01.print_hello scheduled__2021-12-21T19:00:00+00:00 [running]> on host 6383a3236c72
[2022-08-23 12:36:47,284] {taskinstance.py:1591} INFO - Exporting the following env vars:
AIRFLOW_CTX_DAG_OWNER=admin
AIRFLOW_CTX_DAG_ID=raizen_lab_01
AIRFLOW_CTX_TASK_ID=print_hello
AIRFLOW_CTX_EXECUTION_DATE=2021-12-21T19:00:00+00:00
AIRFLOW_CTX_TRY_NUMBER=1
AIRFLOW_CTX_DAG_RUN_ID=scheduled__2021-12-21T19:00:00+00:00
[2022-08-23 12:36:47,287] {subprocess.py:62} INFO - Tmp dir root location: 
 /tmp
[2022-08-23 12:36:47,288] {subprocess.py:74} INFO - Running command: ['bash', '-c', 'echo "hello"']
[2022-08-23 12:36:47,304] {subprocess.py:85} INFO - Output:
[2022-08-23 12:36:47,306] {subprocess.py:92} INFO - hello
[2022-08-23 12:36:47,306] {subprocess.py:96} INFO - Command exited with return code 0
[2022-08-23 12:36:47,341] {taskinstance.py:1420} INFO - Marking task as SUCCESS. dag_id=raizen_lab_01, task_id=print_hello, execution_date=20211221T190000, start_date=20220823T123647, end_date=20220823T123647
[2022-08-23 12:36:47,380] {local_task_job.py:156} INFO - Task exited with return code 0
[2022-08-23 12:36:47,435] {local_task_job.py:273} INFO - 1 downstream tasks scheduled from follow-on schedule check
