[2022-08-23 11:39:00,621] {taskinstance.py:1179} INFO - Dependencies all met for <TaskInstance: raizen_lab_01.sleep scheduled__2021-10-13T14:00:00+00:00 [queued]>
[2022-08-23 11:39:00,638] {taskinstance.py:1179} INFO - Dependencies all met for <TaskInstance: raizen_lab_01.sleep scheduled__2021-10-13T14:00:00+00:00 [queued]>
[2022-08-23 11:39:00,638] {taskinstance.py:1376} INFO - 
--------------------------------------------------------------------------------
[2022-08-23 11:39:00,639] {taskinstance.py:1377} INFO - Starting attempt 1 of 2
[2022-08-23 11:39:00,640] {taskinstance.py:1378} INFO - 
--------------------------------------------------------------------------------
[2022-08-23 11:39:00,668] {taskinstance.py:1397} INFO - Executing <Task(BashOperator): sleep> on 2021-10-13 14:00:00+00:00
[2022-08-23 11:39:00,676] {standard_task_runner.py:52} INFO - Started process 1185 to run task
[2022-08-23 11:39:00,681] {standard_task_runner.py:79} INFO - Running: ['***', 'tasks', 'run', 'raizen_lab_01', 'sleep', 'scheduled__2021-10-13T14:00:00+00:00', '--job-id', '1857', '--raw', '--subdir', 'DAGS_FOLDER/raizen_lab_01.py', '--cfg-path', '/tmp/tmpa62bolt3', '--error-file', '/tmp/tmprg6pg5g0']
[2022-08-23 11:39:00,682] {standard_task_runner.py:80} INFO - Job 1857: Subtask sleep
[2022-08-23 11:39:00,802] {task_command.py:371} INFO - Running <TaskInstance: raizen_lab_01.sleep scheduled__2021-10-13T14:00:00+00:00 [running]> on host 7f48b7aaf0fc
[2022-08-23 11:39:00,940] {taskinstance.py:1591} INFO - Exporting the following env vars:
AIRFLOW_CTX_DAG_OWNER=admin
AIRFLOW_CTX_DAG_ID=raizen_lab_01
AIRFLOW_CTX_TASK_ID=sleep
AIRFLOW_CTX_EXECUTION_DATE=2021-10-13T14:00:00+00:00
AIRFLOW_CTX_TRY_NUMBER=1
AIRFLOW_CTX_DAG_RUN_ID=scheduled__2021-10-13T14:00:00+00:00
[2022-08-23 11:39:00,942] {subprocess.py:62} INFO - Tmp dir root location: 
 /tmp
[2022-08-23 11:39:00,943] {subprocess.py:74} INFO - Running command: ['bash', '-c', 'sleep 5']
[2022-08-23 11:39:00,959] {subprocess.py:85} INFO - Output:
[2022-08-23 11:39:05,964] {subprocess.py:96} INFO - Command exited with return code 0
[2022-08-23 11:39:06,004] {taskinstance.py:1420} INFO - Marking task as SUCCESS. dag_id=raizen_lab_01, task_id=sleep, execution_date=20211013T140000, start_date=20220823T113900, end_date=20220823T113906
[2022-08-23 11:39:06,057] {local_task_job.py:156} INFO - Task exited with return code 0
[2022-08-23 11:39:06,099] {local_task_job.py:273} INFO - 1 downstream tasks scheduled from follow-on schedule check
