[2022-08-23 12:09:36,098] {taskinstance.py:1179} INFO - Dependencies all met for <TaskInstance: raizen_lab_01.sleep scheduled__2021-11-05T08:00:00+00:00 [queued]>
[2022-08-23 12:09:36,106] {taskinstance.py:1179} INFO - Dependencies all met for <TaskInstance: raizen_lab_01.sleep scheduled__2021-11-05T08:00:00+00:00 [queued]>
[2022-08-23 12:09:36,107] {taskinstance.py:1376} INFO - 
--------------------------------------------------------------------------------
[2022-08-23 12:09:36,107] {taskinstance.py:1377} INFO - Starting attempt 1 of 2
[2022-08-23 12:09:36,107] {taskinstance.py:1378} INFO - 
--------------------------------------------------------------------------------
[2022-08-23 12:09:36,123] {taskinstance.py:1397} INFO - Executing <Task(BashOperator): sleep> on 2021-11-05 08:00:00+00:00
[2022-08-23 12:09:36,128] {standard_task_runner.py:52} INFO - Started process 2616 to run task
[2022-08-23 12:09:36,131] {standard_task_runner.py:79} INFO - Running: ['***', 'tasks', 'run', 'raizen_lab_01', 'sleep', 'scheduled__2021-11-05T08:00:00+00:00', '--job-id', '3510', '--raw', '--subdir', 'DAGS_FOLDER/raizen_lab_01.py', '--cfg-path', '/tmp/tmp4f7ijgz2', '--error-file', '/tmp/tmpsnx940vx']
[2022-08-23 12:09:36,132] {standard_task_runner.py:80} INFO - Job 3510: Subtask sleep
[2022-08-23 12:09:36,188] {task_command.py:371} INFO - Running <TaskInstance: raizen_lab_01.sleep scheduled__2021-11-05T08:00:00+00:00 [running]> on host 67b6bdae536e
[2022-08-23 12:09:36,260] {taskinstance.py:1591} INFO - Exporting the following env vars:
AIRFLOW_CTX_DAG_OWNER=admin
AIRFLOW_CTX_DAG_ID=raizen_lab_01
AIRFLOW_CTX_TASK_ID=sleep
AIRFLOW_CTX_EXECUTION_DATE=2021-11-05T08:00:00+00:00
AIRFLOW_CTX_TRY_NUMBER=1
AIRFLOW_CTX_DAG_RUN_ID=scheduled__2021-11-05T08:00:00+00:00
[2022-08-23 12:09:36,261] {subprocess.py:62} INFO - Tmp dir root location: 
 /tmp
[2022-08-23 12:09:36,262] {subprocess.py:74} INFO - Running command: ['bash', '-c', 'sleep 5']
[2022-08-23 12:09:36,271] {subprocess.py:85} INFO - Output:
[2022-08-23 12:09:41,274] {subprocess.py:96} INFO - Command exited with return code 0
[2022-08-23 12:09:41,300] {taskinstance.py:1420} INFO - Marking task as SUCCESS. dag_id=raizen_lab_01, task_id=sleep, execution_date=20211105T080000, start_date=20220823T120936, end_date=20220823T120941
[2022-08-23 12:09:41,351] {local_task_job.py:156} INFO - Task exited with return code 0
[2022-08-23 12:09:41,377] {local_task_job.py:273} INFO - 1 downstream tasks scheduled from follow-on schedule check
