[2022-08-23 11:28:12,052] {taskinstance.py:1179} INFO - Dependencies all met for <TaskInstance: raizen_lab_01.sleep scheduled__2021-09-19T22:00:00+00:00 [queued]>
[2022-08-23 11:28:12,072] {taskinstance.py:1179} INFO - Dependencies all met for <TaskInstance: raizen_lab_01.sleep scheduled__2021-09-19T22:00:00+00:00 [queued]>
[2022-08-23 11:28:12,073] {taskinstance.py:1376} INFO - 
--------------------------------------------------------------------------------
[2022-08-23 11:28:12,073] {taskinstance.py:1377} INFO - Starting attempt 1 of 2
[2022-08-23 11:28:12,075] {taskinstance.py:1378} INFO - 
--------------------------------------------------------------------------------
[2022-08-23 11:28:12,109] {taskinstance.py:1397} INFO - Executing <Task(BashOperator): sleep> on 2021-09-19 22:00:00+00:00
[2022-08-23 11:28:12,118] {standard_task_runner.py:52} INFO - Started process 325 to run task
[2022-08-23 11:28:12,125] {standard_task_runner.py:79} INFO - Running: ['***', 'tasks', 'run', 'raizen_lab_01', 'sleep', 'scheduled__2021-09-19T22:00:00+00:00', '--job-id', '144', '--raw', '--subdir', 'DAGS_FOLDER/raizen_lab_01.py', '--cfg-path', '/tmp/tmphhjk9c91', '--error-file', '/tmp/tmpx9oehk2s']
[2022-08-23 11:28:12,126] {standard_task_runner.py:80} INFO - Job 144: Subtask sleep
[2022-08-23 11:28:12,250] {task_command.py:371} INFO - Running <TaskInstance: raizen_lab_01.sleep scheduled__2021-09-19T22:00:00+00:00 [running]> on host 7f48b7aaf0fc
[2022-08-23 11:28:12,370] {taskinstance.py:1591} INFO - Exporting the following env vars:
AIRFLOW_CTX_DAG_OWNER=admin
AIRFLOW_CTX_DAG_ID=raizen_lab_01
AIRFLOW_CTX_TASK_ID=sleep
AIRFLOW_CTX_EXECUTION_DATE=2021-09-19T22:00:00+00:00
AIRFLOW_CTX_TRY_NUMBER=1
AIRFLOW_CTX_DAG_RUN_ID=scheduled__2021-09-19T22:00:00+00:00
[2022-08-23 11:28:12,373] {subprocess.py:62} INFO - Tmp dir root location: 
 /tmp
[2022-08-23 11:28:12,375] {subprocess.py:74} INFO - Running command: ['bash', '-c', 'sleep 5']
[2022-08-23 11:28:12,395] {subprocess.py:85} INFO - Output:
[2022-08-23 11:28:17,399] {subprocess.py:96} INFO - Command exited with return code 0
[2022-08-23 11:28:17,459] {taskinstance.py:1420} INFO - Marking task as SUCCESS. dag_id=raizen_lab_01, task_id=sleep, execution_date=20210919T220000, start_date=20220823T112812, end_date=20220823T112817
[2022-08-23 11:28:17,500] {local_task_job.py:156} INFO - Task exited with return code 0
[2022-08-23 11:28:17,547] {local_task_job.py:273} INFO - 0 downstream tasks scheduled from follow-on schedule check
