[2022-08-23 11:31:31,088] {taskinstance.py:1179} INFO - Dependencies all met for <TaskInstance: raizen_lab_01.sleep scheduled__2021-09-27T11:00:00+00:00 [queued]>
[2022-08-23 11:31:31,106] {taskinstance.py:1179} INFO - Dependencies all met for <TaskInstance: raizen_lab_01.sleep scheduled__2021-09-27T11:00:00+00:00 [queued]>
[2022-08-23 11:31:31,107] {taskinstance.py:1376} INFO - 
--------------------------------------------------------------------------------
[2022-08-23 11:31:31,107] {taskinstance.py:1377} INFO - Starting attempt 1 of 2
[2022-08-23 11:31:31,108] {taskinstance.py:1378} INFO - 
--------------------------------------------------------------------------------
[2022-08-23 11:31:31,141] {taskinstance.py:1397} INFO - Executing <Task(BashOperator): sleep> on 2021-09-27 11:00:00+00:00
[2022-08-23 11:31:31,155] {standard_task_runner.py:52} INFO - Started process 1931 to run task
[2022-08-23 11:31:31,161] {standard_task_runner.py:79} INFO - Running: ['***', 'tasks', 'run', 'raizen_lab_01', 'sleep', 'scheduled__2021-09-27T11:00:00+00:00', '--job-id', '695', '--raw', '--subdir', 'DAGS_FOLDER/raizen_lab_01.py', '--cfg-path', '/tmp/tmpg8qtqt4m', '--error-file', '/tmp/tmp6p5m9r4l']
[2022-08-23 11:31:31,162] {standard_task_runner.py:80} INFO - Job 695: Subtask sleep
[2022-08-23 11:31:31,389] {task_command.py:371} INFO - Running <TaskInstance: raizen_lab_01.sleep scheduled__2021-09-27T11:00:00+00:00 [running]> on host 7f48b7aaf0fc
[2022-08-23 11:31:31,573] {taskinstance.py:1591} INFO - Exporting the following env vars:
AIRFLOW_CTX_DAG_OWNER=admin
AIRFLOW_CTX_DAG_ID=raizen_lab_01
AIRFLOW_CTX_TASK_ID=sleep
AIRFLOW_CTX_EXECUTION_DATE=2021-09-27T11:00:00+00:00
AIRFLOW_CTX_TRY_NUMBER=1
AIRFLOW_CTX_DAG_RUN_ID=scheduled__2021-09-27T11:00:00+00:00
[2022-08-23 11:31:31,575] {subprocess.py:62} INFO - Tmp dir root location: 
 /tmp
[2022-08-23 11:31:31,577] {subprocess.py:74} INFO - Running command: ['bash', '-c', 'sleep 5']
[2022-08-23 11:31:31,594] {subprocess.py:85} INFO - Output:
[2022-08-23 11:31:36,598] {subprocess.py:96} INFO - Command exited with return code 0
[2022-08-23 11:31:36,652] {taskinstance.py:1420} INFO - Marking task as SUCCESS. dag_id=raizen_lab_01, task_id=sleep, execution_date=20210927T110000, start_date=20220823T113131, end_date=20220823T113136
[2022-08-23 11:31:36,703] {local_task_job.py:156} INFO - Task exited with return code 0
[2022-08-23 11:31:36,751] {local_task_job.py:273} INFO - 1 downstream tasks scheduled from follow-on schedule check
