[2022-08-23 23:33:12,901] {taskinstance.py:1179} INFO - Dependencies all met for <TaskInstance: raizen_lab_01.carga_arquivo manual__2022-08-23T23:33:11.475924+00:00 [queued]>
[2022-08-23 23:33:12,910] {taskinstance.py:1179} INFO - Dependencies all met for <TaskInstance: raizen_lab_01.carga_arquivo manual__2022-08-23T23:33:11.475924+00:00 [queued]>
[2022-08-23 23:33:12,911] {taskinstance.py:1376} INFO - 
--------------------------------------------------------------------------------
[2022-08-23 23:33:12,911] {taskinstance.py:1377} INFO - Starting attempt 1 of 2
[2022-08-23 23:33:12,912] {taskinstance.py:1378} INFO - 
--------------------------------------------------------------------------------
[2022-08-23 23:33:12,926] {taskinstance.py:1397} INFO - Executing <Task(PythonOperator): carga_arquivo> on 2022-08-23 23:33:11.475924+00:00
[2022-08-23 23:33:12,932] {standard_task_runner.py:52} INFO - Started process 73 to run task
[2022-08-23 23:33:12,936] {standard_task_runner.py:79} INFO - Running: ['***', 'tasks', 'run', 'raizen_lab_01', 'carga_arquivo', 'manual__2022-08-23T23:33:11.475924+00:00', '--job-id', '9530', '--raw', '--subdir', 'DAGS_FOLDER/raizen_lab_01.py', '--cfg-path', '/tmp/tmp1_7v3_xq', '--error-file', '/tmp/tmpwivjfttj']
[2022-08-23 23:33:12,938] {standard_task_runner.py:80} INFO - Job 9530: Subtask carga_arquivo
[2022-08-23 23:33:12,998] {task_command.py:371} INFO - Running <TaskInstance: raizen_lab_01.carga_arquivo manual__2022-08-23T23:33:11.475924+00:00 [running]> on host 25dd15f8d678
[2022-08-23 23:33:13,063] {taskinstance.py:1591} INFO - Exporting the following env vars:
AIRFLOW_CTX_DAG_OWNER=admin
AIRFLOW_CTX_DAG_ID=raizen_lab_01
AIRFLOW_CTX_TASK_ID=carga_arquivo
AIRFLOW_CTX_EXECUTION_DATE=2022-08-23T23:33:11.475924+00:00
AIRFLOW_CTX_TRY_NUMBER=1
AIRFLOW_CTX_DAG_RUN_ID=manual__2022-08-23T23:33:11.475924+00:00
[2022-08-23 23:33:13,828] {logging_mixin.py:115} INFO - 0       GASOLINA C (m3)
1       GASOLINA C (m3)
2       GASOLINA C (m3)
3       GASOLINA C (m3)
4       GASOLINA C (m3)
             ...       
4531           GLP (m3)
4532           GLP (m3)
4533           GLP (m3)
4534           GLP (m3)
4535           GLP (m3)
Name: COMBUSTÍVEL, Length: 4536, dtype: object
[2022-08-23 23:33:13,829] {python.py:173} INFO - Done. Returned value was: None
[2022-08-23 23:33:13,844] {taskinstance.py:1420} INFO - Marking task as SUCCESS. dag_id=raizen_lab_01, task_id=carga_arquivo, execution_date=20220823T233311, start_date=20220823T233312, end_date=20220823T233313
[2022-08-23 23:33:13,871] {local_task_job.py:156} INFO - Task exited with return code 0
[2022-08-23 23:33:13,977] {local_task_job.py:273} INFO - 1 downstream tasks scheduled from follow-on schedule check
