[2022-08-23 11:28:30,565] {taskinstance.py:1179} INFO - Dependencies all met for <TaskInstance: raizen_lab_01.print_hello scheduled__2021-09-20T11:00:00+00:00 [queued]>
[2022-08-23 11:28:30,593] {taskinstance.py:1179} INFO - Dependencies all met for <TaskInstance: raizen_lab_01.print_hello scheduled__2021-09-20T11:00:00+00:00 [queued]>
[2022-08-23 11:28:30,595] {taskinstance.py:1376} INFO - 
--------------------------------------------------------------------------------
[2022-08-23 11:28:30,596] {taskinstance.py:1377} INFO - Starting attempt 1 of 2
[2022-08-23 11:28:30,597] {taskinstance.py:1378} INFO - 
--------------------------------------------------------------------------------
[2022-08-23 11:28:30,635] {taskinstance.py:1397} INFO - Executing <Task(BashOperator): print_hello> on 2021-09-20 11:00:00+00:00
[2022-08-23 11:28:30,643] {standard_task_runner.py:52} INFO - Started process 432 to run task
[2022-08-23 11:28:30,649] {standard_task_runner.py:79} INFO - Running: ['***', 'tasks', 'run', 'raizen_lab_01', 'print_hello', 'scheduled__2021-09-20T11:00:00+00:00', '--job-id', '176', '--raw', '--subdir', 'DAGS_FOLDER/raizen_lab_01.py', '--cfg-path', '/tmp/tmpzgk9un6i', '--error-file', '/tmp/tmp1ldw9pj8']
[2022-08-23 11:28:30,650] {standard_task_runner.py:80} INFO - Job 176: Subtask print_hello
[2022-08-23 11:28:30,794] {task_command.py:371} INFO - Running <TaskInstance: raizen_lab_01.print_hello scheduled__2021-09-20T11:00:00+00:00 [running]> on host 7f48b7aaf0fc
[2022-08-23 11:28:30,931] {taskinstance.py:1591} INFO - Exporting the following env vars:
AIRFLOW_CTX_DAG_OWNER=admin
AIRFLOW_CTX_DAG_ID=raizen_lab_01
AIRFLOW_CTX_TASK_ID=print_hello
AIRFLOW_CTX_EXECUTION_DATE=2021-09-20T11:00:00+00:00
AIRFLOW_CTX_TRY_NUMBER=1
AIRFLOW_CTX_DAG_RUN_ID=scheduled__2021-09-20T11:00:00+00:00
[2022-08-23 11:28:30,933] {subprocess.py:62} INFO - Tmp dir root location: 
 /tmp
[2022-08-23 11:28:30,935] {subprocess.py:74} INFO - Running command: ['bash', '-c', 'echo "hello"']
[2022-08-23 11:28:30,954] {subprocess.py:85} INFO - Output:
[2022-08-23 11:28:30,958] {subprocess.py:92} INFO - hello
[2022-08-23 11:28:30,959] {subprocess.py:96} INFO - Command exited with return code 0
[2022-08-23 11:28:31,025] {taskinstance.py:1420} INFO - Marking task as SUCCESS. dag_id=raizen_lab_01, task_id=print_hello, execution_date=20210920T110000, start_date=20220823T112830, end_date=20220823T112831
[2022-08-23 11:28:31,101] {local_task_job.py:156} INFO - Task exited with return code 0
[2022-08-23 11:28:31,217] {local_task_job.py:273} INFO - 1 downstream tasks scheduled from follow-on schedule check
