[2022-08-23 11:59:23,242] {taskinstance.py:1179} INFO - Dependencies all met for <TaskInstance: raizen_lab_01.sleep scheduled__2021-10-23T07:00:00+00:00 [queued]>
[2022-08-23 11:59:23,262] {taskinstance.py:1179} INFO - Dependencies all met for <TaskInstance: raizen_lab_01.sleep scheduled__2021-10-23T07:00:00+00:00 [queued]>
[2022-08-23 11:59:23,263] {taskinstance.py:1376} INFO - 
--------------------------------------------------------------------------------
[2022-08-23 11:59:23,263] {taskinstance.py:1377} INFO - Starting attempt 1 of 2
[2022-08-23 11:59:23,264] {taskinstance.py:1378} INFO - 
--------------------------------------------------------------------------------
[2022-08-23 11:59:23,302] {taskinstance.py:1397} INFO - Executing <Task(BashOperator): sleep> on 2021-10-23 07:00:00+00:00
[2022-08-23 11:59:23,367] {standard_task_runner.py:52} INFO - Started process 567 to run task
[2022-08-23 11:59:23,372] {standard_task_runner.py:79} INFO - Running: ['***', 'tasks', 'run', 'raizen_lab_01', 'sleep', 'scheduled__2021-10-23T07:00:00+00:00', '--job-id', '2558', '--raw', '--subdir', 'DAGS_FOLDER/raizen_lab_01.py', '--cfg-path', '/tmp/tmp6tdb8_4y', '--error-file', '/tmp/tmp9djmx6x1']
[2022-08-23 11:59:23,373] {standard_task_runner.py:80} INFO - Job 2558: Subtask sleep
[2022-08-23 11:59:23,509] {task_command.py:371} INFO - Running <TaskInstance: raizen_lab_01.sleep scheduled__2021-10-23T07:00:00+00:00 [running]> on host 9f4b06248101
[2022-08-23 11:59:23,619] {taskinstance.py:1591} INFO - Exporting the following env vars:
AIRFLOW_CTX_DAG_OWNER=admin
AIRFLOW_CTX_DAG_ID=raizen_lab_01
AIRFLOW_CTX_TASK_ID=sleep
AIRFLOW_CTX_EXECUTION_DATE=2021-10-23T07:00:00+00:00
AIRFLOW_CTX_TRY_NUMBER=1
AIRFLOW_CTX_DAG_RUN_ID=scheduled__2021-10-23T07:00:00+00:00
[2022-08-23 11:59:23,621] {subprocess.py:62} INFO - Tmp dir root location: 
 /tmp
[2022-08-23 11:59:23,622] {subprocess.py:74} INFO - Running command: ['bash', '-c', 'sleep 5']
[2022-08-23 11:59:23,645] {subprocess.py:85} INFO - Output:
[2022-08-23 11:59:28,652] {subprocess.py:96} INFO - Command exited with return code 0
[2022-08-23 11:59:28,710] {taskinstance.py:1420} INFO - Marking task as SUCCESS. dag_id=raizen_lab_01, task_id=sleep, execution_date=20211023T070000, start_date=20220823T115923, end_date=20220823T115928
[2022-08-23 11:59:28,755] {local_task_job.py:156} INFO - Task exited with return code 0
[2022-08-23 11:59:28,803] {local_task_job.py:273} INFO - 1 downstream tasks scheduled from follow-on schedule check
