[2022-08-23 19:46:58,177] {taskinstance.py:1179} INFO - Dependencies all met for <TaskInstance: raizen_lab_01.step_01 scheduled__2022-01-26T16:00:00+00:00 [queued]>
[2022-08-23 19:46:58,215] {taskinstance.py:1179} INFO - Dependencies all met for <TaskInstance: raizen_lab_01.step_01 scheduled__2022-01-26T16:00:00+00:00 [queued]>
[2022-08-23 19:46:58,217] {taskinstance.py:1376} INFO - 
--------------------------------------------------------------------------------
[2022-08-23 19:46:58,218] {taskinstance.py:1377} INFO - Starting attempt 1 of 2
[2022-08-23 19:46:58,218] {taskinstance.py:1378} INFO - 
--------------------------------------------------------------------------------
[2022-08-23 19:46:58,264] {taskinstance.py:1397} INFO - Executing <Task(BashOperator): step_01> on 2022-01-26 16:00:00+00:00
[2022-08-23 19:46:58,275] {standard_task_runner.py:52} INFO - Started process 223 to run task
[2022-08-23 19:46:58,283] {standard_task_runner.py:79} INFO - Running: ['***', 'tasks', 'run', 'raizen_lab_01', 'step_01', 'scheduled__2022-01-26T16:00:00+00:00', '--job-id', '9273', '--raw', '--subdir', 'DAGS_FOLDER/raizen_lab_01.py', '--cfg-path', '/tmp/tmpdmh1a_9q', '--error-file', '/tmp/tmprusonv75']
[2022-08-23 19:46:58,286] {standard_task_runner.py:80} INFO - Job 9273: Subtask step_01
[2022-08-23 19:46:58,484] {task_command.py:371} INFO - Running <TaskInstance: raizen_lab_01.step_01 scheduled__2022-01-26T16:00:00+00:00 [running]> on host 80fce776ee1f
[2022-08-23 19:46:58,709] {taskinstance.py:1591} INFO - Exporting the following env vars:
AIRFLOW_CTX_DAG_OWNER=admin
AIRFLOW_CTX_DAG_ID=raizen_lab_01
AIRFLOW_CTX_TASK_ID=step_01
AIRFLOW_CTX_EXECUTION_DATE=2022-01-26T16:00:00+00:00
AIRFLOW_CTX_TRY_NUMBER=1
AIRFLOW_CTX_DAG_RUN_ID=scheduled__2022-01-26T16:00:00+00:00
[2022-08-23 19:46:58,712] {subprocess.py:62} INFO - Tmp dir root location: 
 /tmp
[2022-08-23 19:46:58,719] {subprocess.py:74} INFO - Running command: ['bash', '-c', 'echo "hello"']
[2022-08-23 19:46:58,758] {subprocess.py:85} INFO - Output:
[2022-08-23 19:46:58,764] {subprocess.py:92} INFO - hello
[2022-08-23 19:46:58,764] {subprocess.py:96} INFO - Command exited with return code 0
[2022-08-23 19:46:59,086] {taskinstance.py:1420} INFO - Marking task as SUCCESS. dag_id=raizen_lab_01, task_id=step_01, execution_date=20220126T160000, start_date=20220823T194658, end_date=20220823T194659
[2022-08-23 19:46:59,155] {local_task_job.py:156} INFO - Task exited with return code 0
[2022-08-23 19:46:59,264] {local_task_job.py:273} INFO - 0 downstream tasks scheduled from follow-on schedule check
