[2022-08-23 11:32:55,795] {taskinstance.py:1179} INFO - Dependencies all met for <TaskInstance: raizen_lab_01.sleep scheduled__2021-09-30T21:00:00+00:00 [queued]>
[2022-08-23 11:32:55,817] {taskinstance.py:1179} INFO - Dependencies all met for <TaskInstance: raizen_lab_01.sleep scheduled__2021-09-30T21:00:00+00:00 [queued]>
[2022-08-23 11:32:55,818] {taskinstance.py:1376} INFO - 
--------------------------------------------------------------------------------
[2022-08-23 11:32:55,818] {taskinstance.py:1377} INFO - Starting attempt 1 of 2
[2022-08-23 11:32:55,819] {taskinstance.py:1378} INFO - 
--------------------------------------------------------------------------------
[2022-08-23 11:32:55,842] {taskinstance.py:1397} INFO - Executing <Task(BashOperator): sleep> on 2021-09-30 21:00:00+00:00
[2022-08-23 11:32:55,851] {standard_task_runner.py:52} INFO - Started process 2643 to run task
[2022-08-23 11:32:55,856] {standard_task_runner.py:79} INFO - Running: ['***', 'tasks', 'run', 'raizen_lab_01', 'sleep', 'scheduled__2021-09-30T21:00:00+00:00', '--job-id', '940', '--raw', '--subdir', 'DAGS_FOLDER/raizen_lab_01.py', '--cfg-path', '/tmp/tmpnpduvs_6', '--error-file', '/tmp/tmpyw9kvyvn']
[2022-08-23 11:32:55,858] {standard_task_runner.py:80} INFO - Job 940: Subtask sleep
[2022-08-23 11:32:55,967] {task_command.py:371} INFO - Running <TaskInstance: raizen_lab_01.sleep scheduled__2021-09-30T21:00:00+00:00 [running]> on host 7f48b7aaf0fc
[2022-08-23 11:32:56,101] {taskinstance.py:1591} INFO - Exporting the following env vars:
AIRFLOW_CTX_DAG_OWNER=admin
AIRFLOW_CTX_DAG_ID=raizen_lab_01
AIRFLOW_CTX_TASK_ID=sleep
AIRFLOW_CTX_EXECUTION_DATE=2021-09-30T21:00:00+00:00
AIRFLOW_CTX_TRY_NUMBER=1
AIRFLOW_CTX_DAG_RUN_ID=scheduled__2021-09-30T21:00:00+00:00
[2022-08-23 11:32:56,103] {subprocess.py:62} INFO - Tmp dir root location: 
 /tmp
[2022-08-23 11:32:56,105] {subprocess.py:74} INFO - Running command: ['bash', '-c', 'sleep 5']
[2022-08-23 11:32:56,125] {subprocess.py:85} INFO - Output:
[2022-08-23 11:33:01,131] {subprocess.py:96} INFO - Command exited with return code 0
[2022-08-23 11:33:01,255] {taskinstance.py:1420} INFO - Marking task as SUCCESS. dag_id=raizen_lab_01, task_id=sleep, execution_date=20210930T210000, start_date=20220823T113255, end_date=20220823T113301
[2022-08-23 11:33:01,316] {local_task_job.py:156} INFO - Task exited with return code 0
[2022-08-23 11:33:01,503] {local_task_job.py:273} INFO - 0 downstream tasks scheduled from follow-on schedule check
