[2022-08-23 11:47:57,737] {taskinstance.py:1179} INFO - Dependencies all met for <TaskInstance: raizen_lab_01.print_hello scheduled__2021-10-20T20:00:00+00:00 [queued]>
[2022-08-23 11:47:57,754] {taskinstance.py:1179} INFO - Dependencies all met for <TaskInstance: raizen_lab_01.print_hello scheduled__2021-10-20T20:00:00+00:00 [queued]>
[2022-08-23 11:47:57,755] {taskinstance.py:1376} INFO - 
--------------------------------------------------------------------------------
[2022-08-23 11:47:57,755] {taskinstance.py:1377} INFO - Starting attempt 1 of 2
[2022-08-23 11:47:57,756] {taskinstance.py:1378} INFO - 
--------------------------------------------------------------------------------
[2022-08-23 11:47:57,794] {taskinstance.py:1397} INFO - Executing <Task(BashOperator): print_hello> on 2021-10-20 20:00:00+00:00
[2022-08-23 11:47:57,801] {standard_task_runner.py:52} INFO - Started process 1067 to run task
[2022-08-23 11:47:57,807] {standard_task_runner.py:79} INFO - Running: ['***', 'tasks', 'run', 'raizen_lab_01', 'print_hello', 'scheduled__2021-10-20T20:00:00+00:00', '--job-id', '2368', '--raw', '--subdir', 'DAGS_FOLDER/raizen_lab_01.py', '--cfg-path', '/tmp/tmpnwt5ay7w', '--error-file', '/tmp/tmp8kvrod3s']
[2022-08-23 11:47:57,808] {standard_task_runner.py:80} INFO - Job 2368: Subtask print_hello
[2022-08-23 11:47:57,918] {task_command.py:371} INFO - Running <TaskInstance: raizen_lab_01.print_hello scheduled__2021-10-20T20:00:00+00:00 [running]> on host fc645605a611
[2022-08-23 11:47:58,041] {taskinstance.py:1591} INFO - Exporting the following env vars:
AIRFLOW_CTX_DAG_OWNER=admin
AIRFLOW_CTX_DAG_ID=raizen_lab_01
AIRFLOW_CTX_TASK_ID=print_hello
AIRFLOW_CTX_EXECUTION_DATE=2021-10-20T20:00:00+00:00
AIRFLOW_CTX_TRY_NUMBER=1
AIRFLOW_CTX_DAG_RUN_ID=scheduled__2021-10-20T20:00:00+00:00
[2022-08-23 11:47:58,044] {subprocess.py:62} INFO - Tmp dir root location: 
 /tmp
[2022-08-23 11:47:58,045] {subprocess.py:74} INFO - Running command: ['bash', '-c', 'echo "hello"']
[2022-08-23 11:47:58,059] {subprocess.py:85} INFO - Output:
[2022-08-23 11:47:58,061] {subprocess.py:92} INFO - hello
[2022-08-23 11:47:58,061] {subprocess.py:96} INFO - Command exited with return code 0
[2022-08-23 11:47:58,103] {taskinstance.py:1420} INFO - Marking task as SUCCESS. dag_id=raizen_lab_01, task_id=print_hello, execution_date=20211020T200000, start_date=20220823T114757, end_date=20220823T114758
[2022-08-23 11:47:58,140] {local_task_job.py:156} INFO - Task exited with return code 0
[2022-08-23 11:47:58,224] {local_task_job.py:273} INFO - 1 downstream tasks scheduled from follow-on schedule check
