[2022-08-23 11:28:47,209] {taskinstance.py:1179} INFO - Dependencies all met for <TaskInstance: raizen_lab_01.print_hello scheduled__2021-09-21T02:00:00+00:00 [queued]>
[2022-08-23 11:28:47,237] {taskinstance.py:1179} INFO - Dependencies all met for <TaskInstance: raizen_lab_01.print_hello scheduled__2021-09-21T02:00:00+00:00 [queued]>
[2022-08-23 11:28:47,239] {taskinstance.py:1376} INFO - 
--------------------------------------------------------------------------------
[2022-08-23 11:28:47,242] {taskinstance.py:1377} INFO - Starting attempt 1 of 2
[2022-08-23 11:28:47,247] {taskinstance.py:1378} INFO - 
--------------------------------------------------------------------------------
[2022-08-23 11:28:47,289] {taskinstance.py:1397} INFO - Executing <Task(BashOperator): print_hello> on 2021-09-21 02:00:00+00:00
[2022-08-23 11:28:47,300] {standard_task_runner.py:52} INFO - Started process 561 to run task
[2022-08-23 11:28:47,308] {standard_task_runner.py:79} INFO - Running: ['***', 'tasks', 'run', 'raizen_lab_01', 'print_hello', 'scheduled__2021-09-21T02:00:00+00:00', '--job-id', '223', '--raw', '--subdir', 'DAGS_FOLDER/raizen_lab_01.py', '--cfg-path', '/tmp/tmpltfys7sv', '--error-file', '/tmp/tmpnmwhtek8']
[2022-08-23 11:28:47,309] {standard_task_runner.py:80} INFO - Job 223: Subtask print_hello
[2022-08-23 11:28:47,443] {task_command.py:371} INFO - Running <TaskInstance: raizen_lab_01.print_hello scheduled__2021-09-21T02:00:00+00:00 [running]> on host 7f48b7aaf0fc
[2022-08-23 11:28:47,623] {taskinstance.py:1591} INFO - Exporting the following env vars:
AIRFLOW_CTX_DAG_OWNER=admin
AIRFLOW_CTX_DAG_ID=raizen_lab_01
AIRFLOW_CTX_TASK_ID=print_hello
AIRFLOW_CTX_EXECUTION_DATE=2021-09-21T02:00:00+00:00
AIRFLOW_CTX_TRY_NUMBER=1
AIRFLOW_CTX_DAG_RUN_ID=scheduled__2021-09-21T02:00:00+00:00
[2022-08-23 11:28:47,626] {subprocess.py:62} INFO - Tmp dir root location: 
 /tmp
[2022-08-23 11:28:47,628] {subprocess.py:74} INFO - Running command: ['bash', '-c', 'echo "hello"']
[2022-08-23 11:28:47,643] {subprocess.py:85} INFO - Output:
[2022-08-23 11:28:47,645] {subprocess.py:92} INFO - hello
[2022-08-23 11:28:47,645] {subprocess.py:96} INFO - Command exited with return code 0
[2022-08-23 11:28:47,697] {taskinstance.py:1420} INFO - Marking task as SUCCESS. dag_id=raizen_lab_01, task_id=print_hello, execution_date=20210921T020000, start_date=20220823T112847, end_date=20220823T112847
[2022-08-23 11:28:47,765] {local_task_job.py:156} INFO - Task exited with return code 0
[2022-08-23 11:28:48,123] {local_task_job.py:273} INFO - 0 downstream tasks scheduled from follow-on schedule check
