[2022-08-23 11:59:17,141] {taskinstance.py:1179} INFO - Dependencies all met for <TaskInstance: raizen_lab_01.print_hello scheduled__2021-10-22T23:00:00+00:00 [queued]>
[2022-08-23 11:59:17,159] {taskinstance.py:1179} INFO - Dependencies all met for <TaskInstance: raizen_lab_01.print_hello scheduled__2021-10-22T23:00:00+00:00 [queued]>
[2022-08-23 11:59:17,159] {taskinstance.py:1376} INFO - 
--------------------------------------------------------------------------------
[2022-08-23 11:59:17,160] {taskinstance.py:1377} INFO - Starting attempt 1 of 2
[2022-08-23 11:59:17,161] {taskinstance.py:1378} INFO - 
--------------------------------------------------------------------------------
[2022-08-23 11:59:17,188] {taskinstance.py:1397} INFO - Executing <Task(BashOperator): print_hello> on 2021-10-22 23:00:00+00:00
[2022-08-23 11:59:17,197] {standard_task_runner.py:52} INFO - Started process 501 to run task
[2022-08-23 11:59:17,201] {standard_task_runner.py:79} INFO - Running: ['***', 'tasks', 'run', 'raizen_lab_01', 'print_hello', 'scheduled__2021-10-22T23:00:00+00:00', '--job-id', '2537', '--raw', '--subdir', 'DAGS_FOLDER/raizen_lab_01.py', '--cfg-path', '/tmp/tmpga201_58', '--error-file', '/tmp/tmpmfg4esjk']
[2022-08-23 11:59:17,202] {standard_task_runner.py:80} INFO - Job 2537: Subtask print_hello
[2022-08-23 11:59:17,323] {task_command.py:371} INFO - Running <TaskInstance: raizen_lab_01.print_hello scheduled__2021-10-22T23:00:00+00:00 [running]> on host 9f4b06248101
[2022-08-23 11:59:17,449] {taskinstance.py:1591} INFO - Exporting the following env vars:
AIRFLOW_CTX_DAG_OWNER=admin
AIRFLOW_CTX_DAG_ID=raizen_lab_01
AIRFLOW_CTX_TASK_ID=print_hello
AIRFLOW_CTX_EXECUTION_DATE=2021-10-22T23:00:00+00:00
AIRFLOW_CTX_TRY_NUMBER=1
AIRFLOW_CTX_DAG_RUN_ID=scheduled__2021-10-22T23:00:00+00:00
[2022-08-23 11:59:17,451] {subprocess.py:62} INFO - Tmp dir root location: 
 /tmp
[2022-08-23 11:59:17,452] {subprocess.py:74} INFO - Running command: ['bash', '-c', 'echo "hello"']
[2022-08-23 11:59:17,464] {subprocess.py:85} INFO - Output:
[2022-08-23 11:59:17,465] {subprocess.py:92} INFO - hello
[2022-08-23 11:59:17,466] {subprocess.py:96} INFO - Command exited with return code 0
[2022-08-23 11:59:17,513] {taskinstance.py:1420} INFO - Marking task as SUCCESS. dag_id=raizen_lab_01, task_id=print_hello, execution_date=20211022T230000, start_date=20220823T115917, end_date=20220823T115917
[2022-08-23 11:59:17,574] {local_task_job.py:156} INFO - Task exited with return code 0
[2022-08-23 11:59:17,657] {local_task_job.py:273} INFO - 0 downstream tasks scheduled from follow-on schedule check
