[2022-08-23 11:35:19,482] {taskinstance.py:1179} INFO - Dependencies all met for <TaskInstance: raizen_lab_01.sleep scheduled__2021-10-06T05:00:00+00:00 [queued]>
[2022-08-23 11:35:19,498] {taskinstance.py:1179} INFO - Dependencies all met for <TaskInstance: raizen_lab_01.sleep scheduled__2021-10-06T05:00:00+00:00 [queued]>
[2022-08-23 11:35:19,499] {taskinstance.py:1376} INFO - 
--------------------------------------------------------------------------------
[2022-08-23 11:35:19,500] {taskinstance.py:1377} INFO - Starting attempt 1 of 2
[2022-08-23 11:35:19,500] {taskinstance.py:1378} INFO - 
--------------------------------------------------------------------------------
[2022-08-23 11:35:19,528] {taskinstance.py:1397} INFO - Executing <Task(BashOperator): sleep> on 2021-10-06 05:00:00+00:00
[2022-08-23 11:35:19,540] {standard_task_runner.py:52} INFO - Started process 3758 to run task
[2022-08-23 11:35:19,544] {standard_task_runner.py:79} INFO - Running: ['***', 'tasks', 'run', 'raizen_lab_01', 'sleep', 'scheduled__2021-10-06T05:00:00+00:00', '--job-id', '1315', '--raw', '--subdir', 'DAGS_FOLDER/raizen_lab_01.py', '--cfg-path', '/tmp/tmpwbbtslmq', '--error-file', '/tmp/tmpgzkrtfiu']
[2022-08-23 11:35:19,546] {standard_task_runner.py:80} INFO - Job 1315: Subtask sleep
[2022-08-23 11:35:19,650] {task_command.py:371} INFO - Running <TaskInstance: raizen_lab_01.sleep scheduled__2021-10-06T05:00:00+00:00 [running]> on host 7f48b7aaf0fc
[2022-08-23 11:35:19,757] {taskinstance.py:1591} INFO - Exporting the following env vars:
AIRFLOW_CTX_DAG_OWNER=admin
AIRFLOW_CTX_DAG_ID=raizen_lab_01
AIRFLOW_CTX_TASK_ID=sleep
AIRFLOW_CTX_EXECUTION_DATE=2021-10-06T05:00:00+00:00
AIRFLOW_CTX_TRY_NUMBER=1
AIRFLOW_CTX_DAG_RUN_ID=scheduled__2021-10-06T05:00:00+00:00
[2022-08-23 11:35:19,759] {subprocess.py:62} INFO - Tmp dir root location: 
 /tmp
[2022-08-23 11:35:19,760] {subprocess.py:74} INFO - Running command: ['bash', '-c', 'sleep 5']
[2022-08-23 11:35:19,773] {subprocess.py:85} INFO - Output:
[2022-08-23 11:35:24,777] {subprocess.py:96} INFO - Command exited with return code 0
[2022-08-23 11:35:24,951] {taskinstance.py:1420} INFO - Marking task as SUCCESS. dag_id=raizen_lab_01, task_id=sleep, execution_date=20211006T050000, start_date=20220823T113519, end_date=20220823T113524
[2022-08-23 11:35:25,023] {local_task_job.py:156} INFO - Task exited with return code 0
[2022-08-23 11:35:25,084] {local_task_job.py:273} INFO - 1 downstream tasks scheduled from follow-on schedule check
