[2022-08-23 23:45:25,386] {taskinstance.py:1179} INFO - Dependencies all met for <TaskInstance: raizen_lab_01.carga_arquivo manual__2022-08-23T23:45:23.928517+00:00 [queued]>
[2022-08-23 23:45:25,394] {taskinstance.py:1179} INFO - Dependencies all met for <TaskInstance: raizen_lab_01.carga_arquivo manual__2022-08-23T23:45:23.928517+00:00 [queued]>
[2022-08-23 23:45:25,394] {taskinstance.py:1376} INFO - 
--------------------------------------------------------------------------------
[2022-08-23 23:45:25,395] {taskinstance.py:1377} INFO - Starting attempt 1 of 2
[2022-08-23 23:45:25,396] {taskinstance.py:1378} INFO - 
--------------------------------------------------------------------------------
[2022-08-23 23:45:25,408] {taskinstance.py:1397} INFO - Executing <Task(PythonOperator): carga_arquivo> on 2022-08-23 23:45:23.928517+00:00
[2022-08-23 23:45:25,415] {standard_task_runner.py:52} INFO - Started process 75 to run task
[2022-08-23 23:45:25,417] {standard_task_runner.py:79} INFO - Running: ['***', 'tasks', 'run', 'raizen_lab_01', 'carga_arquivo', 'manual__2022-08-23T23:45:23.928517+00:00', '--job-id', '9552', '--raw', '--subdir', 'DAGS_FOLDER/raizen_lab_01.py', '--cfg-path', '/tmp/tmph4eut40l', '--error-file', '/tmp/tmpsj9wnkb3']
[2022-08-23 23:45:25,419] {standard_task_runner.py:80} INFO - Job 9552: Subtask carga_arquivo
[2022-08-23 23:45:25,485] {task_command.py:371} INFO - Running <TaskInstance: raizen_lab_01.carga_arquivo manual__2022-08-23T23:45:23.928517+00:00 [running]> on host 25dd15f8d678
[2022-08-23 23:45:25,554] {taskinstance.py:1591} INFO - Exporting the following env vars:
AIRFLOW_CTX_DAG_OWNER=admin
AIRFLOW_CTX_DAG_ID=raizen_lab_01
AIRFLOW_CTX_TASK_ID=carga_arquivo
AIRFLOW_CTX_EXECUTION_DATE=2022-08-23T23:45:23.928517+00:00
AIRFLOW_CTX_TRY_NUMBER=1
AIRFLOW_CTX_DAG_RUN_ID=manual__2022-08-23T23:45:23.928517+00:00
[2022-08-23 23:45:26,324] {taskinstance.py:1909} ERROR - Task failed with exception
Traceback (most recent call last):
  File "/home/airflow/.local/lib/python3.7/site-packages/airflow/operators/python.py", line 171, in execute
    return_value = self.execute_callable()
  File "/home/airflow/.local/lib/python3.7/site-packages/airflow/operators/python.py", line 189, in execute_callable
    return self.python_callable(*self.op_args, **self.op_kwargs)
  File "/opt/airflow/dags/raizen_lab_01.py", line 33, in carga_arquivo
    print(df['COMBUSTÍVEL':'ANO'])
  File "/home/airflow/.local/lib/python3.7/site-packages/pandas/core/frame.py", line 3430, in __getitem__
    indexer = convert_to_index_sliceable(self, key)
  File "/home/airflow/.local/lib/python3.7/site-packages/pandas/core/indexing.py", line 2329, in convert_to_index_sliceable
    return idx._convert_slice_indexer(key, kind="getitem")
  File "/home/airflow/.local/lib/python3.7/site-packages/pandas/core/indexes/numeric.py", line 244, in _convert_slice_indexer
    return super()._convert_slice_indexer(key, kind=kind)
  File "/home/airflow/.local/lib/python3.7/site-packages/pandas/core/indexes/base.py", line 3719, in _convert_slice_indexer
    self._validate_indexer("slice", key.start, "getitem")
  File "/home/airflow/.local/lib/python3.7/site-packages/pandas/core/indexes/base.py", line 5719, in _validate_indexer
    raise self._invalid_indexer(form, key)
TypeError: cannot do slice indexing on RangeIndex with these indexers [COMBUSTÍVEL] of type str
[2022-08-23 23:45:26,345] {taskinstance.py:1420} INFO - Marking task as UP_FOR_RETRY. dag_id=raizen_lab_01, task_id=carga_arquivo, execution_date=20220823T234523, start_date=20220823T234525, end_date=20220823T234526
[2022-08-23 23:45:26,363] {standard_task_runner.py:97} ERROR - Failed to execute job 9552 for task carga_arquivo (cannot do slice indexing on RangeIndex with these indexers [COMBUSTÍVEL] of type str; 75)
[2022-08-23 23:45:26,394] {local_task_job.py:156} INFO - Task exited with return code 1
[2022-08-23 23:45:26,447] {local_task_job.py:273} INFO - 0 downstream tasks scheduled from follow-on schedule check
