[2022-08-23 11:31:43,830] {taskinstance.py:1179} INFO - Dependencies all met for <TaskInstance: raizen_lab_01.print_world scheduled__2021-09-27T22:00:00+00:00 [queued]>
[2022-08-23 11:31:43,850] {taskinstance.py:1179} INFO - Dependencies all met for <TaskInstance: raizen_lab_01.print_world scheduled__2021-09-27T22:00:00+00:00 [queued]>
[2022-08-23 11:31:43,850] {taskinstance.py:1376} INFO - 
--------------------------------------------------------------------------------
[2022-08-23 11:31:43,851] {taskinstance.py:1377} INFO - Starting attempt 1 of 2
[2022-08-23 11:31:43,852] {taskinstance.py:1378} INFO - 
--------------------------------------------------------------------------------
[2022-08-23 11:31:43,882] {taskinstance.py:1397} INFO - Executing <Task(PythonOperator): print_world> on 2021-09-27 22:00:00+00:00
[2022-08-23 11:31:43,889] {standard_task_runner.py:52} INFO - Started process 2029 to run task
[2022-08-23 11:31:43,894] {standard_task_runner.py:79} INFO - Running: ['***', 'tasks', 'run', 'raizen_lab_01', 'print_world', 'scheduled__2021-09-27T22:00:00+00:00', '--job-id', '730', '--raw', '--subdir', 'DAGS_FOLDER/raizen_lab_01.py', '--cfg-path', '/tmp/tmp2x0fmy64', '--error-file', '/tmp/tmpeiwlxqbn']
[2022-08-23 11:31:43,895] {standard_task_runner.py:80} INFO - Job 730: Subtask print_world
[2022-08-23 11:31:43,998] {task_command.py:371} INFO - Running <TaskInstance: raizen_lab_01.print_world scheduled__2021-09-27T22:00:00+00:00 [running]> on host 7f48b7aaf0fc
[2022-08-23 11:31:44,123] {taskinstance.py:1591} INFO - Exporting the following env vars:
AIRFLOW_CTX_DAG_OWNER=admin
AIRFLOW_CTX_DAG_ID=raizen_lab_01
AIRFLOW_CTX_TASK_ID=print_world
AIRFLOW_CTX_EXECUTION_DATE=2021-09-27T22:00:00+00:00
AIRFLOW_CTX_TRY_NUMBER=1
AIRFLOW_CTX_DAG_RUN_ID=scheduled__2021-09-27T22:00:00+00:00
[2022-08-23 11:31:44,125] {logging_mixin.py:115} INFO - world
[2022-08-23 11:31:44,125] {python.py:173} INFO - Done. Returned value was: None
[2022-08-23 11:31:44,151] {taskinstance.py:1420} INFO - Marking task as SUCCESS. dag_id=raizen_lab_01, task_id=print_world, execution_date=20210927T220000, start_date=20220823T113143, end_date=20220823T113144
[2022-08-23 11:31:44,187] {local_task_job.py:156} INFO - Task exited with return code 0
[2022-08-23 11:31:44,256] {local_task_job.py:273} INFO - 0 downstream tasks scheduled from follow-on schedule check
