[2022-08-23 13:14:16,687] {taskinstance.py:1179} INFO - Dependencies all met for <TaskInstance: raizen_lab_01.sleep scheduled__2021-12-29T12:00:00+00:00 [queued]>
[2022-08-23 13:14:16,695] {taskinstance.py:1179} INFO - Dependencies all met for <TaskInstance: raizen_lab_01.sleep scheduled__2021-12-29T12:00:00+00:00 [queued]>
[2022-08-23 13:14:16,695] {taskinstance.py:1376} INFO - 
--------------------------------------------------------------------------------
[2022-08-23 13:14:16,696] {taskinstance.py:1377} INFO - Starting attempt 1 of 2
[2022-08-23 13:14:16,696] {taskinstance.py:1378} INFO - 
--------------------------------------------------------------------------------
[2022-08-23 13:14:16,708] {taskinstance.py:1397} INFO - Executing <Task(BashOperator): sleep> on 2021-12-29 12:00:00+00:00
[2022-08-23 13:14:16,714] {standard_task_runner.py:52} INFO - Started process 345 to run task
[2022-08-23 13:14:16,717] {standard_task_runner.py:79} INFO - Running: ['***', 'tasks', 'run', 'raizen_lab_01', 'sleep', 'scheduled__2021-12-29T12:00:00+00:00', '--job-id', '7413', '--raw', '--subdir', 'DAGS_FOLDER/raizen_lab_01.py', '--cfg-path', '/tmp/tmpsr253cnk', '--error-file', '/tmp/tmp5rl3b1rk']
[2022-08-23 13:14:16,718] {standard_task_runner.py:80} INFO - Job 7413: Subtask sleep
[2022-08-23 13:14:16,780] {task_command.py:371} INFO - Running <TaskInstance: raizen_lab_01.sleep scheduled__2021-12-29T12:00:00+00:00 [running]> on host 94e929fe2c87
[2022-08-23 13:14:16,877] {taskinstance.py:1591} INFO - Exporting the following env vars:
AIRFLOW_CTX_DAG_OWNER=admin
AIRFLOW_CTX_DAG_ID=raizen_lab_01
AIRFLOW_CTX_TASK_ID=sleep
AIRFLOW_CTX_EXECUTION_DATE=2021-12-29T12:00:00+00:00
AIRFLOW_CTX_TRY_NUMBER=1
AIRFLOW_CTX_DAG_RUN_ID=scheduled__2021-12-29T12:00:00+00:00
[2022-08-23 13:14:16,878] {subprocess.py:62} INFO - Tmp dir root location: 
 /tmp
[2022-08-23 13:14:16,879] {subprocess.py:74} INFO - Running command: ['bash', '-c', 'sleep 5']
[2022-08-23 13:14:16,890] {subprocess.py:85} INFO - Output:
[2022-08-23 13:14:21,893] {subprocess.py:96} INFO - Command exited with return code 0
[2022-08-23 13:14:21,920] {taskinstance.py:1420} INFO - Marking task as SUCCESS. dag_id=raizen_lab_01, task_id=sleep, execution_date=20211229T120000, start_date=20220823T131416, end_date=20220823T131421
[2022-08-23 13:14:21,948] {local_task_job.py:156} INFO - Task exited with return code 0
[2022-08-23 13:14:22,008] {local_task_job.py:273} INFO - 1 downstream tasks scheduled from follow-on schedule check
