[2022-08-23 11:58:33,064] {taskinstance.py:1179} INFO - Dependencies all met for <TaskInstance: raizen_lab_01.sleep scheduled__2021-10-21T03:00:00+00:00 [queued]>
[2022-08-23 11:58:33,121] {taskinstance.py:1179} INFO - Dependencies all met for <TaskInstance: raizen_lab_01.sleep scheduled__2021-10-21T03:00:00+00:00 [queued]>
[2022-08-23 11:58:33,131] {taskinstance.py:1376} INFO - 
--------------------------------------------------------------------------------
[2022-08-23 11:58:33,147] {taskinstance.py:1377} INFO - Starting attempt 1 of 2
[2022-08-23 11:58:33,158] {taskinstance.py:1378} INFO - 
--------------------------------------------------------------------------------
[2022-08-23 11:58:33,227] {taskinstance.py:1397} INFO - Executing <Task(BashOperator): sleep> on 2021-10-21 03:00:00+00:00
[2022-08-23 11:58:33,243] {standard_task_runner.py:52} INFO - Started process 153 to run task
[2022-08-23 11:58:33,249] {standard_task_runner.py:79} INFO - Running: ['***', 'tasks', 'run', 'raizen_lab_01', 'sleep', 'scheduled__2021-10-21T03:00:00+00:00', '--job-id', '2421', '--raw', '--subdir', 'DAGS_FOLDER/raizen_lab_01.py', '--cfg-path', '/tmp/tmp61gjk_fn', '--error-file', '/tmp/tmpt_4n2a8o']
[2022-08-23 11:58:33,251] {standard_task_runner.py:80} INFO - Job 2421: Subtask sleep
[2022-08-23 11:58:33,514] {task_command.py:371} INFO - Running <TaskInstance: raizen_lab_01.sleep scheduled__2021-10-21T03:00:00+00:00 [running]> on host 9f4b06248101
[2022-08-23 11:58:33,746] {taskinstance.py:1591} INFO - Exporting the following env vars:
AIRFLOW_CTX_DAG_OWNER=admin
AIRFLOW_CTX_DAG_ID=raizen_lab_01
AIRFLOW_CTX_TASK_ID=sleep
AIRFLOW_CTX_EXECUTION_DATE=2021-10-21T03:00:00+00:00
AIRFLOW_CTX_TRY_NUMBER=1
AIRFLOW_CTX_DAG_RUN_ID=scheduled__2021-10-21T03:00:00+00:00
[2022-08-23 11:58:33,749] {subprocess.py:62} INFO - Tmp dir root location: 
 /tmp
[2022-08-23 11:58:33,750] {subprocess.py:74} INFO - Running command: ['bash', '-c', 'sleep 5']
[2022-08-23 11:58:33,772] {subprocess.py:85} INFO - Output:
[2022-08-23 11:58:38,778] {subprocess.py:96} INFO - Command exited with return code 0
[2022-08-23 11:58:38,823] {taskinstance.py:1420} INFO - Marking task as SUCCESS. dag_id=raizen_lab_01, task_id=sleep, execution_date=20211021T030000, start_date=20220823T115833, end_date=20220823T115838
[2022-08-23 11:58:38,891] {local_task_job.py:156} INFO - Task exited with return code 0
[2022-08-23 11:58:39,014] {local_task_job.py:273} INFO - 0 downstream tasks scheduled from follow-on schedule check
