[2022-08-23 12:07:12,003] {taskinstance.py:1179} INFO - Dependencies all met for <TaskInstance: raizen_lab_01.print_hello scheduled__2021-10-29T04:00:00+00:00 [queued]>
[2022-08-23 12:07:12,012] {taskinstance.py:1179} INFO - Dependencies all met for <TaskInstance: raizen_lab_01.print_hello scheduled__2021-10-29T04:00:00+00:00 [queued]>
[2022-08-23 12:07:12,012] {taskinstance.py:1376} INFO - 
--------------------------------------------------------------------------------
[2022-08-23 12:07:12,013] {taskinstance.py:1377} INFO - Starting attempt 1 of 2
[2022-08-23 12:07:12,030] {taskinstance.py:1378} INFO - 
--------------------------------------------------------------------------------
[2022-08-23 12:07:12,121] {taskinstance.py:1397} INFO - Executing <Task(BashOperator): print_hello> on 2021-10-29 04:00:00+00:00
[2022-08-23 12:07:12,126] {standard_task_runner.py:52} INFO - Started process 1083 to run task
[2022-08-23 12:07:12,129] {standard_task_runner.py:79} INFO - Running: ['***', 'tasks', 'run', 'raizen_lab_01', 'print_hello', 'scheduled__2021-10-29T04:00:00+00:00', '--job-id', '2977', '--raw', '--subdir', 'DAGS_FOLDER/raizen_lab_01.py', '--cfg-path', '/tmp/tmptkj54ikf', '--error-file', '/tmp/tmpdfng2rz9']
[2022-08-23 12:07:12,130] {standard_task_runner.py:80} INFO - Job 2977: Subtask print_hello
[2022-08-23 12:07:12,215] {task_command.py:371} INFO - Running <TaskInstance: raizen_lab_01.print_hello scheduled__2021-10-29T04:00:00+00:00 [running]> on host 67b6bdae536e
[2022-08-23 12:07:12,381] {taskinstance.py:1591} INFO - Exporting the following env vars:
AIRFLOW_CTX_DAG_OWNER=admin
AIRFLOW_CTX_DAG_ID=raizen_lab_01
AIRFLOW_CTX_TASK_ID=print_hello
AIRFLOW_CTX_EXECUTION_DATE=2021-10-29T04:00:00+00:00
AIRFLOW_CTX_TRY_NUMBER=1
AIRFLOW_CTX_DAG_RUN_ID=scheduled__2021-10-29T04:00:00+00:00
[2022-08-23 12:07:12,382] {subprocess.py:62} INFO - Tmp dir root location: 
 /tmp
[2022-08-23 12:07:12,383] {subprocess.py:74} INFO - Running command: ['bash', '-c', 'echo "hello"']
[2022-08-23 12:07:12,392] {subprocess.py:85} INFO - Output:
[2022-08-23 12:07:12,393] {subprocess.py:92} INFO - hello
[2022-08-23 12:07:12,394] {subprocess.py:96} INFO - Command exited with return code 0
[2022-08-23 12:07:12,509] {taskinstance.py:1420} INFO - Marking task as SUCCESS. dag_id=raizen_lab_01, task_id=print_hello, execution_date=20211029T040000, start_date=20220823T120712, end_date=20220823T120712
[2022-08-23 12:07:12,582] {local_task_job.py:156} INFO - Task exited with return code 0
[2022-08-23 12:07:12,636] {local_task_job.py:273} INFO - 1 downstream tasks scheduled from follow-on schedule check
