[2022-08-23 11:46:50,458] {taskinstance.py:1179} INFO - Dependencies all met for <TaskInstance: raizen_lab_01.print_hello scheduled__2021-10-18T07:00:00+00:00 [queued]>
[2022-08-23 11:46:50,481] {taskinstance.py:1179} INFO - Dependencies all met for <TaskInstance: raizen_lab_01.print_hello scheduled__2021-10-18T07:00:00+00:00 [queued]>
[2022-08-23 11:46:50,482] {taskinstance.py:1376} INFO - 
--------------------------------------------------------------------------------
[2022-08-23 11:46:50,483] {taskinstance.py:1377} INFO - Starting attempt 1 of 2
[2022-08-23 11:46:50,484] {taskinstance.py:1378} INFO - 
--------------------------------------------------------------------------------
[2022-08-23 11:46:50,525] {taskinstance.py:1397} INFO - Executing <Task(BashOperator): print_hello> on 2021-10-18 07:00:00+00:00
[2022-08-23 11:46:50,536] {standard_task_runner.py:52} INFO - Started process 534 to run task
[2022-08-23 11:46:50,545] {standard_task_runner.py:79} INFO - Running: ['***', 'tasks', 'run', 'raizen_lab_01', 'print_hello', 'scheduled__2021-10-18T07:00:00+00:00', '--job-id', '2187', '--raw', '--subdir', 'DAGS_FOLDER/raizen_lab_01.py', '--cfg-path', '/tmp/tmpoelrwo79', '--error-file', '/tmp/tmpribpw3gd']
[2022-08-23 11:46:50,546] {standard_task_runner.py:80} INFO - Job 2187: Subtask print_hello
[2022-08-23 11:46:50,782] {task_command.py:371} INFO - Running <TaskInstance: raizen_lab_01.print_hello scheduled__2021-10-18T07:00:00+00:00 [running]> on host fc645605a611
[2022-08-23 11:46:50,954] {taskinstance.py:1591} INFO - Exporting the following env vars:
AIRFLOW_CTX_DAG_OWNER=admin
AIRFLOW_CTX_DAG_ID=raizen_lab_01
AIRFLOW_CTX_TASK_ID=print_hello
AIRFLOW_CTX_EXECUTION_DATE=2021-10-18T07:00:00+00:00
AIRFLOW_CTX_TRY_NUMBER=1
AIRFLOW_CTX_DAG_RUN_ID=scheduled__2021-10-18T07:00:00+00:00
[2022-08-23 11:46:50,958] {subprocess.py:62} INFO - Tmp dir root location: 
 /tmp
[2022-08-23 11:46:50,960] {subprocess.py:74} INFO - Running command: ['bash', '-c', 'echo "hello"']
[2022-08-23 11:46:50,980] {subprocess.py:85} INFO - Output:
[2022-08-23 11:46:50,982] {subprocess.py:92} INFO - hello
[2022-08-23 11:46:50,983] {subprocess.py:96} INFO - Command exited with return code 0
[2022-08-23 11:46:51,043] {taskinstance.py:1420} INFO - Marking task as SUCCESS. dag_id=raizen_lab_01, task_id=print_hello, execution_date=20211018T070000, start_date=20220823T114650, end_date=20220823T114651
[2022-08-23 11:46:51,078] {local_task_job.py:156} INFO - Task exited with return code 0
[2022-08-23 11:46:51,340] {local_task_job.py:273} INFO - 0 downstream tasks scheduled from follow-on schedule check
