[2022-08-23 12:30:43,538] {taskinstance.py:1179} INFO - Dependencies all met for <TaskInstance: raizen_lab_01.sleep scheduled__2021-12-05T07:00:00+00:00 [queued]>
[2022-08-23 12:30:43,549] {taskinstance.py:1179} INFO - Dependencies all met for <TaskInstance: raizen_lab_01.sleep scheduled__2021-12-05T07:00:00+00:00 [queued]>
[2022-08-23 12:30:43,550] {taskinstance.py:1376} INFO - 
--------------------------------------------------------------------------------
[2022-08-23 12:30:43,550] {taskinstance.py:1377} INFO - Starting attempt 1 of 2
[2022-08-23 12:30:43,550] {taskinstance.py:1378} INFO - 
--------------------------------------------------------------------------------
[2022-08-23 12:30:43,569] {taskinstance.py:1397} INFO - Executing <Task(BashOperator): sleep> on 2021-12-05 07:00:00+00:00
[2022-08-23 12:30:43,577] {standard_task_runner.py:52} INFO - Started process 8367 to run task
[2022-08-23 12:30:43,581] {standard_task_runner.py:79} INFO - Running: ['***', 'tasks', 'run', 'raizen_lab_01', 'sleep', 'scheduled__2021-12-05T07:00:00+00:00', '--job-id', '5674', '--raw', '--subdir', 'DAGS_FOLDER/raizen_lab_01.py', '--cfg-path', '/tmp/tmp6wazi4xu', '--error-file', '/tmp/tmpwbvzes4f']
[2022-08-23 12:30:43,582] {standard_task_runner.py:80} INFO - Job 5674: Subtask sleep
[2022-08-23 12:30:43,653] {task_command.py:371} INFO - Running <TaskInstance: raizen_lab_01.sleep scheduled__2021-12-05T07:00:00+00:00 [running]> on host 6383a3236c72
[2022-08-23 12:30:43,734] {taskinstance.py:1591} INFO - Exporting the following env vars:
AIRFLOW_CTX_DAG_OWNER=admin
AIRFLOW_CTX_DAG_ID=raizen_lab_01
AIRFLOW_CTX_TASK_ID=sleep
AIRFLOW_CTX_EXECUTION_DATE=2021-12-05T07:00:00+00:00
AIRFLOW_CTX_TRY_NUMBER=1
AIRFLOW_CTX_DAG_RUN_ID=scheduled__2021-12-05T07:00:00+00:00
[2022-08-23 12:30:43,736] {subprocess.py:62} INFO - Tmp dir root location: 
 /tmp
[2022-08-23 12:30:43,736] {subprocess.py:74} INFO - Running command: ['bash', '-c', 'sleep 5']
[2022-08-23 12:30:43,748] {subprocess.py:85} INFO - Output:
[2022-08-23 12:30:48,752] {subprocess.py:96} INFO - Command exited with return code 0
[2022-08-23 12:30:48,845] {taskinstance.py:1420} INFO - Marking task as SUCCESS. dag_id=raizen_lab_01, task_id=sleep, execution_date=20211205T070000, start_date=20220823T123043, end_date=20220823T123048
[2022-08-23 12:30:48,886] {local_task_job.py:156} INFO - Task exited with return code 0
[2022-08-23 12:30:48,912] {local_task_job.py:273} INFO - 1 downstream tasks scheduled from follow-on schedule check
