[2022-08-23 11:46:17,414] {taskinstance.py:1179} INFO - Dependencies all met for <TaskInstance: raizen_lab_01.print_world scheduled__2021-10-16T15:00:00+00:00 [queued]>
[2022-08-23 11:46:17,436] {taskinstance.py:1179} INFO - Dependencies all met for <TaskInstance: raizen_lab_01.print_world scheduled__2021-10-16T15:00:00+00:00 [queued]>
[2022-08-23 11:46:17,438] {taskinstance.py:1376} INFO - 
--------------------------------------------------------------------------------
[2022-08-23 11:46:17,438] {taskinstance.py:1377} INFO - Starting attempt 1 of 2
[2022-08-23 11:46:17,439] {taskinstance.py:1378} INFO - 
--------------------------------------------------------------------------------
[2022-08-23 11:46:17,465] {taskinstance.py:1397} INFO - Executing <Task(PythonOperator): print_world> on 2021-10-16 15:00:00+00:00
[2022-08-23 11:46:17,474] {standard_task_runner.py:52} INFO - Started process 299 to run task
[2022-08-23 11:46:17,479] {standard_task_runner.py:79} INFO - Running: ['***', 'tasks', 'run', 'raizen_lab_01', 'print_world', 'scheduled__2021-10-16T15:00:00+00:00', '--job-id', '2107', '--raw', '--subdir', 'DAGS_FOLDER/raizen_lab_01.py', '--cfg-path', '/tmp/tmp5osnvmb8', '--error-file', '/tmp/tmppgl6k7uw']
[2022-08-23 11:46:17,480] {standard_task_runner.py:80} INFO - Job 2107: Subtask print_world
[2022-08-23 11:46:17,629] {task_command.py:371} INFO - Running <TaskInstance: raizen_lab_01.print_world scheduled__2021-10-16T15:00:00+00:00 [running]> on host fc645605a611
[2022-08-23 11:46:17,759] {taskinstance.py:1591} INFO - Exporting the following env vars:
AIRFLOW_CTX_DAG_OWNER=admin
AIRFLOW_CTX_DAG_ID=raizen_lab_01
AIRFLOW_CTX_TASK_ID=print_world
AIRFLOW_CTX_EXECUTION_DATE=2021-10-16T15:00:00+00:00
AIRFLOW_CTX_TRY_NUMBER=1
AIRFLOW_CTX_DAG_RUN_ID=scheduled__2021-10-16T15:00:00+00:00
[2022-08-23 11:46:17,761] {logging_mixin.py:115} INFO - world
[2022-08-23 11:46:17,761] {python.py:173} INFO - Done. Returned value was: None
[2022-08-23 11:46:17,792] {taskinstance.py:1420} INFO - Marking task as SUCCESS. dag_id=raizen_lab_01, task_id=print_world, execution_date=20211016T150000, start_date=20220823T114617, end_date=20220823T114617
[2022-08-23 11:46:17,850] {local_task_job.py:156} INFO - Task exited with return code 0
[2022-08-23 11:46:18,087] {local_task_job.py:273} INFO - 0 downstream tasks scheduled from follow-on schedule check
