[2022-08-23 13:15:13,097] {taskinstance.py:1179} INFO - Dependencies all met for <TaskInstance: raizen_lab_01.sleep scheduled__2021-12-31T05:00:00+00:00 [queued]>
[2022-08-23 13:15:13,112] {taskinstance.py:1179} INFO - Dependencies all met for <TaskInstance: raizen_lab_01.sleep scheduled__2021-12-31T05:00:00+00:00 [queued]>
[2022-08-23 13:15:13,112] {taskinstance.py:1376} INFO - 
--------------------------------------------------------------------------------
[2022-08-23 13:15:13,112] {taskinstance.py:1377} INFO - Starting attempt 1 of 2
[2022-08-23 13:15:13,114] {taskinstance.py:1378} INFO - 
--------------------------------------------------------------------------------
[2022-08-23 13:15:13,132] {taskinstance.py:1397} INFO - Executing <Task(BashOperator): sleep> on 2021-12-31 05:00:00+00:00
[2022-08-23 13:15:13,140] {standard_task_runner.py:52} INFO - Started process 904 to run task
[2022-08-23 13:15:13,146] {standard_task_runner.py:79} INFO - Running: ['***', 'tasks', 'run', 'raizen_lab_01', 'sleep', 'scheduled__2021-12-31T05:00:00+00:00', '--job-id', '7552', '--raw', '--subdir', 'DAGS_FOLDER/raizen_lab_01.py', '--cfg-path', '/tmp/tmplbl5cqbg', '--error-file', '/tmp/tmpqefrduk3']
[2022-08-23 13:15:13,148] {standard_task_runner.py:80} INFO - Job 7552: Subtask sleep
[2022-08-23 13:15:13,222] {task_command.py:371} INFO - Running <TaskInstance: raizen_lab_01.sleep scheduled__2021-12-31T05:00:00+00:00 [running]> on host 94e929fe2c87
[2022-08-23 13:15:13,299] {taskinstance.py:1591} INFO - Exporting the following env vars:
AIRFLOW_CTX_DAG_OWNER=admin
AIRFLOW_CTX_DAG_ID=raizen_lab_01
AIRFLOW_CTX_TASK_ID=sleep
AIRFLOW_CTX_EXECUTION_DATE=2021-12-31T05:00:00+00:00
AIRFLOW_CTX_TRY_NUMBER=1
AIRFLOW_CTX_DAG_RUN_ID=scheduled__2021-12-31T05:00:00+00:00
[2022-08-23 13:15:13,300] {subprocess.py:62} INFO - Tmp dir root location: 
 /tmp
[2022-08-23 13:15:13,301] {subprocess.py:74} INFO - Running command: ['bash', '-c', 'sleep 5']
[2022-08-23 13:15:13,314] {subprocess.py:85} INFO - Output:
[2022-08-23 13:15:18,317] {subprocess.py:96} INFO - Command exited with return code 0
[2022-08-23 13:15:18,343] {taskinstance.py:1420} INFO - Marking task as SUCCESS. dag_id=raizen_lab_01, task_id=sleep, execution_date=20211231T050000, start_date=20220823T131513, end_date=20220823T131518
[2022-08-23 13:15:18,394] {local_task_job.py:156} INFO - Task exited with return code 0
[2022-08-23 13:15:18,422] {local_task_job.py:273} INFO - 1 downstream tasks scheduled from follow-on schedule check
