[2022-08-23 20:03:40,276] {taskinstance.py:1179} INFO - Dependencies all met for <TaskInstance: raizen_lab_01.sleep scheduled__2022-01-28T06:00:00+00:00 [queued]>
[2022-08-23 20:03:40,291] {taskinstance.py:1179} INFO - Dependencies all met for <TaskInstance: raizen_lab_01.sleep scheduled__2022-01-28T06:00:00+00:00 [queued]>
[2022-08-23 20:03:40,292] {taskinstance.py:1376} INFO - 
--------------------------------------------------------------------------------
[2022-08-23 20:03:40,292] {taskinstance.py:1377} INFO - Starting attempt 1 of 2
[2022-08-23 20:03:40,294] {taskinstance.py:1378} INFO - 
--------------------------------------------------------------------------------
[2022-08-23 20:03:40,319] {taskinstance.py:1397} INFO - Executing <Task(BashOperator): sleep> on 2022-01-28 06:00:00+00:00
[2022-08-23 20:03:40,330] {standard_task_runner.py:52} INFO - Started process 210 to run task
[2022-08-23 20:03:40,336] {standard_task_runner.py:79} INFO - Running: ['***', 'tasks', 'run', 'raizen_lab_01', 'sleep', 'scheduled__2022-01-28T06:00:00+00:00', '--job-id', '9361', '--raw', '--subdir', 'DAGS_FOLDER/raizen_lab_01.py', '--cfg-path', '/tmp/tmp3gk5ifqx', '--error-file', '/tmp/tmp_614sch2']
[2022-08-23 20:03:40,340] {standard_task_runner.py:80} INFO - Job 9361: Subtask sleep
[2022-08-23 20:03:40,453] {task_command.py:371} INFO - Running <TaskInstance: raizen_lab_01.sleep scheduled__2022-01-28T06:00:00+00:00 [running]> on host 80fce776ee1f
[2022-08-23 20:03:40,563] {taskinstance.py:1591} INFO - Exporting the following env vars:
AIRFLOW_CTX_DAG_OWNER=admin
AIRFLOW_CTX_DAG_ID=raizen_lab_01
AIRFLOW_CTX_TASK_ID=sleep
AIRFLOW_CTX_EXECUTION_DATE=2022-01-28T06:00:00+00:00
AIRFLOW_CTX_TRY_NUMBER=1
AIRFLOW_CTX_DAG_RUN_ID=scheduled__2022-01-28T06:00:00+00:00
[2022-08-23 20:03:40,567] {subprocess.py:62} INFO - Tmp dir root location: 
 /tmp
[2022-08-23 20:03:40,569] {subprocess.py:74} INFO - Running command: ['bash', '-c', 'sleep 5']
[2022-08-23 20:03:40,587] {subprocess.py:85} INFO - Output:
[2022-08-23 20:03:45,591] {subprocess.py:96} INFO - Command exited with return code 0
[2022-08-23 20:03:45,646] {taskinstance.py:1420} INFO - Marking task as SUCCESS. dag_id=raizen_lab_01, task_id=sleep, execution_date=20220128T060000, start_date=20220823T200340, end_date=20220823T200345
[2022-08-23 20:03:45,716] {local_task_job.py:156} INFO - Task exited with return code 0
[2022-08-23 20:03:45,775] {local_task_job.py:273} INFO - 1 downstream tasks scheduled from follow-on schedule check
