[2022-08-23 11:28:12,658] {taskinstance.py:1179} INFO - Dependencies all met for <TaskInstance: raizen_lab_01.print_world scheduled__2021-09-19T13:00:00+00:00 [queued]>
[2022-08-23 11:28:12,674] {taskinstance.py:1179} INFO - Dependencies all met for <TaskInstance: raizen_lab_01.print_world scheduled__2021-09-19T13:00:00+00:00 [queued]>
[2022-08-23 11:28:12,675] {taskinstance.py:1376} INFO - 
--------------------------------------------------------------------------------
[2022-08-23 11:28:12,675] {taskinstance.py:1377} INFO - Starting attempt 1 of 2
[2022-08-23 11:28:12,679] {taskinstance.py:1378} INFO - 
--------------------------------------------------------------------------------
[2022-08-23 11:28:12,698] {taskinstance.py:1397} INFO - Executing <Task(PythonOperator): print_world> on 2021-09-19 13:00:00+00:00
[2022-08-23 11:28:12,704] {standard_task_runner.py:52} INFO - Started process 329 to run task
[2022-08-23 11:28:12,708] {standard_task_runner.py:79} INFO - Running: ['***', 'tasks', 'run', 'raizen_lab_01', 'print_world', 'scheduled__2021-09-19T13:00:00+00:00', '--job-id', '146', '--raw', '--subdir', 'DAGS_FOLDER/raizen_lab_01.py', '--cfg-path', '/tmp/tmpq16wk0d2', '--error-file', '/tmp/tmpuwk9hasi']
[2022-08-23 11:28:12,709] {standard_task_runner.py:80} INFO - Job 146: Subtask print_world
[2022-08-23 11:28:12,814] {task_command.py:371} INFO - Running <TaskInstance: raizen_lab_01.print_world scheduled__2021-09-19T13:00:00+00:00 [running]> on host 7f48b7aaf0fc
[2022-08-23 11:28:12,933] {taskinstance.py:1591} INFO - Exporting the following env vars:
AIRFLOW_CTX_DAG_OWNER=admin
AIRFLOW_CTX_DAG_ID=raizen_lab_01
AIRFLOW_CTX_TASK_ID=print_world
AIRFLOW_CTX_EXECUTION_DATE=2021-09-19T13:00:00+00:00
AIRFLOW_CTX_TRY_NUMBER=1
AIRFLOW_CTX_DAG_RUN_ID=scheduled__2021-09-19T13:00:00+00:00
[2022-08-23 11:28:12,935] {logging_mixin.py:115} INFO - world
[2022-08-23 11:28:12,935] {python.py:173} INFO - Done. Returned value was: None
[2022-08-23 11:28:12,955] {taskinstance.py:1420} INFO - Marking task as SUCCESS. dag_id=raizen_lab_01, task_id=print_world, execution_date=20210919T130000, start_date=20220823T112812, end_date=20220823T112812
[2022-08-23 11:28:13,001] {local_task_job.py:156} INFO - Task exited with return code 0
[2022-08-23 11:28:13,200] {local_task_job.py:273} INFO - 0 downstream tasks scheduled from follow-on schedule check
