[2022-08-23 13:15:12,136] {taskinstance.py:1179} INFO - Dependencies all met for <TaskInstance: raizen_lab_01.step_01 scheduled__2021-12-31T05:00:00+00:00 [queued]>
[2022-08-23 13:15:12,144] {taskinstance.py:1179} INFO - Dependencies all met for <TaskInstance: raizen_lab_01.step_01 scheduled__2021-12-31T05:00:00+00:00 [queued]>
[2022-08-23 13:15:12,145] {taskinstance.py:1376} INFO - 
--------------------------------------------------------------------------------
[2022-08-23 13:15:12,145] {taskinstance.py:1377} INFO - Starting attempt 1 of 2
[2022-08-23 13:15:12,145] {taskinstance.py:1378} INFO - 
--------------------------------------------------------------------------------
[2022-08-23 13:15:12,158] {taskinstance.py:1397} INFO - Executing <Task(BashOperator): step_01> on 2021-12-31 05:00:00+00:00
[2022-08-23 13:15:12,166] {standard_task_runner.py:52} INFO - Started process 876 to run task
[2022-08-23 13:15:12,169] {standard_task_runner.py:79} INFO - Running: ['***', 'tasks', 'run', 'raizen_lab_01', 'step_01', 'scheduled__2021-12-31T05:00:00+00:00', '--job-id', '7546', '--raw', '--subdir', 'DAGS_FOLDER/raizen_lab_01.py', '--cfg-path', '/tmp/tmpas9pztyb', '--error-file', '/tmp/tmp5mlfcob7']
[2022-08-23 13:15:12,170] {standard_task_runner.py:80} INFO - Job 7546: Subtask step_01
[2022-08-23 13:15:12,234] {task_command.py:371} INFO - Running <TaskInstance: raizen_lab_01.step_01 scheduled__2021-12-31T05:00:00+00:00 [running]> on host 94e929fe2c87
[2022-08-23 13:15:12,298] {taskinstance.py:1591} INFO - Exporting the following env vars:
AIRFLOW_CTX_DAG_OWNER=admin
AIRFLOW_CTX_DAG_ID=raizen_lab_01
AIRFLOW_CTX_TASK_ID=step_01
AIRFLOW_CTX_EXECUTION_DATE=2021-12-31T05:00:00+00:00
AIRFLOW_CTX_TRY_NUMBER=1
AIRFLOW_CTX_DAG_RUN_ID=scheduled__2021-12-31T05:00:00+00:00
[2022-08-23 13:15:12,300] {subprocess.py:62} INFO - Tmp dir root location: 
 /tmp
[2022-08-23 13:15:12,301] {subprocess.py:74} INFO - Running command: ['bash', '-c', 'echo "hello"']
[2022-08-23 13:15:12,312] {subprocess.py:85} INFO - Output:
[2022-08-23 13:15:12,313] {subprocess.py:92} INFO - hello
[2022-08-23 13:15:12,314] {subprocess.py:96} INFO - Command exited with return code 0
[2022-08-23 13:15:12,343] {taskinstance.py:1420} INFO - Marking task as SUCCESS. dag_id=raizen_lab_01, task_id=step_01, execution_date=20211231T050000, start_date=20220823T131512, end_date=20220823T131512
[2022-08-23 13:15:12,380] {local_task_job.py:156} INFO - Task exited with return code 0
[2022-08-23 13:15:12,477] {local_task_job.py:273} INFO - 0 downstream tasks scheduled from follow-on schedule check
