[2022-08-23 12:21:41,882] {taskinstance.py:1179} INFO - Dependencies all met for <TaskInstance: raizen_lab_01.sleep scheduled__2021-11-11T20:00:00+00:00 [queued]>
[2022-08-23 12:21:41,900] {taskinstance.py:1179} INFO - Dependencies all met for <TaskInstance: raizen_lab_01.sleep scheduled__2021-11-11T20:00:00+00:00 [queued]>
[2022-08-23 12:21:41,901] {taskinstance.py:1376} INFO - 
--------------------------------------------------------------------------------
[2022-08-23 12:21:41,901] {taskinstance.py:1377} INFO - Starting attempt 1 of 2
[2022-08-23 12:21:41,922] {taskinstance.py:1378} INFO - 
--------------------------------------------------------------------------------
[2022-08-23 12:21:41,979] {taskinstance.py:1397} INFO - Executing <Task(BashOperator): sleep> on 2021-11-11 20:00:00+00:00
[2022-08-23 12:21:41,987] {standard_task_runner.py:52} INFO - Started process 1762 to run task
[2022-08-23 12:21:41,990] {standard_task_runner.py:79} INFO - Running: ['***', 'tasks', 'run', 'raizen_lab_01', 'sleep', 'scheduled__2021-11-11T20:00:00+00:00', '--job-id', '3989', '--raw', '--subdir', 'DAGS_FOLDER/raizen_lab_01.py', '--cfg-path', '/tmp/tmpcfx90ph4', '--error-file', '/tmp/tmpp2wr_wzk']
[2022-08-23 12:21:41,992] {standard_task_runner.py:80} INFO - Job 3989: Subtask sleep
[2022-08-23 12:21:42,149] {task_command.py:371} INFO - Running <TaskInstance: raizen_lab_01.sleep scheduled__2021-11-11T20:00:00+00:00 [running]> on host 6383a3236c72
[2022-08-23 12:21:42,394] {taskinstance.py:1591} INFO - Exporting the following env vars:
AIRFLOW_CTX_DAG_OWNER=admin
AIRFLOW_CTX_DAG_ID=raizen_lab_01
AIRFLOW_CTX_TASK_ID=sleep
AIRFLOW_CTX_EXECUTION_DATE=2021-11-11T20:00:00+00:00
AIRFLOW_CTX_TRY_NUMBER=1
AIRFLOW_CTX_DAG_RUN_ID=scheduled__2021-11-11T20:00:00+00:00
[2022-08-23 12:21:42,396] {subprocess.py:62} INFO - Tmp dir root location: 
 /tmp
[2022-08-23 12:21:42,397] {subprocess.py:74} INFO - Running command: ['bash', '-c', 'sleep 5']
[2022-08-23 12:21:42,414] {subprocess.py:85} INFO - Output:
[2022-08-23 12:21:47,417] {subprocess.py:96} INFO - Command exited with return code 0
[2022-08-23 12:21:47,443] {taskinstance.py:1420} INFO - Marking task as SUCCESS. dag_id=raizen_lab_01, task_id=sleep, execution_date=20211111T200000, start_date=20220823T122141, end_date=20220823T122147
[2022-08-23 12:21:47,460] {local_task_job.py:156} INFO - Task exited with return code 0
[2022-08-23 12:21:47,486] {local_task_job.py:273} INFO - 1 downstream tasks scheduled from follow-on schedule check
