[2022-08-23 11:29:45,895] {taskinstance.py:1179} INFO - Dependencies all met for <TaskInstance: raizen_lab_01.print_world scheduled__2021-09-23T05:00:00+00:00 [queued]>
[2022-08-23 11:29:45,914] {taskinstance.py:1179} INFO - Dependencies all met for <TaskInstance: raizen_lab_01.print_world scheduled__2021-09-23T05:00:00+00:00 [queued]>
[2022-08-23 11:29:45,914] {taskinstance.py:1376} INFO - 
--------------------------------------------------------------------------------
[2022-08-23 11:29:45,915] {taskinstance.py:1377} INFO - Starting attempt 1 of 2
[2022-08-23 11:29:45,920] {taskinstance.py:1378} INFO - 
--------------------------------------------------------------------------------
[2022-08-23 11:29:45,946] {taskinstance.py:1397} INFO - Executing <Task(PythonOperator): print_world> on 2021-09-23 05:00:00+00:00
[2022-08-23 11:29:45,953] {standard_task_runner.py:52} INFO - Started process 1047 to run task
[2022-08-23 11:29:45,957] {standard_task_runner.py:79} INFO - Running: ['***', 'tasks', 'run', 'raizen_lab_01', 'print_world', 'scheduled__2021-09-23T05:00:00+00:00', '--job-id', '393', '--raw', '--subdir', 'DAGS_FOLDER/raizen_lab_01.py', '--cfg-path', '/tmp/tmpak7apvzr', '--error-file', '/tmp/tmp84ack5te']
[2022-08-23 11:29:45,958] {standard_task_runner.py:80} INFO - Job 393: Subtask print_world
[2022-08-23 11:29:46,041] {task_command.py:371} INFO - Running <TaskInstance: raizen_lab_01.print_world scheduled__2021-09-23T05:00:00+00:00 [running]> on host 7f48b7aaf0fc
[2022-08-23 11:29:46,185] {taskinstance.py:1591} INFO - Exporting the following env vars:
AIRFLOW_CTX_DAG_OWNER=admin
AIRFLOW_CTX_DAG_ID=raizen_lab_01
AIRFLOW_CTX_TASK_ID=print_world
AIRFLOW_CTX_EXECUTION_DATE=2021-09-23T05:00:00+00:00
AIRFLOW_CTX_TRY_NUMBER=1
AIRFLOW_CTX_DAG_RUN_ID=scheduled__2021-09-23T05:00:00+00:00
[2022-08-23 11:29:46,187] {logging_mixin.py:115} INFO - world
[2022-08-23 11:29:46,187] {python.py:173} INFO - Done. Returned value was: None
[2022-08-23 11:29:46,206] {taskinstance.py:1420} INFO - Marking task as SUCCESS. dag_id=raizen_lab_01, task_id=print_world, execution_date=20210923T050000, start_date=20220823T112945, end_date=20220823T112946
[2022-08-23 11:29:46,249] {local_task_job.py:156} INFO - Task exited with return code 0
[2022-08-23 11:29:46,292] {local_task_job.py:273} INFO - 0 downstream tasks scheduled from follow-on schedule check
