[2022-08-23 11:28:57,643] {taskinstance.py:1179} INFO - Dependencies all met for <TaskInstance: raizen_lab_01.print_world scheduled__2021-09-21T05:00:00+00:00 [queued]>
[2022-08-23 11:28:57,658] {taskinstance.py:1179} INFO - Dependencies all met for <TaskInstance: raizen_lab_01.print_world scheduled__2021-09-21T05:00:00+00:00 [queued]>
[2022-08-23 11:28:57,659] {taskinstance.py:1376} INFO - 
--------------------------------------------------------------------------------
[2022-08-23 11:28:57,659] {taskinstance.py:1377} INFO - Starting attempt 1 of 2
[2022-08-23 11:28:57,667] {taskinstance.py:1378} INFO - 
--------------------------------------------------------------------------------
[2022-08-23 11:28:57,695] {taskinstance.py:1397} INFO - Executing <Task(PythonOperator): print_world> on 2021-09-21 05:00:00+00:00
[2022-08-23 11:28:57,703] {standard_task_runner.py:52} INFO - Started process 636 to run task
[2022-08-23 11:28:57,708] {standard_task_runner.py:79} INFO - Running: ['***', 'tasks', 'run', 'raizen_lab_01', 'print_world', 'scheduled__2021-09-21T05:00:00+00:00', '--job-id', '249', '--raw', '--subdir', 'DAGS_FOLDER/raizen_lab_01.py', '--cfg-path', '/tmp/tmpt2j9y9t4', '--error-file', '/tmp/tmpziu29lrg']
[2022-08-23 11:28:57,709] {standard_task_runner.py:80} INFO - Job 249: Subtask print_world
[2022-08-23 11:28:57,821] {task_command.py:371} INFO - Running <TaskInstance: raizen_lab_01.print_world scheduled__2021-09-21T05:00:00+00:00 [running]> on host 7f48b7aaf0fc
[2022-08-23 11:28:57,959] {taskinstance.py:1591} INFO - Exporting the following env vars:
AIRFLOW_CTX_DAG_OWNER=admin
AIRFLOW_CTX_DAG_ID=raizen_lab_01
AIRFLOW_CTX_TASK_ID=print_world
AIRFLOW_CTX_EXECUTION_DATE=2021-09-21T05:00:00+00:00
AIRFLOW_CTX_TRY_NUMBER=1
AIRFLOW_CTX_DAG_RUN_ID=scheduled__2021-09-21T05:00:00+00:00
[2022-08-23 11:28:57,961] {logging_mixin.py:115} INFO - world
[2022-08-23 11:28:57,962] {python.py:173} INFO - Done. Returned value was: None
[2022-08-23 11:28:58,047] {taskinstance.py:1420} INFO - Marking task as SUCCESS. dag_id=raizen_lab_01, task_id=print_world, execution_date=20210921T050000, start_date=20220823T112857, end_date=20220823T112858
[2022-08-23 11:28:58,120] {local_task_job.py:156} INFO - Task exited with return code 0
[2022-08-23 11:28:58,186] {local_task_job.py:273} INFO - 0 downstream tasks scheduled from follow-on schedule check
