[2022-08-23 16:13:18,674] {taskinstance.py:1179} INFO - Dependencies all met for <TaskInstance: raizen_lab_01.sleep scheduled__2022-01-03T22:00:00+00:00 [queued]>
[2022-08-23 16:13:18,713] {taskinstance.py:1179} INFO - Dependencies all met for <TaskInstance: raizen_lab_01.sleep scheduled__2022-01-03T22:00:00+00:00 [queued]>
[2022-08-23 16:13:18,714] {taskinstance.py:1376} INFO - 
--------------------------------------------------------------------------------
[2022-08-23 16:13:18,718] {taskinstance.py:1377} INFO - Starting attempt 1 of 2
[2022-08-23 16:13:18,730] {taskinstance.py:1378} INFO - 
--------------------------------------------------------------------------------
[2022-08-23 16:13:18,854] {taskinstance.py:1397} INFO - Executing <Task(BashOperator): sleep> on 2022-01-03 22:00:00+00:00
[2022-08-23 16:13:18,911] {standard_task_runner.py:52} INFO - Started process 111 to run task
[2022-08-23 16:13:18,946] {standard_task_runner.py:79} INFO - Running: ['***', 'tasks', 'run', 'raizen_lab_01', 'sleep', 'scheduled__2022-01-03T22:00:00+00:00', '--job-id', '7979', '--raw', '--subdir', 'DAGS_FOLDER/raizen_lab_01.py', '--cfg-path', '/tmp/tmp9av2ktk0', '--error-file', '/tmp/tmpn5_r542a']
[2022-08-23 16:13:18,982] {standard_task_runner.py:80} INFO - Job 7979: Subtask sleep
[2022-08-23 16:13:21,789] {task_command.py:371} INFO - Running <TaskInstance: raizen_lab_01.sleep scheduled__2022-01-03T22:00:00+00:00 [running]> on host 8790b68fb5bc
[2022-08-23 16:13:22,345] {taskinstance.py:1591} INFO - Exporting the following env vars:
AIRFLOW_CTX_DAG_OWNER=admin
AIRFLOW_CTX_DAG_ID=raizen_lab_01
AIRFLOW_CTX_TASK_ID=sleep
AIRFLOW_CTX_EXECUTION_DATE=2022-01-03T22:00:00+00:00
AIRFLOW_CTX_TRY_NUMBER=1
AIRFLOW_CTX_DAG_RUN_ID=scheduled__2022-01-03T22:00:00+00:00
[2022-08-23 16:13:22,352] {subprocess.py:62} INFO - Tmp dir root location: 
 /tmp
[2022-08-23 16:13:22,362] {subprocess.py:74} INFO - Running command: ['bash', '-c', 'sleep 5']
[2022-08-23 16:13:22,390] {subprocess.py:85} INFO - Output:
[2022-08-23 16:13:27,397] {subprocess.py:96} INFO - Command exited with return code 0
[2022-08-23 16:13:27,473] {taskinstance.py:1420} INFO - Marking task as SUCCESS. dag_id=raizen_lab_01, task_id=sleep, execution_date=20220103T220000, start_date=20220823T161318, end_date=20220823T161327
[2022-08-23 16:13:27,520] {local_task_job.py:156} INFO - Task exited with return code 0
[2022-08-23 16:13:27,582] {local_task_job.py:273} INFO - 1 downstream tasks scheduled from follow-on schedule check
