[2022-08-23 12:19:36,506] {taskinstance.py:1179} INFO - Dependencies all met for <TaskInstance: raizen_lab_01.sleep scheduled__2021-11-07T01:00:00+00:00 [queued]>
[2022-08-23 12:19:36,519] {taskinstance.py:1179} INFO - Dependencies all met for <TaskInstance: raizen_lab_01.sleep scheduled__2021-11-07T01:00:00+00:00 [queued]>
[2022-08-23 12:19:36,519] {taskinstance.py:1376} INFO - 
--------------------------------------------------------------------------------
[2022-08-23 12:19:36,519] {taskinstance.py:1377} INFO - Starting attempt 1 of 2
[2022-08-23 12:19:36,520] {taskinstance.py:1378} INFO - 
--------------------------------------------------------------------------------
[2022-08-23 12:19:36,533] {taskinstance.py:1397} INFO - Executing <Task(BashOperator): sleep> on 2021-11-07 01:00:00+00:00
[2022-08-23 12:19:36,541] {standard_task_runner.py:52} INFO - Started process 335 to run task
[2022-08-23 12:19:36,544] {standard_task_runner.py:79} INFO - Running: ['***', 'tasks', 'run', 'raizen_lab_01', 'sleep', 'scheduled__2021-11-07T01:00:00+00:00', '--job-id', '3625', '--raw', '--subdir', 'DAGS_FOLDER/raizen_lab_01.py', '--cfg-path', '/tmp/tmpvf6mfe_7', '--error-file', '/tmp/tmp6vkg910o']
[2022-08-23 12:19:36,545] {standard_task_runner.py:80} INFO - Job 3625: Subtask sleep
[2022-08-23 12:19:36,737] {task_command.py:371} INFO - Running <TaskInstance: raizen_lab_01.sleep scheduled__2021-11-07T01:00:00+00:00 [running]> on host 6383a3236c72
[2022-08-23 12:19:36,816] {taskinstance.py:1591} INFO - Exporting the following env vars:
AIRFLOW_CTX_DAG_OWNER=admin
AIRFLOW_CTX_DAG_ID=raizen_lab_01
AIRFLOW_CTX_TASK_ID=sleep
AIRFLOW_CTX_EXECUTION_DATE=2021-11-07T01:00:00+00:00
AIRFLOW_CTX_TRY_NUMBER=1
AIRFLOW_CTX_DAG_RUN_ID=scheduled__2021-11-07T01:00:00+00:00
[2022-08-23 12:19:36,817] {subprocess.py:62} INFO - Tmp dir root location: 
 /tmp
[2022-08-23 12:19:36,818] {subprocess.py:74} INFO - Running command: ['bash', '-c', 'sleep 5']
[2022-08-23 12:19:36,830] {subprocess.py:85} INFO - Output:
[2022-08-23 12:19:42,060] {subprocess.py:96} INFO - Command exited with return code 0
[2022-08-23 12:19:42,167] {taskinstance.py:1420} INFO - Marking task as SUCCESS. dag_id=raizen_lab_01, task_id=sleep, execution_date=20211107T010000, start_date=20220823T121936, end_date=20220823T121942
[2022-08-23 12:19:42,232] {local_task_job.py:156} INFO - Task exited with return code 0
[2022-08-23 12:19:42,459] {local_task_job.py:273} INFO - 0 downstream tasks scheduled from follow-on schedule check
