[2022-08-23 12:35:24,208] {taskinstance.py:1179} INFO - Dependencies all met for <TaskInstance: raizen_lab_01.sleep scheduled__2021-12-18T06:00:00+00:00 [queued]>
[2022-08-23 12:35:24,216] {taskinstance.py:1179} INFO - Dependencies all met for <TaskInstance: raizen_lab_01.sleep scheduled__2021-12-18T06:00:00+00:00 [queued]>
[2022-08-23 12:35:24,217] {taskinstance.py:1376} INFO - 
--------------------------------------------------------------------------------
[2022-08-23 12:35:24,217] {taskinstance.py:1377} INFO - Starting attempt 1 of 2
[2022-08-23 12:35:24,218] {taskinstance.py:1378} INFO - 
--------------------------------------------------------------------------------
[2022-08-23 12:35:24,230] {taskinstance.py:1397} INFO - Executing <Task(BashOperator): sleep> on 2021-12-18 06:00:00+00:00
[2022-08-23 12:35:24,236] {standard_task_runner.py:52} INFO - Started process 11971 to run task
[2022-08-23 12:35:24,239] {standard_task_runner.py:79} INFO - Running: ['***', 'tasks', 'run', 'raizen_lab_01', 'sleep', 'scheduled__2021-12-18T06:00:00+00:00', '--job-id', '6598', '--raw', '--subdir', 'DAGS_FOLDER/raizen_lab_01.py', '--cfg-path', '/tmp/tmp9o0503cd', '--error-file', '/tmp/tmpipr0t0xp']
[2022-08-23 12:35:24,240] {standard_task_runner.py:80} INFO - Job 6598: Subtask sleep
[2022-08-23 12:35:24,299] {task_command.py:371} INFO - Running <TaskInstance: raizen_lab_01.sleep scheduled__2021-12-18T06:00:00+00:00 [running]> on host 6383a3236c72
[2022-08-23 12:35:24,364] {taskinstance.py:1591} INFO - Exporting the following env vars:
AIRFLOW_CTX_DAG_OWNER=admin
AIRFLOW_CTX_DAG_ID=raizen_lab_01
AIRFLOW_CTX_TASK_ID=sleep
AIRFLOW_CTX_EXECUTION_DATE=2021-12-18T06:00:00+00:00
AIRFLOW_CTX_TRY_NUMBER=1
AIRFLOW_CTX_DAG_RUN_ID=scheduled__2021-12-18T06:00:00+00:00
[2022-08-23 12:35:24,365] {subprocess.py:62} INFO - Tmp dir root location: 
 /tmp
[2022-08-23 12:35:24,366] {subprocess.py:74} INFO - Running command: ['bash', '-c', 'sleep 5']
[2022-08-23 12:35:24,376] {subprocess.py:85} INFO - Output:
[2022-08-23 12:35:29,379] {subprocess.py:96} INFO - Command exited with return code 0
[2022-08-23 12:35:29,418] {taskinstance.py:1420} INFO - Marking task as SUCCESS. dag_id=raizen_lab_01, task_id=sleep, execution_date=20211218T060000, start_date=20220823T123524, end_date=20220823T123529
[2022-08-23 12:35:29,483] {local_task_job.py:156} INFO - Task exited with return code 0
[2022-08-23 12:35:29,575] {local_task_job.py:273} INFO - 0 downstream tasks scheduled from follow-on schedule check
