[2022-08-23 22:47:30,541] {taskinstance.py:1179} INFO - Dependencies all met for <TaskInstance: raizen_lab_01.04_cria_tabela manual__2022-08-23T22:46:27.891780+00:00 [queued]>
[2022-08-23 22:47:30,553] {taskinstance.py:1179} INFO - Dependencies all met for <TaskInstance: raizen_lab_01.04_cria_tabela manual__2022-08-23T22:46:27.891780+00:00 [queued]>
[2022-08-23 22:47:30,554] {taskinstance.py:1376} INFO - 
--------------------------------------------------------------------------------
[2022-08-23 22:47:30,555] {taskinstance.py:1377} INFO - Starting attempt 2 of 2
[2022-08-23 22:47:30,555] {taskinstance.py:1378} INFO - 
--------------------------------------------------------------------------------
[2022-08-23 22:47:30,571] {taskinstance.py:1397} INFO - Executing <Task(PythonOperator): 04_cria_tabela> on 2022-08-23 22:46:27.891780+00:00
[2022-08-23 22:47:30,577] {standard_task_runner.py:52} INFO - Started process 126 to run task
[2022-08-23 22:47:30,580] {standard_task_runner.py:79} INFO - Running: ['***', 'tasks', 'run', 'raizen_lab_01', '04_cria_tabela', 'manual__2022-08-23T22:46:27.891780+00:00', '--job-id', '9452', '--raw', '--subdir', 'DAGS_FOLDER/raizen_lab_01.py', '--cfg-path', '/tmp/tmpka4vbfmn', '--error-file', '/tmp/tmpup6z5_bm']
[2022-08-23 22:47:30,582] {standard_task_runner.py:80} INFO - Job 9452: Subtask 04_cria_tabela
[2022-08-23 22:47:30,652] {task_command.py:371} INFO - Running <TaskInstance: raizen_lab_01.04_cria_tabela manual__2022-08-23T22:46:27.891780+00:00 [running]> on host 80fce776ee1f
[2022-08-23 22:47:30,717] {taskinstance.py:1591} INFO - Exporting the following env vars:
AIRFLOW_CTX_DAG_OWNER=admin
AIRFLOW_CTX_DAG_ID=raizen_lab_01
AIRFLOW_CTX_TASK_ID=04_cria_tabela
AIRFLOW_CTX_EXECUTION_DATE=2022-08-23T22:46:27.891780+00:00
AIRFLOW_CTX_TRY_NUMBER=2
AIRFLOW_CTX_DAG_RUN_ID=manual__2022-08-23T22:46:27.891780+00:00
[2022-08-23 22:47:30,734] {taskinstance.py:1909} ERROR - Task failed with exception
Traceback (most recent call last):
  File "/home/airflow/.local/lib/python3.7/site-packages/airflow/operators/python.py", line 171, in execute
    return_value = self.execute_callable()
  File "/home/airflow/.local/lib/python3.7/site-packages/airflow/operators/python.py", line 189, in execute_callable
    return self.python_callable(*self.op_args, **self.op_kwargs)
  File "/opt/airflow/dags/raizen_lab_01.py", line 35, in cria_tabela
    con.select_db('select * from db.tabela_de_deus')
MySQLdb.OperationalError: (1049, "Unknown database 'select * from db.tabela_de_deus'")
[2022-08-23 22:47:30,747] {taskinstance.py:1420} INFO - Marking task as FAILED. dag_id=raizen_lab_01, task_id=04_cria_tabela, execution_date=20220823T224627, start_date=20220823T224730, end_date=20220823T224730
[2022-08-23 22:47:30,758] {standard_task_runner.py:97} ERROR - Failed to execute job 9452 for task 04_cria_tabela ((1049, "Unknown database 'select * from db.tabela_de_deus'"); 126)
[2022-08-23 22:47:30,793] {local_task_job.py:156} INFO - Task exited with return code 1
[2022-08-23 22:47:30,834] {local_task_job.py:273} INFO - 0 downstream tasks scheduled from follow-on schedule check
