[2022-08-23 12:37:45,701] {taskinstance.py:1179} INFO - Dependencies all met for <TaskInstance: raizen_lab_01.sleep scheduled__2021-12-24T00:00:00+00:00 [queued]>
[2022-08-23 12:37:45,713] {taskinstance.py:1179} INFO - Dependencies all met for <TaskInstance: raizen_lab_01.sleep scheduled__2021-12-24T00:00:00+00:00 [queued]>
[2022-08-23 12:37:45,713] {taskinstance.py:1376} INFO - 
--------------------------------------------------------------------------------
[2022-08-23 12:37:45,714] {taskinstance.py:1377} INFO - Starting attempt 1 of 2
[2022-08-23 12:37:45,727] {taskinstance.py:1378} INFO - 
--------------------------------------------------------------------------------
[2022-08-23 12:37:45,796] {taskinstance.py:1397} INFO - Executing <Task(BashOperator): sleep> on 2021-12-24 00:00:00+00:00
[2022-08-23 12:37:45,855] {standard_task_runner.py:52} INFO - Started process 13643 to run task
[2022-08-23 12:37:45,859] {standard_task_runner.py:79} INFO - Running: ['***', 'tasks', 'run', 'raizen_lab_01', 'sleep', 'scheduled__2021-12-24T00:00:00+00:00', '--job-id', '7025', '--raw', '--subdir', 'DAGS_FOLDER/raizen_lab_01.py', '--cfg-path', '/tmp/tmp_snv7gqc', '--error-file', '/tmp/tmptmow7vql']
[2022-08-23 12:37:45,861] {standard_task_runner.py:80} INFO - Job 7025: Subtask sleep
[2022-08-23 12:37:45,979] {task_command.py:371} INFO - Running <TaskInstance: raizen_lab_01.sleep scheduled__2021-12-24T00:00:00+00:00 [running]> on host 6383a3236c72
[2022-08-23 12:37:46,121] {taskinstance.py:1591} INFO - Exporting the following env vars:
AIRFLOW_CTX_DAG_OWNER=admin
AIRFLOW_CTX_DAG_ID=raizen_lab_01
AIRFLOW_CTX_TASK_ID=sleep
AIRFLOW_CTX_EXECUTION_DATE=2021-12-24T00:00:00+00:00
AIRFLOW_CTX_TRY_NUMBER=1
AIRFLOW_CTX_DAG_RUN_ID=scheduled__2021-12-24T00:00:00+00:00
[2022-08-23 12:37:46,123] {subprocess.py:62} INFO - Tmp dir root location: 
 /tmp
[2022-08-23 12:37:46,124] {subprocess.py:74} INFO - Running command: ['bash', '-c', 'sleep 5']
[2022-08-23 12:37:46,137] {subprocess.py:85} INFO - Output:
[2022-08-23 12:37:51,141] {subprocess.py:96} INFO - Command exited with return code 0
[2022-08-23 12:37:51,169] {taskinstance.py:1420} INFO - Marking task as SUCCESS. dag_id=raizen_lab_01, task_id=sleep, execution_date=20211224T000000, start_date=20220823T123745, end_date=20220823T123751
[2022-08-23 12:37:51,208] {local_task_job.py:156} INFO - Task exited with return code 0
[2022-08-23 12:37:51,236] {local_task_job.py:273} INFO - 1 downstream tasks scheduled from follow-on schedule check
