[2022-08-23 12:22:30,564] {taskinstance.py:1179} INFO - Dependencies all met for <TaskInstance: raizen_lab_01.sleep scheduled__2021-11-14T02:00:00+00:00 [queued]>
[2022-08-23 12:22:30,572] {taskinstance.py:1179} INFO - Dependencies all met for <TaskInstance: raizen_lab_01.sleep scheduled__2021-11-14T02:00:00+00:00 [queued]>
[2022-08-23 12:22:30,572] {taskinstance.py:1376} INFO - 
--------------------------------------------------------------------------------
[2022-08-23 12:22:30,573] {taskinstance.py:1377} INFO - Starting attempt 1 of 2
[2022-08-23 12:22:30,573] {taskinstance.py:1378} INFO - 
--------------------------------------------------------------------------------
[2022-08-23 12:22:30,589] {taskinstance.py:1397} INFO - Executing <Task(BashOperator): sleep> on 2021-11-14 02:00:00+00:00
[2022-08-23 12:22:30,596] {standard_task_runner.py:52} INFO - Started process 2369 to run task
[2022-08-23 12:22:30,599] {standard_task_runner.py:79} INFO - Running: ['***', 'tasks', 'run', 'raizen_lab_01', 'sleep', 'scheduled__2021-11-14T02:00:00+00:00', '--job-id', '4141', '--raw', '--subdir', 'DAGS_FOLDER/raizen_lab_01.py', '--cfg-path', '/tmp/tmpk2tvd6f1', '--error-file', '/tmp/tmpn0w48nbg']
[2022-08-23 12:22:30,601] {standard_task_runner.py:80} INFO - Job 4141: Subtask sleep
[2022-08-23 12:22:30,677] {task_command.py:371} INFO - Running <TaskInstance: raizen_lab_01.sleep scheduled__2021-11-14T02:00:00+00:00 [running]> on host 6383a3236c72
[2022-08-23 12:22:30,780] {taskinstance.py:1591} INFO - Exporting the following env vars:
AIRFLOW_CTX_DAG_OWNER=admin
AIRFLOW_CTX_DAG_ID=raizen_lab_01
AIRFLOW_CTX_TASK_ID=sleep
AIRFLOW_CTX_EXECUTION_DATE=2021-11-14T02:00:00+00:00
AIRFLOW_CTX_TRY_NUMBER=1
AIRFLOW_CTX_DAG_RUN_ID=scheduled__2021-11-14T02:00:00+00:00
[2022-08-23 12:22:30,782] {subprocess.py:62} INFO - Tmp dir root location: 
 /tmp
[2022-08-23 12:22:30,783] {subprocess.py:74} INFO - Running command: ['bash', '-c', 'sleep 5']
[2022-08-23 12:22:30,797] {subprocess.py:85} INFO - Output:
[2022-08-23 12:22:35,801] {subprocess.py:96} INFO - Command exited with return code 0
[2022-08-23 12:22:35,954] {taskinstance.py:1420} INFO - Marking task as SUCCESS. dag_id=raizen_lab_01, task_id=sleep, execution_date=20211114T020000, start_date=20220823T122230, end_date=20220823T122235
[2022-08-23 12:22:35,984] {local_task_job.py:156} INFO - Task exited with return code 0
[2022-08-23 12:22:36,018] {local_task_job.py:273} INFO - 1 downstream tasks scheduled from follow-on schedule check
