[2022-08-23 12:26:25,555] {taskinstance.py:1179} INFO - Dependencies all met for <TaskInstance: raizen_lab_01.sleep scheduled__2021-11-24T05:00:00+00:00 [queued]>
[2022-08-23 12:26:25,566] {taskinstance.py:1179} INFO - Dependencies all met for <TaskInstance: raizen_lab_01.sleep scheduled__2021-11-24T05:00:00+00:00 [queued]>
[2022-08-23 12:26:25,566] {taskinstance.py:1376} INFO - 
--------------------------------------------------------------------------------
[2022-08-23 12:26:25,566] {taskinstance.py:1377} INFO - Starting attempt 1 of 2
[2022-08-23 12:26:25,567] {taskinstance.py:1378} INFO - 
--------------------------------------------------------------------------------
[2022-08-23 12:26:25,583] {taskinstance.py:1397} INFO - Executing <Task(BashOperator): sleep> on 2021-11-24 05:00:00+00:00
[2022-08-23 12:26:25,590] {standard_task_runner.py:52} INFO - Started process 5213 to run task
[2022-08-23 12:26:25,593] {standard_task_runner.py:79} INFO - Running: ['***', 'tasks', 'run', 'raizen_lab_01', 'sleep', 'scheduled__2021-11-24T05:00:00+00:00', '--job-id', '4868', '--raw', '--subdir', 'DAGS_FOLDER/raizen_lab_01.py', '--cfg-path', '/tmp/tmpm4uusyej', '--error-file', '/tmp/tmp3gkov_2q']
[2022-08-23 12:26:25,595] {standard_task_runner.py:80} INFO - Job 4868: Subtask sleep
[2022-08-23 12:26:25,666] {task_command.py:371} INFO - Running <TaskInstance: raizen_lab_01.sleep scheduled__2021-11-24T05:00:00+00:00 [running]> on host 6383a3236c72
[2022-08-23 12:26:25,734] {taskinstance.py:1591} INFO - Exporting the following env vars:
AIRFLOW_CTX_DAG_OWNER=admin
AIRFLOW_CTX_DAG_ID=raizen_lab_01
AIRFLOW_CTX_TASK_ID=sleep
AIRFLOW_CTX_EXECUTION_DATE=2021-11-24T05:00:00+00:00
AIRFLOW_CTX_TRY_NUMBER=1
AIRFLOW_CTX_DAG_RUN_ID=scheduled__2021-11-24T05:00:00+00:00
[2022-08-23 12:26:25,736] {subprocess.py:62} INFO - Tmp dir root location: 
 /tmp
[2022-08-23 12:26:25,736] {subprocess.py:74} INFO - Running command: ['bash', '-c', 'sleep 5']
[2022-08-23 12:26:25,748] {subprocess.py:85} INFO - Output:
[2022-08-23 12:26:30,751] {subprocess.py:96} INFO - Command exited with return code 0
[2022-08-23 12:26:30,829] {taskinstance.py:1420} INFO - Marking task as SUCCESS. dag_id=raizen_lab_01, task_id=sleep, execution_date=20211124T050000, start_date=20220823T122625, end_date=20220823T122630
[2022-08-23 12:26:30,875] {local_task_job.py:156} INFO - Task exited with return code 0
[2022-08-23 12:26:30,916] {local_task_job.py:273} INFO - 1 downstream tasks scheduled from follow-on schedule check
