[2022-08-23 20:03:38,725] {taskinstance.py:1179} INFO - Dependencies all met for <TaskInstance: raizen_lab_01.sleep scheduled__2022-01-28T01:00:00+00:00 [queued]>
[2022-08-23 20:03:38,747] {taskinstance.py:1179} INFO - Dependencies all met for <TaskInstance: raizen_lab_01.sleep scheduled__2022-01-28T01:00:00+00:00 [queued]>
[2022-08-23 20:03:38,748] {taskinstance.py:1376} INFO - 
--------------------------------------------------------------------------------
[2022-08-23 20:03:38,749] {taskinstance.py:1377} INFO - Starting attempt 1 of 2
[2022-08-23 20:03:38,750] {taskinstance.py:1378} INFO - 
--------------------------------------------------------------------------------
[2022-08-23 20:03:38,794] {taskinstance.py:1397} INFO - Executing <Task(BashOperator): sleep> on 2022-01-28 01:00:00+00:00
[2022-08-23 20:03:38,808] {standard_task_runner.py:52} INFO - Started process 186 to run task
[2022-08-23 20:03:38,816] {standard_task_runner.py:79} INFO - Running: ['***', 'tasks', 'run', 'raizen_lab_01', 'sleep', 'scheduled__2022-01-28T01:00:00+00:00', '--job-id', '9355', '--raw', '--subdir', 'DAGS_FOLDER/raizen_lab_01.py', '--cfg-path', '/tmp/tmpfqecw0l_', '--error-file', '/tmp/tmpvkay_hjx']
[2022-08-23 20:03:38,820] {standard_task_runner.py:80} INFO - Job 9355: Subtask sleep
[2022-08-23 20:03:38,986] {task_command.py:371} INFO - Running <TaskInstance: raizen_lab_01.sleep scheduled__2022-01-28T01:00:00+00:00 [running]> on host 80fce776ee1f
[2022-08-23 20:03:39,229] {taskinstance.py:1591} INFO - Exporting the following env vars:
AIRFLOW_CTX_DAG_OWNER=admin
AIRFLOW_CTX_DAG_ID=raizen_lab_01
AIRFLOW_CTX_TASK_ID=sleep
AIRFLOW_CTX_EXECUTION_DATE=2022-01-28T01:00:00+00:00
AIRFLOW_CTX_TRY_NUMBER=1
AIRFLOW_CTX_DAG_RUN_ID=scheduled__2022-01-28T01:00:00+00:00
[2022-08-23 20:03:39,235] {subprocess.py:62} INFO - Tmp dir root location: 
 /tmp
[2022-08-23 20:03:39,237] {subprocess.py:74} INFO - Running command: ['bash', '-c', 'sleep 5']
[2022-08-23 20:03:39,266] {subprocess.py:85} INFO - Output:
[2022-08-23 20:03:44,272] {subprocess.py:96} INFO - Command exited with return code 0
[2022-08-23 20:03:44,341] {taskinstance.py:1420} INFO - Marking task as SUCCESS. dag_id=raizen_lab_01, task_id=sleep, execution_date=20220128T010000, start_date=20220823T200338, end_date=20220823T200344
[2022-08-23 20:03:44,381] {local_task_job.py:156} INFO - Task exited with return code 0
[2022-08-23 20:03:44,439] {local_task_job.py:273} INFO - 1 downstream tasks scheduled from follow-on schedule check
