[2022-08-23 11:28:06,810] {taskinstance.py:1179} INFO - Dependencies all met for <TaskInstance: raizen_lab_01.print_hello scheduled__2021-09-19T19:00:00+00:00 [queued]>
[2022-08-23 11:28:06,826] {taskinstance.py:1179} INFO - Dependencies all met for <TaskInstance: raizen_lab_01.print_hello scheduled__2021-09-19T19:00:00+00:00 [queued]>
[2022-08-23 11:28:06,827] {taskinstance.py:1376} INFO - 
--------------------------------------------------------------------------------
[2022-08-23 11:28:06,827] {taskinstance.py:1377} INFO - Starting attempt 1 of 2
[2022-08-23 11:28:06,828] {taskinstance.py:1378} INFO - 
--------------------------------------------------------------------------------
[2022-08-23 11:28:06,849] {taskinstance.py:1397} INFO - Executing <Task(BashOperator): print_hello> on 2021-09-19 19:00:00+00:00
[2022-08-23 11:28:06,857] {standard_task_runner.py:52} INFO - Started process 283 to run task
[2022-08-23 11:28:06,863] {standard_task_runner.py:79} INFO - Running: ['***', 'tasks', 'run', 'raizen_lab_01', 'print_hello', 'scheduled__2021-09-19T19:00:00+00:00', '--job-id', '127', '--raw', '--subdir', 'DAGS_FOLDER/raizen_lab_01.py', '--cfg-path', '/tmp/tmpd1qu1u_6', '--error-file', '/tmp/tmpdy_mqi_z']
[2022-08-23 11:28:06,863] {standard_task_runner.py:80} INFO - Job 127: Subtask print_hello
[2022-08-23 11:28:06,980] {task_command.py:371} INFO - Running <TaskInstance: raizen_lab_01.print_hello scheduled__2021-09-19T19:00:00+00:00 [running]> on host 7f48b7aaf0fc
[2022-08-23 11:28:07,175] {taskinstance.py:1591} INFO - Exporting the following env vars:
AIRFLOW_CTX_DAG_OWNER=admin
AIRFLOW_CTX_DAG_ID=raizen_lab_01
AIRFLOW_CTX_TASK_ID=print_hello
AIRFLOW_CTX_EXECUTION_DATE=2021-09-19T19:00:00+00:00
AIRFLOW_CTX_TRY_NUMBER=1
AIRFLOW_CTX_DAG_RUN_ID=scheduled__2021-09-19T19:00:00+00:00
[2022-08-23 11:28:07,177] {subprocess.py:62} INFO - Tmp dir root location: 
 /tmp
[2022-08-23 11:28:07,179] {subprocess.py:74} INFO - Running command: ['bash', '-c', 'echo "hello"']
[2022-08-23 11:28:07,203] {subprocess.py:85} INFO - Output:
[2022-08-23 11:28:07,208] {subprocess.py:92} INFO - hello
[2022-08-23 11:28:07,209] {subprocess.py:96} INFO - Command exited with return code 0
[2022-08-23 11:28:07,284] {taskinstance.py:1420} INFO - Marking task as SUCCESS. dag_id=raizen_lab_01, task_id=print_hello, execution_date=20210919T190000, start_date=20220823T112806, end_date=20220823T112807
[2022-08-23 11:28:07,354] {local_task_job.py:156} INFO - Task exited with return code 0
[2022-08-23 11:28:07,466] {local_task_job.py:273} INFO - 1 downstream tasks scheduled from follow-on schedule check
