[2022-08-23 11:59:39,062] {taskinstance.py:1179} INFO - Dependencies all met for <TaskInstance: raizen_lab_01.print_hello scheduled__2021-10-23T23:00:00+00:00 [queued]>
[2022-08-23 11:59:39,093] {taskinstance.py:1179} INFO - Dependencies all met for <TaskInstance: raizen_lab_01.print_hello scheduled__2021-10-23T23:00:00+00:00 [queued]>
[2022-08-23 11:59:39,094] {taskinstance.py:1376} INFO - 
--------------------------------------------------------------------------------
[2022-08-23 11:59:39,095] {taskinstance.py:1377} INFO - Starting attempt 1 of 2
[2022-08-23 11:59:39,096] {taskinstance.py:1378} INFO - 
--------------------------------------------------------------------------------
[2022-08-23 11:59:39,134] {taskinstance.py:1397} INFO - Executing <Task(BashOperator): print_hello> on 2021-10-23 23:00:00+00:00
[2022-08-23 11:59:39,144] {standard_task_runner.py:52} INFO - Started process 691 to run task
[2022-08-23 11:59:39,151] {standard_task_runner.py:79} INFO - Running: ['***', 'tasks', 'run', 'raizen_lab_01', 'print_hello', 'scheduled__2021-10-23T23:00:00+00:00', '--job-id', '2599', '--raw', '--subdir', 'DAGS_FOLDER/raizen_lab_01.py', '--cfg-path', '/tmp/tmpg6asstxh', '--error-file', '/tmp/tmpm4xf04fc']
[2022-08-23 11:59:39,152] {standard_task_runner.py:80} INFO - Job 2599: Subtask print_hello
[2022-08-23 11:59:39,289] {task_command.py:371} INFO - Running <TaskInstance: raizen_lab_01.print_hello scheduled__2021-10-23T23:00:00+00:00 [running]> on host 9f4b06248101
[2022-08-23 11:59:39,469] {taskinstance.py:1591} INFO - Exporting the following env vars:
AIRFLOW_CTX_DAG_OWNER=admin
AIRFLOW_CTX_DAG_ID=raizen_lab_01
AIRFLOW_CTX_TASK_ID=print_hello
AIRFLOW_CTX_EXECUTION_DATE=2021-10-23T23:00:00+00:00
AIRFLOW_CTX_TRY_NUMBER=1
AIRFLOW_CTX_DAG_RUN_ID=scheduled__2021-10-23T23:00:00+00:00
[2022-08-23 11:59:39,473] {subprocess.py:62} INFO - Tmp dir root location: 
 /tmp
[2022-08-23 11:59:39,476] {subprocess.py:74} INFO - Running command: ['bash', '-c', 'echo "hello"']
[2022-08-23 11:59:39,499] {subprocess.py:85} INFO - Output:
[2022-08-23 11:59:39,502] {subprocess.py:92} INFO - hello
[2022-08-23 11:59:39,504] {subprocess.py:96} INFO - Command exited with return code 0
[2022-08-23 11:59:39,792] {taskinstance.py:1420} INFO - Marking task as SUCCESS. dag_id=raizen_lab_01, task_id=print_hello, execution_date=20211023T230000, start_date=20220823T115939, end_date=20220823T115939
[2022-08-23 11:59:39,845] {local_task_job.py:156} INFO - Task exited with return code 0
[2022-08-23 11:59:39,944] {local_task_job.py:273} INFO - 1 downstream tasks scheduled from follow-on schedule check
