[2022-08-23 11:32:26,662] {taskinstance.py:1179} INFO - Dependencies all met for <TaskInstance: raizen_lab_01.sleep scheduled__2021-09-29T22:00:00+00:00 [queued]>
[2022-08-23 11:32:26,680] {taskinstance.py:1179} INFO - Dependencies all met for <TaskInstance: raizen_lab_01.sleep scheduled__2021-09-29T22:00:00+00:00 [queued]>
[2022-08-23 11:32:26,680] {taskinstance.py:1376} INFO - 
--------------------------------------------------------------------------------
[2022-08-23 11:32:26,681] {taskinstance.py:1377} INFO - Starting attempt 1 of 2
[2022-08-23 11:32:26,682] {taskinstance.py:1378} INFO - 
--------------------------------------------------------------------------------
[2022-08-23 11:32:26,703] {taskinstance.py:1397} INFO - Executing <Task(BashOperator): sleep> on 2021-09-29 22:00:00+00:00
[2022-08-23 11:32:26,710] {standard_task_runner.py:52} INFO - Started process 2416 to run task
[2022-08-23 11:32:26,715] {standard_task_runner.py:79} INFO - Running: ['***', 'tasks', 'run', 'raizen_lab_01', 'sleep', 'scheduled__2021-09-29T22:00:00+00:00', '--job-id', '859', '--raw', '--subdir', 'DAGS_FOLDER/raizen_lab_01.py', '--cfg-path', '/tmp/tmpjxvtcr1n', '--error-file', '/tmp/tmpieviyv8l']
[2022-08-23 11:32:26,716] {standard_task_runner.py:80} INFO - Job 859: Subtask sleep
[2022-08-23 11:32:26,829] {task_command.py:371} INFO - Running <TaskInstance: raizen_lab_01.sleep scheduled__2021-09-29T22:00:00+00:00 [running]> on host 7f48b7aaf0fc
[2022-08-23 11:32:26,935] {taskinstance.py:1591} INFO - Exporting the following env vars:
AIRFLOW_CTX_DAG_OWNER=admin
AIRFLOW_CTX_DAG_ID=raizen_lab_01
AIRFLOW_CTX_TASK_ID=sleep
AIRFLOW_CTX_EXECUTION_DATE=2021-09-29T22:00:00+00:00
AIRFLOW_CTX_TRY_NUMBER=1
AIRFLOW_CTX_DAG_RUN_ID=scheduled__2021-09-29T22:00:00+00:00
[2022-08-23 11:32:26,937] {subprocess.py:62} INFO - Tmp dir root location: 
 /tmp
[2022-08-23 11:32:26,938] {subprocess.py:74} INFO - Running command: ['bash', '-c', 'sleep 5']
[2022-08-23 11:32:26,951] {subprocess.py:85} INFO - Output:
[2022-08-23 11:32:31,955] {subprocess.py:96} INFO - Command exited with return code 0
[2022-08-23 11:32:32,041] {taskinstance.py:1420} INFO - Marking task as SUCCESS. dag_id=raizen_lab_01, task_id=sleep, execution_date=20210929T220000, start_date=20220823T113226, end_date=20220823T113232
[2022-08-23 11:32:32,118] {local_task_job.py:156} INFO - Task exited with return code 0
[2022-08-23 11:32:32,193] {local_task_job.py:273} INFO - 1 downstream tasks scheduled from follow-on schedule check
