[2022-08-23 19:46:54,919] {taskinstance.py:1179} INFO - Dependencies all met for <TaskInstance: raizen_lab_01.sleep scheduled__2022-01-27T03:00:00+00:00 [queued]>
[2022-08-23 19:46:54,930] {taskinstance.py:1179} INFO - Dependencies all met for <TaskInstance: raizen_lab_01.sleep scheduled__2022-01-27T03:00:00+00:00 [queued]>
[2022-08-23 19:46:54,931] {taskinstance.py:1376} INFO - 
--------------------------------------------------------------------------------
[2022-08-23 19:46:54,932] {taskinstance.py:1377} INFO - Starting attempt 2 of 2
[2022-08-23 19:46:54,933] {taskinstance.py:1378} INFO - 
--------------------------------------------------------------------------------
[2022-08-23 19:46:54,953] {taskinstance.py:1397} INFO - Executing <Task(BashOperator): sleep> on 2022-01-27 03:00:00+00:00
[2022-08-23 19:46:54,959] {standard_task_runner.py:52} INFO - Started process 186 to run task
[2022-08-23 19:46:54,963] {standard_task_runner.py:79} INFO - Running: ['***', 'tasks', 'run', 'raizen_lab_01', 'sleep', 'scheduled__2022-01-27T03:00:00+00:00', '--job-id', '9269', '--raw', '--subdir', 'DAGS_FOLDER/raizen_lab_01.py', '--cfg-path', '/tmp/tmp83mwayj8', '--error-file', '/tmp/tmpl5397ql4']
[2022-08-23 19:46:54,965] {standard_task_runner.py:80} INFO - Job 9269: Subtask sleep
[2022-08-23 19:46:55,056] {task_command.py:371} INFO - Running <TaskInstance: raizen_lab_01.sleep scheduled__2022-01-27T03:00:00+00:00 [running]> on host 80fce776ee1f
[2022-08-23 19:46:55,202] {taskinstance.py:1591} INFO - Exporting the following env vars:
AIRFLOW_CTX_DAG_OWNER=admin
AIRFLOW_CTX_DAG_ID=raizen_lab_01
AIRFLOW_CTX_TASK_ID=sleep
AIRFLOW_CTX_EXECUTION_DATE=2022-01-27T03:00:00+00:00
AIRFLOW_CTX_TRY_NUMBER=2
AIRFLOW_CTX_DAG_RUN_ID=scheduled__2022-01-27T03:00:00+00:00
[2022-08-23 19:46:55,205] {subprocess.py:62} INFO - Tmp dir root location: 
 /tmp
[2022-08-23 19:46:55,206] {subprocess.py:74} INFO - Running command: ['bash', '-c', 'sleep 5']
[2022-08-23 19:46:55,221] {subprocess.py:85} INFO - Output:
[2022-08-23 19:47:00,280] {subprocess.py:96} INFO - Command exited with return code 0
[2022-08-23 19:47:00,339] {taskinstance.py:1420} INFO - Marking task as SUCCESS. dag_id=raizen_lab_01, task_id=sleep, execution_date=20220127T030000, start_date=20220823T194654, end_date=20220823T194700
[2022-08-23 19:47:00,389] {local_task_job.py:156} INFO - Task exited with return code 0
[2022-08-23 19:47:00,439] {local_task_job.py:273} INFO - 1 downstream tasks scheduled from follow-on schedule check
