[2022-08-23 12:26:26,416] {taskinstance.py:1179} INFO - Dependencies all met for <TaskInstance: raizen_lab_01.sleep scheduled__2021-11-24T08:00:00+00:00 [queued]>
[2022-08-23 12:26:26,425] {taskinstance.py:1179} INFO - Dependencies all met for <TaskInstance: raizen_lab_01.sleep scheduled__2021-11-24T08:00:00+00:00 [queued]>
[2022-08-23 12:26:26,426] {taskinstance.py:1376} INFO - 
--------------------------------------------------------------------------------
[2022-08-23 12:26:26,426] {taskinstance.py:1377} INFO - Starting attempt 1 of 2
[2022-08-23 12:26:26,426] {taskinstance.py:1378} INFO - 
--------------------------------------------------------------------------------
[2022-08-23 12:26:26,449] {taskinstance.py:1397} INFO - Executing <Task(BashOperator): sleep> on 2021-11-24 08:00:00+00:00
[2022-08-23 12:26:26,456] {standard_task_runner.py:52} INFO - Started process 5230 to run task
[2022-08-23 12:26:26,459] {standard_task_runner.py:79} INFO - Running: ['***', 'tasks', 'run', 'raizen_lab_01', 'sleep', 'scheduled__2021-11-24T08:00:00+00:00', '--job-id', '4873', '--raw', '--subdir', 'DAGS_FOLDER/raizen_lab_01.py', '--cfg-path', '/tmp/tmpgxfxjzce', '--error-file', '/tmp/tmpi8peay7x']
[2022-08-23 12:26:26,461] {standard_task_runner.py:80} INFO - Job 4873: Subtask sleep
[2022-08-23 12:26:26,523] {task_command.py:371} INFO - Running <TaskInstance: raizen_lab_01.sleep scheduled__2021-11-24T08:00:00+00:00 [running]> on host 6383a3236c72
[2022-08-23 12:26:26,588] {taskinstance.py:1591} INFO - Exporting the following env vars:
AIRFLOW_CTX_DAG_OWNER=admin
AIRFLOW_CTX_DAG_ID=raizen_lab_01
AIRFLOW_CTX_TASK_ID=sleep
AIRFLOW_CTX_EXECUTION_DATE=2021-11-24T08:00:00+00:00
AIRFLOW_CTX_TRY_NUMBER=1
AIRFLOW_CTX_DAG_RUN_ID=scheduled__2021-11-24T08:00:00+00:00
[2022-08-23 12:26:26,589] {subprocess.py:62} INFO - Tmp dir root location: 
 /tmp
[2022-08-23 12:26:26,590] {subprocess.py:74} INFO - Running command: ['bash', '-c', 'sleep 5']
[2022-08-23 12:26:26,600] {subprocess.py:85} INFO - Output:
[2022-08-23 12:26:31,603] {subprocess.py:96} INFO - Command exited with return code 0
[2022-08-23 12:26:31,798] {taskinstance.py:1420} INFO - Marking task as SUCCESS. dag_id=raizen_lab_01, task_id=sleep, execution_date=20211124T080000, start_date=20220823T122626, end_date=20220823T122631
[2022-08-23 12:26:31,892] {local_task_job.py:156} INFO - Task exited with return code 0
[2022-08-23 12:26:31,999] {local_task_job.py:273} INFO - 1 downstream tasks scheduled from follow-on schedule check
