[2022-08-23 12:08:18,100] {taskinstance.py:1179} INFO - Dependencies all met for <TaskInstance: raizen_lab_01.print_hello scheduled__2021-11-01T09:00:00+00:00 [queued]>
[2022-08-23 12:08:18,110] {taskinstance.py:1179} INFO - Dependencies all met for <TaskInstance: raizen_lab_01.print_hello scheduled__2021-11-01T09:00:00+00:00 [queued]>
[2022-08-23 12:08:18,111] {taskinstance.py:1376} INFO - 
--------------------------------------------------------------------------------
[2022-08-23 12:08:18,111] {taskinstance.py:1377} INFO - Starting attempt 1 of 2
[2022-08-23 12:08:18,111] {taskinstance.py:1378} INFO - 
--------------------------------------------------------------------------------
[2022-08-23 12:08:18,128] {taskinstance.py:1397} INFO - Executing <Task(BashOperator): print_hello> on 2021-11-01 09:00:00+00:00
[2022-08-23 12:08:18,134] {standard_task_runner.py:52} INFO - Started process 1762 to run task
[2022-08-23 12:08:18,139] {standard_task_runner.py:79} INFO - Running: ['***', 'tasks', 'run', 'raizen_lab_01', 'print_hello', 'scheduled__2021-11-01T09:00:00+00:00', '--job-id', '3214', '--raw', '--subdir', 'DAGS_FOLDER/raizen_lab_01.py', '--cfg-path', '/tmp/tmppp2rrk6z', '--error-file', '/tmp/tmp2xm2m63_']
[2022-08-23 12:08:18,140] {standard_task_runner.py:80} INFO - Job 3214: Subtask print_hello
[2022-08-23 12:08:18,212] {task_command.py:371} INFO - Running <TaskInstance: raizen_lab_01.print_hello scheduled__2021-11-01T09:00:00+00:00 [running]> on host 67b6bdae536e
[2022-08-23 12:08:18,284] {taskinstance.py:1591} INFO - Exporting the following env vars:
AIRFLOW_CTX_DAG_OWNER=admin
AIRFLOW_CTX_DAG_ID=raizen_lab_01
AIRFLOW_CTX_TASK_ID=print_hello
AIRFLOW_CTX_EXECUTION_DATE=2021-11-01T09:00:00+00:00
AIRFLOW_CTX_TRY_NUMBER=1
AIRFLOW_CTX_DAG_RUN_ID=scheduled__2021-11-01T09:00:00+00:00
[2022-08-23 12:08:18,286] {subprocess.py:62} INFO - Tmp dir root location: 
 /tmp
[2022-08-23 12:08:18,287] {subprocess.py:74} INFO - Running command: ['bash', '-c', 'echo "hello"']
[2022-08-23 12:08:18,299] {subprocess.py:85} INFO - Output:
[2022-08-23 12:08:18,300] {subprocess.py:92} INFO - hello
[2022-08-23 12:08:18,301] {subprocess.py:96} INFO - Command exited with return code 0
[2022-08-23 12:08:18,335] {taskinstance.py:1420} INFO - Marking task as SUCCESS. dag_id=raizen_lab_01, task_id=print_hello, execution_date=20211101T090000, start_date=20220823T120818, end_date=20220823T120818
[2022-08-23 12:08:18,389] {local_task_job.py:156} INFO - Task exited with return code 0
[2022-08-23 12:08:18,492] {local_task_job.py:273} INFO - 0 downstream tasks scheduled from follow-on schedule check
