[2022-08-23 11:47:14,471] {taskinstance.py:1179} INFO - Dependencies all met for <TaskInstance: raizen_lab_01.print_world scheduled__2021-10-18T17:00:00+00:00 [queued]>
[2022-08-23 11:47:14,490] {taskinstance.py:1179} INFO - Dependencies all met for <TaskInstance: raizen_lab_01.print_world scheduled__2021-10-18T17:00:00+00:00 [queued]>
[2022-08-23 11:47:14,491] {taskinstance.py:1376} INFO - 
--------------------------------------------------------------------------------
[2022-08-23 11:47:14,491] {taskinstance.py:1377} INFO - Starting attempt 1 of 2
[2022-08-23 11:47:14,492] {taskinstance.py:1378} INFO - 
--------------------------------------------------------------------------------
[2022-08-23 11:47:14,523] {taskinstance.py:1397} INFO - Executing <Task(PythonOperator): print_world> on 2021-10-18 17:00:00+00:00
[2022-08-23 11:47:14,530] {standard_task_runner.py:52} INFO - Started process 719 to run task
[2022-08-23 11:47:14,536] {standard_task_runner.py:79} INFO - Running: ['***', 'tasks', 'run', 'raizen_lab_01', 'print_world', 'scheduled__2021-10-18T17:00:00+00:00', '--job-id', '2249', '--raw', '--subdir', 'DAGS_FOLDER/raizen_lab_01.py', '--cfg-path', '/tmp/tmp2lmvpoaj', '--error-file', '/tmp/tmpnwecjtx8']
[2022-08-23 11:47:14,537] {standard_task_runner.py:80} INFO - Job 2249: Subtask print_world
[2022-08-23 11:47:14,709] {task_command.py:371} INFO - Running <TaskInstance: raizen_lab_01.print_world scheduled__2021-10-18T17:00:00+00:00 [running]> on host fc645605a611
[2022-08-23 11:47:14,863] {taskinstance.py:1591} INFO - Exporting the following env vars:
AIRFLOW_CTX_DAG_OWNER=admin
AIRFLOW_CTX_DAG_ID=raizen_lab_01
AIRFLOW_CTX_TASK_ID=print_world
AIRFLOW_CTX_EXECUTION_DATE=2021-10-18T17:00:00+00:00
AIRFLOW_CTX_TRY_NUMBER=1
AIRFLOW_CTX_DAG_RUN_ID=scheduled__2021-10-18T17:00:00+00:00
[2022-08-23 11:47:14,865] {logging_mixin.py:115} INFO - world
[2022-08-23 11:47:14,866] {python.py:173} INFO - Done. Returned value was: None
[2022-08-23 11:47:14,895] {taskinstance.py:1420} INFO - Marking task as SUCCESS. dag_id=raizen_lab_01, task_id=print_world, execution_date=20211018T170000, start_date=20220823T114714, end_date=20220823T114714
[2022-08-23 11:47:14,949] {local_task_job.py:156} INFO - Task exited with return code 0
[2022-08-23 11:47:15,006] {local_task_job.py:273} INFO - 0 downstream tasks scheduled from follow-on schedule check
