[2022-08-23 11:38:39,736] {taskinstance.py:1179} INFO - Dependencies all met for <TaskInstance: raizen_lab_01.print_hello scheduled__2021-10-12T18:00:00+00:00 [queued]>
[2022-08-23 11:38:39,752] {taskinstance.py:1179} INFO - Dependencies all met for <TaskInstance: raizen_lab_01.print_hello scheduled__2021-10-12T18:00:00+00:00 [queued]>
[2022-08-23 11:38:39,753] {taskinstance.py:1376} INFO - 
--------------------------------------------------------------------------------
[2022-08-23 11:38:39,753] {taskinstance.py:1377} INFO - Starting attempt 1 of 2
[2022-08-23 11:38:39,754] {taskinstance.py:1378} INFO - 
--------------------------------------------------------------------------------
[2022-08-23 11:38:39,778] {taskinstance.py:1397} INFO - Executing <Task(BashOperator): print_hello> on 2021-10-12 18:00:00+00:00
[2022-08-23 11:38:39,786] {standard_task_runner.py:52} INFO - Started process 999 to run task
[2022-08-23 11:38:39,791] {standard_task_runner.py:79} INFO - Running: ['***', 'tasks', 'run', 'raizen_lab_01', 'print_hello', 'scheduled__2021-10-12T18:00:00+00:00', '--job-id', '1795', '--raw', '--subdir', 'DAGS_FOLDER/raizen_lab_01.py', '--cfg-path', '/tmp/tmpv8zibl7j', '--error-file', '/tmp/tmp5kim0ncy']
[2022-08-23 11:38:39,792] {standard_task_runner.py:80} INFO - Job 1795: Subtask print_hello
[2022-08-23 11:38:39,884] {task_command.py:371} INFO - Running <TaskInstance: raizen_lab_01.print_hello scheduled__2021-10-12T18:00:00+00:00 [running]> on host 7f48b7aaf0fc
[2022-08-23 11:38:40,009] {taskinstance.py:1591} INFO - Exporting the following env vars:
AIRFLOW_CTX_DAG_OWNER=admin
AIRFLOW_CTX_DAG_ID=raizen_lab_01
AIRFLOW_CTX_TASK_ID=print_hello
AIRFLOW_CTX_EXECUTION_DATE=2021-10-12T18:00:00+00:00
AIRFLOW_CTX_TRY_NUMBER=1
AIRFLOW_CTX_DAG_RUN_ID=scheduled__2021-10-12T18:00:00+00:00
[2022-08-23 11:38:40,012] {subprocess.py:62} INFO - Tmp dir root location: 
 /tmp
[2022-08-23 11:38:40,014] {subprocess.py:74} INFO - Running command: ['bash', '-c', 'echo "hello"']
[2022-08-23 11:38:40,032] {subprocess.py:85} INFO - Output:
[2022-08-23 11:38:40,034] {subprocess.py:92} INFO - hello
[2022-08-23 11:38:40,035] {subprocess.py:96} INFO - Command exited with return code 0
[2022-08-23 11:38:40,098] {taskinstance.py:1420} INFO - Marking task as SUCCESS. dag_id=raizen_lab_01, task_id=print_hello, execution_date=20211012T180000, start_date=20220823T113839, end_date=20220823T113840
[2022-08-23 11:38:40,164] {local_task_job.py:156} INFO - Task exited with return code 0
[2022-08-23 11:38:40,276] {local_task_job.py:273} INFO - 0 downstream tasks scheduled from follow-on schedule check
