[2022-08-23 11:32:43,340] {taskinstance.py:1179} INFO - Dependencies all met for <TaskInstance: raizen_lab_01.sleep scheduled__2021-09-30T14:00:00+00:00 [queued]>
[2022-08-23 11:32:43,353] {taskinstance.py:1179} INFO - Dependencies all met for <TaskInstance: raizen_lab_01.sleep scheduled__2021-09-30T14:00:00+00:00 [queued]>
[2022-08-23 11:32:43,354] {taskinstance.py:1376} INFO - 
--------------------------------------------------------------------------------
[2022-08-23 11:32:43,355] {taskinstance.py:1377} INFO - Starting attempt 1 of 2
[2022-08-23 11:32:43,356] {taskinstance.py:1378} INFO - 
--------------------------------------------------------------------------------
[2022-08-23 11:32:43,380] {taskinstance.py:1397} INFO - Executing <Task(BashOperator): sleep> on 2021-09-30 14:00:00+00:00
[2022-08-23 11:32:43,388] {standard_task_runner.py:52} INFO - Started process 2551 to run task
[2022-08-23 11:32:43,395] {standard_task_runner.py:79} INFO - Running: ['***', 'tasks', 'run', 'raizen_lab_01', 'sleep', 'scheduled__2021-09-30T14:00:00+00:00', '--job-id', '907', '--raw', '--subdir', 'DAGS_FOLDER/raizen_lab_01.py', '--cfg-path', '/tmp/tmpuiafbvla', '--error-file', '/tmp/tmpum0yjxvl']
[2022-08-23 11:32:43,397] {standard_task_runner.py:80} INFO - Job 907: Subtask sleep
[2022-08-23 11:32:43,513] {task_command.py:371} INFO - Running <TaskInstance: raizen_lab_01.sleep scheduled__2021-09-30T14:00:00+00:00 [running]> on host 7f48b7aaf0fc
[2022-08-23 11:32:43,627] {taskinstance.py:1591} INFO - Exporting the following env vars:
AIRFLOW_CTX_DAG_OWNER=admin
AIRFLOW_CTX_DAG_ID=raizen_lab_01
AIRFLOW_CTX_TASK_ID=sleep
AIRFLOW_CTX_EXECUTION_DATE=2021-09-30T14:00:00+00:00
AIRFLOW_CTX_TRY_NUMBER=1
AIRFLOW_CTX_DAG_RUN_ID=scheduled__2021-09-30T14:00:00+00:00
[2022-08-23 11:32:43,629] {subprocess.py:62} INFO - Tmp dir root location: 
 /tmp
[2022-08-23 11:32:43,630] {subprocess.py:74} INFO - Running command: ['bash', '-c', 'sleep 5']
[2022-08-23 11:32:43,645] {subprocess.py:85} INFO - Output:
[2022-08-23 11:32:48,651] {subprocess.py:96} INFO - Command exited with return code 0
[2022-08-23 11:32:48,743] {taskinstance.py:1420} INFO - Marking task as SUCCESS. dag_id=raizen_lab_01, task_id=sleep, execution_date=20210930T140000, start_date=20220823T113243, end_date=20220823T113248
[2022-08-23 11:32:48,776] {local_task_job.py:156} INFO - Task exited with return code 0
[2022-08-23 11:32:48,814] {local_task_job.py:273} INFO - 1 downstream tasks scheduled from follow-on schedule check
