[2022-08-23 18:54:49,924] {taskinstance.py:1179} INFO - Dependencies all met for <TaskInstance: raizen_lab_01.conecta_no_mysql manual__2022-08-23T18:43:15.051950+00:00 [queued]>
[2022-08-23 18:54:49,956] {taskinstance.py:1179} INFO - Dependencies all met for <TaskInstance: raizen_lab_01.conecta_no_mysql manual__2022-08-23T18:43:15.051950+00:00 [queued]>
[2022-08-23 18:54:49,958] {taskinstance.py:1376} INFO - 
--------------------------------------------------------------------------------
[2022-08-23 18:54:49,961] {taskinstance.py:1377} INFO - Starting attempt 2 of 2
[2022-08-23 18:54:49,962] {taskinstance.py:1378} INFO - 
--------------------------------------------------------------------------------
[2022-08-23 18:54:50,127] {taskinstance.py:1397} INFO - Executing <Task(PythonOperator): conecta_no_mysql> on 2022-08-23 18:43:15.051950+00:00
[2022-08-23 18:54:50,198] {standard_task_runner.py:52} INFO - Started process 110 to run task
[2022-08-23 18:54:50,203] {standard_task_runner.py:79} INFO - Running: ['***', 'tasks', 'run', 'raizen_lab_01', 'conecta_no_mysql', 'manual__2022-08-23T18:43:15.051950+00:00', '--job-id', '9035', '--raw', '--subdir', 'DAGS_FOLDER/raizen_lab_01.py', '--cfg-path', '/tmp/tmppscjooqa', '--error-file', '/tmp/tmpfcqke2re']
[2022-08-23 18:54:50,206] {standard_task_runner.py:80} INFO - Job 9035: Subtask conecta_no_mysql
[2022-08-23 18:54:50,902] {task_command.py:371} INFO - Running <TaskInstance: raizen_lab_01.conecta_no_mysql manual__2022-08-23T18:43:15.051950+00:00 [running]> on host 292788567df6
[2022-08-23 18:54:51,357] {taskinstance.py:1591} INFO - Exporting the following env vars:
AIRFLOW_CTX_DAG_OWNER=admin
AIRFLOW_CTX_DAG_ID=raizen_lab_01
AIRFLOW_CTX_TASK_ID=conecta_no_mysql
AIRFLOW_CTX_EXECUTION_DATE=2022-08-23T18:43:15.051950+00:00
AIRFLOW_CTX_TRY_NUMBER=2
AIRFLOW_CTX_DAG_RUN_ID=manual__2022-08-23T18:43:15.051950+00:00
[2022-08-23 18:54:55,282] {taskinstance.py:1909} ERROR - Task failed with exception
Traceback (most recent call last):
  File "/home/airflow/.local/lib/python3.7/site-packages/airflow/operators/python.py", line 171, in execute
    return_value = self.execute_callable()
  File "/home/airflow/.local/lib/python3.7/site-packages/airflow/operators/python.py", line 189, in execute_callable
    return self.python_callable(*self.op_args, **self.op_kwargs)
  File "/opt/airflow/dags/raizen_lab_01.py", line 38, in conecta_no_mysql
    con = MySQLdb.connect(host="mysql", user="airflow_user", passwd="airflow_pass", db="airflow_db")
  File "/home/airflow/.local/lib/python3.7/site-packages/MySQLdb/__init__.py", line 123, in Connect
    return Connection(*args, **kwargs)
  File "/home/airflow/.local/lib/python3.7/site-packages/MySQLdb/connections.py", line 185, in __init__
    super().__init__(*args, **kwargs2)
MySQLdb.OperationalError: (2005, "Unknown MySQL server host 'mysql' (-2)")
[2022-08-23 18:54:55,299] {taskinstance.py:1420} INFO - Marking task as FAILED. dag_id=raizen_lab_01, task_id=conecta_no_mysql, execution_date=20220823T184315, start_date=20220823T185449, end_date=20220823T185455
[2022-08-23 18:54:55,452] {standard_task_runner.py:97} ERROR - Failed to execute job 9035 for task conecta_no_mysql ((2005, "Unknown MySQL server host 'mysql' (-2)"); 110)
[2022-08-23 18:54:55,511] {local_task_job.py:156} INFO - Task exited with return code 1
[2022-08-23 18:54:55,582] {local_task_job.py:273} INFO - 0 downstream tasks scheduled from follow-on schedule check
