[2022-08-23 11:34:14,430] {taskinstance.py:1179} INFO - Dependencies all met for <TaskInstance: raizen_lab_01.sleep scheduled__2021-10-03T16:00:00+00:00 [queued]>
[2022-08-23 11:34:14,448] {taskinstance.py:1179} INFO - Dependencies all met for <TaskInstance: raizen_lab_01.sleep scheduled__2021-10-03T16:00:00+00:00 [queued]>
[2022-08-23 11:34:14,448] {taskinstance.py:1376} INFO - 
--------------------------------------------------------------------------------
[2022-08-23 11:34:14,449] {taskinstance.py:1377} INFO - Starting attempt 1 of 2
[2022-08-23 11:34:14,450] {taskinstance.py:1378} INFO - 
--------------------------------------------------------------------------------
[2022-08-23 11:34:14,468] {taskinstance.py:1397} INFO - Executing <Task(BashOperator): sleep> on 2021-10-03 16:00:00+00:00
[2022-08-23 11:34:14,474] {standard_task_runner.py:52} INFO - Started process 3211 to run task
[2022-08-23 11:34:14,479] {standard_task_runner.py:79} INFO - Running: ['***', 'tasks', 'run', 'raizen_lab_01', 'sleep', 'scheduled__2021-10-03T16:00:00+00:00', '--job-id', '1130', '--raw', '--subdir', 'DAGS_FOLDER/raizen_lab_01.py', '--cfg-path', '/tmp/tmp8_gc608f', '--error-file', '/tmp/tmp6qmusfen']
[2022-08-23 11:34:14,480] {standard_task_runner.py:80} INFO - Job 1130: Subtask sleep
[2022-08-23 11:34:14,564] {task_command.py:371} INFO - Running <TaskInstance: raizen_lab_01.sleep scheduled__2021-10-03T16:00:00+00:00 [running]> on host 7f48b7aaf0fc
[2022-08-23 11:34:14,655] {taskinstance.py:1591} INFO - Exporting the following env vars:
AIRFLOW_CTX_DAG_OWNER=admin
AIRFLOW_CTX_DAG_ID=raizen_lab_01
AIRFLOW_CTX_TASK_ID=sleep
AIRFLOW_CTX_EXECUTION_DATE=2021-10-03T16:00:00+00:00
AIRFLOW_CTX_TRY_NUMBER=1
AIRFLOW_CTX_DAG_RUN_ID=scheduled__2021-10-03T16:00:00+00:00
[2022-08-23 11:34:14,657] {subprocess.py:62} INFO - Tmp dir root location: 
 /tmp
[2022-08-23 11:34:14,658] {subprocess.py:74} INFO - Running command: ['bash', '-c', 'sleep 5']
[2022-08-23 11:34:14,674] {subprocess.py:85} INFO - Output:
[2022-08-23 11:34:19,679] {subprocess.py:96} INFO - Command exited with return code 0
[2022-08-23 11:34:19,733] {taskinstance.py:1420} INFO - Marking task as SUCCESS. dag_id=raizen_lab_01, task_id=sleep, execution_date=20211003T160000, start_date=20220823T113414, end_date=20220823T113419
[2022-08-23 11:34:19,781] {local_task_job.py:156} INFO - Task exited with return code 0
[2022-08-23 11:34:19,896] {local_task_job.py:273} INFO - 0 downstream tasks scheduled from follow-on schedule check
