[2022-08-23 11:59:24,305] {taskinstance.py:1179} INFO - Dependencies all met for <TaskInstance: raizen_lab_01.print_hello scheduled__2021-10-23T12:00:00+00:00 [queued]>
[2022-08-23 11:59:24,325] {taskinstance.py:1179} INFO - Dependencies all met for <TaskInstance: raizen_lab_01.print_hello scheduled__2021-10-23T12:00:00+00:00 [queued]>
[2022-08-23 11:59:24,326] {taskinstance.py:1376} INFO - 
--------------------------------------------------------------------------------
[2022-08-23 11:59:24,327] {taskinstance.py:1377} INFO - Starting attempt 1 of 2
[2022-08-23 11:59:24,328] {taskinstance.py:1378} INFO - 
--------------------------------------------------------------------------------
[2022-08-23 11:59:24,358] {taskinstance.py:1397} INFO - Executing <Task(BashOperator): print_hello> on 2021-10-23 12:00:00+00:00
[2022-08-23 11:59:24,367] {standard_task_runner.py:52} INFO - Started process 591 to run task
[2022-08-23 11:59:24,374] {standard_task_runner.py:79} INFO - Running: ['***', 'tasks', 'run', 'raizen_lab_01', 'print_hello', 'scheduled__2021-10-23T12:00:00+00:00', '--job-id', '2563', '--raw', '--subdir', 'DAGS_FOLDER/raizen_lab_01.py', '--cfg-path', '/tmp/tmpt9svfid9', '--error-file', '/tmp/tmprr9cpf4_']
[2022-08-23 11:59:24,375] {standard_task_runner.py:80} INFO - Job 2563: Subtask print_hello
[2022-08-23 11:59:24,497] {task_command.py:371} INFO - Running <TaskInstance: raizen_lab_01.print_hello scheduled__2021-10-23T12:00:00+00:00 [running]> on host 9f4b06248101
[2022-08-23 11:59:24,641] {taskinstance.py:1591} INFO - Exporting the following env vars:
AIRFLOW_CTX_DAG_OWNER=admin
AIRFLOW_CTX_DAG_ID=raizen_lab_01
AIRFLOW_CTX_TASK_ID=print_hello
AIRFLOW_CTX_EXECUTION_DATE=2021-10-23T12:00:00+00:00
AIRFLOW_CTX_TRY_NUMBER=1
AIRFLOW_CTX_DAG_RUN_ID=scheduled__2021-10-23T12:00:00+00:00
[2022-08-23 11:59:24,643] {subprocess.py:62} INFO - Tmp dir root location: 
 /tmp
[2022-08-23 11:59:24,645] {subprocess.py:74} INFO - Running command: ['bash', '-c', 'echo "hello"']
[2022-08-23 11:59:24,670] {subprocess.py:85} INFO - Output:
[2022-08-23 11:59:24,676] {subprocess.py:92} INFO - hello
[2022-08-23 11:59:24,678] {subprocess.py:96} INFO - Command exited with return code 0
[2022-08-23 11:59:24,829] {taskinstance.py:1420} INFO - Marking task as SUCCESS. dag_id=raizen_lab_01, task_id=print_hello, execution_date=20211023T120000, start_date=20220823T115924, end_date=20220823T115924
[2022-08-23 11:59:24,906] {local_task_job.py:156} INFO - Task exited with return code 0
[2022-08-23 11:59:25,028] {local_task_job.py:273} INFO - 1 downstream tasks scheduled from follow-on schedule check
