[2022-08-24 16:00:03,256] {taskinstance.py:1179} INFO - Dependencies all met for <TaskInstance: raizen_lab_01.Step_02_Ingestion_Stage_To_Analitics scheduled__2022-08-24T15:00:00+00:00 [queued]>
[2022-08-24 16:00:03,264] {taskinstance.py:1179} INFO - Dependencies all met for <TaskInstance: raizen_lab_01.Step_02_Ingestion_Stage_To_Analitics scheduled__2022-08-24T15:00:00+00:00 [queued]>
[2022-08-24 16:00:03,265] {taskinstance.py:1376} INFO - 
--------------------------------------------------------------------------------
[2022-08-24 16:00:03,266] {taskinstance.py:1377} INFO - Starting attempt 1 of 2
[2022-08-24 16:00:03,266] {taskinstance.py:1378} INFO - 
--------------------------------------------------------------------------------
[2022-08-24 16:00:03,277] {taskinstance.py:1397} INFO - Executing <Task(PythonOperator): Step_02_Ingestion_Stage_To_Analitics> on 2022-08-24 15:00:00+00:00
[2022-08-24 16:00:03,283] {standard_task_runner.py:52} INFO - Started process 529 to run task
[2022-08-24 16:00:03,285] {standard_task_runner.py:79} INFO - Running: ['***', 'tasks', 'run', 'raizen_lab_01', 'Step_02_Ingestion_Stage_To_Analitics', 'scheduled__2022-08-24T15:00:00+00:00', '--job-id', '9747', '--raw', '--subdir', 'DAGS_FOLDER/raizen_lab_01.py', '--cfg-path', '/tmp/tmpnn7iyo2f', '--error-file', '/tmp/tmp4ly4pm7k']
[2022-08-24 16:00:03,287] {standard_task_runner.py:80} INFO - Job 9747: Subtask Step_02_Ingestion_Stage_To_Analitics
[2022-08-24 16:00:03,344] {task_command.py:371} INFO - Running <TaskInstance: raizen_lab_01.Step_02_Ingestion_Stage_To_Analitics scheduled__2022-08-24T15:00:00+00:00 [running]> on host 3f878792eb1e
[2022-08-24 16:00:03,398] {taskinstance.py:1591} INFO - Exporting the following env vars:
AIRFLOW_CTX_DAG_OWNER=admin
AIRFLOW_CTX_DAG_ID=raizen_lab_01
AIRFLOW_CTX_TASK_ID=Step_02_Ingestion_Stage_To_Analitics
AIRFLOW_CTX_EXECUTION_DATE=2022-08-24T15:00:00+00:00
AIRFLOW_CTX_TRY_NUMBER=1
AIRFLOW_CTX_DAG_RUN_ID=scheduled__2022-08-24T15:00:00+00:00
[2022-08-24 16:00:07,267] {python.py:173} INFO - Done. Returned value was: None
[2022-08-24 16:00:07,287] {taskinstance.py:1420} INFO - Marking task as SUCCESS. dag_id=raizen_lab_01, task_id=Step_02_Ingestion_Stage_To_Analitics, execution_date=20220824T150000, start_date=20220824T160003, end_date=20220824T160007
[2022-08-24 16:00:07,314] {local_task_job.py:156} INFO - Task exited with return code 0
[2022-08-24 16:00:07,344] {local_task_job.py:273} INFO - 0 downstream tasks scheduled from follow-on schedule check
