[2022-08-24 16:10:01,680] {taskinstance.py:1179} INFO - Dependencies all met for <TaskInstance: raizen_lab_01.Step_03_Ingestion_Stage_To_Analitics manual__2022-08-24T16:09:58.357891+00:00 [queued]>
[2022-08-24 16:10:01,686] {taskinstance.py:1179} INFO - Dependencies all met for <TaskInstance: raizen_lab_01.Step_03_Ingestion_Stage_To_Analitics manual__2022-08-24T16:09:58.357891+00:00 [queued]>
[2022-08-24 16:10:01,687] {taskinstance.py:1376} INFO - 
--------------------------------------------------------------------------------
[2022-08-24 16:10:01,687] {taskinstance.py:1377} INFO - Starting attempt 1 of 2
[2022-08-24 16:10:01,687] {taskinstance.py:1378} INFO - 
--------------------------------------------------------------------------------
[2022-08-24 16:10:01,698] {taskinstance.py:1397} INFO - Executing <Task(PythonOperator): Step_03_Ingestion_Stage_To_Analitics> on 2022-08-24 16:09:58.357891+00:00
[2022-08-24 16:10:01,703] {standard_task_runner.py:52} INFO - Started process 86 to run task
[2022-08-24 16:10:01,705] {standard_task_runner.py:79} INFO - Running: ['***', 'tasks', 'run', 'raizen_lab_01', 'Step_03_Ingestion_Stage_To_Analitics', 'manual__2022-08-24T16:09:58.357891+00:00', '--job-id', '9765', '--raw', '--subdir', 'DAGS_FOLDER/raizen_lab_01.py', '--cfg-path', '/tmp/tmpz91_yoz3', '--error-file', '/tmp/tmpq_hlivpu']
[2022-08-24 16:10:01,707] {standard_task_runner.py:80} INFO - Job 9765: Subtask Step_03_Ingestion_Stage_To_Analitics
[2022-08-24 16:10:01,772] {task_command.py:371} INFO - Running <TaskInstance: raizen_lab_01.Step_03_Ingestion_Stage_To_Analitics manual__2022-08-24T16:09:58.357891+00:00 [running]> on host 3f878792eb1e
[2022-08-24 16:10:01,837] {taskinstance.py:1591} INFO - Exporting the following env vars:
AIRFLOW_CTX_DAG_OWNER=admin
AIRFLOW_CTX_DAG_ID=raizen_lab_01
AIRFLOW_CTX_TASK_ID=Step_03_Ingestion_Stage_To_Analitics
AIRFLOW_CTX_EXECUTION_DATE=2022-08-24T16:09:58.357891+00:00
AIRFLOW_CTX_TRY_NUMBER=1
AIRFLOW_CTX_DAG_RUN_ID=manual__2022-08-24T16:09:58.357891+00:00
[2022-08-24 16:10:16,899] {python.py:173} INFO - Done. Returned value was: None
[2022-08-24 16:10:16,912] {taskinstance.py:1420} INFO - Marking task as SUCCESS. dag_id=raizen_lab_01, task_id=Step_03_Ingestion_Stage_To_Analitics, execution_date=20220824T160958, start_date=20220824T161001, end_date=20220824T161016
[2022-08-24 16:10:16,941] {local_task_job.py:156} INFO - Task exited with return code 0
[2022-08-24 16:10:16,969] {local_task_job.py:273} INFO - 0 downstream tasks scheduled from follow-on schedule check
