[2022-08-23 11:47:23,867] {taskinstance.py:1179} INFO - Dependencies all met for <TaskInstance: raizen_lab_01.sleep scheduled__2021-10-19T07:00:00+00:00 [queued]>
[2022-08-23 11:47:23,890] {taskinstance.py:1179} INFO - Dependencies all met for <TaskInstance: raizen_lab_01.sleep scheduled__2021-10-19T07:00:00+00:00 [queued]>
[2022-08-23 11:47:23,891] {taskinstance.py:1376} INFO - 
--------------------------------------------------------------------------------
[2022-08-23 11:47:23,891] {taskinstance.py:1377} INFO - Starting attempt 1 of 2
[2022-08-23 11:47:23,892] {taskinstance.py:1378} INFO - 
--------------------------------------------------------------------------------
[2022-08-23 11:47:23,925] {taskinstance.py:1397} INFO - Executing <Task(BashOperator): sleep> on 2021-10-19 07:00:00+00:00
[2022-08-23 11:47:23,934] {standard_task_runner.py:52} INFO - Started process 780 to run task
[2022-08-23 11:47:23,941] {standard_task_runner.py:79} INFO - Running: ['***', 'tasks', 'run', 'raizen_lab_01', 'sleep', 'scheduled__2021-10-19T07:00:00+00:00', '--job-id', '2273', '--raw', '--subdir', 'DAGS_FOLDER/raizen_lab_01.py', '--cfg-path', '/tmp/tmpm_2uywdr', '--error-file', '/tmp/tmpijwtkduw']
[2022-08-23 11:47:23,942] {standard_task_runner.py:80} INFO - Job 2273: Subtask sleep
[2022-08-23 11:47:24,106] {task_command.py:371} INFO - Running <TaskInstance: raizen_lab_01.sleep scheduled__2021-10-19T07:00:00+00:00 [running]> on host fc645605a611
[2022-08-23 11:47:24,286] {taskinstance.py:1591} INFO - Exporting the following env vars:
AIRFLOW_CTX_DAG_OWNER=admin
AIRFLOW_CTX_DAG_ID=raizen_lab_01
AIRFLOW_CTX_TASK_ID=sleep
AIRFLOW_CTX_EXECUTION_DATE=2021-10-19T07:00:00+00:00
AIRFLOW_CTX_TRY_NUMBER=1
AIRFLOW_CTX_DAG_RUN_ID=scheduled__2021-10-19T07:00:00+00:00
[2022-08-23 11:47:24,289] {subprocess.py:62} INFO - Tmp dir root location: 
 /tmp
[2022-08-23 11:47:24,290] {subprocess.py:74} INFO - Running command: ['bash', '-c', 'sleep 5']
[2022-08-23 11:47:24,313] {subprocess.py:85} INFO - Output:
[2022-08-23 11:47:29,322] {subprocess.py:96} INFO - Command exited with return code 0
[2022-08-23 11:47:29,405] {taskinstance.py:1420} INFO - Marking task as SUCCESS. dag_id=raizen_lab_01, task_id=sleep, execution_date=20211019T070000, start_date=20220823T114723, end_date=20220823T114729
[2022-08-23 11:47:29,437] {local_task_job.py:156} INFO - Task exited with return code 0
[2022-08-23 11:47:29,485] {local_task_job.py:273} INFO - 1 downstream tasks scheduled from follow-on schedule check
