[2022-08-23 12:22:14,710] {taskinstance.py:1179} INFO - Dependencies all met for <TaskInstance: raizen_lab_01.sleep scheduled__2021-11-13T09:00:00+00:00 [queued]>
[2022-08-23 12:22:14,728] {taskinstance.py:1179} INFO - Dependencies all met for <TaskInstance: raizen_lab_01.sleep scheduled__2021-11-13T09:00:00+00:00 [queued]>
[2022-08-23 12:22:14,728] {taskinstance.py:1376} INFO - 
--------------------------------------------------------------------------------
[2022-08-23 12:22:14,729] {taskinstance.py:1377} INFO - Starting attempt 1 of 2
[2022-08-23 12:22:14,729] {taskinstance.py:1378} INFO - 
--------------------------------------------------------------------------------
[2022-08-23 12:22:14,751] {taskinstance.py:1397} INFO - Executing <Task(BashOperator): sleep> on 2021-11-13 09:00:00+00:00
[2022-08-23 12:22:14,761] {standard_task_runner.py:52} INFO - Started process 2171 to run task
[2022-08-23 12:22:14,765] {standard_task_runner.py:79} INFO - Running: ['***', 'tasks', 'run', 'raizen_lab_01', 'sleep', 'scheduled__2021-11-13T09:00:00+00:00', '--job-id', '4093', '--raw', '--subdir', 'DAGS_FOLDER/raizen_lab_01.py', '--cfg-path', '/tmp/tmp4isaiyuk', '--error-file', '/tmp/tmpbhm3wuf9']
[2022-08-23 12:22:14,768] {standard_task_runner.py:80} INFO - Job 4093: Subtask sleep
[2022-08-23 12:22:14,873] {task_command.py:371} INFO - Running <TaskInstance: raizen_lab_01.sleep scheduled__2021-11-13T09:00:00+00:00 [running]> on host 6383a3236c72
[2022-08-23 12:22:14,972] {taskinstance.py:1591} INFO - Exporting the following env vars:
AIRFLOW_CTX_DAG_OWNER=admin
AIRFLOW_CTX_DAG_ID=raizen_lab_01
AIRFLOW_CTX_TASK_ID=sleep
AIRFLOW_CTX_EXECUTION_DATE=2021-11-13T09:00:00+00:00
AIRFLOW_CTX_TRY_NUMBER=1
AIRFLOW_CTX_DAG_RUN_ID=scheduled__2021-11-13T09:00:00+00:00
[2022-08-23 12:22:14,974] {subprocess.py:62} INFO - Tmp dir root location: 
 /tmp
[2022-08-23 12:22:14,975] {subprocess.py:74} INFO - Running command: ['bash', '-c', 'sleep 5']
[2022-08-23 12:22:15,046] {subprocess.py:85} INFO - Output:
[2022-08-23 12:22:20,052] {subprocess.py:96} INFO - Command exited with return code 0
[2022-08-23 12:22:20,092] {taskinstance.py:1420} INFO - Marking task as SUCCESS. dag_id=raizen_lab_01, task_id=sleep, execution_date=20211113T090000, start_date=20220823T122214, end_date=20220823T122220
[2022-08-23 12:22:20,157] {local_task_job.py:156} INFO - Task exited with return code 0
[2022-08-23 12:22:20,196] {local_task_job.py:273} INFO - 1 downstream tasks scheduled from follow-on schedule check
