[2022-08-23 12:22:45,220] {taskinstance.py:1179} INFO - Dependencies all met for <TaskInstance: raizen_lab_01.sleep scheduled__2021-11-14T17:00:00+00:00 [queued]>
[2022-08-23 12:22:45,229] {taskinstance.py:1179} INFO - Dependencies all met for <TaskInstance: raizen_lab_01.sleep scheduled__2021-11-14T17:00:00+00:00 [queued]>
[2022-08-23 12:22:45,229] {taskinstance.py:1376} INFO - 
--------------------------------------------------------------------------------
[2022-08-23 12:22:45,230] {taskinstance.py:1377} INFO - Starting attempt 1 of 2
[2022-08-23 12:22:45,230] {taskinstance.py:1378} INFO - 
--------------------------------------------------------------------------------
[2022-08-23 12:22:45,248] {taskinstance.py:1397} INFO - Executing <Task(BashOperator): sleep> on 2021-11-14 17:00:00+00:00
[2022-08-23 12:22:45,254] {standard_task_runner.py:52} INFO - Started process 2548 to run task
[2022-08-23 12:22:45,257] {standard_task_runner.py:79} INFO - Running: ['***', 'tasks', 'run', 'raizen_lab_01', 'sleep', 'scheduled__2021-11-14T17:00:00+00:00', '--job-id', '4187', '--raw', '--subdir', 'DAGS_FOLDER/raizen_lab_01.py', '--cfg-path', '/tmp/tmpfs1n30we', '--error-file', '/tmp/tmpgo1nc5me']
[2022-08-23 12:22:45,259] {standard_task_runner.py:80} INFO - Job 4187: Subtask sleep
[2022-08-23 12:22:45,334] {task_command.py:371} INFO - Running <TaskInstance: raizen_lab_01.sleep scheduled__2021-11-14T17:00:00+00:00 [running]> on host 6383a3236c72
[2022-08-23 12:22:45,420] {taskinstance.py:1591} INFO - Exporting the following env vars:
AIRFLOW_CTX_DAG_OWNER=admin
AIRFLOW_CTX_DAG_ID=raizen_lab_01
AIRFLOW_CTX_TASK_ID=sleep
AIRFLOW_CTX_EXECUTION_DATE=2021-11-14T17:00:00+00:00
AIRFLOW_CTX_TRY_NUMBER=1
AIRFLOW_CTX_DAG_RUN_ID=scheduled__2021-11-14T17:00:00+00:00
[2022-08-23 12:22:45,422] {subprocess.py:62} INFO - Tmp dir root location: 
 /tmp
[2022-08-23 12:22:45,423] {subprocess.py:74} INFO - Running command: ['bash', '-c', 'sleep 5']
[2022-08-23 12:22:45,434] {subprocess.py:85} INFO - Output:
[2022-08-23 12:22:50,434] {subprocess.py:96} INFO - Command exited with return code 0
[2022-08-23 12:22:50,465] {taskinstance.py:1420} INFO - Marking task as SUCCESS. dag_id=raizen_lab_01, task_id=sleep, execution_date=20211114T170000, start_date=20220823T122245, end_date=20220823T122250
[2022-08-23 12:22:50,492] {local_task_job.py:156} INFO - Task exited with return code 0
[2022-08-23 12:22:50,525] {local_task_job.py:273} INFO - 1 downstream tasks scheduled from follow-on schedule check
