[2022-08-23 12:26:07,623] {taskinstance.py:1179} INFO - Dependencies all met for <TaskInstance: raizen_lab_01.print_hello scheduled__2021-11-23T10:00:00+00:00 [queued]>
[2022-08-23 12:26:07,636] {taskinstance.py:1179} INFO - Dependencies all met for <TaskInstance: raizen_lab_01.print_hello scheduled__2021-11-23T10:00:00+00:00 [queued]>
[2022-08-23 12:26:07,636] {taskinstance.py:1376} INFO - 
--------------------------------------------------------------------------------
[2022-08-23 12:26:07,636] {taskinstance.py:1377} INFO - Starting attempt 1 of 2
[2022-08-23 12:26:07,637] {taskinstance.py:1378} INFO - 
--------------------------------------------------------------------------------
[2022-08-23 12:26:07,652] {taskinstance.py:1397} INFO - Executing <Task(BashOperator): print_hello> on 2021-11-23 10:00:00+00:00
[2022-08-23 12:26:07,660] {standard_task_runner.py:52} INFO - Started process 4956 to run task
[2022-08-23 12:26:07,663] {standard_task_runner.py:79} INFO - Running: ['***', 'tasks', 'run', 'raizen_lab_01', 'print_hello', 'scheduled__2021-11-23T10:00:00+00:00', '--job-id', '4803', '--raw', '--subdir', 'DAGS_FOLDER/raizen_lab_01.py', '--cfg-path', '/tmp/tmp6g3qxjf0', '--error-file', '/tmp/tmpi898xq8_']
[2022-08-23 12:26:07,664] {standard_task_runner.py:80} INFO - Job 4803: Subtask print_hello
[2022-08-23 12:26:07,743] {task_command.py:371} INFO - Running <TaskInstance: raizen_lab_01.print_hello scheduled__2021-11-23T10:00:00+00:00 [running]> on host 6383a3236c72
[2022-08-23 12:26:07,900] {taskinstance.py:1591} INFO - Exporting the following env vars:
AIRFLOW_CTX_DAG_OWNER=admin
AIRFLOW_CTX_DAG_ID=raizen_lab_01
AIRFLOW_CTX_TASK_ID=print_hello
AIRFLOW_CTX_EXECUTION_DATE=2021-11-23T10:00:00+00:00
AIRFLOW_CTX_TRY_NUMBER=1
AIRFLOW_CTX_DAG_RUN_ID=scheduled__2021-11-23T10:00:00+00:00
[2022-08-23 12:26:07,903] {subprocess.py:62} INFO - Tmp dir root location: 
 /tmp
[2022-08-23 12:26:07,904] {subprocess.py:74} INFO - Running command: ['bash', '-c', 'echo "hello"']
[2022-08-23 12:26:07,921] {subprocess.py:85} INFO - Output:
[2022-08-23 12:26:07,923] {subprocess.py:92} INFO - hello
[2022-08-23 12:26:07,924] {subprocess.py:96} INFO - Command exited with return code 0
[2022-08-23 12:26:07,957] {taskinstance.py:1420} INFO - Marking task as SUCCESS. dag_id=raizen_lab_01, task_id=print_hello, execution_date=20211123T100000, start_date=20220823T122607, end_date=20220823T122607
[2022-08-23 12:26:07,995] {local_task_job.py:156} INFO - Task exited with return code 0
[2022-08-23 12:26:08,055] {local_task_job.py:273} INFO - 1 downstream tasks scheduled from follow-on schedule check
