[2022-08-23 12:08:07,414] {taskinstance.py:1179} INFO - Dependencies all met for <TaskInstance: raizen_lab_01.sleep scheduled__2021-10-31T22:00:00+00:00 [queued]>
[2022-08-23 12:08:07,429] {taskinstance.py:1179} INFO - Dependencies all met for <TaskInstance: raizen_lab_01.sleep scheduled__2021-10-31T22:00:00+00:00 [queued]>
[2022-08-23 12:08:07,429] {taskinstance.py:1376} INFO - 
--------------------------------------------------------------------------------
[2022-08-23 12:08:07,430] {taskinstance.py:1377} INFO - Starting attempt 1 of 2
[2022-08-23 12:08:07,430] {taskinstance.py:1378} INFO - 
--------------------------------------------------------------------------------
[2022-08-23 12:08:07,449] {taskinstance.py:1397} INFO - Executing <Task(BashOperator): sleep> on 2021-10-31 22:00:00+00:00
[2022-08-23 12:08:07,456] {standard_task_runner.py:52} INFO - Started process 1678 to run task
[2022-08-23 12:08:07,460] {standard_task_runner.py:79} INFO - Running: ['***', 'tasks', 'run', 'raizen_lab_01', 'sleep', 'scheduled__2021-10-31T22:00:00+00:00', '--job-id', '3185', '--raw', '--subdir', 'DAGS_FOLDER/raizen_lab_01.py', '--cfg-path', '/tmp/tmpi1v7vrwu', '--error-file', '/tmp/tmp2mvysbi8']
[2022-08-23 12:08:07,461] {standard_task_runner.py:80} INFO - Job 3185: Subtask sleep
[2022-08-23 12:08:07,594] {task_command.py:371} INFO - Running <TaskInstance: raizen_lab_01.sleep scheduled__2021-10-31T22:00:00+00:00 [running]> on host 67b6bdae536e
[2022-08-23 12:08:07,697] {taskinstance.py:1591} INFO - Exporting the following env vars:
AIRFLOW_CTX_DAG_OWNER=admin
AIRFLOW_CTX_DAG_ID=raizen_lab_01
AIRFLOW_CTX_TASK_ID=sleep
AIRFLOW_CTX_EXECUTION_DATE=2021-10-31T22:00:00+00:00
AIRFLOW_CTX_TRY_NUMBER=1
AIRFLOW_CTX_DAG_RUN_ID=scheduled__2021-10-31T22:00:00+00:00
[2022-08-23 12:08:07,699] {subprocess.py:62} INFO - Tmp dir root location: 
 /tmp
[2022-08-23 12:08:07,700] {subprocess.py:74} INFO - Running command: ['bash', '-c', 'sleep 5']
[2022-08-23 12:08:07,716] {subprocess.py:85} INFO - Output:
[2022-08-23 12:08:12,719] {subprocess.py:96} INFO - Command exited with return code 0
[2022-08-23 12:08:12,746] {taskinstance.py:1420} INFO - Marking task as SUCCESS. dag_id=raizen_lab_01, task_id=sleep, execution_date=20211031T220000, start_date=20220823T120807, end_date=20220823T120812
[2022-08-23 12:08:12,765] {local_task_job.py:156} INFO - Task exited with return code 0
[2022-08-23 12:08:12,791] {local_task_job.py:273} INFO - 1 downstream tasks scheduled from follow-on schedule check
