[2022-08-23 11:32:41,181] {taskinstance.py:1179} INFO - Dependencies all met for <TaskInstance: raizen_lab_01.sleep scheduled__2021-09-30T09:00:00+00:00 [queued]>
[2022-08-23 11:32:41,201] {taskinstance.py:1179} INFO - Dependencies all met for <TaskInstance: raizen_lab_01.sleep scheduled__2021-09-30T09:00:00+00:00 [queued]>
[2022-08-23 11:32:41,202] {taskinstance.py:1376} INFO - 
--------------------------------------------------------------------------------
[2022-08-23 11:32:41,203] {taskinstance.py:1377} INFO - Starting attempt 1 of 2
[2022-08-23 11:32:41,203] {taskinstance.py:1378} INFO - 
--------------------------------------------------------------------------------
[2022-08-23 11:32:41,236] {taskinstance.py:1397} INFO - Executing <Task(BashOperator): sleep> on 2021-09-30 09:00:00+00:00
[2022-08-23 11:32:41,244] {standard_task_runner.py:52} INFO - Started process 2529 to run task
[2022-08-23 11:32:41,248] {standard_task_runner.py:79} INFO - Running: ['***', 'tasks', 'run', 'raizen_lab_01', 'sleep', 'scheduled__2021-09-30T09:00:00+00:00', '--job-id', '899', '--raw', '--subdir', 'DAGS_FOLDER/raizen_lab_01.py', '--cfg-path', '/tmp/tmp8nzgmvw8', '--error-file', '/tmp/tmp81crakzc']
[2022-08-23 11:32:41,249] {standard_task_runner.py:80} INFO - Job 899: Subtask sleep
[2022-08-23 11:32:41,360] {task_command.py:371} INFO - Running <TaskInstance: raizen_lab_01.sleep scheduled__2021-09-30T09:00:00+00:00 [running]> on host 7f48b7aaf0fc
[2022-08-23 11:32:41,505] {taskinstance.py:1591} INFO - Exporting the following env vars:
AIRFLOW_CTX_DAG_OWNER=admin
AIRFLOW_CTX_DAG_ID=raizen_lab_01
AIRFLOW_CTX_TASK_ID=sleep
AIRFLOW_CTX_EXECUTION_DATE=2021-09-30T09:00:00+00:00
AIRFLOW_CTX_TRY_NUMBER=1
AIRFLOW_CTX_DAG_RUN_ID=scheduled__2021-09-30T09:00:00+00:00
[2022-08-23 11:32:41,508] {subprocess.py:62} INFO - Tmp dir root location: 
 /tmp
[2022-08-23 11:32:41,509] {subprocess.py:74} INFO - Running command: ['bash', '-c', 'sleep 5']
[2022-08-23 11:32:41,528] {subprocess.py:85} INFO - Output:
[2022-08-23 11:32:46,534] {subprocess.py:96} INFO - Command exited with return code 0
[2022-08-23 11:32:46,606] {taskinstance.py:1420} INFO - Marking task as SUCCESS. dag_id=raizen_lab_01, task_id=sleep, execution_date=20210930T090000, start_date=20220823T113241, end_date=20220823T113246
[2022-08-23 11:32:46,631] {local_task_job.py:156} INFO - Task exited with return code 0
[2022-08-23 11:32:46,684] {local_task_job.py:273} INFO - 1 downstream tasks scheduled from follow-on schedule check
