[2022-08-23 19:47:06,951] {taskinstance.py:1179} INFO - Dependencies all met for <TaskInstance: raizen_lab_01.sleep scheduled__2022-01-27T08:00:00+00:00 [queued]>
[2022-08-23 19:47:06,975] {taskinstance.py:1179} INFO - Dependencies all met for <TaskInstance: raizen_lab_01.sleep scheduled__2022-01-27T08:00:00+00:00 [queued]>
[2022-08-23 19:47:06,976] {taskinstance.py:1376} INFO - 
--------------------------------------------------------------------------------
[2022-08-23 19:47:06,976] {taskinstance.py:1377} INFO - Starting attempt 1 of 2
[2022-08-23 19:47:06,977] {taskinstance.py:1378} INFO - 
--------------------------------------------------------------------------------
[2022-08-23 19:47:07,010] {taskinstance.py:1397} INFO - Executing <Task(BashOperator): sleep> on 2022-01-27 08:00:00+00:00
[2022-08-23 19:47:07,023] {standard_task_runner.py:52} INFO - Started process 292 to run task
[2022-08-23 19:47:07,032] {standard_task_runner.py:79} INFO - Running: ['***', 'tasks', 'run', 'raizen_lab_01', 'sleep', 'scheduled__2022-01-27T08:00:00+00:00', '--job-id', '9291', '--raw', '--subdir', 'DAGS_FOLDER/raizen_lab_01.py', '--cfg-path', '/tmp/tmp0wua9q75', '--error-file', '/tmp/tmp08ab6xay']
[2022-08-23 19:47:07,034] {standard_task_runner.py:80} INFO - Job 9291: Subtask sleep
[2022-08-23 19:47:07,163] {task_command.py:371} INFO - Running <TaskInstance: raizen_lab_01.sleep scheduled__2022-01-27T08:00:00+00:00 [running]> on host 80fce776ee1f
[2022-08-23 19:47:07,367] {taskinstance.py:1591} INFO - Exporting the following env vars:
AIRFLOW_CTX_DAG_OWNER=admin
AIRFLOW_CTX_DAG_ID=raizen_lab_01
AIRFLOW_CTX_TASK_ID=sleep
AIRFLOW_CTX_EXECUTION_DATE=2022-01-27T08:00:00+00:00
AIRFLOW_CTX_TRY_NUMBER=1
AIRFLOW_CTX_DAG_RUN_ID=scheduled__2022-01-27T08:00:00+00:00
[2022-08-23 19:47:07,370] {subprocess.py:62} INFO - Tmp dir root location: 
 /tmp
[2022-08-23 19:47:07,371] {subprocess.py:74} INFO - Running command: ['bash', '-c', 'sleep 5']
[2022-08-23 19:47:07,395] {subprocess.py:85} INFO - Output:
[2022-08-23 19:47:12,400] {subprocess.py:96} INFO - Command exited with return code 0
[2022-08-23 19:47:12,518] {taskinstance.py:1420} INFO - Marking task as SUCCESS. dag_id=raizen_lab_01, task_id=sleep, execution_date=20220127T080000, start_date=20220823T194706, end_date=20220823T194712
[2022-08-23 19:47:12,578] {local_task_job.py:156} INFO - Task exited with return code 0
[2022-08-23 19:47:12,613] {local_task_job.py:273} INFO - 1 downstream tasks scheduled from follow-on schedule check
