[2022-08-23 12:33:11,549] {taskinstance.py:1179} INFO - Dependencies all met for <TaskInstance: raizen_lab_01.sleep scheduled__2021-12-12T04:00:00+00:00 [queued]>
[2022-08-23 12:33:11,558] {taskinstance.py:1179} INFO - Dependencies all met for <TaskInstance: raizen_lab_01.sleep scheduled__2021-12-12T04:00:00+00:00 [queued]>
[2022-08-23 12:33:11,558] {taskinstance.py:1376} INFO - 
--------------------------------------------------------------------------------
[2022-08-23 12:33:11,558] {taskinstance.py:1377} INFO - Starting attempt 1 of 2
[2022-08-23 12:33:11,559] {taskinstance.py:1378} INFO - 
--------------------------------------------------------------------------------
[2022-08-23 12:33:11,576] {taskinstance.py:1397} INFO - Executing <Task(BashOperator): sleep> on 2021-12-12 04:00:00+00:00
[2022-08-23 12:33:11,584] {standard_task_runner.py:52} INFO - Started process 10269 to run task
[2022-08-23 12:33:11,587] {standard_task_runner.py:79} INFO - Running: ['***', 'tasks', 'run', 'raizen_lab_01', 'sleep', 'scheduled__2021-12-12T04:00:00+00:00', '--job-id', '6160', '--raw', '--subdir', 'DAGS_FOLDER/raizen_lab_01.py', '--cfg-path', '/tmp/tmpr53zyocs', '--error-file', '/tmp/tmppcezepko']
[2022-08-23 12:33:11,589] {standard_task_runner.py:80} INFO - Job 6160: Subtask sleep
[2022-08-23 12:33:11,663] {task_command.py:371} INFO - Running <TaskInstance: raizen_lab_01.sleep scheduled__2021-12-12T04:00:00+00:00 [running]> on host 6383a3236c72
[2022-08-23 12:33:11,741] {taskinstance.py:1591} INFO - Exporting the following env vars:
AIRFLOW_CTX_DAG_OWNER=admin
AIRFLOW_CTX_DAG_ID=raizen_lab_01
AIRFLOW_CTX_TASK_ID=sleep
AIRFLOW_CTX_EXECUTION_DATE=2021-12-12T04:00:00+00:00
AIRFLOW_CTX_TRY_NUMBER=1
AIRFLOW_CTX_DAG_RUN_ID=scheduled__2021-12-12T04:00:00+00:00
[2022-08-23 12:33:11,743] {subprocess.py:62} INFO - Tmp dir root location: 
 /tmp
[2022-08-23 12:33:11,743] {subprocess.py:74} INFO - Running command: ['bash', '-c', 'sleep 5']
[2022-08-23 12:33:11,757] {subprocess.py:85} INFO - Output:
[2022-08-23 12:33:16,762] {subprocess.py:96} INFO - Command exited with return code 0
[2022-08-23 12:33:16,909] {taskinstance.py:1420} INFO - Marking task as SUCCESS. dag_id=raizen_lab_01, task_id=sleep, execution_date=20211212T040000, start_date=20220823T123311, end_date=20220823T123316
[2022-08-23 12:33:16,935] {local_task_job.py:156} INFO - Task exited with return code 0
[2022-08-23 12:33:16,968] {local_task_job.py:273} INFO - 1 downstream tasks scheduled from follow-on schedule check
