[2022-08-23 12:26:40,300] {taskinstance.py:1179} INFO - Dependencies all met for <TaskInstance: raizen_lab_01.sleep scheduled__2021-11-24T15:00:00+00:00 [queued]>
[2022-08-23 12:26:40,317] {taskinstance.py:1179} INFO - Dependencies all met for <TaskInstance: raizen_lab_01.sleep scheduled__2021-11-24T15:00:00+00:00 [queued]>
[2022-08-23 12:26:40,318] {taskinstance.py:1376} INFO - 
--------------------------------------------------------------------------------
[2022-08-23 12:26:40,318] {taskinstance.py:1377} INFO - Starting attempt 1 of 2
[2022-08-23 12:26:40,319] {taskinstance.py:1378} INFO - 
--------------------------------------------------------------------------------
[2022-08-23 12:26:40,345] {taskinstance.py:1397} INFO - Executing <Task(BashOperator): sleep> on 2021-11-24 15:00:00+00:00
[2022-08-23 12:26:40,355] {standard_task_runner.py:52} INFO - Started process 5360 to run task
[2022-08-23 12:26:40,361] {standard_task_runner.py:79} INFO - Running: ['***', 'tasks', 'run', 'raizen_lab_01', 'sleep', 'scheduled__2021-11-24T15:00:00+00:00', '--job-id', '4906', '--raw', '--subdir', 'DAGS_FOLDER/raizen_lab_01.py', '--cfg-path', '/tmp/tmpg9w4kg3a', '--error-file', '/tmp/tmpy08nkw3g']
[2022-08-23 12:26:40,364] {standard_task_runner.py:80} INFO - Job 4906: Subtask sleep
[2022-08-23 12:26:40,478] {task_command.py:371} INFO - Running <TaskInstance: raizen_lab_01.sleep scheduled__2021-11-24T15:00:00+00:00 [running]> on host 6383a3236c72
[2022-08-23 12:26:40,592] {taskinstance.py:1591} INFO - Exporting the following env vars:
AIRFLOW_CTX_DAG_OWNER=admin
AIRFLOW_CTX_DAG_ID=raizen_lab_01
AIRFLOW_CTX_TASK_ID=sleep
AIRFLOW_CTX_EXECUTION_DATE=2021-11-24T15:00:00+00:00
AIRFLOW_CTX_TRY_NUMBER=1
AIRFLOW_CTX_DAG_RUN_ID=scheduled__2021-11-24T15:00:00+00:00
[2022-08-23 12:26:40,595] {subprocess.py:62} INFO - Tmp dir root location: 
 /tmp
[2022-08-23 12:26:40,596] {subprocess.py:74} INFO - Running command: ['bash', '-c', 'sleep 5']
[2022-08-23 12:26:40,620] {subprocess.py:85} INFO - Output:
[2022-08-23 12:26:45,625] {subprocess.py:96} INFO - Command exited with return code 0
[2022-08-23 12:26:45,652] {taskinstance.py:1420} INFO - Marking task as SUCCESS. dag_id=raizen_lab_01, task_id=sleep, execution_date=20211124T150000, start_date=20220823T122640, end_date=20220823T122645
[2022-08-23 12:26:45,673] {local_task_job.py:156} INFO - Task exited with return code 0
[2022-08-23 12:26:45,696] {local_task_job.py:273} INFO - 1 downstream tasks scheduled from follow-on schedule check
