[2022-08-23 12:24:34,195] {taskinstance.py:1179} INFO - Dependencies all met for <TaskInstance: raizen_lab_01.print_hello scheduled__2021-11-19T17:00:00+00:00 [queued]>
[2022-08-23 12:24:34,203] {taskinstance.py:1179} INFO - Dependencies all met for <TaskInstance: raizen_lab_01.print_hello scheduled__2021-11-19T17:00:00+00:00 [queued]>
[2022-08-23 12:24:34,203] {taskinstance.py:1376} INFO - 
--------------------------------------------------------------------------------
[2022-08-23 12:24:34,204] {taskinstance.py:1377} INFO - Starting attempt 1 of 2
[2022-08-23 12:24:34,209] {taskinstance.py:1378} INFO - 
--------------------------------------------------------------------------------
[2022-08-23 12:24:34,247] {taskinstance.py:1397} INFO - Executing <Task(BashOperator): print_hello> on 2021-11-19 17:00:00+00:00
[2022-08-23 12:24:34,253] {standard_task_runner.py:52} INFO - Started process 3888 to run task
[2022-08-23 12:24:34,257] {standard_task_runner.py:79} INFO - Running: ['***', 'tasks', 'run', 'raizen_lab_01', 'print_hello', 'scheduled__2021-11-19T17:00:00+00:00', '--job-id', '4531', '--raw', '--subdir', 'DAGS_FOLDER/raizen_lab_01.py', '--cfg-path', '/tmp/tmphus9y5qo', '--error-file', '/tmp/tmpp6u16g8o']
[2022-08-23 12:24:34,259] {standard_task_runner.py:80} INFO - Job 4531: Subtask print_hello
[2022-08-23 12:24:34,340] {task_command.py:371} INFO - Running <TaskInstance: raizen_lab_01.print_hello scheduled__2021-11-19T17:00:00+00:00 [running]> on host 6383a3236c72
[2022-08-23 12:24:34,474] {taskinstance.py:1591} INFO - Exporting the following env vars:
AIRFLOW_CTX_DAG_OWNER=admin
AIRFLOW_CTX_DAG_ID=raizen_lab_01
AIRFLOW_CTX_TASK_ID=print_hello
AIRFLOW_CTX_EXECUTION_DATE=2021-11-19T17:00:00+00:00
AIRFLOW_CTX_TRY_NUMBER=1
AIRFLOW_CTX_DAG_RUN_ID=scheduled__2021-11-19T17:00:00+00:00
[2022-08-23 12:24:34,475] {subprocess.py:62} INFO - Tmp dir root location: 
 /tmp
[2022-08-23 12:24:34,476] {subprocess.py:74} INFO - Running command: ['bash', '-c', 'echo "hello"']
[2022-08-23 12:24:34,489] {subprocess.py:85} INFO - Output:
[2022-08-23 12:24:34,490] {subprocess.py:92} INFO - hello
[2022-08-23 12:24:34,490] {subprocess.py:96} INFO - Command exited with return code 0
[2022-08-23 12:24:34,535] {taskinstance.py:1420} INFO - Marking task as SUCCESS. dag_id=raizen_lab_01, task_id=print_hello, execution_date=20211119T170000, start_date=20220823T122434, end_date=20220823T122434
[2022-08-23 12:24:34,589] {local_task_job.py:156} INFO - Task exited with return code 0
[2022-08-23 12:24:34,719] {local_task_job.py:273} INFO - 0 downstream tasks scheduled from follow-on schedule check
