[2022-08-23 12:06:58,716] {taskinstance.py:1179} INFO - Dependencies all met for <TaskInstance: raizen_lab_01.sleep scheduled__2021-10-28T06:00:00+00:00 [queued]>
[2022-08-23 12:06:58,738] {taskinstance.py:1179} INFO - Dependencies all met for <TaskInstance: raizen_lab_01.sleep scheduled__2021-10-28T06:00:00+00:00 [queued]>
[2022-08-23 12:06:58,738] {taskinstance.py:1376} INFO - 
--------------------------------------------------------------------------------
[2022-08-23 12:06:58,739] {taskinstance.py:1377} INFO - Starting attempt 1 of 2
[2022-08-23 12:06:58,739] {taskinstance.py:1378} INFO - 
--------------------------------------------------------------------------------
[2022-08-23 12:06:58,764] {taskinstance.py:1397} INFO - Executing <Task(BashOperator): sleep> on 2021-10-28 06:00:00+00:00
[2022-08-23 12:06:58,775] {standard_task_runner.py:52} INFO - Started process 946 to run task
[2022-08-23 12:06:58,780] {standard_task_runner.py:79} INFO - Running: ['***', 'tasks', 'run', 'raizen_lab_01', 'sleep', 'scheduled__2021-10-28T06:00:00+00:00', '--job-id', '2928', '--raw', '--subdir', 'DAGS_FOLDER/raizen_lab_01.py', '--cfg-path', '/tmp/tmp2_ngk8ve', '--error-file', '/tmp/tmpd7gvwpzf']
[2022-08-23 12:06:58,781] {standard_task_runner.py:80} INFO - Job 2928: Subtask sleep
[2022-08-23 12:06:58,949] {task_command.py:371} INFO - Running <TaskInstance: raizen_lab_01.sleep scheduled__2021-10-28T06:00:00+00:00 [running]> on host 67b6bdae536e
[2022-08-23 12:06:59,041] {taskinstance.py:1591} INFO - Exporting the following env vars:
AIRFLOW_CTX_DAG_OWNER=admin
AIRFLOW_CTX_DAG_ID=raizen_lab_01
AIRFLOW_CTX_TASK_ID=sleep
AIRFLOW_CTX_EXECUTION_DATE=2021-10-28T06:00:00+00:00
AIRFLOW_CTX_TRY_NUMBER=1
AIRFLOW_CTX_DAG_RUN_ID=scheduled__2021-10-28T06:00:00+00:00
[2022-08-23 12:06:59,043] {subprocess.py:62} INFO - Tmp dir root location: 
 /tmp
[2022-08-23 12:06:59,044] {subprocess.py:74} INFO - Running command: ['bash', '-c', 'sleep 5']
[2022-08-23 12:06:59,058] {subprocess.py:85} INFO - Output:
[2022-08-23 12:07:04,061] {subprocess.py:96} INFO - Command exited with return code 0
[2022-08-23 12:07:04,157] {taskinstance.py:1420} INFO - Marking task as SUCCESS. dag_id=raizen_lab_01, task_id=sleep, execution_date=20211028T060000, start_date=20220823T120658, end_date=20220823T120704
[2022-08-23 12:07:04,209] {local_task_job.py:156} INFO - Task exited with return code 0
[2022-08-23 12:07:04,238] {local_task_job.py:273} INFO - 1 downstream tasks scheduled from follow-on schedule check
