[2022-08-23 11:46:11,008] {taskinstance.py:1179} INFO - Dependencies all met for <TaskInstance: raizen_lab_01.sleep scheduled__2021-10-16T17:00:00+00:00 [queued]>
[2022-08-23 11:46:11,032] {taskinstance.py:1179} INFO - Dependencies all met for <TaskInstance: raizen_lab_01.sleep scheduled__2021-10-16T17:00:00+00:00 [queued]>
[2022-08-23 11:46:11,032] {taskinstance.py:1376} INFO - 
--------------------------------------------------------------------------------
[2022-08-23 11:46:11,033] {taskinstance.py:1377} INFO - Starting attempt 1 of 2
[2022-08-23 11:46:11,034] {taskinstance.py:1378} INFO - 
--------------------------------------------------------------------------------
[2022-08-23 11:46:11,065] {taskinstance.py:1397} INFO - Executing <Task(BashOperator): sleep> on 2021-10-16 17:00:00+00:00
[2022-08-23 11:46:11,074] {standard_task_runner.py:52} INFO - Started process 240 to run task
[2022-08-23 11:46:11,080] {standard_task_runner.py:79} INFO - Running: ['***', 'tasks', 'run', 'raizen_lab_01', 'sleep', 'scheduled__2021-10-16T17:00:00+00:00', '--job-id', '2087', '--raw', '--subdir', 'DAGS_FOLDER/raizen_lab_01.py', '--cfg-path', '/tmp/tmp8ic3tvsa', '--error-file', '/tmp/tmpg8iq40_5']
[2022-08-23 11:46:11,081] {standard_task_runner.py:80} INFO - Job 2087: Subtask sleep
[2022-08-23 11:46:11,207] {task_command.py:371} INFO - Running <TaskInstance: raizen_lab_01.sleep scheduled__2021-10-16T17:00:00+00:00 [running]> on host fc645605a611
[2022-08-23 11:46:11,380] {taskinstance.py:1591} INFO - Exporting the following env vars:
AIRFLOW_CTX_DAG_OWNER=admin
AIRFLOW_CTX_DAG_ID=raizen_lab_01
AIRFLOW_CTX_TASK_ID=sleep
AIRFLOW_CTX_EXECUTION_DATE=2021-10-16T17:00:00+00:00
AIRFLOW_CTX_TRY_NUMBER=1
AIRFLOW_CTX_DAG_RUN_ID=scheduled__2021-10-16T17:00:00+00:00
[2022-08-23 11:46:11,384] {subprocess.py:62} INFO - Tmp dir root location: 
 /tmp
[2022-08-23 11:46:11,386] {subprocess.py:74} INFO - Running command: ['bash', '-c', 'sleep 5']
[2022-08-23 11:46:11,413] {subprocess.py:85} INFO - Output:
[2022-08-23 11:46:16,421] {subprocess.py:96} INFO - Command exited with return code 0
[2022-08-23 11:46:16,611] {taskinstance.py:1420} INFO - Marking task as SUCCESS. dag_id=raizen_lab_01, task_id=sleep, execution_date=20211016T170000, start_date=20220823T114611, end_date=20220823T114616
[2022-08-23 11:46:16,655] {local_task_job.py:156} INFO - Task exited with return code 0
[2022-08-23 11:46:16,711] {local_task_job.py:273} INFO - 1 downstream tasks scheduled from follow-on schedule check
