[2022-08-24 18:00:01,309] {taskinstance.py:1179} INFO - Dependencies all met for <TaskInstance: raizen_lab_01.Step_01_Ingestion_Sheets_To_Stage scheduled__2022-08-24T17:00:00+00:00 [queued]>
[2022-08-24 18:00:01,323] {taskinstance.py:1179} INFO - Dependencies all met for <TaskInstance: raizen_lab_01.Step_01_Ingestion_Sheets_To_Stage scheduled__2022-08-24T17:00:00+00:00 [queued]>
[2022-08-24 18:00:01,324] {taskinstance.py:1376} INFO - 
--------------------------------------------------------------------------------
[2022-08-24 18:00:01,325] {taskinstance.py:1377} INFO - Starting attempt 1 of 2
[2022-08-24 18:00:01,326] {taskinstance.py:1378} INFO - 
--------------------------------------------------------------------------------
[2022-08-24 18:00:01,344] {taskinstance.py:1397} INFO - Executing <Task(PythonOperator): Step_01_Ingestion_Sheets_To_Stage> on 2022-08-24 17:00:00+00:00
[2022-08-24 18:00:01,352] {standard_task_runner.py:52} INFO - Started process 4078 to run task
[2022-08-24 18:00:01,355] {standard_task_runner.py:79} INFO - Running: ['***', 'tasks', 'run', 'raizen_lab_01', 'Step_01_Ingestion_Sheets_To_Stage', 'scheduled__2022-08-24T17:00:00+00:00', '--job-id', '9772', '--raw', '--subdir', 'DAGS_FOLDER/raizen_lab_01.py', '--cfg-path', '/tmp/tmp7kzdpgi5', '--error-file', '/tmp/tmppky4nybu']
[2022-08-24 18:00:01,357] {standard_task_runner.py:80} INFO - Job 9772: Subtask Step_01_Ingestion_Sheets_To_Stage
[2022-08-24 18:00:01,439] {task_command.py:371} INFO - Running <TaskInstance: raizen_lab_01.Step_01_Ingestion_Sheets_To_Stage scheduled__2022-08-24T17:00:00+00:00 [running]> on host 3f878792eb1e
[2022-08-24 18:00:01,526] {taskinstance.py:1591} INFO - Exporting the following env vars:
AIRFLOW_CTX_DAG_OWNER=admin
AIRFLOW_CTX_DAG_ID=raizen_lab_01
AIRFLOW_CTX_TASK_ID=Step_01_Ingestion_Sheets_To_Stage
AIRFLOW_CTX_EXECUTION_DATE=2022-08-24T17:00:00+00:00
AIRFLOW_CTX_TRY_NUMBER=1
AIRFLOW_CTX_DAG_RUN_ID=scheduled__2022-08-24T17:00:00+00:00
[2022-08-24 18:00:04,955] {python.py:173} INFO - Done. Returned value was: None
[2022-08-24 18:00:04,979] {taskinstance.py:1420} INFO - Marking task as SUCCESS. dag_id=raizen_lab_01, task_id=Step_01_Ingestion_Sheets_To_Stage, execution_date=20220824T170000, start_date=20220824T180001, end_date=20220824T180004
[2022-08-24 18:00:05,029] {local_task_job.py:156} INFO - Task exited with return code 0
[2022-08-24 18:00:05,092] {local_task_job.py:273} INFO - 1 downstream tasks scheduled from follow-on schedule check
