[2022-08-23 12:06:31,516] {taskinstance.py:1179} INFO - Dependencies all met for <TaskInstance: raizen_lab_01.print_hello scheduled__2021-10-27T03:00:00+00:00 [queued]>
[2022-08-23 12:06:31,527] {taskinstance.py:1179} INFO - Dependencies all met for <TaskInstance: raizen_lab_01.print_hello scheduled__2021-10-27T03:00:00+00:00 [queued]>
[2022-08-23 12:06:31,527] {taskinstance.py:1376} INFO - 
--------------------------------------------------------------------------------
[2022-08-23 12:06:31,528] {taskinstance.py:1377} INFO - Starting attempt 1 of 2
[2022-08-23 12:06:31,528] {taskinstance.py:1378} INFO - 
--------------------------------------------------------------------------------
[2022-08-23 12:06:31,542] {taskinstance.py:1397} INFO - Executing <Task(BashOperator): print_hello> on 2021-10-27 03:00:00+00:00
[2022-08-23 12:06:31,547] {standard_task_runner.py:52} INFO - Started process 662 to run task
[2022-08-23 12:06:31,550] {standard_task_runner.py:79} INFO - Running: ['***', 'tasks', 'run', 'raizen_lab_01', 'print_hello', 'scheduled__2021-10-27T03:00:00+00:00', '--job-id', '2832', '--raw', '--subdir', 'DAGS_FOLDER/raizen_lab_01.py', '--cfg-path', '/tmp/tmpy08v2zpc', '--error-file', '/tmp/tmp2o7wx2z_']
[2022-08-23 12:06:31,550] {standard_task_runner.py:80} INFO - Job 2832: Subtask print_hello
[2022-08-23 12:06:31,622] {task_command.py:371} INFO - Running <TaskInstance: raizen_lab_01.print_hello scheduled__2021-10-27T03:00:00+00:00 [running]> on host 67b6bdae536e
[2022-08-23 12:06:31,732] {taskinstance.py:1591} INFO - Exporting the following env vars:
AIRFLOW_CTX_DAG_OWNER=admin
AIRFLOW_CTX_DAG_ID=raizen_lab_01
AIRFLOW_CTX_TASK_ID=print_hello
AIRFLOW_CTX_EXECUTION_DATE=2021-10-27T03:00:00+00:00
AIRFLOW_CTX_TRY_NUMBER=1
AIRFLOW_CTX_DAG_RUN_ID=scheduled__2021-10-27T03:00:00+00:00
[2022-08-23 12:06:31,734] {subprocess.py:62} INFO - Tmp dir root location: 
 /tmp
[2022-08-23 12:06:31,735] {subprocess.py:74} INFO - Running command: ['bash', '-c', 'echo "hello"']
[2022-08-23 12:06:31,752] {subprocess.py:85} INFO - Output:
[2022-08-23 12:06:31,753] {subprocess.py:92} INFO - hello
[2022-08-23 12:06:31,754] {subprocess.py:96} INFO - Command exited with return code 0
[2022-08-23 12:06:31,812] {taskinstance.py:1420} INFO - Marking task as SUCCESS. dag_id=raizen_lab_01, task_id=print_hello, execution_date=20211027T030000, start_date=20220823T120631, end_date=20220823T120631
[2022-08-23 12:06:31,842] {local_task_job.py:156} INFO - Task exited with return code 0
[2022-08-23 12:06:31,887] {local_task_job.py:273} INFO - 1 downstream tasks scheduled from follow-on schedule check
