[2022-08-23 19:47:16,021] {taskinstance.py:1179} INFO - Dependencies all met for <TaskInstance: raizen_lab_01.step_01 scheduled__2022-01-27T12:00:00+00:00 [queued]>
[2022-08-23 19:47:16,040] {taskinstance.py:1179} INFO - Dependencies all met for <TaskInstance: raizen_lab_01.step_01 scheduled__2022-01-27T12:00:00+00:00 [queued]>
[2022-08-23 19:47:16,041] {taskinstance.py:1376} INFO - 
--------------------------------------------------------------------------------
[2022-08-23 19:47:16,041] {taskinstance.py:1377} INFO - Starting attempt 1 of 2
[2022-08-23 19:47:16,042] {taskinstance.py:1378} INFO - 
--------------------------------------------------------------------------------
[2022-08-23 19:47:16,066] {taskinstance.py:1397} INFO - Executing <Task(BashOperator): step_01> on 2022-01-27 12:00:00+00:00
[2022-08-23 19:47:16,075] {standard_task_runner.py:52} INFO - Started process 363 to run task
[2022-08-23 19:47:16,081] {standard_task_runner.py:79} INFO - Running: ['***', 'tasks', 'run', 'raizen_lab_01', 'step_01', 'scheduled__2022-01-27T12:00:00+00:00', '--job-id', '9311', '--raw', '--subdir', 'DAGS_FOLDER/raizen_lab_01.py', '--cfg-path', '/tmp/tmp1x0hlmrb', '--error-file', '/tmp/tmpr_d2uetr']
[2022-08-23 19:47:16,083] {standard_task_runner.py:80} INFO - Job 9311: Subtask step_01
[2022-08-23 19:47:16,180] {task_command.py:371} INFO - Running <TaskInstance: raizen_lab_01.step_01 scheduled__2022-01-27T12:00:00+00:00 [running]> on host 80fce776ee1f
[2022-08-23 19:47:16,296] {taskinstance.py:1591} INFO - Exporting the following env vars:
AIRFLOW_CTX_DAG_OWNER=admin
AIRFLOW_CTX_DAG_ID=raizen_lab_01
AIRFLOW_CTX_TASK_ID=step_01
AIRFLOW_CTX_EXECUTION_DATE=2022-01-27T12:00:00+00:00
AIRFLOW_CTX_TRY_NUMBER=1
AIRFLOW_CTX_DAG_RUN_ID=scheduled__2022-01-27T12:00:00+00:00
[2022-08-23 19:47:16,298] {subprocess.py:62} INFO - Tmp dir root location: 
 /tmp
[2022-08-23 19:47:16,300] {subprocess.py:74} INFO - Running command: ['bash', '-c', 'echo "hello"']
[2022-08-23 19:47:16,317] {subprocess.py:85} INFO - Output:
[2022-08-23 19:47:16,319] {subprocess.py:92} INFO - hello
[2022-08-23 19:47:16,320] {subprocess.py:96} INFO - Command exited with return code 0
[2022-08-23 19:47:16,364] {taskinstance.py:1420} INFO - Marking task as SUCCESS. dag_id=raizen_lab_01, task_id=step_01, execution_date=20220127T120000, start_date=20220823T194716, end_date=20220823T194716
[2022-08-23 19:47:16,413] {local_task_job.py:156} INFO - Task exited with return code 0
[2022-08-23 19:47:16,474] {local_task_job.py:273} INFO - 0 downstream tasks scheduled from follow-on schedule check
