[2022-08-23 12:25:34,424] {taskinstance.py:1179} INFO - Dependencies all met for <TaskInstance: raizen_lab_01.print_hello scheduled__2021-11-22T03:00:00+00:00 [queued]>
[2022-08-23 12:25:34,442] {taskinstance.py:1179} INFO - Dependencies all met for <TaskInstance: raizen_lab_01.print_hello scheduled__2021-11-22T03:00:00+00:00 [queued]>
[2022-08-23 12:25:34,443] {taskinstance.py:1376} INFO - 
--------------------------------------------------------------------------------
[2022-08-23 12:25:34,444] {taskinstance.py:1377} INFO - Starting attempt 1 of 2
[2022-08-23 12:25:34,445] {taskinstance.py:1378} INFO - 
--------------------------------------------------------------------------------
[2022-08-23 12:25:34,469] {taskinstance.py:1397} INFO - Executing <Task(BashOperator): print_hello> on 2021-11-22 03:00:00+00:00
[2022-08-23 12:25:34,478] {standard_task_runner.py:52} INFO - Started process 4587 to run task
[2022-08-23 12:25:34,482] {standard_task_runner.py:79} INFO - Running: ['***', 'tasks', 'run', 'raizen_lab_01', 'print_hello', 'scheduled__2021-11-22T03:00:00+00:00', '--job-id', '4709', '--raw', '--subdir', 'DAGS_FOLDER/raizen_lab_01.py', '--cfg-path', '/tmp/tmp1ys_idv0', '--error-file', '/tmp/tmp8tthfco9']
[2022-08-23 12:25:34,483] {standard_task_runner.py:80} INFO - Job 4709: Subtask print_hello
[2022-08-23 12:25:34,559] {task_command.py:371} INFO - Running <TaskInstance: raizen_lab_01.print_hello scheduled__2021-11-22T03:00:00+00:00 [running]> on host 6383a3236c72
[2022-08-23 12:25:34,645] {taskinstance.py:1591} INFO - Exporting the following env vars:
AIRFLOW_CTX_DAG_OWNER=admin
AIRFLOW_CTX_DAG_ID=raizen_lab_01
AIRFLOW_CTX_TASK_ID=print_hello
AIRFLOW_CTX_EXECUTION_DATE=2021-11-22T03:00:00+00:00
AIRFLOW_CTX_TRY_NUMBER=1
AIRFLOW_CTX_DAG_RUN_ID=scheduled__2021-11-22T03:00:00+00:00
[2022-08-23 12:25:34,646] {subprocess.py:62} INFO - Tmp dir root location: 
 /tmp
[2022-08-23 12:25:34,647] {subprocess.py:74} INFO - Running command: ['bash', '-c', 'echo "hello"']
[2022-08-23 12:25:34,664] {subprocess.py:85} INFO - Output:
[2022-08-23 12:25:34,666] {subprocess.py:92} INFO - hello
[2022-08-23 12:25:34,666] {subprocess.py:96} INFO - Command exited with return code 0
[2022-08-23 12:25:34,698] {taskinstance.py:1420} INFO - Marking task as SUCCESS. dag_id=raizen_lab_01, task_id=print_hello, execution_date=20211122T030000, start_date=20220823T122534, end_date=20220823T122534
[2022-08-23 12:25:34,733] {local_task_job.py:156} INFO - Task exited with return code 0
[2022-08-23 12:25:34,781] {local_task_job.py:273} INFO - 1 downstream tasks scheduled from follow-on schedule check
