[2022-08-23 20:03:46,742] {taskinstance.py:1179} INFO - Dependencies all met for <TaskInstance: raizen_lab_01.step_01 scheduled__2022-01-27T20:00:00+00:00 [queued]>
[2022-08-23 20:03:46,779] {taskinstance.py:1179} INFO - Dependencies all met for <TaskInstance: raizen_lab_01.step_01 scheduled__2022-01-27T20:00:00+00:00 [queued]>
[2022-08-23 20:03:46,782] {taskinstance.py:1376} INFO - 
--------------------------------------------------------------------------------
[2022-08-23 20:03:46,784] {taskinstance.py:1377} INFO - Starting attempt 1 of 2
[2022-08-23 20:03:46,784] {taskinstance.py:1378} INFO - 
--------------------------------------------------------------------------------
[2022-08-23 20:03:46,842] {taskinstance.py:1397} INFO - Executing <Task(BashOperator): step_01> on 2022-01-27 20:00:00+00:00
[2022-08-23 20:03:46,855] {standard_task_runner.py:52} INFO - Started process 254 to run task
[2022-08-23 20:03:46,863] {standard_task_runner.py:79} INFO - Running: ['***', 'tasks', 'run', 'raizen_lab_01', 'step_01', 'scheduled__2022-01-27T20:00:00+00:00', '--job-id', '9365', '--raw', '--subdir', 'DAGS_FOLDER/raizen_lab_01.py', '--cfg-path', '/tmp/tmp1472pumo', '--error-file', '/tmp/tmpb2tef1z8']
[2022-08-23 20:03:46,866] {standard_task_runner.py:80} INFO - Job 9365: Subtask step_01
[2022-08-23 20:03:47,060] {task_command.py:371} INFO - Running <TaskInstance: raizen_lab_01.step_01 scheduled__2022-01-27T20:00:00+00:00 [running]> on host 80fce776ee1f
[2022-08-23 20:03:47,385] {taskinstance.py:1591} INFO - Exporting the following env vars:
AIRFLOW_CTX_DAG_OWNER=admin
AIRFLOW_CTX_DAG_ID=raizen_lab_01
AIRFLOW_CTX_TASK_ID=step_01
AIRFLOW_CTX_EXECUTION_DATE=2022-01-27T20:00:00+00:00
AIRFLOW_CTX_TRY_NUMBER=1
AIRFLOW_CTX_DAG_RUN_ID=scheduled__2022-01-27T20:00:00+00:00
[2022-08-23 20:03:47,392] {subprocess.py:62} INFO - Tmp dir root location: 
 /tmp
[2022-08-23 20:03:47,394] {subprocess.py:74} INFO - Running command: ['bash', '-c', 'echo "hello"']
[2022-08-23 20:03:47,433] {subprocess.py:85} INFO - Output:
[2022-08-23 20:03:47,437] {subprocess.py:92} INFO - hello
[2022-08-23 20:03:47,441] {subprocess.py:96} INFO - Command exited with return code 0
[2022-08-23 20:03:47,539] {taskinstance.py:1420} INFO - Marking task as SUCCESS. dag_id=raizen_lab_01, task_id=step_01, execution_date=20220127T200000, start_date=20220823T200346, end_date=20220823T200347
[2022-08-23 20:03:47,606] {local_task_job.py:156} INFO - Task exited with return code 0
[2022-08-23 20:03:47,681] {local_task_job.py:273} INFO - 0 downstream tasks scheduled from follow-on schedule check
