[2022-08-23 11:46:52,130] {taskinstance.py:1179} INFO - Dependencies all met for <TaskInstance: raizen_lab_01.sleep scheduled__2021-10-18T06:00:00+00:00 [queued]>
[2022-08-23 11:46:52,148] {taskinstance.py:1179} INFO - Dependencies all met for <TaskInstance: raizen_lab_01.sleep scheduled__2021-10-18T06:00:00+00:00 [queued]>
[2022-08-23 11:46:52,149] {taskinstance.py:1376} INFO - 
--------------------------------------------------------------------------------
[2022-08-23 11:46:52,149] {taskinstance.py:1377} INFO - Starting attempt 1 of 2
[2022-08-23 11:46:52,150] {taskinstance.py:1378} INFO - 
--------------------------------------------------------------------------------
[2022-08-23 11:46:52,175] {taskinstance.py:1397} INFO - Executing <Task(BashOperator): sleep> on 2021-10-18 06:00:00+00:00
[2022-08-23 11:46:52,183] {standard_task_runner.py:52} INFO - Started process 550 to run task
[2022-08-23 11:46:52,191] {standard_task_runner.py:79} INFO - Running: ['***', 'tasks', 'run', 'raizen_lab_01', 'sleep', 'scheduled__2021-10-18T06:00:00+00:00', '--job-id', '2193', '--raw', '--subdir', 'DAGS_FOLDER/raizen_lab_01.py', '--cfg-path', '/tmp/tmp9pvfkqbd', '--error-file', '/tmp/tmpth5gnw_j']
[2022-08-23 11:46:52,192] {standard_task_runner.py:80} INFO - Job 2193: Subtask sleep
[2022-08-23 11:46:52,295] {task_command.py:371} INFO - Running <TaskInstance: raizen_lab_01.sleep scheduled__2021-10-18T06:00:00+00:00 [running]> on host fc645605a611
[2022-08-23 11:46:52,423] {taskinstance.py:1591} INFO - Exporting the following env vars:
AIRFLOW_CTX_DAG_OWNER=admin
AIRFLOW_CTX_DAG_ID=raizen_lab_01
AIRFLOW_CTX_TASK_ID=sleep
AIRFLOW_CTX_EXECUTION_DATE=2021-10-18T06:00:00+00:00
AIRFLOW_CTX_TRY_NUMBER=1
AIRFLOW_CTX_DAG_RUN_ID=scheduled__2021-10-18T06:00:00+00:00
[2022-08-23 11:46:52,426] {subprocess.py:62} INFO - Tmp dir root location: 
 /tmp
[2022-08-23 11:46:52,428] {subprocess.py:74} INFO - Running command: ['bash', '-c', 'sleep 5']
[2022-08-23 11:46:52,442] {subprocess.py:85} INFO - Output:
[2022-08-23 11:46:57,448] {subprocess.py:96} INFO - Command exited with return code 0
[2022-08-23 11:46:57,576] {taskinstance.py:1420} INFO - Marking task as SUCCESS. dag_id=raizen_lab_01, task_id=sleep, execution_date=20211018T060000, start_date=20220823T114652, end_date=20220823T114657
[2022-08-23 11:46:57,621] {local_task_job.py:156} INFO - Task exited with return code 0
[2022-08-23 11:46:57,678] {local_task_job.py:273} INFO - 1 downstream tasks scheduled from follow-on schedule check
