[2022-08-24 11:44:56,239] {taskinstance.py:1179} INFO - Dependencies all met for <TaskInstance: raizen_lab_01.insere_dados_na_tabela manual__2022-08-24T11:44:52.390581+00:00 [queued]>
[2022-08-24 11:44:56,248] {taskinstance.py:1179} INFO - Dependencies all met for <TaskInstance: raizen_lab_01.insere_dados_na_tabela manual__2022-08-24T11:44:52.390581+00:00 [queued]>
[2022-08-24 11:44:56,248] {taskinstance.py:1376} INFO - 
--------------------------------------------------------------------------------
[2022-08-24 11:44:56,249] {taskinstance.py:1377} INFO - Starting attempt 1 of 2
[2022-08-24 11:44:56,250] {taskinstance.py:1378} INFO - 
--------------------------------------------------------------------------------
[2022-08-24 11:44:56,263] {taskinstance.py:1397} INFO - Executing <Task(PythonOperator): insere_dados_na_tabela> on 2022-08-24 11:44:52.390581+00:00
[2022-08-24 11:44:56,269] {standard_task_runner.py:52} INFO - Started process 159 to run task
[2022-08-24 11:44:56,272] {standard_task_runner.py:79} INFO - Running: ['***', 'tasks', 'run', 'raizen_lab_01', 'insere_dados_na_tabela', 'manual__2022-08-24T11:44:52.390581+00:00', '--job-id', '9717', '--raw', '--subdir', 'DAGS_FOLDER/raizen_lab_01.py', '--cfg-path', '/tmp/tmpeycyqw5p', '--error-file', '/tmp/tmpcptzoqsj']
[2022-08-24 11:44:56,274] {standard_task_runner.py:80} INFO - Job 9717: Subtask insere_dados_na_tabela
[2022-08-24 11:44:56,336] {task_command.py:371} INFO - Running <TaskInstance: raizen_lab_01.insere_dados_na_tabela manual__2022-08-24T11:44:52.390581+00:00 [running]> on host 3f878792eb1e
[2022-08-24 11:44:56,407] {taskinstance.py:1591} INFO - Exporting the following env vars:
AIRFLOW_CTX_DAG_OWNER=admin
AIRFLOW_CTX_DAG_ID=raizen_lab_01
AIRFLOW_CTX_TASK_ID=insere_dados_na_tabela
AIRFLOW_CTX_EXECUTION_DATE=2022-08-24T11:44:52.390581+00:00
AIRFLOW_CTX_TRY_NUMBER=1
AIRFLOW_CTX_DAG_RUN_ID=manual__2022-08-24T11:44:52.390581+00:00
[2022-08-24 11:44:56,434] {logging_mixin.py:115} INFO - TABELA CRIADA
[2022-08-24 11:44:56,435] {python.py:173} INFO - Done. Returned value was: None
[2022-08-24 11:44:56,501] {taskinstance.py:1420} INFO - Marking task as SUCCESS. dag_id=raizen_lab_01, task_id=insere_dados_na_tabela, execution_date=20220824T114452, start_date=20220824T114456, end_date=20220824T114456
[2022-08-24 11:44:56,525] {local_task_job.py:156} INFO - Task exited with return code 0
[2022-08-24 11:44:56,567] {local_task_job.py:273} INFO - 1 downstream tasks scheduled from follow-on schedule check
