[2022-08-23 12:21:25,628] {taskinstance.py:1179} INFO - Dependencies all met for <TaskInstance: raizen_lab_01.print_hello scheduled__2021-11-11T11:00:00+00:00 [queued]>
[2022-08-23 12:21:25,639] {taskinstance.py:1179} INFO - Dependencies all met for <TaskInstance: raizen_lab_01.print_hello scheduled__2021-11-11T11:00:00+00:00 [queued]>
[2022-08-23 12:21:25,640] {taskinstance.py:1376} INFO - 
--------------------------------------------------------------------------------
[2022-08-23 12:21:25,640] {taskinstance.py:1377} INFO - Starting attempt 1 of 2
[2022-08-23 12:21:25,640] {taskinstance.py:1378} INFO - 
--------------------------------------------------------------------------------
[2022-08-23 12:21:25,655] {taskinstance.py:1397} INFO - Executing <Task(BashOperator): print_hello> on 2021-11-11 11:00:00+00:00
[2022-08-23 12:21:25,663] {standard_task_runner.py:52} INFO - Started process 1577 to run task
[2022-08-23 12:21:25,666] {standard_task_runner.py:79} INFO - Running: ['***', 'tasks', 'run', 'raizen_lab_01', 'print_hello', 'scheduled__2021-11-11T11:00:00+00:00', '--job-id', '3940', '--raw', '--subdir', 'DAGS_FOLDER/raizen_lab_01.py', '--cfg-path', '/tmp/tmpxr2w7013', '--error-file', '/tmp/tmp_z_zmlnn']
[2022-08-23 12:21:25,668] {standard_task_runner.py:80} INFO - Job 3940: Subtask print_hello
[2022-08-23 12:21:25,750] {task_command.py:371} INFO - Running <TaskInstance: raizen_lab_01.print_hello scheduled__2021-11-11T11:00:00+00:00 [running]> on host 6383a3236c72
[2022-08-23 12:21:25,857] {taskinstance.py:1591} INFO - Exporting the following env vars:
AIRFLOW_CTX_DAG_OWNER=admin
AIRFLOW_CTX_DAG_ID=raizen_lab_01
AIRFLOW_CTX_TASK_ID=print_hello
AIRFLOW_CTX_EXECUTION_DATE=2021-11-11T11:00:00+00:00
AIRFLOW_CTX_TRY_NUMBER=1
AIRFLOW_CTX_DAG_RUN_ID=scheduled__2021-11-11T11:00:00+00:00
[2022-08-23 12:21:25,859] {subprocess.py:62} INFO - Tmp dir root location: 
 /tmp
[2022-08-23 12:21:25,860] {subprocess.py:74} INFO - Running command: ['bash', '-c', 'echo "hello"']
[2022-08-23 12:21:25,876] {subprocess.py:85} INFO - Output:
[2022-08-23 12:21:25,878] {subprocess.py:92} INFO - hello
[2022-08-23 12:21:25,879] {subprocess.py:96} INFO - Command exited with return code 0
[2022-08-23 12:21:25,915] {taskinstance.py:1420} INFO - Marking task as SUCCESS. dag_id=raizen_lab_01, task_id=print_hello, execution_date=20211111T110000, start_date=20220823T122125, end_date=20220823T122125
[2022-08-23 12:21:25,958] {local_task_job.py:156} INFO - Task exited with return code 0
[2022-08-23 12:21:26,012] {local_task_job.py:273} INFO - 1 downstream tasks scheduled from follow-on schedule check
