[2022-08-23 13:14:33,186] {taskinstance.py:1179} INFO - Dependencies all met for <TaskInstance: raizen_lab_01.sleep scheduled__2021-12-30T03:00:00+00:00 [queued]>
[2022-08-23 13:14:33,193] {taskinstance.py:1179} INFO - Dependencies all met for <TaskInstance: raizen_lab_01.sleep scheduled__2021-12-30T03:00:00+00:00 [queued]>
[2022-08-23 13:14:33,194] {taskinstance.py:1376} INFO - 
--------------------------------------------------------------------------------
[2022-08-23 13:14:33,194] {taskinstance.py:1377} INFO - Starting attempt 1 of 2
[2022-08-23 13:14:33,197] {taskinstance.py:1378} INFO - 
--------------------------------------------------------------------------------
[2022-08-23 13:14:33,209] {taskinstance.py:1397} INFO - Executing <Task(BashOperator): sleep> on 2021-12-30 03:00:00+00:00
[2022-08-23 13:14:33,213] {standard_task_runner.py:52} INFO - Started process 513 to run task
[2022-08-23 13:14:33,216] {standard_task_runner.py:79} INFO - Running: ['***', 'tasks', 'run', 'raizen_lab_01', 'sleep', 'scheduled__2021-12-30T03:00:00+00:00', '--job-id', '7454', '--raw', '--subdir', 'DAGS_FOLDER/raizen_lab_01.py', '--cfg-path', '/tmp/tmp5dyegusq', '--error-file', '/tmp/tmphnxncxr7']
[2022-08-23 13:14:33,218] {standard_task_runner.py:80} INFO - Job 7454: Subtask sleep
[2022-08-23 13:14:33,274] {task_command.py:371} INFO - Running <TaskInstance: raizen_lab_01.sleep scheduled__2021-12-30T03:00:00+00:00 [running]> on host 94e929fe2c87
[2022-08-23 13:14:33,337] {taskinstance.py:1591} INFO - Exporting the following env vars:
AIRFLOW_CTX_DAG_OWNER=admin
AIRFLOW_CTX_DAG_ID=raizen_lab_01
AIRFLOW_CTX_TASK_ID=sleep
AIRFLOW_CTX_EXECUTION_DATE=2021-12-30T03:00:00+00:00
AIRFLOW_CTX_TRY_NUMBER=1
AIRFLOW_CTX_DAG_RUN_ID=scheduled__2021-12-30T03:00:00+00:00
[2022-08-23 13:14:33,339] {subprocess.py:62} INFO - Tmp dir root location: 
 /tmp
[2022-08-23 13:14:33,340] {subprocess.py:74} INFO - Running command: ['bash', '-c', 'sleep 5']
[2022-08-23 13:14:33,351] {subprocess.py:85} INFO - Output:
[2022-08-23 13:14:38,354] {subprocess.py:96} INFO - Command exited with return code 0
[2022-08-23 13:14:38,388] {taskinstance.py:1420} INFO - Marking task as SUCCESS. dag_id=raizen_lab_01, task_id=sleep, execution_date=20211230T030000, start_date=20220823T131433, end_date=20220823T131438
[2022-08-23 13:14:38,410] {local_task_job.py:156} INFO - Task exited with return code 0
[2022-08-23 13:14:38,489] {local_task_job.py:273} INFO - 0 downstream tasks scheduled from follow-on schedule check
