[2022-08-23 12:07:19,303] {taskinstance.py:1179} INFO - Dependencies all met for <TaskInstance: raizen_lab_01.print_world scheduled__2021-10-29T00:00:00+00:00 [queued]>
[2022-08-23 12:07:19,314] {taskinstance.py:1179} INFO - Dependencies all met for <TaskInstance: raizen_lab_01.print_world scheduled__2021-10-29T00:00:00+00:00 [queued]>
[2022-08-23 12:07:19,315] {taskinstance.py:1376} INFO - 
--------------------------------------------------------------------------------
[2022-08-23 12:07:19,315] {taskinstance.py:1377} INFO - Starting attempt 1 of 2
[2022-08-23 12:07:19,316] {taskinstance.py:1378} INFO - 
--------------------------------------------------------------------------------
[2022-08-23 12:07:19,335] {taskinstance.py:1397} INFO - Executing <Task(PythonOperator): print_world> on 2021-10-29 00:00:00+00:00
[2022-08-23 12:07:19,341] {standard_task_runner.py:52} INFO - Started process 1167 to run task
[2022-08-23 12:07:19,344] {standard_task_runner.py:79} INFO - Running: ['***', 'tasks', 'run', 'raizen_lab_01', 'print_world', 'scheduled__2021-10-29T00:00:00+00:00', '--job-id', '3006', '--raw', '--subdir', 'DAGS_FOLDER/raizen_lab_01.py', '--cfg-path', '/tmp/tmp71qofzst', '--error-file', '/tmp/tmpq3dyrs9z']
[2022-08-23 12:07:19,345] {standard_task_runner.py:80} INFO - Job 3006: Subtask print_world
[2022-08-23 12:07:19,404] {task_command.py:371} INFO - Running <TaskInstance: raizen_lab_01.print_world scheduled__2021-10-29T00:00:00+00:00 [running]> on host 67b6bdae536e
[2022-08-23 12:07:19,467] {taskinstance.py:1591} INFO - Exporting the following env vars:
AIRFLOW_CTX_DAG_OWNER=admin
AIRFLOW_CTX_DAG_ID=raizen_lab_01
AIRFLOW_CTX_TASK_ID=print_world
AIRFLOW_CTX_EXECUTION_DATE=2021-10-29T00:00:00+00:00
AIRFLOW_CTX_TRY_NUMBER=1
AIRFLOW_CTX_DAG_RUN_ID=scheduled__2021-10-29T00:00:00+00:00
[2022-08-23 12:07:19,468] {logging_mixin.py:115} INFO - world
[2022-08-23 12:07:19,468] {python.py:173} INFO - Done. Returned value was: None
[2022-08-23 12:07:19,479] {taskinstance.py:1420} INFO - Marking task as SUCCESS. dag_id=raizen_lab_01, task_id=print_world, execution_date=20211029T000000, start_date=20220823T120719, end_date=20220823T120719
[2022-08-23 12:07:19,516] {local_task_job.py:156} INFO - Task exited with return code 0
[2022-08-23 12:07:19,548] {local_task_job.py:273} INFO - 0 downstream tasks scheduled from follow-on schedule check
