[2022-08-24 00:19:31,366] {taskinstance.py:1179} INFO - Dependencies all met for <TaskInstance: raizen_lab_01.carga_arquivo manual__2022-08-24T00:19:29.754098+00:00 [queued]>
[2022-08-24 00:19:31,380] {taskinstance.py:1179} INFO - Dependencies all met for <TaskInstance: raizen_lab_01.carga_arquivo manual__2022-08-24T00:19:29.754098+00:00 [queued]>
[2022-08-24 00:19:31,382] {taskinstance.py:1376} INFO - 
--------------------------------------------------------------------------------
[2022-08-24 00:19:31,383] {taskinstance.py:1377} INFO - Starting attempt 1 of 2
[2022-08-24 00:19:31,384] {taskinstance.py:1378} INFO - 
--------------------------------------------------------------------------------
[2022-08-24 00:19:31,403] {taskinstance.py:1397} INFO - Executing <Task(PythonOperator): carga_arquivo> on 2022-08-24 00:19:29.754098+00:00
[2022-08-24 00:19:31,410] {standard_task_runner.py:52} INFO - Started process 83 to run task
[2022-08-24 00:19:31,414] {standard_task_runner.py:79} INFO - Running: ['***', 'tasks', 'run', 'raizen_lab_01', 'carga_arquivo', 'manual__2022-08-24T00:19:29.754098+00:00', '--job-id', '9606', '--raw', '--subdir', 'DAGS_FOLDER/raizen_lab_01.py', '--cfg-path', '/tmp/tmpn_v26c_s', '--error-file', '/tmp/tmpgoo97px1']
[2022-08-24 00:19:31,416] {standard_task_runner.py:80} INFO - Job 9606: Subtask carga_arquivo
[2022-08-24 00:19:31,520] {task_command.py:371} INFO - Running <TaskInstance: raizen_lab_01.carga_arquivo manual__2022-08-24T00:19:29.754098+00:00 [running]> on host 25dd15f8d678
[2022-08-24 00:19:31,615] {taskinstance.py:1591} INFO - Exporting the following env vars:
AIRFLOW_CTX_DAG_OWNER=admin
AIRFLOW_CTX_DAG_ID=raizen_lab_01
AIRFLOW_CTX_TASK_ID=carga_arquivo
AIRFLOW_CTX_EXECUTION_DATE=2022-08-24T00:19:29.754098+00:00
AIRFLOW_CTX_TRY_NUMBER=1
AIRFLOW_CTX_DAG_RUN_ID=manual__2022-08-24T00:19:29.754098+00:00
[2022-08-24 00:19:32,749] {taskinstance.py:1909} ERROR - Task failed with exception
Traceback (most recent call last):
  File "/home/airflow/.local/lib/python3.7/site-packages/airflow/operators/python.py", line 171, in execute
    return_value = self.execute_callable()
  File "/home/airflow/.local/lib/python3.7/site-packages/airflow/operators/python.py", line 189, in execute_callable
    return self.python_callable(*self.op_args, **self.op_kwargs)
  File "/opt/airflow/dags/raizen_lab_01.py", line 42, in carga_arquivo
    engine = db.create_engine(f'mysql+pymysql://{username}:{password}@{host}:{port}/{database}')
NameError: name 'db' is not defined
[2022-08-24 00:19:32,772] {taskinstance.py:1420} INFO - Marking task as UP_FOR_RETRY. dag_id=raizen_lab_01, task_id=carga_arquivo, execution_date=20220824T001929, start_date=20220824T001931, end_date=20220824T001932
[2022-08-24 00:19:32,792] {standard_task_runner.py:97} ERROR - Failed to execute job 9606 for task carga_arquivo (name 'db' is not defined; 83)
[2022-08-24 00:19:32,834] {local_task_job.py:156} INFO - Task exited with return code 1
[2022-08-24 00:19:32,877] {local_task_job.py:273} INFO - 0 downstream tasks scheduled from follow-on schedule check
