[2022-08-23 13:14:02,694] {taskinstance.py:1179} INFO - Dependencies all met for <TaskInstance: raizen_lab_01.sleep scheduled__2021-12-28T21:00:00+00:00 [queued]>
[2022-08-23 13:14:02,704] {taskinstance.py:1179} INFO - Dependencies all met for <TaskInstance: raizen_lab_01.sleep scheduled__2021-12-28T21:00:00+00:00 [queued]>
[2022-08-23 13:14:02,704] {taskinstance.py:1376} INFO - 
--------------------------------------------------------------------------------
[2022-08-23 13:14:02,705] {taskinstance.py:1377} INFO - Starting attempt 1 of 2
[2022-08-23 13:14:02,708] {taskinstance.py:1378} INFO - 
--------------------------------------------------------------------------------
[2022-08-23 13:14:02,722] {taskinstance.py:1397} INFO - Executing <Task(BashOperator): sleep> on 2021-12-28 21:00:00+00:00
[2022-08-23 13:14:02,728] {standard_task_runner.py:52} INFO - Started process 185 to run task
[2022-08-23 13:14:02,731] {standard_task_runner.py:79} INFO - Running: ['***', 'tasks', 'run', 'raizen_lab_01', 'sleep', 'scheduled__2021-12-28T21:00:00+00:00', '--job-id', '7371', '--raw', '--subdir', 'DAGS_FOLDER/raizen_lab_01.py', '--cfg-path', '/tmp/tmp1i88sb7a', '--error-file', '/tmp/tmpgf970p3x']
[2022-08-23 13:14:02,732] {standard_task_runner.py:80} INFO - Job 7371: Subtask sleep
[2022-08-23 13:14:02,800] {task_command.py:371} INFO - Running <TaskInstance: raizen_lab_01.sleep scheduled__2021-12-28T21:00:00+00:00 [running]> on host 94e929fe2c87
[2022-08-23 13:14:02,870] {taskinstance.py:1591} INFO - Exporting the following env vars:
AIRFLOW_CTX_DAG_OWNER=admin
AIRFLOW_CTX_DAG_ID=raizen_lab_01
AIRFLOW_CTX_TASK_ID=sleep
AIRFLOW_CTX_EXECUTION_DATE=2021-12-28T21:00:00+00:00
AIRFLOW_CTX_TRY_NUMBER=1
AIRFLOW_CTX_DAG_RUN_ID=scheduled__2021-12-28T21:00:00+00:00
[2022-08-23 13:14:02,872] {subprocess.py:62} INFO - Tmp dir root location: 
 /tmp
[2022-08-23 13:14:02,872] {subprocess.py:74} INFO - Running command: ['bash', '-c', 'sleep 5']
[2022-08-23 13:14:02,885] {subprocess.py:85} INFO - Output:
[2022-08-23 13:14:07,888] {subprocess.py:96} INFO - Command exited with return code 0
[2022-08-23 13:14:07,944] {taskinstance.py:1420} INFO - Marking task as SUCCESS. dag_id=raizen_lab_01, task_id=sleep, execution_date=20211228T210000, start_date=20220823T131402, end_date=20220823T131407
[2022-08-23 13:14:08,047] {local_task_job.py:156} INFO - Task exited with return code 0
[2022-08-23 13:14:08,080] {local_task_job.py:273} INFO - 1 downstream tasks scheduled from follow-on schedule check
