[2022-08-23 23:05:31,016] {taskinstance.py:1179} INFO - Dependencies all met for <TaskInstance: raizen_lab_01.sleep manual__2022-08-23T23:05:28.819805+00:00 [queued]>
[2022-08-23 23:05:31,026] {taskinstance.py:1179} INFO - Dependencies all met for <TaskInstance: raizen_lab_01.sleep manual__2022-08-23T23:05:28.819805+00:00 [queued]>
[2022-08-23 23:05:31,026] {taskinstance.py:1376} INFO - 
--------------------------------------------------------------------------------
[2022-08-23 23:05:31,027] {taskinstance.py:1377} INFO - Starting attempt 1 of 2
[2022-08-23 23:05:31,027] {taskinstance.py:1378} INFO - 
--------------------------------------------------------------------------------
[2022-08-23 23:05:31,041] {taskinstance.py:1397} INFO - Executing <Task(BashOperator): sleep> on 2022-08-23 23:05:28.819805+00:00
[2022-08-23 23:05:31,047] {standard_task_runner.py:52} INFO - Started process 113 to run task
[2022-08-23 23:05:31,050] {standard_task_runner.py:79} INFO - Running: ['***', 'tasks', 'run', 'raizen_lab_01', 'sleep', 'manual__2022-08-23T23:05:28.819805+00:00', '--job-id', '9479', '--raw', '--subdir', 'DAGS_FOLDER/raizen_lab_01.py', '--cfg-path', '/tmp/tmp6uusvxye', '--error-file', '/tmp/tmpb0umnkuu']
[2022-08-23 23:05:31,052] {standard_task_runner.py:80} INFO - Job 9479: Subtask sleep
[2022-08-23 23:05:31,111] {task_command.py:371} INFO - Running <TaskInstance: raizen_lab_01.sleep manual__2022-08-23T23:05:28.819805+00:00 [running]> on host 25dd15f8d678
[2022-08-23 23:05:31,181] {taskinstance.py:1591} INFO - Exporting the following env vars:
AIRFLOW_CTX_DAG_OWNER=admin
AIRFLOW_CTX_DAG_ID=raizen_lab_01
AIRFLOW_CTX_TASK_ID=sleep
AIRFLOW_CTX_EXECUTION_DATE=2022-08-23T23:05:28.819805+00:00
AIRFLOW_CTX_TRY_NUMBER=1
AIRFLOW_CTX_DAG_RUN_ID=manual__2022-08-23T23:05:28.819805+00:00
[2022-08-23 23:05:31,182] {subprocess.py:62} INFO - Tmp dir root location: 
 /tmp
[2022-08-23 23:05:31,183] {subprocess.py:74} INFO - Running command: ['bash', '-c', 'sleep 5']
[2022-08-23 23:05:31,198] {subprocess.py:85} INFO - Output:
[2022-08-23 23:05:36,201] {subprocess.py:96} INFO - Command exited with return code 0
[2022-08-23 23:05:36,235] {taskinstance.py:1420} INFO - Marking task as SUCCESS. dag_id=raizen_lab_01, task_id=sleep, execution_date=20220823T230528, start_date=20220823T230531, end_date=20220823T230536
[2022-08-23 23:05:36,293] {local_task_job.py:156} INFO - Task exited with return code 0
[2022-08-23 23:05:36,323] {local_task_job.py:273} INFO - 1 downstream tasks scheduled from follow-on schedule check
