[2022-08-23 12:06:07,289] {taskinstance.py:1179} INFO - Dependencies all met for <TaskInstance: raizen_lab_01.sleep scheduled__2021-10-26T02:00:00+00:00 [queued]>
[2022-08-23 12:06:07,298] {taskinstance.py:1179} INFO - Dependencies all met for <TaskInstance: raizen_lab_01.sleep scheduled__2021-10-26T02:00:00+00:00 [queued]>
[2022-08-23 12:06:07,298] {taskinstance.py:1376} INFO - 
--------------------------------------------------------------------------------
[2022-08-23 12:06:07,298] {taskinstance.py:1377} INFO - Starting attempt 1 of 2
[2022-08-23 12:06:07,299] {taskinstance.py:1378} INFO - 
--------------------------------------------------------------------------------
[2022-08-23 12:06:07,312] {taskinstance.py:1397} INFO - Executing <Task(BashOperator): sleep> on 2021-10-26 02:00:00+00:00
[2022-08-23 12:06:07,317] {standard_task_runner.py:52} INFO - Started process 453 to run task
[2022-08-23 12:06:07,320] {standard_task_runner.py:79} INFO - Running: ['***', 'tasks', 'run', 'raizen_lab_01', 'sleep', 'scheduled__2021-10-26T02:00:00+00:00', '--job-id', '2758', '--raw', '--subdir', 'DAGS_FOLDER/raizen_lab_01.py', '--cfg-path', '/tmp/tmpl_m2w9i7', '--error-file', '/tmp/tmpe4zsmw47']
[2022-08-23 12:06:07,320] {standard_task_runner.py:80} INFO - Job 2758: Subtask sleep
[2022-08-23 12:06:07,373] {task_command.py:371} INFO - Running <TaskInstance: raizen_lab_01.sleep scheduled__2021-10-26T02:00:00+00:00 [running]> on host 67b6bdae536e
[2022-08-23 12:06:07,434] {taskinstance.py:1591} INFO - Exporting the following env vars:
AIRFLOW_CTX_DAG_OWNER=admin
AIRFLOW_CTX_DAG_ID=raizen_lab_01
AIRFLOW_CTX_TASK_ID=sleep
AIRFLOW_CTX_EXECUTION_DATE=2021-10-26T02:00:00+00:00
AIRFLOW_CTX_TRY_NUMBER=1
AIRFLOW_CTX_DAG_RUN_ID=scheduled__2021-10-26T02:00:00+00:00
[2022-08-23 12:06:07,435] {subprocess.py:62} INFO - Tmp dir root location: 
 /tmp
[2022-08-23 12:06:07,436] {subprocess.py:74} INFO - Running command: ['bash', '-c', 'sleep 5']
[2022-08-23 12:06:07,444] {subprocess.py:85} INFO - Output:
[2022-08-23 12:06:12,446] {subprocess.py:96} INFO - Command exited with return code 0
[2022-08-23 12:06:12,491] {taskinstance.py:1420} INFO - Marking task as SUCCESS. dag_id=raizen_lab_01, task_id=sleep, execution_date=20211026T020000, start_date=20220823T120607, end_date=20220823T120612
[2022-08-23 12:06:12,517] {local_task_job.py:156} INFO - Task exited with return code 0
[2022-08-23 12:06:12,553] {local_task_job.py:273} INFO - 1 downstream tasks scheduled from follow-on schedule check
