[2022-08-23 12:27:46,298] {taskinstance.py:1179} INFO - Dependencies all met for <TaskInstance: raizen_lab_01.sleep scheduled__2021-11-27T17:00:00+00:00 [queued]>
[2022-08-23 12:27:46,304] {taskinstance.py:1179} INFO - Dependencies all met for <TaskInstance: raizen_lab_01.sleep scheduled__2021-11-27T17:00:00+00:00 [queued]>
[2022-08-23 12:27:46,304] {taskinstance.py:1376} INFO - 
--------------------------------------------------------------------------------
[2022-08-23 12:27:46,304] {taskinstance.py:1377} INFO - Starting attempt 1 of 2
[2022-08-23 12:27:46,308] {taskinstance.py:1378} INFO - 
--------------------------------------------------------------------------------
[2022-08-23 12:27:46,318] {taskinstance.py:1397} INFO - Executing <Task(BashOperator): sleep> on 2021-11-27 17:00:00+00:00
[2022-08-23 12:27:46,324] {standard_task_runner.py:52} INFO - Started process 6175 to run task
[2022-08-23 12:27:46,326] {standard_task_runner.py:79} INFO - Running: ['***', 'tasks', 'run', 'raizen_lab_01', 'sleep', 'scheduled__2021-11-27T17:00:00+00:00', '--job-id', '5114', '--raw', '--subdir', 'DAGS_FOLDER/raizen_lab_01.py', '--cfg-path', '/tmp/tmp_gofcqg3', '--error-file', '/tmp/tmpg_9ubtvg']
[2022-08-23 12:27:46,327] {standard_task_runner.py:80} INFO - Job 5114: Subtask sleep
[2022-08-23 12:27:46,379] {task_command.py:371} INFO - Running <TaskInstance: raizen_lab_01.sleep scheduled__2021-11-27T17:00:00+00:00 [running]> on host 6383a3236c72
[2022-08-23 12:27:46,452] {taskinstance.py:1591} INFO - Exporting the following env vars:
AIRFLOW_CTX_DAG_OWNER=admin
AIRFLOW_CTX_DAG_ID=raizen_lab_01
AIRFLOW_CTX_TASK_ID=sleep
AIRFLOW_CTX_EXECUTION_DATE=2021-11-27T17:00:00+00:00
AIRFLOW_CTX_TRY_NUMBER=1
AIRFLOW_CTX_DAG_RUN_ID=scheduled__2021-11-27T17:00:00+00:00
[2022-08-23 12:27:46,453] {subprocess.py:62} INFO - Tmp dir root location: 
 /tmp
[2022-08-23 12:27:46,454] {subprocess.py:74} INFO - Running command: ['bash', '-c', 'sleep 5']
[2022-08-23 12:27:46,464] {subprocess.py:85} INFO - Output:
[2022-08-23 12:27:51,467] {subprocess.py:96} INFO - Command exited with return code 0
[2022-08-23 12:27:51,505] {taskinstance.py:1420} INFO - Marking task as SUCCESS. dag_id=raizen_lab_01, task_id=sleep, execution_date=20211127T170000, start_date=20220823T122746, end_date=20220823T122751
[2022-08-23 12:27:51,567] {local_task_job.py:156} INFO - Task exited with return code 0
[2022-08-23 12:27:51,612] {local_task_job.py:273} INFO - 1 downstream tasks scheduled from follow-on schedule check
