[2022-08-23 12:06:24,407] {taskinstance.py:1179} INFO - Dependencies all met for <TaskInstance: raizen_lab_01.print_world scheduled__2021-10-26T09:00:00+00:00 [queued]>
[2022-08-23 12:06:24,416] {taskinstance.py:1179} INFO - Dependencies all met for <TaskInstance: raizen_lab_01.print_world scheduled__2021-10-26T09:00:00+00:00 [queued]>
[2022-08-23 12:06:24,416] {taskinstance.py:1376} INFO - 
--------------------------------------------------------------------------------
[2022-08-23 12:06:24,417] {taskinstance.py:1377} INFO - Starting attempt 1 of 2
[2022-08-23 12:06:24,453] {taskinstance.py:1378} INFO - 
--------------------------------------------------------------------------------
[2022-08-23 12:06:24,500] {taskinstance.py:1397} INFO - Executing <Task(PythonOperator): print_world> on 2021-10-26 09:00:00+00:00
[2022-08-23 12:06:24,505] {standard_task_runner.py:52} INFO - Started process 615 to run task
[2022-08-23 12:06:24,508] {standard_task_runner.py:79} INFO - Running: ['***', 'tasks', 'run', 'raizen_lab_01', 'print_world', 'scheduled__2021-10-26T09:00:00+00:00', '--job-id', '2813', '--raw', '--subdir', 'DAGS_FOLDER/raizen_lab_01.py', '--cfg-path', '/tmp/tmpj27ixvyx', '--error-file', '/tmp/tmp087msh88']
[2022-08-23 12:06:24,509] {standard_task_runner.py:80} INFO - Job 2813: Subtask print_world
[2022-08-23 12:06:24,591] {task_command.py:371} INFO - Running <TaskInstance: raizen_lab_01.print_world scheduled__2021-10-26T09:00:00+00:00 [running]> on host 67b6bdae536e
[2022-08-23 12:06:24,772] {taskinstance.py:1591} INFO - Exporting the following env vars:
AIRFLOW_CTX_DAG_OWNER=admin
AIRFLOW_CTX_DAG_ID=raizen_lab_01
AIRFLOW_CTX_TASK_ID=print_world
AIRFLOW_CTX_EXECUTION_DATE=2021-10-26T09:00:00+00:00
AIRFLOW_CTX_TRY_NUMBER=1
AIRFLOW_CTX_DAG_RUN_ID=scheduled__2021-10-26T09:00:00+00:00
[2022-08-23 12:06:24,774] {logging_mixin.py:115} INFO - world
[2022-08-23 12:06:24,774] {python.py:173} INFO - Done. Returned value was: None
[2022-08-23 12:06:24,787] {taskinstance.py:1420} INFO - Marking task as SUCCESS. dag_id=raizen_lab_01, task_id=print_world, execution_date=20211026T090000, start_date=20220823T120624, end_date=20220823T120624
[2022-08-23 12:06:24,880] {local_task_job.py:156} INFO - Task exited with return code 0
[2022-08-23 12:06:24,940] {local_task_job.py:273} INFO - 0 downstream tasks scheduled from follow-on schedule check
