[2022-08-23 13:09:47,275] {taskinstance.py:1179} INFO - Dependencies all met for <TaskInstance: raizen_lab_01.print_hello scheduled__2021-12-26T11:00:00+00:00 [queued]>
[2022-08-23 13:09:47,295] {taskinstance.py:1179} INFO - Dependencies all met for <TaskInstance: raizen_lab_01.print_hello scheduled__2021-12-26T11:00:00+00:00 [queued]>
[2022-08-23 13:09:47,296] {taskinstance.py:1376} INFO - 
--------------------------------------------------------------------------------
[2022-08-23 13:09:47,296] {taskinstance.py:1377} INFO - Starting attempt 1 of 2
[2022-08-23 13:09:47,297] {taskinstance.py:1378} INFO - 
--------------------------------------------------------------------------------
[2022-08-23 13:09:47,337] {taskinstance.py:1397} INFO - Executing <Task(BashOperator): print_hello> on 2021-12-26 11:00:00+00:00
[2022-08-23 13:09:47,351] {standard_task_runner.py:52} INFO - Started process 449 to run task
[2022-08-23 13:09:47,358] {standard_task_runner.py:79} INFO - Running: ['***', 'tasks', 'run', 'raizen_lab_01', 'print_hello', 'scheduled__2021-12-26T11:00:00+00:00', '--job-id', '7181', '--raw', '--subdir', 'DAGS_FOLDER/raizen_lab_01.py', '--cfg-path', '/tmp/tmpwgqts80v', '--error-file', '/tmp/tmpxtey_mwl']
[2022-08-23 13:09:47,361] {standard_task_runner.py:80} INFO - Job 7181: Subtask print_hello
[2022-08-23 13:09:47,512] {task_command.py:371} INFO - Running <TaskInstance: raizen_lab_01.print_hello scheduled__2021-12-26T11:00:00+00:00 [running]> on host 965856c951e3
[2022-08-23 13:09:47,649] {taskinstance.py:1591} INFO - Exporting the following env vars:
AIRFLOW_CTX_DAG_OWNER=admin
AIRFLOW_CTX_DAG_ID=raizen_lab_01
AIRFLOW_CTX_TASK_ID=print_hello
AIRFLOW_CTX_EXECUTION_DATE=2021-12-26T11:00:00+00:00
AIRFLOW_CTX_TRY_NUMBER=1
AIRFLOW_CTX_DAG_RUN_ID=scheduled__2021-12-26T11:00:00+00:00
[2022-08-23 13:09:47,651] {subprocess.py:62} INFO - Tmp dir root location: 
 /tmp
[2022-08-23 13:09:47,653] {subprocess.py:74} INFO - Running command: ['bash', '-c', 'echo "hello"']
[2022-08-23 13:09:47,675] {subprocess.py:85} INFO - Output:
[2022-08-23 13:09:47,678] {subprocess.py:92} INFO - hello
[2022-08-23 13:09:47,678] {subprocess.py:96} INFO - Command exited with return code 0
[2022-08-23 13:09:47,795] {taskinstance.py:1420} INFO - Marking task as SUCCESS. dag_id=raizen_lab_01, task_id=print_hello, execution_date=20211226T110000, start_date=20220823T130947, end_date=20220823T130947
[2022-08-23 13:09:47,856] {local_task_job.py:156} INFO - Task exited with return code 0
[2022-08-23 13:09:47,941] {local_task_job.py:273} INFO - 1 downstream tasks scheduled from follow-on schedule check
