[2022-08-23 11:30:43,126] {taskinstance.py:1179} INFO - Dependencies all met for <TaskInstance: raizen_lab_01.sleep scheduled__2021-09-25T12:00:00+00:00 [queued]>
[2022-08-23 11:30:43,145] {taskinstance.py:1179} INFO - Dependencies all met for <TaskInstance: raizen_lab_01.sleep scheduled__2021-09-25T12:00:00+00:00 [queued]>
[2022-08-23 11:30:43,147] {taskinstance.py:1376} INFO - 
--------------------------------------------------------------------------------
[2022-08-23 11:30:43,147] {taskinstance.py:1377} INFO - Starting attempt 1 of 2
[2022-08-23 11:30:43,148] {taskinstance.py:1378} INFO - 
--------------------------------------------------------------------------------
[2022-08-23 11:30:43,182] {taskinstance.py:1397} INFO - Executing <Task(BashOperator): sleep> on 2021-09-25 12:00:00+00:00
[2022-08-23 11:30:43,193] {standard_task_runner.py:52} INFO - Started process 1528 to run task
[2022-08-23 11:30:43,202] {standard_task_runner.py:79} INFO - Running: ['***', 'tasks', 'run', 'raizen_lab_01', 'sleep', 'scheduled__2021-09-25T12:00:00+00:00', '--job-id', '555', '--raw', '--subdir', 'DAGS_FOLDER/raizen_lab_01.py', '--cfg-path', '/tmp/tmpwfdek825', '--error-file', '/tmp/tmpimxl_900']
[2022-08-23 11:30:43,203] {standard_task_runner.py:80} INFO - Job 555: Subtask sleep
[2022-08-23 11:30:43,348] {task_command.py:371} INFO - Running <TaskInstance: raizen_lab_01.sleep scheduled__2021-09-25T12:00:00+00:00 [running]> on host 7f48b7aaf0fc
[2022-08-23 11:30:43,473] {taskinstance.py:1591} INFO - Exporting the following env vars:
AIRFLOW_CTX_DAG_OWNER=admin
AIRFLOW_CTX_DAG_ID=raizen_lab_01
AIRFLOW_CTX_TASK_ID=sleep
AIRFLOW_CTX_EXECUTION_DATE=2021-09-25T12:00:00+00:00
AIRFLOW_CTX_TRY_NUMBER=1
AIRFLOW_CTX_DAG_RUN_ID=scheduled__2021-09-25T12:00:00+00:00
[2022-08-23 11:30:43,475] {subprocess.py:62} INFO - Tmp dir root location: 
 /tmp
[2022-08-23 11:30:43,477] {subprocess.py:74} INFO - Running command: ['bash', '-c', 'sleep 5']
[2022-08-23 11:30:43,494] {subprocess.py:85} INFO - Output:
[2022-08-23 11:30:48,498] {subprocess.py:96} INFO - Command exited with return code 0
[2022-08-23 11:30:48,566] {taskinstance.py:1420} INFO - Marking task as SUCCESS. dag_id=raizen_lab_01, task_id=sleep, execution_date=20210925T120000, start_date=20220823T113043, end_date=20220823T113048
[2022-08-23 11:30:48,607] {local_task_job.py:156} INFO - Task exited with return code 0
[2022-08-23 11:30:48,658] {local_task_job.py:273} INFO - 1 downstream tasks scheduled from follow-on schedule check
