[2022-08-23 12:09:36,582] {taskinstance.py:1179} INFO - Dependencies all met for <TaskInstance: raizen_lab_01.sleep scheduled__2021-11-05T12:00:00+00:00 [queued]>
[2022-08-23 12:09:36,591] {taskinstance.py:1179} INFO - Dependencies all met for <TaskInstance: raizen_lab_01.sleep scheduled__2021-11-05T12:00:00+00:00 [queued]>
[2022-08-23 12:09:36,591] {taskinstance.py:1376} INFO - 
--------------------------------------------------------------------------------
[2022-08-23 12:09:36,591] {taskinstance.py:1377} INFO - Starting attempt 1 of 2
[2022-08-23 12:09:36,592] {taskinstance.py:1378} INFO - 
--------------------------------------------------------------------------------
[2022-08-23 12:09:36,602] {taskinstance.py:1397} INFO - Executing <Task(BashOperator): sleep> on 2021-11-05 12:00:00+00:00
[2022-08-23 12:09:36,636] {standard_task_runner.py:52} INFO - Started process 2630 to run task
[2022-08-23 12:09:36,639] {standard_task_runner.py:79} INFO - Running: ['***', 'tasks', 'run', 'raizen_lab_01', 'sleep', 'scheduled__2021-11-05T12:00:00+00:00', '--job-id', '3514', '--raw', '--subdir', 'DAGS_FOLDER/raizen_lab_01.py', '--cfg-path', '/tmp/tmpmqv91r4p', '--error-file', '/tmp/tmpgyeregr3']
[2022-08-23 12:09:36,640] {standard_task_runner.py:80} INFO - Job 3514: Subtask sleep
[2022-08-23 12:09:36,707] {task_command.py:371} INFO - Running <TaskInstance: raizen_lab_01.sleep scheduled__2021-11-05T12:00:00+00:00 [running]> on host 67b6bdae536e
[2022-08-23 12:09:36,786] {taskinstance.py:1591} INFO - Exporting the following env vars:
AIRFLOW_CTX_DAG_OWNER=admin
AIRFLOW_CTX_DAG_ID=raizen_lab_01
AIRFLOW_CTX_TASK_ID=sleep
AIRFLOW_CTX_EXECUTION_DATE=2021-11-05T12:00:00+00:00
AIRFLOW_CTX_TRY_NUMBER=1
AIRFLOW_CTX_DAG_RUN_ID=scheduled__2021-11-05T12:00:00+00:00
[2022-08-23 12:09:36,787] {subprocess.py:62} INFO - Tmp dir root location: 
 /tmp
[2022-08-23 12:09:36,788] {subprocess.py:74} INFO - Running command: ['bash', '-c', 'sleep 5']
[2022-08-23 12:09:36,797] {subprocess.py:85} INFO - Output:
[2022-08-23 12:09:41,799] {subprocess.py:96} INFO - Command exited with return code 0
[2022-08-23 12:09:41,828] {taskinstance.py:1420} INFO - Marking task as SUCCESS. dag_id=raizen_lab_01, task_id=sleep, execution_date=20211105T120000, start_date=20220823T120936, end_date=20220823T120941
[2022-08-23 12:09:41,862] {local_task_job.py:156} INFO - Task exited with return code 0
[2022-08-23 12:09:41,888] {local_task_job.py:273} INFO - 1 downstream tasks scheduled from follow-on schedule check
