[2022-08-23 13:15:57,584] {taskinstance.py:1179} INFO - Dependencies all met for <TaskInstance: raizen_lab_01.sleep scheduled__2022-01-02T00:00:00+00:00 [queued]>
[2022-08-23 13:15:57,598] {taskinstance.py:1179} INFO - Dependencies all met for <TaskInstance: raizen_lab_01.sleep scheduled__2022-01-02T00:00:00+00:00 [queued]>
[2022-08-23 13:15:57,599] {taskinstance.py:1376} INFO - 
--------------------------------------------------------------------------------
[2022-08-23 13:15:57,599] {taskinstance.py:1377} INFO - Starting attempt 1 of 2
[2022-08-23 13:15:57,600] {taskinstance.py:1378} INFO - 
--------------------------------------------------------------------------------
[2022-08-23 13:15:57,623] {taskinstance.py:1397} INFO - Executing <Task(BashOperator): sleep> on 2022-01-02 00:00:00+00:00
[2022-08-23 13:15:57,633] {standard_task_runner.py:52} INFO - Started process 1411 to run task
[2022-08-23 13:15:57,636] {standard_task_runner.py:79} INFO - Running: ['***', 'tasks', 'run', 'raizen_lab_01', 'sleep', 'scheduled__2022-01-02T00:00:00+00:00', '--job-id', '7681', '--raw', '--subdir', 'DAGS_FOLDER/raizen_lab_01.py', '--cfg-path', '/tmp/tmpoctx605m', '--error-file', '/tmp/tmp8k93c11j']
[2022-08-23 13:15:57,639] {standard_task_runner.py:80} INFO - Job 7681: Subtask sleep
[2022-08-23 13:15:57,730] {task_command.py:371} INFO - Running <TaskInstance: raizen_lab_01.sleep scheduled__2022-01-02T00:00:00+00:00 [running]> on host 94e929fe2c87
[2022-08-23 13:15:57,812] {taskinstance.py:1591} INFO - Exporting the following env vars:
AIRFLOW_CTX_DAG_OWNER=admin
AIRFLOW_CTX_DAG_ID=raizen_lab_01
AIRFLOW_CTX_TASK_ID=sleep
AIRFLOW_CTX_EXECUTION_DATE=2022-01-02T00:00:00+00:00
AIRFLOW_CTX_TRY_NUMBER=1
AIRFLOW_CTX_DAG_RUN_ID=scheduled__2022-01-02T00:00:00+00:00
[2022-08-23 13:15:57,813] {subprocess.py:62} INFO - Tmp dir root location: 
 /tmp
[2022-08-23 13:15:57,814] {subprocess.py:74} INFO - Running command: ['bash', '-c', 'sleep 5']
[2022-08-23 13:15:57,828] {subprocess.py:85} INFO - Output:
[2022-08-23 13:16:02,831] {subprocess.py:96} INFO - Command exited with return code 0
[2022-08-23 13:16:02,857] {taskinstance.py:1420} INFO - Marking task as SUCCESS. dag_id=raizen_lab_01, task_id=sleep, execution_date=20220102T000000, start_date=20220823T131557, end_date=20220823T131602
[2022-08-23 13:16:02,876] {local_task_job.py:156} INFO - Task exited with return code 0
[2022-08-23 13:16:02,902] {local_task_job.py:273} INFO - 1 downstream tasks scheduled from follow-on schedule check
