[2022-08-23 12:24:03,396] {taskinstance.py:1179} INFO - Dependencies all met for <TaskInstance: raizen_lab_01.sleep scheduled__2021-11-18T05:00:00+00:00 [queued]>
[2022-08-23 12:24:03,406] {taskinstance.py:1179} INFO - Dependencies all met for <TaskInstance: raizen_lab_01.sleep scheduled__2021-11-18T05:00:00+00:00 [queued]>
[2022-08-23 12:24:03,406] {taskinstance.py:1376} INFO - 
--------------------------------------------------------------------------------
[2022-08-23 12:24:03,406] {taskinstance.py:1377} INFO - Starting attempt 1 of 2
[2022-08-23 12:24:03,407] {taskinstance.py:1378} INFO - 
--------------------------------------------------------------------------------
[2022-08-23 12:24:03,422] {taskinstance.py:1397} INFO - Executing <Task(BashOperator): sleep> on 2021-11-18 05:00:00+00:00
[2022-08-23 12:24:03,429] {standard_task_runner.py:52} INFO - Started process 3518 to run task
[2022-08-23 12:24:03,432] {standard_task_runner.py:79} INFO - Running: ['***', 'tasks', 'run', 'raizen_lab_01', 'sleep', 'scheduled__2021-11-18T05:00:00+00:00', '--job-id', '4435', '--raw', '--subdir', 'DAGS_FOLDER/raizen_lab_01.py', '--cfg-path', '/tmp/tmpk2oy5si3', '--error-file', '/tmp/tmps033v2dh']
[2022-08-23 12:24:03,434] {standard_task_runner.py:80} INFO - Job 4435: Subtask sleep
[2022-08-23 12:24:03,513] {task_command.py:371} INFO - Running <TaskInstance: raizen_lab_01.sleep scheduled__2021-11-18T05:00:00+00:00 [running]> on host 6383a3236c72
[2022-08-23 12:24:03,596] {taskinstance.py:1591} INFO - Exporting the following env vars:
AIRFLOW_CTX_DAG_OWNER=admin
AIRFLOW_CTX_DAG_ID=raizen_lab_01
AIRFLOW_CTX_TASK_ID=sleep
AIRFLOW_CTX_EXECUTION_DATE=2021-11-18T05:00:00+00:00
AIRFLOW_CTX_TRY_NUMBER=1
AIRFLOW_CTX_DAG_RUN_ID=scheduled__2021-11-18T05:00:00+00:00
[2022-08-23 12:24:03,598] {subprocess.py:62} INFO - Tmp dir root location: 
 /tmp
[2022-08-23 12:24:03,598] {subprocess.py:74} INFO - Running command: ['bash', '-c', 'sleep 5']
[2022-08-23 12:24:03,609] {subprocess.py:85} INFO - Output:
[2022-08-23 12:24:08,612] {subprocess.py:96} INFO - Command exited with return code 0
[2022-08-23 12:24:08,654] {taskinstance.py:1420} INFO - Marking task as SUCCESS. dag_id=raizen_lab_01, task_id=sleep, execution_date=20211118T050000, start_date=20220823T122403, end_date=20220823T122408
[2022-08-23 12:24:08,705] {local_task_job.py:156} INFO - Task exited with return code 0
[2022-08-23 12:24:08,824] {local_task_job.py:273} INFO - 0 downstream tasks scheduled from follow-on schedule check
