[2022-08-23 23:05:37,014] {taskinstance.py:1179} INFO - Dependencies all met for <TaskInstance: raizen_lab_01.step_01 manual__2022-08-23T23:05:28.819805+00:00 [queued]>
[2022-08-23 23:05:37,022] {taskinstance.py:1179} INFO - Dependencies all met for <TaskInstance: raizen_lab_01.step_01 manual__2022-08-23T23:05:28.819805+00:00 [queued]>
[2022-08-23 23:05:37,022] {taskinstance.py:1376} INFO - 
--------------------------------------------------------------------------------
[2022-08-23 23:05:37,022] {taskinstance.py:1377} INFO - Starting attempt 1 of 2
[2022-08-23 23:05:37,023] {taskinstance.py:1378} INFO - 
--------------------------------------------------------------------------------
[2022-08-23 23:05:37,035] {taskinstance.py:1397} INFO - Executing <Task(BashOperator): step_01> on 2022-08-23 23:05:28.819805+00:00
[2022-08-23 23:05:37,041] {standard_task_runner.py:52} INFO - Started process 117 to run task
[2022-08-23 23:05:37,044] {standard_task_runner.py:79} INFO - Running: ['***', 'tasks', 'run', 'raizen_lab_01', 'step_01', 'manual__2022-08-23T23:05:28.819805+00:00', '--job-id', '9480', '--raw', '--subdir', 'DAGS_FOLDER/raizen_lab_01.py', '--cfg-path', '/tmp/tmpffpkmz6x', '--error-file', '/tmp/tmp_9bprzco']
[2022-08-23 23:05:37,046] {standard_task_runner.py:80} INFO - Job 9480: Subtask step_01
[2022-08-23 23:05:37,108] {task_command.py:371} INFO - Running <TaskInstance: raizen_lab_01.step_01 manual__2022-08-23T23:05:28.819805+00:00 [running]> on host 25dd15f8d678
[2022-08-23 23:05:37,241] {taskinstance.py:1591} INFO - Exporting the following env vars:
AIRFLOW_CTX_DAG_OWNER=admin
AIRFLOW_CTX_DAG_ID=raizen_lab_01
AIRFLOW_CTX_TASK_ID=step_01
AIRFLOW_CTX_EXECUTION_DATE=2022-08-23T23:05:28.819805+00:00
AIRFLOW_CTX_TRY_NUMBER=1
AIRFLOW_CTX_DAG_RUN_ID=manual__2022-08-23T23:05:28.819805+00:00
[2022-08-23 23:05:37,243] {subprocess.py:62} INFO - Tmp dir root location: 
 /tmp
[2022-08-23 23:05:37,244] {subprocess.py:74} INFO - Running command: ['bash', '-c', 'echo "hello"']
[2022-08-23 23:05:37,258] {subprocess.py:85} INFO - Output:
[2022-08-23 23:05:37,259] {subprocess.py:92} INFO - hello
[2022-08-23 23:05:37,260] {subprocess.py:96} INFO - Command exited with return code 0
[2022-08-23 23:05:37,288] {taskinstance.py:1420} INFO - Marking task as SUCCESS. dag_id=raizen_lab_01, task_id=step_01, execution_date=20220823T230528, start_date=20220823T230537, end_date=20220823T230537
[2022-08-23 23:05:37,336] {local_task_job.py:156} INFO - Task exited with return code 0
[2022-08-23 23:05:37,368] {local_task_job.py:273} INFO - 0 downstream tasks scheduled from follow-on schedule check
