[2022-08-23 11:29:31,630] {taskinstance.py:1179} INFO - Dependencies all met for <TaskInstance: raizen_lab_01.sleep scheduled__2021-09-22T17:00:00+00:00 [queued]>
[2022-08-23 11:29:31,642] {taskinstance.py:1179} INFO - Dependencies all met for <TaskInstance: raizen_lab_01.sleep scheduled__2021-09-22T17:00:00+00:00 [queued]>
[2022-08-23 11:29:31,643] {taskinstance.py:1376} INFO - 
--------------------------------------------------------------------------------
[2022-08-23 11:29:31,644] {taskinstance.py:1377} INFO - Starting attempt 1 of 2
[2022-08-23 11:29:31,644] {taskinstance.py:1378} INFO - 
--------------------------------------------------------------------------------
[2022-08-23 11:29:31,663] {taskinstance.py:1397} INFO - Executing <Task(BashOperator): sleep> on 2021-09-22 17:00:00+00:00
[2022-08-23 11:29:31,670] {standard_task_runner.py:52} INFO - Started process 928 to run task
[2022-08-23 11:29:31,674] {standard_task_runner.py:79} INFO - Running: ['***', 'tasks', 'run', 'raizen_lab_01', 'sleep', 'scheduled__2021-09-22T17:00:00+00:00', '--job-id', '351', '--raw', '--subdir', 'DAGS_FOLDER/raizen_lab_01.py', '--cfg-path', '/tmp/tmp7tv29l8x', '--error-file', '/tmp/tmpj5p8g66u']
[2022-08-23 11:29:31,674] {standard_task_runner.py:80} INFO - Job 351: Subtask sleep
[2022-08-23 11:29:31,778] {task_command.py:371} INFO - Running <TaskInstance: raizen_lab_01.sleep scheduled__2021-09-22T17:00:00+00:00 [running]> on host 7f48b7aaf0fc
[2022-08-23 11:29:31,880] {taskinstance.py:1591} INFO - Exporting the following env vars:
AIRFLOW_CTX_DAG_OWNER=admin
AIRFLOW_CTX_DAG_ID=raizen_lab_01
AIRFLOW_CTX_TASK_ID=sleep
AIRFLOW_CTX_EXECUTION_DATE=2021-09-22T17:00:00+00:00
AIRFLOW_CTX_TRY_NUMBER=1
AIRFLOW_CTX_DAG_RUN_ID=scheduled__2021-09-22T17:00:00+00:00
[2022-08-23 11:29:31,882] {subprocess.py:62} INFO - Tmp dir root location: 
 /tmp
[2022-08-23 11:29:31,883] {subprocess.py:74} INFO - Running command: ['bash', '-c', 'sleep 5']
[2022-08-23 11:29:31,897] {subprocess.py:85} INFO - Output:
[2022-08-23 11:29:36,901] {subprocess.py:96} INFO - Command exited with return code 0
[2022-08-23 11:29:36,992] {taskinstance.py:1420} INFO - Marking task as SUCCESS. dag_id=raizen_lab_01, task_id=sleep, execution_date=20210922T170000, start_date=20220823T112931, end_date=20220823T112936
[2022-08-23 11:29:37,060] {local_task_job.py:156} INFO - Task exited with return code 0
[2022-08-23 11:29:37,150] {local_task_job.py:273} INFO - 1 downstream tasks scheduled from follow-on schedule check
