[2022-08-23 11:35:49,779] {taskinstance.py:1179} INFO - Dependencies all met for <TaskInstance: raizen_lab_01.print_hello scheduled__2021-10-07T06:00:00+00:00 [queued]>
[2022-08-23 11:35:49,799] {taskinstance.py:1179} INFO - Dependencies all met for <TaskInstance: raizen_lab_01.print_hello scheduled__2021-10-07T06:00:00+00:00 [queued]>
[2022-08-23 11:35:49,800] {taskinstance.py:1376} INFO - 
--------------------------------------------------------------------------------
[2022-08-23 11:35:49,800] {taskinstance.py:1377} INFO - Starting attempt 1 of 2
[2022-08-23 11:35:49,801] {taskinstance.py:1378} INFO - 
--------------------------------------------------------------------------------
[2022-08-23 11:35:49,824] {taskinstance.py:1397} INFO - Executing <Task(BashOperator): print_hello> on 2021-10-07 06:00:00+00:00
[2022-08-23 11:35:49,878] {standard_task_runner.py:52} INFO - Started process 3971 to run task
[2022-08-23 11:35:49,884] {standard_task_runner.py:79} INFO - Running: ['***', 'tasks', 'run', 'raizen_lab_01', 'print_hello', 'scheduled__2021-10-07T06:00:00+00:00', '--job-id', '1390', '--raw', '--subdir', 'DAGS_FOLDER/raizen_lab_01.py', '--cfg-path', '/tmp/tmptzs5zpok', '--error-file', '/tmp/tmpe7k3henf']
[2022-08-23 11:35:49,885] {standard_task_runner.py:80} INFO - Job 1390: Subtask print_hello
[2022-08-23 11:35:50,009] {task_command.py:371} INFO - Running <TaskInstance: raizen_lab_01.print_hello scheduled__2021-10-07T06:00:00+00:00 [running]> on host 7f48b7aaf0fc
[2022-08-23 11:35:50,156] {taskinstance.py:1591} INFO - Exporting the following env vars:
AIRFLOW_CTX_DAG_OWNER=admin
AIRFLOW_CTX_DAG_ID=raizen_lab_01
AIRFLOW_CTX_TASK_ID=print_hello
AIRFLOW_CTX_EXECUTION_DATE=2021-10-07T06:00:00+00:00
AIRFLOW_CTX_TRY_NUMBER=1
AIRFLOW_CTX_DAG_RUN_ID=scheduled__2021-10-07T06:00:00+00:00
[2022-08-23 11:35:50,158] {subprocess.py:62} INFO - Tmp dir root location: 
 /tmp
[2022-08-23 11:35:50,159] {subprocess.py:74} INFO - Running command: ['bash', '-c', 'echo "hello"']
[2022-08-23 11:35:50,179] {subprocess.py:85} INFO - Output:
[2022-08-23 11:35:50,181] {subprocess.py:92} INFO - hello
[2022-08-23 11:35:50,182] {subprocess.py:96} INFO - Command exited with return code 0
[2022-08-23 11:35:50,236] {taskinstance.py:1420} INFO - Marking task as SUCCESS. dag_id=raizen_lab_01, task_id=print_hello, execution_date=20211007T060000, start_date=20220823T113549, end_date=20220823T113550
[2022-08-23 11:35:50,296] {local_task_job.py:156} INFO - Task exited with return code 0
[2022-08-23 11:35:50,386] {local_task_job.py:273} INFO - 1 downstream tasks scheduled from follow-on schedule check
