[2022-08-23 12:27:08,513] {taskinstance.py:1179} INFO - Dependencies all met for <TaskInstance: raizen_lab_01.print_hello scheduled__2021-11-25T21:00:00+00:00 [queued]>
[2022-08-23 12:27:08,523] {taskinstance.py:1179} INFO - Dependencies all met for <TaskInstance: raizen_lab_01.print_hello scheduled__2021-11-25T21:00:00+00:00 [queued]>
[2022-08-23 12:27:08,524] {taskinstance.py:1376} INFO - 
--------------------------------------------------------------------------------
[2022-08-23 12:27:08,524] {taskinstance.py:1377} INFO - Starting attempt 1 of 2
[2022-08-23 12:27:08,525] {taskinstance.py:1378} INFO - 
--------------------------------------------------------------------------------
[2022-08-23 12:27:08,541] {taskinstance.py:1397} INFO - Executing <Task(BashOperator): print_hello> on 2021-11-25 21:00:00+00:00
[2022-08-23 12:27:08,547] {standard_task_runner.py:52} INFO - Started process 5681 to run task
[2022-08-23 12:27:08,550] {standard_task_runner.py:79} INFO - Running: ['***', 'tasks', 'run', 'raizen_lab_01', 'print_hello', 'scheduled__2021-11-25T21:00:00+00:00', '--job-id', '4990', '--raw', '--subdir', 'DAGS_FOLDER/raizen_lab_01.py', '--cfg-path', '/tmp/tmptu_pdqt7', '--error-file', '/tmp/tmp_gu38i66']
[2022-08-23 12:27:08,552] {standard_task_runner.py:80} INFO - Job 4990: Subtask print_hello
[2022-08-23 12:27:08,620] {task_command.py:371} INFO - Running <TaskInstance: raizen_lab_01.print_hello scheduled__2021-11-25T21:00:00+00:00 [running]> on host 6383a3236c72
[2022-08-23 12:27:08,690] {taskinstance.py:1591} INFO - Exporting the following env vars:
AIRFLOW_CTX_DAG_OWNER=admin
AIRFLOW_CTX_DAG_ID=raizen_lab_01
AIRFLOW_CTX_TASK_ID=print_hello
AIRFLOW_CTX_EXECUTION_DATE=2021-11-25T21:00:00+00:00
AIRFLOW_CTX_TRY_NUMBER=1
AIRFLOW_CTX_DAG_RUN_ID=scheduled__2021-11-25T21:00:00+00:00
[2022-08-23 12:27:08,692] {subprocess.py:62} INFO - Tmp dir root location: 
 /tmp
[2022-08-23 12:27:08,693] {subprocess.py:74} INFO - Running command: ['bash', '-c', 'echo "hello"']
[2022-08-23 12:27:08,706] {subprocess.py:85} INFO - Output:
[2022-08-23 12:27:08,707] {subprocess.py:92} INFO - hello
[2022-08-23 12:27:08,708] {subprocess.py:96} INFO - Command exited with return code 0
[2022-08-23 12:27:08,736] {taskinstance.py:1420} INFO - Marking task as SUCCESS. dag_id=raizen_lab_01, task_id=print_hello, execution_date=20211125T210000, start_date=20220823T122708, end_date=20220823T122708
[2022-08-23 12:27:08,762] {local_task_job.py:156} INFO - Task exited with return code 0
[2022-08-23 12:27:08,803] {local_task_job.py:273} INFO - 1 downstream tasks scheduled from follow-on schedule check
