[2022-08-24 10:45:52,668] {taskinstance.py:1179} INFO - Dependencies all met for <TaskInstance: raizen_lab_01.step_01 scheduled__2022-08-24T04:00:00+00:00 [queued]>
[2022-08-24 10:45:52,679] {taskinstance.py:1179} INFO - Dependencies all met for <TaskInstance: raizen_lab_01.step_01 scheduled__2022-08-24T04:00:00+00:00 [queued]>
[2022-08-24 10:45:52,679] {taskinstance.py:1376} INFO - 
--------------------------------------------------------------------------------
[2022-08-24 10:45:52,680] {taskinstance.py:1377} INFO - Starting attempt 1 of 2
[2022-08-24 10:45:52,680] {taskinstance.py:1378} INFO - 
--------------------------------------------------------------------------------
[2022-08-24 10:45:52,697] {taskinstance.py:1397} INFO - Executing <Task(BashOperator): step_01> on 2022-08-24 04:00:00+00:00
[2022-08-24 10:45:52,705] {standard_task_runner.py:52} INFO - Started process 621 to run task
[2022-08-24 10:45:52,709] {standard_task_runner.py:79} INFO - Running: ['***', 'tasks', 'run', 'raizen_lab_01', 'step_01', 'scheduled__2022-08-24T04:00:00+00:00', '--job-id', '9706', '--raw', '--subdir', 'DAGS_FOLDER/raizen_lab_01.py', '--cfg-path', '/tmp/tmpah8dmy3k', '--error-file', '/tmp/tmpwqsb0eli']
[2022-08-24 10:45:52,711] {standard_task_runner.py:80} INFO - Job 9706: Subtask step_01
[2022-08-24 10:45:52,862] {task_command.py:371} INFO - Running <TaskInstance: raizen_lab_01.step_01 scheduled__2022-08-24T04:00:00+00:00 [running]> on host 3f878792eb1e
[2022-08-24 10:45:52,957] {taskinstance.py:1591} INFO - Exporting the following env vars:
AIRFLOW_CTX_DAG_OWNER=admin
AIRFLOW_CTX_DAG_ID=raizen_lab_01
AIRFLOW_CTX_TASK_ID=step_01
AIRFLOW_CTX_EXECUTION_DATE=2022-08-24T04:00:00+00:00
AIRFLOW_CTX_TRY_NUMBER=1
AIRFLOW_CTX_DAG_RUN_ID=scheduled__2022-08-24T04:00:00+00:00
[2022-08-24 10:45:52,958] {subprocess.py:62} INFO - Tmp dir root location: 
 /tmp
[2022-08-24 10:45:52,959] {subprocess.py:74} INFO - Running command: ['bash', '-c', 'echo "Fim da Ingestao"']
[2022-08-24 10:45:52,973] {subprocess.py:85} INFO - Output:
[2022-08-24 10:45:52,974] {subprocess.py:92} INFO - Fim da Ingestao
[2022-08-24 10:45:52,975] {subprocess.py:96} INFO - Command exited with return code 0
[2022-08-24 10:45:53,011] {taskinstance.py:1420} INFO - Marking task as SUCCESS. dag_id=raizen_lab_01, task_id=step_01, execution_date=20220824T040000, start_date=20220824T104552, end_date=20220824T104553
[2022-08-24 10:45:53,041] {local_task_job.py:156} INFO - Task exited with return code 0
[2022-08-24 10:45:53,076] {local_task_job.py:273} INFO - 0 downstream tasks scheduled from follow-on schedule check
