[2022-08-23 11:39:51,197] {taskinstance.py:1179} INFO - Dependencies all met for <TaskInstance: raizen_lab_01.print_hello scheduled__2021-10-15T15:00:00+00:00 [queued]>
[2022-08-23 11:39:51,219] {taskinstance.py:1179} INFO - Dependencies all met for <TaskInstance: raizen_lab_01.print_hello scheduled__2021-10-15T15:00:00+00:00 [queued]>
[2022-08-23 11:39:51,220] {taskinstance.py:1376} INFO - 
--------------------------------------------------------------------------------
[2022-08-23 11:39:51,220] {taskinstance.py:1377} INFO - Starting attempt 1 of 2
[2022-08-23 11:39:51,222] {taskinstance.py:1378} INFO - 
--------------------------------------------------------------------------------
[2022-08-23 11:39:51,251] {taskinstance.py:1397} INFO - Executing <Task(BashOperator): print_hello> on 2021-10-15 15:00:00+00:00
[2022-08-23 11:39:51,261] {standard_task_runner.py:52} INFO - Started process 1585 to run task
[2022-08-23 11:39:51,267] {standard_task_runner.py:79} INFO - Running: ['***', 'tasks', 'run', 'raizen_lab_01', 'print_hello', 'scheduled__2021-10-15T15:00:00+00:00', '--job-id', '1993', '--raw', '--subdir', 'DAGS_FOLDER/raizen_lab_01.py', '--cfg-path', '/tmp/tmpaztdj1b3', '--error-file', '/tmp/tmpptht7c6d']
[2022-08-23 11:39:51,268] {standard_task_runner.py:80} INFO - Job 1993: Subtask print_hello
[2022-08-23 11:39:51,384] {task_command.py:371} INFO - Running <TaskInstance: raizen_lab_01.print_hello scheduled__2021-10-15T15:00:00+00:00 [running]> on host 7f48b7aaf0fc
[2022-08-23 11:39:51,516] {taskinstance.py:1591} INFO - Exporting the following env vars:
AIRFLOW_CTX_DAG_OWNER=admin
AIRFLOW_CTX_DAG_ID=raizen_lab_01
AIRFLOW_CTX_TASK_ID=print_hello
AIRFLOW_CTX_EXECUTION_DATE=2021-10-15T15:00:00+00:00
AIRFLOW_CTX_TRY_NUMBER=1
AIRFLOW_CTX_DAG_RUN_ID=scheduled__2021-10-15T15:00:00+00:00
[2022-08-23 11:39:51,519] {subprocess.py:62} INFO - Tmp dir root location: 
 /tmp
[2022-08-23 11:39:51,520] {subprocess.py:74} INFO - Running command: ['bash', '-c', 'echo "hello"']
[2022-08-23 11:39:51,539] {subprocess.py:85} INFO - Output:
[2022-08-23 11:39:51,542] {subprocess.py:92} INFO - hello
[2022-08-23 11:39:51,544] {subprocess.py:96} INFO - Command exited with return code 0
[2022-08-23 11:39:51,600] {taskinstance.py:1420} INFO - Marking task as SUCCESS. dag_id=raizen_lab_01, task_id=print_hello, execution_date=20211015T150000, start_date=20220823T113951, end_date=20220823T113951
[2022-08-23 11:39:51,639] {local_task_job.py:156} INFO - Task exited with return code 0
[2022-08-23 11:39:51,868] {local_task_job.py:273} INFO - 0 downstream tasks scheduled from follow-on schedule check
