[2022-08-23 12:20:37,238] {taskinstance.py:1179} INFO - Dependencies all met for <TaskInstance: raizen_lab_01.sleep scheduled__2021-11-09T04:00:00+00:00 [queued]>
[2022-08-23 12:20:37,251] {taskinstance.py:1179} INFO - Dependencies all met for <TaskInstance: raizen_lab_01.sleep scheduled__2021-11-09T04:00:00+00:00 [queued]>
[2022-08-23 12:20:37,252] {taskinstance.py:1376} INFO - 
--------------------------------------------------------------------------------
[2022-08-23 12:20:37,253] {taskinstance.py:1377} INFO - Starting attempt 1 of 2
[2022-08-23 12:20:37,253] {taskinstance.py:1378} INFO - 
--------------------------------------------------------------------------------
[2022-08-23 12:20:37,272] {taskinstance.py:1397} INFO - Executing <Task(BashOperator): sleep> on 2021-11-09 04:00:00+00:00
[2022-08-23 12:20:37,282] {standard_task_runner.py:52} INFO - Started process 1017 to run task
[2022-08-23 12:20:37,287] {standard_task_runner.py:79} INFO - Running: ['***', 'tasks', 'run', 'raizen_lab_01', 'sleep', 'scheduled__2021-11-09T04:00:00+00:00', '--job-id', '3797', '--raw', '--subdir', 'DAGS_FOLDER/raizen_lab_01.py', '--cfg-path', '/tmp/tmpmr3u7gtc', '--error-file', '/tmp/tmpna_brrld']
[2022-08-23 12:20:37,290] {standard_task_runner.py:80} INFO - Job 3797: Subtask sleep
[2022-08-23 12:20:37,404] {task_command.py:371} INFO - Running <TaskInstance: raizen_lab_01.sleep scheduled__2021-11-09T04:00:00+00:00 [running]> on host 6383a3236c72
[2022-08-23 12:20:37,512] {taskinstance.py:1591} INFO - Exporting the following env vars:
AIRFLOW_CTX_DAG_OWNER=admin
AIRFLOW_CTX_DAG_ID=raizen_lab_01
AIRFLOW_CTX_TASK_ID=sleep
AIRFLOW_CTX_EXECUTION_DATE=2021-11-09T04:00:00+00:00
AIRFLOW_CTX_TRY_NUMBER=1
AIRFLOW_CTX_DAG_RUN_ID=scheduled__2021-11-09T04:00:00+00:00
[2022-08-23 12:20:37,515] {subprocess.py:62} INFO - Tmp dir root location: 
 /tmp
[2022-08-23 12:20:37,517] {subprocess.py:74} INFO - Running command: ['bash', '-c', 'sleep 5']
[2022-08-23 12:20:37,540] {subprocess.py:85} INFO - Output:
[2022-08-23 12:20:42,544] {subprocess.py:96} INFO - Command exited with return code 0
[2022-08-23 12:20:42,573] {taskinstance.py:1420} INFO - Marking task as SUCCESS. dag_id=raizen_lab_01, task_id=sleep, execution_date=20211109T040000, start_date=20220823T122037, end_date=20220823T122042
[2022-08-23 12:20:42,597] {local_task_job.py:156} INFO - Task exited with return code 0
[2022-08-23 12:20:42,625] {local_task_job.py:273} INFO - 1 downstream tasks scheduled from follow-on schedule check
