[2022-08-23 12:29:58,256] {taskinstance.py:1179} INFO - Dependencies all met for <TaskInstance: raizen_lab_01.sleep scheduled__2021-12-03T08:00:00+00:00 [queued]>
[2022-08-23 12:29:58,267] {taskinstance.py:1179} INFO - Dependencies all met for <TaskInstance: raizen_lab_01.sleep scheduled__2021-12-03T08:00:00+00:00 [queued]>
[2022-08-23 12:29:58,267] {taskinstance.py:1376} INFO - 
--------------------------------------------------------------------------------
[2022-08-23 12:29:58,267] {taskinstance.py:1377} INFO - Starting attempt 1 of 2
[2022-08-23 12:29:58,268] {taskinstance.py:1378} INFO - 
--------------------------------------------------------------------------------
[2022-08-23 12:29:58,287] {taskinstance.py:1397} INFO - Executing <Task(BashOperator): sleep> on 2021-12-03 08:00:00+00:00
[2022-08-23 12:29:58,294] {standard_task_runner.py:52} INFO - Started process 7806 to run task
[2022-08-23 12:29:58,298] {standard_task_runner.py:79} INFO - Running: ['***', 'tasks', 'run', 'raizen_lab_01', 'sleep', 'scheduled__2021-12-03T08:00:00+00:00', '--job-id', '5531', '--raw', '--subdir', 'DAGS_FOLDER/raizen_lab_01.py', '--cfg-path', '/tmp/tmp77hiabic', '--error-file', '/tmp/tmpu7lhkp8l']
[2022-08-23 12:29:58,299] {standard_task_runner.py:80} INFO - Job 5531: Subtask sleep
[2022-08-23 12:29:58,370] {task_command.py:371} INFO - Running <TaskInstance: raizen_lab_01.sleep scheduled__2021-12-03T08:00:00+00:00 [running]> on host 6383a3236c72
[2022-08-23 12:29:58,448] {taskinstance.py:1591} INFO - Exporting the following env vars:
AIRFLOW_CTX_DAG_OWNER=admin
AIRFLOW_CTX_DAG_ID=raizen_lab_01
AIRFLOW_CTX_TASK_ID=sleep
AIRFLOW_CTX_EXECUTION_DATE=2021-12-03T08:00:00+00:00
AIRFLOW_CTX_TRY_NUMBER=1
AIRFLOW_CTX_DAG_RUN_ID=scheduled__2021-12-03T08:00:00+00:00
[2022-08-23 12:29:58,449] {subprocess.py:62} INFO - Tmp dir root location: 
 /tmp
[2022-08-23 12:29:58,450] {subprocess.py:74} INFO - Running command: ['bash', '-c', 'sleep 5']
[2022-08-23 12:29:58,467] {subprocess.py:85} INFO - Output:
[2022-08-23 12:30:03,470] {subprocess.py:96} INFO - Command exited with return code 0
[2022-08-23 12:30:03,498] {taskinstance.py:1420} INFO - Marking task as SUCCESS. dag_id=raizen_lab_01, task_id=sleep, execution_date=20211203T080000, start_date=20220823T122958, end_date=20220823T123003
[2022-08-23 12:30:03,564] {local_task_job.py:156} INFO - Task exited with return code 0
[2022-08-23 12:30:03,591] {local_task_job.py:273} INFO - 1 downstream tasks scheduled from follow-on schedule check
