[2022-08-23 12:26:42,173] {taskinstance.py:1179} INFO - Dependencies all met for <TaskInstance: raizen_lab_01.print_hello scheduled__2021-11-25T02:00:00+00:00 [queued]>
[2022-08-23 12:26:42,183] {taskinstance.py:1179} INFO - Dependencies all met for <TaskInstance: raizen_lab_01.print_hello scheduled__2021-11-25T02:00:00+00:00 [queued]>
[2022-08-23 12:26:42,183] {taskinstance.py:1376} INFO - 
--------------------------------------------------------------------------------
[2022-08-23 12:26:42,184] {taskinstance.py:1377} INFO - Starting attempt 1 of 2
[2022-08-23 12:26:42,184] {taskinstance.py:1378} INFO - 
--------------------------------------------------------------------------------
[2022-08-23 12:26:42,201] {taskinstance.py:1397} INFO - Executing <Task(BashOperator): print_hello> on 2021-11-25 02:00:00+00:00
[2022-08-23 12:26:42,209] {standard_task_runner.py:52} INFO - Started process 5405 to run task
[2022-08-23 12:26:42,212] {standard_task_runner.py:79} INFO - Running: ['***', 'tasks', 'run', 'raizen_lab_01', 'print_hello', 'scheduled__2021-11-25T02:00:00+00:00', '--job-id', '4918', '--raw', '--subdir', 'DAGS_FOLDER/raizen_lab_01.py', '--cfg-path', '/tmp/tmpm_5uzm_b', '--error-file', '/tmp/tmp9pn1e6i3']
[2022-08-23 12:26:42,213] {standard_task_runner.py:80} INFO - Job 4918: Subtask print_hello
[2022-08-23 12:26:42,292] {task_command.py:371} INFO - Running <TaskInstance: raizen_lab_01.print_hello scheduled__2021-11-25T02:00:00+00:00 [running]> on host 6383a3236c72
[2022-08-23 12:26:42,378] {taskinstance.py:1591} INFO - Exporting the following env vars:
AIRFLOW_CTX_DAG_OWNER=admin
AIRFLOW_CTX_DAG_ID=raizen_lab_01
AIRFLOW_CTX_TASK_ID=print_hello
AIRFLOW_CTX_EXECUTION_DATE=2021-11-25T02:00:00+00:00
AIRFLOW_CTX_TRY_NUMBER=1
AIRFLOW_CTX_DAG_RUN_ID=scheduled__2021-11-25T02:00:00+00:00
[2022-08-23 12:26:42,380] {subprocess.py:62} INFO - Tmp dir root location: 
 /tmp
[2022-08-23 12:26:42,381] {subprocess.py:74} INFO - Running command: ['bash', '-c', 'echo "hello"']
[2022-08-23 12:26:42,394] {subprocess.py:85} INFO - Output:
[2022-08-23 12:26:42,396] {subprocess.py:92} INFO - hello
[2022-08-23 12:26:42,396] {subprocess.py:96} INFO - Command exited with return code 0
[2022-08-23 12:26:42,432] {taskinstance.py:1420} INFO - Marking task as SUCCESS. dag_id=raizen_lab_01, task_id=print_hello, execution_date=20211125T020000, start_date=20220823T122642, end_date=20220823T122642
[2022-08-23 12:26:42,464] {local_task_job.py:156} INFO - Task exited with return code 0
[2022-08-23 12:26:42,566] {local_task_job.py:273} INFO - 0 downstream tasks scheduled from follow-on schedule check
