[2022-08-23 13:16:12,172] {taskinstance.py:1179} INFO - Dependencies all met for <TaskInstance: raizen_lab_01.sleep scheduled__2022-01-02T11:00:00+00:00 [queued]>
[2022-08-23 13:16:12,184] {taskinstance.py:1179} INFO - Dependencies all met for <TaskInstance: raizen_lab_01.sleep scheduled__2022-01-02T11:00:00+00:00 [queued]>
[2022-08-23 13:16:12,184] {taskinstance.py:1376} INFO - 
--------------------------------------------------------------------------------
[2022-08-23 13:16:12,185] {taskinstance.py:1377} INFO - Starting attempt 1 of 2
[2022-08-23 13:16:12,185] {taskinstance.py:1378} INFO - 
--------------------------------------------------------------------------------
[2022-08-23 13:16:12,205] {taskinstance.py:1397} INFO - Executing <Task(BashOperator): sleep> on 2022-01-02 11:00:00+00:00
[2022-08-23 13:16:12,213] {standard_task_runner.py:52} INFO - Started process 1558 to run task
[2022-08-23 13:16:12,216] {standard_task_runner.py:79} INFO - Running: ['***', 'tasks', 'run', 'raizen_lab_01', 'sleep', 'scheduled__2022-01-02T11:00:00+00:00', '--job-id', '7719', '--raw', '--subdir', 'DAGS_FOLDER/raizen_lab_01.py', '--cfg-path', '/tmp/tmpz9qghwor', '--error-file', '/tmp/tmp5ak0lgxt']
[2022-08-23 13:16:12,218] {standard_task_runner.py:80} INFO - Job 7719: Subtask sleep
[2022-08-23 13:16:12,300] {task_command.py:371} INFO - Running <TaskInstance: raizen_lab_01.sleep scheduled__2022-01-02T11:00:00+00:00 [running]> on host 94e929fe2c87
[2022-08-23 13:16:12,438] {taskinstance.py:1591} INFO - Exporting the following env vars:
AIRFLOW_CTX_DAG_OWNER=admin
AIRFLOW_CTX_DAG_ID=raizen_lab_01
AIRFLOW_CTX_TASK_ID=sleep
AIRFLOW_CTX_EXECUTION_DATE=2022-01-02T11:00:00+00:00
AIRFLOW_CTX_TRY_NUMBER=1
AIRFLOW_CTX_DAG_RUN_ID=scheduled__2022-01-02T11:00:00+00:00
[2022-08-23 13:16:12,439] {subprocess.py:62} INFO - Tmp dir root location: 
 /tmp
[2022-08-23 13:16:12,440] {subprocess.py:74} INFO - Running command: ['bash', '-c', 'sleep 5']
[2022-08-23 13:16:12,460] {subprocess.py:85} INFO - Output:
[2022-08-23 13:16:17,463] {subprocess.py:96} INFO - Command exited with return code 0
[2022-08-23 13:16:17,490] {taskinstance.py:1420} INFO - Marking task as SUCCESS. dag_id=raizen_lab_01, task_id=sleep, execution_date=20220102T110000, start_date=20220823T131612, end_date=20220823T131617
[2022-08-23 13:16:17,525] {local_task_job.py:156} INFO - Task exited with return code 0
[2022-08-23 13:16:17,552] {local_task_job.py:273} INFO - 1 downstream tasks scheduled from follow-on schedule check
