[2022-08-23 12:08:22,157] {taskinstance.py:1179} INFO - Dependencies all met for <TaskInstance: raizen_lab_01.sleep scheduled__2021-11-01T19:00:00+00:00 [queued]>
[2022-08-23 12:08:22,166] {taskinstance.py:1179} INFO - Dependencies all met for <TaskInstance: raizen_lab_01.sleep scheduled__2021-11-01T19:00:00+00:00 [queued]>
[2022-08-23 12:08:22,166] {taskinstance.py:1376} INFO - 
--------------------------------------------------------------------------------
[2022-08-23 12:08:22,167] {taskinstance.py:1377} INFO - Starting attempt 1 of 2
[2022-08-23 12:08:22,167] {taskinstance.py:1378} INFO - 
--------------------------------------------------------------------------------
[2022-08-23 12:08:22,180] {taskinstance.py:1397} INFO - Executing <Task(BashOperator): sleep> on 2021-11-01 19:00:00+00:00
[2022-08-23 12:08:22,184] {standard_task_runner.py:52} INFO - Started process 1846 to run task
[2022-08-23 12:08:22,187] {standard_task_runner.py:79} INFO - Running: ['***', 'tasks', 'run', 'raizen_lab_01', 'sleep', 'scheduled__2021-11-01T19:00:00+00:00', '--job-id', '3240', '--raw', '--subdir', 'DAGS_FOLDER/raizen_lab_01.py', '--cfg-path', '/tmp/tmp49zgozgy', '--error-file', '/tmp/tmpu647kpfl']
[2022-08-23 12:08:22,187] {standard_task_runner.py:80} INFO - Job 3240: Subtask sleep
[2022-08-23 12:08:22,242] {task_command.py:371} INFO - Running <TaskInstance: raizen_lab_01.sleep scheduled__2021-11-01T19:00:00+00:00 [running]> on host 67b6bdae536e
[2022-08-23 12:08:22,303] {taskinstance.py:1591} INFO - Exporting the following env vars:
AIRFLOW_CTX_DAG_OWNER=admin
AIRFLOW_CTX_DAG_ID=raizen_lab_01
AIRFLOW_CTX_TASK_ID=sleep
AIRFLOW_CTX_EXECUTION_DATE=2021-11-01T19:00:00+00:00
AIRFLOW_CTX_TRY_NUMBER=1
AIRFLOW_CTX_DAG_RUN_ID=scheduled__2021-11-01T19:00:00+00:00
[2022-08-23 12:08:22,305] {subprocess.py:62} INFO - Tmp dir root location: 
 /tmp
[2022-08-23 12:08:22,305] {subprocess.py:74} INFO - Running command: ['bash', '-c', 'sleep 5']
[2022-08-23 12:08:22,313] {subprocess.py:85} INFO - Output:
[2022-08-23 12:08:27,315] {subprocess.py:96} INFO - Command exited with return code 0
[2022-08-23 12:08:27,344] {taskinstance.py:1420} INFO - Marking task as SUCCESS. dag_id=raizen_lab_01, task_id=sleep, execution_date=20211101T190000, start_date=20220823T120822, end_date=20220823T120827
[2022-08-23 12:08:27,373] {local_task_job.py:156} INFO - Task exited with return code 0
[2022-08-23 12:08:27,401] {local_task_job.py:273} INFO - 1 downstream tasks scheduled from follow-on schedule check
