[2022-08-23 11:58:33,015] {taskinstance.py:1179} INFO - Dependencies all met for <TaskInstance: raizen_lab_01.sleep scheduled__2021-10-21T01:00:00+00:00 [queued]>
[2022-08-23 11:58:33,040] {taskinstance.py:1179} INFO - Dependencies all met for <TaskInstance: raizen_lab_01.sleep scheduled__2021-10-21T01:00:00+00:00 [queued]>
[2022-08-23 11:58:33,044] {taskinstance.py:1376} INFO - 
--------------------------------------------------------------------------------
[2022-08-23 11:58:33,045] {taskinstance.py:1377} INFO - Starting attempt 1 of 2
[2022-08-23 11:58:33,046] {taskinstance.py:1378} INFO - 
--------------------------------------------------------------------------------
[2022-08-23 11:58:33,173] {taskinstance.py:1397} INFO - Executing <Task(BashOperator): sleep> on 2021-10-21 01:00:00+00:00
[2022-08-23 11:58:33,189] {standard_task_runner.py:52} INFO - Started process 152 to run task
[2022-08-23 11:58:33,204] {standard_task_runner.py:79} INFO - Running: ['***', 'tasks', 'run', 'raizen_lab_01', 'sleep', 'scheduled__2021-10-21T01:00:00+00:00', '--job-id', '2420', '--raw', '--subdir', 'DAGS_FOLDER/raizen_lab_01.py', '--cfg-path', '/tmp/tmpj3t0_jow', '--error-file', '/tmp/tmp608j_e2g']
[2022-08-23 11:58:33,227] {standard_task_runner.py:80} INFO - Job 2420: Subtask sleep
[2022-08-23 11:58:33,526] {task_command.py:371} INFO - Running <TaskInstance: raizen_lab_01.sleep scheduled__2021-10-21T01:00:00+00:00 [running]> on host 9f4b06248101
[2022-08-23 11:58:33,736] {taskinstance.py:1591} INFO - Exporting the following env vars:
AIRFLOW_CTX_DAG_OWNER=admin
AIRFLOW_CTX_DAG_ID=raizen_lab_01
AIRFLOW_CTX_TASK_ID=sleep
AIRFLOW_CTX_EXECUTION_DATE=2021-10-21T01:00:00+00:00
AIRFLOW_CTX_TRY_NUMBER=1
AIRFLOW_CTX_DAG_RUN_ID=scheduled__2021-10-21T01:00:00+00:00
[2022-08-23 11:58:33,739] {subprocess.py:62} INFO - Tmp dir root location: 
 /tmp
[2022-08-23 11:58:33,741] {subprocess.py:74} INFO - Running command: ['bash', '-c', 'sleep 5']
[2022-08-23 11:58:33,764] {subprocess.py:85} INFO - Output:
[2022-08-23 11:58:38,770] {subprocess.py:96} INFO - Command exited with return code 0
[2022-08-23 11:58:38,819] {taskinstance.py:1420} INFO - Marking task as SUCCESS. dag_id=raizen_lab_01, task_id=sleep, execution_date=20211021T010000, start_date=20220823T115833, end_date=20220823T115838
[2022-08-23 11:58:38,857] {local_task_job.py:156} INFO - Task exited with return code 0
[2022-08-23 11:58:39,011] {local_task_job.py:273} INFO - 0 downstream tasks scheduled from follow-on schedule check
