[2022-08-23 11:47:05,155] {taskinstance.py:1179} INFO - Dependencies all met for <TaskInstance: raizen_lab_01.print_hello scheduled__2021-10-18T15:00:00+00:00 [queued]>
[2022-08-23 11:47:05,175] {taskinstance.py:1179} INFO - Dependencies all met for <TaskInstance: raizen_lab_01.print_hello scheduled__2021-10-18T15:00:00+00:00 [queued]>
[2022-08-23 11:47:05,176] {taskinstance.py:1376} INFO - 
--------------------------------------------------------------------------------
[2022-08-23 11:47:05,177] {taskinstance.py:1377} INFO - Starting attempt 1 of 2
[2022-08-23 11:47:05,177] {taskinstance.py:1378} INFO - 
--------------------------------------------------------------------------------
[2022-08-23 11:47:05,202] {taskinstance.py:1397} INFO - Executing <Task(BashOperator): print_hello> on 2021-10-18 15:00:00+00:00
[2022-08-23 11:47:05,210] {standard_task_runner.py:52} INFO - Started process 619 to run task
[2022-08-23 11:47:05,216] {standard_task_runner.py:79} INFO - Running: ['***', 'tasks', 'run', 'raizen_lab_01', 'print_hello', 'scheduled__2021-10-18T15:00:00+00:00', '--job-id', '2217', '--raw', '--subdir', 'DAGS_FOLDER/raizen_lab_01.py', '--cfg-path', '/tmp/tmph4sbvd8z', '--error-file', '/tmp/tmpfrizizer']
[2022-08-23 11:47:05,217] {standard_task_runner.py:80} INFO - Job 2217: Subtask print_hello
[2022-08-23 11:47:05,366] {task_command.py:371} INFO - Running <TaskInstance: raizen_lab_01.print_hello scheduled__2021-10-18T15:00:00+00:00 [running]> on host fc645605a611
[2022-08-23 11:47:05,512] {taskinstance.py:1591} INFO - Exporting the following env vars:
AIRFLOW_CTX_DAG_OWNER=admin
AIRFLOW_CTX_DAG_ID=raizen_lab_01
AIRFLOW_CTX_TASK_ID=print_hello
AIRFLOW_CTX_EXECUTION_DATE=2021-10-18T15:00:00+00:00
AIRFLOW_CTX_TRY_NUMBER=1
AIRFLOW_CTX_DAG_RUN_ID=scheduled__2021-10-18T15:00:00+00:00
[2022-08-23 11:47:05,514] {subprocess.py:62} INFO - Tmp dir root location: 
 /tmp
[2022-08-23 11:47:05,515] {subprocess.py:74} INFO - Running command: ['bash', '-c', 'echo "hello"']
[2022-08-23 11:47:05,528] {subprocess.py:85} INFO - Output:
[2022-08-23 11:47:05,529] {subprocess.py:92} INFO - hello
[2022-08-23 11:47:05,530] {subprocess.py:96} INFO - Command exited with return code 0
[2022-08-23 11:47:05,576] {taskinstance.py:1420} INFO - Marking task as SUCCESS. dag_id=raizen_lab_01, task_id=print_hello, execution_date=20211018T150000, start_date=20220823T114705, end_date=20220823T114705
[2022-08-23 11:47:05,628] {local_task_job.py:156} INFO - Task exited with return code 0
[2022-08-23 11:47:05,735] {local_task_job.py:273} INFO - 1 downstream tasks scheduled from follow-on schedule check
