[2022-08-23 12:05:54,768] {taskinstance.py:1179} INFO - Dependencies all met for <TaskInstance: raizen_lab_01.print_hello scheduled__2021-10-25T10:00:00+00:00 [queued]>
[2022-08-23 12:05:54,779] {taskinstance.py:1179} INFO - Dependencies all met for <TaskInstance: raizen_lab_01.print_hello scheduled__2021-10-25T10:00:00+00:00 [queued]>
[2022-08-23 12:05:54,780] {taskinstance.py:1376} INFO - 
--------------------------------------------------------------------------------
[2022-08-23 12:05:54,780] {taskinstance.py:1377} INFO - Starting attempt 1 of 2
[2022-08-23 12:05:54,780] {taskinstance.py:1378} INFO - 
--------------------------------------------------------------------------------
[2022-08-23 12:05:54,798] {taskinstance.py:1397} INFO - Executing <Task(BashOperator): print_hello> on 2021-10-25 10:00:00+00:00
[2022-08-23 12:05:54,803] {standard_task_runner.py:52} INFO - Started process 301 to run task
[2022-08-23 12:05:54,806] {standard_task_runner.py:79} INFO - Running: ['***', 'tasks', 'run', 'raizen_lab_01', 'print_hello', 'scheduled__2021-10-25T10:00:00+00:00', '--job-id', '2705', '--raw', '--subdir', 'DAGS_FOLDER/raizen_lab_01.py', '--cfg-path', '/tmp/tmp_4ni883p', '--error-file', '/tmp/tmpa9jtpweu']
[2022-08-23 12:05:54,807] {standard_task_runner.py:80} INFO - Job 2705: Subtask print_hello
[2022-08-23 12:05:54,865] {task_command.py:371} INFO - Running <TaskInstance: raizen_lab_01.print_hello scheduled__2021-10-25T10:00:00+00:00 [running]> on host 67b6bdae536e
[2022-08-23 12:05:54,932] {taskinstance.py:1591} INFO - Exporting the following env vars:
AIRFLOW_CTX_DAG_OWNER=admin
AIRFLOW_CTX_DAG_ID=raizen_lab_01
AIRFLOW_CTX_TASK_ID=print_hello
AIRFLOW_CTX_EXECUTION_DATE=2021-10-25T10:00:00+00:00
AIRFLOW_CTX_TRY_NUMBER=1
AIRFLOW_CTX_DAG_RUN_ID=scheduled__2021-10-25T10:00:00+00:00
[2022-08-23 12:05:54,933] {subprocess.py:62} INFO - Tmp dir root location: 
 /tmp
[2022-08-23 12:05:54,934] {subprocess.py:74} INFO - Running command: ['bash', '-c', 'echo "hello"']
[2022-08-23 12:05:54,950] {subprocess.py:85} INFO - Output:
[2022-08-23 12:05:54,952] {subprocess.py:92} INFO - hello
[2022-08-23 12:05:54,953] {subprocess.py:96} INFO - Command exited with return code 0
[2022-08-23 12:05:54,987] {taskinstance.py:1420} INFO - Marking task as SUCCESS. dag_id=raizen_lab_01, task_id=print_hello, execution_date=20211025T100000, start_date=20220823T120554, end_date=20220823T120554
[2022-08-23 12:05:55,017] {local_task_job.py:156} INFO - Task exited with return code 0
[2022-08-23 12:05:55,057] {local_task_job.py:273} INFO - 1 downstream tasks scheduled from follow-on schedule check
