[2022-08-23 12:37:44,947] {taskinstance.py:1179} INFO - Dependencies all met for <TaskInstance: raizen_lab_01.print_hello scheduled__2021-12-24T03:00:00+00:00 [queued]>
[2022-08-23 12:37:44,954] {taskinstance.py:1179} INFO - Dependencies all met for <TaskInstance: raizen_lab_01.print_hello scheduled__2021-12-24T03:00:00+00:00 [queued]>
[2022-08-23 12:37:44,955] {taskinstance.py:1376} INFO - 
--------------------------------------------------------------------------------
[2022-08-23 12:37:44,955] {taskinstance.py:1377} INFO - Starting attempt 1 of 2
[2022-08-23 12:37:44,956] {taskinstance.py:1378} INFO - 
--------------------------------------------------------------------------------
[2022-08-23 12:37:44,970] {taskinstance.py:1397} INFO - Executing <Task(BashOperator): print_hello> on 2021-12-24 03:00:00+00:00
[2022-08-23 12:37:44,976] {standard_task_runner.py:52} INFO - Started process 13622 to run task
[2022-08-23 12:37:44,979] {standard_task_runner.py:79} INFO - Running: ['***', 'tasks', 'run', 'raizen_lab_01', 'print_hello', 'scheduled__2021-12-24T03:00:00+00:00', '--job-id', '7020', '--raw', '--subdir', 'DAGS_FOLDER/raizen_lab_01.py', '--cfg-path', '/tmp/tmp654et0fs', '--error-file', '/tmp/tmpv_bo_z84']
[2022-08-23 12:37:44,980] {standard_task_runner.py:80} INFO - Job 7020: Subtask print_hello
[2022-08-23 12:37:45,053] {task_command.py:371} INFO - Running <TaskInstance: raizen_lab_01.print_hello scheduled__2021-12-24T03:00:00+00:00 [running]> on host 6383a3236c72
[2022-08-23 12:37:45,144] {taskinstance.py:1591} INFO - Exporting the following env vars:
AIRFLOW_CTX_DAG_OWNER=admin
AIRFLOW_CTX_DAG_ID=raizen_lab_01
AIRFLOW_CTX_TASK_ID=print_hello
AIRFLOW_CTX_EXECUTION_DATE=2021-12-24T03:00:00+00:00
AIRFLOW_CTX_TRY_NUMBER=1
AIRFLOW_CTX_DAG_RUN_ID=scheduled__2021-12-24T03:00:00+00:00
[2022-08-23 12:37:45,145] {subprocess.py:62} INFO - Tmp dir root location: 
 /tmp
[2022-08-23 12:37:45,146] {subprocess.py:74} INFO - Running command: ['bash', '-c', 'echo "hello"']
[2022-08-23 12:37:45,156] {subprocess.py:85} INFO - Output:
[2022-08-23 12:37:45,158] {subprocess.py:92} INFO - hello
[2022-08-23 12:37:45,158] {subprocess.py:96} INFO - Command exited with return code 0
[2022-08-23 12:37:45,220] {taskinstance.py:1420} INFO - Marking task as SUCCESS. dag_id=raizen_lab_01, task_id=print_hello, execution_date=20211224T030000, start_date=20220823T123744, end_date=20220823T123745
[2022-08-23 12:37:45,271] {local_task_job.py:156} INFO - Task exited with return code 0
[2022-08-23 12:37:45,353] {local_task_job.py:273} INFO - 1 downstream tasks scheduled from follow-on schedule check
