[2022-08-24 20:00:56,329] {taskinstance.py:1179} INFO - Dependencies all met for <TaskInstance: raizen_lab_01.Step_02_Ingestion_Stage_To_Analitics scheduled__2022-08-24T19:00:00+00:00 [queued]>
[2022-08-24 20:00:56,400] {taskinstance.py:1179} INFO - Dependencies all met for <TaskInstance: raizen_lab_01.Step_02_Ingestion_Stage_To_Analitics scheduled__2022-08-24T19:00:00+00:00 [queued]>
[2022-08-24 20:00:56,426] {taskinstance.py:1376} INFO - 
--------------------------------------------------------------------------------
[2022-08-24 20:00:56,431] {taskinstance.py:1377} INFO - Starting attempt 1 of 2
[2022-08-24 20:00:56,434] {taskinstance.py:1378} INFO - 
--------------------------------------------------------------------------------
[2022-08-24 20:00:56,475] {taskinstance.py:1397} INFO - Executing <Task(PythonOperator): Step_02_Ingestion_Stage_To_Analitics> on 2022-08-24 19:00:00+00:00
[2022-08-24 20:00:56,492] {standard_task_runner.py:52} INFO - Started process 6670 to run task
[2022-08-24 20:00:56,500] {standard_task_runner.py:79} INFO - Running: ['***', 'tasks', 'run', 'raizen_lab_01', 'Step_02_Ingestion_Stage_To_Analitics', 'scheduled__2022-08-24T19:00:00+00:00', '--job-id', '9777', '--raw', '--subdir', 'DAGS_FOLDER/raizen_lab_01.py', '--cfg-path', '/tmp/tmpvy75wy8u', '--error-file', '/tmp/tmpin8vo8g7']
[2022-08-24 20:00:56,503] {standard_task_runner.py:80} INFO - Job 9777: Subtask Step_02_Ingestion_Stage_To_Analitics
[2022-08-24 20:00:56,685] {task_command.py:371} INFO - Running <TaskInstance: raizen_lab_01.Step_02_Ingestion_Stage_To_Analitics scheduled__2022-08-24T19:00:00+00:00 [running]> on host 3f878792eb1e
[2022-08-24 20:00:56,860] {taskinstance.py:1591} INFO - Exporting the following env vars:
AIRFLOW_CTX_DAG_OWNER=admin
AIRFLOW_CTX_DAG_ID=raizen_lab_01
AIRFLOW_CTX_TASK_ID=Step_02_Ingestion_Stage_To_Analitics
AIRFLOW_CTX_EXECUTION_DATE=2022-08-24T19:00:00+00:00
AIRFLOW_CTX_TRY_NUMBER=1
AIRFLOW_CTX_DAG_RUN_ID=scheduled__2022-08-24T19:00:00+00:00
[2022-08-24 20:01:34,073] {python.py:173} INFO - Done. Returned value was: None
[2022-08-24 20:01:34,100] {taskinstance.py:1420} INFO - Marking task as SUCCESS. dag_id=raizen_lab_01, task_id=Step_02_Ingestion_Stage_To_Analitics, execution_date=20220824T190000, start_date=20220824T200056, end_date=20220824T200134
[2022-08-24 20:01:34,142] {local_task_job.py:156} INFO - Task exited with return code 0
[2022-08-24 20:01:34,197] {local_task_job.py:273} INFO - 0 downstream tasks scheduled from follow-on schedule check
