[2022-08-23 11:27:46,581] {taskinstance.py:1179} INFO - Dependencies all met for <TaskInstance: raizen_lab_01.print_hello scheduled__2021-09-18T22:00:00+00:00 [queued]>
[2022-08-23 11:27:46,608] {taskinstance.py:1179} INFO - Dependencies all met for <TaskInstance: raizen_lab_01.print_hello scheduled__2021-09-18T22:00:00+00:00 [queued]>
[2022-08-23 11:27:46,609] {taskinstance.py:1376} INFO - 
--------------------------------------------------------------------------------
[2022-08-23 11:27:46,612] {taskinstance.py:1377} INFO - Starting attempt 1 of 2
[2022-08-23 11:27:46,613] {taskinstance.py:1378} INFO - 
--------------------------------------------------------------------------------
[2022-08-23 11:27:46,650] {taskinstance.py:1397} INFO - Executing <Task(BashOperator): print_hello> on 2021-09-18 22:00:00+00:00
[2022-08-23 11:27:46,660] {standard_task_runner.py:52} INFO - Started process 95 to run task
[2022-08-23 11:27:46,668] {standard_task_runner.py:79} INFO - Running: ['***', 'tasks', 'run', 'raizen_lab_01', 'print_hello', 'scheduled__2021-09-18T22:00:00+00:00', '--job-id', '65', '--raw', '--subdir', 'DAGS_FOLDER/raizen_lab_01.py', '--cfg-path', '/tmp/tmp9qbjn7j_', '--error-file', '/tmp/tmpn1yy0ren']
[2022-08-23 11:27:46,671] {standard_task_runner.py:80} INFO - Job 65: Subtask print_hello
[2022-08-23 11:27:46,965] {task_command.py:371} INFO - Running <TaskInstance: raizen_lab_01.print_hello scheduled__2021-09-18T22:00:00+00:00 [running]> on host 7f48b7aaf0fc
[2022-08-23 11:27:47,141] {taskinstance.py:1591} INFO - Exporting the following env vars:
AIRFLOW_CTX_DAG_OWNER=admin
AIRFLOW_CTX_DAG_ID=raizen_lab_01
AIRFLOW_CTX_TASK_ID=print_hello
AIRFLOW_CTX_EXECUTION_DATE=2021-09-18T22:00:00+00:00
AIRFLOW_CTX_TRY_NUMBER=1
AIRFLOW_CTX_DAG_RUN_ID=scheduled__2021-09-18T22:00:00+00:00
[2022-08-23 11:27:47,144] {subprocess.py:62} INFO - Tmp dir root location: 
 /tmp
[2022-08-23 11:27:47,146] {subprocess.py:74} INFO - Running command: ['bash', '-c', 'echo "hello"']
[2022-08-23 11:27:47,166] {subprocess.py:85} INFO - Output:
[2022-08-23 11:27:47,169] {subprocess.py:92} INFO - hello
[2022-08-23 11:27:47,170] {subprocess.py:96} INFO - Command exited with return code 0
[2022-08-23 11:27:47,235] {taskinstance.py:1420} INFO - Marking task as SUCCESS. dag_id=raizen_lab_01, task_id=print_hello, execution_date=20210918T220000, start_date=20220823T112746, end_date=20220823T112747
[2022-08-23 11:27:47,295] {local_task_job.py:156} INFO - Task exited with return code 0
[2022-08-23 11:27:47,410] {local_task_job.py:273} INFO - 1 downstream tasks scheduled from follow-on schedule check
