[2022-08-23 11:46:13,852] {taskinstance.py:1179} INFO - Dependencies all met for <TaskInstance: raizen_lab_01.print_hello scheduled__2021-10-17T02:00:00+00:00 [queued]>
[2022-08-23 11:46:13,875] {taskinstance.py:1179} INFO - Dependencies all met for <TaskInstance: raizen_lab_01.print_hello scheduled__2021-10-17T02:00:00+00:00 [queued]>
[2022-08-23 11:46:13,875] {taskinstance.py:1376} INFO - 
--------------------------------------------------------------------------------
[2022-08-23 11:46:13,876] {taskinstance.py:1377} INFO - Starting attempt 1 of 2
[2022-08-23 11:46:13,877] {taskinstance.py:1378} INFO - 
--------------------------------------------------------------------------------
[2022-08-23 11:46:13,917] {taskinstance.py:1397} INFO - Executing <Task(BashOperator): print_hello> on 2021-10-17 02:00:00+00:00
[2022-08-23 11:46:13,943] {standard_task_runner.py:52} INFO - Started process 273 to run task
[2022-08-23 11:46:13,964] {standard_task_runner.py:79} INFO - Running: ['***', 'tasks', 'run', 'raizen_lab_01', 'print_hello', 'scheduled__2021-10-17T02:00:00+00:00', '--job-id', '2099', '--raw', '--subdir', 'DAGS_FOLDER/raizen_lab_01.py', '--cfg-path', '/tmp/tmp9y6w4gop', '--error-file', '/tmp/tmp432vt26i']
[2022-08-23 11:46:13,965] {standard_task_runner.py:80} INFO - Job 2099: Subtask print_hello
[2022-08-23 11:46:14,230] {task_command.py:371} INFO - Running <TaskInstance: raizen_lab_01.print_hello scheduled__2021-10-17T02:00:00+00:00 [running]> on host fc645605a611
[2022-08-23 11:46:14,432] {taskinstance.py:1591} INFO - Exporting the following env vars:
AIRFLOW_CTX_DAG_OWNER=admin
AIRFLOW_CTX_DAG_ID=raizen_lab_01
AIRFLOW_CTX_TASK_ID=print_hello
AIRFLOW_CTX_EXECUTION_DATE=2021-10-17T02:00:00+00:00
AIRFLOW_CTX_TRY_NUMBER=1
AIRFLOW_CTX_DAG_RUN_ID=scheduled__2021-10-17T02:00:00+00:00
[2022-08-23 11:46:14,434] {subprocess.py:62} INFO - Tmp dir root location: 
 /tmp
[2022-08-23 11:46:14,435] {subprocess.py:74} INFO - Running command: ['bash', '-c', 'echo "hello"']
[2022-08-23 11:46:14,451] {subprocess.py:85} INFO - Output:
[2022-08-23 11:46:14,454] {subprocess.py:92} INFO - hello
[2022-08-23 11:46:14,455] {subprocess.py:96} INFO - Command exited with return code 0
[2022-08-23 11:46:14,521] {taskinstance.py:1420} INFO - Marking task as SUCCESS. dag_id=raizen_lab_01, task_id=print_hello, execution_date=20211017T020000, start_date=20220823T114613, end_date=20220823T114614
[2022-08-23 11:46:14,579] {local_task_job.py:156} INFO - Task exited with return code 0
[2022-08-23 11:46:14,924] {local_task_job.py:273} INFO - 0 downstream tasks scheduled from follow-on schedule check
