[2022-08-23 11:46:33,541] {taskinstance.py:1179} INFO - Dependencies all met for <TaskInstance: raizen_lab_01.sleep scheduled__2021-10-17T14:00:00+00:00 [queued]>
[2022-08-23 11:46:33,573] {taskinstance.py:1179} INFO - Dependencies all met for <TaskInstance: raizen_lab_01.sleep scheduled__2021-10-17T14:00:00+00:00 [queued]>
[2022-08-23 11:46:33,574] {taskinstance.py:1376} INFO - 
--------------------------------------------------------------------------------
[2022-08-23 11:46:33,576] {taskinstance.py:1377} INFO - Starting attempt 1 of 2
[2022-08-23 11:46:33,577] {taskinstance.py:1378} INFO - 
--------------------------------------------------------------------------------
[2022-08-23 11:46:33,625] {taskinstance.py:1397} INFO - Executing <Task(BashOperator): sleep> on 2021-10-17 14:00:00+00:00
[2022-08-23 11:46:33,640] {standard_task_runner.py:52} INFO - Started process 422 to run task
[2022-08-23 11:46:33,654] {standard_task_runner.py:79} INFO - Running: ['***', 'tasks', 'run', 'raizen_lab_01', 'sleep', 'scheduled__2021-10-17T14:00:00+00:00', '--job-id', '2146', '--raw', '--subdir', 'DAGS_FOLDER/raizen_lab_01.py', '--cfg-path', '/tmp/tmplapgiqub', '--error-file', '/tmp/tmpjbo8b79e']
[2022-08-23 11:46:33,661] {standard_task_runner.py:80} INFO - Job 2146: Subtask sleep
[2022-08-23 11:46:33,893] {task_command.py:371} INFO - Running <TaskInstance: raizen_lab_01.sleep scheduled__2021-10-17T14:00:00+00:00 [running]> on host fc645605a611
[2022-08-23 11:46:34,136] {taskinstance.py:1591} INFO - Exporting the following env vars:
AIRFLOW_CTX_DAG_OWNER=admin
AIRFLOW_CTX_DAG_ID=raizen_lab_01
AIRFLOW_CTX_TASK_ID=sleep
AIRFLOW_CTX_EXECUTION_DATE=2021-10-17T14:00:00+00:00
AIRFLOW_CTX_TRY_NUMBER=1
AIRFLOW_CTX_DAG_RUN_ID=scheduled__2021-10-17T14:00:00+00:00
[2022-08-23 11:46:34,139] {subprocess.py:62} INFO - Tmp dir root location: 
 /tmp
[2022-08-23 11:46:34,140] {subprocess.py:74} INFO - Running command: ['bash', '-c', 'sleep 5']
[2022-08-23 11:46:34,166] {subprocess.py:85} INFO - Output:
[2022-08-23 11:46:39,173] {subprocess.py:96} INFO - Command exited with return code 0
[2022-08-23 11:46:39,225] {taskinstance.py:1420} INFO - Marking task as SUCCESS. dag_id=raizen_lab_01, task_id=sleep, execution_date=20211017T140000, start_date=20220823T114633, end_date=20220823T114639
[2022-08-23 11:46:39,287] {local_task_job.py:156} INFO - Task exited with return code 0
[2022-08-23 11:46:39,339] {local_task_job.py:273} INFO - 1 downstream tasks scheduled from follow-on schedule check
