[2022-08-23 11:35:35,850] {taskinstance.py:1179} INFO - Dependencies all met for <TaskInstance: raizen_lab_01.sleep scheduled__2021-10-06T20:00:00+00:00 [queued]>
[2022-08-23 11:35:35,868] {taskinstance.py:1179} INFO - Dependencies all met for <TaskInstance: raizen_lab_01.sleep scheduled__2021-10-06T20:00:00+00:00 [queued]>
[2022-08-23 11:35:35,868] {taskinstance.py:1376} INFO - 
--------------------------------------------------------------------------------
[2022-08-23 11:35:35,869] {taskinstance.py:1377} INFO - Starting attempt 1 of 2
[2022-08-23 11:35:35,869] {taskinstance.py:1378} INFO - 
--------------------------------------------------------------------------------
[2022-08-23 11:35:35,894] {taskinstance.py:1397} INFO - Executing <Task(BashOperator): sleep> on 2021-10-06 20:00:00+00:00
[2022-08-23 11:35:35,907] {standard_task_runner.py:52} INFO - Started process 3892 to run task
[2022-08-23 11:35:35,911] {standard_task_runner.py:79} INFO - Running: ['***', 'tasks', 'run', 'raizen_lab_01', 'sleep', 'scheduled__2021-10-06T20:00:00+00:00', '--job-id', '1362', '--raw', '--subdir', 'DAGS_FOLDER/raizen_lab_01.py', '--cfg-path', '/tmp/tmpz4hgzm43', '--error-file', '/tmp/tmp4bplvfhb']
[2022-08-23 11:35:35,912] {standard_task_runner.py:80} INFO - Job 1362: Subtask sleep
[2022-08-23 11:35:36,038] {task_command.py:371} INFO - Running <TaskInstance: raizen_lab_01.sleep scheduled__2021-10-06T20:00:00+00:00 [running]> on host 7f48b7aaf0fc
[2022-08-23 11:35:36,174] {taskinstance.py:1591} INFO - Exporting the following env vars:
AIRFLOW_CTX_DAG_OWNER=admin
AIRFLOW_CTX_DAG_ID=raizen_lab_01
AIRFLOW_CTX_TASK_ID=sleep
AIRFLOW_CTX_EXECUTION_DATE=2021-10-06T20:00:00+00:00
AIRFLOW_CTX_TRY_NUMBER=1
AIRFLOW_CTX_DAG_RUN_ID=scheduled__2021-10-06T20:00:00+00:00
[2022-08-23 11:35:36,176] {subprocess.py:62} INFO - Tmp dir root location: 
 /tmp
[2022-08-23 11:35:36,177] {subprocess.py:74} INFO - Running command: ['bash', '-c', 'sleep 5']
[2022-08-23 11:35:36,194] {subprocess.py:85} INFO - Output:
[2022-08-23 11:35:41,198] {subprocess.py:96} INFO - Command exited with return code 0
[2022-08-23 11:35:41,243] {taskinstance.py:1420} INFO - Marking task as SUCCESS. dag_id=raizen_lab_01, task_id=sleep, execution_date=20211006T200000, start_date=20220823T113535, end_date=20220823T113541
[2022-08-23 11:35:41,281] {local_task_job.py:156} INFO - Task exited with return code 0
[2022-08-23 11:35:41,327] {local_task_job.py:273} INFO - 1 downstream tasks scheduled from follow-on schedule check
