[2022-08-23 12:25:06,859] {taskinstance.py:1179} INFO - Dependencies all met for <TaskInstance: raizen_lab_01.sleep scheduled__2021-11-20T23:00:00+00:00 [queued]>
[2022-08-23 12:25:06,873] {taskinstance.py:1179} INFO - Dependencies all met for <TaskInstance: raizen_lab_01.sleep scheduled__2021-11-20T23:00:00+00:00 [queued]>
[2022-08-23 12:25:06,873] {taskinstance.py:1376} INFO - 
--------------------------------------------------------------------------------
[2022-08-23 12:25:06,874] {taskinstance.py:1377} INFO - Starting attempt 1 of 2
[2022-08-23 12:25:06,874] {taskinstance.py:1378} INFO - 
--------------------------------------------------------------------------------
[2022-08-23 12:25:06,888] {taskinstance.py:1397} INFO - Executing <Task(BashOperator): sleep> on 2021-11-20 23:00:00+00:00
[2022-08-23 12:25:06,894] {standard_task_runner.py:52} INFO - Started process 4282 to run task
[2022-08-23 12:25:06,897] {standard_task_runner.py:79} INFO - Running: ['***', 'tasks', 'run', 'raizen_lab_01', 'sleep', 'scheduled__2021-11-20T23:00:00+00:00', '--job-id', '4632', '--raw', '--subdir', 'DAGS_FOLDER/raizen_lab_01.py', '--cfg-path', '/tmp/tmp54ea9xoo', '--error-file', '/tmp/tmpfq0zb08g']
[2022-08-23 12:25:06,898] {standard_task_runner.py:80} INFO - Job 4632: Subtask sleep
[2022-08-23 12:25:06,962] {task_command.py:371} INFO - Running <TaskInstance: raizen_lab_01.sleep scheduled__2021-11-20T23:00:00+00:00 [running]> on host 6383a3236c72
[2022-08-23 12:25:07,026] {taskinstance.py:1591} INFO - Exporting the following env vars:
AIRFLOW_CTX_DAG_OWNER=admin
AIRFLOW_CTX_DAG_ID=raizen_lab_01
AIRFLOW_CTX_TASK_ID=sleep
AIRFLOW_CTX_EXECUTION_DATE=2021-11-20T23:00:00+00:00
AIRFLOW_CTX_TRY_NUMBER=1
AIRFLOW_CTX_DAG_RUN_ID=scheduled__2021-11-20T23:00:00+00:00
[2022-08-23 12:25:07,028] {subprocess.py:62} INFO - Tmp dir root location: 
 /tmp
[2022-08-23 12:25:07,029] {subprocess.py:74} INFO - Running command: ['bash', '-c', 'sleep 5']
[2022-08-23 12:25:07,041] {subprocess.py:85} INFO - Output:
[2022-08-23 12:25:12,043] {subprocess.py:96} INFO - Command exited with return code 0
[2022-08-23 12:25:12,128] {taskinstance.py:1420} INFO - Marking task as SUCCESS. dag_id=raizen_lab_01, task_id=sleep, execution_date=20211120T230000, start_date=20220823T122506, end_date=20220823T122512
[2022-08-23 12:25:12,234] {local_task_job.py:156} INFO - Task exited with return code 0
[2022-08-23 12:25:12,309] {local_task_job.py:273} INFO - 1 downstream tasks scheduled from follow-on schedule check
