[2022-08-23 22:19:25,194] {taskinstance.py:1179} INFO - Dependencies all met for <TaskInstance: raizen_lab_01.02_cria_tabela manual__2022-08-23T22:19:23.370053+00:00 [queued]>
[2022-08-23 22:19:25,204] {taskinstance.py:1179} INFO - Dependencies all met for <TaskInstance: raizen_lab_01.02_cria_tabela manual__2022-08-23T22:19:23.370053+00:00 [queued]>
[2022-08-23 22:19:25,205] {taskinstance.py:1376} INFO - 
--------------------------------------------------------------------------------
[2022-08-23 22:19:25,205] {taskinstance.py:1377} INFO - Starting attempt 1 of 2
[2022-08-23 22:19:25,205] {taskinstance.py:1378} INFO - 
--------------------------------------------------------------------------------
[2022-08-23 22:19:25,226] {taskinstance.py:1397} INFO - Executing <Task(PythonOperator): 02_cria_tabela> on 2022-08-23 22:19:23.370053+00:00
[2022-08-23 22:19:25,234] {standard_task_runner.py:52} INFO - Started process 74 to run task
[2022-08-23 22:19:25,239] {standard_task_runner.py:79} INFO - Running: ['***', 'tasks', 'run', 'raizen_lab_01', '02_cria_tabela', 'manual__2022-08-23T22:19:23.370053+00:00', '--job-id', '9424', '--raw', '--subdir', 'DAGS_FOLDER/raizen_lab_01.py', '--cfg-path', '/tmp/tmpyl9xv9h2', '--error-file', '/tmp/tmpwit610t1']
[2022-08-23 22:19:25,241] {standard_task_runner.py:80} INFO - Job 9424: Subtask 02_cria_tabela
[2022-08-23 22:19:25,372] {task_command.py:371} INFO - Running <TaskInstance: raizen_lab_01.02_cria_tabela manual__2022-08-23T22:19:23.370053+00:00 [running]> on host 80fce776ee1f
[2022-08-23 22:19:25,446] {taskinstance.py:1591} INFO - Exporting the following env vars:
AIRFLOW_CTX_DAG_OWNER=admin
AIRFLOW_CTX_DAG_ID=raizen_lab_01
AIRFLOW_CTX_TASK_ID=02_cria_tabela
AIRFLOW_CTX_EXECUTION_DATE=2022-08-23T22:19:23.370053+00:00
AIRFLOW_CTX_TRY_NUMBER=1
AIRFLOW_CTX_DAG_RUN_ID=manual__2022-08-23T22:19:23.370053+00:00
[2022-08-23 22:19:25,467] {taskinstance.py:1909} ERROR - Task failed with exception
Traceback (most recent call last):
  File "/home/airflow/.local/lib/python3.7/site-packages/airflow/operators/python.py", line 171, in execute
    return_value = self.execute_callable()
  File "/home/airflow/.local/lib/python3.7/site-packages/airflow/operators/python.py", line 189, in execute_callable
    return self.python_callable(*self.op_args, **self.op_kwargs)
  File "/opt/airflow/dags/raizen_lab_01.py", line 35, in cria_tabela
    con.select_db('select * from db.tabela_de_deus')
MySQLdb.OperationalError: (1049, "Unknown database 'select * from db.tabela_de_deus'")
[2022-08-23 22:19:25,478] {taskinstance.py:1420} INFO - Marking task as UP_FOR_RETRY. dag_id=raizen_lab_01, task_id=02_cria_tabela, execution_date=20220823T221923, start_date=20220823T221925, end_date=20220823T221925
[2022-08-23 22:19:25,489] {standard_task_runner.py:97} ERROR - Failed to execute job 9424 for task 02_cria_tabela ((1049, "Unknown database 'select * from db.tabela_de_deus'"); 74)
[2022-08-23 22:19:25,533] {local_task_job.py:156} INFO - Task exited with return code 1
[2022-08-23 22:19:25,575] {local_task_job.py:273} INFO - 0 downstream tasks scheduled from follow-on schedule check
