[2022-08-23 12:36:08,328] {taskinstance.py:1179} INFO - Dependencies all met for <TaskInstance: raizen_lab_01.print_hello scheduled__2021-12-20T04:00:00+00:00 [queued]>
[2022-08-23 12:36:08,339] {taskinstance.py:1179} INFO - Dependencies all met for <TaskInstance: raizen_lab_01.print_hello scheduled__2021-12-20T04:00:00+00:00 [queued]>
[2022-08-23 12:36:08,340] {taskinstance.py:1376} INFO - 
--------------------------------------------------------------------------------
[2022-08-23 12:36:08,340] {taskinstance.py:1377} INFO - Starting attempt 1 of 2
[2022-08-23 12:36:08,341] {taskinstance.py:1378} INFO - 
--------------------------------------------------------------------------------
[2022-08-23 12:36:08,362] {taskinstance.py:1397} INFO - Executing <Task(BashOperator): print_hello> on 2021-12-20 04:00:00+00:00
[2022-08-23 12:36:08,456] {standard_task_runner.py:52} INFO - Started process 12481 to run task
[2022-08-23 12:36:08,460] {standard_task_runner.py:79} INFO - Running: ['***', 'tasks', 'run', 'raizen_lab_01', 'print_hello', 'scheduled__2021-12-20T04:00:00+00:00', '--job-id', '6727', '--raw', '--subdir', 'DAGS_FOLDER/raizen_lab_01.py', '--cfg-path', '/tmp/tmph4sywyt4', '--error-file', '/tmp/tmpxtfo8sav']
[2022-08-23 12:36:08,462] {standard_task_runner.py:80} INFO - Job 6727: Subtask print_hello
[2022-08-23 12:36:08,553] {task_command.py:371} INFO - Running <TaskInstance: raizen_lab_01.print_hello scheduled__2021-12-20T04:00:00+00:00 [running]> on host 6383a3236c72
[2022-08-23 12:36:08,646] {taskinstance.py:1591} INFO - Exporting the following env vars:
AIRFLOW_CTX_DAG_OWNER=admin
AIRFLOW_CTX_DAG_ID=raizen_lab_01
AIRFLOW_CTX_TASK_ID=print_hello
AIRFLOW_CTX_EXECUTION_DATE=2021-12-20T04:00:00+00:00
AIRFLOW_CTX_TRY_NUMBER=1
AIRFLOW_CTX_DAG_RUN_ID=scheduled__2021-12-20T04:00:00+00:00
[2022-08-23 12:36:08,648] {subprocess.py:62} INFO - Tmp dir root location: 
 /tmp
[2022-08-23 12:36:08,648] {subprocess.py:74} INFO - Running command: ['bash', '-c', 'echo "hello"']
[2022-08-23 12:36:08,662] {subprocess.py:85} INFO - Output:
[2022-08-23 12:36:08,663] {subprocess.py:92} INFO - hello
[2022-08-23 12:36:08,664] {subprocess.py:96} INFO - Command exited with return code 0
[2022-08-23 12:36:08,694] {taskinstance.py:1420} INFO - Marking task as SUCCESS. dag_id=raizen_lab_01, task_id=print_hello, execution_date=20211220T040000, start_date=20220823T123608, end_date=20220823T123608
[2022-08-23 12:36:08,754] {local_task_job.py:156} INFO - Task exited with return code 0
[2022-08-23 12:36:08,810] {local_task_job.py:273} INFO - 1 downstream tasks scheduled from follow-on schedule check
