[2022-08-24 23:58:42,398] {taskinstance.py:1179} INFO - Dependencies all met for <TaskInstance: Raizen.Step_01_Ingestion_Sheets_To_Stage scheduled__2022-08-22T06:00:00+00:00 [queued]>
[2022-08-24 23:58:42,420] {taskinstance.py:1179} INFO - Dependencies all met for <TaskInstance: Raizen.Step_01_Ingestion_Sheets_To_Stage scheduled__2022-08-22T06:00:00+00:00 [queued]>
[2022-08-24 23:58:42,421] {taskinstance.py:1376} INFO - 
--------------------------------------------------------------------------------
[2022-08-24 23:58:42,422] {taskinstance.py:1377} INFO - Starting attempt 1 of 2
[2022-08-24 23:58:42,422] {taskinstance.py:1378} INFO - 
--------------------------------------------------------------------------------
[2022-08-24 23:58:42,454] {taskinstance.py:1397} INFO - Executing <Task(PythonOperator): Step_01_Ingestion_Sheets_To_Stage> on 2022-08-22 06:00:00+00:00
[2022-08-24 23:58:42,465] {standard_task_runner.py:52} INFO - Started process 118 to run task
[2022-08-24 23:58:42,471] {standard_task_runner.py:79} INFO - Running: ['***', 'tasks', 'run', 'Raizen', 'Step_01_Ingestion_Sheets_To_Stage', 'scheduled__2022-08-22T06:00:00+00:00', '--job-id', '9821', '--raw', '--subdir', 'DAGS_FOLDER/raizen_lab_01.py', '--cfg-path', '/tmp/tmplxrttu6t', '--error-file', '/tmp/tmpkafr73h3']
[2022-08-24 23:58:42,474] {standard_task_runner.py:80} INFO - Job 9821: Subtask Step_01_Ingestion_Sheets_To_Stage
[2022-08-24 23:58:42,627] {task_command.py:371} INFO - Running <TaskInstance: Raizen.Step_01_Ingestion_Sheets_To_Stage scheduled__2022-08-22T06:00:00+00:00 [running]> on host a341554e0e18
[2022-08-24 23:58:42,781] {taskinstance.py:1591} INFO - Exporting the following env vars:
AIRFLOW_CTX_DAG_OWNER=admin
AIRFLOW_CTX_DAG_ID=Raizen
AIRFLOW_CTX_TASK_ID=Step_01_Ingestion_Sheets_To_Stage
AIRFLOW_CTX_EXECUTION_DATE=2022-08-22T06:00:00+00:00
AIRFLOW_CTX_TRY_NUMBER=1
AIRFLOW_CTX_DAG_RUN_ID=scheduled__2022-08-22T06:00:00+00:00
[2022-08-24 23:59:09,491] {python.py:173} INFO - Done. Returned value was: None
[2022-08-24 23:59:09,517] {taskinstance.py:1420} INFO - Marking task as SUCCESS. dag_id=Raizen, task_id=Step_01_Ingestion_Sheets_To_Stage, execution_date=20220822T060000, start_date=20220824T235842, end_date=20220824T235909
[2022-08-24 23:59:09,586] {local_task_job.py:156} INFO - Task exited with return code 0
[2022-08-24 23:59:09,654] {local_task_job.py:273} INFO - 1 downstream tasks scheduled from follow-on schedule check
