[2022-08-23 11:36:05,998] {taskinstance.py:1179} INFO - Dependencies all met for <TaskInstance: raizen_lab_01.sleep scheduled__2021-10-07T16:00:00+00:00 [queued]>
[2022-08-23 11:36:06,016] {taskinstance.py:1179} INFO - Dependencies all met for <TaskInstance: raizen_lab_01.sleep scheduled__2021-10-07T16:00:00+00:00 [queued]>
[2022-08-23 11:36:06,016] {taskinstance.py:1376} INFO - 
--------------------------------------------------------------------------------
[2022-08-23 11:36:06,017] {taskinstance.py:1377} INFO - Starting attempt 1 of 2
[2022-08-23 11:36:06,017] {taskinstance.py:1378} INFO - 
--------------------------------------------------------------------------------
[2022-08-23 11:36:06,047] {taskinstance.py:1397} INFO - Executing <Task(BashOperator): sleep> on 2021-10-07 16:00:00+00:00
[2022-08-23 11:36:06,058] {standard_task_runner.py:52} INFO - Started process 4105 to run task
[2022-08-23 11:36:06,065] {standard_task_runner.py:79} INFO - Running: ['***', 'tasks', 'run', 'raizen_lab_01', 'sleep', 'scheduled__2021-10-07T16:00:00+00:00', '--job-id', '1438', '--raw', '--subdir', 'DAGS_FOLDER/raizen_lab_01.py', '--cfg-path', '/tmp/tmpa97yon5m', '--error-file', '/tmp/tmpx02znh0v']
[2022-08-23 11:36:06,067] {standard_task_runner.py:80} INFO - Job 1438: Subtask sleep
[2022-08-23 11:36:06,210] {task_command.py:371} INFO - Running <TaskInstance: raizen_lab_01.sleep scheduled__2021-10-07T16:00:00+00:00 [running]> on host 7f48b7aaf0fc
[2022-08-23 11:36:06,371] {taskinstance.py:1591} INFO - Exporting the following env vars:
AIRFLOW_CTX_DAG_OWNER=admin
AIRFLOW_CTX_DAG_ID=raizen_lab_01
AIRFLOW_CTX_TASK_ID=sleep
AIRFLOW_CTX_EXECUTION_DATE=2021-10-07T16:00:00+00:00
AIRFLOW_CTX_TRY_NUMBER=1
AIRFLOW_CTX_DAG_RUN_ID=scheduled__2021-10-07T16:00:00+00:00
[2022-08-23 11:36:06,373] {subprocess.py:62} INFO - Tmp dir root location: 
 /tmp
[2022-08-23 11:36:06,375] {subprocess.py:74} INFO - Running command: ['bash', '-c', 'sleep 5']
[2022-08-23 11:36:06,397] {subprocess.py:85} INFO - Output:
[2022-08-23 11:36:11,403] {subprocess.py:96} INFO - Command exited with return code 0
[2022-08-23 11:36:11,455] {taskinstance.py:1420} INFO - Marking task as SUCCESS. dag_id=raizen_lab_01, task_id=sleep, execution_date=20211007T160000, start_date=20220823T113605, end_date=20220823T113611
[2022-08-23 11:36:11,517] {local_task_job.py:156} INFO - Task exited with return code 0
[2022-08-23 11:36:11,765] {local_task_job.py:273} INFO - 0 downstream tasks scheduled from follow-on schedule check
