[2022-08-23 12:37:16,300] {taskinstance.py:1179} INFO - Dependencies all met for <TaskInstance: raizen_lab_01.sleep scheduled__2021-12-22T21:00:00+00:00 [queued]>
[2022-08-23 12:37:16,320] {taskinstance.py:1179} INFO - Dependencies all met for <TaskInstance: raizen_lab_01.sleep scheduled__2021-12-22T21:00:00+00:00 [queued]>
[2022-08-23 12:37:16,320] {taskinstance.py:1376} INFO - 
--------------------------------------------------------------------------------
[2022-08-23 12:37:16,321] {taskinstance.py:1377} INFO - Starting attempt 1 of 2
[2022-08-23 12:37:16,321] {taskinstance.py:1378} INFO - 
--------------------------------------------------------------------------------
[2022-08-23 12:37:16,353] {taskinstance.py:1397} INFO - Executing <Task(BashOperator): sleep> on 2021-12-22 21:00:00+00:00
[2022-08-23 12:37:16,367] {standard_task_runner.py:52} INFO - Started process 13304 to run task
[2022-08-23 12:37:16,371] {standard_task_runner.py:79} INFO - Running: ['***', 'tasks', 'run', 'raizen_lab_01', 'sleep', 'scheduled__2021-12-22T21:00:00+00:00', '--job-id', '6936', '--raw', '--subdir', 'DAGS_FOLDER/raizen_lab_01.py', '--cfg-path', '/tmp/tmp27tsdt31', '--error-file', '/tmp/tmpjxjbflmm']
[2022-08-23 12:37:16,372] {standard_task_runner.py:80} INFO - Job 6936: Subtask sleep
[2022-08-23 12:37:16,561] {task_command.py:371} INFO - Running <TaskInstance: raizen_lab_01.sleep scheduled__2021-12-22T21:00:00+00:00 [running]> on host 6383a3236c72
[2022-08-23 12:37:16,699] {taskinstance.py:1591} INFO - Exporting the following env vars:
AIRFLOW_CTX_DAG_OWNER=admin
AIRFLOW_CTX_DAG_ID=raizen_lab_01
AIRFLOW_CTX_TASK_ID=sleep
AIRFLOW_CTX_EXECUTION_DATE=2021-12-22T21:00:00+00:00
AIRFLOW_CTX_TRY_NUMBER=1
AIRFLOW_CTX_DAG_RUN_ID=scheduled__2021-12-22T21:00:00+00:00
[2022-08-23 12:37:16,702] {subprocess.py:62} INFO - Tmp dir root location: 
 /tmp
[2022-08-23 12:37:16,703] {subprocess.py:74} INFO - Running command: ['bash', '-c', 'sleep 5']
[2022-08-23 12:37:16,721] {subprocess.py:85} INFO - Output:
[2022-08-23 12:37:21,725] {subprocess.py:96} INFO - Command exited with return code 0
[2022-08-23 12:37:21,779] {taskinstance.py:1420} INFO - Marking task as SUCCESS. dag_id=raizen_lab_01, task_id=sleep, execution_date=20211222T210000, start_date=20220823T123716, end_date=20220823T123721
[2022-08-23 12:37:21,805] {local_task_job.py:156} INFO - Task exited with return code 0
[2022-08-23 12:37:21,834] {local_task_job.py:273} INFO - 1 downstream tasks scheduled from follow-on schedule check
