[2022-08-23 12:08:25,323] {taskinstance.py:1179} INFO - Dependencies all met for <TaskInstance: raizen_lab_01.print_world scheduled__2021-11-01T12:00:00+00:00 [queued]>
[2022-08-23 12:08:25,335] {taskinstance.py:1179} INFO - Dependencies all met for <TaskInstance: raizen_lab_01.print_world scheduled__2021-11-01T12:00:00+00:00 [queued]>
[2022-08-23 12:08:25,336] {taskinstance.py:1376} INFO - 
--------------------------------------------------------------------------------
[2022-08-23 12:08:25,336] {taskinstance.py:1377} INFO - Starting attempt 1 of 2
[2022-08-23 12:08:25,336] {taskinstance.py:1378} INFO - 
--------------------------------------------------------------------------------
[2022-08-23 12:08:25,357] {taskinstance.py:1397} INFO - Executing <Task(PythonOperator): print_world> on 2021-11-01 12:00:00+00:00
[2022-08-23 12:08:25,363] {standard_task_runner.py:52} INFO - Started process 1863 to run task
[2022-08-23 12:08:25,367] {standard_task_runner.py:79} INFO - Running: ['***', 'tasks', 'run', 'raizen_lab_01', 'print_world', 'scheduled__2021-11-01T12:00:00+00:00', '--job-id', '3246', '--raw', '--subdir', 'DAGS_FOLDER/raizen_lab_01.py', '--cfg-path', '/tmp/tmp98060d8v', '--error-file', '/tmp/tmp1uztlc6s']
[2022-08-23 12:08:25,369] {standard_task_runner.py:80} INFO - Job 3246: Subtask print_world
[2022-08-23 12:08:25,499] {task_command.py:371} INFO - Running <TaskInstance: raizen_lab_01.print_world scheduled__2021-11-01T12:00:00+00:00 [running]> on host 67b6bdae536e
[2022-08-23 12:08:25,588] {taskinstance.py:1591} INFO - Exporting the following env vars:
AIRFLOW_CTX_DAG_OWNER=admin
AIRFLOW_CTX_DAG_ID=raizen_lab_01
AIRFLOW_CTX_TASK_ID=print_world
AIRFLOW_CTX_EXECUTION_DATE=2021-11-01T12:00:00+00:00
AIRFLOW_CTX_TRY_NUMBER=1
AIRFLOW_CTX_DAG_RUN_ID=scheduled__2021-11-01T12:00:00+00:00
[2022-08-23 12:08:25,590] {logging_mixin.py:115} INFO - world
[2022-08-23 12:08:25,590] {python.py:173} INFO - Done. Returned value was: None
[2022-08-23 12:08:25,604] {taskinstance.py:1420} INFO - Marking task as SUCCESS. dag_id=raizen_lab_01, task_id=print_world, execution_date=20211101T120000, start_date=20220823T120825, end_date=20220823T120825
[2022-08-23 12:08:25,658] {local_task_job.py:156} INFO - Task exited with return code 0
[2022-08-23 12:08:25,690] {local_task_job.py:273} INFO - 0 downstream tasks scheduled from follow-on schedule check
