[2022-08-23 12:07:44,141] {taskinstance.py:1179} INFO - Dependencies all met for <TaskInstance: raizen_lab_01.sleep scheduled__2021-10-30T18:00:00+00:00 [queued]>
[2022-08-23 12:07:44,154] {taskinstance.py:1179} INFO - Dependencies all met for <TaskInstance: raizen_lab_01.sleep scheduled__2021-10-30T18:00:00+00:00 [queued]>
[2022-08-23 12:07:44,154] {taskinstance.py:1376} INFO - 
--------------------------------------------------------------------------------
[2022-08-23 12:07:44,155] {taskinstance.py:1377} INFO - Starting attempt 1 of 2
[2022-08-23 12:07:44,155] {taskinstance.py:1378} INFO - 
--------------------------------------------------------------------------------
[2022-08-23 12:07:44,173] {taskinstance.py:1397} INFO - Executing <Task(BashOperator): sleep> on 2021-10-30 18:00:00+00:00
[2022-08-23 12:07:44,179] {standard_task_runner.py:52} INFO - Started process 1423 to run task
[2022-08-23 12:07:44,183] {standard_task_runner.py:79} INFO - Running: ['***', 'tasks', 'run', 'raizen_lab_01', 'sleep', 'scheduled__2021-10-30T18:00:00+00:00', '--job-id', '3095', '--raw', '--subdir', 'DAGS_FOLDER/raizen_lab_01.py', '--cfg-path', '/tmp/tmpf_jxp1sx', '--error-file', '/tmp/tmpwqz_h0ze']
[2022-08-23 12:07:44,184] {standard_task_runner.py:80} INFO - Job 3095: Subtask sleep
[2022-08-23 12:07:44,247] {task_command.py:371} INFO - Running <TaskInstance: raizen_lab_01.sleep scheduled__2021-10-30T18:00:00+00:00 [running]> on host 67b6bdae536e
[2022-08-23 12:07:44,318] {taskinstance.py:1591} INFO - Exporting the following env vars:
AIRFLOW_CTX_DAG_OWNER=admin
AIRFLOW_CTX_DAG_ID=raizen_lab_01
AIRFLOW_CTX_TASK_ID=sleep
AIRFLOW_CTX_EXECUTION_DATE=2021-10-30T18:00:00+00:00
AIRFLOW_CTX_TRY_NUMBER=1
AIRFLOW_CTX_DAG_RUN_ID=scheduled__2021-10-30T18:00:00+00:00
[2022-08-23 12:07:44,320] {subprocess.py:62} INFO - Tmp dir root location: 
 /tmp
[2022-08-23 12:07:44,320] {subprocess.py:74} INFO - Running command: ['bash', '-c', 'sleep 5']
[2022-08-23 12:07:44,330] {subprocess.py:85} INFO - Output:
[2022-08-23 12:07:49,334] {subprocess.py:96} INFO - Command exited with return code 0
[2022-08-23 12:07:49,366] {taskinstance.py:1420} INFO - Marking task as SUCCESS. dag_id=raizen_lab_01, task_id=sleep, execution_date=20211030T180000, start_date=20220823T120744, end_date=20220823T120749
[2022-08-23 12:07:49,410] {local_task_job.py:156} INFO - Task exited with return code 0
[2022-08-23 12:07:49,459] {local_task_job.py:273} INFO - 0 downstream tasks scheduled from follow-on schedule check
