[2022-08-23 13:15:27,109] {taskinstance.py:1179} INFO - Dependencies all met for <TaskInstance: raizen_lab_01.sleep scheduled__2021-12-31T20:00:00+00:00 [queued]>
[2022-08-23 13:15:27,122] {taskinstance.py:1179} INFO - Dependencies all met for <TaskInstance: raizen_lab_01.sleep scheduled__2021-12-31T20:00:00+00:00 [queued]>
[2022-08-23 13:15:27,123] {taskinstance.py:1376} INFO - 
--------------------------------------------------------------------------------
[2022-08-23 13:15:27,123] {taskinstance.py:1377} INFO - Starting attempt 1 of 2
[2022-08-23 13:15:27,124] {taskinstance.py:1378} INFO - 
--------------------------------------------------------------------------------
[2022-08-23 13:15:27,145] {taskinstance.py:1397} INFO - Executing <Task(BashOperator): sleep> on 2021-12-31 20:00:00+00:00
[2022-08-23 13:15:27,154] {standard_task_runner.py:52} INFO - Started process 1066 to run task
[2022-08-23 13:15:27,158] {standard_task_runner.py:79} INFO - Running: ['***', 'tasks', 'run', 'raizen_lab_01', 'sleep', 'scheduled__2021-12-31T20:00:00+00:00', '--job-id', '7595', '--raw', '--subdir', 'DAGS_FOLDER/raizen_lab_01.py', '--cfg-path', '/tmp/tmpdjnzlq5x', '--error-file', '/tmp/tmpjw3rfny4']
[2022-08-23 13:15:27,160] {standard_task_runner.py:80} INFO - Job 7595: Subtask sleep
[2022-08-23 13:15:27,256] {task_command.py:371} INFO - Running <TaskInstance: raizen_lab_01.sleep scheduled__2021-12-31T20:00:00+00:00 [running]> on host 94e929fe2c87
[2022-08-23 13:15:27,377] {taskinstance.py:1591} INFO - Exporting the following env vars:
AIRFLOW_CTX_DAG_OWNER=admin
AIRFLOW_CTX_DAG_ID=raizen_lab_01
AIRFLOW_CTX_TASK_ID=sleep
AIRFLOW_CTX_EXECUTION_DATE=2021-12-31T20:00:00+00:00
AIRFLOW_CTX_TRY_NUMBER=1
AIRFLOW_CTX_DAG_RUN_ID=scheduled__2021-12-31T20:00:00+00:00
[2022-08-23 13:15:27,379] {subprocess.py:62} INFO - Tmp dir root location: 
 /tmp
[2022-08-23 13:15:27,381] {subprocess.py:74} INFO - Running command: ['bash', '-c', 'sleep 5']
[2022-08-23 13:15:27,398] {subprocess.py:85} INFO - Output:
[2022-08-23 13:15:32,402] {subprocess.py:96} INFO - Command exited with return code 0
[2022-08-23 13:15:32,429] {taskinstance.py:1420} INFO - Marking task as SUCCESS. dag_id=raizen_lab_01, task_id=sleep, execution_date=20211231T200000, start_date=20220823T131527, end_date=20220823T131532
[2022-08-23 13:15:32,467] {local_task_job.py:156} INFO - Task exited with return code 0
[2022-08-23 13:15:32,497] {local_task_job.py:273} INFO - 1 downstream tasks scheduled from follow-on schedule check
