[2022-08-23 12:33:57,027] {taskinstance.py:1179} INFO - Dependencies all met for <TaskInstance: raizen_lab_01.sleep scheduled__2021-12-14T03:00:00+00:00 [queued]>
[2022-08-23 12:33:57,039] {taskinstance.py:1179} INFO - Dependencies all met for <TaskInstance: raizen_lab_01.sleep scheduled__2021-12-14T03:00:00+00:00 [queued]>
[2022-08-23 12:33:57,040] {taskinstance.py:1376} INFO - 
--------------------------------------------------------------------------------
[2022-08-23 12:33:57,040] {taskinstance.py:1377} INFO - Starting attempt 1 of 2
[2022-08-23 12:33:57,041] {taskinstance.py:1378} INFO - 
--------------------------------------------------------------------------------
[2022-08-23 12:33:57,065] {taskinstance.py:1397} INFO - Executing <Task(BashOperator): sleep> on 2021-12-14 03:00:00+00:00
[2022-08-23 12:33:57,077] {standard_task_runner.py:52} INFO - Started process 10829 to run task
[2022-08-23 12:33:57,081] {standard_task_runner.py:79} INFO - Running: ['***', 'tasks', 'run', 'raizen_lab_01', 'sleep', 'scheduled__2021-12-14T03:00:00+00:00', '--job-id', '6304', '--raw', '--subdir', 'DAGS_FOLDER/raizen_lab_01.py', '--cfg-path', '/tmp/tmp3f3wu9cm', '--error-file', '/tmp/tmp_b3zk5od']
[2022-08-23 12:33:57,083] {standard_task_runner.py:80} INFO - Job 6304: Subtask sleep
[2022-08-23 12:33:57,167] {task_command.py:371} INFO - Running <TaskInstance: raizen_lab_01.sleep scheduled__2021-12-14T03:00:00+00:00 [running]> on host 6383a3236c72
[2022-08-23 12:33:57,266] {taskinstance.py:1591} INFO - Exporting the following env vars:
AIRFLOW_CTX_DAG_OWNER=admin
AIRFLOW_CTX_DAG_ID=raizen_lab_01
AIRFLOW_CTX_TASK_ID=sleep
AIRFLOW_CTX_EXECUTION_DATE=2021-12-14T03:00:00+00:00
AIRFLOW_CTX_TRY_NUMBER=1
AIRFLOW_CTX_DAG_RUN_ID=scheduled__2021-12-14T03:00:00+00:00
[2022-08-23 12:33:57,268] {subprocess.py:62} INFO - Tmp dir root location: 
 /tmp
[2022-08-23 12:33:57,269] {subprocess.py:74} INFO - Running command: ['bash', '-c', 'sleep 5']
[2022-08-23 12:33:57,285] {subprocess.py:85} INFO - Output:
[2022-08-23 12:34:02,288] {subprocess.py:96} INFO - Command exited with return code 0
[2022-08-23 12:34:02,314] {taskinstance.py:1420} INFO - Marking task as SUCCESS. dag_id=raizen_lab_01, task_id=sleep, execution_date=20211214T030000, start_date=20220823T123357, end_date=20220823T123402
[2022-08-23 12:34:02,348] {local_task_job.py:156} INFO - Task exited with return code 0
[2022-08-23 12:34:02,372] {local_task_job.py:273} INFO - 1 downstream tasks scheduled from follow-on schedule check
