[2022-08-23 13:09:49,129] {taskinstance.py:1179} INFO - Dependencies all met for <TaskInstance: raizen_lab_01.print_hello scheduled__2021-12-26T15:00:00+00:00 [queued]>
[2022-08-23 13:09:49,142] {taskinstance.py:1179} INFO - Dependencies all met for <TaskInstance: raizen_lab_01.print_hello scheduled__2021-12-26T15:00:00+00:00 [queued]>
[2022-08-23 13:09:49,142] {taskinstance.py:1376} INFO - 
--------------------------------------------------------------------------------
[2022-08-23 13:09:49,142] {taskinstance.py:1377} INFO - Starting attempt 1 of 2
[2022-08-23 13:09:49,143] {taskinstance.py:1378} INFO - 
--------------------------------------------------------------------------------
[2022-08-23 13:09:49,162] {taskinstance.py:1397} INFO - Executing <Task(BashOperator): print_hello> on 2021-12-26 15:00:00+00:00
[2022-08-23 13:09:49,169] {standard_task_runner.py:52} INFO - Started process 484 to run task
[2022-08-23 13:09:49,173] {standard_task_runner.py:79} INFO - Running: ['***', 'tasks', 'run', 'raizen_lab_01', 'print_hello', 'scheduled__2021-12-26T15:00:00+00:00', '--job-id', '7189', '--raw', '--subdir', 'DAGS_FOLDER/raizen_lab_01.py', '--cfg-path', '/tmp/tmpxd3t5oj1', '--error-file', '/tmp/tmpk0utdfxe']
[2022-08-23 13:09:49,174] {standard_task_runner.py:80} INFO - Job 7189: Subtask print_hello
[2022-08-23 13:09:49,252] {task_command.py:371} INFO - Running <TaskInstance: raizen_lab_01.print_hello scheduled__2021-12-26T15:00:00+00:00 [running]> on host 965856c951e3
[2022-08-23 13:09:49,329] {taskinstance.py:1591} INFO - Exporting the following env vars:
AIRFLOW_CTX_DAG_OWNER=admin
AIRFLOW_CTX_DAG_ID=raizen_lab_01
AIRFLOW_CTX_TASK_ID=print_hello
AIRFLOW_CTX_EXECUTION_DATE=2021-12-26T15:00:00+00:00
AIRFLOW_CTX_TRY_NUMBER=1
AIRFLOW_CTX_DAG_RUN_ID=scheduled__2021-12-26T15:00:00+00:00
[2022-08-23 13:09:49,331] {subprocess.py:62} INFO - Tmp dir root location: 
 /tmp
[2022-08-23 13:09:49,333] {subprocess.py:74} INFO - Running command: ['bash', '-c', 'echo "hello"']
[2022-08-23 13:09:49,352] {subprocess.py:85} INFO - Output:
[2022-08-23 13:09:49,353] {subprocess.py:92} INFO - hello
[2022-08-23 13:09:49,354] {subprocess.py:96} INFO - Command exited with return code 0
[2022-08-23 13:09:49,386] {taskinstance.py:1420} INFO - Marking task as SUCCESS. dag_id=raizen_lab_01, task_id=print_hello, execution_date=20211226T150000, start_date=20220823T130949, end_date=20220823T130949
[2022-08-23 13:09:49,424] {local_task_job.py:156} INFO - Task exited with return code 0
[2022-08-23 13:09:49,460] {local_task_job.py:273} INFO - 1 downstream tasks scheduled from follow-on schedule check
