[2022-08-23 12:33:39,653] {taskinstance.py:1179} INFO - Dependencies all met for <TaskInstance: raizen_lab_01.sleep scheduled__2021-12-13T06:00:00+00:00 [queued]>
[2022-08-23 12:33:39,668] {taskinstance.py:1179} INFO - Dependencies all met for <TaskInstance: raizen_lab_01.sleep scheduled__2021-12-13T06:00:00+00:00 [queued]>
[2022-08-23 12:33:39,668] {taskinstance.py:1376} INFO - 
--------------------------------------------------------------------------------
[2022-08-23 12:33:39,669] {taskinstance.py:1377} INFO - Starting attempt 1 of 2
[2022-08-23 12:33:39,669] {taskinstance.py:1378} INFO - 
--------------------------------------------------------------------------------
[2022-08-23 12:33:39,688] {taskinstance.py:1397} INFO - Executing <Task(BashOperator): sleep> on 2021-12-13 06:00:00+00:00
[2022-08-23 12:33:39,694] {standard_task_runner.py:52} INFO - Started process 10608 to run task
[2022-08-23 12:33:39,698] {standard_task_runner.py:79} INFO - Running: ['***', 'tasks', 'run', 'raizen_lab_01', 'sleep', 'scheduled__2021-12-13T06:00:00+00:00', '--job-id', '6247', '--raw', '--subdir', 'DAGS_FOLDER/raizen_lab_01.py', '--cfg-path', '/tmp/tmpe3iscp4h', '--error-file', '/tmp/tmpdvzyyx19']
[2022-08-23 12:33:39,699] {standard_task_runner.py:80} INFO - Job 6247: Subtask sleep
[2022-08-23 12:33:39,775] {task_command.py:371} INFO - Running <TaskInstance: raizen_lab_01.sleep scheduled__2021-12-13T06:00:00+00:00 [running]> on host 6383a3236c72
[2022-08-23 12:33:39,942] {taskinstance.py:1591} INFO - Exporting the following env vars:
AIRFLOW_CTX_DAG_OWNER=admin
AIRFLOW_CTX_DAG_ID=raizen_lab_01
AIRFLOW_CTX_TASK_ID=sleep
AIRFLOW_CTX_EXECUTION_DATE=2021-12-13T06:00:00+00:00
AIRFLOW_CTX_TRY_NUMBER=1
AIRFLOW_CTX_DAG_RUN_ID=scheduled__2021-12-13T06:00:00+00:00
[2022-08-23 12:33:39,944] {subprocess.py:62} INFO - Tmp dir root location: 
 /tmp
[2022-08-23 12:33:39,944] {subprocess.py:74} INFO - Running command: ['bash', '-c', 'sleep 5']
[2022-08-23 12:33:39,957] {subprocess.py:85} INFO - Output:
[2022-08-23 12:33:44,959] {subprocess.py:96} INFO - Command exited with return code 0
[2022-08-23 12:33:44,985] {taskinstance.py:1420} INFO - Marking task as SUCCESS. dag_id=raizen_lab_01, task_id=sleep, execution_date=20211213T060000, start_date=20220823T123339, end_date=20220823T123344
[2022-08-23 12:33:45,010] {local_task_job.py:156} INFO - Task exited with return code 0
[2022-08-23 12:33:45,038] {local_task_job.py:273} INFO - 1 downstream tasks scheduled from follow-on schedule check
