[2022-08-23 19:46:59,147] {taskinstance.py:1179} INFO - Dependencies all met for <TaskInstance: raizen_lab_01.step_01 scheduled__2022-01-27T02:00:00+00:00 [queued]>
[2022-08-23 19:46:59,183] {taskinstance.py:1179} INFO - Dependencies all met for <TaskInstance: raizen_lab_01.step_01 scheduled__2022-01-27T02:00:00+00:00 [queued]>
[2022-08-23 19:46:59,184] {taskinstance.py:1376} INFO - 
--------------------------------------------------------------------------------
[2022-08-23 19:46:59,185] {taskinstance.py:1377} INFO - Starting attempt 1 of 2
[2022-08-23 19:46:59,188] {taskinstance.py:1378} INFO - 
--------------------------------------------------------------------------------
[2022-08-23 19:46:59,264] {taskinstance.py:1397} INFO - Executing <Task(BashOperator): step_01> on 2022-01-27 02:00:00+00:00
[2022-08-23 19:46:59,276] {standard_task_runner.py:52} INFO - Started process 241 to run task
[2022-08-23 19:46:59,283] {standard_task_runner.py:79} INFO - Running: ['***', 'tasks', 'run', 'raizen_lab_01', 'step_01', 'scheduled__2022-01-27T02:00:00+00:00', '--job-id', '9284', '--raw', '--subdir', 'DAGS_FOLDER/raizen_lab_01.py', '--cfg-path', '/tmp/tmpd8tggo4w', '--error-file', '/tmp/tmprnm5jilp']
[2022-08-23 19:46:59,289] {standard_task_runner.py:80} INFO - Job 9284: Subtask step_01
[2022-08-23 19:46:59,520] {task_command.py:371} INFO - Running <TaskInstance: raizen_lab_01.step_01 scheduled__2022-01-27T02:00:00+00:00 [running]> on host 80fce776ee1f
[2022-08-23 19:46:59,715] {taskinstance.py:1591} INFO - Exporting the following env vars:
AIRFLOW_CTX_DAG_OWNER=admin
AIRFLOW_CTX_DAG_ID=raizen_lab_01
AIRFLOW_CTX_TASK_ID=step_01
AIRFLOW_CTX_EXECUTION_DATE=2022-01-27T02:00:00+00:00
AIRFLOW_CTX_TRY_NUMBER=1
AIRFLOW_CTX_DAG_RUN_ID=scheduled__2022-01-27T02:00:00+00:00
[2022-08-23 19:46:59,718] {subprocess.py:62} INFO - Tmp dir root location: 
 /tmp
[2022-08-23 19:46:59,722] {subprocess.py:74} INFO - Running command: ['bash', '-c', 'echo "hello"']
[2022-08-23 19:46:59,756] {subprocess.py:85} INFO - Output:
[2022-08-23 19:46:59,763] {subprocess.py:92} INFO - hello
[2022-08-23 19:46:59,766] {subprocess.py:96} INFO - Command exited with return code 0
[2022-08-23 19:46:59,933] {taskinstance.py:1420} INFO - Marking task as SUCCESS. dag_id=raizen_lab_01, task_id=step_01, execution_date=20220127T020000, start_date=20220823T194659, end_date=20220823T194659
[2022-08-23 19:46:59,983] {local_task_job.py:156} INFO - Task exited with return code 0
[2022-08-23 19:47:00,077] {local_task_job.py:273} INFO - 0 downstream tasks scheduled from follow-on schedule check
