[2022-08-24 15:50:59,025] {taskinstance.py:1179} INFO - Dependencies all met for <TaskInstance: raizen_lab_01.step_01 manual__2022-08-24T15:50:48.009199+00:00 [queued]>
[2022-08-24 15:50:59,032] {taskinstance.py:1179} INFO - Dependencies all met for <TaskInstance: raizen_lab_01.step_01 manual__2022-08-24T15:50:48.009199+00:00 [queued]>
[2022-08-24 15:50:59,032] {taskinstance.py:1376} INFO - 
--------------------------------------------------------------------------------
[2022-08-24 15:50:59,033] {taskinstance.py:1377} INFO - Starting attempt 1 of 2
[2022-08-24 15:50:59,034] {taskinstance.py:1378} INFO - 
--------------------------------------------------------------------------------
[2022-08-24 15:50:59,044] {taskinstance.py:1397} INFO - Executing <Task(BashOperator): step_01> on 2022-08-24 15:50:48.009199+00:00
[2022-08-24 15:50:59,050] {standard_task_runner.py:52} INFO - Started process 80 to run task
[2022-08-24 15:50:59,052] {standard_task_runner.py:79} INFO - Running: ['***', 'tasks', 'run', 'raizen_lab_01', 'step_01', 'manual__2022-08-24T15:50:48.009199+00:00', '--job-id', '9745', '--raw', '--subdir', 'DAGS_FOLDER/raizen_lab_01.py', '--cfg-path', '/tmp/tmptiurvtxn', '--error-file', '/tmp/tmp_c0jhop0']
[2022-08-24 15:50:59,054] {standard_task_runner.py:80} INFO - Job 9745: Subtask step_01
[2022-08-24 15:50:59,109] {task_command.py:371} INFO - Running <TaskInstance: raizen_lab_01.step_01 manual__2022-08-24T15:50:48.009199+00:00 [running]> on host 3f878792eb1e
[2022-08-24 15:50:59,230] {taskinstance.py:1591} INFO - Exporting the following env vars:
AIRFLOW_CTX_DAG_OWNER=admin
AIRFLOW_CTX_DAG_ID=raizen_lab_01
AIRFLOW_CTX_TASK_ID=step_01
AIRFLOW_CTX_EXECUTION_DATE=2022-08-24T15:50:48.009199+00:00
AIRFLOW_CTX_TRY_NUMBER=1
AIRFLOW_CTX_DAG_RUN_ID=manual__2022-08-24T15:50:48.009199+00:00
[2022-08-24 15:50:59,232] {subprocess.py:62} INFO - Tmp dir root location: 
 /tmp
[2022-08-24 15:50:59,232] {subprocess.py:74} INFO - Running command: ['bash', '-c', 'echo "Fim da Ingestao"']
[2022-08-24 15:50:59,243] {subprocess.py:85} INFO - Output:
[2022-08-24 15:50:59,244] {subprocess.py:92} INFO - Fim da Ingestao
[2022-08-24 15:50:59,245] {subprocess.py:96} INFO - Command exited with return code 0
[2022-08-24 15:50:59,269] {taskinstance.py:1420} INFO - Marking task as SUCCESS. dag_id=raizen_lab_01, task_id=step_01, execution_date=20220824T155048, start_date=20220824T155059, end_date=20220824T155059
[2022-08-24 15:50:59,304] {local_task_job.py:156} INFO - Task exited with return code 0
[2022-08-24 15:50:59,333] {local_task_job.py:273} INFO - 0 downstream tasks scheduled from follow-on schedule check
