[2022-08-23 12:24:01,965] {taskinstance.py:1179} INFO - Dependencies all met for <TaskInstance: raizen_lab_01.sleep scheduled__2021-11-17T21:00:00+00:00 [queued]>
[2022-08-23 12:24:01,979] {taskinstance.py:1179} INFO - Dependencies all met for <TaskInstance: raizen_lab_01.sleep scheduled__2021-11-17T21:00:00+00:00 [queued]>
[2022-08-23 12:24:01,979] {taskinstance.py:1376} INFO - 
--------------------------------------------------------------------------------
[2022-08-23 12:24:01,979] {taskinstance.py:1377} INFO - Starting attempt 1 of 2
[2022-08-23 12:24:01,980] {taskinstance.py:1378} INFO - 
--------------------------------------------------------------------------------
[2022-08-23 12:24:02,001] {taskinstance.py:1397} INFO - Executing <Task(BashOperator): sleep> on 2021-11-17 21:00:00+00:00
[2022-08-23 12:24:02,012] {standard_task_runner.py:52} INFO - Started process 3469 to run task
[2022-08-23 12:24:02,016] {standard_task_runner.py:79} INFO - Running: ['***', 'tasks', 'run', 'raizen_lab_01', 'sleep', 'scheduled__2021-11-17T21:00:00+00:00', '--job-id', '4424', '--raw', '--subdir', 'DAGS_FOLDER/raizen_lab_01.py', '--cfg-path', '/tmp/tmpf7ioxape', '--error-file', '/tmp/tmpskl_jr4m']
[2022-08-23 12:24:02,018] {standard_task_runner.py:80} INFO - Job 4424: Subtask sleep
[2022-08-23 12:24:02,107] {task_command.py:371} INFO - Running <TaskInstance: raizen_lab_01.sleep scheduled__2021-11-17T21:00:00+00:00 [running]> on host 6383a3236c72
[2022-08-23 12:24:02,198] {taskinstance.py:1591} INFO - Exporting the following env vars:
AIRFLOW_CTX_DAG_OWNER=admin
AIRFLOW_CTX_DAG_ID=raizen_lab_01
AIRFLOW_CTX_TASK_ID=sleep
AIRFLOW_CTX_EXECUTION_DATE=2021-11-17T21:00:00+00:00
AIRFLOW_CTX_TRY_NUMBER=1
AIRFLOW_CTX_DAG_RUN_ID=scheduled__2021-11-17T21:00:00+00:00
[2022-08-23 12:24:02,199] {subprocess.py:62} INFO - Tmp dir root location: 
 /tmp
[2022-08-23 12:24:02,200] {subprocess.py:74} INFO - Running command: ['bash', '-c', 'sleep 5']
[2022-08-23 12:24:02,213] {subprocess.py:85} INFO - Output:
[2022-08-23 12:24:07,217] {subprocess.py:96} INFO - Command exited with return code 0
[2022-08-23 12:24:07,247] {taskinstance.py:1420} INFO - Marking task as SUCCESS. dag_id=raizen_lab_01, task_id=sleep, execution_date=20211117T210000, start_date=20220823T122401, end_date=20220823T122407
[2022-08-23 12:24:07,283] {local_task_job.py:156} INFO - Task exited with return code 0
[2022-08-23 12:24:07,308] {local_task_job.py:273} INFO - 1 downstream tasks scheduled from follow-on schedule check
