[2022-08-23 22:55:27,293] {taskinstance.py:1179} INFO - Dependencies all met for <TaskInstance: raizen_lab_01.06_cria_tabela manual__2022-08-23T22:54:30.615413+00:00 [queued]>
[2022-08-23 22:55:27,305] {taskinstance.py:1179} INFO - Dependencies all met for <TaskInstance: raizen_lab_01.06_cria_tabela manual__2022-08-23T22:54:30.615413+00:00 [queued]>
[2022-08-23 22:55:27,305] {taskinstance.py:1376} INFO - 
--------------------------------------------------------------------------------
[2022-08-23 22:55:27,309] {taskinstance.py:1377} INFO - Starting attempt 1 of 2
[2022-08-23 22:55:27,309] {taskinstance.py:1378} INFO - 
--------------------------------------------------------------------------------
[2022-08-23 22:55:27,324] {taskinstance.py:1397} INFO - Executing <Task(PythonOperator): 06_cria_tabela> on 2022-08-23 22:54:30.615413+00:00
[2022-08-23 22:55:27,330] {standard_task_runner.py:52} INFO - Started process 158 to run task
[2022-08-23 22:55:27,333] {standard_task_runner.py:79} INFO - Running: ['***', 'tasks', 'run', 'raizen_lab_01', '06_cria_tabela', 'manual__2022-08-23T22:54:30.615413+00:00', '--job-id', '9456', '--raw', '--subdir', 'DAGS_FOLDER/raizen_lab_01.py', '--cfg-path', '/tmp/tmpmnww23px', '--error-file', '/tmp/tmpnnrewfil']
[2022-08-23 22:55:27,335] {standard_task_runner.py:80} INFO - Job 9456: Subtask 06_cria_tabela
[2022-08-23 22:55:27,429] {task_command.py:371} INFO - Running <TaskInstance: raizen_lab_01.06_cria_tabela manual__2022-08-23T22:54:30.615413+00:00 [running]> on host 25dd15f8d678
[2022-08-23 22:55:27,513] {taskinstance.py:1591} INFO - Exporting the following env vars:
AIRFLOW_CTX_DAG_OWNER=admin
AIRFLOW_CTX_DAG_ID=raizen_lab_01
AIRFLOW_CTX_TASK_ID=06_cria_tabela
AIRFLOW_CTX_EXECUTION_DATE=2022-08-23T22:54:30.615413+00:00
AIRFLOW_CTX_TRY_NUMBER=1
AIRFLOW_CTX_DAG_RUN_ID=manual__2022-08-23T22:54:30.615413+00:00
[2022-08-23 22:55:27,534] {taskinstance.py:1909} ERROR - Task failed with exception
Traceback (most recent call last):
  File "/home/airflow/.local/lib/python3.7/site-packages/airflow/operators/python.py", line 171, in execute
    return_value = self.execute_callable()
  File "/home/airflow/.local/lib/python3.7/site-packages/airflow/operators/python.py", line 189, in execute_callable
    return self.python_callable(*self.op_args, **self.op_kwargs)
  File "/opt/airflow/dags/raizen_lab_01.py", line 35, in cria_tabela
    con.select_db('select * from tabela_de_deus')
MySQLdb.OperationalError: (1049, "Unknown database 'select * from tabela_de_deus'")
[2022-08-23 22:55:27,549] {taskinstance.py:1420} INFO - Marking task as UP_FOR_RETRY. dag_id=raizen_lab_01, task_id=06_cria_tabela, execution_date=20220823T225430, start_date=20220823T225527, end_date=20220823T225527
[2022-08-23 22:55:27,566] {standard_task_runner.py:97} ERROR - Failed to execute job 9456 for task 06_cria_tabela ((1049, "Unknown database 'select * from tabela_de_deus'"); 158)
[2022-08-23 22:55:27,587] {local_task_job.py:156} INFO - Task exited with return code 1
[2022-08-23 22:55:27,620] {dagrun.py:1081} ERROR - Failed to get task '<TaskInstance: raizen_lab_01.05_cria_tabela manual__2022-08-23T22:54:30.615413+00:00 [removed]>' for dag 'raizen_lab_01'. Marking it as removed.
[2022-08-23 22:55:27,629] {local_task_job.py:273} INFO - 0 downstream tasks scheduled from follow-on schedule check
