[2022-08-23 11:39:31,447] {taskinstance.py:1179} INFO - Dependencies all met for <TaskInstance: raizen_lab_01.sleep scheduled__2021-10-14T16:00:00+00:00 [queued]>
[2022-08-23 11:39:31,464] {taskinstance.py:1179} INFO - Dependencies all met for <TaskInstance: raizen_lab_01.sleep scheduled__2021-10-14T16:00:00+00:00 [queued]>
[2022-08-23 11:39:31,465] {taskinstance.py:1376} INFO - 
--------------------------------------------------------------------------------
[2022-08-23 11:39:31,465] {taskinstance.py:1377} INFO - Starting attempt 1 of 2
[2022-08-23 11:39:31,466] {taskinstance.py:1378} INFO - 
--------------------------------------------------------------------------------
[2022-08-23 11:39:31,489] {taskinstance.py:1397} INFO - Executing <Task(BashOperator): sleep> on 2021-10-14 16:00:00+00:00
[2022-08-23 11:39:31,497] {standard_task_runner.py:52} INFO - Started process 1421 to run task
[2022-08-23 11:39:31,502] {standard_task_runner.py:79} INFO - Running: ['***', 'tasks', 'run', 'raizen_lab_01', 'sleep', 'scheduled__2021-10-14T16:00:00+00:00', '--job-id', '1939', '--raw', '--subdir', 'DAGS_FOLDER/raizen_lab_01.py', '--cfg-path', '/tmp/tmp_j8dgzf4', '--error-file', '/tmp/tmp8vyg71qu']
[2022-08-23 11:39:31,503] {standard_task_runner.py:80} INFO - Job 1939: Subtask sleep
[2022-08-23 11:39:31,594] {task_command.py:371} INFO - Running <TaskInstance: raizen_lab_01.sleep scheduled__2021-10-14T16:00:00+00:00 [running]> on host 7f48b7aaf0fc
[2022-08-23 11:39:31,741] {taskinstance.py:1591} INFO - Exporting the following env vars:
AIRFLOW_CTX_DAG_OWNER=admin
AIRFLOW_CTX_DAG_ID=raizen_lab_01
AIRFLOW_CTX_TASK_ID=sleep
AIRFLOW_CTX_EXECUTION_DATE=2021-10-14T16:00:00+00:00
AIRFLOW_CTX_TRY_NUMBER=1
AIRFLOW_CTX_DAG_RUN_ID=scheduled__2021-10-14T16:00:00+00:00
[2022-08-23 11:39:31,743] {subprocess.py:62} INFO - Tmp dir root location: 
 /tmp
[2022-08-23 11:39:31,744] {subprocess.py:74} INFO - Running command: ['bash', '-c', 'sleep 5']
[2022-08-23 11:39:31,760] {subprocess.py:85} INFO - Output:
[2022-08-23 11:39:36,764] {subprocess.py:96} INFO - Command exited with return code 0
[2022-08-23 11:39:36,829] {taskinstance.py:1420} INFO - Marking task as SUCCESS. dag_id=raizen_lab_01, task_id=sleep, execution_date=20211014T160000, start_date=20220823T113931, end_date=20220823T113936
[2022-08-23 11:39:36,871] {local_task_job.py:156} INFO - Task exited with return code 0
[2022-08-23 11:39:37,094] {local_task_job.py:273} INFO - 0 downstream tasks scheduled from follow-on schedule check
