[2022-08-23 12:05:52,854] {taskinstance.py:1179} INFO - Dependencies all met for <TaskInstance: raizen_lab_01.print_hello scheduled__2021-10-25T02:00:00+00:00 [queued]>
[2022-08-23 12:05:52,864] {taskinstance.py:1179} INFO - Dependencies all met for <TaskInstance: raizen_lab_01.print_hello scheduled__2021-10-25T02:00:00+00:00 [queued]>
[2022-08-23 12:05:52,864] {taskinstance.py:1376} INFO - 
--------------------------------------------------------------------------------
[2022-08-23 12:05:52,865] {taskinstance.py:1377} INFO - Starting attempt 1 of 2
[2022-08-23 12:05:52,865] {taskinstance.py:1378} INFO - 
--------------------------------------------------------------------------------
[2022-08-23 12:05:52,884] {taskinstance.py:1397} INFO - Executing <Task(BashOperator): print_hello> on 2021-10-25 02:00:00+00:00
[2022-08-23 12:05:52,889] {standard_task_runner.py:52} INFO - Started process 245 to run task
[2022-08-23 12:05:52,892] {standard_task_runner.py:79} INFO - Running: ['***', 'tasks', 'run', 'raizen_lab_01', 'print_hello', 'scheduled__2021-10-25T02:00:00+00:00', '--job-id', '2686', '--raw', '--subdir', 'DAGS_FOLDER/raizen_lab_01.py', '--cfg-path', '/tmp/tmpvxr3_x9r', '--error-file', '/tmp/tmpa5ce0b04']
[2022-08-23 12:05:52,893] {standard_task_runner.py:80} INFO - Job 2686: Subtask print_hello
[2022-08-23 12:05:52,968] {task_command.py:371} INFO - Running <TaskInstance: raizen_lab_01.print_hello scheduled__2021-10-25T02:00:00+00:00 [running]> on host 67b6bdae536e
[2022-08-23 12:05:53,046] {taskinstance.py:1591} INFO - Exporting the following env vars:
AIRFLOW_CTX_DAG_OWNER=admin
AIRFLOW_CTX_DAG_ID=raizen_lab_01
AIRFLOW_CTX_TASK_ID=print_hello
AIRFLOW_CTX_EXECUTION_DATE=2021-10-25T02:00:00+00:00
AIRFLOW_CTX_TRY_NUMBER=1
AIRFLOW_CTX_DAG_RUN_ID=scheduled__2021-10-25T02:00:00+00:00
[2022-08-23 12:05:53,047] {subprocess.py:62} INFO - Tmp dir root location: 
 /tmp
[2022-08-23 12:05:53,048] {subprocess.py:74} INFO - Running command: ['bash', '-c', 'echo "hello"']
[2022-08-23 12:05:53,057] {subprocess.py:85} INFO - Output:
[2022-08-23 12:05:53,058] {subprocess.py:92} INFO - hello
[2022-08-23 12:05:53,059] {subprocess.py:96} INFO - Command exited with return code 0
[2022-08-23 12:05:53,129] {taskinstance.py:1420} INFO - Marking task as SUCCESS. dag_id=raizen_lab_01, task_id=print_hello, execution_date=20211025T020000, start_date=20220823T120552, end_date=20220823T120553
[2022-08-23 12:05:53,185] {local_task_job.py:156} INFO - Task exited with return code 0
[2022-08-23 12:05:53,238] {local_task_job.py:273} INFO - 1 downstream tasks scheduled from follow-on schedule check
