[2022-08-23 13:16:13,140] {taskinstance.py:1179} INFO - Dependencies all met for <TaskInstance: raizen_lab_01.sleep scheduled__2022-01-02T16:00:00+00:00 [queued]>
[2022-08-23 13:16:13,153] {taskinstance.py:1179} INFO - Dependencies all met for <TaskInstance: raizen_lab_01.sleep scheduled__2022-01-02T16:00:00+00:00 [queued]>
[2022-08-23 13:16:13,153] {taskinstance.py:1376} INFO - 
--------------------------------------------------------------------------------
[2022-08-23 13:16:13,154] {taskinstance.py:1377} INFO - Starting attempt 1 of 2
[2022-08-23 13:16:13,154] {taskinstance.py:1378} INFO - 
--------------------------------------------------------------------------------
[2022-08-23 13:16:13,176] {taskinstance.py:1397} INFO - Executing <Task(BashOperator): sleep> on 2022-01-02 16:00:00+00:00
[2022-08-23 13:16:13,183] {standard_task_runner.py:52} INFO - Started process 1587 to run task
[2022-08-23 13:16:13,187] {standard_task_runner.py:79} INFO - Running: ['***', 'tasks', 'run', 'raizen_lab_01', 'sleep', 'scheduled__2022-01-02T16:00:00+00:00', '--job-id', '7726', '--raw', '--subdir', 'DAGS_FOLDER/raizen_lab_01.py', '--cfg-path', '/tmp/tmpuihqrh6p', '--error-file', '/tmp/tmpppnyi9w8']
[2022-08-23 13:16:13,188] {standard_task_runner.py:80} INFO - Job 7726: Subtask sleep
[2022-08-23 13:16:13,270] {task_command.py:371} INFO - Running <TaskInstance: raizen_lab_01.sleep scheduled__2022-01-02T16:00:00+00:00 [running]> on host 94e929fe2c87
[2022-08-23 13:16:13,357] {taskinstance.py:1591} INFO - Exporting the following env vars:
AIRFLOW_CTX_DAG_OWNER=admin
AIRFLOW_CTX_DAG_ID=raizen_lab_01
AIRFLOW_CTX_TASK_ID=sleep
AIRFLOW_CTX_EXECUTION_DATE=2022-01-02T16:00:00+00:00
AIRFLOW_CTX_TRY_NUMBER=1
AIRFLOW_CTX_DAG_RUN_ID=scheduled__2022-01-02T16:00:00+00:00
[2022-08-23 13:16:13,359] {subprocess.py:62} INFO - Tmp dir root location: 
 /tmp
[2022-08-23 13:16:13,359] {subprocess.py:74} INFO - Running command: ['bash', '-c', 'sleep 5']
[2022-08-23 13:16:13,375] {subprocess.py:85} INFO - Output:
[2022-08-23 13:16:18,378] {subprocess.py:96} INFO - Command exited with return code 0
[2022-08-23 13:16:18,407] {taskinstance.py:1420} INFO - Marking task as SUCCESS. dag_id=raizen_lab_01, task_id=sleep, execution_date=20220102T160000, start_date=20220823T131613, end_date=20220823T131618
[2022-08-23 13:16:18,458] {local_task_job.py:156} INFO - Task exited with return code 0
[2022-08-23 13:16:18,553] {local_task_job.py:273} INFO - 0 downstream tasks scheduled from follow-on schedule check
