[2022-08-23 13:10:45,890] {taskinstance.py:1179} INFO - Dependencies all met for <TaskInstance: raizen_lab_01.sleep scheduled__2021-12-27T12:00:00+00:00 [queued]>
[2022-08-23 13:10:45,902] {taskinstance.py:1179} INFO - Dependencies all met for <TaskInstance: raizen_lab_01.sleep scheduled__2021-12-27T12:00:00+00:00 [queued]>
[2022-08-23 13:10:45,903] {taskinstance.py:1376} INFO - 
--------------------------------------------------------------------------------
[2022-08-23 13:10:45,903] {taskinstance.py:1377} INFO - Starting attempt 1 of 2
[2022-08-23 13:10:45,903] {taskinstance.py:1378} INFO - 
--------------------------------------------------------------------------------
[2022-08-23 13:10:45,921] {taskinstance.py:1397} INFO - Executing <Task(BashOperator): sleep> on 2021-12-27 12:00:00+00:00
[2022-08-23 13:10:45,930] {standard_task_runner.py:52} INFO - Started process 851 to run task
[2022-08-23 13:10:45,934] {standard_task_runner.py:79} INFO - Running: ['***', 'tasks', 'run', 'raizen_lab_01', 'sleep', 'scheduled__2021-12-27T12:00:00+00:00', '--job-id', '7277', '--raw', '--subdir', 'DAGS_FOLDER/raizen_lab_01.py', '--cfg-path', '/tmp/tmpdy6h7ryc', '--error-file', '/tmp/tmp228n3b57']
[2022-08-23 13:10:45,935] {standard_task_runner.py:80} INFO - Job 7277: Subtask sleep
[2022-08-23 13:10:46,007] {task_command.py:371} INFO - Running <TaskInstance: raizen_lab_01.sleep scheduled__2021-12-27T12:00:00+00:00 [running]> on host 965856c951e3
[2022-08-23 13:10:46,083] {taskinstance.py:1591} INFO - Exporting the following env vars:
AIRFLOW_CTX_DAG_OWNER=admin
AIRFLOW_CTX_DAG_ID=raizen_lab_01
AIRFLOW_CTX_TASK_ID=sleep
AIRFLOW_CTX_EXECUTION_DATE=2021-12-27T12:00:00+00:00
AIRFLOW_CTX_TRY_NUMBER=1
AIRFLOW_CTX_DAG_RUN_ID=scheduled__2021-12-27T12:00:00+00:00
[2022-08-23 13:10:46,085] {subprocess.py:62} INFO - Tmp dir root location: 
 /tmp
[2022-08-23 13:10:46,086] {subprocess.py:74} INFO - Running command: ['bash', '-c', 'sleep 5']
[2022-08-23 13:10:46,097] {subprocess.py:85} INFO - Output:
[2022-08-23 13:10:51,101] {subprocess.py:96} INFO - Command exited with return code 0
[2022-08-23 13:10:51,124] {taskinstance.py:1420} INFO - Marking task as SUCCESS. dag_id=raizen_lab_01, task_id=sleep, execution_date=20211227T120000, start_date=20220823T131045, end_date=20220823T131051
[2022-08-23 13:10:51,163] {local_task_job.py:156} INFO - Task exited with return code 0
[2022-08-23 13:10:51,186] {local_task_job.py:273} INFO - 1 downstream tasks scheduled from follow-on schedule check
