[2022-08-23 12:09:38,153] {taskinstance.py:1179} INFO - Dependencies all met for <TaskInstance: raizen_lab_01.sleep scheduled__2021-11-05T17:00:00+00:00 [queued]>
[2022-08-23 12:09:38,162] {taskinstance.py:1179} INFO - Dependencies all met for <TaskInstance: raizen_lab_01.sleep scheduled__2021-11-05T17:00:00+00:00 [queued]>
[2022-08-23 12:09:38,162] {taskinstance.py:1376} INFO - 
--------------------------------------------------------------------------------
[2022-08-23 12:09:38,162] {taskinstance.py:1377} INFO - Starting attempt 1 of 2
[2022-08-23 12:09:38,163] {taskinstance.py:1378} INFO - 
--------------------------------------------------------------------------------
[2022-08-23 12:09:38,174] {taskinstance.py:1397} INFO - Executing <Task(BashOperator): sleep> on 2021-11-05 17:00:00+00:00
[2022-08-23 12:09:38,179] {standard_task_runner.py:52} INFO - Started process 2661 to run task
[2022-08-23 12:09:38,181] {standard_task_runner.py:79} INFO - Running: ['***', 'tasks', 'run', 'raizen_lab_01', 'sleep', 'scheduled__2021-11-05T17:00:00+00:00', '--job-id', '3525', '--raw', '--subdir', 'DAGS_FOLDER/raizen_lab_01.py', '--cfg-path', '/tmp/tmpuvzv3lvq', '--error-file', '/tmp/tmpfsj2dj11']
[2022-08-23 12:09:38,182] {standard_task_runner.py:80} INFO - Job 3525: Subtask sleep
[2022-08-23 12:09:38,232] {task_command.py:371} INFO - Running <TaskInstance: raizen_lab_01.sleep scheduled__2021-11-05T17:00:00+00:00 [running]> on host 67b6bdae536e
[2022-08-23 12:09:38,299] {taskinstance.py:1591} INFO - Exporting the following env vars:
AIRFLOW_CTX_DAG_OWNER=admin
AIRFLOW_CTX_DAG_ID=raizen_lab_01
AIRFLOW_CTX_TASK_ID=sleep
AIRFLOW_CTX_EXECUTION_DATE=2021-11-05T17:00:00+00:00
AIRFLOW_CTX_TRY_NUMBER=1
AIRFLOW_CTX_DAG_RUN_ID=scheduled__2021-11-05T17:00:00+00:00
[2022-08-23 12:09:38,300] {subprocess.py:62} INFO - Tmp dir root location: 
 /tmp
[2022-08-23 12:09:38,301] {subprocess.py:74} INFO - Running command: ['bash', '-c', 'sleep 5']
[2022-08-23 12:09:38,310] {subprocess.py:85} INFO - Output:
[2022-08-23 12:09:43,313] {subprocess.py:96} INFO - Command exited with return code 0
[2022-08-23 12:09:43,338] {taskinstance.py:1420} INFO - Marking task as SUCCESS. dag_id=raizen_lab_01, task_id=sleep, execution_date=20211105T170000, start_date=20220823T120938, end_date=20220823T120943
[2022-08-23 12:09:43,364] {local_task_job.py:156} INFO - Task exited with return code 0
[2022-08-23 12:09:43,389] {local_task_job.py:273} INFO - 1 downstream tasks scheduled from follow-on schedule check
