[2022-08-23 12:07:41,359] {taskinstance.py:1179} INFO - Dependencies all met for <TaskInstance: raizen_lab_01.print_hello scheduled__2021-10-30T09:00:00+00:00 [queued]>
[2022-08-23 12:07:41,370] {taskinstance.py:1179} INFO - Dependencies all met for <TaskInstance: raizen_lab_01.print_hello scheduled__2021-10-30T09:00:00+00:00 [queued]>
[2022-08-23 12:07:41,371] {taskinstance.py:1376} INFO - 
--------------------------------------------------------------------------------
[2022-08-23 12:07:41,371] {taskinstance.py:1377} INFO - Starting attempt 1 of 2
[2022-08-23 12:07:41,371] {taskinstance.py:1378} INFO - 
--------------------------------------------------------------------------------
[2022-08-23 12:07:41,393] {taskinstance.py:1397} INFO - Executing <Task(BashOperator): print_hello> on 2021-10-30 09:00:00+00:00
[2022-08-23 12:07:41,398] {standard_task_runner.py:52} INFO - Started process 1350 to run task
[2022-08-23 12:07:41,401] {standard_task_runner.py:79} INFO - Running: ['***', 'tasks', 'run', 'raizen_lab_01', 'print_hello', 'scheduled__2021-10-30T09:00:00+00:00', '--job-id', '3070', '--raw', '--subdir', 'DAGS_FOLDER/raizen_lab_01.py', '--cfg-path', '/tmp/tmpo3ilr_iy', '--error-file', '/tmp/tmpcz2c1avb']
[2022-08-23 12:07:41,402] {standard_task_runner.py:80} INFO - Job 3070: Subtask print_hello
[2022-08-23 12:07:41,467] {task_command.py:371} INFO - Running <TaskInstance: raizen_lab_01.print_hello scheduled__2021-10-30T09:00:00+00:00 [running]> on host 67b6bdae536e
[2022-08-23 12:07:41,535] {taskinstance.py:1591} INFO - Exporting the following env vars:
AIRFLOW_CTX_DAG_OWNER=admin
AIRFLOW_CTX_DAG_ID=raizen_lab_01
AIRFLOW_CTX_TASK_ID=print_hello
AIRFLOW_CTX_EXECUTION_DATE=2021-10-30T09:00:00+00:00
AIRFLOW_CTX_TRY_NUMBER=1
AIRFLOW_CTX_DAG_RUN_ID=scheduled__2021-10-30T09:00:00+00:00
[2022-08-23 12:07:41,536] {subprocess.py:62} INFO - Tmp dir root location: 
 /tmp
[2022-08-23 12:07:41,537] {subprocess.py:74} INFO - Running command: ['bash', '-c', 'echo "hello"']
[2022-08-23 12:07:41,549] {subprocess.py:85} INFO - Output:
[2022-08-23 12:07:41,551] {subprocess.py:92} INFO - hello
[2022-08-23 12:07:41,551] {subprocess.py:96} INFO - Command exited with return code 0
[2022-08-23 12:07:41,585] {taskinstance.py:1420} INFO - Marking task as SUCCESS. dag_id=raizen_lab_01, task_id=print_hello, execution_date=20211030T090000, start_date=20220823T120741, end_date=20220823T120741
[2022-08-23 12:07:41,613] {local_task_job.py:156} INFO - Task exited with return code 0
[2022-08-23 12:07:41,654] {local_task_job.py:273} INFO - 1 downstream tasks scheduled from follow-on schedule check
