[2022-08-23 20:03:33,406] {taskinstance.py:1179} INFO - Dependencies all met for <TaskInstance: raizen_lab_01.step_01 scheduled__2022-01-27T16:00:00+00:00 [queued]>
[2022-08-23 20:03:33,428] {taskinstance.py:1179} INFO - Dependencies all met for <TaskInstance: raizen_lab_01.step_01 scheduled__2022-01-27T16:00:00+00:00 [queued]>
[2022-08-23 20:03:33,428] {taskinstance.py:1376} INFO - 
--------------------------------------------------------------------------------
[2022-08-23 20:03:33,429] {taskinstance.py:1377} INFO - Starting attempt 1 of 2
[2022-08-23 20:03:33,455] {taskinstance.py:1378} INFO - 
--------------------------------------------------------------------------------
[2022-08-23 20:03:33,548] {taskinstance.py:1397} INFO - Executing <Task(BashOperator): step_01> on 2022-01-27 16:00:00+00:00
[2022-08-23 20:03:33,558] {standard_task_runner.py:52} INFO - Started process 125 to run task
[2022-08-23 20:03:33,566] {standard_task_runner.py:79} INFO - Running: ['***', 'tasks', 'run', 'raizen_lab_01', 'step_01', 'scheduled__2022-01-27T16:00:00+00:00', '--job-id', '9330', '--raw', '--subdir', 'DAGS_FOLDER/raizen_lab_01.py', '--cfg-path', '/tmp/tmp7w55jflz', '--error-file', '/tmp/tmpoxxsmlu2']
[2022-08-23 20:03:33,573] {standard_task_runner.py:80} INFO - Job 9330: Subtask step_01
[2022-08-23 20:03:33,783] {task_command.py:371} INFO - Running <TaskInstance: raizen_lab_01.step_01 scheduled__2022-01-27T16:00:00+00:00 [running]> on host 80fce776ee1f
[2022-08-23 20:03:34,202] {taskinstance.py:1591} INFO - Exporting the following env vars:
AIRFLOW_CTX_DAG_OWNER=admin
AIRFLOW_CTX_DAG_ID=raizen_lab_01
AIRFLOW_CTX_TASK_ID=step_01
AIRFLOW_CTX_EXECUTION_DATE=2022-01-27T16:00:00+00:00
AIRFLOW_CTX_TRY_NUMBER=1
AIRFLOW_CTX_DAG_RUN_ID=scheduled__2022-01-27T16:00:00+00:00
[2022-08-23 20:03:34,205] {subprocess.py:62} INFO - Tmp dir root location: 
 /tmp
[2022-08-23 20:03:34,210] {subprocess.py:74} INFO - Running command: ['bash', '-c', 'echo "hello"']
[2022-08-23 20:03:34,236] {subprocess.py:85} INFO - Output:
[2022-08-23 20:03:34,238] {subprocess.py:92} INFO - hello
[2022-08-23 20:03:34,240] {subprocess.py:96} INFO - Command exited with return code 0
[2022-08-23 20:03:34,379] {taskinstance.py:1420} INFO - Marking task as SUCCESS. dag_id=raizen_lab_01, task_id=step_01, execution_date=20220127T160000, start_date=20220823T200333, end_date=20220823T200334
[2022-08-23 20:03:34,448] {local_task_job.py:156} INFO - Task exited with return code 0
[2022-08-23 20:03:34,560] {local_task_job.py:273} INFO - 0 downstream tasks scheduled from follow-on schedule check
