[2022-08-23 16:13:18,616] {taskinstance.py:1179} INFO - Dependencies all met for <TaskInstance: raizen_lab_01.sleep scheduled__2022-01-04T01:00:00+00:00 [queued]>
[2022-08-23 16:13:18,642] {taskinstance.py:1179} INFO - Dependencies all met for <TaskInstance: raizen_lab_01.sleep scheduled__2022-01-04T01:00:00+00:00 [queued]>
[2022-08-23 16:13:18,645] {taskinstance.py:1376} INFO - 
--------------------------------------------------------------------------------
[2022-08-23 16:13:18,646] {taskinstance.py:1377} INFO - Starting attempt 1 of 2
[2022-08-23 16:13:18,667] {taskinstance.py:1378} INFO - 
--------------------------------------------------------------------------------
[2022-08-23 16:13:18,801] {taskinstance.py:1397} INFO - Executing <Task(BashOperator): sleep> on 2022-01-04 01:00:00+00:00
[2022-08-23 16:13:18,872] {standard_task_runner.py:52} INFO - Started process 107 to run task
[2022-08-23 16:13:18,892] {standard_task_runner.py:79} INFO - Running: ['***', 'tasks', 'run', 'raizen_lab_01', 'sleep', 'scheduled__2022-01-04T01:00:00+00:00', '--job-id', '7973', '--raw', '--subdir', 'DAGS_FOLDER/raizen_lab_01.py', '--cfg-path', '/tmp/tmp703ohkem', '--error-file', '/tmp/tmp0fee6wmp']
[2022-08-23 16:13:18,907] {standard_task_runner.py:80} INFO - Job 7973: Subtask sleep
[2022-08-23 16:13:21,604] {task_command.py:371} INFO - Running <TaskInstance: raizen_lab_01.sleep scheduled__2022-01-04T01:00:00+00:00 [running]> on host 8790b68fb5bc
[2022-08-23 16:13:22,378] {taskinstance.py:1591} INFO - Exporting the following env vars:
AIRFLOW_CTX_DAG_OWNER=admin
AIRFLOW_CTX_DAG_ID=raizen_lab_01
AIRFLOW_CTX_TASK_ID=sleep
AIRFLOW_CTX_EXECUTION_DATE=2022-01-04T01:00:00+00:00
AIRFLOW_CTX_TRY_NUMBER=1
AIRFLOW_CTX_DAG_RUN_ID=scheduled__2022-01-04T01:00:00+00:00
[2022-08-23 16:13:22,385] {subprocess.py:62} INFO - Tmp dir root location: 
 /tmp
[2022-08-23 16:13:22,386] {subprocess.py:74} INFO - Running command: ['bash', '-c', 'sleep 5']
[2022-08-23 16:13:22,408] {subprocess.py:85} INFO - Output:
[2022-08-23 16:13:27,412] {subprocess.py:96} INFO - Command exited with return code 0
[2022-08-23 16:13:27,484] {taskinstance.py:1420} INFO - Marking task as SUCCESS. dag_id=raizen_lab_01, task_id=sleep, execution_date=20220104T010000, start_date=20220823T161318, end_date=20220823T161327
[2022-08-23 16:13:27,526] {local_task_job.py:156} INFO - Task exited with return code 0
[2022-08-23 16:13:27,584] {local_task_job.py:273} INFO - 1 downstream tasks scheduled from follow-on schedule check
