[2022-08-23 11:32:57,164] {taskinstance.py:1179} INFO - Dependencies all met for <TaskInstance: raizen_lab_01.print_hello scheduled__2021-10-01T04:00:00+00:00 [queued]>
[2022-08-23 11:32:57,183] {taskinstance.py:1179} INFO - Dependencies all met for <TaskInstance: raizen_lab_01.print_hello scheduled__2021-10-01T04:00:00+00:00 [queued]>
[2022-08-23 11:32:57,184] {taskinstance.py:1376} INFO - 
--------------------------------------------------------------------------------
[2022-08-23 11:32:57,185] {taskinstance.py:1377} INFO - Starting attempt 1 of 2
[2022-08-23 11:32:57,186] {taskinstance.py:1378} INFO - 
--------------------------------------------------------------------------------
[2022-08-23 11:32:57,214] {taskinstance.py:1397} INFO - Executing <Task(BashOperator): print_hello> on 2021-10-01 04:00:00+00:00
[2022-08-23 11:32:57,224] {standard_task_runner.py:52} INFO - Started process 2665 to run task
[2022-08-23 11:32:57,229] {standard_task_runner.py:79} INFO - Running: ['***', 'tasks', 'run', 'raizen_lab_01', 'print_hello', 'scheduled__2021-10-01T04:00:00+00:00', '--job-id', '947', '--raw', '--subdir', 'DAGS_FOLDER/raizen_lab_01.py', '--cfg-path', '/tmp/tmp_aipganw', '--error-file', '/tmp/tmp1q3f4_sy']
[2022-08-23 11:32:57,230] {standard_task_runner.py:80} INFO - Job 947: Subtask print_hello
[2022-08-23 11:32:57,343] {task_command.py:371} INFO - Running <TaskInstance: raizen_lab_01.print_hello scheduled__2021-10-01T04:00:00+00:00 [running]> on host 7f48b7aaf0fc
[2022-08-23 11:32:57,456] {taskinstance.py:1591} INFO - Exporting the following env vars:
AIRFLOW_CTX_DAG_OWNER=admin
AIRFLOW_CTX_DAG_ID=raizen_lab_01
AIRFLOW_CTX_TASK_ID=print_hello
AIRFLOW_CTX_EXECUTION_DATE=2021-10-01T04:00:00+00:00
AIRFLOW_CTX_TRY_NUMBER=1
AIRFLOW_CTX_DAG_RUN_ID=scheduled__2021-10-01T04:00:00+00:00
[2022-08-23 11:32:57,458] {subprocess.py:62} INFO - Tmp dir root location: 
 /tmp
[2022-08-23 11:32:57,459] {subprocess.py:74} INFO - Running command: ['bash', '-c', 'echo "hello"']
[2022-08-23 11:32:57,479] {subprocess.py:85} INFO - Output:
[2022-08-23 11:32:57,481] {subprocess.py:92} INFO - hello
[2022-08-23 11:32:57,482] {subprocess.py:96} INFO - Command exited with return code 0
[2022-08-23 11:32:57,531] {taskinstance.py:1420} INFO - Marking task as SUCCESS. dag_id=raizen_lab_01, task_id=print_hello, execution_date=20211001T040000, start_date=20220823T113257, end_date=20220823T113257
[2022-08-23 11:32:57,562] {local_task_job.py:156} INFO - Task exited with return code 0
[2022-08-23 11:32:57,647] {local_task_job.py:273} INFO - 1 downstream tasks scheduled from follow-on schedule check
