[2022-08-23 12:35:07,342] {taskinstance.py:1179} INFO - Dependencies all met for <TaskInstance: raizen_lab_01.sleep scheduled__2021-12-17T06:00:00+00:00 [queued]>
[2022-08-23 12:35:07,354] {taskinstance.py:1179} INFO - Dependencies all met for <TaskInstance: raizen_lab_01.sleep scheduled__2021-12-17T06:00:00+00:00 [queued]>
[2022-08-23 12:35:07,354] {taskinstance.py:1376} INFO - 
--------------------------------------------------------------------------------
[2022-08-23 12:35:07,355] {taskinstance.py:1377} INFO - Starting attempt 1 of 2
[2022-08-23 12:35:07,355] {taskinstance.py:1378} INFO - 
--------------------------------------------------------------------------------
[2022-08-23 12:35:07,373] {taskinstance.py:1397} INFO - Executing <Task(BashOperator): sleep> on 2021-12-17 06:00:00+00:00
[2022-08-23 12:35:07,380] {standard_task_runner.py:52} INFO - Started process 11736 to run task
[2022-08-23 12:35:07,384] {standard_task_runner.py:79} INFO - Running: ['***', 'tasks', 'run', 'raizen_lab_01', 'sleep', 'scheduled__2021-12-17T06:00:00+00:00', '--job-id', '6537', '--raw', '--subdir', 'DAGS_FOLDER/raizen_lab_01.py', '--cfg-path', '/tmp/tmpp7iba9h2', '--error-file', '/tmp/tmpw247h1ge']
[2022-08-23 12:35:07,386] {standard_task_runner.py:80} INFO - Job 6537: Subtask sleep
[2022-08-23 12:35:07,455] {task_command.py:371} INFO - Running <TaskInstance: raizen_lab_01.sleep scheduled__2021-12-17T06:00:00+00:00 [running]> on host 6383a3236c72
[2022-08-23 12:35:07,539] {taskinstance.py:1591} INFO - Exporting the following env vars:
AIRFLOW_CTX_DAG_OWNER=admin
AIRFLOW_CTX_DAG_ID=raizen_lab_01
AIRFLOW_CTX_TASK_ID=sleep
AIRFLOW_CTX_EXECUTION_DATE=2021-12-17T06:00:00+00:00
AIRFLOW_CTX_TRY_NUMBER=1
AIRFLOW_CTX_DAG_RUN_ID=scheduled__2021-12-17T06:00:00+00:00
[2022-08-23 12:35:07,540] {subprocess.py:62} INFO - Tmp dir root location: 
 /tmp
[2022-08-23 12:35:07,541] {subprocess.py:74} INFO - Running command: ['bash', '-c', 'sleep 5']
[2022-08-23 12:35:07,553] {subprocess.py:85} INFO - Output:
[2022-08-23 12:35:12,555] {subprocess.py:96} INFO - Command exited with return code 0
[2022-08-23 12:35:12,580] {taskinstance.py:1420} INFO - Marking task as SUCCESS. dag_id=raizen_lab_01, task_id=sleep, execution_date=20211217T060000, start_date=20220823T123507, end_date=20220823T123512
[2022-08-23 12:35:12,615] {local_task_job.py:156} INFO - Task exited with return code 0
[2022-08-23 12:35:12,638] {local_task_job.py:273} INFO - 1 downstream tasks scheduled from follow-on schedule check
