[2022-08-23 13:09:40,696] {taskinstance.py:1179} INFO - Dependencies all met for <TaskInstance: raizen_lab_01.print_hello scheduled__2021-12-26T00:00:00+00:00 [queued]>
[2022-08-23 13:09:40,705] {taskinstance.py:1179} INFO - Dependencies all met for <TaskInstance: raizen_lab_01.print_hello scheduled__2021-12-26T00:00:00+00:00 [queued]>
[2022-08-23 13:09:40,705] {taskinstance.py:1376} INFO - 
--------------------------------------------------------------------------------
[2022-08-23 13:09:40,705] {taskinstance.py:1377} INFO - Starting attempt 1 of 2
[2022-08-23 13:09:40,730] {taskinstance.py:1378} INFO - 
--------------------------------------------------------------------------------
[2022-08-23 13:09:40,790] {taskinstance.py:1397} INFO - Executing <Task(BashOperator): print_hello> on 2021-12-26 00:00:00+00:00
[2022-08-23 13:09:40,825] {standard_task_runner.py:52} INFO - Started process 364 to run task
[2022-08-23 13:09:40,830] {standard_task_runner.py:79} INFO - Running: ['***', 'tasks', 'run', 'raizen_lab_01', 'print_hello', 'scheduled__2021-12-26T00:00:00+00:00', '--job-id', '7163', '--raw', '--subdir', 'DAGS_FOLDER/raizen_lab_01.py', '--cfg-path', '/tmp/tmpxbg8s9fv', '--error-file', '/tmp/tmpvno2wr15']
[2022-08-23 13:09:40,831] {standard_task_runner.py:80} INFO - Job 7163: Subtask print_hello
[2022-08-23 13:09:40,951] {task_command.py:371} INFO - Running <TaskInstance: raizen_lab_01.print_hello scheduled__2021-12-26T00:00:00+00:00 [running]> on host 965856c951e3
[2022-08-23 13:09:41,131] {taskinstance.py:1591} INFO - Exporting the following env vars:
AIRFLOW_CTX_DAG_OWNER=admin
AIRFLOW_CTX_DAG_ID=raizen_lab_01
AIRFLOW_CTX_TASK_ID=print_hello
AIRFLOW_CTX_EXECUTION_DATE=2021-12-26T00:00:00+00:00
AIRFLOW_CTX_TRY_NUMBER=1
AIRFLOW_CTX_DAG_RUN_ID=scheduled__2021-12-26T00:00:00+00:00
[2022-08-23 13:09:41,132] {subprocess.py:62} INFO - Tmp dir root location: 
 /tmp
[2022-08-23 13:09:41,133] {subprocess.py:74} INFO - Running command: ['bash', '-c', 'echo "hello"']
[2022-08-23 13:09:41,144] {subprocess.py:85} INFO - Output:
[2022-08-23 13:09:41,145] {subprocess.py:92} INFO - hello
[2022-08-23 13:09:41,145] {subprocess.py:96} INFO - Command exited with return code 0
[2022-08-23 13:09:41,195] {taskinstance.py:1420} INFO - Marking task as SUCCESS. dag_id=raizen_lab_01, task_id=print_hello, execution_date=20211226T000000, start_date=20220823T130940, end_date=20220823T130941
[2022-08-23 13:09:41,282] {local_task_job.py:156} INFO - Task exited with return code 0
[2022-08-23 13:09:41,373] {local_task_job.py:273} INFO - 1 downstream tasks scheduled from follow-on schedule check
