[2022-08-23 11:58:27,084] {taskinstance.py:1179} INFO - Dependencies all met for <TaskInstance: raizen_lab_01.print_hello scheduled__2021-10-21T02:00:00+00:00 [queued]>
[2022-08-23 11:58:27,164] {taskinstance.py:1179} INFO - Dependencies all met for <TaskInstance: raizen_lab_01.print_hello scheduled__2021-10-21T02:00:00+00:00 [queued]>
[2022-08-23 11:58:27,166] {taskinstance.py:1376} INFO - 
--------------------------------------------------------------------------------
[2022-08-23 11:58:27,172] {taskinstance.py:1377} INFO - Starting attempt 1 of 2
[2022-08-23 11:58:27,174] {taskinstance.py:1378} INFO - 
--------------------------------------------------------------------------------
[2022-08-23 11:58:27,264] {taskinstance.py:1397} INFO - Executing <Task(BashOperator): print_hello> on 2021-10-21 02:00:00+00:00
[2022-08-23 11:58:27,295] {standard_task_runner.py:52} INFO - Started process 105 to run task
[2022-08-23 11:58:27,348] {standard_task_runner.py:79} INFO - Running: ['***', 'tasks', 'run', 'raizen_lab_01', 'print_hello', 'scheduled__2021-10-21T02:00:00+00:00', '--job-id', '2402', '--raw', '--subdir', 'DAGS_FOLDER/raizen_lab_01.py', '--cfg-path', '/tmp/tmplfc8azwa', '--error-file', '/tmp/tmpuuo2i2ty']
[2022-08-23 11:58:27,362] {standard_task_runner.py:80} INFO - Job 2402: Subtask print_hello
[2022-08-23 11:58:28,397] {task_command.py:371} INFO - Running <TaskInstance: raizen_lab_01.print_hello scheduled__2021-10-21T02:00:00+00:00 [running]> on host 9f4b06248101
[2022-08-23 11:58:28,986] {taskinstance.py:1591} INFO - Exporting the following env vars:
AIRFLOW_CTX_DAG_OWNER=admin
AIRFLOW_CTX_DAG_ID=raizen_lab_01
AIRFLOW_CTX_TASK_ID=print_hello
AIRFLOW_CTX_EXECUTION_DATE=2021-10-21T02:00:00+00:00
AIRFLOW_CTX_TRY_NUMBER=1
AIRFLOW_CTX_DAG_RUN_ID=scheduled__2021-10-21T02:00:00+00:00
[2022-08-23 11:58:28,997] {subprocess.py:62} INFO - Tmp dir root location: 
 /tmp
[2022-08-23 11:58:29,002] {subprocess.py:74} INFO - Running command: ['bash', '-c', 'echo "hello"']
[2022-08-23 11:58:29,050] {subprocess.py:85} INFO - Output:
[2022-08-23 11:58:29,071] {subprocess.py:92} INFO - hello
[2022-08-23 11:58:29,072] {subprocess.py:96} INFO - Command exited with return code 0
[2022-08-23 11:58:29,318] {taskinstance.py:1420} INFO - Marking task as SUCCESS. dag_id=raizen_lab_01, task_id=print_hello, execution_date=20211021T020000, start_date=20220823T115827, end_date=20220823T115829
[2022-08-23 11:58:29,526] {local_task_job.py:156} INFO - Task exited with return code 0
[2022-08-23 11:58:29,749] {local_task_job.py:273} INFO - 1 downstream tasks scheduled from follow-on schedule check
