[2022-08-23 13:09:47,430] {taskinstance.py:1179} INFO - Dependencies all met for <TaskInstance: raizen_lab_01.sleep scheduled__2021-12-26T07:00:00+00:00 [queued]>
[2022-08-23 13:09:47,449] {taskinstance.py:1179} INFO - Dependencies all met for <TaskInstance: raizen_lab_01.sleep scheduled__2021-12-26T07:00:00+00:00 [queued]>
[2022-08-23 13:09:47,450] {taskinstance.py:1376} INFO - 
--------------------------------------------------------------------------------
[2022-08-23 13:09:47,450] {taskinstance.py:1377} INFO - Starting attempt 1 of 2
[2022-08-23 13:09:47,451] {taskinstance.py:1378} INFO - 
--------------------------------------------------------------------------------
[2022-08-23 13:09:47,486] {taskinstance.py:1397} INFO - Executing <Task(BashOperator): sleep> on 2021-12-26 07:00:00+00:00
[2022-08-23 13:09:47,499] {standard_task_runner.py:52} INFO - Started process 453 to run task
[2022-08-23 13:09:47,507] {standard_task_runner.py:79} INFO - Running: ['***', 'tasks', 'run', 'raizen_lab_01', 'sleep', 'scheduled__2021-12-26T07:00:00+00:00', '--job-id', '7182', '--raw', '--subdir', 'DAGS_FOLDER/raizen_lab_01.py', '--cfg-path', '/tmp/tmp21pkewws', '--error-file', '/tmp/tmptkprov3b']
[2022-08-23 13:09:47,511] {standard_task_runner.py:80} INFO - Job 7182: Subtask sleep
[2022-08-23 13:09:47,641] {task_command.py:371} INFO - Running <TaskInstance: raizen_lab_01.sleep scheduled__2021-12-26T07:00:00+00:00 [running]> on host 965856c951e3
[2022-08-23 13:09:47,754] {taskinstance.py:1591} INFO - Exporting the following env vars:
AIRFLOW_CTX_DAG_OWNER=admin
AIRFLOW_CTX_DAG_ID=raizen_lab_01
AIRFLOW_CTX_TASK_ID=sleep
AIRFLOW_CTX_EXECUTION_DATE=2021-12-26T07:00:00+00:00
AIRFLOW_CTX_TRY_NUMBER=1
AIRFLOW_CTX_DAG_RUN_ID=scheduled__2021-12-26T07:00:00+00:00
[2022-08-23 13:09:47,756] {subprocess.py:62} INFO - Tmp dir root location: 
 /tmp
[2022-08-23 13:09:47,757] {subprocess.py:74} INFO - Running command: ['bash', '-c', 'sleep 5']
[2022-08-23 13:09:47,773] {subprocess.py:85} INFO - Output:
[2022-08-23 13:09:52,777] {subprocess.py:96} INFO - Command exited with return code 0
[2022-08-23 13:09:52,803] {taskinstance.py:1420} INFO - Marking task as SUCCESS. dag_id=raizen_lab_01, task_id=sleep, execution_date=20211226T070000, start_date=20220823T130947, end_date=20220823T130952
[2022-08-23 13:09:52,822] {local_task_job.py:156} INFO - Task exited with return code 0
[2022-08-23 13:09:52,915] {local_task_job.py:273} INFO - 0 downstream tasks scheduled from follow-on schedule check
