[2022-08-23 11:36:47,793] {taskinstance.py:1179} INFO - Dependencies all met for <TaskInstance: raizen_lab_01.sleep scheduled__2021-10-08T08:00:00+00:00 [queued]>
[2022-08-23 11:36:47,817] {taskinstance.py:1179} INFO - Dependencies all met for <TaskInstance: raizen_lab_01.sleep scheduled__2021-10-08T08:00:00+00:00 [queued]>
[2022-08-23 11:36:47,818] {taskinstance.py:1376} INFO - 
--------------------------------------------------------------------------------
[2022-08-23 11:36:47,819] {taskinstance.py:1377} INFO - Starting attempt 1 of 2
[2022-08-23 11:36:47,819] {taskinstance.py:1378} INFO - 
--------------------------------------------------------------------------------
[2022-08-23 11:36:47,844] {taskinstance.py:1397} INFO - Executing <Task(BashOperator): sleep> on 2021-10-08 08:00:00+00:00
[2022-08-23 11:36:47,867] {standard_task_runner.py:52} INFO - Started process 104 to run task
[2022-08-23 11:36:47,878] {standard_task_runner.py:79} INFO - Running: ['***', 'tasks', 'run', 'raizen_lab_01', 'sleep', 'scheduled__2021-10-08T08:00:00+00:00', '--job-id', '1489', '--raw', '--subdir', 'DAGS_FOLDER/raizen_lab_01.py', '--cfg-path', '/tmp/tmpd7yv0y6k', '--error-file', '/tmp/tmpgj55iawd']
[2022-08-23 11:36:47,880] {standard_task_runner.py:80} INFO - Job 1489: Subtask sleep
[2022-08-23 11:36:48,068] {task_command.py:371} INFO - Running <TaskInstance: raizen_lab_01.sleep scheduled__2021-10-08T08:00:00+00:00 [running]> on host 7f48b7aaf0fc
[2022-08-23 11:36:48,308] {taskinstance.py:1591} INFO - Exporting the following env vars:
AIRFLOW_CTX_DAG_OWNER=admin
AIRFLOW_CTX_DAG_ID=raizen_lab_01
AIRFLOW_CTX_TASK_ID=sleep
AIRFLOW_CTX_EXECUTION_DATE=2021-10-08T08:00:00+00:00
AIRFLOW_CTX_TRY_NUMBER=1
AIRFLOW_CTX_DAG_RUN_ID=scheduled__2021-10-08T08:00:00+00:00
[2022-08-23 11:36:48,311] {subprocess.py:62} INFO - Tmp dir root location: 
 /tmp
[2022-08-23 11:36:48,312] {subprocess.py:74} INFO - Running command: ['bash', '-c', 'sleep 5']
[2022-08-23 11:36:48,331] {subprocess.py:85} INFO - Output:
[2022-08-23 11:36:53,337] {subprocess.py:96} INFO - Command exited with return code 0
[2022-08-23 11:36:53,419] {taskinstance.py:1420} INFO - Marking task as SUCCESS. dag_id=raizen_lab_01, task_id=sleep, execution_date=20211008T080000, start_date=20220823T113647, end_date=20220823T113653
[2022-08-23 11:36:53,498] {local_task_job.py:156} INFO - Task exited with return code 0
[2022-08-23 11:36:53,553] {local_task_job.py:273} INFO - 1 downstream tasks scheduled from follow-on schedule check
