[2022-08-23 16:14:11,956] {taskinstance.py:1179} INFO - Dependencies all met for <TaskInstance: raizen_lab_01.sleep scheduled__2022-01-05T08:00:00+00:00 [queued]>
[2022-08-23 16:14:11,972] {taskinstance.py:1179} INFO - Dependencies all met for <TaskInstance: raizen_lab_01.sleep scheduled__2022-01-05T08:00:00+00:00 [queued]>
[2022-08-23 16:14:11,973] {taskinstance.py:1376} INFO - 
--------------------------------------------------------------------------------
[2022-08-23 16:14:11,973] {taskinstance.py:1377} INFO - Starting attempt 1 of 2
[2022-08-23 16:14:11,974] {taskinstance.py:1378} INFO - 
--------------------------------------------------------------------------------
[2022-08-23 16:14:12,000] {taskinstance.py:1397} INFO - Executing <Task(BashOperator): sleep> on 2022-01-05 08:00:00+00:00
[2022-08-23 16:14:12,009] {standard_task_runner.py:52} INFO - Started process 513 to run task
[2022-08-23 16:14:12,016] {standard_task_runner.py:79} INFO - Running: ['***', 'tasks', 'run', 'raizen_lab_01', 'sleep', 'scheduled__2022-01-05T08:00:00+00:00', '--job-id', '8076', '--raw', '--subdir', 'DAGS_FOLDER/raizen_lab_01.py', '--cfg-path', '/tmp/tmp_4_8gelx', '--error-file', '/tmp/tmpdnedh47c']
[2022-08-23 16:14:12,019] {standard_task_runner.py:80} INFO - Job 8076: Subtask sleep
[2022-08-23 16:14:12,150] {task_command.py:371} INFO - Running <TaskInstance: raizen_lab_01.sleep scheduled__2022-01-05T08:00:00+00:00 [running]> on host 8790b68fb5bc
[2022-08-23 16:14:12,286] {taskinstance.py:1591} INFO - Exporting the following env vars:
AIRFLOW_CTX_DAG_OWNER=admin
AIRFLOW_CTX_DAG_ID=raizen_lab_01
AIRFLOW_CTX_TASK_ID=sleep
AIRFLOW_CTX_EXECUTION_DATE=2022-01-05T08:00:00+00:00
AIRFLOW_CTX_TRY_NUMBER=1
AIRFLOW_CTX_DAG_RUN_ID=scheduled__2022-01-05T08:00:00+00:00
[2022-08-23 16:14:12,289] {subprocess.py:62} INFO - Tmp dir root location: 
 /tmp
[2022-08-23 16:14:12,290] {subprocess.py:74} INFO - Running command: ['bash', '-c', 'sleep 5']
[2022-08-23 16:14:12,308] {subprocess.py:85} INFO - Output:
[2022-08-23 16:14:17,314] {subprocess.py:96} INFO - Command exited with return code 0
[2022-08-23 16:14:17,440] {taskinstance.py:1420} INFO - Marking task as SUCCESS. dag_id=raizen_lab_01, task_id=sleep, execution_date=20220105T080000, start_date=20220823T161411, end_date=20220823T161417
[2022-08-23 16:14:17,487] {local_task_job.py:156} INFO - Task exited with return code 0
[2022-08-23 16:14:17,546] {local_task_job.py:273} INFO - 1 downstream tasks scheduled from follow-on schedule check
