[2022-08-23 13:15:57,945] {taskinstance.py:1179} INFO - Dependencies all met for <TaskInstance: raizen_lab_01.step_01 scheduled__2022-01-02T07:00:00+00:00 [queued]>
[2022-08-23 13:15:57,956] {taskinstance.py:1179} INFO - Dependencies all met for <TaskInstance: raizen_lab_01.step_01 scheduled__2022-01-02T07:00:00+00:00 [queued]>
[2022-08-23 13:15:57,957] {taskinstance.py:1376} INFO - 
--------------------------------------------------------------------------------
[2022-08-23 13:15:57,957] {taskinstance.py:1377} INFO - Starting attempt 1 of 2
[2022-08-23 13:15:57,958] {taskinstance.py:1378} INFO - 
--------------------------------------------------------------------------------
[2022-08-23 13:15:57,977] {taskinstance.py:1397} INFO - Executing <Task(BashOperator): step_01> on 2022-01-02 07:00:00+00:00
[2022-08-23 13:15:57,985] {standard_task_runner.py:52} INFO - Started process 1420 to run task
[2022-08-23 13:15:57,989] {standard_task_runner.py:79} INFO - Running: ['***', 'tasks', 'run', 'raizen_lab_01', 'step_01', 'scheduled__2022-01-02T07:00:00+00:00', '--job-id', '7682', '--raw', '--subdir', 'DAGS_FOLDER/raizen_lab_01.py', '--cfg-path', '/tmp/tmpcg3lsq98', '--error-file', '/tmp/tmpjbrfm0zt']
[2022-08-23 13:15:57,990] {standard_task_runner.py:80} INFO - Job 7682: Subtask step_01
[2022-08-23 13:15:58,069] {task_command.py:371} INFO - Running <TaskInstance: raizen_lab_01.step_01 scheduled__2022-01-02T07:00:00+00:00 [running]> on host 94e929fe2c87
[2022-08-23 13:15:58,149] {taskinstance.py:1591} INFO - Exporting the following env vars:
AIRFLOW_CTX_DAG_OWNER=admin
AIRFLOW_CTX_DAG_ID=raizen_lab_01
AIRFLOW_CTX_TASK_ID=step_01
AIRFLOW_CTX_EXECUTION_DATE=2022-01-02T07:00:00+00:00
AIRFLOW_CTX_TRY_NUMBER=1
AIRFLOW_CTX_DAG_RUN_ID=scheduled__2022-01-02T07:00:00+00:00
[2022-08-23 13:15:58,151] {subprocess.py:62} INFO - Tmp dir root location: 
 /tmp
[2022-08-23 13:15:58,151] {subprocess.py:74} INFO - Running command: ['bash', '-c', 'echo "hello"']
[2022-08-23 13:15:58,167] {subprocess.py:85} INFO - Output:
[2022-08-23 13:15:58,168] {subprocess.py:92} INFO - hello
[2022-08-23 13:15:58,169] {subprocess.py:96} INFO - Command exited with return code 0
[2022-08-23 13:15:58,196] {taskinstance.py:1420} INFO - Marking task as SUCCESS. dag_id=raizen_lab_01, task_id=step_01, execution_date=20220102T070000, start_date=20220823T131557, end_date=20220823T131558
[2022-08-23 13:15:58,240] {local_task_job.py:156} INFO - Task exited with return code 0
[2022-08-23 13:15:58,286] {local_task_job.py:273} INFO - 1 downstream tasks scheduled from follow-on schedule check
