[2022-08-23 13:15:00,116] {taskinstance.py:1179} INFO - Dependencies all met for <TaskInstance: raizen_lab_01.sleep scheduled__2021-12-30T22:00:00+00:00 [queued]>
[2022-08-23 13:15:00,129] {taskinstance.py:1179} INFO - Dependencies all met for <TaskInstance: raizen_lab_01.sleep scheduled__2021-12-30T22:00:00+00:00 [queued]>
[2022-08-23 13:15:00,129] {taskinstance.py:1376} INFO - 
--------------------------------------------------------------------------------
[2022-08-23 13:15:00,130] {taskinstance.py:1377} INFO - Starting attempt 1 of 2
[2022-08-23 13:15:00,130] {taskinstance.py:1378} INFO - 
--------------------------------------------------------------------------------
[2022-08-23 13:15:00,146] {taskinstance.py:1397} INFO - Executing <Task(BashOperator): sleep> on 2021-12-30 22:00:00+00:00
[2022-08-23 13:15:00,155] {standard_task_runner.py:52} INFO - Started process 787 to run task
[2022-08-23 13:15:00,159] {standard_task_runner.py:79} INFO - Running: ['***', 'tasks', 'run', 'raizen_lab_01', 'sleep', 'scheduled__2021-12-30T22:00:00+00:00', '--job-id', '7522', '--raw', '--subdir', 'DAGS_FOLDER/raizen_lab_01.py', '--cfg-path', '/tmp/tmp2byx41oi', '--error-file', '/tmp/tmprlvre2dk']
[2022-08-23 13:15:00,161] {standard_task_runner.py:80} INFO - Job 7522: Subtask sleep
[2022-08-23 13:15:00,232] {task_command.py:371} INFO - Running <TaskInstance: raizen_lab_01.sleep scheduled__2021-12-30T22:00:00+00:00 [running]> on host 94e929fe2c87
[2022-08-23 13:15:00,305] {taskinstance.py:1591} INFO - Exporting the following env vars:
AIRFLOW_CTX_DAG_OWNER=admin
AIRFLOW_CTX_DAG_ID=raizen_lab_01
AIRFLOW_CTX_TASK_ID=sleep
AIRFLOW_CTX_EXECUTION_DATE=2021-12-30T22:00:00+00:00
AIRFLOW_CTX_TRY_NUMBER=1
AIRFLOW_CTX_DAG_RUN_ID=scheduled__2021-12-30T22:00:00+00:00
[2022-08-23 13:15:00,307] {subprocess.py:62} INFO - Tmp dir root location: 
 /tmp
[2022-08-23 13:15:00,307] {subprocess.py:74} INFO - Running command: ['bash', '-c', 'sleep 5']
[2022-08-23 13:15:00,322] {subprocess.py:85} INFO - Output:
[2022-08-23 13:15:05,325] {subprocess.py:96} INFO - Command exited with return code 0
[2022-08-23 13:15:05,357] {taskinstance.py:1420} INFO - Marking task as SUCCESS. dag_id=raizen_lab_01, task_id=sleep, execution_date=20211230T220000, start_date=20220823T131500, end_date=20220823T131505
[2022-08-23 13:15:05,385] {local_task_job.py:156} INFO - Task exited with return code 0
[2022-08-23 13:15:05,410] {local_task_job.py:273} INFO - 1 downstream tasks scheduled from follow-on schedule check
