[2022-08-23 11:32:19,646] {taskinstance.py:1179} INFO - Dependencies all met for <TaskInstance: raizen_lab_01.print_hello scheduled__2021-09-29T12:00:00+00:00 [queued]>
[2022-08-23 11:32:19,673] {taskinstance.py:1179} INFO - Dependencies all met for <TaskInstance: raizen_lab_01.print_hello scheduled__2021-09-29T12:00:00+00:00 [queued]>
[2022-08-23 11:32:19,674] {taskinstance.py:1376} INFO - 
--------------------------------------------------------------------------------
[2022-08-23 11:32:19,674] {taskinstance.py:1377} INFO - Starting attempt 1 of 2
[2022-08-23 11:32:19,675] {taskinstance.py:1378} INFO - 
--------------------------------------------------------------------------------
[2022-08-23 11:32:19,707] {taskinstance.py:1397} INFO - Executing <Task(BashOperator): print_hello> on 2021-09-29 12:00:00+00:00
[2022-08-23 11:32:19,718] {standard_task_runner.py:52} INFO - Started process 2330 to run task
[2022-08-23 11:32:19,726] {standard_task_runner.py:79} INFO - Running: ['***', 'tasks', 'run', 'raizen_lab_01', 'print_hello', 'scheduled__2021-09-29T12:00:00+00:00', '--job-id', '833', '--raw', '--subdir', 'DAGS_FOLDER/raizen_lab_01.py', '--cfg-path', '/tmp/tmp__z7xjlw', '--error-file', '/tmp/tmpdat7rv3t']
[2022-08-23 11:32:19,727] {standard_task_runner.py:80} INFO - Job 833: Subtask print_hello
[2022-08-23 11:32:19,867] {task_command.py:371} INFO - Running <TaskInstance: raizen_lab_01.print_hello scheduled__2021-09-29T12:00:00+00:00 [running]> on host 7f48b7aaf0fc
[2022-08-23 11:32:20,013] {taskinstance.py:1591} INFO - Exporting the following env vars:
AIRFLOW_CTX_DAG_OWNER=admin
AIRFLOW_CTX_DAG_ID=raizen_lab_01
AIRFLOW_CTX_TASK_ID=print_hello
AIRFLOW_CTX_EXECUTION_DATE=2021-09-29T12:00:00+00:00
AIRFLOW_CTX_TRY_NUMBER=1
AIRFLOW_CTX_DAG_RUN_ID=scheduled__2021-09-29T12:00:00+00:00
[2022-08-23 11:32:20,017] {subprocess.py:62} INFO - Tmp dir root location: 
 /tmp
[2022-08-23 11:32:20,018] {subprocess.py:74} INFO - Running command: ['bash', '-c', 'echo "hello"']
[2022-08-23 11:32:20,043] {subprocess.py:85} INFO - Output:
[2022-08-23 11:32:20,046] {subprocess.py:92} INFO - hello
[2022-08-23 11:32:20,048] {subprocess.py:96} INFO - Command exited with return code 0
[2022-08-23 11:32:20,133] {taskinstance.py:1420} INFO - Marking task as SUCCESS. dag_id=raizen_lab_01, task_id=print_hello, execution_date=20210929T120000, start_date=20220823T113219, end_date=20220823T113220
[2022-08-23 11:32:20,176] {local_task_job.py:156} INFO - Task exited with return code 0
[2022-08-23 11:32:20,276] {local_task_job.py:273} INFO - 1 downstream tasks scheduled from follow-on schedule check
