[2022-08-23 12:09:00,086] {taskinstance.py:1179} INFO - Dependencies all met for <TaskInstance: raizen_lab_01.sleep scheduled__2021-11-03T17:00:00+00:00 [queued]>
[2022-08-23 12:09:00,094] {taskinstance.py:1179} INFO - Dependencies all met for <TaskInstance: raizen_lab_01.sleep scheduled__2021-11-03T17:00:00+00:00 [queued]>
[2022-08-23 12:09:00,095] {taskinstance.py:1376} INFO - 
--------------------------------------------------------------------------------
[2022-08-23 12:09:00,095] {taskinstance.py:1377} INFO - Starting attempt 1 of 2
[2022-08-23 12:09:00,096] {taskinstance.py:1378} INFO - 
--------------------------------------------------------------------------------
[2022-08-23 12:09:00,108] {taskinstance.py:1397} INFO - Executing <Task(BashOperator): sleep> on 2021-11-03 17:00:00+00:00
[2022-08-23 12:09:00,113] {standard_task_runner.py:52} INFO - Started process 2247 to run task
[2022-08-23 12:09:00,116] {standard_task_runner.py:79} INFO - Running: ['***', 'tasks', 'run', 'raizen_lab_01', 'sleep', 'scheduled__2021-11-03T17:00:00+00:00', '--job-id', '3380', '--raw', '--subdir', 'DAGS_FOLDER/raizen_lab_01.py', '--cfg-path', '/tmp/tmp3dz0feeq', '--error-file', '/tmp/tmpf1jo9ogn']
[2022-08-23 12:09:00,116] {standard_task_runner.py:80} INFO - Job 3380: Subtask sleep
[2022-08-23 12:09:00,171] {task_command.py:371} INFO - Running <TaskInstance: raizen_lab_01.sleep scheduled__2021-11-03T17:00:00+00:00 [running]> on host 67b6bdae536e
[2022-08-23 12:09:00,235] {taskinstance.py:1591} INFO - Exporting the following env vars:
AIRFLOW_CTX_DAG_OWNER=admin
AIRFLOW_CTX_DAG_ID=raizen_lab_01
AIRFLOW_CTX_TASK_ID=sleep
AIRFLOW_CTX_EXECUTION_DATE=2021-11-03T17:00:00+00:00
AIRFLOW_CTX_TRY_NUMBER=1
AIRFLOW_CTX_DAG_RUN_ID=scheduled__2021-11-03T17:00:00+00:00
[2022-08-23 12:09:00,236] {subprocess.py:62} INFO - Tmp dir root location: 
 /tmp
[2022-08-23 12:09:00,237] {subprocess.py:74} INFO - Running command: ['bash', '-c', 'sleep 5']
[2022-08-23 12:09:00,245] {subprocess.py:85} INFO - Output:
[2022-08-23 12:09:05,247] {subprocess.py:96} INFO - Command exited with return code 0
[2022-08-23 12:09:05,276] {taskinstance.py:1420} INFO - Marking task as SUCCESS. dag_id=raizen_lab_01, task_id=sleep, execution_date=20211103T170000, start_date=20220823T120900, end_date=20220823T120905
[2022-08-23 12:09:05,312] {local_task_job.py:156} INFO - Task exited with return code 0
[2022-08-23 12:09:05,416] {local_task_job.py:273} INFO - 1 downstream tasks scheduled from follow-on schedule check
