[2022-08-23 11:30:07,192] {taskinstance.py:1179} INFO - Dependencies all met for <TaskInstance: raizen_lab_01.print_hello scheduled__2021-09-24T03:00:00+00:00 [queued]>
[2022-08-23 11:30:07,209] {taskinstance.py:1179} INFO - Dependencies all met for <TaskInstance: raizen_lab_01.print_hello scheduled__2021-09-24T03:00:00+00:00 [queued]>
[2022-08-23 11:30:07,210] {taskinstance.py:1376} INFO - 
--------------------------------------------------------------------------------
[2022-08-23 11:30:07,211] {taskinstance.py:1377} INFO - Starting attempt 1 of 2
[2022-08-23 11:30:07,214] {taskinstance.py:1378} INFO - 
--------------------------------------------------------------------------------
[2022-08-23 11:30:07,242] {taskinstance.py:1397} INFO - Executing <Task(BashOperator): print_hello> on 2021-09-24 03:00:00+00:00
[2022-08-23 11:30:07,251] {standard_task_runner.py:52} INFO - Started process 1213 to run task
[2022-08-23 11:30:07,256] {standard_task_runner.py:79} INFO - Running: ['***', 'tasks', 'run', 'raizen_lab_01', 'print_hello', 'scheduled__2021-09-24T03:00:00+00:00', '--job-id', '448', '--raw', '--subdir', 'DAGS_FOLDER/raizen_lab_01.py', '--cfg-path', '/tmp/tmppv_urpxq', '--error-file', '/tmp/tmpd157qodd']
[2022-08-23 11:30:07,257] {standard_task_runner.py:80} INFO - Job 448: Subtask print_hello
[2022-08-23 11:30:07,356] {task_command.py:371} INFO - Running <TaskInstance: raizen_lab_01.print_hello scheduled__2021-09-24T03:00:00+00:00 [running]> on host 7f48b7aaf0fc
[2022-08-23 11:30:07,470] {taskinstance.py:1591} INFO - Exporting the following env vars:
AIRFLOW_CTX_DAG_OWNER=admin
AIRFLOW_CTX_DAG_ID=raizen_lab_01
AIRFLOW_CTX_TASK_ID=print_hello
AIRFLOW_CTX_EXECUTION_DATE=2021-09-24T03:00:00+00:00
AIRFLOW_CTX_TRY_NUMBER=1
AIRFLOW_CTX_DAG_RUN_ID=scheduled__2021-09-24T03:00:00+00:00
[2022-08-23 11:30:07,473] {subprocess.py:62} INFO - Tmp dir root location: 
 /tmp
[2022-08-23 11:30:07,474] {subprocess.py:74} INFO - Running command: ['bash', '-c', 'echo "hello"']
[2022-08-23 11:30:07,499] {subprocess.py:85} INFO - Output:
[2022-08-23 11:30:07,503] {subprocess.py:92} INFO - hello
[2022-08-23 11:30:07,504] {subprocess.py:96} INFO - Command exited with return code 0
[2022-08-23 11:30:07,575] {taskinstance.py:1420} INFO - Marking task as SUCCESS. dag_id=raizen_lab_01, task_id=print_hello, execution_date=20210924T030000, start_date=20220823T113007, end_date=20220823T113007
[2022-08-23 11:30:07,628] {local_task_job.py:156} INFO - Task exited with return code 0
[2022-08-23 11:30:07,703] {local_task_job.py:273} INFO - 1 downstream tasks scheduled from follow-on schedule check
