[2022-08-23 11:31:21,985] {taskinstance.py:1179} INFO - Dependencies all met for <TaskInstance: raizen_lab_01.print_world scheduled__2021-09-26T21:00:00+00:00 [queued]>
[2022-08-23 11:31:22,004] {taskinstance.py:1179} INFO - Dependencies all met for <TaskInstance: raizen_lab_01.print_world scheduled__2021-09-26T21:00:00+00:00 [queued]>
[2022-08-23 11:31:22,004] {taskinstance.py:1376} INFO - 
--------------------------------------------------------------------------------
[2022-08-23 11:31:22,005] {taskinstance.py:1377} INFO - Starting attempt 1 of 2
[2022-08-23 11:31:22,006] {taskinstance.py:1378} INFO - 
--------------------------------------------------------------------------------
[2022-08-23 11:31:22,037] {taskinstance.py:1397} INFO - Executing <Task(PythonOperator): print_world> on 2021-09-26 21:00:00+00:00
[2022-08-23 11:31:22,046] {standard_task_runner.py:52} INFO - Started process 1873 to run task
[2022-08-23 11:31:22,052] {standard_task_runner.py:79} INFO - Running: ['***', 'tasks', 'run', 'raizen_lab_01', 'print_world', 'scheduled__2021-09-26T21:00:00+00:00', '--job-id', '673', '--raw', '--subdir', 'DAGS_FOLDER/raizen_lab_01.py', '--cfg-path', '/tmp/tmpgdjwoyi1', '--error-file', '/tmp/tmpg7aj2aj0']
[2022-08-23 11:31:22,053] {standard_task_runner.py:80} INFO - Job 673: Subtask print_world
[2022-08-23 11:31:22,173] {task_command.py:371} INFO - Running <TaskInstance: raizen_lab_01.print_world scheduled__2021-09-26T21:00:00+00:00 [running]> on host 7f48b7aaf0fc
[2022-08-23 11:31:22,297] {taskinstance.py:1591} INFO - Exporting the following env vars:
AIRFLOW_CTX_DAG_OWNER=admin
AIRFLOW_CTX_DAG_ID=raizen_lab_01
AIRFLOW_CTX_TASK_ID=print_world
AIRFLOW_CTX_EXECUTION_DATE=2021-09-26T21:00:00+00:00
AIRFLOW_CTX_TRY_NUMBER=1
AIRFLOW_CTX_DAG_RUN_ID=scheduled__2021-09-26T21:00:00+00:00
[2022-08-23 11:31:22,299] {logging_mixin.py:115} INFO - world
[2022-08-23 11:31:22,299] {python.py:173} INFO - Done. Returned value was: None
[2022-08-23 11:31:22,319] {taskinstance.py:1420} INFO - Marking task as SUCCESS. dag_id=raizen_lab_01, task_id=print_world, execution_date=20210926T210000, start_date=20220823T113121, end_date=20220823T113122
[2022-08-23 11:31:22,344] {local_task_job.py:156} INFO - Task exited with return code 0
[2022-08-23 11:31:22,387] {local_task_job.py:273} INFO - 0 downstream tasks scheduled from follow-on schedule check
