[2022-08-23 11:29:55,760] {taskinstance.py:1179} INFO - Dependencies all met for <TaskInstance: raizen_lab_01.sleep scheduled__2021-09-23T18:00:00+00:00 [queued]>
[2022-08-23 11:29:55,778] {taskinstance.py:1179} INFO - Dependencies all met for <TaskInstance: raizen_lab_01.sleep scheduled__2021-09-23T18:00:00+00:00 [queued]>
[2022-08-23 11:29:55,779] {taskinstance.py:1376} INFO - 
--------------------------------------------------------------------------------
[2022-08-23 11:29:55,779] {taskinstance.py:1377} INFO - Starting attempt 1 of 2
[2022-08-23 11:29:55,780] {taskinstance.py:1378} INFO - 
--------------------------------------------------------------------------------
[2022-08-23 11:29:55,807] {taskinstance.py:1397} INFO - Executing <Task(BashOperator): sleep> on 2021-09-23 18:00:00+00:00
[2022-08-23 11:29:55,815] {standard_task_runner.py:52} INFO - Started process 1142 to run task
[2022-08-23 11:29:55,820] {standard_task_runner.py:79} INFO - Running: ['***', 'tasks', 'run', 'raizen_lab_01', 'sleep', 'scheduled__2021-09-23T18:00:00+00:00', '--job-id', '424', '--raw', '--subdir', 'DAGS_FOLDER/raizen_lab_01.py', '--cfg-path', '/tmp/tmp7_i5vcma', '--error-file', '/tmp/tmpo3ck881l']
[2022-08-23 11:29:55,821] {standard_task_runner.py:80} INFO - Job 424: Subtask sleep
[2022-08-23 11:29:55,926] {task_command.py:371} INFO - Running <TaskInstance: raizen_lab_01.sleep scheduled__2021-09-23T18:00:00+00:00 [running]> on host 7f48b7aaf0fc
[2022-08-23 11:29:56,091] {taskinstance.py:1591} INFO - Exporting the following env vars:
AIRFLOW_CTX_DAG_OWNER=admin
AIRFLOW_CTX_DAG_ID=raizen_lab_01
AIRFLOW_CTX_TASK_ID=sleep
AIRFLOW_CTX_EXECUTION_DATE=2021-09-23T18:00:00+00:00
AIRFLOW_CTX_TRY_NUMBER=1
AIRFLOW_CTX_DAG_RUN_ID=scheduled__2021-09-23T18:00:00+00:00
[2022-08-23 11:29:56,093] {subprocess.py:62} INFO - Tmp dir root location: 
 /tmp
[2022-08-23 11:29:56,095] {subprocess.py:74} INFO - Running command: ['bash', '-c', 'sleep 5']
[2022-08-23 11:29:56,119] {subprocess.py:85} INFO - Output:
[2022-08-23 11:30:01,124] {subprocess.py:96} INFO - Command exited with return code 0
[2022-08-23 11:30:01,309] {taskinstance.py:1420} INFO - Marking task as SUCCESS. dag_id=raizen_lab_01, task_id=sleep, execution_date=20210923T180000, start_date=20220823T112955, end_date=20220823T113001
[2022-08-23 11:30:01,374] {local_task_job.py:156} INFO - Task exited with return code 0
[2022-08-23 11:30:01,444] {local_task_job.py:273} INFO - 1 downstream tasks scheduled from follow-on schedule check
