[2022-08-24 11:00:02,009] {taskinstance.py:1179} INFO - Dependencies all met for <TaskInstance: raizen_lab_01.carga_arquivo scheduled__2022-08-24T10:00:00+00:00 [queued]>
[2022-08-24 11:00:02,018] {taskinstance.py:1179} INFO - Dependencies all met for <TaskInstance: raizen_lab_01.carga_arquivo scheduled__2022-08-24T10:00:00+00:00 [queued]>
[2022-08-24 11:00:02,019] {taskinstance.py:1376} INFO - 
--------------------------------------------------------------------------------
[2022-08-24 11:00:02,019] {taskinstance.py:1377} INFO - Starting attempt 1 of 2
[2022-08-24 11:00:02,020] {taskinstance.py:1378} INFO - 
--------------------------------------------------------------------------------
[2022-08-24 11:00:02,034] {taskinstance.py:1397} INFO - Executing <Task(PythonOperator): carga_arquivo> on 2022-08-24 10:00:00+00:00
[2022-08-24 11:00:02,040] {standard_task_runner.py:52} INFO - Started process 1297 to run task
[2022-08-24 11:00:02,044] {standard_task_runner.py:79} INFO - Running: ['***', 'tasks', 'run', 'raizen_lab_01', 'carga_arquivo', 'scheduled__2022-08-24T10:00:00+00:00', '--job-id', '9708', '--raw', '--subdir', 'DAGS_FOLDER/raizen_lab_01.py', '--cfg-path', '/tmp/tmpz3pwxmj9', '--error-file', '/tmp/tmppmqdcx3_']
[2022-08-24 11:00:02,045] {standard_task_runner.py:80} INFO - Job 9708: Subtask carga_arquivo
[2022-08-24 11:00:02,121] {task_command.py:371} INFO - Running <TaskInstance: raizen_lab_01.carga_arquivo scheduled__2022-08-24T10:00:00+00:00 [running]> on host 3f878792eb1e
[2022-08-24 11:00:02,258] {taskinstance.py:1591} INFO - Exporting the following env vars:
AIRFLOW_CTX_DAG_OWNER=admin
AIRFLOW_CTX_DAG_ID=raizen_lab_01
AIRFLOW_CTX_TASK_ID=carga_arquivo
AIRFLOW_CTX_EXECUTION_DATE=2022-08-24T10:00:00+00:00
AIRFLOW_CTX_TRY_NUMBER=1
AIRFLOW_CTX_DAG_RUN_ID=scheduled__2022-08-24T10:00:00+00:00
[2022-08-24 11:00:03,993] {python.py:173} INFO - Done. Returned value was: None
[2022-08-24 11:00:04,006] {taskinstance.py:1420} INFO - Marking task as SUCCESS. dag_id=raizen_lab_01, task_id=carga_arquivo, execution_date=20220824T100000, start_date=20220824T110002, end_date=20220824T110004
[2022-08-24 11:00:04,065] {local_task_job.py:156} INFO - Task exited with return code 0
[2022-08-24 11:00:04,108] {local_task_job.py:273} INFO - 1 downstream tasks scheduled from follow-on schedule check
