[2022-08-23 11:37:47,304] {taskinstance.py:1179} INFO - Dependencies all met for <TaskInstance: raizen_lab_01.print_world scheduled__2021-10-10T14:00:00+00:00 [queued]>
[2022-08-23 11:37:47,321] {taskinstance.py:1179} INFO - Dependencies all met for <TaskInstance: raizen_lab_01.print_world scheduled__2021-10-10T14:00:00+00:00 [queued]>
[2022-08-23 11:37:47,321] {taskinstance.py:1376} INFO - 
--------------------------------------------------------------------------------
[2022-08-23 11:37:47,322] {taskinstance.py:1377} INFO - Starting attempt 1 of 2
[2022-08-23 11:37:47,322] {taskinstance.py:1378} INFO - 
--------------------------------------------------------------------------------
[2022-08-23 11:37:47,348] {taskinstance.py:1397} INFO - Executing <Task(PythonOperator): print_world> on 2021-10-10 14:00:00+00:00
[2022-08-23 11:37:47,357] {standard_task_runner.py:52} INFO - Started process 584 to run task
[2022-08-23 11:37:47,362] {standard_task_runner.py:79} INFO - Running: ['***', 'tasks', 'run', 'raizen_lab_01', 'print_world', 'scheduled__2021-10-10T14:00:00+00:00', '--job-id', '1653', '--raw', '--subdir', 'DAGS_FOLDER/raizen_lab_01.py', '--cfg-path', '/tmp/tmpfwvnzxzg', '--error-file', '/tmp/tmpxpvzi3n8']
[2022-08-23 11:37:47,363] {standard_task_runner.py:80} INFO - Job 1653: Subtask print_world
[2022-08-23 11:37:47,465] {task_command.py:371} INFO - Running <TaskInstance: raizen_lab_01.print_world scheduled__2021-10-10T14:00:00+00:00 [running]> on host 7f48b7aaf0fc
[2022-08-23 11:37:47,575] {taskinstance.py:1591} INFO - Exporting the following env vars:
AIRFLOW_CTX_DAG_OWNER=admin
AIRFLOW_CTX_DAG_ID=raizen_lab_01
AIRFLOW_CTX_TASK_ID=print_world
AIRFLOW_CTX_EXECUTION_DATE=2021-10-10T14:00:00+00:00
AIRFLOW_CTX_TRY_NUMBER=1
AIRFLOW_CTX_DAG_RUN_ID=scheduled__2021-10-10T14:00:00+00:00
[2022-08-23 11:37:47,577] {logging_mixin.py:115} INFO - world
[2022-08-23 11:37:47,578] {python.py:173} INFO - Done. Returned value was: None
[2022-08-23 11:37:47,594] {taskinstance.py:1420} INFO - Marking task as SUCCESS. dag_id=raizen_lab_01, task_id=print_world, execution_date=20211010T140000, start_date=20220823T113747, end_date=20220823T113747
[2022-08-23 11:37:47,654] {local_task_job.py:156} INFO - Task exited with return code 0
[2022-08-23 11:37:47,700] {local_task_job.py:273} INFO - 0 downstream tasks scheduled from follow-on schedule check
