[2022-08-23 12:21:58,935] {taskinstance.py:1179} INFO - Dependencies all met for <TaskInstance: raizen_lab_01.print_hello scheduled__2021-11-12T21:00:00+00:00 [queued]>
[2022-08-23 12:21:58,945] {taskinstance.py:1179} INFO - Dependencies all met for <TaskInstance: raizen_lab_01.print_hello scheduled__2021-11-12T21:00:00+00:00 [queued]>
[2022-08-23 12:21:58,945] {taskinstance.py:1376} INFO - 
--------------------------------------------------------------------------------
[2022-08-23 12:21:58,946] {taskinstance.py:1377} INFO - Starting attempt 1 of 2
[2022-08-23 12:21:58,946] {taskinstance.py:1378} INFO - 
--------------------------------------------------------------------------------
[2022-08-23 12:21:58,964] {taskinstance.py:1397} INFO - Executing <Task(BashOperator): print_hello> on 2021-11-12 21:00:00+00:00
[2022-08-23 12:21:58,971] {standard_task_runner.py:52} INFO - Started process 1977 to run task
[2022-08-23 12:21:58,975] {standard_task_runner.py:79} INFO - Running: ['***', 'tasks', 'run', 'raizen_lab_01', 'print_hello', 'scheduled__2021-11-12T21:00:00+00:00', '--job-id', '4043', '--raw', '--subdir', 'DAGS_FOLDER/raizen_lab_01.py', '--cfg-path', '/tmp/tmp_jvtu7xm', '--error-file', '/tmp/tmp617ndtuu']
[2022-08-23 12:21:58,977] {standard_task_runner.py:80} INFO - Job 4043: Subtask print_hello
[2022-08-23 12:21:59,056] {task_command.py:371} INFO - Running <TaskInstance: raizen_lab_01.print_hello scheduled__2021-11-12T21:00:00+00:00 [running]> on host 6383a3236c72
[2022-08-23 12:21:59,145] {taskinstance.py:1591} INFO - Exporting the following env vars:
AIRFLOW_CTX_DAG_OWNER=admin
AIRFLOW_CTX_DAG_ID=raizen_lab_01
AIRFLOW_CTX_TASK_ID=print_hello
AIRFLOW_CTX_EXECUTION_DATE=2021-11-12T21:00:00+00:00
AIRFLOW_CTX_TRY_NUMBER=1
AIRFLOW_CTX_DAG_RUN_ID=scheduled__2021-11-12T21:00:00+00:00
[2022-08-23 12:21:59,147] {subprocess.py:62} INFO - Tmp dir root location: 
 /tmp
[2022-08-23 12:21:59,148] {subprocess.py:74} INFO - Running command: ['bash', '-c', 'echo "hello"']
[2022-08-23 12:21:59,162] {subprocess.py:85} INFO - Output:
[2022-08-23 12:21:59,163] {subprocess.py:92} INFO - hello
[2022-08-23 12:21:59,164] {subprocess.py:96} INFO - Command exited with return code 0
[2022-08-23 12:21:59,224] {taskinstance.py:1420} INFO - Marking task as SUCCESS. dag_id=raizen_lab_01, task_id=print_hello, execution_date=20211112T210000, start_date=20220823T122158, end_date=20220823T122159
[2022-08-23 12:21:59,269] {local_task_job.py:156} INFO - Task exited with return code 0
[2022-08-23 12:21:59,335] {local_task_job.py:273} INFO - 1 downstream tasks scheduled from follow-on schedule check
