[2022-08-24 02:05:04,136] {taskinstance.py:1179} INFO - Dependencies all met for <TaskInstance: raizen_lab_01.insere_dados_na_tabela manual__2022-08-24T02:04:58.166696+00:00 [queued]>
[2022-08-24 02:05:04,151] {taskinstance.py:1179} INFO - Dependencies all met for <TaskInstance: raizen_lab_01.insere_dados_na_tabela manual__2022-08-24T02:04:58.166696+00:00 [queued]>
[2022-08-24 02:05:04,152] {taskinstance.py:1376} INFO - 
--------------------------------------------------------------------------------
[2022-08-24 02:05:04,153] {taskinstance.py:1377} INFO - Starting attempt 1 of 2
[2022-08-24 02:05:04,153] {taskinstance.py:1378} INFO - 
--------------------------------------------------------------------------------
[2022-08-24 02:05:04,175] {taskinstance.py:1397} INFO - Executing <Task(PythonOperator): insere_dados_na_tabela> on 2022-08-24 02:04:58.166696+00:00
[2022-08-24 02:05:04,182] {standard_task_runner.py:52} INFO - Started process 87 to run task
[2022-08-24 02:05:04,185] {standard_task_runner.py:79} INFO - Running: ['***', 'tasks', 'run', 'raizen_lab_01', 'insere_dados_na_tabela', 'manual__2022-08-24T02:04:58.166696+00:00', '--job-id', '9663', '--raw', '--subdir', 'DAGS_FOLDER/raizen_lab_01.py', '--cfg-path', '/tmp/tmpkeup1y_p', '--error-file', '/tmp/tmpjpcrituy']
[2022-08-24 02:05:04,187] {standard_task_runner.py:80} INFO - Job 9663: Subtask insere_dados_na_tabela
[2022-08-24 02:05:04,270] {task_command.py:371} INFO - Running <TaskInstance: raizen_lab_01.insere_dados_na_tabela manual__2022-08-24T02:04:58.166696+00:00 [running]> on host b8d797566373
[2022-08-24 02:05:04,348] {taskinstance.py:1591} INFO - Exporting the following env vars:
AIRFLOW_CTX_DAG_OWNER=admin
AIRFLOW_CTX_DAG_ID=raizen_lab_01
AIRFLOW_CTX_TASK_ID=insere_dados_na_tabela
AIRFLOW_CTX_EXECUTION_DATE=2022-08-24T02:04:58.166696+00:00
AIRFLOW_CTX_TRY_NUMBER=1
AIRFLOW_CTX_DAG_RUN_ID=manual__2022-08-24T02:04:58.166696+00:00
[2022-08-24 02:05:04,377] {logging_mixin.py:115} INFO - TABELA CRIADA
[2022-08-24 02:05:04,378] {python.py:173} INFO - Done. Returned value was: None
[2022-08-24 02:05:04,398] {taskinstance.py:1420} INFO - Marking task as SUCCESS. dag_id=raizen_lab_01, task_id=insere_dados_na_tabela, execution_date=20220824T020458, start_date=20220824T020504, end_date=20220824T020504
[2022-08-24 02:05:04,438] {local_task_job.py:156} INFO - Task exited with return code 0
[2022-08-24 02:05:04,499] {local_task_job.py:273} INFO - 1 downstream tasks scheduled from follow-on schedule check
