[2022-08-23 16:24:16,969] {taskinstance.py:1179} INFO - Dependencies all met for <TaskInstance: raizen_lab_01.step_01 scheduled__2022-01-05T18:00:00+00:00 [queued]>
[2022-08-23 16:24:16,992] {taskinstance.py:1179} INFO - Dependencies all met for <TaskInstance: raizen_lab_01.step_01 scheduled__2022-01-05T18:00:00+00:00 [queued]>
[2022-08-23 16:24:16,993] {taskinstance.py:1376} INFO - 
--------------------------------------------------------------------------------
[2022-08-23 16:24:16,994] {taskinstance.py:1377} INFO - Starting attempt 2 of 2
[2022-08-23 16:24:17,039] {taskinstance.py:1378} INFO - 
--------------------------------------------------------------------------------
[2022-08-23 16:24:17,211] {taskinstance.py:1397} INFO - Executing <Task(BashOperator): step_01> on 2022-01-05 18:00:00+00:00
[2022-08-23 16:24:17,222] {standard_task_runner.py:52} INFO - Started process 147 to run task
[2022-08-23 16:24:17,236] {standard_task_runner.py:79} INFO - Running: ['***', 'tasks', 'run', 'raizen_lab_01', 'step_01', 'scheduled__2022-01-05T18:00:00+00:00', '--job-id', '8157', '--raw', '--subdir', 'DAGS_FOLDER/raizen_lab_01.py', '--cfg-path', '/tmp/tmp5pgtr8t0', '--error-file', '/tmp/tmp9qgb37ot']
[2022-08-23 16:24:17,240] {standard_task_runner.py:80} INFO - Job 8157: Subtask step_01
[2022-08-23 16:24:17,562] {task_command.py:371} INFO - Running <TaskInstance: raizen_lab_01.step_01 scheduled__2022-01-05T18:00:00+00:00 [running]> on host 76d65790b191
[2022-08-23 16:24:17,886] {taskinstance.py:1591} INFO - Exporting the following env vars:
AIRFLOW_CTX_DAG_OWNER=admin
AIRFLOW_CTX_DAG_ID=raizen_lab_01
AIRFLOW_CTX_TASK_ID=step_01
AIRFLOW_CTX_EXECUTION_DATE=2022-01-05T18:00:00+00:00
AIRFLOW_CTX_TRY_NUMBER=2
AIRFLOW_CTX_DAG_RUN_ID=scheduled__2022-01-05T18:00:00+00:00
[2022-08-23 16:24:17,891] {subprocess.py:62} INFO - Tmp dir root location: 
 /tmp
[2022-08-23 16:24:17,893] {subprocess.py:74} INFO - Running command: ['bash', '-c', 'echo "hello"']
[2022-08-23 16:24:17,930] {subprocess.py:85} INFO - Output:
[2022-08-23 16:24:17,933] {subprocess.py:92} INFO - hello
[2022-08-23 16:24:17,935] {subprocess.py:96} INFO - Command exited with return code 0
[2022-08-23 16:24:18,006] {taskinstance.py:1420} INFO - Marking task as SUCCESS. dag_id=raizen_lab_01, task_id=step_01, execution_date=20220105T180000, start_date=20220823T162416, end_date=20220823T162418
[2022-08-23 16:24:18,048] {local_task_job.py:156} INFO - Task exited with return code 0
[2022-08-23 16:24:18,115] {local_task_job.py:273} INFO - 0 downstream tasks scheduled from follow-on schedule check
