[2022-08-25 00:17:28,074] {taskinstance.py:1179} INFO - Dependencies all met for <TaskInstance: Raizen.Step_01_Ingestion_Sheets_To_Stage scheduled__2022-08-23T02:00:00+00:00 [queued]>
[2022-08-25 00:17:28,085] {taskinstance.py:1179} INFO - Dependencies all met for <TaskInstance: Raizen.Step_01_Ingestion_Sheets_To_Stage scheduled__2022-08-23T02:00:00+00:00 [queued]>
[2022-08-25 00:17:28,086] {taskinstance.py:1376} INFO - 
--------------------------------------------------------------------------------
[2022-08-25 00:17:28,087] {taskinstance.py:1377} INFO - Starting attempt 1 of 2
[2022-08-25 00:17:28,087] {taskinstance.py:1378} INFO - 
--------------------------------------------------------------------------------
[2022-08-25 00:17:28,131] {taskinstance.py:1397} INFO - Executing <Task(PythonOperator): Step_01_Ingestion_Sheets_To_Stage> on 2022-08-23 02:00:00+00:00
[2022-08-25 00:17:28,138] {standard_task_runner.py:52} INFO - Started process 233 to run task
[2022-08-25 00:17:28,141] {standard_task_runner.py:79} INFO - Running: ['***', 'tasks', 'run', 'Raizen', 'Step_01_Ingestion_Sheets_To_Stage', 'scheduled__2022-08-23T02:00:00+00:00', '--job-id', '9890', '--raw', '--subdir', 'DAGS_FOLDER/raizen_lab_01.py', '--cfg-path', '/tmp/tmp4b4171mk', '--error-file', '/tmp/tmpz78uwdbo']
[2022-08-25 00:17:28,143] {standard_task_runner.py:80} INFO - Job 9890: Subtask Step_01_Ingestion_Sheets_To_Stage
[2022-08-25 00:17:28,235] {task_command.py:371} INFO - Running <TaskInstance: Raizen.Step_01_Ingestion_Sheets_To_Stage scheduled__2022-08-23T02:00:00+00:00 [running]> on host 7c75bca1d9e0
[2022-08-25 00:17:28,406] {taskinstance.py:1591} INFO - Exporting the following env vars:
AIRFLOW_CTX_DAG_OWNER=admin
AIRFLOW_CTX_DAG_ID=Raizen
AIRFLOW_CTX_TASK_ID=Step_01_Ingestion_Sheets_To_Stage
AIRFLOW_CTX_EXECUTION_DATE=2022-08-23T02:00:00+00:00
AIRFLOW_CTX_TRY_NUMBER=1
AIRFLOW_CTX_DAG_RUN_ID=scheduled__2022-08-23T02:00:00+00:00
[2022-08-25 00:17:31,102] {python.py:173} INFO - Done. Returned value was: None
[2022-08-25 00:17:31,117] {taskinstance.py:1420} INFO - Marking task as SUCCESS. dag_id=Raizen, task_id=Step_01_Ingestion_Sheets_To_Stage, execution_date=20220823T020000, start_date=20220825T001728, end_date=20220825T001731
[2022-08-25 00:17:31,208] {local_task_job.py:156} INFO - Task exited with return code 0
[2022-08-25 00:17:31,274] {local_task_job.py:273} INFO - 1 downstream tasks scheduled from follow-on schedule check
