[2022-08-23 12:19:35,323] {taskinstance.py:1179} INFO - Dependencies all met for <TaskInstance: raizen_lab_01.sleep scheduled__2021-11-06T21:00:00+00:00 [queued]>
[2022-08-23 12:19:35,335] {taskinstance.py:1179} INFO - Dependencies all met for <TaskInstance: raizen_lab_01.sleep scheduled__2021-11-06T21:00:00+00:00 [queued]>
[2022-08-23 12:19:35,336] {taskinstance.py:1376} INFO - 
--------------------------------------------------------------------------------
[2022-08-23 12:19:35,336] {taskinstance.py:1377} INFO - Starting attempt 1 of 2
[2022-08-23 12:19:35,337] {taskinstance.py:1378} INFO - 
--------------------------------------------------------------------------------
[2022-08-23 12:19:35,354] {taskinstance.py:1397} INFO - Executing <Task(BashOperator): sleep> on 2021-11-06 21:00:00+00:00
[2022-08-23 12:19:35,361] {standard_task_runner.py:52} INFO - Started process 312 to run task
[2022-08-23 12:19:35,363] {standard_task_runner.py:79} INFO - Running: ['***', 'tasks', 'run', 'raizen_lab_01', 'sleep', 'scheduled__2021-11-06T21:00:00+00:00', '--job-id', '3617', '--raw', '--subdir', 'DAGS_FOLDER/raizen_lab_01.py', '--cfg-path', '/tmp/tmpo89sc3x7', '--error-file', '/tmp/tmphjcsaowr']
[2022-08-23 12:19:35,365] {standard_task_runner.py:80} INFO - Job 3617: Subtask sleep
[2022-08-23 12:19:35,464] {task_command.py:371} INFO - Running <TaskInstance: raizen_lab_01.sleep scheduled__2021-11-06T21:00:00+00:00 [running]> on host 6383a3236c72
[2022-08-23 12:19:35,545] {taskinstance.py:1591} INFO - Exporting the following env vars:
AIRFLOW_CTX_DAG_OWNER=admin
AIRFLOW_CTX_DAG_ID=raizen_lab_01
AIRFLOW_CTX_TASK_ID=sleep
AIRFLOW_CTX_EXECUTION_DATE=2021-11-06T21:00:00+00:00
AIRFLOW_CTX_TRY_NUMBER=1
AIRFLOW_CTX_DAG_RUN_ID=scheduled__2021-11-06T21:00:00+00:00
[2022-08-23 12:19:35,548] {subprocess.py:62} INFO - Tmp dir root location: 
 /tmp
[2022-08-23 12:19:35,549] {subprocess.py:74} INFO - Running command: ['bash', '-c', 'sleep 5']
[2022-08-23 12:19:35,563] {subprocess.py:85} INFO - Output:
[2022-08-23 12:19:40,566] {subprocess.py:96} INFO - Command exited with return code 0
[2022-08-23 12:19:40,594] {taskinstance.py:1420} INFO - Marking task as SUCCESS. dag_id=raizen_lab_01, task_id=sleep, execution_date=20211106T210000, start_date=20220823T121935, end_date=20220823T121940
[2022-08-23 12:19:40,650] {local_task_job.py:156} INFO - Task exited with return code 0
[2022-08-23 12:19:40,786] {local_task_job.py:273} INFO - 0 downstream tasks scheduled from follow-on schedule check
