[2022-08-23 11:47:36,722] {taskinstance.py:1179} INFO - Dependencies all met for <TaskInstance: raizen_lab_01.print_hello scheduled__2021-10-19T18:00:00+00:00 [queued]>
[2022-08-23 11:47:36,742] {taskinstance.py:1179} INFO - Dependencies all met for <TaskInstance: raizen_lab_01.print_hello scheduled__2021-10-19T18:00:00+00:00 [queued]>
[2022-08-23 11:47:36,743] {taskinstance.py:1376} INFO - 
--------------------------------------------------------------------------------
[2022-08-23 11:47:36,743] {taskinstance.py:1377} INFO - Starting attempt 1 of 2
[2022-08-23 11:47:36,748] {taskinstance.py:1378} INFO - 
--------------------------------------------------------------------------------
[2022-08-23 11:47:36,774] {taskinstance.py:1397} INFO - Executing <Task(BashOperator): print_hello> on 2021-10-19 18:00:00+00:00
[2022-08-23 11:47:36,788] {standard_task_runner.py:52} INFO - Started process 868 to run task
[2022-08-23 11:47:36,794] {standard_task_runner.py:79} INFO - Running: ['***', 'tasks', 'run', 'raizen_lab_01', 'print_hello', 'scheduled__2021-10-19T18:00:00+00:00', '--job-id', '2304', '--raw', '--subdir', 'DAGS_FOLDER/raizen_lab_01.py', '--cfg-path', '/tmp/tmpmewrh706', '--error-file', '/tmp/tmp2xb_g3fq']
[2022-08-23 11:47:36,795] {standard_task_runner.py:80} INFO - Job 2304: Subtask print_hello
[2022-08-23 11:47:36,929] {task_command.py:371} INFO - Running <TaskInstance: raizen_lab_01.print_hello scheduled__2021-10-19T18:00:00+00:00 [running]> on host fc645605a611
[2022-08-23 11:47:37,051] {taskinstance.py:1591} INFO - Exporting the following env vars:
AIRFLOW_CTX_DAG_OWNER=admin
AIRFLOW_CTX_DAG_ID=raizen_lab_01
AIRFLOW_CTX_TASK_ID=print_hello
AIRFLOW_CTX_EXECUTION_DATE=2021-10-19T18:00:00+00:00
AIRFLOW_CTX_TRY_NUMBER=1
AIRFLOW_CTX_DAG_RUN_ID=scheduled__2021-10-19T18:00:00+00:00
[2022-08-23 11:47:37,053] {subprocess.py:62} INFO - Tmp dir root location: 
 /tmp
[2022-08-23 11:47:37,055] {subprocess.py:74} INFO - Running command: ['bash', '-c', 'echo "hello"']
[2022-08-23 11:47:37,072] {subprocess.py:85} INFO - Output:
[2022-08-23 11:47:37,075] {subprocess.py:92} INFO - hello
[2022-08-23 11:47:37,075] {subprocess.py:96} INFO - Command exited with return code 0
[2022-08-23 11:47:37,133] {taskinstance.py:1420} INFO - Marking task as SUCCESS. dag_id=raizen_lab_01, task_id=print_hello, execution_date=20211019T180000, start_date=20220823T114736, end_date=20220823T114737
[2022-08-23 11:47:37,205] {local_task_job.py:156} INFO - Task exited with return code 0
[2022-08-23 11:47:37,278] {local_task_job.py:273} INFO - 1 downstream tasks scheduled from follow-on schedule check
