[2022-08-23 12:07:42,745] {taskinstance.py:1179} INFO - Dependencies all met for <TaskInstance: raizen_lab_01.print_hello scheduled__2021-10-30T16:00:00+00:00 [queued]>
[2022-08-23 12:07:42,754] {taskinstance.py:1179} INFO - Dependencies all met for <TaskInstance: raizen_lab_01.print_hello scheduled__2021-10-30T16:00:00+00:00 [queued]>
[2022-08-23 12:07:42,755] {taskinstance.py:1376} INFO - 
--------------------------------------------------------------------------------
[2022-08-23 12:07:42,755] {taskinstance.py:1377} INFO - Starting attempt 1 of 2
[2022-08-23 12:07:42,756] {taskinstance.py:1378} INFO - 
--------------------------------------------------------------------------------
[2022-08-23 12:07:42,773] {taskinstance.py:1397} INFO - Executing <Task(BashOperator): print_hello> on 2021-10-30 16:00:00+00:00
[2022-08-23 12:07:42,778] {standard_task_runner.py:52} INFO - Started process 1394 to run task
[2022-08-23 12:07:42,781] {standard_task_runner.py:79} INFO - Running: ['***', 'tasks', 'run', 'raizen_lab_01', 'print_hello', 'scheduled__2021-10-30T16:00:00+00:00', '--job-id', '3084', '--raw', '--subdir', 'DAGS_FOLDER/raizen_lab_01.py', '--cfg-path', '/tmp/tmpw9p0bu9t', '--error-file', '/tmp/tmp3jci_4gd']
[2022-08-23 12:07:42,782] {standard_task_runner.py:80} INFO - Job 3084: Subtask print_hello
[2022-08-23 12:07:42,911] {task_command.py:371} INFO - Running <TaskInstance: raizen_lab_01.print_hello scheduled__2021-10-30T16:00:00+00:00 [running]> on host 67b6bdae536e
[2022-08-23 12:07:43,004] {taskinstance.py:1591} INFO - Exporting the following env vars:
AIRFLOW_CTX_DAG_OWNER=admin
AIRFLOW_CTX_DAG_ID=raizen_lab_01
AIRFLOW_CTX_TASK_ID=print_hello
AIRFLOW_CTX_EXECUTION_DATE=2021-10-30T16:00:00+00:00
AIRFLOW_CTX_TRY_NUMBER=1
AIRFLOW_CTX_DAG_RUN_ID=scheduled__2021-10-30T16:00:00+00:00
[2022-08-23 12:07:43,006] {subprocess.py:62} INFO - Tmp dir root location: 
 /tmp
[2022-08-23 12:07:43,007] {subprocess.py:74} INFO - Running command: ['bash', '-c', 'echo "hello"']
[2022-08-23 12:07:43,018] {subprocess.py:85} INFO - Output:
[2022-08-23 12:07:43,019] {subprocess.py:92} INFO - hello
[2022-08-23 12:07:43,020] {subprocess.py:96} INFO - Command exited with return code 0
[2022-08-23 12:07:43,133] {taskinstance.py:1420} INFO - Marking task as SUCCESS. dag_id=raizen_lab_01, task_id=print_hello, execution_date=20211030T160000, start_date=20220823T120742, end_date=20220823T120743
[2022-08-23 12:07:43,153] {local_task_job.py:156} INFO - Task exited with return code 0
[2022-08-23 12:07:43,202] {local_task_job.py:273} INFO - 1 downstream tasks scheduled from follow-on schedule check
