[2022-08-23 12:07:01,490] {taskinstance.py:1179} INFO - Dependencies all met for <TaskInstance: raizen_lab_01.sleep scheduled__2021-10-28T18:00:00+00:00 [queued]>
[2022-08-23 12:07:01,498] {taskinstance.py:1179} INFO - Dependencies all met for <TaskInstance: raizen_lab_01.sleep scheduled__2021-10-28T18:00:00+00:00 [queued]>
[2022-08-23 12:07:01,498] {taskinstance.py:1376} INFO - 
--------------------------------------------------------------------------------
[2022-08-23 12:07:01,499] {taskinstance.py:1377} INFO - Starting attempt 1 of 2
[2022-08-23 12:07:01,500] {taskinstance.py:1378} INFO - 
--------------------------------------------------------------------------------
[2022-08-23 12:07:01,511] {taskinstance.py:1397} INFO - Executing <Task(BashOperator): sleep> on 2021-10-28 18:00:00+00:00
[2022-08-23 12:07:01,516] {standard_task_runner.py:52} INFO - Started process 1009 to run task
[2022-08-23 12:07:01,519] {standard_task_runner.py:79} INFO - Running: ['***', 'tasks', 'run', 'raizen_lab_01', 'sleep', 'scheduled__2021-10-28T18:00:00+00:00', '--job-id', '2950', '--raw', '--subdir', 'DAGS_FOLDER/raizen_lab_01.py', '--cfg-path', '/tmp/tmp5iqdl4dz', '--error-file', '/tmp/tmpkrmzwpzn']
[2022-08-23 12:07:01,519] {standard_task_runner.py:80} INFO - Job 2950: Subtask sleep
[2022-08-23 12:07:01,576] {task_command.py:371} INFO - Running <TaskInstance: raizen_lab_01.sleep scheduled__2021-10-28T18:00:00+00:00 [running]> on host 67b6bdae536e
[2022-08-23 12:07:01,639] {taskinstance.py:1591} INFO - Exporting the following env vars:
AIRFLOW_CTX_DAG_OWNER=admin
AIRFLOW_CTX_DAG_ID=raizen_lab_01
AIRFLOW_CTX_TASK_ID=sleep
AIRFLOW_CTX_EXECUTION_DATE=2021-10-28T18:00:00+00:00
AIRFLOW_CTX_TRY_NUMBER=1
AIRFLOW_CTX_DAG_RUN_ID=scheduled__2021-10-28T18:00:00+00:00
[2022-08-23 12:07:01,640] {subprocess.py:62} INFO - Tmp dir root location: 
 /tmp
[2022-08-23 12:07:01,641] {subprocess.py:74} INFO - Running command: ['bash', '-c', 'sleep 5']
[2022-08-23 12:07:01,650] {subprocess.py:85} INFO - Output:
[2022-08-23 12:07:06,652] {subprocess.py:96} INFO - Command exited with return code 0
[2022-08-23 12:07:06,684] {taskinstance.py:1420} INFO - Marking task as SUCCESS. dag_id=raizen_lab_01, task_id=sleep, execution_date=20211028T180000, start_date=20220823T120701, end_date=20220823T120706
[2022-08-23 12:07:06,789] {local_task_job.py:156} INFO - Task exited with return code 0
[2022-08-23 12:07:06,818] {local_task_job.py:273} INFO - 1 downstream tasks scheduled from follow-on schedule check
