[2022-08-23 11:30:58,659] {taskinstance.py:1179} INFO - Dependencies all met for <TaskInstance: raizen_lab_01.sleep scheduled__2021-09-26T02:00:00+00:00 [queued]>
[2022-08-23 11:30:58,677] {taskinstance.py:1179} INFO - Dependencies all met for <TaskInstance: raizen_lab_01.sleep scheduled__2021-09-26T02:00:00+00:00 [queued]>
[2022-08-23 11:30:58,677] {taskinstance.py:1376} INFO - 
--------------------------------------------------------------------------------
[2022-08-23 11:30:58,678] {taskinstance.py:1377} INFO - Starting attempt 1 of 2
[2022-08-23 11:30:58,679] {taskinstance.py:1378} INFO - 
--------------------------------------------------------------------------------
[2022-08-23 11:30:58,709] {taskinstance.py:1397} INFO - Executing <Task(BashOperator): sleep> on 2021-09-26 02:00:00+00:00
[2022-08-23 11:30:58,718] {standard_task_runner.py:52} INFO - Started process 1655 to run task
[2022-08-23 11:30:58,724] {standard_task_runner.py:79} INFO - Running: ['***', 'tasks', 'run', 'raizen_lab_01', 'sleep', 'scheduled__2021-09-26T02:00:00+00:00', '--job-id', '599', '--raw', '--subdir', 'DAGS_FOLDER/raizen_lab_01.py', '--cfg-path', '/tmp/tmpcz85107r', '--error-file', '/tmp/tmpxk3038rp']
[2022-08-23 11:30:58,726] {standard_task_runner.py:80} INFO - Job 599: Subtask sleep
[2022-08-23 11:30:58,848] {task_command.py:371} INFO - Running <TaskInstance: raizen_lab_01.sleep scheduled__2021-09-26T02:00:00+00:00 [running]> on host 7f48b7aaf0fc
[2022-08-23 11:30:58,969] {taskinstance.py:1591} INFO - Exporting the following env vars:
AIRFLOW_CTX_DAG_OWNER=admin
AIRFLOW_CTX_DAG_ID=raizen_lab_01
AIRFLOW_CTX_TASK_ID=sleep
AIRFLOW_CTX_EXECUTION_DATE=2021-09-26T02:00:00+00:00
AIRFLOW_CTX_TRY_NUMBER=1
AIRFLOW_CTX_DAG_RUN_ID=scheduled__2021-09-26T02:00:00+00:00
[2022-08-23 11:30:58,972] {subprocess.py:62} INFO - Tmp dir root location: 
 /tmp
[2022-08-23 11:30:58,973] {subprocess.py:74} INFO - Running command: ['bash', '-c', 'sleep 5']
[2022-08-23 11:30:58,991] {subprocess.py:85} INFO - Output:
[2022-08-23 11:31:03,995] {subprocess.py:96} INFO - Command exited with return code 0
[2022-08-23 11:31:04,045] {taskinstance.py:1420} INFO - Marking task as SUCCESS. dag_id=raizen_lab_01, task_id=sleep, execution_date=20210926T020000, start_date=20220823T113058, end_date=20220823T113104
[2022-08-23 11:31:04,135] {local_task_job.py:156} INFO - Task exited with return code 0
[2022-08-23 11:31:04,202] {local_task_job.py:273} INFO - 1 downstream tasks scheduled from follow-on schedule check
