[2022-08-23 12:21:29,006] {taskinstance.py:1179} INFO - Dependencies all met for <TaskInstance: raizen_lab_01.sleep scheduled__2021-11-11T17:00:00+00:00 [queued]>
[2022-08-23 12:21:29,014] {taskinstance.py:1179} INFO - Dependencies all met for <TaskInstance: raizen_lab_01.sleep scheduled__2021-11-11T17:00:00+00:00 [queued]>
[2022-08-23 12:21:29,014] {taskinstance.py:1376} INFO - 
--------------------------------------------------------------------------------
[2022-08-23 12:21:29,014] {taskinstance.py:1377} INFO - Starting attempt 1 of 2
[2022-08-23 12:21:29,015] {taskinstance.py:1378} INFO - 
--------------------------------------------------------------------------------
[2022-08-23 12:21:29,025] {taskinstance.py:1397} INFO - Executing <Task(BashOperator): sleep> on 2021-11-11 17:00:00+00:00
[2022-08-23 12:21:29,031] {standard_task_runner.py:52} INFO - Started process 1654 to run task
[2022-08-23 12:21:29,034] {standard_task_runner.py:79} INFO - Running: ['***', 'tasks', 'run', 'raizen_lab_01', 'sleep', 'scheduled__2021-11-11T17:00:00+00:00', '--job-id', '3962', '--raw', '--subdir', 'DAGS_FOLDER/raizen_lab_01.py', '--cfg-path', '/tmp/tmpil5w1jyi', '--error-file', '/tmp/tmph3ilm0au']
[2022-08-23 12:21:29,035] {standard_task_runner.py:80} INFO - Job 3962: Subtask sleep
[2022-08-23 12:21:29,093] {task_command.py:371} INFO - Running <TaskInstance: raizen_lab_01.sleep scheduled__2021-11-11T17:00:00+00:00 [running]> on host 6383a3236c72
[2022-08-23 12:21:29,173] {taskinstance.py:1591} INFO - Exporting the following env vars:
AIRFLOW_CTX_DAG_OWNER=admin
AIRFLOW_CTX_DAG_ID=raizen_lab_01
AIRFLOW_CTX_TASK_ID=sleep
AIRFLOW_CTX_EXECUTION_DATE=2021-11-11T17:00:00+00:00
AIRFLOW_CTX_TRY_NUMBER=1
AIRFLOW_CTX_DAG_RUN_ID=scheduled__2021-11-11T17:00:00+00:00
[2022-08-23 12:21:29,174] {subprocess.py:62} INFO - Tmp dir root location: 
 /tmp
[2022-08-23 12:21:29,176] {subprocess.py:74} INFO - Running command: ['bash', '-c', 'sleep 5']
[2022-08-23 12:21:29,189] {subprocess.py:85} INFO - Output:
[2022-08-23 12:21:34,192] {subprocess.py:96} INFO - Command exited with return code 0
[2022-08-23 12:21:34,405] {taskinstance.py:1420} INFO - Marking task as SUCCESS. dag_id=raizen_lab_01, task_id=sleep, execution_date=20211111T170000, start_date=20220823T122129, end_date=20220823T122134
[2022-08-23 12:21:34,465] {local_task_job.py:156} INFO - Task exited with return code 0
[2022-08-23 12:21:34,580] {local_task_job.py:273} INFO - 1 downstream tasks scheduled from follow-on schedule check
