[2022-08-23 11:32:41,997] {taskinstance.py:1179} INFO - Dependencies all met for <TaskInstance: raizen_lab_01.print_hello scheduled__2021-09-30T14:00:00+00:00 [queued]>
[2022-08-23 11:32:42,013] {taskinstance.py:1179} INFO - Dependencies all met for <TaskInstance: raizen_lab_01.print_hello scheduled__2021-09-30T14:00:00+00:00 [queued]>
[2022-08-23 11:32:42,014] {taskinstance.py:1376} INFO - 
--------------------------------------------------------------------------------
[2022-08-23 11:32:42,015] {taskinstance.py:1377} INFO - Starting attempt 1 of 2
[2022-08-23 11:32:42,016] {taskinstance.py:1378} INFO - 
--------------------------------------------------------------------------------
[2022-08-23 11:32:42,044] {taskinstance.py:1397} INFO - Executing <Task(BashOperator): print_hello> on 2021-09-30 14:00:00+00:00
[2022-08-23 11:32:42,052] {standard_task_runner.py:52} INFO - Started process 2538 to run task
[2022-08-23 11:32:42,057] {standard_task_runner.py:79} INFO - Running: ['***', 'tasks', 'run', 'raizen_lab_01', 'print_hello', 'scheduled__2021-09-30T14:00:00+00:00', '--job-id', '903', '--raw', '--subdir', 'DAGS_FOLDER/raizen_lab_01.py', '--cfg-path', '/tmp/tmpqjm1ig57', '--error-file', '/tmp/tmp457lf26r']
[2022-08-23 11:32:42,058] {standard_task_runner.py:80} INFO - Job 903: Subtask print_hello
[2022-08-23 11:32:42,272] {task_command.py:371} INFO - Running <TaskInstance: raizen_lab_01.print_hello scheduled__2021-09-30T14:00:00+00:00 [running]> on host 7f48b7aaf0fc
[2022-08-23 11:32:42,397] {taskinstance.py:1591} INFO - Exporting the following env vars:
AIRFLOW_CTX_DAG_OWNER=admin
AIRFLOW_CTX_DAG_ID=raizen_lab_01
AIRFLOW_CTX_TASK_ID=print_hello
AIRFLOW_CTX_EXECUTION_DATE=2021-09-30T14:00:00+00:00
AIRFLOW_CTX_TRY_NUMBER=1
AIRFLOW_CTX_DAG_RUN_ID=scheduled__2021-09-30T14:00:00+00:00
[2022-08-23 11:32:42,399] {subprocess.py:62} INFO - Tmp dir root location: 
 /tmp
[2022-08-23 11:32:42,401] {subprocess.py:74} INFO - Running command: ['bash', '-c', 'echo "hello"']
[2022-08-23 11:32:42,419] {subprocess.py:85} INFO - Output:
[2022-08-23 11:32:42,421] {subprocess.py:92} INFO - hello
[2022-08-23 11:32:42,422] {subprocess.py:96} INFO - Command exited with return code 0
[2022-08-23 11:32:42,475] {taskinstance.py:1420} INFO - Marking task as SUCCESS. dag_id=raizen_lab_01, task_id=print_hello, execution_date=20210930T140000, start_date=20220823T113241, end_date=20220823T113242
[2022-08-23 11:32:42,511] {local_task_job.py:156} INFO - Task exited with return code 0
[2022-08-23 11:32:42,721] {local_task_job.py:273} INFO - 0 downstream tasks scheduled from follow-on schedule check
