[2022-08-23 11:46:00,362] {taskinstance.py:1179} INFO - Dependencies all met for <TaskInstance: raizen_lab_01.print_world scheduled__2021-10-16T04:00:00+00:00 [queued]>
[2022-08-23 11:46:00,385] {taskinstance.py:1179} INFO - Dependencies all met for <TaskInstance: raizen_lab_01.print_world scheduled__2021-10-16T04:00:00+00:00 [queued]>
[2022-08-23 11:46:00,386] {taskinstance.py:1376} INFO - 
--------------------------------------------------------------------------------
[2022-08-23 11:46:00,386] {taskinstance.py:1377} INFO - Starting attempt 1 of 2
[2022-08-23 11:46:00,387] {taskinstance.py:1378} INFO - 
--------------------------------------------------------------------------------
[2022-08-23 11:46:00,421] {taskinstance.py:1397} INFO - Executing <Task(PythonOperator): print_world> on 2021-10-16 04:00:00+00:00
[2022-08-23 11:46:00,429] {standard_task_runner.py:52} INFO - Started process 183 to run task
[2022-08-23 11:46:00,437] {standard_task_runner.py:79} INFO - Running: ['***', 'tasks', 'run', 'raizen_lab_01', 'print_world', 'scheduled__2021-10-16T04:00:00+00:00', '--job-id', '2068', '--raw', '--subdir', 'DAGS_FOLDER/raizen_lab_01.py', '--cfg-path', '/tmp/tmpzlazvr2m', '--error-file', '/tmp/tmpeawdqqsx']
[2022-08-23 11:46:00,438] {standard_task_runner.py:80} INFO - Job 2068: Subtask print_world
[2022-08-23 11:46:00,570] {task_command.py:371} INFO - Running <TaskInstance: raizen_lab_01.print_world scheduled__2021-10-16T04:00:00+00:00 [running]> on host fc645605a611
[2022-08-23 11:46:00,697] {taskinstance.py:1591} INFO - Exporting the following env vars:
AIRFLOW_CTX_DAG_OWNER=admin
AIRFLOW_CTX_DAG_ID=raizen_lab_01
AIRFLOW_CTX_TASK_ID=print_world
AIRFLOW_CTX_EXECUTION_DATE=2021-10-16T04:00:00+00:00
AIRFLOW_CTX_TRY_NUMBER=1
AIRFLOW_CTX_DAG_RUN_ID=scheduled__2021-10-16T04:00:00+00:00
[2022-08-23 11:46:00,699] {logging_mixin.py:115} INFO - world
[2022-08-23 11:46:00,699] {python.py:173} INFO - Done. Returned value was: None
[2022-08-23 11:46:00,728] {taskinstance.py:1420} INFO - Marking task as SUCCESS. dag_id=raizen_lab_01, task_id=print_world, execution_date=20211016T040000, start_date=20220823T114600, end_date=20220823T114600
[2022-08-23 11:46:00,768] {local_task_job.py:156} INFO - Task exited with return code 0
[2022-08-23 11:46:00,828] {local_task_job.py:273} INFO - 0 downstream tasks scheduled from follow-on schedule check
