[2022-08-23 16:14:13,667] {taskinstance.py:1179} INFO - Dependencies all met for <TaskInstance: raizen_lab_01.sleep scheduled__2022-01-05T12:00:00+00:00 [queued]>
[2022-08-23 16:14:13,684] {taskinstance.py:1179} INFO - Dependencies all met for <TaskInstance: raizen_lab_01.sleep scheduled__2022-01-05T12:00:00+00:00 [queued]>
[2022-08-23 16:14:13,685] {taskinstance.py:1376} INFO - 
--------------------------------------------------------------------------------
[2022-08-23 16:14:13,686] {taskinstance.py:1377} INFO - Starting attempt 1 of 2
[2022-08-23 16:14:13,687] {taskinstance.py:1378} INFO - 
--------------------------------------------------------------------------------
[2022-08-23 16:14:13,711] {taskinstance.py:1397} INFO - Executing <Task(BashOperator): sleep> on 2022-01-05 12:00:00+00:00
[2022-08-23 16:14:13,720] {standard_task_runner.py:52} INFO - Started process 543 to run task
[2022-08-23 16:14:13,726] {standard_task_runner.py:79} INFO - Running: ['***', 'tasks', 'run', 'raizen_lab_01', 'sleep', 'scheduled__2022-01-05T12:00:00+00:00', '--job-id', '8085', '--raw', '--subdir', 'DAGS_FOLDER/raizen_lab_01.py', '--cfg-path', '/tmp/tmpc6p21rlr', '--error-file', '/tmp/tmp2mowupfr']
[2022-08-23 16:14:13,730] {standard_task_runner.py:80} INFO - Job 8085: Subtask sleep
[2022-08-23 16:14:13,891] {task_command.py:371} INFO - Running <TaskInstance: raizen_lab_01.sleep scheduled__2022-01-05T12:00:00+00:00 [running]> on host 8790b68fb5bc
[2022-08-23 16:14:14,057] {taskinstance.py:1591} INFO - Exporting the following env vars:
AIRFLOW_CTX_DAG_OWNER=admin
AIRFLOW_CTX_DAG_ID=raizen_lab_01
AIRFLOW_CTX_TASK_ID=sleep
AIRFLOW_CTX_EXECUTION_DATE=2022-01-05T12:00:00+00:00
AIRFLOW_CTX_TRY_NUMBER=1
AIRFLOW_CTX_DAG_RUN_ID=scheduled__2022-01-05T12:00:00+00:00
[2022-08-23 16:14:14,059] {subprocess.py:62} INFO - Tmp dir root location: 
 /tmp
[2022-08-23 16:14:14,060] {subprocess.py:74} INFO - Running command: ['bash', '-c', 'sleep 5']
[2022-08-23 16:14:14,079] {subprocess.py:85} INFO - Output:
[2022-08-23 16:14:19,086] {subprocess.py:96} INFO - Command exited with return code 0
[2022-08-23 16:14:19,129] {taskinstance.py:1420} INFO - Marking task as SUCCESS. dag_id=raizen_lab_01, task_id=sleep, execution_date=20220105T120000, start_date=20220823T161413, end_date=20220823T161419
[2022-08-23 16:14:19,198] {local_task_job.py:156} INFO - Task exited with return code 0
[2022-08-23 16:14:19,249] {local_task_job.py:273} INFO - 1 downstream tasks scheduled from follow-on schedule check
