[2022-08-23 14:22:51,275] {taskinstance.py:1179} INFO - Dependencies all met for <TaskInstance: raizen_lab_01.sleep scheduled__2022-01-03T14:00:00+00:00 [queued]>
[2022-08-23 14:22:51,294] {taskinstance.py:1179} INFO - Dependencies all met for <TaskInstance: raizen_lab_01.sleep scheduled__2022-01-03T14:00:00+00:00 [queued]>
[2022-08-23 14:22:51,295] {taskinstance.py:1376} INFO - 
--------------------------------------------------------------------------------
[2022-08-23 14:22:51,296] {taskinstance.py:1377} INFO - Starting attempt 1 of 2
[2022-08-23 14:22:51,298] {taskinstance.py:1378} INFO - 
--------------------------------------------------------------------------------
[2022-08-23 14:22:51,328] {taskinstance.py:1397} INFO - Executing <Task(BashOperator): sleep> on 2022-01-03 14:00:00+00:00
[2022-08-23 14:22:51,394] {standard_task_runner.py:52} INFO - Started process 202 to run task
[2022-08-23 14:22:51,398] {standard_task_runner.py:79} INFO - Running: ['***', 'tasks', 'run', 'raizen_lab_01', 'sleep', 'scheduled__2022-01-03T14:00:00+00:00', '--job-id', '7871', '--raw', '--subdir', 'DAGS_FOLDER/raizen_lab_01.py', '--cfg-path', '/tmp/tmp6cjvcu8d', '--error-file', '/tmp/tmphm_umahp']
[2022-08-23 14:22:51,399] {standard_task_runner.py:80} INFO - Job 7871: Subtask sleep
[2022-08-23 14:22:51,514] {task_command.py:371} INFO - Running <TaskInstance: raizen_lab_01.sleep scheduled__2022-01-03T14:00:00+00:00 [running]> on host 02d9cdd4a2f7
[2022-08-23 14:22:51,634] {taskinstance.py:1591} INFO - Exporting the following env vars:
AIRFLOW_CTX_DAG_OWNER=admin
AIRFLOW_CTX_DAG_ID=raizen_lab_01
AIRFLOW_CTX_TASK_ID=sleep
AIRFLOW_CTX_EXECUTION_DATE=2022-01-03T14:00:00+00:00
AIRFLOW_CTX_TRY_NUMBER=1
AIRFLOW_CTX_DAG_RUN_ID=scheduled__2022-01-03T14:00:00+00:00
[2022-08-23 14:22:51,638] {subprocess.py:62} INFO - Tmp dir root location: 
 /tmp
[2022-08-23 14:22:51,640] {subprocess.py:74} INFO - Running command: ['bash', '-c', 'sleep 5']
[2022-08-23 14:22:51,660] {subprocess.py:85} INFO - Output:
[2022-08-23 14:22:56,664] {subprocess.py:96} INFO - Command exited with return code 0
[2022-08-23 14:22:56,736] {taskinstance.py:1420} INFO - Marking task as SUCCESS. dag_id=raizen_lab_01, task_id=sleep, execution_date=20220103T140000, start_date=20220823T142251, end_date=20220823T142256
[2022-08-23 14:22:56,776] {local_task_job.py:156} INFO - Task exited with return code 0
[2022-08-23 14:22:56,863] {local_task_job.py:273} INFO - 1 downstream tasks scheduled from follow-on schedule check
