[2022-08-23 12:07:26,959] {taskinstance.py:1179} INFO - Dependencies all met for <TaskInstance: raizen_lab_01.print_hello scheduled__2021-10-29T19:00:00+00:00 [queued]>
[2022-08-23 12:07:26,971] {taskinstance.py:1179} INFO - Dependencies all met for <TaskInstance: raizen_lab_01.print_hello scheduled__2021-10-29T19:00:00+00:00 [queued]>
[2022-08-23 12:07:26,972] {taskinstance.py:1376} INFO - 
--------------------------------------------------------------------------------
[2022-08-23 12:07:26,972] {taskinstance.py:1377} INFO - Starting attempt 1 of 2
[2022-08-23 12:07:26,973] {taskinstance.py:1378} INFO - 
--------------------------------------------------------------------------------
[2022-08-23 12:07:26,990] {taskinstance.py:1397} INFO - Executing <Task(BashOperator): print_hello> on 2021-10-29 19:00:00+00:00
[2022-08-23 12:07:27,016] {standard_task_runner.py:52} INFO - Started process 1218 to run task
[2022-08-23 12:07:27,024] {standard_task_runner.py:79} INFO - Running: ['***', 'tasks', 'run', 'raizen_lab_01', 'print_hello', 'scheduled__2021-10-29T19:00:00+00:00', '--job-id', '3023', '--raw', '--subdir', 'DAGS_FOLDER/raizen_lab_01.py', '--cfg-path', '/tmp/tmpgbpw2l0m', '--error-file', '/tmp/tmp9hj5tv42']
[2022-08-23 12:07:27,025] {standard_task_runner.py:80} INFO - Job 3023: Subtask print_hello
[2022-08-23 12:07:27,122] {task_command.py:371} INFO - Running <TaskInstance: raizen_lab_01.print_hello scheduled__2021-10-29T19:00:00+00:00 [running]> on host 67b6bdae536e
[2022-08-23 12:07:27,216] {taskinstance.py:1591} INFO - Exporting the following env vars:
AIRFLOW_CTX_DAG_OWNER=admin
AIRFLOW_CTX_DAG_ID=raizen_lab_01
AIRFLOW_CTX_TASK_ID=print_hello
AIRFLOW_CTX_EXECUTION_DATE=2021-10-29T19:00:00+00:00
AIRFLOW_CTX_TRY_NUMBER=1
AIRFLOW_CTX_DAG_RUN_ID=scheduled__2021-10-29T19:00:00+00:00
[2022-08-23 12:07:27,218] {subprocess.py:62} INFO - Tmp dir root location: 
 /tmp
[2022-08-23 12:07:27,219] {subprocess.py:74} INFO - Running command: ['bash', '-c', 'echo "hello"']
[2022-08-23 12:07:27,235] {subprocess.py:85} INFO - Output:
[2022-08-23 12:07:27,238] {subprocess.py:92} INFO - hello
[2022-08-23 12:07:27,239] {subprocess.py:96} INFO - Command exited with return code 0
[2022-08-23 12:07:27,287] {taskinstance.py:1420} INFO - Marking task as SUCCESS. dag_id=raizen_lab_01, task_id=print_hello, execution_date=20211029T190000, start_date=20220823T120726, end_date=20220823T120727
[2022-08-23 12:07:27,353] {local_task_job.py:156} INFO - Task exited with return code 0
[2022-08-23 12:07:27,411] {local_task_job.py:273} INFO - 1 downstream tasks scheduled from follow-on schedule check
