[2022-08-24 02:00:59,245] {taskinstance.py:1179} INFO - Dependencies all met for <TaskInstance: raizen_lab_01.carga_arquivo manual__2022-08-24T02:00:57.867349+00:00 [queued]>
[2022-08-24 02:00:59,257] {taskinstance.py:1179} INFO - Dependencies all met for <TaskInstance: raizen_lab_01.carga_arquivo manual__2022-08-24T02:00:57.867349+00:00 [queued]>
[2022-08-24 02:00:59,258] {taskinstance.py:1376} INFO - 
--------------------------------------------------------------------------------
[2022-08-24 02:00:59,259] {taskinstance.py:1377} INFO - Starting attempt 1 of 2
[2022-08-24 02:00:59,259] {taskinstance.py:1378} INFO - 
--------------------------------------------------------------------------------
[2022-08-24 02:00:59,277] {taskinstance.py:1397} INFO - Executing <Task(PythonOperator): carga_arquivo> on 2022-08-24 02:00:57.867349+00:00
[2022-08-24 02:00:59,287] {standard_task_runner.py:52} INFO - Started process 83 to run task
[2022-08-24 02:00:59,294] {standard_task_runner.py:79} INFO - Running: ['***', 'tasks', 'run', 'raizen_lab_01', 'carga_arquivo', 'manual__2022-08-24T02:00:57.867349+00:00', '--job-id', '9649', '--raw', '--subdir', 'DAGS_FOLDER/raizen_lab_01.py', '--cfg-path', '/tmp/tmpwa5vptbf', '--error-file', '/tmp/tmp0xhj8g7n']
[2022-08-24 02:00:59,297] {standard_task_runner.py:80} INFO - Job 9649: Subtask carga_arquivo
[2022-08-24 02:00:59,455] {task_command.py:371} INFO - Running <TaskInstance: raizen_lab_01.carga_arquivo manual__2022-08-24T02:00:57.867349+00:00 [running]> on host b8d797566373
[2022-08-24 02:00:59,582] {taskinstance.py:1591} INFO - Exporting the following env vars:
AIRFLOW_CTX_DAG_OWNER=admin
AIRFLOW_CTX_DAG_ID=raizen_lab_01
AIRFLOW_CTX_TASK_ID=carga_arquivo
AIRFLOW_CTX_EXECUTION_DATE=2022-08-24T02:00:57.867349+00:00
AIRFLOW_CTX_TRY_NUMBER=1
AIRFLOW_CTX_DAG_RUN_ID=manual__2022-08-24T02:00:57.867349+00:00
[2022-08-24 02:01:00,575] {logging_mixin.py:115} INFO -        ANO
0     2000
1     2000
2     2000
3     2000
4     2000
...    ...
4531  2020
4532  2020
4533  2020
4534  2020
4535  2020

[4536 rows x 1 columns]
[2022-08-24 02:01:00,740] {python.py:173} INFO - Done. Returned value was: None
[2022-08-24 02:01:00,760] {taskinstance.py:1420} INFO - Marking task as SUCCESS. dag_id=raizen_lab_01, task_id=carga_arquivo, execution_date=20220824T020057, start_date=20220824T020059, end_date=20220824T020100
[2022-08-24 02:01:00,793] {local_task_job.py:156} INFO - Task exited with return code 0
[2022-08-24 02:01:00,851] {local_task_job.py:273} INFO - 1 downstream tasks scheduled from follow-on schedule check
