[2022-08-23 13:10:03,502] {taskinstance.py:1179} INFO - Dependencies all met for <TaskInstance: raizen_lab_01.sleep scheduled__2021-12-26T22:00:00+00:00 [queued]>
[2022-08-23 13:10:03,512] {taskinstance.py:1179} INFO - Dependencies all met for <TaskInstance: raizen_lab_01.sleep scheduled__2021-12-26T22:00:00+00:00 [queued]>
[2022-08-23 13:10:03,513] {taskinstance.py:1376} INFO - 
--------------------------------------------------------------------------------
[2022-08-23 13:10:03,513] {taskinstance.py:1377} INFO - Starting attempt 1 of 2
[2022-08-23 13:10:03,514] {taskinstance.py:1378} INFO - 
--------------------------------------------------------------------------------
[2022-08-23 13:10:03,537] {taskinstance.py:1397} INFO - Executing <Task(BashOperator): sleep> on 2021-12-26 22:00:00+00:00
[2022-08-23 13:10:03,547] {standard_task_runner.py:52} INFO - Started process 632 to run task
[2022-08-23 13:10:03,552] {standard_task_runner.py:79} INFO - Running: ['***', 'tasks', 'run', 'raizen_lab_01', 'sleep', 'scheduled__2021-12-26T22:00:00+00:00', '--job-id', '7228', '--raw', '--subdir', 'DAGS_FOLDER/raizen_lab_01.py', '--cfg-path', '/tmp/tmpn0zd9s1x', '--error-file', '/tmp/tmpm0i15wgv']
[2022-08-23 13:10:03,554] {standard_task_runner.py:80} INFO - Job 7228: Subtask sleep
[2022-08-23 13:10:03,646] {task_command.py:371} INFO - Running <TaskInstance: raizen_lab_01.sleep scheduled__2021-12-26T22:00:00+00:00 [running]> on host 965856c951e3
[2022-08-23 13:10:03,747] {taskinstance.py:1591} INFO - Exporting the following env vars:
AIRFLOW_CTX_DAG_OWNER=admin
AIRFLOW_CTX_DAG_ID=raizen_lab_01
AIRFLOW_CTX_TASK_ID=sleep
AIRFLOW_CTX_EXECUTION_DATE=2021-12-26T22:00:00+00:00
AIRFLOW_CTX_TRY_NUMBER=1
AIRFLOW_CTX_DAG_RUN_ID=scheduled__2021-12-26T22:00:00+00:00
[2022-08-23 13:10:03,749] {subprocess.py:62} INFO - Tmp dir root location: 
 /tmp
[2022-08-23 13:10:03,750] {subprocess.py:74} INFO - Running command: ['bash', '-c', 'sleep 5']
[2022-08-23 13:10:03,766] {subprocess.py:85} INFO - Output:
[2022-08-23 13:10:08,770] {subprocess.py:96} INFO - Command exited with return code 0
[2022-08-23 13:10:08,942] {taskinstance.py:1420} INFO - Marking task as SUCCESS. dag_id=raizen_lab_01, task_id=sleep, execution_date=20211226T220000, start_date=20220823T131003, end_date=20220823T131008
[2022-08-23 13:10:09,023] {local_task_job.py:156} INFO - Task exited with return code 0
[2022-08-23 13:10:09,069] {local_task_job.py:273} INFO - 1 downstream tasks scheduled from follow-on schedule check
