[2022-08-23 12:19:51,156] {taskinstance.py:1179} INFO - Dependencies all met for <TaskInstance: raizen_lab_01.sleep scheduled__2021-11-07T15:00:00+00:00 [queued]>
[2022-08-23 12:19:51,165] {taskinstance.py:1179} INFO - Dependencies all met for <TaskInstance: raizen_lab_01.sleep scheduled__2021-11-07T15:00:00+00:00 [queued]>
[2022-08-23 12:19:51,166] {taskinstance.py:1376} INFO - 
--------------------------------------------------------------------------------
[2022-08-23 12:19:51,166] {taskinstance.py:1377} INFO - Starting attempt 1 of 2
[2022-08-23 12:19:51,167] {taskinstance.py:1378} INFO - 
--------------------------------------------------------------------------------
[2022-08-23 12:19:51,183] {taskinstance.py:1397} INFO - Executing <Task(BashOperator): sleep> on 2021-11-07 15:00:00+00:00
[2022-08-23 12:19:51,188] {standard_task_runner.py:52} INFO - Started process 512 to run task
[2022-08-23 12:19:51,191] {standard_task_runner.py:79} INFO - Running: ['***', 'tasks', 'run', 'raizen_lab_01', 'sleep', 'scheduled__2021-11-07T15:00:00+00:00', '--job-id', '3669', '--raw', '--subdir', 'DAGS_FOLDER/raizen_lab_01.py', '--cfg-path', '/tmp/tmpq6vju9i1', '--error-file', '/tmp/tmppch4dtvf']
[2022-08-23 12:19:51,192] {standard_task_runner.py:80} INFO - Job 3669: Subtask sleep
[2022-08-23 12:19:51,253] {task_command.py:371} INFO - Running <TaskInstance: raizen_lab_01.sleep scheduled__2021-11-07T15:00:00+00:00 [running]> on host 6383a3236c72
[2022-08-23 12:19:51,319] {taskinstance.py:1591} INFO - Exporting the following env vars:
AIRFLOW_CTX_DAG_OWNER=admin
AIRFLOW_CTX_DAG_ID=raizen_lab_01
AIRFLOW_CTX_TASK_ID=sleep
AIRFLOW_CTX_EXECUTION_DATE=2021-11-07T15:00:00+00:00
AIRFLOW_CTX_TRY_NUMBER=1
AIRFLOW_CTX_DAG_RUN_ID=scheduled__2021-11-07T15:00:00+00:00
[2022-08-23 12:19:51,321] {subprocess.py:62} INFO - Tmp dir root location: 
 /tmp
[2022-08-23 12:19:51,321] {subprocess.py:74} INFO - Running command: ['bash', '-c', 'sleep 5']
[2022-08-23 12:19:51,335] {subprocess.py:85} INFO - Output:
[2022-08-23 12:19:56,338] {subprocess.py:96} INFO - Command exited with return code 0
[2022-08-23 12:19:56,383] {taskinstance.py:1420} INFO - Marking task as SUCCESS. dag_id=raizen_lab_01, task_id=sleep, execution_date=20211107T150000, start_date=20220823T121951, end_date=20220823T121956
[2022-08-23 12:19:56,433] {local_task_job.py:156} INFO - Task exited with return code 0
[2022-08-23 12:19:56,579] {local_task_job.py:273} INFO - 0 downstream tasks scheduled from follow-on schedule check
