[2022-08-23 23:25:05,750] {taskinstance.py:1179} INFO - Dependencies all met for <TaskInstance: raizen_lab_01.insere_dados_na_tabela manual__2022-08-23T23:24:00.540534+00:00 [queued]>
[2022-08-23 23:25:05,758] {taskinstance.py:1179} INFO - Dependencies all met for <TaskInstance: raizen_lab_01.insere_dados_na_tabela manual__2022-08-23T23:24:00.540534+00:00 [queued]>
[2022-08-23 23:25:05,759] {taskinstance.py:1376} INFO - 
--------------------------------------------------------------------------------
[2022-08-23 23:25:05,760] {taskinstance.py:1377} INFO - Starting attempt 1 of 2
[2022-08-23 23:25:05,761] {taskinstance.py:1378} INFO - 
--------------------------------------------------------------------------------
[2022-08-23 23:25:05,786] {taskinstance.py:1397} INFO - Executing <Task(PythonOperator): insere_dados_na_tabela> on 2022-08-23 23:24:00.540534+00:00
[2022-08-23 23:25:05,793] {standard_task_runner.py:52} INFO - Started process 107 to run task
[2022-08-23 23:25:05,796] {standard_task_runner.py:79} INFO - Running: ['***', 'tasks', 'run', 'raizen_lab_01', 'insere_dados_na_tabela', 'manual__2022-08-23T23:24:00.540534+00:00', '--job-id', '9508', '--raw', '--subdir', 'DAGS_FOLDER/raizen_lab_01.py', '--cfg-path', '/tmp/tmp7zjmfmjh', '--error-file', '/tmp/tmp6n3tgapd']
[2022-08-23 23:25:05,798] {standard_task_runner.py:80} INFO - Job 9508: Subtask insere_dados_na_tabela
[2022-08-23 23:25:05,874] {task_command.py:371} INFO - Running <TaskInstance: raizen_lab_01.insere_dados_na_tabela manual__2022-08-23T23:24:00.540534+00:00 [running]> on host 25dd15f8d678
[2022-08-23 23:25:05,982] {taskinstance.py:1591} INFO - Exporting the following env vars:
AIRFLOW_CTX_DAG_OWNER=admin
AIRFLOW_CTX_DAG_ID=raizen_lab_01
AIRFLOW_CTX_TASK_ID=insere_dados_na_tabela
AIRFLOW_CTX_EXECUTION_DATE=2022-08-23T23:24:00.540534+00:00
AIRFLOW_CTX_TRY_NUMBER=1
AIRFLOW_CTX_DAG_RUN_ID=manual__2022-08-23T23:24:00.540534+00:00
[2022-08-23 23:25:06,002] {logging_mixin.py:115} INFO - TABELA CRIADA
[2022-08-23 23:25:06,002] {python.py:173} INFO - Done. Returned value was: None
[2022-08-23 23:25:06,017] {taskinstance.py:1420} INFO - Marking task as SUCCESS. dag_id=raizen_lab_01, task_id=insere_dados_na_tabela, execution_date=20220823T232400, start_date=20220823T232505, end_date=20220823T232506
[2022-08-23 23:25:06,048] {local_task_job.py:156} INFO - Task exited with return code 0
[2022-08-23 23:25:06,085] {local_task_job.py:273} INFO - 1 downstream tasks scheduled from follow-on schedule check
