[2022-08-23 12:05:42,125] {taskinstance.py:1179} INFO - Dependencies all met for <TaskInstance: raizen_lab_01.print_hello scheduled__2021-10-24T19:00:00+00:00 [queued]>
[2022-08-23 12:05:42,140] {taskinstance.py:1179} INFO - Dependencies all met for <TaskInstance: raizen_lab_01.print_hello scheduled__2021-10-24T19:00:00+00:00 [queued]>
[2022-08-23 12:05:42,141] {taskinstance.py:1376} INFO - 
--------------------------------------------------------------------------------
[2022-08-23 12:05:42,141] {taskinstance.py:1377} INFO - Starting attempt 1 of 2
[2022-08-23 12:05:42,141] {taskinstance.py:1378} INFO - 
--------------------------------------------------------------------------------
[2022-08-23 12:05:42,158] {taskinstance.py:1397} INFO - Executing <Task(BashOperator): print_hello> on 2021-10-24 19:00:00+00:00
[2022-08-23 12:05:42,164] {standard_task_runner.py:52} INFO - Started process 163 to run task
[2022-08-23 12:05:42,168] {standard_task_runner.py:79} INFO - Running: ['***', 'tasks', 'run', 'raizen_lab_01', 'print_hello', 'scheduled__2021-10-24T19:00:00+00:00', '--job-id', '2656', '--raw', '--subdir', 'DAGS_FOLDER/raizen_lab_01.py', '--cfg-path', '/tmp/tmppjk4yb_7', '--error-file', '/tmp/tmpw24elwb0']
[2022-08-23 12:05:42,169] {standard_task_runner.py:80} INFO - Job 2656: Subtask print_hello
[2022-08-23 12:05:42,260] {task_command.py:371} INFO - Running <TaskInstance: raizen_lab_01.print_hello scheduled__2021-10-24T19:00:00+00:00 [running]> on host 67b6bdae536e
[2022-08-23 12:05:42,350] {taskinstance.py:1591} INFO - Exporting the following env vars:
AIRFLOW_CTX_DAG_OWNER=admin
AIRFLOW_CTX_DAG_ID=raizen_lab_01
AIRFLOW_CTX_TASK_ID=print_hello
AIRFLOW_CTX_EXECUTION_DATE=2021-10-24T19:00:00+00:00
AIRFLOW_CTX_TRY_NUMBER=1
AIRFLOW_CTX_DAG_RUN_ID=scheduled__2021-10-24T19:00:00+00:00
[2022-08-23 12:05:42,351] {subprocess.py:62} INFO - Tmp dir root location: 
 /tmp
[2022-08-23 12:05:42,352] {subprocess.py:74} INFO - Running command: ['bash', '-c', 'echo "hello"']
[2022-08-23 12:05:42,362] {subprocess.py:85} INFO - Output:
[2022-08-23 12:05:42,363] {subprocess.py:92} INFO - hello
[2022-08-23 12:05:42,364] {subprocess.py:96} INFO - Command exited with return code 0
[2022-08-23 12:05:42,402] {taskinstance.py:1420} INFO - Marking task as SUCCESS. dag_id=raizen_lab_01, task_id=print_hello, execution_date=20211024T190000, start_date=20220823T120542, end_date=20220823T120542
[2022-08-23 12:05:42,460] {local_task_job.py:156} INFO - Task exited with return code 0
[2022-08-23 12:05:42,641] {local_task_job.py:273} INFO - 0 downstream tasks scheduled from follow-on schedule check
