[2022-08-24 02:10:55,630] {taskinstance.py:1179} INFO - Dependencies all met for <TaskInstance: raizen_lab_01.insere_dados_na_tabela manual__2022-08-24T02:10:51.418251+00:00 [queued]>
[2022-08-24 02:10:55,643] {taskinstance.py:1179} INFO - Dependencies all met for <TaskInstance: raizen_lab_01.insere_dados_na_tabela manual__2022-08-24T02:10:51.418251+00:00 [queued]>
[2022-08-24 02:10:55,643] {taskinstance.py:1376} INFO - 
--------------------------------------------------------------------------------
[2022-08-24 02:10:55,645] {taskinstance.py:1377} INFO - Starting attempt 1 of 2
[2022-08-24 02:10:55,646] {taskinstance.py:1378} INFO - 
--------------------------------------------------------------------------------
[2022-08-24 02:10:55,668] {taskinstance.py:1397} INFO - Executing <Task(PythonOperator): insere_dados_na_tabela> on 2022-08-24 02:10:51.418251+00:00
[2022-08-24 02:10:55,675] {standard_task_runner.py:52} INFO - Started process 104 to run task
[2022-08-24 02:10:55,680] {standard_task_runner.py:79} INFO - Running: ['***', 'tasks', 'run', 'raizen_lab_01', 'insere_dados_na_tabela', 'manual__2022-08-24T02:10:51.418251+00:00', '--job-id', '9671', '--raw', '--subdir', 'DAGS_FOLDER/raizen_lab_01.py', '--cfg-path', '/tmp/tmpiv05qves', '--error-file', '/tmp/tmpv99f8xnt']
[2022-08-24 02:10:55,682] {standard_task_runner.py:80} INFO - Job 9671: Subtask insere_dados_na_tabela
[2022-08-24 02:10:55,769] {task_command.py:371} INFO - Running <TaskInstance: raizen_lab_01.insere_dados_na_tabela manual__2022-08-24T02:10:51.418251+00:00 [running]> on host b8d797566373
[2022-08-24 02:10:55,883] {taskinstance.py:1591} INFO - Exporting the following env vars:
AIRFLOW_CTX_DAG_OWNER=admin
AIRFLOW_CTX_DAG_ID=raizen_lab_01
AIRFLOW_CTX_TASK_ID=insere_dados_na_tabela
AIRFLOW_CTX_EXECUTION_DATE=2022-08-24T02:10:51.418251+00:00
AIRFLOW_CTX_TRY_NUMBER=1
AIRFLOW_CTX_DAG_RUN_ID=manual__2022-08-24T02:10:51.418251+00:00
[2022-08-24 02:10:55,921] {logging_mixin.py:115} INFO - TABELA CRIADA
[2022-08-24 02:10:55,922] {python.py:173} INFO - Done. Returned value was: None
[2022-08-24 02:10:55,945] {taskinstance.py:1420} INFO - Marking task as SUCCESS. dag_id=raizen_lab_01, task_id=insere_dados_na_tabela, execution_date=20220824T021051, start_date=20220824T021055, end_date=20220824T021055
[2022-08-24 02:10:55,972] {local_task_job.py:156} INFO - Task exited with return code 0
[2022-08-24 02:10:56,042] {local_task_job.py:273} INFO - 1 downstream tasks scheduled from follow-on schedule check
