[2022-08-23 11:37:35,558] {taskinstance.py:1179} INFO - Dependencies all met for <TaskInstance: raizen_lab_01.sleep scheduled__2021-10-10T03:00:00+00:00 [queued]>
[2022-08-23 11:37:35,576] {taskinstance.py:1179} INFO - Dependencies all met for <TaskInstance: raizen_lab_01.sleep scheduled__2021-10-10T03:00:00+00:00 [queued]>
[2022-08-23 11:37:35,577] {taskinstance.py:1376} INFO - 
--------------------------------------------------------------------------------
[2022-08-23 11:37:35,578] {taskinstance.py:1377} INFO - Starting attempt 1 of 2
[2022-08-23 11:37:35,578] {taskinstance.py:1378} INFO - 
--------------------------------------------------------------------------------
[2022-08-23 11:37:35,600] {taskinstance.py:1397} INFO - Executing <Task(BashOperator): sleep> on 2021-10-10 03:00:00+00:00
[2022-08-23 11:37:35,608] {standard_task_runner.py:52} INFO - Started process 467 to run task
[2022-08-23 11:37:35,614] {standard_task_runner.py:79} INFO - Running: ['***', 'tasks', 'run', 'raizen_lab_01', 'sleep', 'scheduled__2021-10-10T03:00:00+00:00', '--job-id', '1613', '--raw', '--subdir', 'DAGS_FOLDER/raizen_lab_01.py', '--cfg-path', '/tmp/tmpv67itfx7', '--error-file', '/tmp/tmpqn_redfq']
[2022-08-23 11:37:35,615] {standard_task_runner.py:80} INFO - Job 1613: Subtask sleep
[2022-08-23 11:37:35,718] {task_command.py:371} INFO - Running <TaskInstance: raizen_lab_01.sleep scheduled__2021-10-10T03:00:00+00:00 [running]> on host 7f48b7aaf0fc
[2022-08-23 11:37:35,832] {taskinstance.py:1591} INFO - Exporting the following env vars:
AIRFLOW_CTX_DAG_OWNER=admin
AIRFLOW_CTX_DAG_ID=raizen_lab_01
AIRFLOW_CTX_TASK_ID=sleep
AIRFLOW_CTX_EXECUTION_DATE=2021-10-10T03:00:00+00:00
AIRFLOW_CTX_TRY_NUMBER=1
AIRFLOW_CTX_DAG_RUN_ID=scheduled__2021-10-10T03:00:00+00:00
[2022-08-23 11:37:35,834] {subprocess.py:62} INFO - Tmp dir root location: 
 /tmp
[2022-08-23 11:37:35,835] {subprocess.py:74} INFO - Running command: ['bash', '-c', 'sleep 5']
[2022-08-23 11:37:35,854] {subprocess.py:85} INFO - Output:
[2022-08-23 11:37:40,859] {subprocess.py:96} INFO - Command exited with return code 0
[2022-08-23 11:37:41,038] {taskinstance.py:1420} INFO - Marking task as SUCCESS. dag_id=raizen_lab_01, task_id=sleep, execution_date=20211010T030000, start_date=20220823T113735, end_date=20220823T113741
[2022-08-23 11:37:41,076] {local_task_job.py:156} INFO - Task exited with return code 0
[2022-08-23 11:37:41,125] {local_task_job.py:273} INFO - 1 downstream tasks scheduled from follow-on schedule check
