[2022-08-23 12:28:12,249] {taskinstance.py:1179} INFO - Dependencies all met for <TaskInstance: raizen_lab_01.sleep scheduled__2021-11-28T16:00:00+00:00 [queued]>
[2022-08-23 12:28:12,261] {taskinstance.py:1179} INFO - Dependencies all met for <TaskInstance: raizen_lab_01.sleep scheduled__2021-11-28T16:00:00+00:00 [queued]>
[2022-08-23 12:28:12,262] {taskinstance.py:1376} INFO - 
--------------------------------------------------------------------------------
[2022-08-23 12:28:12,262] {taskinstance.py:1377} INFO - Starting attempt 1 of 2
[2022-08-23 12:28:12,263] {taskinstance.py:1378} INFO - 
--------------------------------------------------------------------------------
[2022-08-23 12:28:12,282] {taskinstance.py:1397} INFO - Executing <Task(BashOperator): sleep> on 2021-11-28 16:00:00+00:00
[2022-08-23 12:28:12,290] {standard_task_runner.py:52} INFO - Started process 6489 to run task
[2022-08-23 12:28:12,294] {standard_task_runner.py:79} INFO - Running: ['***', 'tasks', 'run', 'raizen_lab_01', 'sleep', 'scheduled__2021-11-28T16:00:00+00:00', '--job-id', '5194', '--raw', '--subdir', 'DAGS_FOLDER/raizen_lab_01.py', '--cfg-path', '/tmp/tmpw79jx8dx', '--error-file', '/tmp/tmp91ocsr9e']
[2022-08-23 12:28:12,296] {standard_task_runner.py:80} INFO - Job 5194: Subtask sleep
[2022-08-23 12:28:12,372] {task_command.py:371} INFO - Running <TaskInstance: raizen_lab_01.sleep scheduled__2021-11-28T16:00:00+00:00 [running]> on host 6383a3236c72
[2022-08-23 12:28:12,450] {taskinstance.py:1591} INFO - Exporting the following env vars:
AIRFLOW_CTX_DAG_OWNER=admin
AIRFLOW_CTX_DAG_ID=raizen_lab_01
AIRFLOW_CTX_TASK_ID=sleep
AIRFLOW_CTX_EXECUTION_DATE=2021-11-28T16:00:00+00:00
AIRFLOW_CTX_TRY_NUMBER=1
AIRFLOW_CTX_DAG_RUN_ID=scheduled__2021-11-28T16:00:00+00:00
[2022-08-23 12:28:12,451] {subprocess.py:62} INFO - Tmp dir root location: 
 /tmp
[2022-08-23 12:28:12,452] {subprocess.py:74} INFO - Running command: ['bash', '-c', 'sleep 5']
[2022-08-23 12:28:12,465] {subprocess.py:85} INFO - Output:
[2022-08-23 12:28:17,469] {subprocess.py:96} INFO - Command exited with return code 0
[2022-08-23 12:28:17,500] {taskinstance.py:1420} INFO - Marking task as SUCCESS. dag_id=raizen_lab_01, task_id=sleep, execution_date=20211128T160000, start_date=20220823T122812, end_date=20220823T122817
[2022-08-23 12:28:17,523] {local_task_job.py:156} INFO - Task exited with return code 0
[2022-08-23 12:28:17,546] {local_task_job.py:273} INFO - 1 downstream tasks scheduled from follow-on schedule check
