[2022-08-23 12:34:24,052] {taskinstance.py:1179} INFO - Dependencies all met for <TaskInstance: raizen_lab_01.sleep scheduled__2021-12-15T05:00:00+00:00 [queued]>
[2022-08-23 12:34:24,063] {taskinstance.py:1179} INFO - Dependencies all met for <TaskInstance: raizen_lab_01.sleep scheduled__2021-12-15T05:00:00+00:00 [queued]>
[2022-08-23 12:34:24,063] {taskinstance.py:1376} INFO - 
--------------------------------------------------------------------------------
[2022-08-23 12:34:24,064] {taskinstance.py:1377} INFO - Starting attempt 1 of 2
[2022-08-23 12:34:24,064] {taskinstance.py:1378} INFO - 
--------------------------------------------------------------------------------
[2022-08-23 12:34:24,085] {taskinstance.py:1397} INFO - Executing <Task(BashOperator): sleep> on 2021-12-15 05:00:00+00:00
[2022-08-23 12:34:24,092] {standard_task_runner.py:52} INFO - Started process 11169 to run task
[2022-08-23 12:34:24,096] {standard_task_runner.py:79} INFO - Running: ['***', 'tasks', 'run', 'raizen_lab_01', 'sleep', 'scheduled__2021-12-15T05:00:00+00:00', '--job-id', '6392', '--raw', '--subdir', 'DAGS_FOLDER/raizen_lab_01.py', '--cfg-path', '/tmp/tmp46g6y1bz', '--error-file', '/tmp/tmpxdi_vjkw']
[2022-08-23 12:34:24,097] {standard_task_runner.py:80} INFO - Job 6392: Subtask sleep
[2022-08-23 12:34:24,178] {task_command.py:371} INFO - Running <TaskInstance: raizen_lab_01.sleep scheduled__2021-12-15T05:00:00+00:00 [running]> on host 6383a3236c72
[2022-08-23 12:34:24,270] {taskinstance.py:1591} INFO - Exporting the following env vars:
AIRFLOW_CTX_DAG_OWNER=admin
AIRFLOW_CTX_DAG_ID=raizen_lab_01
AIRFLOW_CTX_TASK_ID=sleep
AIRFLOW_CTX_EXECUTION_DATE=2021-12-15T05:00:00+00:00
AIRFLOW_CTX_TRY_NUMBER=1
AIRFLOW_CTX_DAG_RUN_ID=scheduled__2021-12-15T05:00:00+00:00
[2022-08-23 12:34:24,272] {subprocess.py:62} INFO - Tmp dir root location: 
 /tmp
[2022-08-23 12:34:24,273] {subprocess.py:74} INFO - Running command: ['bash', '-c', 'sleep 5']
[2022-08-23 12:34:24,289] {subprocess.py:85} INFO - Output:
[2022-08-23 12:34:29,293] {subprocess.py:96} INFO - Command exited with return code 0
[2022-08-23 12:34:29,318] {taskinstance.py:1420} INFO - Marking task as SUCCESS. dag_id=raizen_lab_01, task_id=sleep, execution_date=20211215T050000, start_date=20220823T123424, end_date=20220823T123429
[2022-08-23 12:34:29,360] {local_task_job.py:156} INFO - Task exited with return code 0
[2022-08-23 12:34:29,385] {local_task_job.py:273} INFO - 1 downstream tasks scheduled from follow-on schedule check
