[2022-08-23 11:32:03,669] {taskinstance.py:1179} INFO - Dependencies all met for <TaskInstance: raizen_lab_01.sleep scheduled__2021-09-28T17:00:00+00:00 [queued]>
[2022-08-23 11:32:03,683] {taskinstance.py:1179} INFO - Dependencies all met for <TaskInstance: raizen_lab_01.sleep scheduled__2021-09-28T17:00:00+00:00 [queued]>
[2022-08-23 11:32:03,684] {taskinstance.py:1376} INFO - 
--------------------------------------------------------------------------------
[2022-08-23 11:32:03,684] {taskinstance.py:1377} INFO - Starting attempt 1 of 2
[2022-08-23 11:32:03,685] {taskinstance.py:1378} INFO - 
--------------------------------------------------------------------------------
[2022-08-23 11:32:03,715] {taskinstance.py:1397} INFO - Executing <Task(BashOperator): sleep> on 2021-09-28 17:00:00+00:00
[2022-08-23 11:32:03,723] {standard_task_runner.py:52} INFO - Started process 2207 to run task
[2022-08-23 11:32:03,729] {standard_task_runner.py:79} INFO - Running: ['***', 'tasks', 'run', 'raizen_lab_01', 'sleep', 'scheduled__2021-09-28T17:00:00+00:00', '--job-id', '790', '--raw', '--subdir', 'DAGS_FOLDER/raizen_lab_01.py', '--cfg-path', '/tmp/tmpx4k1_aoi', '--error-file', '/tmp/tmp1zzmkfjh']
[2022-08-23 11:32:03,730] {standard_task_runner.py:80} INFO - Job 790: Subtask sleep
[2022-08-23 11:32:03,845] {task_command.py:371} INFO - Running <TaskInstance: raizen_lab_01.sleep scheduled__2021-09-28T17:00:00+00:00 [running]> on host 7f48b7aaf0fc
[2022-08-23 11:32:03,968] {taskinstance.py:1591} INFO - Exporting the following env vars:
AIRFLOW_CTX_DAG_OWNER=admin
AIRFLOW_CTX_DAG_ID=raizen_lab_01
AIRFLOW_CTX_TASK_ID=sleep
AIRFLOW_CTX_EXECUTION_DATE=2021-09-28T17:00:00+00:00
AIRFLOW_CTX_TRY_NUMBER=1
AIRFLOW_CTX_DAG_RUN_ID=scheduled__2021-09-28T17:00:00+00:00
[2022-08-23 11:32:03,970] {subprocess.py:62} INFO - Tmp dir root location: 
 /tmp
[2022-08-23 11:32:03,971] {subprocess.py:74} INFO - Running command: ['bash', '-c', 'sleep 5']
[2022-08-23 11:32:03,988] {subprocess.py:85} INFO - Output:
[2022-08-23 11:32:08,993] {subprocess.py:96} INFO - Command exited with return code 0
[2022-08-23 11:32:09,081] {taskinstance.py:1420} INFO - Marking task as SUCCESS. dag_id=raizen_lab_01, task_id=sleep, execution_date=20210928T170000, start_date=20220823T113203, end_date=20220823T113209
[2022-08-23 11:32:09,133] {local_task_job.py:156} INFO - Task exited with return code 0
[2022-08-23 11:32:09,196] {local_task_job.py:273} INFO - 1 downstream tasks scheduled from follow-on schedule check
