[2022-08-23 17:22:46,073] {taskinstance.py:1179} INFO - Dependencies all met for <TaskInstance: raizen_lab_01.conecta_no_mysql scheduled__2022-01-12T08:00:00+00:00 [queued]>
[2022-08-23 17:22:46,088] {taskinstance.py:1179} INFO - Dependencies all met for <TaskInstance: raizen_lab_01.conecta_no_mysql scheduled__2022-01-12T08:00:00+00:00 [queued]>
[2022-08-23 17:22:46,089] {taskinstance.py:1376} INFO - 
--------------------------------------------------------------------------------
[2022-08-23 17:22:46,090] {taskinstance.py:1377} INFO - Starting attempt 2 of 2
[2022-08-23 17:22:46,090] {taskinstance.py:1378} INFO - 
--------------------------------------------------------------------------------
[2022-08-23 17:22:46,111] {taskinstance.py:1397} INFO - Executing <Task(PythonOperator): conecta_no_mysql> on 2022-01-12 08:00:00+00:00
[2022-08-23 17:22:46,121] {standard_task_runner.py:52} INFO - Started process 462 to run task
[2022-08-23 17:22:46,127] {standard_task_runner.py:79} INFO - Running: ['***', 'tasks', 'run', 'raizen_lab_01', 'conecta_no_mysql', 'scheduled__2022-01-12T08:00:00+00:00', '--job-id', '8472', '--raw', '--subdir', 'DAGS_FOLDER/raizen_lab_01.py', '--cfg-path', '/tmp/tmpeakmebd4', '--error-file', '/tmp/tmpfigl82x9']
[2022-08-23 17:22:46,129] {standard_task_runner.py:80} INFO - Job 8472: Subtask conecta_no_mysql
[2022-08-23 17:22:46,327] {task_command.py:371} INFO - Running <TaskInstance: raizen_lab_01.conecta_no_mysql scheduled__2022-01-12T08:00:00+00:00 [running]> on host 830964f08a0a
[2022-08-23 17:22:46,439] {taskinstance.py:1591} INFO - Exporting the following env vars:
AIRFLOW_CTX_DAG_OWNER=admin
AIRFLOW_CTX_DAG_ID=raizen_lab_01
AIRFLOW_CTX_TASK_ID=conecta_no_mysql
AIRFLOW_CTX_EXECUTION_DATE=2022-01-12T08:00:00+00:00
AIRFLOW_CTX_TRY_NUMBER=2
AIRFLOW_CTX_DAG_RUN_ID=scheduled__2022-01-12T08:00:00+00:00
[2022-08-23 17:22:51,455] {taskinstance.py:1909} ERROR - Task failed with exception
Traceback (most recent call last):
  File "/home/airflow/.local/lib/python3.7/site-packages/airflow/operators/python.py", line 171, in execute
    return_value = self.execute_callable()
  File "/home/airflow/.local/lib/python3.7/site-packages/airflow/operators/python.py", line 189, in execute_callable
    return self.python_callable(*self.op_args, **self.op_kwargs)
  File "/opt/airflow/dags/raizen_lab_01.py", line 35, in conecta_no_mysql
    con = MySQLdb.connect(host="mysql", user="user", passwd="password", db="db")
  File "/home/airflow/.local/lib/python3.7/site-packages/MySQLdb/__init__.py", line 123, in Connect
    return Connection(*args, **kwargs)
  File "/home/airflow/.local/lib/python3.7/site-packages/MySQLdb/connections.py", line 185, in __init__
    super().__init__(*args, **kwargs2)
MySQLdb.OperationalError: (2003, "Can't connect to MySQL server on 'mysql:3306' (111)")
[2022-08-23 17:22:51,466] {taskinstance.py:1420} INFO - Marking task as FAILED. dag_id=raizen_lab_01, task_id=conecta_no_mysql, execution_date=20220112T080000, start_date=20220823T172246, end_date=20220823T172251
[2022-08-23 17:22:51,477] {standard_task_runner.py:97} ERROR - Failed to execute job 8472 for task conecta_no_mysql ((2003, "Can't connect to MySQL server on 'mysql:3306' (111)"); 462)
[2022-08-23 17:22:51,483] {local_task_job.py:156} INFO - Task exited with return code 1
[2022-08-23 17:22:51,513] {local_task_job.py:273} INFO - 0 downstream tasks scheduled from follow-on schedule check
