[2022-08-23 12:05:54,291] {taskinstance.py:1179} INFO - Dependencies all met for <TaskInstance: raizen_lab_01.sleep scheduled__2021-10-25T05:00:00+00:00 [queued]>
[2022-08-23 12:05:54,299] {taskinstance.py:1179} INFO - Dependencies all met for <TaskInstance: raizen_lab_01.sleep scheduled__2021-10-25T05:00:00+00:00 [queued]>
[2022-08-23 12:05:54,300] {taskinstance.py:1376} INFO - 
--------------------------------------------------------------------------------
[2022-08-23 12:05:54,300] {taskinstance.py:1377} INFO - Starting attempt 1 of 2
[2022-08-23 12:05:54,303] {taskinstance.py:1378} INFO - 
--------------------------------------------------------------------------------
[2022-08-23 12:05:54,314] {taskinstance.py:1397} INFO - Executing <Task(BashOperator): sleep> on 2021-10-25 05:00:00+00:00
[2022-08-23 12:05:54,319] {standard_task_runner.py:52} INFO - Started process 288 to run task
[2022-08-23 12:05:54,322] {standard_task_runner.py:79} INFO - Running: ['***', 'tasks', 'run', 'raizen_lab_01', 'sleep', 'scheduled__2021-10-25T05:00:00+00:00', '--job-id', '2700', '--raw', '--subdir', 'DAGS_FOLDER/raizen_lab_01.py', '--cfg-path', '/tmp/tmp9b2rqycp', '--error-file', '/tmp/tmp_irih0sa']
[2022-08-23 12:05:54,323] {standard_task_runner.py:80} INFO - Job 2700: Subtask sleep
[2022-08-23 12:05:54,378] {task_command.py:371} INFO - Running <TaskInstance: raizen_lab_01.sleep scheduled__2021-10-25T05:00:00+00:00 [running]> on host 67b6bdae536e
[2022-08-23 12:05:54,477] {taskinstance.py:1591} INFO - Exporting the following env vars:
AIRFLOW_CTX_DAG_OWNER=admin
AIRFLOW_CTX_DAG_ID=raizen_lab_01
AIRFLOW_CTX_TASK_ID=sleep
AIRFLOW_CTX_EXECUTION_DATE=2021-10-25T05:00:00+00:00
AIRFLOW_CTX_TRY_NUMBER=1
AIRFLOW_CTX_DAG_RUN_ID=scheduled__2021-10-25T05:00:00+00:00
[2022-08-23 12:05:54,478] {subprocess.py:62} INFO - Tmp dir root location: 
 /tmp
[2022-08-23 12:05:54,479] {subprocess.py:74} INFO - Running command: ['bash', '-c', 'sleep 5']
[2022-08-23 12:05:54,492] {subprocess.py:85} INFO - Output:
[2022-08-23 12:05:59,536] {subprocess.py:96} INFO - Command exited with return code 0
[2022-08-23 12:05:59,579] {taskinstance.py:1420} INFO - Marking task as SUCCESS. dag_id=raizen_lab_01, task_id=sleep, execution_date=20211025T050000, start_date=20220823T120554, end_date=20220823T120559
[2022-08-23 12:05:59,632] {local_task_job.py:156} INFO - Task exited with return code 0
[2022-08-23 12:05:59,667] {local_task_job.py:273} INFO - 1 downstream tasks scheduled from follow-on schedule check
