[2022-08-23 11:36:04,688] {taskinstance.py:1179} INFO - Dependencies all met for <TaskInstance: raizen_lab_01.print_hello scheduled__2021-10-07T17:00:00+00:00 [queued]>
[2022-08-23 11:36:04,709] {taskinstance.py:1179} INFO - Dependencies all met for <TaskInstance: raizen_lab_01.print_hello scheduled__2021-10-07T17:00:00+00:00 [queued]>
[2022-08-23 11:36:04,710] {taskinstance.py:1376} INFO - 
--------------------------------------------------------------------------------
[2022-08-23 11:36:04,711] {taskinstance.py:1377} INFO - Starting attempt 1 of 2
[2022-08-23 11:36:04,711] {taskinstance.py:1378} INFO - 
--------------------------------------------------------------------------------
[2022-08-23 11:36:04,736] {taskinstance.py:1397} INFO - Executing <Task(BashOperator): print_hello> on 2021-10-07 17:00:00+00:00
[2022-08-23 11:36:04,744] {standard_task_runner.py:52} INFO - Started process 4087 to run task
[2022-08-23 11:36:04,749] {standard_task_runner.py:79} INFO - Running: ['***', 'tasks', 'run', 'raizen_lab_01', 'print_hello', 'scheduled__2021-10-07T17:00:00+00:00', '--job-id', '1431', '--raw', '--subdir', 'DAGS_FOLDER/raizen_lab_01.py', '--cfg-path', '/tmp/tmpnuk9cjsx', '--error-file', '/tmp/tmpb9agwhsb']
[2022-08-23 11:36:04,750] {standard_task_runner.py:80} INFO - Job 1431: Subtask print_hello
[2022-08-23 11:36:04,853] {task_command.py:371} INFO - Running <TaskInstance: raizen_lab_01.print_hello scheduled__2021-10-07T17:00:00+00:00 [running]> on host 7f48b7aaf0fc
[2022-08-23 11:36:04,975] {taskinstance.py:1591} INFO - Exporting the following env vars:
AIRFLOW_CTX_DAG_OWNER=admin
AIRFLOW_CTX_DAG_ID=raizen_lab_01
AIRFLOW_CTX_TASK_ID=print_hello
AIRFLOW_CTX_EXECUTION_DATE=2021-10-07T17:00:00+00:00
AIRFLOW_CTX_TRY_NUMBER=1
AIRFLOW_CTX_DAG_RUN_ID=scheduled__2021-10-07T17:00:00+00:00
[2022-08-23 11:36:04,978] {subprocess.py:62} INFO - Tmp dir root location: 
 /tmp
[2022-08-23 11:36:04,979] {subprocess.py:74} INFO - Running command: ['bash', '-c', 'echo "hello"']
[2022-08-23 11:36:05,000] {subprocess.py:85} INFO - Output:
[2022-08-23 11:36:05,002] {subprocess.py:92} INFO - hello
[2022-08-23 11:36:05,003] {subprocess.py:96} INFO - Command exited with return code 0
[2022-08-23 11:36:05,053] {taskinstance.py:1420} INFO - Marking task as SUCCESS. dag_id=raizen_lab_01, task_id=print_hello, execution_date=20211007T170000, start_date=20220823T113604, end_date=20220823T113605
[2022-08-23 11:36:05,081] {local_task_job.py:156} INFO - Task exited with return code 0
[2022-08-23 11:36:05,151] {local_task_job.py:273} INFO - 1 downstream tasks scheduled from follow-on schedule check
