[2022-08-23 12:08:18,907] {taskinstance.py:1179} INFO - Dependencies all met for <TaskInstance: raizen_lab_01.sleep scheduled__2021-11-01T09:00:00+00:00 [queued]>
[2022-08-23 12:08:18,921] {taskinstance.py:1179} INFO - Dependencies all met for <TaskInstance: raizen_lab_01.sleep scheduled__2021-11-01T09:00:00+00:00 [queued]>
[2022-08-23 12:08:18,921] {taskinstance.py:1376} INFO - 
--------------------------------------------------------------------------------
[2022-08-23 12:08:18,922] {taskinstance.py:1377} INFO - Starting attempt 1 of 2
[2022-08-23 12:08:18,922] {taskinstance.py:1378} INFO - 
--------------------------------------------------------------------------------
[2022-08-23 12:08:18,937] {taskinstance.py:1397} INFO - Executing <Task(BashOperator): sleep> on 2021-11-01 09:00:00+00:00
[2022-08-23 12:08:18,942] {standard_task_runner.py:52} INFO - Started process 1784 to run task
[2022-08-23 12:08:18,946] {standard_task_runner.py:79} INFO - Running: ['***', 'tasks', 'run', 'raizen_lab_01', 'sleep', 'scheduled__2021-11-01T09:00:00+00:00', '--job-id', '3222', '--raw', '--subdir', 'DAGS_FOLDER/raizen_lab_01.py', '--cfg-path', '/tmp/tmp6mxkylma', '--error-file', '/tmp/tmpkq740drc']
[2022-08-23 12:08:18,947] {standard_task_runner.py:80} INFO - Job 3222: Subtask sleep
[2022-08-23 12:08:19,111] {task_command.py:371} INFO - Running <TaskInstance: raizen_lab_01.sleep scheduled__2021-11-01T09:00:00+00:00 [running]> on host 67b6bdae536e
[2022-08-23 12:08:19,194] {taskinstance.py:1591} INFO - Exporting the following env vars:
AIRFLOW_CTX_DAG_OWNER=admin
AIRFLOW_CTX_DAG_ID=raizen_lab_01
AIRFLOW_CTX_TASK_ID=sleep
AIRFLOW_CTX_EXECUTION_DATE=2021-11-01T09:00:00+00:00
AIRFLOW_CTX_TRY_NUMBER=1
AIRFLOW_CTX_DAG_RUN_ID=scheduled__2021-11-01T09:00:00+00:00
[2022-08-23 12:08:19,196] {subprocess.py:62} INFO - Tmp dir root location: 
 /tmp
[2022-08-23 12:08:19,197] {subprocess.py:74} INFO - Running command: ['bash', '-c', 'sleep 5']
[2022-08-23 12:08:19,207] {subprocess.py:85} INFO - Output:
[2022-08-23 12:08:24,211] {subprocess.py:96} INFO - Command exited with return code 0
[2022-08-23 12:08:24,240] {taskinstance.py:1420} INFO - Marking task as SUCCESS. dag_id=raizen_lab_01, task_id=sleep, execution_date=20211101T090000, start_date=20220823T120818, end_date=20220823T120824
[2022-08-23 12:08:24,292] {local_task_job.py:156} INFO - Task exited with return code 0
[2022-08-23 12:08:24,318] {local_task_job.py:273} INFO - 1 downstream tasks scheduled from follow-on schedule check
