[2022-08-23 13:14:02,102] {taskinstance.py:1179} INFO - Dependencies all met for <TaskInstance: raizen_lab_01.sleep scheduled__2021-12-28T18:00:00+00:00 [queued]>
[2022-08-23 13:14:02,111] {taskinstance.py:1179} INFO - Dependencies all met for <TaskInstance: raizen_lab_01.sleep scheduled__2021-12-28T18:00:00+00:00 [queued]>
[2022-08-23 13:14:02,112] {taskinstance.py:1376} INFO - 
--------------------------------------------------------------------------------
[2022-08-23 13:14:02,112] {taskinstance.py:1377} INFO - Starting attempt 1 of 2
[2022-08-23 13:14:02,112] {taskinstance.py:1378} INFO - 
--------------------------------------------------------------------------------
[2022-08-23 13:14:02,128] {taskinstance.py:1397} INFO - Executing <Task(BashOperator): sleep> on 2021-12-28 18:00:00+00:00
[2022-08-23 13:14:02,135] {standard_task_runner.py:52} INFO - Started process 169 to run task
[2022-08-23 13:14:02,142] {standard_task_runner.py:79} INFO - Running: ['***', 'tasks', 'run', 'raizen_lab_01', 'sleep', 'scheduled__2021-12-28T18:00:00+00:00', '--job-id', '7366', '--raw', '--subdir', 'DAGS_FOLDER/raizen_lab_01.py', '--cfg-path', '/tmp/tmp58770uai', '--error-file', '/tmp/tmp3qy07jzm']
[2022-08-23 13:14:02,145] {standard_task_runner.py:80} INFO - Job 7366: Subtask sleep
[2022-08-23 13:14:02,224] {task_command.py:371} INFO - Running <TaskInstance: raizen_lab_01.sleep scheduled__2021-12-28T18:00:00+00:00 [running]> on host 94e929fe2c87
[2022-08-23 13:14:02,296] {taskinstance.py:1591} INFO - Exporting the following env vars:
AIRFLOW_CTX_DAG_OWNER=admin
AIRFLOW_CTX_DAG_ID=raizen_lab_01
AIRFLOW_CTX_TASK_ID=sleep
AIRFLOW_CTX_EXECUTION_DATE=2021-12-28T18:00:00+00:00
AIRFLOW_CTX_TRY_NUMBER=1
AIRFLOW_CTX_DAG_RUN_ID=scheduled__2021-12-28T18:00:00+00:00
[2022-08-23 13:14:02,298] {subprocess.py:62} INFO - Tmp dir root location: 
 /tmp
[2022-08-23 13:14:02,299] {subprocess.py:74} INFO - Running command: ['bash', '-c', 'sleep 5']
[2022-08-23 13:14:02,311] {subprocess.py:85} INFO - Output:
[2022-08-23 13:14:07,314] {subprocess.py:96} INFO - Command exited with return code 0
[2022-08-23 13:14:07,343] {taskinstance.py:1420} INFO - Marking task as SUCCESS. dag_id=raizen_lab_01, task_id=sleep, execution_date=20211228T180000, start_date=20220823T131402, end_date=20220823T131407
[2022-08-23 13:14:07,371] {local_task_job.py:156} INFO - Task exited with return code 0
[2022-08-23 13:14:07,399] {local_task_job.py:273} INFO - 1 downstream tasks scheduled from follow-on schedule check
