[2022-08-23 11:36:46,570] {taskinstance.py:1179} INFO - Dependencies all met for <TaskInstance: raizen_lab_01.print_hello scheduled__2021-10-08T13:00:00+00:00 [queued]>
[2022-08-23 11:36:46,597] {taskinstance.py:1179} INFO - Dependencies all met for <TaskInstance: raizen_lab_01.print_hello scheduled__2021-10-08T13:00:00+00:00 [queued]>
[2022-08-23 11:36:46,598] {taskinstance.py:1376} INFO - 
--------------------------------------------------------------------------------
[2022-08-23 11:36:46,598] {taskinstance.py:1377} INFO - Starting attempt 1 of 2
[2022-08-23 11:36:46,600] {taskinstance.py:1378} INFO - 
--------------------------------------------------------------------------------
[2022-08-23 11:36:46,631] {taskinstance.py:1397} INFO - Executing <Task(BashOperator): print_hello> on 2021-10-08 13:00:00+00:00
[2022-08-23 11:36:46,642] {standard_task_runner.py:52} INFO - Started process 90 to run task
[2022-08-23 11:36:46,650] {standard_task_runner.py:79} INFO - Running: ['***', 'tasks', 'run', 'raizen_lab_01', 'print_hello', 'scheduled__2021-10-08T13:00:00+00:00', '--job-id', '1484', '--raw', '--subdir', 'DAGS_FOLDER/raizen_lab_01.py', '--cfg-path', '/tmp/tmpxw145jn8', '--error-file', '/tmp/tmpeo8o0t6q']
[2022-08-23 11:36:46,651] {standard_task_runner.py:80} INFO - Job 1484: Subtask print_hello
[2022-08-23 11:36:46,818] {task_command.py:371} INFO - Running <TaskInstance: raizen_lab_01.print_hello scheduled__2021-10-08T13:00:00+00:00 [running]> on host 7f48b7aaf0fc
[2022-08-23 11:36:47,003] {taskinstance.py:1591} INFO - Exporting the following env vars:
AIRFLOW_CTX_DAG_OWNER=admin
AIRFLOW_CTX_DAG_ID=raizen_lab_01
AIRFLOW_CTX_TASK_ID=print_hello
AIRFLOW_CTX_EXECUTION_DATE=2021-10-08T13:00:00+00:00
AIRFLOW_CTX_TRY_NUMBER=1
AIRFLOW_CTX_DAG_RUN_ID=scheduled__2021-10-08T13:00:00+00:00
[2022-08-23 11:36:47,006] {subprocess.py:62} INFO - Tmp dir root location: 
 /tmp
[2022-08-23 11:36:47,007] {subprocess.py:74} INFO - Running command: ['bash', '-c', 'echo "hello"']
[2022-08-23 11:36:47,025] {subprocess.py:85} INFO - Output:
[2022-08-23 11:36:47,027] {subprocess.py:92} INFO - hello
[2022-08-23 11:36:47,028] {subprocess.py:96} INFO - Command exited with return code 0
[2022-08-23 11:36:47,164] {taskinstance.py:1420} INFO - Marking task as SUCCESS. dag_id=raizen_lab_01, task_id=print_hello, execution_date=20211008T130000, start_date=20220823T113646, end_date=20220823T113647
[2022-08-23 11:36:47,263] {local_task_job.py:156} INFO - Task exited with return code 0
[2022-08-23 11:36:47,378] {local_task_job.py:273} INFO - 1 downstream tasks scheduled from follow-on schedule check
