[2022-08-23 19:46:39,783] {taskinstance.py:1179} INFO - Dependencies all met for <TaskInstance: raizen_lab_01.sleep scheduled__2022-01-27T04:00:00+00:00 [queued]>
[2022-08-23 19:46:39,793] {taskinstance.py:1179} INFO - Dependencies all met for <TaskInstance: raizen_lab_01.sleep scheduled__2022-01-27T04:00:00+00:00 [queued]>
[2022-08-23 19:46:39,794] {taskinstance.py:1376} INFO - 
--------------------------------------------------------------------------------
[2022-08-23 19:46:39,794] {taskinstance.py:1377} INFO - Starting attempt 1 of 2
[2022-08-23 19:46:39,795] {taskinstance.py:1378} INFO - 
--------------------------------------------------------------------------------
[2022-08-23 19:46:39,810] {taskinstance.py:1397} INFO - Executing <Task(BashOperator): sleep> on 2022-01-27 04:00:00+00:00
[2022-08-23 19:46:39,815] {standard_task_runner.py:52} INFO - Started process 105 to run task
[2022-08-23 19:46:39,819] {standard_task_runner.py:79} INFO - Running: ['***', 'tasks', 'run', 'raizen_lab_01', 'sleep', 'scheduled__2022-01-27T04:00:00+00:00', '--job-id', '9251', '--raw', '--subdir', 'DAGS_FOLDER/raizen_lab_01.py', '--cfg-path', '/tmp/tmprnnrbrqt', '--error-file', '/tmp/tmprstoicba']
[2022-08-23 19:46:39,821] {standard_task_runner.py:80} INFO - Job 9251: Subtask sleep
[2022-08-23 19:46:39,890] {task_command.py:371} INFO - Running <TaskInstance: raizen_lab_01.sleep scheduled__2022-01-27T04:00:00+00:00 [running]> on host 80fce776ee1f
[2022-08-23 19:46:39,974] {taskinstance.py:1591} INFO - Exporting the following env vars:
AIRFLOW_CTX_DAG_OWNER=admin
AIRFLOW_CTX_DAG_ID=raizen_lab_01
AIRFLOW_CTX_TASK_ID=sleep
AIRFLOW_CTX_EXECUTION_DATE=2022-01-27T04:00:00+00:00
AIRFLOW_CTX_TRY_NUMBER=1
AIRFLOW_CTX_DAG_RUN_ID=scheduled__2022-01-27T04:00:00+00:00
[2022-08-23 19:46:39,976] {subprocess.py:62} INFO - Tmp dir root location: 
 /tmp
[2022-08-23 19:46:39,977] {subprocess.py:74} INFO - Running command: ['bash', '-c', 'sleep 5']
[2022-08-23 19:46:39,988] {subprocess.py:85} INFO - Output:
[2022-08-23 19:46:44,992] {subprocess.py:96} INFO - Command exited with return code 0
[2022-08-23 19:46:45,054] {taskinstance.py:1420} INFO - Marking task as SUCCESS. dag_id=raizen_lab_01, task_id=sleep, execution_date=20220127T040000, start_date=20220823T194639, end_date=20220823T194645
[2022-08-23 19:46:45,076] {local_task_job.py:156} INFO - Task exited with return code 0
[2022-08-23 19:46:45,110] {local_task_job.py:273} INFO - 1 downstream tasks scheduled from follow-on schedule check
