[2022-08-23 12:21:09,881] {taskinstance.py:1179} INFO - Dependencies all met for <TaskInstance: raizen_lab_01.sleep scheduled__2021-11-10T13:00:00+00:00 [queued]>
[2022-08-23 12:21:09,901] {taskinstance.py:1179} INFO - Dependencies all met for <TaskInstance: raizen_lab_01.sleep scheduled__2021-11-10T13:00:00+00:00 [queued]>
[2022-08-23 12:21:09,902] {taskinstance.py:1376} INFO - 
--------------------------------------------------------------------------------
[2022-08-23 12:21:09,902] {taskinstance.py:1377} INFO - Starting attempt 1 of 2
[2022-08-23 12:21:09,903] {taskinstance.py:1378} INFO - 
--------------------------------------------------------------------------------
[2022-08-23 12:21:09,927] {taskinstance.py:1397} INFO - Executing <Task(BashOperator): sleep> on 2021-11-10 13:00:00+00:00
[2022-08-23 12:21:09,934] {standard_task_runner.py:52} INFO - Started process 1396 to run task
[2022-08-23 12:21:09,938] {standard_task_runner.py:79} INFO - Running: ['***', 'tasks', 'run', 'raizen_lab_01', 'sleep', 'scheduled__2021-11-10T13:00:00+00:00', '--job-id', '3894', '--raw', '--subdir', 'DAGS_FOLDER/raizen_lab_01.py', '--cfg-path', '/tmp/tmpk_aonfkf', '--error-file', '/tmp/tmph80qjlpt']
[2022-08-23 12:21:09,940] {standard_task_runner.py:80} INFO - Job 3894: Subtask sleep
[2022-08-23 12:21:10,081] {task_command.py:371} INFO - Running <TaskInstance: raizen_lab_01.sleep scheduled__2021-11-10T13:00:00+00:00 [running]> on host 6383a3236c72
[2022-08-23 12:21:10,235] {taskinstance.py:1591} INFO - Exporting the following env vars:
AIRFLOW_CTX_DAG_OWNER=admin
AIRFLOW_CTX_DAG_ID=raizen_lab_01
AIRFLOW_CTX_TASK_ID=sleep
AIRFLOW_CTX_EXECUTION_DATE=2021-11-10T13:00:00+00:00
AIRFLOW_CTX_TRY_NUMBER=1
AIRFLOW_CTX_DAG_RUN_ID=scheduled__2021-11-10T13:00:00+00:00
[2022-08-23 12:21:10,238] {subprocess.py:62} INFO - Tmp dir root location: 
 /tmp
[2022-08-23 12:21:10,242] {subprocess.py:74} INFO - Running command: ['bash', '-c', 'sleep 5']
[2022-08-23 12:21:10,271] {subprocess.py:85} INFO - Output:
[2022-08-23 12:21:15,277] {subprocess.py:96} INFO - Command exited with return code 0
[2022-08-23 12:21:15,305] {taskinstance.py:1420} INFO - Marking task as SUCCESS. dag_id=raizen_lab_01, task_id=sleep, execution_date=20211110T130000, start_date=20220823T122109, end_date=20220823T122115
[2022-08-23 12:21:15,343] {local_task_job.py:156} INFO - Task exited with return code 0
[2022-08-23 12:21:15,370] {local_task_job.py:273} INFO - 1 downstream tasks scheduled from follow-on schedule check
