[2022-08-23 12:08:33,690] {taskinstance.py:1179} INFO - Dependencies all met for <TaskInstance: raizen_lab_01.print_hello scheduled__2021-11-02T12:00:00+00:00 [queued]>
[2022-08-23 12:08:33,700] {taskinstance.py:1179} INFO - Dependencies all met for <TaskInstance: raizen_lab_01.print_hello scheduled__2021-11-02T12:00:00+00:00 [queued]>
[2022-08-23 12:08:33,701] {taskinstance.py:1376} INFO - 
--------------------------------------------------------------------------------
[2022-08-23 12:08:33,702] {taskinstance.py:1377} INFO - Starting attempt 1 of 2
[2022-08-23 12:08:33,703] {taskinstance.py:1378} INFO - 
--------------------------------------------------------------------------------
[2022-08-23 12:08:33,717] {taskinstance.py:1397} INFO - Executing <Task(BashOperator): print_hello> on 2021-11-02 12:00:00+00:00
[2022-08-23 12:08:33,722] {standard_task_runner.py:52} INFO - Started process 1975 to run task
[2022-08-23 12:08:33,725] {standard_task_runner.py:79} INFO - Running: ['***', 'tasks', 'run', 'raizen_lab_01', 'print_hello', 'scheduled__2021-11-02T12:00:00+00:00', '--job-id', '3284', '--raw', '--subdir', 'DAGS_FOLDER/raizen_lab_01.py', '--cfg-path', '/tmp/tmpt2cayny4', '--error-file', '/tmp/tmp1mlj83bs']
[2022-08-23 12:08:33,725] {standard_task_runner.py:80} INFO - Job 3284: Subtask print_hello
[2022-08-23 12:08:33,784] {task_command.py:371} INFO - Running <TaskInstance: raizen_lab_01.print_hello scheduled__2021-11-02T12:00:00+00:00 [running]> on host 67b6bdae536e
[2022-08-23 12:08:33,847] {taskinstance.py:1591} INFO - Exporting the following env vars:
AIRFLOW_CTX_DAG_OWNER=admin
AIRFLOW_CTX_DAG_ID=raizen_lab_01
AIRFLOW_CTX_TASK_ID=print_hello
AIRFLOW_CTX_EXECUTION_DATE=2021-11-02T12:00:00+00:00
AIRFLOW_CTX_TRY_NUMBER=1
AIRFLOW_CTX_DAG_RUN_ID=scheduled__2021-11-02T12:00:00+00:00
[2022-08-23 12:08:33,848] {subprocess.py:62} INFO - Tmp dir root location: 
 /tmp
[2022-08-23 12:08:33,849] {subprocess.py:74} INFO - Running command: ['bash', '-c', 'echo "hello"']
[2022-08-23 12:08:33,858] {subprocess.py:85} INFO - Output:
[2022-08-23 12:08:33,860] {subprocess.py:92} INFO - hello
[2022-08-23 12:08:33,860] {subprocess.py:96} INFO - Command exited with return code 0
[2022-08-23 12:08:33,885] {taskinstance.py:1420} INFO - Marking task as SUCCESS. dag_id=raizen_lab_01, task_id=print_hello, execution_date=20211102T120000, start_date=20220823T120833, end_date=20220823T120833
[2022-08-23 12:08:33,937] {local_task_job.py:156} INFO - Task exited with return code 0
[2022-08-23 12:08:33,970] {local_task_job.py:273} INFO - 1 downstream tasks scheduled from follow-on schedule check
