[2022-08-23 12:29:00,383] {taskinstance.py:1179} INFO - Dependencies all met for <TaskInstance: raizen_lab_01.sleep scheduled__2021-11-30T22:00:00+00:00 [queued]>
[2022-08-23 12:29:00,391] {taskinstance.py:1179} INFO - Dependencies all met for <TaskInstance: raizen_lab_01.sleep scheduled__2021-11-30T22:00:00+00:00 [queued]>
[2022-08-23 12:29:00,392] {taskinstance.py:1376} INFO - 
--------------------------------------------------------------------------------
[2022-08-23 12:29:00,392] {taskinstance.py:1377} INFO - Starting attempt 1 of 2
[2022-08-23 12:29:00,393] {taskinstance.py:1378} INFO - 
--------------------------------------------------------------------------------
[2022-08-23 12:29:00,408] {taskinstance.py:1397} INFO - Executing <Task(BashOperator): sleep> on 2021-11-30 22:00:00+00:00
[2022-08-23 12:29:00,414] {standard_task_runner.py:52} INFO - Started process 7094 to run task
[2022-08-23 12:29:00,417] {standard_task_runner.py:79} INFO - Running: ['***', 'tasks', 'run', 'raizen_lab_01', 'sleep', 'scheduled__2021-11-30T22:00:00+00:00', '--job-id', '5349', '--raw', '--subdir', 'DAGS_FOLDER/raizen_lab_01.py', '--cfg-path', '/tmp/tmpl_rt3n94', '--error-file', '/tmp/tmpi48s151x']
[2022-08-23 12:29:00,418] {standard_task_runner.py:80} INFO - Job 5349: Subtask sleep
[2022-08-23 12:29:00,482] {task_command.py:371} INFO - Running <TaskInstance: raizen_lab_01.sleep scheduled__2021-11-30T22:00:00+00:00 [running]> on host 6383a3236c72
[2022-08-23 12:29:00,554] {taskinstance.py:1591} INFO - Exporting the following env vars:
AIRFLOW_CTX_DAG_OWNER=admin
AIRFLOW_CTX_DAG_ID=raizen_lab_01
AIRFLOW_CTX_TASK_ID=sleep
AIRFLOW_CTX_EXECUTION_DATE=2021-11-30T22:00:00+00:00
AIRFLOW_CTX_TRY_NUMBER=1
AIRFLOW_CTX_DAG_RUN_ID=scheduled__2021-11-30T22:00:00+00:00
[2022-08-23 12:29:00,555] {subprocess.py:62} INFO - Tmp dir root location: 
 /tmp
[2022-08-23 12:29:00,556] {subprocess.py:74} INFO - Running command: ['bash', '-c', 'sleep 5']
[2022-08-23 12:29:00,567] {subprocess.py:85} INFO - Output:
[2022-08-23 12:29:05,569] {subprocess.py:96} INFO - Command exited with return code 0
[2022-08-23 12:29:05,596] {taskinstance.py:1420} INFO - Marking task as SUCCESS. dag_id=raizen_lab_01, task_id=sleep, execution_date=20211130T220000, start_date=20220823T122900, end_date=20220823T122905
[2022-08-23 12:29:05,648] {local_task_job.py:156} INFO - Task exited with return code 0
[2022-08-23 12:29:05,682] {local_task_job.py:273} INFO - 1 downstream tasks scheduled from follow-on schedule check
