[2022-08-25 01:17:03,034] {taskinstance.py:1179} INFO - Dependencies all met for <TaskInstance: Raizen.Step_02_Ingestion_Stage_To_Analitics manual__2022-08-25T01:16:58.632794+00:00 [queued]>
[2022-08-25 01:17:03,042] {taskinstance.py:1179} INFO - Dependencies all met for <TaskInstance: Raizen.Step_02_Ingestion_Stage_To_Analitics manual__2022-08-25T01:16:58.632794+00:00 [queued]>
[2022-08-25 01:17:03,042] {taskinstance.py:1376} INFO - 
--------------------------------------------------------------------------------
[2022-08-25 01:17:03,043] {taskinstance.py:1377} INFO - Starting attempt 1 of 2
[2022-08-25 01:17:03,043] {taskinstance.py:1378} INFO - 
--------------------------------------------------------------------------------
[2022-08-25 01:17:03,064] {taskinstance.py:1397} INFO - Executing <Task(PythonOperator): Step_02_Ingestion_Stage_To_Analitics> on 2022-08-25 01:16:58.632794+00:00
[2022-08-25 01:17:03,069] {standard_task_runner.py:52} INFO - Started process 273 to run task
[2022-08-25 01:17:03,072] {standard_task_runner.py:79} INFO - Running: ['***', 'tasks', 'run', 'Raizen', 'Step_02_Ingestion_Stage_To_Analitics', 'manual__2022-08-25T01:16:58.632794+00:00', '--job-id', '9981', '--raw', '--subdir', 'DAGS_FOLDER/raizen_lab_01.py', '--cfg-path', '/tmp/tmpzhw1us7_', '--error-file', '/tmp/tmp4m5m3wfa']
[2022-08-25 01:17:03,073] {standard_task_runner.py:80} INFO - Job 9981: Subtask Step_02_Ingestion_Stage_To_Analitics
[2022-08-25 01:17:03,126] {task_command.py:371} INFO - Running <TaskInstance: Raizen.Step_02_Ingestion_Stage_To_Analitics manual__2022-08-25T01:16:58.632794+00:00 [running]> on host fcf9f0cb09cd
[2022-08-25 01:17:03,184] {taskinstance.py:1591} INFO - Exporting the following env vars:
AIRFLOW_CTX_DAG_OWNER=admin
AIRFLOW_CTX_DAG_ID=Raizen
AIRFLOW_CTX_TASK_ID=Step_02_Ingestion_Stage_To_Analitics
AIRFLOW_CTX_EXECUTION_DATE=2022-08-25T01:16:58.632794+00:00
AIRFLOW_CTX_TRY_NUMBER=1
AIRFLOW_CTX_DAG_RUN_ID=manual__2022-08-25T01:16:58.632794+00:00
[2022-08-25 01:18:58,612] {python.py:173} INFO - Done. Returned value was: None
[2022-08-25 01:18:58,624] {taskinstance.py:1420} INFO - Marking task as SUCCESS. dag_id=Raizen, task_id=Step_02_Ingestion_Stage_To_Analitics, execution_date=20220825T011658, start_date=20220825T011703, end_date=20220825T011858
[2022-08-25 01:18:58,673] {local_task_job.py:156} INFO - Task exited with return code 0
[2022-08-25 01:18:58,719] {local_task_job.py:273} INFO - 0 downstream tasks scheduled from follow-on schedule check
