[2022-08-23 11:45:48,220] {taskinstance.py:1179} INFO - Dependencies all met for <TaskInstance: raizen_lab_01.print_world scheduled__2021-10-15T21:00:00+00:00 [queued]>
[2022-08-23 11:45:48,272] {taskinstance.py:1179} INFO - Dependencies all met for <TaskInstance: raizen_lab_01.print_world scheduled__2021-10-15T21:00:00+00:00 [queued]>
[2022-08-23 11:45:48,288] {taskinstance.py:1376} INFO - 
--------------------------------------------------------------------------------
[2022-08-23 11:45:48,293] {taskinstance.py:1377} INFO - Starting attempt 1 of 2
[2022-08-23 11:45:48,295] {taskinstance.py:1378} INFO - 
--------------------------------------------------------------------------------
[2022-08-23 11:45:48,412] {taskinstance.py:1397} INFO - Executing <Task(PythonOperator): print_world> on 2021-10-15 21:00:00+00:00
[2022-08-23 11:45:48,444] {standard_task_runner.py:52} INFO - Started process 98 to run task
[2022-08-23 11:45:48,467] {standard_task_runner.py:79} INFO - Running: ['***', 'tasks', 'run', 'raizen_lab_01', 'print_world', 'scheduled__2021-10-15T21:00:00+00:00', '--job-id', '2046', '--raw', '--subdir', 'DAGS_FOLDER/raizen_lab_01.py', '--cfg-path', '/tmp/tmp0hvp44mn', '--error-file', '/tmp/tmpp2p2tknj']
[2022-08-23 11:45:48,489] {standard_task_runner.py:80} INFO - Job 2046: Subtask print_world
[2022-08-23 11:45:49,208] {task_command.py:371} INFO - Running <TaskInstance: raizen_lab_01.print_world scheduled__2021-10-15T21:00:00+00:00 [running]> on host fc645605a611
[2022-08-23 11:45:50,211] {taskinstance.py:1591} INFO - Exporting the following env vars:
AIRFLOW_CTX_DAG_OWNER=admin
AIRFLOW_CTX_DAG_ID=raizen_lab_01
AIRFLOW_CTX_TASK_ID=print_world
AIRFLOW_CTX_EXECUTION_DATE=2021-10-15T21:00:00+00:00
AIRFLOW_CTX_TRY_NUMBER=1
AIRFLOW_CTX_DAG_RUN_ID=scheduled__2021-10-15T21:00:00+00:00
[2022-08-23 11:45:50,217] {logging_mixin.py:115} INFO - world
[2022-08-23 11:45:50,220] {python.py:173} INFO - Done. Returned value was: None
[2022-08-23 11:45:50,277] {taskinstance.py:1420} INFO - Marking task as SUCCESS. dag_id=raizen_lab_01, task_id=print_world, execution_date=20211015T210000, start_date=20220823T114548, end_date=20220823T114550
[2022-08-23 11:45:50,351] {local_task_job.py:156} INFO - Task exited with return code 0
[2022-08-23 11:45:50,474] {local_task_job.py:273} INFO - 0 downstream tasks scheduled from follow-on schedule check
