[2022-08-23 12:31:28,071] {taskinstance.py:1179} INFO - Dependencies all met for <TaskInstance: raizen_lab_01.sleep scheduled__2021-12-07T09:00:00+00:00 [queued]>
[2022-08-23 12:31:28,079] {taskinstance.py:1179} INFO - Dependencies all met for <TaskInstance: raizen_lab_01.sleep scheduled__2021-12-07T09:00:00+00:00 [queued]>
[2022-08-23 12:31:28,080] {taskinstance.py:1376} INFO - 
--------------------------------------------------------------------------------
[2022-08-23 12:31:28,080] {taskinstance.py:1377} INFO - Starting attempt 1 of 2
[2022-08-23 12:31:28,080] {taskinstance.py:1378} INFO - 
--------------------------------------------------------------------------------
[2022-08-23 12:31:28,096] {taskinstance.py:1397} INFO - Executing <Task(BashOperator): sleep> on 2021-12-07 09:00:00+00:00
[2022-08-23 12:31:28,101] {standard_task_runner.py:52} INFO - Started process 8935 to run task
[2022-08-23 12:31:28,104] {standard_task_runner.py:79} INFO - Running: ['***', 'tasks', 'run', 'raizen_lab_01', 'sleep', 'scheduled__2021-12-07T09:00:00+00:00', '--job-id', '5820', '--raw', '--subdir', 'DAGS_FOLDER/raizen_lab_01.py', '--cfg-path', '/tmp/tmp7o7lbu15', '--error-file', '/tmp/tmpx1bmdtxh']
[2022-08-23 12:31:28,105] {standard_task_runner.py:80} INFO - Job 5820: Subtask sleep
[2022-08-23 12:31:28,182] {task_command.py:371} INFO - Running <TaskInstance: raizen_lab_01.sleep scheduled__2021-12-07T09:00:00+00:00 [running]> on host 6383a3236c72
[2022-08-23 12:31:28,271] {taskinstance.py:1591} INFO - Exporting the following env vars:
AIRFLOW_CTX_DAG_OWNER=admin
AIRFLOW_CTX_DAG_ID=raizen_lab_01
AIRFLOW_CTX_TASK_ID=sleep
AIRFLOW_CTX_EXECUTION_DATE=2021-12-07T09:00:00+00:00
AIRFLOW_CTX_TRY_NUMBER=1
AIRFLOW_CTX_DAG_RUN_ID=scheduled__2021-12-07T09:00:00+00:00
[2022-08-23 12:31:28,273] {subprocess.py:62} INFO - Tmp dir root location: 
 /tmp
[2022-08-23 12:31:28,274] {subprocess.py:74} INFO - Running command: ['bash', '-c', 'sleep 5']
[2022-08-23 12:31:28,285] {subprocess.py:85} INFO - Output:
[2022-08-23 12:31:33,288] {subprocess.py:96} INFO - Command exited with return code 0
[2022-08-23 12:31:33,314] {taskinstance.py:1420} INFO - Marking task as SUCCESS. dag_id=raizen_lab_01, task_id=sleep, execution_date=20211207T090000, start_date=20220823T123128, end_date=20220823T123133
[2022-08-23 12:31:33,331] {local_task_job.py:156} INFO - Task exited with return code 0
[2022-08-23 12:31:33,355] {local_task_job.py:273} INFO - 1 downstream tasks scheduled from follow-on schedule check
