[2022-08-23 19:46:49,467] {taskinstance.py:1179} INFO - Dependencies all met for <TaskInstance: raizen_lab_01.sleep scheduled__2022-01-26T13:00:00+00:00 [queued]>
[2022-08-23 19:46:49,505] {taskinstance.py:1179} INFO - Dependencies all met for <TaskInstance: raizen_lab_01.sleep scheduled__2022-01-26T13:00:00+00:00 [queued]>
[2022-08-23 19:46:49,515] {taskinstance.py:1376} INFO - 
--------------------------------------------------------------------------------
[2022-08-23 19:46:49,516] {taskinstance.py:1377} INFO - Starting attempt 2 of 2
[2022-08-23 19:46:49,519] {taskinstance.py:1378} INFO - 
--------------------------------------------------------------------------------
[2022-08-23 19:46:49,579] {taskinstance.py:1397} INFO - Executing <Task(BashOperator): sleep> on 2022-01-26 13:00:00+00:00
[2022-08-23 19:46:49,593] {standard_task_runner.py:52} INFO - Started process 158 to run task
[2022-08-23 19:46:49,608] {standard_task_runner.py:79} INFO - Running: ['***', 'tasks', 'run', 'raizen_lab_01', 'sleep', 'scheduled__2022-01-26T13:00:00+00:00', '--job-id', '9257', '--raw', '--subdir', 'DAGS_FOLDER/raizen_lab_01.py', '--cfg-path', '/tmp/tmp6_3r7d2u', '--error-file', '/tmp/tmpjhz47nk6']
[2022-08-23 19:46:49,621] {standard_task_runner.py:80} INFO - Job 9257: Subtask sleep
[2022-08-23 19:46:50,062] {task_command.py:371} INFO - Running <TaskInstance: raizen_lab_01.sleep scheduled__2022-01-26T13:00:00+00:00 [running]> on host 80fce776ee1f
[2022-08-23 19:46:50,565] {taskinstance.py:1591} INFO - Exporting the following env vars:
AIRFLOW_CTX_DAG_OWNER=admin
AIRFLOW_CTX_DAG_ID=raizen_lab_01
AIRFLOW_CTX_TASK_ID=sleep
AIRFLOW_CTX_EXECUTION_DATE=2022-01-26T13:00:00+00:00
AIRFLOW_CTX_TRY_NUMBER=2
AIRFLOW_CTX_DAG_RUN_ID=scheduled__2022-01-26T13:00:00+00:00
[2022-08-23 19:46:50,573] {subprocess.py:62} INFO - Tmp dir root location: 
 /tmp
[2022-08-23 19:46:50,575] {subprocess.py:74} INFO - Running command: ['bash', '-c', 'sleep 5']
[2022-08-23 19:46:50,599] {subprocess.py:85} INFO - Output:
[2022-08-23 19:46:55,625] {subprocess.py:96} INFO - Command exited with return code 0
[2022-08-23 19:46:55,677] {taskinstance.py:1420} INFO - Marking task as SUCCESS. dag_id=raizen_lab_01, task_id=sleep, execution_date=20220126T130000, start_date=20220823T194649, end_date=20220823T194655
[2022-08-23 19:46:55,741] {local_task_job.py:156} INFO - Task exited with return code 0
[2022-08-23 19:46:55,778] {local_task_job.py:273} INFO - 1 downstream tasks scheduled from follow-on schedule check
