[2022-08-23 22:54:32,264] {taskinstance.py:1179} INFO - Dependencies all met for <TaskInstance: raizen_lab_01.05_cria_tabela manual__2022-08-23T22:54:30.615413+00:00 [queued]>
[2022-08-23 22:54:32,274] {taskinstance.py:1179} INFO - Dependencies all met for <TaskInstance: raizen_lab_01.05_cria_tabela manual__2022-08-23T22:54:30.615413+00:00 [queued]>
[2022-08-23 22:54:32,275] {taskinstance.py:1376} INFO - 
--------------------------------------------------------------------------------
[2022-08-23 22:54:32,276] {taskinstance.py:1377} INFO - Starting attempt 1 of 2
[2022-08-23 22:54:32,277] {taskinstance.py:1378} INFO - 
--------------------------------------------------------------------------------
[2022-08-23 22:54:32,295] {taskinstance.py:1397} INFO - Executing <Task(PythonOperator): 05_cria_tabela> on 2022-08-23 22:54:30.615413+00:00
[2022-08-23 22:54:32,302] {standard_task_runner.py:52} INFO - Started process 110 to run task
[2022-08-23 22:54:32,305] {standard_task_runner.py:79} INFO - Running: ['***', 'tasks', 'run', 'raizen_lab_01', '05_cria_tabela', 'manual__2022-08-23T22:54:30.615413+00:00', '--job-id', '9455', '--raw', '--subdir', 'DAGS_FOLDER/raizen_lab_01.py', '--cfg-path', '/tmp/tmpoiw5sy9h', '--error-file', '/tmp/tmp5qmqd5l2']
[2022-08-23 22:54:32,306] {standard_task_runner.py:80} INFO - Job 9455: Subtask 05_cria_tabela
[2022-08-23 22:54:32,375] {task_command.py:371} INFO - Running <TaskInstance: raizen_lab_01.05_cria_tabela manual__2022-08-23T22:54:30.615413+00:00 [running]> on host 25dd15f8d678
[2022-08-23 22:54:32,441] {taskinstance.py:1591} INFO - Exporting the following env vars:
AIRFLOW_CTX_DAG_OWNER=admin
AIRFLOW_CTX_DAG_ID=raizen_lab_01
AIRFLOW_CTX_TASK_ID=05_cria_tabela
AIRFLOW_CTX_EXECUTION_DATE=2022-08-23T22:54:30.615413+00:00
AIRFLOW_CTX_TRY_NUMBER=1
AIRFLOW_CTX_DAG_RUN_ID=manual__2022-08-23T22:54:30.615413+00:00
[2022-08-23 22:54:32,468] {taskinstance.py:1909} ERROR - Task failed with exception
Traceback (most recent call last):
  File "/home/airflow/.local/lib/python3.7/site-packages/airflow/operators/python.py", line 171, in execute
    return_value = self.execute_callable()
  File "/home/airflow/.local/lib/python3.7/site-packages/airflow/operators/python.py", line 189, in execute_callable
    return self.python_callable(*self.op_args, **self.op_kwargs)
  File "/opt/airflow/dags/raizen_lab_01.py", line 35, in cria_tabela
    con.select_db('select * from db.tabela_de_deus')
MySQLdb.OperationalError: (1049, "Unknown database 'select * from db.tabela_de_deus'")
[2022-08-23 22:54:32,487] {taskinstance.py:1420} INFO - Marking task as UP_FOR_RETRY. dag_id=raizen_lab_01, task_id=05_cria_tabela, execution_date=20220823T225430, start_date=20220823T225432, end_date=20220823T225432
[2022-08-23 22:54:32,520] {standard_task_runner.py:97} ERROR - Failed to execute job 9455 for task 05_cria_tabela ((1049, "Unknown database 'select * from db.tabela_de_deus'"); 110)
[2022-08-23 22:54:32,558] {local_task_job.py:156} INFO - Task exited with return code 1
[2022-08-23 22:54:32,614] {local_task_job.py:273} INFO - 0 downstream tasks scheduled from follow-on schedule check
