[2022-08-23 11:37:34,110] {taskinstance.py:1179} INFO - Dependencies all met for <TaskInstance: raizen_lab_01.print_hello scheduled__2021-10-10T03:00:00+00:00 [queued]>
[2022-08-23 11:37:34,121] {taskinstance.py:1179} INFO - Dependencies all met for <TaskInstance: raizen_lab_01.print_hello scheduled__2021-10-10T03:00:00+00:00 [queued]>
[2022-08-23 11:37:34,122] {taskinstance.py:1376} INFO - 
--------------------------------------------------------------------------------
[2022-08-23 11:37:34,122] {taskinstance.py:1377} INFO - Starting attempt 1 of 2
[2022-08-23 11:37:34,123] {taskinstance.py:1378} INFO - 
--------------------------------------------------------------------------------
[2022-08-23 11:37:34,138] {taskinstance.py:1397} INFO - Executing <Task(BashOperator): print_hello> on 2021-10-10 03:00:00+00:00
[2022-08-23 11:37:34,145] {standard_task_runner.py:52} INFO - Started process 461 to run task
[2022-08-23 11:37:34,150] {standard_task_runner.py:79} INFO - Running: ['***', 'tasks', 'run', 'raizen_lab_01', 'print_hello', 'scheduled__2021-10-10T03:00:00+00:00', '--job-id', '1611', '--raw', '--subdir', 'DAGS_FOLDER/raizen_lab_01.py', '--cfg-path', '/tmp/tmpo55vhvii', '--error-file', '/tmp/tmps42gs1fn']
[2022-08-23 11:37:34,151] {standard_task_runner.py:80} INFO - Job 1611: Subtask print_hello
[2022-08-23 11:37:34,235] {task_command.py:371} INFO - Running <TaskInstance: raizen_lab_01.print_hello scheduled__2021-10-10T03:00:00+00:00 [running]> on host 7f48b7aaf0fc
[2022-08-23 11:37:34,324] {taskinstance.py:1591} INFO - Exporting the following env vars:
AIRFLOW_CTX_DAG_OWNER=admin
AIRFLOW_CTX_DAG_ID=raizen_lab_01
AIRFLOW_CTX_TASK_ID=print_hello
AIRFLOW_CTX_EXECUTION_DATE=2021-10-10T03:00:00+00:00
AIRFLOW_CTX_TRY_NUMBER=1
AIRFLOW_CTX_DAG_RUN_ID=scheduled__2021-10-10T03:00:00+00:00
[2022-08-23 11:37:34,326] {subprocess.py:62} INFO - Tmp dir root location: 
 /tmp
[2022-08-23 11:37:34,327] {subprocess.py:74} INFO - Running command: ['bash', '-c', 'echo "hello"']
[2022-08-23 11:37:34,339] {subprocess.py:85} INFO - Output:
[2022-08-23 11:37:34,341] {subprocess.py:92} INFO - hello
[2022-08-23 11:37:34,342] {subprocess.py:96} INFO - Command exited with return code 0
[2022-08-23 11:37:34,378] {taskinstance.py:1420} INFO - Marking task as SUCCESS. dag_id=raizen_lab_01, task_id=print_hello, execution_date=20211010T030000, start_date=20220823T113734, end_date=20220823T113734
[2022-08-23 11:37:34,442] {local_task_job.py:156} INFO - Task exited with return code 0
[2022-08-23 11:37:34,493] {local_task_job.py:273} INFO - 1 downstream tasks scheduled from follow-on schedule check
