[2022-08-23 11:33:38,490] {taskinstance.py:1179} INFO - Dependencies all met for <TaskInstance: raizen_lab_01.print_hello scheduled__2021-10-02T13:00:00+00:00 [queued]>
[2022-08-23 11:33:38,519] {taskinstance.py:1179} INFO - Dependencies all met for <TaskInstance: raizen_lab_01.print_hello scheduled__2021-10-02T13:00:00+00:00 [queued]>
[2022-08-23 11:33:38,520] {taskinstance.py:1376} INFO - 
--------------------------------------------------------------------------------
[2022-08-23 11:33:38,520] {taskinstance.py:1377} INFO - Starting attempt 1 of 2
[2022-08-23 11:33:38,522] {taskinstance.py:1378} INFO - 
--------------------------------------------------------------------------------
[2022-08-23 11:33:38,557] {taskinstance.py:1397} INFO - Executing <Task(BashOperator): print_hello> on 2021-10-02 13:00:00+00:00
[2022-08-23 11:33:38,568] {standard_task_runner.py:52} INFO - Started process 2981 to run task
[2022-08-23 11:33:38,576] {standard_task_runner.py:79} INFO - Running: ['***', 'tasks', 'run', 'raizen_lab_01', 'print_hello', 'scheduled__2021-10-02T13:00:00+00:00', '--job-id', '1052', '--raw', '--subdir', 'DAGS_FOLDER/raizen_lab_01.py', '--cfg-path', '/tmp/tmpekld8cl0', '--error-file', '/tmp/tmp26wivf8j']
[2022-08-23 11:33:38,578] {standard_task_runner.py:80} INFO - Job 1052: Subtask print_hello
[2022-08-23 11:33:38,705] {task_command.py:371} INFO - Running <TaskInstance: raizen_lab_01.print_hello scheduled__2021-10-02T13:00:00+00:00 [running]> on host 7f48b7aaf0fc
[2022-08-23 11:33:38,833] {taskinstance.py:1591} INFO - Exporting the following env vars:
AIRFLOW_CTX_DAG_OWNER=admin
AIRFLOW_CTX_DAG_ID=raizen_lab_01
AIRFLOW_CTX_TASK_ID=print_hello
AIRFLOW_CTX_EXECUTION_DATE=2021-10-02T13:00:00+00:00
AIRFLOW_CTX_TRY_NUMBER=1
AIRFLOW_CTX_DAG_RUN_ID=scheduled__2021-10-02T13:00:00+00:00
[2022-08-23 11:33:38,835] {subprocess.py:62} INFO - Tmp dir root location: 
 /tmp
[2022-08-23 11:33:38,837] {subprocess.py:74} INFO - Running command: ['bash', '-c', 'echo "hello"']
[2022-08-23 11:33:38,857] {subprocess.py:85} INFO - Output:
[2022-08-23 11:33:38,860] {subprocess.py:92} INFO - hello
[2022-08-23 11:33:38,861] {subprocess.py:96} INFO - Command exited with return code 0
[2022-08-23 11:33:39,000] {taskinstance.py:1420} INFO - Marking task as SUCCESS. dag_id=raizen_lab_01, task_id=print_hello, execution_date=20211002T130000, start_date=20220823T113338, end_date=20220823T113339
[2022-08-23 11:33:39,028] {local_task_job.py:156} INFO - Task exited with return code 0
[2022-08-23 11:33:39,091] {local_task_job.py:273} INFO - 1 downstream tasks scheduled from follow-on schedule check
