[2022-08-23 11:46:51,564] {taskinstance.py:1179} INFO - Dependencies all met for <TaskInstance: raizen_lab_01.print_hello scheduled__2021-10-18T09:00:00+00:00 [queued]>
[2022-08-23 11:46:51,592] {taskinstance.py:1179} INFO - Dependencies all met for <TaskInstance: raizen_lab_01.print_hello scheduled__2021-10-18T09:00:00+00:00 [queued]>
[2022-08-23 11:46:51,592] {taskinstance.py:1376} INFO - 
--------------------------------------------------------------------------------
[2022-08-23 11:46:51,593] {taskinstance.py:1377} INFO - Starting attempt 1 of 2
[2022-08-23 11:46:51,600] {taskinstance.py:1378} INFO - 
--------------------------------------------------------------------------------
[2022-08-23 11:46:51,632] {taskinstance.py:1397} INFO - Executing <Task(BashOperator): print_hello> on 2021-10-18 09:00:00+00:00
[2022-08-23 11:46:51,642] {standard_task_runner.py:52} INFO - Started process 546 to run task
[2022-08-23 11:46:51,650] {standard_task_runner.py:79} INFO - Running: ['***', 'tasks', 'run', 'raizen_lab_01', 'print_hello', 'scheduled__2021-10-18T09:00:00+00:00', '--job-id', '2191', '--raw', '--subdir', 'DAGS_FOLDER/raizen_lab_01.py', '--cfg-path', '/tmp/tmpx6doooce', '--error-file', '/tmp/tmp_niriqto']
[2022-08-23 11:46:51,652] {standard_task_runner.py:80} INFO - Job 2191: Subtask print_hello
[2022-08-23 11:46:51,797] {task_command.py:371} INFO - Running <TaskInstance: raizen_lab_01.print_hello scheduled__2021-10-18T09:00:00+00:00 [running]> on host fc645605a611
[2022-08-23 11:46:51,950] {taskinstance.py:1591} INFO - Exporting the following env vars:
AIRFLOW_CTX_DAG_OWNER=admin
AIRFLOW_CTX_DAG_ID=raizen_lab_01
AIRFLOW_CTX_TASK_ID=print_hello
AIRFLOW_CTX_EXECUTION_DATE=2021-10-18T09:00:00+00:00
AIRFLOW_CTX_TRY_NUMBER=1
AIRFLOW_CTX_DAG_RUN_ID=scheduled__2021-10-18T09:00:00+00:00
[2022-08-23 11:46:51,953] {subprocess.py:62} INFO - Tmp dir root location: 
 /tmp
[2022-08-23 11:46:51,955] {subprocess.py:74} INFO - Running command: ['bash', '-c', 'echo "hello"']
[2022-08-23 11:46:51,974] {subprocess.py:85} INFO - Output:
[2022-08-23 11:46:51,976] {subprocess.py:92} INFO - hello
[2022-08-23 11:46:51,977] {subprocess.py:96} INFO - Command exited with return code 0
[2022-08-23 11:46:52,033] {taskinstance.py:1420} INFO - Marking task as SUCCESS. dag_id=raizen_lab_01, task_id=print_hello, execution_date=20211018T090000, start_date=20220823T114651, end_date=20220823T114652
[2022-08-23 11:46:52,067] {local_task_job.py:156} INFO - Task exited with return code 0
[2022-08-23 11:46:52,136] {local_task_job.py:273} INFO - 1 downstream tasks scheduled from follow-on schedule check
