[2022-08-23 16:13:59,849] {taskinstance.py:1179} INFO - Dependencies all met for <TaskInstance: raizen_lab_01.step_01 scheduled__2022-01-04T20:00:00+00:00 [queued]>
[2022-08-23 16:13:59,863] {taskinstance.py:1179} INFO - Dependencies all met for <TaskInstance: raizen_lab_01.step_01 scheduled__2022-01-04T20:00:00+00:00 [queued]>
[2022-08-23 16:13:59,864] {taskinstance.py:1376} INFO - 
--------------------------------------------------------------------------------
[2022-08-23 16:13:59,864] {taskinstance.py:1377} INFO - Starting attempt 1 of 2
[2022-08-23 16:13:59,865] {taskinstance.py:1378} INFO - 
--------------------------------------------------------------------------------
[2022-08-23 16:13:59,885] {taskinstance.py:1397} INFO - Executing <Task(BashOperator): step_01> on 2022-01-04 20:00:00+00:00
[2022-08-23 16:13:59,893] {standard_task_runner.py:52} INFO - Started process 397 to run task
[2022-08-23 16:13:59,899] {standard_task_runner.py:79} INFO - Running: ['***', 'tasks', 'run', 'raizen_lab_01', 'step_01', 'scheduled__2022-01-04T20:00:00+00:00', '--job-id', '8046', '--raw', '--subdir', 'DAGS_FOLDER/raizen_lab_01.py', '--cfg-path', '/tmp/tmpsjgt801z', '--error-file', '/tmp/tmpeeevdq98']
[2022-08-23 16:13:59,902] {standard_task_runner.py:80} INFO - Job 8046: Subtask step_01
[2022-08-23 16:13:59,996] {task_command.py:371} INFO - Running <TaskInstance: raizen_lab_01.step_01 scheduled__2022-01-04T20:00:00+00:00 [running]> on host 8790b68fb5bc
[2022-08-23 16:14:00,113] {taskinstance.py:1591} INFO - Exporting the following env vars:
AIRFLOW_CTX_DAG_OWNER=admin
AIRFLOW_CTX_DAG_ID=raizen_lab_01
AIRFLOW_CTX_TASK_ID=step_01
AIRFLOW_CTX_EXECUTION_DATE=2022-01-04T20:00:00+00:00
AIRFLOW_CTX_TRY_NUMBER=1
AIRFLOW_CTX_DAG_RUN_ID=scheduled__2022-01-04T20:00:00+00:00
[2022-08-23 16:14:00,116] {subprocess.py:62} INFO - Tmp dir root location: 
 /tmp
[2022-08-23 16:14:00,117] {subprocess.py:74} INFO - Running command: ['bash', '-c', 'echo "hello"']
[2022-08-23 16:14:00,132] {subprocess.py:85} INFO - Output:
[2022-08-23 16:14:00,134] {subprocess.py:92} INFO - hello
[2022-08-23 16:14:00,135] {subprocess.py:96} INFO - Command exited with return code 0
[2022-08-23 16:14:00,174] {taskinstance.py:1420} INFO - Marking task as SUCCESS. dag_id=raizen_lab_01, task_id=step_01, execution_date=20220104T200000, start_date=20220823T161359, end_date=20220823T161400
[2022-08-23 16:14:00,231] {local_task_job.py:156} INFO - Task exited with return code 0
[2022-08-23 16:14:00,272] {local_task_job.py:273} INFO - 0 downstream tasks scheduled from follow-on schedule check
