[2022-08-23 13:14:28,804] {taskinstance.py:1179} INFO - Dependencies all met for <TaskInstance: raizen_lab_01.step_01 scheduled__2021-12-29T20:00:00+00:00 [queued]>
[2022-08-23 13:14:28,816] {taskinstance.py:1179} INFO - Dependencies all met for <TaskInstance: raizen_lab_01.step_01 scheduled__2021-12-29T20:00:00+00:00 [queued]>
[2022-08-23 13:14:28,816] {taskinstance.py:1376} INFO - 
--------------------------------------------------------------------------------
[2022-08-23 13:14:28,817] {taskinstance.py:1377} INFO - Starting attempt 1 of 2
[2022-08-23 13:14:28,817] {taskinstance.py:1378} INFO - 
--------------------------------------------------------------------------------
[2022-08-23 13:14:28,833] {taskinstance.py:1397} INFO - Executing <Task(BashOperator): step_01> on 2021-12-29 20:00:00+00:00
[2022-08-23 13:14:28,842] {standard_task_runner.py:52} INFO - Started process 433 to run task
[2022-08-23 13:14:28,845] {standard_task_runner.py:79} INFO - Running: ['***', 'tasks', 'run', 'raizen_lab_01', 'step_01', 'scheduled__2021-12-29T20:00:00+00:00', '--job-id', '7434', '--raw', '--subdir', 'DAGS_FOLDER/raizen_lab_01.py', '--cfg-path', '/tmp/tmpg_b_tdf6', '--error-file', '/tmp/tmpe7n40wdi']
[2022-08-23 13:14:28,847] {standard_task_runner.py:80} INFO - Job 7434: Subtask step_01
[2022-08-23 13:14:28,935] {task_command.py:371} INFO - Running <TaskInstance: raizen_lab_01.step_01 scheduled__2021-12-29T20:00:00+00:00 [running]> on host 94e929fe2c87
[2022-08-23 13:14:29,037] {taskinstance.py:1591} INFO - Exporting the following env vars:
AIRFLOW_CTX_DAG_OWNER=admin
AIRFLOW_CTX_DAG_ID=raizen_lab_01
AIRFLOW_CTX_TASK_ID=step_01
AIRFLOW_CTX_EXECUTION_DATE=2021-12-29T20:00:00+00:00
AIRFLOW_CTX_TRY_NUMBER=1
AIRFLOW_CTX_DAG_RUN_ID=scheduled__2021-12-29T20:00:00+00:00
[2022-08-23 13:14:29,039] {subprocess.py:62} INFO - Tmp dir root location: 
 /tmp
[2022-08-23 13:14:29,041] {subprocess.py:74} INFO - Running command: ['bash', '-c', 'echo "hello"']
[2022-08-23 13:14:29,061] {subprocess.py:85} INFO - Output:
[2022-08-23 13:14:29,063] {subprocess.py:92} INFO - hello
[2022-08-23 13:14:29,064] {subprocess.py:96} INFO - Command exited with return code 0
[2022-08-23 13:14:29,102] {taskinstance.py:1420} INFO - Marking task as SUCCESS. dag_id=raizen_lab_01, task_id=step_01, execution_date=20211229T200000, start_date=20220823T131428, end_date=20220823T131429
[2022-08-23 13:14:29,138] {local_task_job.py:156} INFO - Task exited with return code 0
[2022-08-23 13:14:29,190] {local_task_job.py:273} INFO - 1 downstream tasks scheduled from follow-on schedule check
