[2022-08-23 12:07:27,824] {taskinstance.py:1179} INFO - Dependencies all met for <TaskInstance: raizen_lab_01.print_hello scheduled__2021-10-29T22:00:00+00:00 [queued]>
[2022-08-23 12:07:27,836] {taskinstance.py:1179} INFO - Dependencies all met for <TaskInstance: raizen_lab_01.print_hello scheduled__2021-10-29T22:00:00+00:00 [queued]>
[2022-08-23 12:07:27,837] {taskinstance.py:1376} INFO - 
--------------------------------------------------------------------------------
[2022-08-23 12:07:27,837] {taskinstance.py:1377} INFO - Starting attempt 1 of 2
[2022-08-23 12:07:27,838] {taskinstance.py:1378} INFO - 
--------------------------------------------------------------------------------
[2022-08-23 12:07:27,851] {taskinstance.py:1397} INFO - Executing <Task(BashOperator): print_hello> on 2021-10-29 22:00:00+00:00
[2022-08-23 12:07:27,858] {standard_task_runner.py:52} INFO - Started process 1241 to run task
[2022-08-23 12:07:27,862] {standard_task_runner.py:79} INFO - Running: ['***', 'tasks', 'run', 'raizen_lab_01', 'print_hello', 'scheduled__2021-10-29T22:00:00+00:00', '--job-id', '3032', '--raw', '--subdir', 'DAGS_FOLDER/raizen_lab_01.py', '--cfg-path', '/tmp/tmp7xabuhf0', '--error-file', '/tmp/tmp50afhwgk']
[2022-08-23 12:07:27,863] {standard_task_runner.py:80} INFO - Job 3032: Subtask print_hello
[2022-08-23 12:07:27,943] {task_command.py:371} INFO - Running <TaskInstance: raizen_lab_01.print_hello scheduled__2021-10-29T22:00:00+00:00 [running]> on host 67b6bdae536e
[2022-08-23 12:07:28,035] {taskinstance.py:1591} INFO - Exporting the following env vars:
AIRFLOW_CTX_DAG_OWNER=admin
AIRFLOW_CTX_DAG_ID=raizen_lab_01
AIRFLOW_CTX_TASK_ID=print_hello
AIRFLOW_CTX_EXECUTION_DATE=2021-10-29T22:00:00+00:00
AIRFLOW_CTX_TRY_NUMBER=1
AIRFLOW_CTX_DAG_RUN_ID=scheduled__2021-10-29T22:00:00+00:00
[2022-08-23 12:07:28,036] {subprocess.py:62} INFO - Tmp dir root location: 
 /tmp
[2022-08-23 12:07:28,037] {subprocess.py:74} INFO - Running command: ['bash', '-c', 'echo "hello"']
[2022-08-23 12:07:28,047] {subprocess.py:85} INFO - Output:
[2022-08-23 12:07:28,048] {subprocess.py:92} INFO - hello
[2022-08-23 12:07:28,049] {subprocess.py:96} INFO - Command exited with return code 0
[2022-08-23 12:07:28,078] {taskinstance.py:1420} INFO - Marking task as SUCCESS. dag_id=raizen_lab_01, task_id=print_hello, execution_date=20211029T220000, start_date=20220823T120727, end_date=20220823T120728
[2022-08-23 12:07:28,115] {local_task_job.py:156} INFO - Task exited with return code 0
[2022-08-23 12:07:28,210] {local_task_job.py:273} INFO - 0 downstream tasks scheduled from follow-on schedule check
