[2022-08-23 11:28:16,445] {taskinstance.py:1179} INFO - Dependencies all met for <TaskInstance: raizen_lab_01.sleep scheduled__2021-09-19T23:00:00+00:00 [queued]>
[2022-08-23 11:28:16,469] {taskinstance.py:1179} INFO - Dependencies all met for <TaskInstance: raizen_lab_01.sleep scheduled__2021-09-19T23:00:00+00:00 [queued]>
[2022-08-23 11:28:16,470] {taskinstance.py:1376} INFO - 
--------------------------------------------------------------------------------
[2022-08-23 11:28:16,471] {taskinstance.py:1377} INFO - Starting attempt 1 of 2
[2022-08-23 11:28:16,471] {taskinstance.py:1378} INFO - 
--------------------------------------------------------------------------------
[2022-08-23 11:28:16,494] {taskinstance.py:1397} INFO - Executing <Task(BashOperator): sleep> on 2021-09-19 23:00:00+00:00
[2022-08-23 11:28:16,503] {standard_task_runner.py:52} INFO - Started process 344 to run task
[2022-08-23 11:28:16,509] {standard_task_runner.py:79} INFO - Running: ['***', 'tasks', 'run', 'raizen_lab_01', 'sleep', 'scheduled__2021-09-19T23:00:00+00:00', '--job-id', '153', '--raw', '--subdir', 'DAGS_FOLDER/raizen_lab_01.py', '--cfg-path', '/tmp/tmphzq3vgkd', '--error-file', '/tmp/tmpjcy0p9oj']
[2022-08-23 11:28:16,510] {standard_task_runner.py:80} INFO - Job 153: Subtask sleep
[2022-08-23 11:28:16,622] {task_command.py:371} INFO - Running <TaskInstance: raizen_lab_01.sleep scheduled__2021-09-19T23:00:00+00:00 [running]> on host 7f48b7aaf0fc
[2022-08-23 11:28:16,739] {taskinstance.py:1591} INFO - Exporting the following env vars:
AIRFLOW_CTX_DAG_OWNER=admin
AIRFLOW_CTX_DAG_ID=raizen_lab_01
AIRFLOW_CTX_TASK_ID=sleep
AIRFLOW_CTX_EXECUTION_DATE=2021-09-19T23:00:00+00:00
AIRFLOW_CTX_TRY_NUMBER=1
AIRFLOW_CTX_DAG_RUN_ID=scheduled__2021-09-19T23:00:00+00:00
[2022-08-23 11:28:16,741] {subprocess.py:62} INFO - Tmp dir root location: 
 /tmp
[2022-08-23 11:28:16,742] {subprocess.py:74} INFO - Running command: ['bash', '-c', 'sleep 5']
[2022-08-23 11:28:16,762] {subprocess.py:85} INFO - Output:
[2022-08-23 11:28:21,768] {subprocess.py:96} INFO - Command exited with return code 0
[2022-08-23 11:28:21,831] {taskinstance.py:1420} INFO - Marking task as SUCCESS. dag_id=raizen_lab_01, task_id=sleep, execution_date=20210919T230000, start_date=20220823T112816, end_date=20220823T112821
[2022-08-23 11:28:21,890] {local_task_job.py:156} INFO - Task exited with return code 0
[2022-08-23 11:28:21,974] {local_task_job.py:273} INFO - 0 downstream tasks scheduled from follow-on schedule check
