[2022-08-23 12:30:28,244] {taskinstance.py:1179} INFO - Dependencies all met for <TaskInstance: raizen_lab_01.sleep scheduled__2021-12-04T15:00:00+00:00 [queued]>
[2022-08-23 12:30:28,256] {taskinstance.py:1179} INFO - Dependencies all met for <TaskInstance: raizen_lab_01.sleep scheduled__2021-12-04T15:00:00+00:00 [queued]>
[2022-08-23 12:30:28,257] {taskinstance.py:1376} INFO - 
--------------------------------------------------------------------------------
[2022-08-23 12:30:28,257] {taskinstance.py:1377} INFO - Starting attempt 1 of 2
[2022-08-23 12:30:28,258] {taskinstance.py:1378} INFO - 
--------------------------------------------------------------------------------
[2022-08-23 12:30:28,278] {taskinstance.py:1397} INFO - Executing <Task(BashOperator): sleep> on 2021-12-04 15:00:00+00:00
[2022-08-23 12:30:28,287] {standard_task_runner.py:52} INFO - Started process 8178 to run task
[2022-08-23 12:30:28,291] {standard_task_runner.py:79} INFO - Running: ['***', 'tasks', 'run', 'raizen_lab_01', 'sleep', 'scheduled__2021-12-04T15:00:00+00:00', '--job-id', '5625', '--raw', '--subdir', 'DAGS_FOLDER/raizen_lab_01.py', '--cfg-path', '/tmp/tmp2u6nenbc', '--error-file', '/tmp/tmpn6sbz1do']
[2022-08-23 12:30:28,293] {standard_task_runner.py:80} INFO - Job 5625: Subtask sleep
[2022-08-23 12:30:28,386] {task_command.py:371} INFO - Running <TaskInstance: raizen_lab_01.sleep scheduled__2021-12-04T15:00:00+00:00 [running]> on host 6383a3236c72
[2022-08-23 12:30:28,483] {taskinstance.py:1591} INFO - Exporting the following env vars:
AIRFLOW_CTX_DAG_OWNER=admin
AIRFLOW_CTX_DAG_ID=raizen_lab_01
AIRFLOW_CTX_TASK_ID=sleep
AIRFLOW_CTX_EXECUTION_DATE=2021-12-04T15:00:00+00:00
AIRFLOW_CTX_TRY_NUMBER=1
AIRFLOW_CTX_DAG_RUN_ID=scheduled__2021-12-04T15:00:00+00:00
[2022-08-23 12:30:28,485] {subprocess.py:62} INFO - Tmp dir root location: 
 /tmp
[2022-08-23 12:30:28,486] {subprocess.py:74} INFO - Running command: ['bash', '-c', 'sleep 5']
[2022-08-23 12:30:28,501] {subprocess.py:85} INFO - Output:
[2022-08-23 12:30:33,505] {subprocess.py:96} INFO - Command exited with return code 0
[2022-08-23 12:30:33,534] {taskinstance.py:1420} INFO - Marking task as SUCCESS. dag_id=raizen_lab_01, task_id=sleep, execution_date=20211204T150000, start_date=20220823T123028, end_date=20220823T123033
[2022-08-23 12:30:33,558] {local_task_job.py:156} INFO - Task exited with return code 0
[2022-08-23 12:30:33,585] {local_task_job.py:273} INFO - 1 downstream tasks scheduled from follow-on schedule check
