[2022-08-23 12:33:10,991] {taskinstance.py:1179} INFO - Dependencies all met for <TaskInstance: raizen_lab_01.print_hello scheduled__2021-12-12T06:00:00+00:00 [queued]>
[2022-08-23 12:33:11,004] {taskinstance.py:1179} INFO - Dependencies all met for <TaskInstance: raizen_lab_01.print_hello scheduled__2021-12-12T06:00:00+00:00 [queued]>
[2022-08-23 12:33:11,005] {taskinstance.py:1376} INFO - 
--------------------------------------------------------------------------------
[2022-08-23 12:33:11,005] {taskinstance.py:1377} INFO - Starting attempt 1 of 2
[2022-08-23 12:33:11,006] {taskinstance.py:1378} INFO - 
--------------------------------------------------------------------------------
[2022-08-23 12:33:11,028] {taskinstance.py:1397} INFO - Executing <Task(BashOperator): print_hello> on 2021-12-12 06:00:00+00:00
[2022-08-23 12:33:11,035] {standard_task_runner.py:52} INFO - Started process 10254 to run task
[2022-08-23 12:33:11,038] {standard_task_runner.py:79} INFO - Running: ['***', 'tasks', 'run', 'raizen_lab_01', 'print_hello', 'scheduled__2021-12-12T06:00:00+00:00', '--job-id', '6157', '--raw', '--subdir', 'DAGS_FOLDER/raizen_lab_01.py', '--cfg-path', '/tmp/tmpkzdwetby', '--error-file', '/tmp/tmph5167xfx']
[2022-08-23 12:33:11,040] {standard_task_runner.py:80} INFO - Job 6157: Subtask print_hello
[2022-08-23 12:33:11,115] {task_command.py:371} INFO - Running <TaskInstance: raizen_lab_01.print_hello scheduled__2021-12-12T06:00:00+00:00 [running]> on host 6383a3236c72
[2022-08-23 12:33:11,189] {taskinstance.py:1591} INFO - Exporting the following env vars:
AIRFLOW_CTX_DAG_OWNER=admin
AIRFLOW_CTX_DAG_ID=raizen_lab_01
AIRFLOW_CTX_TASK_ID=print_hello
AIRFLOW_CTX_EXECUTION_DATE=2021-12-12T06:00:00+00:00
AIRFLOW_CTX_TRY_NUMBER=1
AIRFLOW_CTX_DAG_RUN_ID=scheduled__2021-12-12T06:00:00+00:00
[2022-08-23 12:33:11,190] {subprocess.py:62} INFO - Tmp dir root location: 
 /tmp
[2022-08-23 12:33:11,191] {subprocess.py:74} INFO - Running command: ['bash', '-c', 'echo "hello"']
[2022-08-23 12:33:11,206] {subprocess.py:85} INFO - Output:
[2022-08-23 12:33:11,207] {subprocess.py:92} INFO - hello
[2022-08-23 12:33:11,208] {subprocess.py:96} INFO - Command exited with return code 0
[2022-08-23 12:33:11,242] {taskinstance.py:1420} INFO - Marking task as SUCCESS. dag_id=raizen_lab_01, task_id=print_hello, execution_date=20211212T060000, start_date=20220823T123310, end_date=20220823T123311
[2022-08-23 12:33:11,290] {local_task_job.py:156} INFO - Task exited with return code 0
[2022-08-23 12:33:11,339] {local_task_job.py:273} INFO - 1 downstream tasks scheduled from follow-on schedule check
