[2022-08-23 12:06:27,500] {taskinstance.py:1179} INFO - Dependencies all met for <TaskInstance: raizen_lab_01.print_world scheduled__2021-10-26T19:00:00+00:00 [queued]>
[2022-08-23 12:06:27,508] {taskinstance.py:1179} INFO - Dependencies all met for <TaskInstance: raizen_lab_01.print_world scheduled__2021-10-26T19:00:00+00:00 [queued]>
[2022-08-23 12:06:27,508] {taskinstance.py:1376} INFO - 
--------------------------------------------------------------------------------
[2022-08-23 12:06:27,509] {taskinstance.py:1377} INFO - Starting attempt 1 of 2
[2022-08-23 12:06:27,509] {taskinstance.py:1378} INFO - 
--------------------------------------------------------------------------------
[2022-08-23 12:06:27,521] {taskinstance.py:1397} INFO - Executing <Task(PythonOperator): print_world> on 2021-10-26 19:00:00+00:00
[2022-08-23 12:06:27,526] {standard_task_runner.py:52} INFO - Started process 635 to run task
[2022-08-23 12:06:27,528] {standard_task_runner.py:79} INFO - Running: ['***', 'tasks', 'run', 'raizen_lab_01', 'print_world', 'scheduled__2021-10-26T19:00:00+00:00', '--job-id', '2823', '--raw', '--subdir', 'DAGS_FOLDER/raizen_lab_01.py', '--cfg-path', '/tmp/tmpwiix2hyf', '--error-file', '/tmp/tmp3sfgxrrw']
[2022-08-23 12:06:27,529] {standard_task_runner.py:80} INFO - Job 2823: Subtask print_world
[2022-08-23 12:06:27,628] {task_command.py:371} INFO - Running <TaskInstance: raizen_lab_01.print_world scheduled__2021-10-26T19:00:00+00:00 [running]> on host 67b6bdae536e
[2022-08-23 12:06:27,690] {taskinstance.py:1591} INFO - Exporting the following env vars:
AIRFLOW_CTX_DAG_OWNER=admin
AIRFLOW_CTX_DAG_ID=raizen_lab_01
AIRFLOW_CTX_TASK_ID=print_world
AIRFLOW_CTX_EXECUTION_DATE=2021-10-26T19:00:00+00:00
AIRFLOW_CTX_TRY_NUMBER=1
AIRFLOW_CTX_DAG_RUN_ID=scheduled__2021-10-26T19:00:00+00:00
[2022-08-23 12:06:27,691] {logging_mixin.py:115} INFO - world
[2022-08-23 12:06:27,691] {python.py:173} INFO - Done. Returned value was: None
[2022-08-23 12:06:27,701] {taskinstance.py:1420} INFO - Marking task as SUCCESS. dag_id=raizen_lab_01, task_id=print_world, execution_date=20211026T190000, start_date=20220823T120627, end_date=20220823T120627
[2022-08-23 12:06:27,741] {local_task_job.py:156} INFO - Task exited with return code 0
[2022-08-23 12:06:27,764] {local_task_job.py:273} INFO - 0 downstream tasks scheduled from follow-on schedule check
