[2022-08-23 12:06:43,871] {taskinstance.py:1179} INFO - Dependencies all met for <TaskInstance: raizen_lab_01.print_hello scheduled__2021-10-27T17:00:00+00:00 [queued]>
[2022-08-23 12:06:43,895] {taskinstance.py:1179} INFO - Dependencies all met for <TaskInstance: raizen_lab_01.print_hello scheduled__2021-10-27T17:00:00+00:00 [queued]>
[2022-08-23 12:06:43,896] {taskinstance.py:1376} INFO - 
--------------------------------------------------------------------------------
[2022-08-23 12:06:43,899] {taskinstance.py:1377} INFO - Starting attempt 1 of 2
[2022-08-23 12:06:43,900] {taskinstance.py:1378} INFO - 
--------------------------------------------------------------------------------
[2022-08-23 12:06:43,941] {taskinstance.py:1397} INFO - Executing <Task(BashOperator): print_hello> on 2021-10-27 17:00:00+00:00
[2022-08-23 12:06:43,949] {standard_task_runner.py:52} INFO - Started process 791 to run task
[2022-08-23 12:06:43,953] {standard_task_runner.py:79} INFO - Running: ['***', 'tasks', 'run', 'raizen_lab_01', 'print_hello', 'scheduled__2021-10-27T17:00:00+00:00', '--job-id', '2877', '--raw', '--subdir', 'DAGS_FOLDER/raizen_lab_01.py', '--cfg-path', '/tmp/tmpf191_lzf', '--error-file', '/tmp/tmp5_5801wv']
[2022-08-23 12:06:43,954] {standard_task_runner.py:80} INFO - Job 2877: Subtask print_hello
[2022-08-23 12:06:44,035] {task_command.py:371} INFO - Running <TaskInstance: raizen_lab_01.print_hello scheduled__2021-10-27T17:00:00+00:00 [running]> on host 67b6bdae536e
[2022-08-23 12:06:44,110] {taskinstance.py:1591} INFO - Exporting the following env vars:
AIRFLOW_CTX_DAG_OWNER=admin
AIRFLOW_CTX_DAG_ID=raizen_lab_01
AIRFLOW_CTX_TASK_ID=print_hello
AIRFLOW_CTX_EXECUTION_DATE=2021-10-27T17:00:00+00:00
AIRFLOW_CTX_TRY_NUMBER=1
AIRFLOW_CTX_DAG_RUN_ID=scheduled__2021-10-27T17:00:00+00:00
[2022-08-23 12:06:44,112] {subprocess.py:62} INFO - Tmp dir root location: 
 /tmp
[2022-08-23 12:06:44,113] {subprocess.py:74} INFO - Running command: ['bash', '-c', 'echo "hello"']
[2022-08-23 12:06:44,127] {subprocess.py:85} INFO - Output:
[2022-08-23 12:06:44,129] {subprocess.py:92} INFO - hello
[2022-08-23 12:06:44,130] {subprocess.py:96} INFO - Command exited with return code 0
[2022-08-23 12:06:44,167] {taskinstance.py:1420} INFO - Marking task as SUCCESS. dag_id=raizen_lab_01, task_id=print_hello, execution_date=20211027T170000, start_date=20220823T120643, end_date=20220823T120644
[2022-08-23 12:06:44,205] {local_task_job.py:156} INFO - Task exited with return code 0
[2022-08-23 12:06:44,259] {local_task_job.py:273} INFO - 1 downstream tasks scheduled from follow-on schedule check
