[2022-08-23 11:59:37,490] {taskinstance.py:1179} INFO - Dependencies all met for <TaskInstance: raizen_lab_01.print_hello scheduled__2021-10-23T20:00:00+00:00 [queued]>
[2022-08-23 11:59:37,512] {taskinstance.py:1179} INFO - Dependencies all met for <TaskInstance: raizen_lab_01.print_hello scheduled__2021-10-23T20:00:00+00:00 [queued]>
[2022-08-23 11:59:37,513] {taskinstance.py:1376} INFO - 
--------------------------------------------------------------------------------
[2022-08-23 11:59:37,513] {taskinstance.py:1377} INFO - Starting attempt 1 of 2
[2022-08-23 11:59:37,514] {taskinstance.py:1378} INFO - 
--------------------------------------------------------------------------------
[2022-08-23 11:59:37,542] {taskinstance.py:1397} INFO - Executing <Task(BashOperator): print_hello> on 2021-10-23 20:00:00+00:00
[2022-08-23 11:59:37,550] {standard_task_runner.py:52} INFO - Started process 673 to run task
[2022-08-23 11:59:37,557] {standard_task_runner.py:79} INFO - Running: ['***', 'tasks', 'run', 'raizen_lab_01', 'print_hello', 'scheduled__2021-10-23T20:00:00+00:00', '--job-id', '2593', '--raw', '--subdir', 'DAGS_FOLDER/raizen_lab_01.py', '--cfg-path', '/tmp/tmpoqfeqe60', '--error-file', '/tmp/tmpw0ijh82z']
[2022-08-23 11:59:37,559] {standard_task_runner.py:80} INFO - Job 2593: Subtask print_hello
[2022-08-23 11:59:37,720] {task_command.py:371} INFO - Running <TaskInstance: raizen_lab_01.print_hello scheduled__2021-10-23T20:00:00+00:00 [running]> on host 9f4b06248101
[2022-08-23 11:59:37,921] {taskinstance.py:1591} INFO - Exporting the following env vars:
AIRFLOW_CTX_DAG_OWNER=admin
AIRFLOW_CTX_DAG_ID=raizen_lab_01
AIRFLOW_CTX_TASK_ID=print_hello
AIRFLOW_CTX_EXECUTION_DATE=2021-10-23T20:00:00+00:00
AIRFLOW_CTX_TRY_NUMBER=1
AIRFLOW_CTX_DAG_RUN_ID=scheduled__2021-10-23T20:00:00+00:00
[2022-08-23 11:59:37,924] {subprocess.py:62} INFO - Tmp dir root location: 
 /tmp
[2022-08-23 11:59:37,925] {subprocess.py:74} INFO - Running command: ['bash', '-c', 'echo "hello"']
[2022-08-23 11:59:37,958] {subprocess.py:85} INFO - Output:
[2022-08-23 11:59:37,961] {subprocess.py:92} INFO - hello
[2022-08-23 11:59:37,962] {subprocess.py:96} INFO - Command exited with return code 0
[2022-08-23 11:59:38,043] {taskinstance.py:1420} INFO - Marking task as SUCCESS. dag_id=raizen_lab_01, task_id=print_hello, execution_date=20211023T200000, start_date=20220823T115937, end_date=20220823T115938
[2022-08-23 11:59:38,090] {local_task_job.py:156} INFO - Task exited with return code 0
[2022-08-23 11:59:38,220] {local_task_job.py:273} INFO - 1 downstream tasks scheduled from follow-on schedule check
