[2022-08-23 12:06:20,835] {taskinstance.py:1179} INFO - Dependencies all met for <TaskInstance: raizen_lab_01.sleep scheduled__2021-10-26T18:00:00+00:00 [queued]>
[2022-08-23 12:06:20,843] {taskinstance.py:1179} INFO - Dependencies all met for <TaskInstance: raizen_lab_01.sleep scheduled__2021-10-26T18:00:00+00:00 [queued]>
[2022-08-23 12:06:20,843] {taskinstance.py:1376} INFO - 
--------------------------------------------------------------------------------
[2022-08-23 12:06:20,844] {taskinstance.py:1377} INFO - Starting attempt 1 of 2
[2022-08-23 12:06:20,855] {taskinstance.py:1378} INFO - 
--------------------------------------------------------------------------------
[2022-08-23 12:06:20,866] {taskinstance.py:1397} INFO - Executing <Task(BashOperator): sleep> on 2021-10-26 18:00:00+00:00
[2022-08-23 12:06:20,870] {standard_task_runner.py:52} INFO - Started process 590 to run task
[2022-08-23 12:06:20,873] {standard_task_runner.py:79} INFO - Running: ['***', 'tasks', 'run', 'raizen_lab_01', 'sleep', 'scheduled__2021-10-26T18:00:00+00:00', '--job-id', '2806', '--raw', '--subdir', 'DAGS_FOLDER/raizen_lab_01.py', '--cfg-path', '/tmp/tmplffhzql2', '--error-file', '/tmp/tmp7avwskh1']
[2022-08-23 12:06:20,873] {standard_task_runner.py:80} INFO - Job 2806: Subtask sleep
[2022-08-23 12:06:20,929] {task_command.py:371} INFO - Running <TaskInstance: raizen_lab_01.sleep scheduled__2021-10-26T18:00:00+00:00 [running]> on host 67b6bdae536e
[2022-08-23 12:06:21,001] {taskinstance.py:1591} INFO - Exporting the following env vars:
AIRFLOW_CTX_DAG_OWNER=admin
AIRFLOW_CTX_DAG_ID=raizen_lab_01
AIRFLOW_CTX_TASK_ID=sleep
AIRFLOW_CTX_EXECUTION_DATE=2021-10-26T18:00:00+00:00
AIRFLOW_CTX_TRY_NUMBER=1
AIRFLOW_CTX_DAG_RUN_ID=scheduled__2021-10-26T18:00:00+00:00
[2022-08-23 12:06:21,003] {subprocess.py:62} INFO - Tmp dir root location: 
 /tmp
[2022-08-23 12:06:21,004] {subprocess.py:74} INFO - Running command: ['bash', '-c', 'sleep 5']
[2022-08-23 12:06:21,013] {subprocess.py:85} INFO - Output:
[2022-08-23 12:06:26,016] {subprocess.py:96} INFO - Command exited with return code 0
[2022-08-23 12:06:26,084] {taskinstance.py:1420} INFO - Marking task as SUCCESS. dag_id=raizen_lab_01, task_id=sleep, execution_date=20211026T180000, start_date=20220823T120620, end_date=20220823T120626
[2022-08-23 12:06:26,142] {local_task_job.py:156} INFO - Task exited with return code 0
[2022-08-23 12:06:26,168] {local_task_job.py:273} INFO - 1 downstream tasks scheduled from follow-on schedule check
