[2022-08-23 11:34:59,525] {taskinstance.py:1179} INFO - Dependencies all met for <TaskInstance: raizen_lab_01.print_hello scheduled__2021-10-05T07:00:00+00:00 [queued]>
[2022-08-23 11:34:59,547] {taskinstance.py:1179} INFO - Dependencies all met for <TaskInstance: raizen_lab_01.print_hello scheduled__2021-10-05T07:00:00+00:00 [queued]>
[2022-08-23 11:34:59,548] {taskinstance.py:1376} INFO - 
--------------------------------------------------------------------------------
[2022-08-23 11:34:59,548] {taskinstance.py:1377} INFO - Starting attempt 1 of 2
[2022-08-23 11:34:59,549] {taskinstance.py:1378} INFO - 
--------------------------------------------------------------------------------
[2022-08-23 11:34:59,585] {taskinstance.py:1397} INFO - Executing <Task(BashOperator): print_hello> on 2021-10-05 07:00:00+00:00
[2022-08-23 11:34:59,594] {standard_task_runner.py:52} INFO - Started process 3562 to run task
[2022-08-23 11:34:59,599] {standard_task_runner.py:79} INFO - Running: ['***', 'tasks', 'run', 'raizen_lab_01', 'print_hello', 'scheduled__2021-10-05T07:00:00+00:00', '--job-id', '1250', '--raw', '--subdir', 'DAGS_FOLDER/raizen_lab_01.py', '--cfg-path', '/tmp/tmpxt3uo55o', '--error-file', '/tmp/tmphqloc7v8']
[2022-08-23 11:34:59,600] {standard_task_runner.py:80} INFO - Job 1250: Subtask print_hello
[2022-08-23 11:34:59,738] {task_command.py:371} INFO - Running <TaskInstance: raizen_lab_01.print_hello scheduled__2021-10-05T07:00:00+00:00 [running]> on host 7f48b7aaf0fc
[2022-08-23 11:34:59,958] {taskinstance.py:1591} INFO - Exporting the following env vars:
AIRFLOW_CTX_DAG_OWNER=admin
AIRFLOW_CTX_DAG_ID=raizen_lab_01
AIRFLOW_CTX_TASK_ID=print_hello
AIRFLOW_CTX_EXECUTION_DATE=2021-10-05T07:00:00+00:00
AIRFLOW_CTX_TRY_NUMBER=1
AIRFLOW_CTX_DAG_RUN_ID=scheduled__2021-10-05T07:00:00+00:00
[2022-08-23 11:34:59,960] {subprocess.py:62} INFO - Tmp dir root location: 
 /tmp
[2022-08-23 11:34:59,962] {subprocess.py:74} INFO - Running command: ['bash', '-c', 'echo "hello"']
[2022-08-23 11:34:59,981] {subprocess.py:85} INFO - Output:
[2022-08-23 11:34:59,984] {subprocess.py:92} INFO - hello
[2022-08-23 11:34:59,985] {subprocess.py:96} INFO - Command exited with return code 0
[2022-08-23 11:35:00,057] {taskinstance.py:1420} INFO - Marking task as SUCCESS. dag_id=raizen_lab_01, task_id=print_hello, execution_date=20211005T070000, start_date=20220823T113459, end_date=20220823T113500
[2022-08-23 11:35:00,133] {local_task_job.py:156} INFO - Task exited with return code 0
[2022-08-23 11:35:00,235] {local_task_job.py:273} INFO - 1 downstream tasks scheduled from follow-on schedule check
