[2022-08-23 11:30:26,733] {taskinstance.py:1179} INFO - Dependencies all met for <TaskInstance: raizen_lab_01.sleep scheduled__2021-09-24T22:00:00+00:00 [queued]>
[2022-08-23 11:30:26,751] {taskinstance.py:1179} INFO - Dependencies all met for <TaskInstance: raizen_lab_01.sleep scheduled__2021-09-24T22:00:00+00:00 [queued]>
[2022-08-23 11:30:26,752] {taskinstance.py:1376} INFO - 
--------------------------------------------------------------------------------
[2022-08-23 11:30:26,753] {taskinstance.py:1377} INFO - Starting attempt 1 of 2
[2022-08-23 11:30:26,754] {taskinstance.py:1378} INFO - 
--------------------------------------------------------------------------------
[2022-08-23 11:30:26,785] {taskinstance.py:1397} INFO - Executing <Task(BashOperator): sleep> on 2021-09-24 22:00:00+00:00
[2022-08-23 11:30:26,795] {standard_task_runner.py:52} INFO - Started process 1385 to run task
[2022-08-23 11:30:26,802] {standard_task_runner.py:79} INFO - Running: ['***', 'tasks', 'run', 'raizen_lab_01', 'sleep', 'scheduled__2021-09-24T22:00:00+00:00', '--job-id', '507', '--raw', '--subdir', 'DAGS_FOLDER/raizen_lab_01.py', '--cfg-path', '/tmp/tmp83_g0dcv', '--error-file', '/tmp/tmpuw6f7clz']
[2022-08-23 11:30:26,803] {standard_task_runner.py:80} INFO - Job 507: Subtask sleep
[2022-08-23 11:30:26,929] {task_command.py:371} INFO - Running <TaskInstance: raizen_lab_01.sleep scheduled__2021-09-24T22:00:00+00:00 [running]> on host 7f48b7aaf0fc
[2022-08-23 11:30:27,050] {taskinstance.py:1591} INFO - Exporting the following env vars:
AIRFLOW_CTX_DAG_OWNER=admin
AIRFLOW_CTX_DAG_ID=raizen_lab_01
AIRFLOW_CTX_TASK_ID=sleep
AIRFLOW_CTX_EXECUTION_DATE=2021-09-24T22:00:00+00:00
AIRFLOW_CTX_TRY_NUMBER=1
AIRFLOW_CTX_DAG_RUN_ID=scheduled__2021-09-24T22:00:00+00:00
[2022-08-23 11:30:27,052] {subprocess.py:62} INFO - Tmp dir root location: 
 /tmp
[2022-08-23 11:30:27,054] {subprocess.py:74} INFO - Running command: ['bash', '-c', 'sleep 5']
[2022-08-23 11:30:27,071] {subprocess.py:85} INFO - Output:
[2022-08-23 11:30:32,075] {subprocess.py:96} INFO - Command exited with return code 0
[2022-08-23 11:30:32,126] {taskinstance.py:1420} INFO - Marking task as SUCCESS. dag_id=raizen_lab_01, task_id=sleep, execution_date=20210924T220000, start_date=20220823T113026, end_date=20220823T113032
[2022-08-23 11:30:32,165] {local_task_job.py:156} INFO - Task exited with return code 0
[2022-08-23 11:30:32,211] {local_task_job.py:273} INFO - 1 downstream tasks scheduled from follow-on schedule check
