[2022-08-23 12:06:32,815] {taskinstance.py:1179} INFO - Dependencies all met for <TaskInstance: raizen_lab_01.sleep scheduled__2021-10-27T04:00:00+00:00 [queued]>
[2022-08-23 12:06:32,825] {taskinstance.py:1179} INFO - Dependencies all met for <TaskInstance: raizen_lab_01.sleep scheduled__2021-10-27T04:00:00+00:00 [queued]>
[2022-08-23 12:06:32,825] {taskinstance.py:1376} INFO - 
--------------------------------------------------------------------------------
[2022-08-23 12:06:32,825] {taskinstance.py:1377} INFO - Starting attempt 1 of 2
[2022-08-23 12:06:32,826] {taskinstance.py:1378} INFO - 
--------------------------------------------------------------------------------
[2022-08-23 12:06:32,843] {taskinstance.py:1397} INFO - Executing <Task(BashOperator): sleep> on 2021-10-27 04:00:00+00:00
[2022-08-23 12:06:32,848] {standard_task_runner.py:52} INFO - Started process 697 to run task
[2022-08-23 12:06:32,851] {standard_task_runner.py:79} INFO - Running: ['***', 'tasks', 'run', 'raizen_lab_01', 'sleep', 'scheduled__2021-10-27T04:00:00+00:00', '--job-id', '2844', '--raw', '--subdir', 'DAGS_FOLDER/raizen_lab_01.py', '--cfg-path', '/tmp/tmp552ro8ik', '--error-file', '/tmp/tmpnnktgxh2']
[2022-08-23 12:06:32,852] {standard_task_runner.py:80} INFO - Job 2844: Subtask sleep
[2022-08-23 12:06:32,925] {task_command.py:371} INFO - Running <TaskInstance: raizen_lab_01.sleep scheduled__2021-10-27T04:00:00+00:00 [running]> on host 67b6bdae536e
[2022-08-23 12:06:32,998] {taskinstance.py:1591} INFO - Exporting the following env vars:
AIRFLOW_CTX_DAG_OWNER=admin
AIRFLOW_CTX_DAG_ID=raizen_lab_01
AIRFLOW_CTX_TASK_ID=sleep
AIRFLOW_CTX_EXECUTION_DATE=2021-10-27T04:00:00+00:00
AIRFLOW_CTX_TRY_NUMBER=1
AIRFLOW_CTX_DAG_RUN_ID=scheduled__2021-10-27T04:00:00+00:00
[2022-08-23 12:06:32,999] {subprocess.py:62} INFO - Tmp dir root location: 
 /tmp
[2022-08-23 12:06:33,000] {subprocess.py:74} INFO - Running command: ['bash', '-c', 'sleep 5']
[2022-08-23 12:06:33,013] {subprocess.py:85} INFO - Output:
[2022-08-23 12:06:38,015] {subprocess.py:96} INFO - Command exited with return code 0
[2022-08-23 12:06:38,153] {taskinstance.py:1420} INFO - Marking task as SUCCESS. dag_id=raizen_lab_01, task_id=sleep, execution_date=20211027T040000, start_date=20220823T120632, end_date=20220823T120638
[2022-08-23 12:06:38,208] {local_task_job.py:156} INFO - Task exited with return code 0
[2022-08-23 12:06:38,238] {local_task_job.py:273} INFO - 1 downstream tasks scheduled from follow-on schedule check
