[2022-08-24 15:00:01,213] {taskinstance.py:1179} INFO - Dependencies all met for <TaskInstance: raizen_lab_01.carga_arquivo scheduled__2022-08-24T14:00:00+00:00 [queued]>
[2022-08-24 15:00:01,229] {taskinstance.py:1179} INFO - Dependencies all met for <TaskInstance: raizen_lab_01.carga_arquivo scheduled__2022-08-24T14:00:00+00:00 [queued]>
[2022-08-24 15:00:01,230] {taskinstance.py:1376} INFO - 
--------------------------------------------------------------------------------
[2022-08-24 15:00:01,231] {taskinstance.py:1377} INFO - Starting attempt 1 of 2
[2022-08-24 15:00:01,232] {taskinstance.py:1378} INFO - 
--------------------------------------------------------------------------------
[2022-08-24 15:00:01,249] {taskinstance.py:1397} INFO - Executing <Task(PythonOperator): carga_arquivo> on 2022-08-24 14:00:00+00:00
[2022-08-24 15:00:01,256] {standard_task_runner.py:52} INFO - Started process 7679 to run task
[2022-08-24 15:00:01,260] {standard_task_runner.py:79} INFO - Running: ['***', 'tasks', 'run', 'raizen_lab_01', 'carga_arquivo', 'scheduled__2022-08-24T14:00:00+00:00', '--job-id', '9733', '--raw', '--subdir', 'DAGS_FOLDER/raizen_lab_01.py', '--cfg-path', '/tmp/tmp9p2e77d1', '--error-file', '/tmp/tmpx5i281vu']
[2022-08-24 15:00:01,262] {standard_task_runner.py:80} INFO - Job 9733: Subtask carga_arquivo
[2022-08-24 15:00:01,341] {task_command.py:371} INFO - Running <TaskInstance: raizen_lab_01.carga_arquivo scheduled__2022-08-24T14:00:00+00:00 [running]> on host 3f878792eb1e
[2022-08-24 15:00:01,418] {taskinstance.py:1591} INFO - Exporting the following env vars:
AIRFLOW_CTX_DAG_OWNER=admin
AIRFLOW_CTX_DAG_ID=raizen_lab_01
AIRFLOW_CTX_TASK_ID=carga_arquivo
AIRFLOW_CTX_EXECUTION_DATE=2022-08-24T14:00:00+00:00
AIRFLOW_CTX_TRY_NUMBER=1
AIRFLOW_CTX_DAG_RUN_ID=scheduled__2022-08-24T14:00:00+00:00
[2022-08-24 15:00:03,059] {python.py:173} INFO - Done. Returned value was: None
[2022-08-24 15:00:03,077] {taskinstance.py:1420} INFO - Marking task as SUCCESS. dag_id=raizen_lab_01, task_id=carga_arquivo, execution_date=20220824T140000, start_date=20220824T150001, end_date=20220824T150003
[2022-08-24 15:00:03,124] {local_task_job.py:156} INFO - Task exited with return code 0
[2022-08-24 15:00:03,180] {local_task_job.py:273} INFO - 1 downstream tasks scheduled from follow-on schedule check
