[2022-08-24 02:02:35,325] {taskinstance.py:1179} INFO - Dependencies all met for <TaskInstance: raizen_lab_01.insere_dados_na_tabela manual__2022-08-24T02:02:30.535936+00:00 [queued]>
[2022-08-24 02:02:35,337] {taskinstance.py:1179} INFO - Dependencies all met for <TaskInstance: raizen_lab_01.insere_dados_na_tabela manual__2022-08-24T02:02:30.535936+00:00 [queued]>
[2022-08-24 02:02:35,338] {taskinstance.py:1376} INFO - 
--------------------------------------------------------------------------------
[2022-08-24 02:02:35,339] {taskinstance.py:1377} INFO - Starting attempt 1 of 2
[2022-08-24 02:02:35,339] {taskinstance.py:1378} INFO - 
--------------------------------------------------------------------------------
[2022-08-24 02:02:35,357] {taskinstance.py:1397} INFO - Executing <Task(PythonOperator): insere_dados_na_tabela> on 2022-08-24 02:02:30.535936+00:00
[2022-08-24 02:02:35,365] {standard_task_runner.py:52} INFO - Started process 77 to run task
[2022-08-24 02:02:35,370] {standard_task_runner.py:79} INFO - Running: ['***', 'tasks', 'run', 'raizen_lab_01', 'insere_dados_na_tabela', 'manual__2022-08-24T02:02:30.535936+00:00', '--job-id', '9658', '--raw', '--subdir', 'DAGS_FOLDER/raizen_lab_01.py', '--cfg-path', '/tmp/tmp_fj_dj72', '--error-file', '/tmp/tmp9prjvzly']
[2022-08-24 02:02:35,373] {standard_task_runner.py:80} INFO - Job 9658: Subtask insere_dados_na_tabela
[2022-08-24 02:02:35,474] {task_command.py:371} INFO - Running <TaskInstance: raizen_lab_01.insere_dados_na_tabela manual__2022-08-24T02:02:30.535936+00:00 [running]> on host b8d797566373
[2022-08-24 02:02:35,622] {taskinstance.py:1591} INFO - Exporting the following env vars:
AIRFLOW_CTX_DAG_OWNER=admin
AIRFLOW_CTX_DAG_ID=raizen_lab_01
AIRFLOW_CTX_TASK_ID=insere_dados_na_tabela
AIRFLOW_CTX_EXECUTION_DATE=2022-08-24T02:02:30.535936+00:00
AIRFLOW_CTX_TRY_NUMBER=1
AIRFLOW_CTX_DAG_RUN_ID=manual__2022-08-24T02:02:30.535936+00:00
[2022-08-24 02:02:35,666] {logging_mixin.py:115} INFO - TABELA CRIADA
[2022-08-24 02:02:35,667] {python.py:173} INFO - Done. Returned value was: None
[2022-08-24 02:02:35,689] {taskinstance.py:1420} INFO - Marking task as SUCCESS. dag_id=raizen_lab_01, task_id=insere_dados_na_tabela, execution_date=20220824T020230, start_date=20220824T020235, end_date=20220824T020235
[2022-08-24 02:02:35,742] {local_task_job.py:156} INFO - Task exited with return code 0
[2022-08-24 02:02:35,881] {local_task_job.py:273} INFO - 1 downstream tasks scheduled from follow-on schedule check
