[2022-08-23 12:32:54,663] {taskinstance.py:1179} INFO - Dependencies all met for <TaskInstance: raizen_lab_01.print_hello scheduled__2021-12-11T04:00:00+00:00 [queued]>
[2022-08-23 12:32:54,672] {taskinstance.py:1179} INFO - Dependencies all met for <TaskInstance: raizen_lab_01.print_hello scheduled__2021-12-11T04:00:00+00:00 [queued]>
[2022-08-23 12:32:54,673] {taskinstance.py:1376} INFO - 
--------------------------------------------------------------------------------
[2022-08-23 12:32:54,673] {taskinstance.py:1377} INFO - Starting attempt 1 of 2
[2022-08-23 12:32:54,673] {taskinstance.py:1378} INFO - 
--------------------------------------------------------------------------------
[2022-08-23 12:32:54,690] {taskinstance.py:1397} INFO - Executing <Task(BashOperator): print_hello> on 2021-12-11 04:00:00+00:00
[2022-08-23 12:32:54,698] {standard_task_runner.py:52} INFO - Started process 9997 to run task
[2022-08-23 12:32:54,702] {standard_task_runner.py:79} INFO - Running: ['***', 'tasks', 'run', 'raizen_lab_01', 'print_hello', 'scheduled__2021-12-11T04:00:00+00:00', '--job-id', '6093', '--raw', '--subdir', 'DAGS_FOLDER/raizen_lab_01.py', '--cfg-path', '/tmp/tmpgbd5ldf2', '--error-file', '/tmp/tmpggl0xy42']
[2022-08-23 12:32:54,704] {standard_task_runner.py:80} INFO - Job 6093: Subtask print_hello
[2022-08-23 12:32:54,783] {task_command.py:371} INFO - Running <TaskInstance: raizen_lab_01.print_hello scheduled__2021-12-11T04:00:00+00:00 [running]> on host 6383a3236c72
[2022-08-23 12:32:54,868] {taskinstance.py:1591} INFO - Exporting the following env vars:
AIRFLOW_CTX_DAG_OWNER=admin
AIRFLOW_CTX_DAG_ID=raizen_lab_01
AIRFLOW_CTX_TASK_ID=print_hello
AIRFLOW_CTX_EXECUTION_DATE=2021-12-11T04:00:00+00:00
AIRFLOW_CTX_TRY_NUMBER=1
AIRFLOW_CTX_DAG_RUN_ID=scheduled__2021-12-11T04:00:00+00:00
[2022-08-23 12:32:54,870] {subprocess.py:62} INFO - Tmp dir root location: 
 /tmp
[2022-08-23 12:32:54,871] {subprocess.py:74} INFO - Running command: ['bash', '-c', 'echo "hello"']
[2022-08-23 12:32:54,887] {subprocess.py:85} INFO - Output:
[2022-08-23 12:32:54,889] {subprocess.py:92} INFO - hello
[2022-08-23 12:32:54,889] {subprocess.py:96} INFO - Command exited with return code 0
[2022-08-23 12:32:54,919] {taskinstance.py:1420} INFO - Marking task as SUCCESS. dag_id=raizen_lab_01, task_id=print_hello, execution_date=20211211T040000, start_date=20220823T123254, end_date=20220823T123254
[2022-08-23 12:32:54,953] {local_task_job.py:156} INFO - Task exited with return code 0
[2022-08-23 12:32:55,006] {local_task_job.py:273} INFO - 1 downstream tasks scheduled from follow-on schedule check
