[2022-08-23 11:59:36,881] {taskinstance.py:1179} INFO - Dependencies all met for <TaskInstance: raizen_lab_01.sleep scheduled__2021-10-23T14:00:00+00:00 [queued]>
[2022-08-23 11:59:36,899] {taskinstance.py:1179} INFO - Dependencies all met for <TaskInstance: raizen_lab_01.sleep scheduled__2021-10-23T14:00:00+00:00 [queued]>
[2022-08-23 11:59:36,899] {taskinstance.py:1376} INFO - 
--------------------------------------------------------------------------------
[2022-08-23 11:59:36,900] {taskinstance.py:1377} INFO - Starting attempt 1 of 2
[2022-08-23 11:59:36,901] {taskinstance.py:1378} INFO - 
--------------------------------------------------------------------------------
[2022-08-23 11:59:36,931] {taskinstance.py:1397} INFO - Executing <Task(BashOperator): sleep> on 2021-10-23 14:00:00+00:00
[2022-08-23 11:59:36,939] {standard_task_runner.py:52} INFO - Started process 661 to run task
[2022-08-23 11:59:36,945] {standard_task_runner.py:79} INFO - Running: ['***', 'tasks', 'run', 'raizen_lab_01', 'sleep', 'scheduled__2021-10-23T14:00:00+00:00', '--job-id', '2590', '--raw', '--subdir', 'DAGS_FOLDER/raizen_lab_01.py', '--cfg-path', '/tmp/tmpq23e0ycc', '--error-file', '/tmp/tmpam6cl_28']
[2022-08-23 11:59:36,946] {standard_task_runner.py:80} INFO - Job 2590: Subtask sleep
[2022-08-23 11:59:37,073] {task_command.py:371} INFO - Running <TaskInstance: raizen_lab_01.sleep scheduled__2021-10-23T14:00:00+00:00 [running]> on host 9f4b06248101
[2022-08-23 11:59:37,218] {taskinstance.py:1591} INFO - Exporting the following env vars:
AIRFLOW_CTX_DAG_OWNER=admin
AIRFLOW_CTX_DAG_ID=raizen_lab_01
AIRFLOW_CTX_TASK_ID=sleep
AIRFLOW_CTX_EXECUTION_DATE=2021-10-23T14:00:00+00:00
AIRFLOW_CTX_TRY_NUMBER=1
AIRFLOW_CTX_DAG_RUN_ID=scheduled__2021-10-23T14:00:00+00:00
[2022-08-23 11:59:37,220] {subprocess.py:62} INFO - Tmp dir root location: 
 /tmp
[2022-08-23 11:59:37,222] {subprocess.py:74} INFO - Running command: ['bash', '-c', 'sleep 5']
[2022-08-23 11:59:37,243] {subprocess.py:85} INFO - Output:
[2022-08-23 11:59:42,250] {subprocess.py:96} INFO - Command exited with return code 0
[2022-08-23 11:59:42,343] {taskinstance.py:1420} INFO - Marking task as SUCCESS. dag_id=raizen_lab_01, task_id=sleep, execution_date=20211023T140000, start_date=20220823T115936, end_date=20220823T115942
[2022-08-23 11:59:42,417] {local_task_job.py:156} INFO - Task exited with return code 0
[2022-08-23 11:59:42,748] {local_task_job.py:273} INFO - 0 downstream tasks scheduled from follow-on schedule check
