[2022-08-23 20:03:50,019] {taskinstance.py:1179} INFO - Dependencies all met for <TaskInstance: raizen_lab_01.sleep manual__2022-08-23T20:02:14.980405+00:00 [queued]>
[2022-08-23 20:03:50,036] {taskinstance.py:1179} INFO - Dependencies all met for <TaskInstance: raizen_lab_01.sleep manual__2022-08-23T20:02:14.980405+00:00 [queued]>
[2022-08-23 20:03:50,036] {taskinstance.py:1376} INFO - 
--------------------------------------------------------------------------------
[2022-08-23 20:03:50,037] {taskinstance.py:1377} INFO - Starting attempt 1 of 2
[2022-08-23 20:03:50,037] {taskinstance.py:1378} INFO - 
--------------------------------------------------------------------------------
[2022-08-23 20:03:50,058] {taskinstance.py:1397} INFO - Executing <Task(BashOperator): sleep> on 2022-08-23 20:02:14.980405+00:00
[2022-08-23 20:03:50,066] {standard_task_runner.py:52} INFO - Started process 287 to run task
[2022-08-23 20:03:50,072] {standard_task_runner.py:79} INFO - Running: ['***', 'tasks', 'run', 'raizen_lab_01', 'sleep', 'manual__2022-08-23T20:02:14.980405+00:00', '--job-id', '9379', '--raw', '--subdir', 'DAGS_FOLDER/raizen_lab_01.py', '--cfg-path', '/tmp/tmpvf7kw0_a', '--error-file', '/tmp/tmpspf8ma77']
[2022-08-23 20:03:50,075] {standard_task_runner.py:80} INFO - Job 9379: Subtask sleep
[2022-08-23 20:03:50,183] {task_command.py:371} INFO - Running <TaskInstance: raizen_lab_01.sleep manual__2022-08-23T20:02:14.980405+00:00 [running]> on host 80fce776ee1f
[2022-08-23 20:03:50,300] {taskinstance.py:1591} INFO - Exporting the following env vars:
AIRFLOW_CTX_DAG_OWNER=admin
AIRFLOW_CTX_DAG_ID=raizen_lab_01
AIRFLOW_CTX_TASK_ID=sleep
AIRFLOW_CTX_EXECUTION_DATE=2022-08-23T20:02:14.980405+00:00
AIRFLOW_CTX_TRY_NUMBER=1
AIRFLOW_CTX_DAG_RUN_ID=manual__2022-08-23T20:02:14.980405+00:00
[2022-08-23 20:03:50,303] {subprocess.py:62} INFO - Tmp dir root location: 
 /tmp
[2022-08-23 20:03:50,304] {subprocess.py:74} INFO - Running command: ['bash', '-c', 'sleep 5']
[2022-08-23 20:03:50,325] {subprocess.py:85} INFO - Output:
[2022-08-23 20:03:55,329] {subprocess.py:96} INFO - Command exited with return code 0
[2022-08-23 20:03:55,413] {taskinstance.py:1420} INFO - Marking task as SUCCESS. dag_id=raizen_lab_01, task_id=sleep, execution_date=20220823T200214, start_date=20220823T200350, end_date=20220823T200355
[2022-08-23 20:03:55,484] {local_task_job.py:156} INFO - Task exited with return code 0
[2022-08-23 20:03:55,576] {local_task_job.py:273} INFO - 1 downstream tasks scheduled from follow-on schedule check
