[2022-08-23 12:05:53,804] {taskinstance.py:1179} INFO - Dependencies all met for <TaskInstance: raizen_lab_01.sleep scheduled__2021-10-25T03:00:00+00:00 [queued]>
[2022-08-23 12:05:53,812] {taskinstance.py:1179} INFO - Dependencies all met for <TaskInstance: raizen_lab_01.sleep scheduled__2021-10-25T03:00:00+00:00 [queued]>
[2022-08-23 12:05:53,812] {taskinstance.py:1376} INFO - 
--------------------------------------------------------------------------------
[2022-08-23 12:05:53,812] {taskinstance.py:1377} INFO - Starting attempt 1 of 2
[2022-08-23 12:05:53,813] {taskinstance.py:1378} INFO - 
--------------------------------------------------------------------------------
[2022-08-23 12:05:53,826] {taskinstance.py:1397} INFO - Executing <Task(BashOperator): sleep> on 2021-10-25 03:00:00+00:00
[2022-08-23 12:05:53,831] {standard_task_runner.py:52} INFO - Started process 276 to run task
[2022-08-23 12:05:53,834] {standard_task_runner.py:79} INFO - Running: ['***', 'tasks', 'run', 'raizen_lab_01', 'sleep', 'scheduled__2021-10-25T03:00:00+00:00', '--job-id', '2697', '--raw', '--subdir', 'DAGS_FOLDER/raizen_lab_01.py', '--cfg-path', '/tmp/tmp4xbuvqqx', '--error-file', '/tmp/tmpxq6rn8kf']
[2022-08-23 12:05:53,834] {standard_task_runner.py:80} INFO - Job 2697: Subtask sleep
[2022-08-23 12:05:53,888] {task_command.py:371} INFO - Running <TaskInstance: raizen_lab_01.sleep scheduled__2021-10-25T03:00:00+00:00 [running]> on host 67b6bdae536e
[2022-08-23 12:05:53,980] {taskinstance.py:1591} INFO - Exporting the following env vars:
AIRFLOW_CTX_DAG_OWNER=admin
AIRFLOW_CTX_DAG_ID=raizen_lab_01
AIRFLOW_CTX_TASK_ID=sleep
AIRFLOW_CTX_EXECUTION_DATE=2021-10-25T03:00:00+00:00
AIRFLOW_CTX_TRY_NUMBER=1
AIRFLOW_CTX_DAG_RUN_ID=scheduled__2021-10-25T03:00:00+00:00
[2022-08-23 12:05:53,982] {subprocess.py:62} INFO - Tmp dir root location: 
 /tmp
[2022-08-23 12:05:53,983] {subprocess.py:74} INFO - Running command: ['bash', '-c', 'sleep 5']
[2022-08-23 12:05:53,999] {subprocess.py:85} INFO - Output:
[2022-08-23 12:05:59,002] {subprocess.py:96} INFO - Command exited with return code 0
[2022-08-23 12:05:59,104] {taskinstance.py:1420} INFO - Marking task as SUCCESS. dag_id=raizen_lab_01, task_id=sleep, execution_date=20211025T030000, start_date=20220823T120553, end_date=20220823T120559
[2022-08-23 12:05:59,142] {local_task_job.py:156} INFO - Task exited with return code 0
[2022-08-23 12:05:59,220] {local_task_job.py:273} INFO - 1 downstream tasks scheduled from follow-on schedule check
