[2022-08-23 11:37:20,734] {taskinstance.py:1179} INFO - Dependencies all met for <TaskInstance: raizen_lab_01.print_hello scheduled__2021-10-09T18:00:00+00:00 [queued]>
[2022-08-23 11:37:20,754] {taskinstance.py:1179} INFO - Dependencies all met for <TaskInstance: raizen_lab_01.print_hello scheduled__2021-10-09T18:00:00+00:00 [queued]>
[2022-08-23 11:37:20,755] {taskinstance.py:1376} INFO - 
--------------------------------------------------------------------------------
[2022-08-23 11:37:20,755] {taskinstance.py:1377} INFO - Starting attempt 1 of 2
[2022-08-23 11:37:20,756] {taskinstance.py:1378} INFO - 
--------------------------------------------------------------------------------
[2022-08-23 11:37:20,784] {taskinstance.py:1397} INFO - Executing <Task(BashOperator): print_hello> on 2021-10-09 18:00:00+00:00
[2022-08-23 11:37:20,791] {standard_task_runner.py:52} INFO - Started process 363 to run task
[2022-08-23 11:37:20,797] {standard_task_runner.py:79} INFO - Running: ['***', 'tasks', 'run', 'raizen_lab_01', 'print_hello', 'scheduled__2021-10-09T18:00:00+00:00', '--job-id', '1576', '--raw', '--subdir', 'DAGS_FOLDER/raizen_lab_01.py', '--cfg-path', '/tmp/tmpyv_dgai3', '--error-file', '/tmp/tmpfbifas7t']
[2022-08-23 11:37:20,798] {standard_task_runner.py:80} INFO - Job 1576: Subtask print_hello
[2022-08-23 11:37:20,908] {task_command.py:371} INFO - Running <TaskInstance: raizen_lab_01.print_hello scheduled__2021-10-09T18:00:00+00:00 [running]> on host 7f48b7aaf0fc
[2022-08-23 11:37:21,033] {taskinstance.py:1591} INFO - Exporting the following env vars:
AIRFLOW_CTX_DAG_OWNER=admin
AIRFLOW_CTX_DAG_ID=raizen_lab_01
AIRFLOW_CTX_TASK_ID=print_hello
AIRFLOW_CTX_EXECUTION_DATE=2021-10-09T18:00:00+00:00
AIRFLOW_CTX_TRY_NUMBER=1
AIRFLOW_CTX_DAG_RUN_ID=scheduled__2021-10-09T18:00:00+00:00
[2022-08-23 11:37:21,035] {subprocess.py:62} INFO - Tmp dir root location: 
 /tmp
[2022-08-23 11:37:21,037] {subprocess.py:74} INFO - Running command: ['bash', '-c', 'echo "hello"']
[2022-08-23 11:37:21,053] {subprocess.py:85} INFO - Output:
[2022-08-23 11:37:21,056] {subprocess.py:92} INFO - hello
[2022-08-23 11:37:21,056] {subprocess.py:96} INFO - Command exited with return code 0
[2022-08-23 11:37:21,118] {taskinstance.py:1420} INFO - Marking task as SUCCESS. dag_id=raizen_lab_01, task_id=print_hello, execution_date=20211009T180000, start_date=20220823T113720, end_date=20220823T113721
[2022-08-23 11:37:21,169] {local_task_job.py:156} INFO - Task exited with return code 0
[2022-08-23 11:37:21,265] {local_task_job.py:273} INFO - 1 downstream tasks scheduled from follow-on schedule check
