[2022-08-23 12:05:59,111] {taskinstance.py:1179} INFO - Dependencies all met for <TaskInstance: raizen_lab_01.print_world scheduled__2021-10-24T22:00:00+00:00 [queued]>
[2022-08-23 12:05:59,123] {taskinstance.py:1179} INFO - Dependencies all met for <TaskInstance: raizen_lab_01.print_world scheduled__2021-10-24T22:00:00+00:00 [queued]>
[2022-08-23 12:05:59,123] {taskinstance.py:1376} INFO - 
--------------------------------------------------------------------------------
[2022-08-23 12:05:59,124] {taskinstance.py:1377} INFO - Starting attempt 1 of 2
[2022-08-23 12:05:59,124] {taskinstance.py:1378} INFO - 
--------------------------------------------------------------------------------
[2022-08-23 12:05:59,142] {taskinstance.py:1397} INFO - Executing <Task(PythonOperator): print_world> on 2021-10-24 22:00:00+00:00
[2022-08-23 12:05:59,147] {standard_task_runner.py:52} INFO - Started process 331 to run task
[2022-08-23 12:05:59,150] {standard_task_runner.py:79} INFO - Running: ['***', 'tasks', 'run', 'raizen_lab_01', 'print_world', 'scheduled__2021-10-24T22:00:00+00:00', '--job-id', '2715', '--raw', '--subdir', 'DAGS_FOLDER/raizen_lab_01.py', '--cfg-path', '/tmp/tmprpi3d3ey', '--error-file', '/tmp/tmppam625ff']
[2022-08-23 12:05:59,150] {standard_task_runner.py:80} INFO - Job 2715: Subtask print_world
[2022-08-23 12:05:59,268] {task_command.py:371} INFO - Running <TaskInstance: raizen_lab_01.print_world scheduled__2021-10-24T22:00:00+00:00 [running]> on host 67b6bdae536e
[2022-08-23 12:05:59,332] {taskinstance.py:1591} INFO - Exporting the following env vars:
AIRFLOW_CTX_DAG_OWNER=admin
AIRFLOW_CTX_DAG_ID=raizen_lab_01
AIRFLOW_CTX_TASK_ID=print_world
AIRFLOW_CTX_EXECUTION_DATE=2021-10-24T22:00:00+00:00
AIRFLOW_CTX_TRY_NUMBER=1
AIRFLOW_CTX_DAG_RUN_ID=scheduled__2021-10-24T22:00:00+00:00
[2022-08-23 12:05:59,334] {logging_mixin.py:115} INFO - world
[2022-08-23 12:05:59,334] {python.py:173} INFO - Done. Returned value was: None
[2022-08-23 12:05:59,345] {taskinstance.py:1420} INFO - Marking task as SUCCESS. dag_id=raizen_lab_01, task_id=print_world, execution_date=20211024T220000, start_date=20220823T120559, end_date=20220823T120559
[2022-08-23 12:05:59,401] {local_task_job.py:156} INFO - Task exited with return code 0
[2022-08-23 12:05:59,429] {local_task_job.py:273} INFO - 0 downstream tasks scheduled from follow-on schedule check
