[2022-08-23 11:46:00,368] {taskinstance.py:1179} INFO - Dependencies all met for <TaskInstance: raizen_lab_01.sleep scheduled__2021-10-16T13:00:00+00:00 [queued]>
[2022-08-23 11:46:00,395] {taskinstance.py:1179} INFO - Dependencies all met for <TaskInstance: raizen_lab_01.sleep scheduled__2021-10-16T13:00:00+00:00 [queued]>
[2022-08-23 11:46:00,396] {taskinstance.py:1376} INFO - 
--------------------------------------------------------------------------------
[2022-08-23 11:46:00,396] {taskinstance.py:1377} INFO - Starting attempt 1 of 2
[2022-08-23 11:46:00,397] {taskinstance.py:1378} INFO - 
--------------------------------------------------------------------------------
[2022-08-23 11:46:00,434] {taskinstance.py:1397} INFO - Executing <Task(BashOperator): sleep> on 2021-10-16 13:00:00+00:00
[2022-08-23 11:46:00,443] {standard_task_runner.py:52} INFO - Started process 184 to run task
[2022-08-23 11:46:00,449] {standard_task_runner.py:79} INFO - Running: ['***', 'tasks', 'run', 'raizen_lab_01', 'sleep', 'scheduled__2021-10-16T13:00:00+00:00', '--job-id', '2069', '--raw', '--subdir', 'DAGS_FOLDER/raizen_lab_01.py', '--cfg-path', '/tmp/tmp1tyequp1', '--error-file', '/tmp/tmpw652vykw']
[2022-08-23 11:46:00,450] {standard_task_runner.py:80} INFO - Job 2069: Subtask sleep
[2022-08-23 11:46:00,580] {task_command.py:371} INFO - Running <TaskInstance: raizen_lab_01.sleep scheduled__2021-10-16T13:00:00+00:00 [running]> on host fc645605a611
[2022-08-23 11:46:00,711] {taskinstance.py:1591} INFO - Exporting the following env vars:
AIRFLOW_CTX_DAG_OWNER=admin
AIRFLOW_CTX_DAG_ID=raizen_lab_01
AIRFLOW_CTX_TASK_ID=sleep
AIRFLOW_CTX_EXECUTION_DATE=2021-10-16T13:00:00+00:00
AIRFLOW_CTX_TRY_NUMBER=1
AIRFLOW_CTX_DAG_RUN_ID=scheduled__2021-10-16T13:00:00+00:00
[2022-08-23 11:46:00,714] {subprocess.py:62} INFO - Tmp dir root location: 
 /tmp
[2022-08-23 11:46:00,715] {subprocess.py:74} INFO - Running command: ['bash', '-c', 'sleep 5']
[2022-08-23 11:46:00,735] {subprocess.py:85} INFO - Output:
[2022-08-23 11:46:05,741] {subprocess.py:96} INFO - Command exited with return code 0
[2022-08-23 11:46:05,814] {taskinstance.py:1420} INFO - Marking task as SUCCESS. dag_id=raizen_lab_01, task_id=sleep, execution_date=20211016T130000, start_date=20220823T114600, end_date=20220823T114605
[2022-08-23 11:46:05,910] {local_task_job.py:156} INFO - Task exited with return code 0
[2022-08-23 11:46:05,982] {local_task_job.py:273} INFO - 1 downstream tasks scheduled from follow-on schedule check
