[2022-08-23 13:14:45,151] {taskinstance.py:1179} INFO - Dependencies all met for <TaskInstance: raizen_lab_01.step_01 scheduled__2021-12-30T13:00:00+00:00 [queued]>
[2022-08-23 13:14:45,164] {taskinstance.py:1179} INFO - Dependencies all met for <TaskInstance: raizen_lab_01.step_01 scheduled__2021-12-30T13:00:00+00:00 [queued]>
[2022-08-23 13:14:45,165] {taskinstance.py:1376} INFO - 
--------------------------------------------------------------------------------
[2022-08-23 13:14:45,165] {taskinstance.py:1377} INFO - Starting attempt 1 of 2
[2022-08-23 13:14:45,166] {taskinstance.py:1378} INFO - 
--------------------------------------------------------------------------------
[2022-08-23 13:14:45,187] {taskinstance.py:1397} INFO - Executing <Task(BashOperator): step_01> on 2021-12-30 13:00:00+00:00
[2022-08-23 13:14:45,195] {standard_task_runner.py:52} INFO - Started process 637 to run task
[2022-08-23 13:14:45,200] {standard_task_runner.py:79} INFO - Running: ['***', 'tasks', 'run', 'raizen_lab_01', 'step_01', 'scheduled__2021-12-30T13:00:00+00:00', '--job-id', '7484', '--raw', '--subdir', 'DAGS_FOLDER/raizen_lab_01.py', '--cfg-path', '/tmp/tmppxi29w64', '--error-file', '/tmp/tmpacnpkevv']
[2022-08-23 13:14:45,202] {standard_task_runner.py:80} INFO - Job 7484: Subtask step_01
[2022-08-23 13:14:45,290] {task_command.py:371} INFO - Running <TaskInstance: raizen_lab_01.step_01 scheduled__2021-12-30T13:00:00+00:00 [running]> on host 94e929fe2c87
[2022-08-23 13:14:45,384] {taskinstance.py:1591} INFO - Exporting the following env vars:
AIRFLOW_CTX_DAG_OWNER=admin
AIRFLOW_CTX_DAG_ID=raizen_lab_01
AIRFLOW_CTX_TASK_ID=step_01
AIRFLOW_CTX_EXECUTION_DATE=2021-12-30T13:00:00+00:00
AIRFLOW_CTX_TRY_NUMBER=1
AIRFLOW_CTX_DAG_RUN_ID=scheduled__2021-12-30T13:00:00+00:00
[2022-08-23 13:14:45,386] {subprocess.py:62} INFO - Tmp dir root location: 
 /tmp
[2022-08-23 13:14:45,387] {subprocess.py:74} INFO - Running command: ['bash', '-c', 'echo "hello"']
[2022-08-23 13:14:45,404] {subprocess.py:85} INFO - Output:
[2022-08-23 13:14:45,406] {subprocess.py:92} INFO - hello
[2022-08-23 13:14:45,406] {subprocess.py:96} INFO - Command exited with return code 0
[2022-08-23 13:14:45,439] {taskinstance.py:1420} INFO - Marking task as SUCCESS. dag_id=raizen_lab_01, task_id=step_01, execution_date=20211230T130000, start_date=20220823T131445, end_date=20220823T131445
[2022-08-23 13:14:45,491] {local_task_job.py:156} INFO - Task exited with return code 0
[2022-08-23 13:14:45,543] {local_task_job.py:273} INFO - 1 downstream tasks scheduled from follow-on schedule check
