[2022-08-23 11:47:47,236] {taskinstance.py:1179} INFO - Dependencies all met for <TaskInstance: raizen_lab_01.print_world scheduled__2021-10-20T01:00:00+00:00 [queued]>
[2022-08-23 11:47:47,258] {taskinstance.py:1179} INFO - Dependencies all met for <TaskInstance: raizen_lab_01.print_world scheduled__2021-10-20T01:00:00+00:00 [queued]>
[2022-08-23 11:47:47,259] {taskinstance.py:1376} INFO - 
--------------------------------------------------------------------------------
[2022-08-23 11:47:47,260] {taskinstance.py:1377} INFO - Starting attempt 1 of 2
[2022-08-23 11:47:47,260] {taskinstance.py:1378} INFO - 
--------------------------------------------------------------------------------
[2022-08-23 11:47:47,287] {taskinstance.py:1397} INFO - Executing <Task(PythonOperator): print_world> on 2021-10-20 01:00:00+00:00
[2022-08-23 11:47:47,295] {standard_task_runner.py:52} INFO - Started process 978 to run task
[2022-08-23 11:47:47,301] {standard_task_runner.py:79} INFO - Running: ['***', 'tasks', 'run', 'raizen_lab_01', 'print_world', 'scheduled__2021-10-20T01:00:00+00:00', '--job-id', '2340', '--raw', '--subdir', 'DAGS_FOLDER/raizen_lab_01.py', '--cfg-path', '/tmp/tmp6ry9fxk8', '--error-file', '/tmp/tmpx_1b36v0']
[2022-08-23 11:47:47,302] {standard_task_runner.py:80} INFO - Job 2340: Subtask print_world
[2022-08-23 11:47:47,420] {task_command.py:371} INFO - Running <TaskInstance: raizen_lab_01.print_world scheduled__2021-10-20T01:00:00+00:00 [running]> on host fc645605a611
[2022-08-23 11:47:47,556] {taskinstance.py:1591} INFO - Exporting the following env vars:
AIRFLOW_CTX_DAG_OWNER=admin
AIRFLOW_CTX_DAG_ID=raizen_lab_01
AIRFLOW_CTX_TASK_ID=print_world
AIRFLOW_CTX_EXECUTION_DATE=2021-10-20T01:00:00+00:00
AIRFLOW_CTX_TRY_NUMBER=1
AIRFLOW_CTX_DAG_RUN_ID=scheduled__2021-10-20T01:00:00+00:00
[2022-08-23 11:47:47,558] {logging_mixin.py:115} INFO - world
[2022-08-23 11:47:47,558] {python.py:173} INFO - Done. Returned value was: None
[2022-08-23 11:47:47,578] {taskinstance.py:1420} INFO - Marking task as SUCCESS. dag_id=raizen_lab_01, task_id=print_world, execution_date=20211020T010000, start_date=20220823T114747, end_date=20220823T114747
[2022-08-23 11:47:47,633] {local_task_job.py:156} INFO - Task exited with return code 0
[2022-08-23 11:47:47,689] {local_task_job.py:273} INFO - 0 downstream tasks scheduled from follow-on schedule check
