[2022-08-23 23:25:07,141] {taskinstance.py:1179} INFO - Dependencies all met for <TaskInstance: raizen_lab_01.step_01 manual__2022-08-23T23:24:00.540534+00:00 [queued]>
[2022-08-23 23:25:07,156] {taskinstance.py:1179} INFO - Dependencies all met for <TaskInstance: raizen_lab_01.step_01 manual__2022-08-23T23:24:00.540534+00:00 [queued]>
[2022-08-23 23:25:07,157] {taskinstance.py:1376} INFO - 
--------------------------------------------------------------------------------
[2022-08-23 23:25:07,157] {taskinstance.py:1377} INFO - Starting attempt 1 of 2
[2022-08-23 23:25:07,158] {taskinstance.py:1378} INFO - 
--------------------------------------------------------------------------------
[2022-08-23 23:25:07,179] {taskinstance.py:1397} INFO - Executing <Task(BashOperator): step_01> on 2022-08-23 23:24:00.540534+00:00
[2022-08-23 23:25:07,187] {standard_task_runner.py:52} INFO - Started process 110 to run task
[2022-08-23 23:25:07,191] {standard_task_runner.py:79} INFO - Running: ['***', 'tasks', 'run', 'raizen_lab_01', 'step_01', 'manual__2022-08-23T23:24:00.540534+00:00', '--job-id', '9509', '--raw', '--subdir', 'DAGS_FOLDER/raizen_lab_01.py', '--cfg-path', '/tmp/tmp3r7bkwr7', '--error-file', '/tmp/tmpd5o03sw0']
[2022-08-23 23:25:07,193] {standard_task_runner.py:80} INFO - Job 9509: Subtask step_01
[2022-08-23 23:25:07,275] {task_command.py:371} INFO - Running <TaskInstance: raizen_lab_01.step_01 manual__2022-08-23T23:24:00.540534+00:00 [running]> on host 25dd15f8d678
[2022-08-23 23:25:07,387] {taskinstance.py:1591} INFO - Exporting the following env vars:
AIRFLOW_CTX_DAG_OWNER=admin
AIRFLOW_CTX_DAG_ID=raizen_lab_01
AIRFLOW_CTX_TASK_ID=step_01
AIRFLOW_CTX_EXECUTION_DATE=2022-08-23T23:24:00.540534+00:00
AIRFLOW_CTX_TRY_NUMBER=1
AIRFLOW_CTX_DAG_RUN_ID=manual__2022-08-23T23:24:00.540534+00:00
[2022-08-23 23:25:07,389] {subprocess.py:62} INFO - Tmp dir root location: 
 /tmp
[2022-08-23 23:25:07,390] {subprocess.py:74} INFO - Running command: ['bash', '-c', 'echo "Fim da Ingestao"']
[2022-08-23 23:25:07,406] {subprocess.py:85} INFO - Output:
[2022-08-23 23:25:07,408] {subprocess.py:92} INFO - Fim da Ingestao
[2022-08-23 23:25:07,408] {subprocess.py:96} INFO - Command exited with return code 0
[2022-08-23 23:25:07,448] {taskinstance.py:1420} INFO - Marking task as SUCCESS. dag_id=raizen_lab_01, task_id=step_01, execution_date=20220823T232400, start_date=20220823T232507, end_date=20220823T232507
[2022-08-23 23:25:07,484] {local_task_job.py:156} INFO - Task exited with return code 0
[2022-08-23 23:25:07,522] {local_task_job.py:273} INFO - 0 downstream tasks scheduled from follow-on schedule check
