[2022-08-23 11:58:40,132] {taskinstance.py:1179} INFO - Dependencies all met for <TaskInstance: raizen_lab_01.print_world scheduled__2021-10-21T09:00:00+00:00 [queued]>
[2022-08-23 11:58:40,165] {taskinstance.py:1179} INFO - Dependencies all met for <TaskInstance: raizen_lab_01.print_world scheduled__2021-10-21T09:00:00+00:00 [queued]>
[2022-08-23 11:58:40,166] {taskinstance.py:1376} INFO - 
--------------------------------------------------------------------------------
[2022-08-23 11:58:40,167] {taskinstance.py:1377} INFO - Starting attempt 1 of 2
[2022-08-23 11:58:40,171] {taskinstance.py:1378} INFO - 
--------------------------------------------------------------------------------
[2022-08-23 11:58:40,209] {taskinstance.py:1397} INFO - Executing <Task(PythonOperator): print_world> on 2021-10-21 09:00:00+00:00
[2022-08-23 11:58:40,221] {standard_task_runner.py:52} INFO - Started process 189 to run task
[2022-08-23 11:58:40,232] {standard_task_runner.py:79} INFO - Running: ['***', 'tasks', 'run', 'raizen_lab_01', 'print_world', 'scheduled__2021-10-21T09:00:00+00:00', '--job-id', '2426', '--raw', '--subdir', 'DAGS_FOLDER/raizen_lab_01.py', '--cfg-path', '/tmp/tmpid7dz9n2', '--error-file', '/tmp/tmpzxtrjydb']
[2022-08-23 11:58:40,234] {standard_task_runner.py:80} INFO - Job 2426: Subtask print_world
[2022-08-23 11:58:40,459] {task_command.py:371} INFO - Running <TaskInstance: raizen_lab_01.print_world scheduled__2021-10-21T09:00:00+00:00 [running]> on host 9f4b06248101
[2022-08-23 11:58:40,701] {taskinstance.py:1591} INFO - Exporting the following env vars:
AIRFLOW_CTX_DAG_OWNER=admin
AIRFLOW_CTX_DAG_ID=raizen_lab_01
AIRFLOW_CTX_TASK_ID=print_world
AIRFLOW_CTX_EXECUTION_DATE=2021-10-21T09:00:00+00:00
AIRFLOW_CTX_TRY_NUMBER=1
AIRFLOW_CTX_DAG_RUN_ID=scheduled__2021-10-21T09:00:00+00:00
[2022-08-23 11:58:40,703] {logging_mixin.py:115} INFO - world
[2022-08-23 11:58:40,704] {python.py:173} INFO - Done. Returned value was: None
[2022-08-23 11:58:40,824] {taskinstance.py:1420} INFO - Marking task as SUCCESS. dag_id=raizen_lab_01, task_id=print_world, execution_date=20211021T090000, start_date=20220823T115840, end_date=20220823T115840
[2022-08-23 11:58:40,908] {local_task_job.py:156} INFO - Task exited with return code 0
[2022-08-23 11:58:40,964] {local_task_job.py:273} INFO - 0 downstream tasks scheduled from follow-on schedule check
