[2022-08-23 11:28:31,876] {taskinstance.py:1179} INFO - Dependencies all met for <TaskInstance: raizen_lab_01.sleep scheduled__2021-09-20T09:00:00+00:00 [queued]>
[2022-08-23 11:28:31,901] {taskinstance.py:1179} INFO - Dependencies all met for <TaskInstance: raizen_lab_01.sleep scheduled__2021-09-20T09:00:00+00:00 [queued]>
[2022-08-23 11:28:31,902] {taskinstance.py:1376} INFO - 
--------------------------------------------------------------------------------
[2022-08-23 11:28:31,904] {taskinstance.py:1377} INFO - Starting attempt 1 of 2
[2022-08-23 11:28:31,905] {taskinstance.py:1378} INFO - 
--------------------------------------------------------------------------------
[2022-08-23 11:28:31,943] {taskinstance.py:1397} INFO - Executing <Task(BashOperator): sleep> on 2021-09-20 09:00:00+00:00
[2022-08-23 11:28:31,964] {standard_task_runner.py:52} INFO - Started process 458 to run task
[2022-08-23 11:28:31,971] {standard_task_runner.py:79} INFO - Running: ['***', 'tasks', 'run', 'raizen_lab_01', 'sleep', 'scheduled__2021-09-20T09:00:00+00:00', '--job-id', '189', '--raw', '--subdir', 'DAGS_FOLDER/raizen_lab_01.py', '--cfg-path', '/tmp/tmpua4_4jr7', '--error-file', '/tmp/tmpr1ss3xoj']
[2022-08-23 11:28:31,972] {standard_task_runner.py:80} INFO - Job 189: Subtask sleep
[2022-08-23 11:28:32,116] {task_command.py:371} INFO - Running <TaskInstance: raizen_lab_01.sleep scheduled__2021-09-20T09:00:00+00:00 [running]> on host 7f48b7aaf0fc
[2022-08-23 11:28:32,280] {taskinstance.py:1591} INFO - Exporting the following env vars:
AIRFLOW_CTX_DAG_OWNER=admin
AIRFLOW_CTX_DAG_ID=raizen_lab_01
AIRFLOW_CTX_TASK_ID=sleep
AIRFLOW_CTX_EXECUTION_DATE=2021-09-20T09:00:00+00:00
AIRFLOW_CTX_TRY_NUMBER=1
AIRFLOW_CTX_DAG_RUN_ID=scheduled__2021-09-20T09:00:00+00:00
[2022-08-23 11:28:32,282] {subprocess.py:62} INFO - Tmp dir root location: 
 /tmp
[2022-08-23 11:28:32,284] {subprocess.py:74} INFO - Running command: ['bash', '-c', 'sleep 5']
[2022-08-23 11:28:32,338] {subprocess.py:85} INFO - Output:
[2022-08-23 11:28:37,343] {subprocess.py:96} INFO - Command exited with return code 0
[2022-08-23 11:28:37,478] {taskinstance.py:1420} INFO - Marking task as SUCCESS. dag_id=raizen_lab_01, task_id=sleep, execution_date=20210920T090000, start_date=20220823T112831, end_date=20220823T112837
[2022-08-23 11:28:37,512] {local_task_job.py:156} INFO - Task exited with return code 0
[2022-08-23 11:28:37,559] {local_task_job.py:273} INFO - 1 downstream tasks scheduled from follow-on schedule check
