[2022-08-24 02:12:57,898] {taskinstance.py:1179} INFO - Dependencies all met for <TaskInstance: raizen_lab_01.oi_mara manual__2022-08-24T02:12:50.307515+00:00 [queued]>
[2022-08-24 02:12:57,914] {taskinstance.py:1179} INFO - Dependencies all met for <TaskInstance: raizen_lab_01.oi_mara manual__2022-08-24T02:12:50.307515+00:00 [queued]>
[2022-08-24 02:12:57,915] {taskinstance.py:1376} INFO - 
--------------------------------------------------------------------------------
[2022-08-24 02:12:57,916] {taskinstance.py:1377} INFO - Starting attempt 1 of 2
[2022-08-24 02:12:57,921] {taskinstance.py:1378} INFO - 
--------------------------------------------------------------------------------
[2022-08-24 02:12:57,945] {taskinstance.py:1397} INFO - Executing <Task(PythonOperator): oi_mara> on 2022-08-24 02:12:50.307515+00:00
[2022-08-24 02:12:57,953] {standard_task_runner.py:52} INFO - Started process 100 to run task
[2022-08-24 02:12:57,960] {standard_task_runner.py:79} INFO - Running: ['***', 'tasks', 'run', 'raizen_lab_01', 'oi_mara', 'manual__2022-08-24T02:12:50.307515+00:00', '--job-id', '9679', '--raw', '--subdir', 'DAGS_FOLDER/raizen_lab_01.py', '--cfg-path', '/tmp/tmpc3ztgsv3', '--error-file', '/tmp/tmp9qwb931b']
[2022-08-24 02:12:57,963] {standard_task_runner.py:80} INFO - Job 9679: Subtask oi_mara
[2022-08-24 02:12:58,068] {task_command.py:371} INFO - Running <TaskInstance: raizen_lab_01.oi_mara manual__2022-08-24T02:12:50.307515+00:00 [running]> on host b8d797566373
[2022-08-24 02:12:58,173] {taskinstance.py:1591} INFO - Exporting the following env vars:
AIRFLOW_CTX_DAG_OWNER=admin
AIRFLOW_CTX_DAG_ID=raizen_lab_01
AIRFLOW_CTX_TASK_ID=oi_mara
AIRFLOW_CTX_EXECUTION_DATE=2022-08-24T02:12:50.307515+00:00
AIRFLOW_CTX_TRY_NUMBER=1
AIRFLOW_CTX_DAG_RUN_ID=manual__2022-08-24T02:12:50.307515+00:00
[2022-08-24 02:12:58,175] {logging_mixin.py:115} INFO - OLA GATA
[2022-08-24 02:12:58,176] {python.py:173} INFO - Done. Returned value was: None
[2022-08-24 02:12:58,196] {taskinstance.py:1420} INFO - Marking task as SUCCESS. dag_id=raizen_lab_01, task_id=oi_mara, execution_date=20220824T021250, start_date=20220824T021257, end_date=20220824T021258
[2022-08-24 02:12:58,250] {local_task_job.py:156} INFO - Task exited with return code 0
[2022-08-24 02:12:58,300] {local_task_job.py:273} INFO - 0 downstream tasks scheduled from follow-on schedule check
