[2022-08-23 11:47:38,870] {taskinstance.py:1179} INFO - Dependencies all met for <TaskInstance: raizen_lab_01.print_hello scheduled__2021-10-20T00:00:00+00:00 [queued]>
[2022-08-23 11:47:38,896] {taskinstance.py:1179} INFO - Dependencies all met for <TaskInstance: raizen_lab_01.print_hello scheduled__2021-10-20T00:00:00+00:00 [queued]>
[2022-08-23 11:47:38,897] {taskinstance.py:1376} INFO - 
--------------------------------------------------------------------------------
[2022-08-23 11:47:38,899] {taskinstance.py:1377} INFO - Starting attempt 1 of 2
[2022-08-23 11:47:38,901] {taskinstance.py:1378} INFO - 
--------------------------------------------------------------------------------
[2022-08-23 11:47:38,955] {taskinstance.py:1397} INFO - Executing <Task(BashOperator): print_hello> on 2021-10-20 00:00:00+00:00
[2022-08-23 11:47:38,968] {standard_task_runner.py:52} INFO - Started process 903 to run task
[2022-08-23 11:47:38,979] {standard_task_runner.py:79} INFO - Running: ['***', 'tasks', 'run', 'raizen_lab_01', 'print_hello', 'scheduled__2021-10-20T00:00:00+00:00', '--job-id', '2314', '--raw', '--subdir', 'DAGS_FOLDER/raizen_lab_01.py', '--cfg-path', '/tmp/tmp1f0e5vgd', '--error-file', '/tmp/tmpclzmou7c']
[2022-08-23 11:47:38,981] {standard_task_runner.py:80} INFO - Job 2314: Subtask print_hello
[2022-08-23 11:47:39,144] {task_command.py:371} INFO - Running <TaskInstance: raizen_lab_01.print_hello scheduled__2021-10-20T00:00:00+00:00 [running]> on host fc645605a611
[2022-08-23 11:47:39,344] {taskinstance.py:1591} INFO - Exporting the following env vars:
AIRFLOW_CTX_DAG_OWNER=admin
AIRFLOW_CTX_DAG_ID=raizen_lab_01
AIRFLOW_CTX_TASK_ID=print_hello
AIRFLOW_CTX_EXECUTION_DATE=2021-10-20T00:00:00+00:00
AIRFLOW_CTX_TRY_NUMBER=1
AIRFLOW_CTX_DAG_RUN_ID=scheduled__2021-10-20T00:00:00+00:00
[2022-08-23 11:47:39,346] {subprocess.py:62} INFO - Tmp dir root location: 
 /tmp
[2022-08-23 11:47:39,348] {subprocess.py:74} INFO - Running command: ['bash', '-c', 'echo "hello"']
[2022-08-23 11:47:39,363] {subprocess.py:85} INFO - Output:
[2022-08-23 11:47:39,365] {subprocess.py:92} INFO - hello
[2022-08-23 11:47:39,366] {subprocess.py:96} INFO - Command exited with return code 0
[2022-08-23 11:47:39,469] {taskinstance.py:1420} INFO - Marking task as SUCCESS. dag_id=raizen_lab_01, task_id=print_hello, execution_date=20211020T000000, start_date=20220823T114738, end_date=20220823T114739
[2022-08-23 11:47:39,507] {local_task_job.py:156} INFO - Task exited with return code 0
[2022-08-23 11:47:39,623] {local_task_job.py:273} INFO - 1 downstream tasks scheduled from follow-on schedule check
