[2022-08-23 12:31:56,388] {taskinstance.py:1179} INFO - Dependencies all met for <TaskInstance: raizen_lab_01.sleep scheduled__2021-12-08T13:00:00+00:00 [queued]>
[2022-08-23 12:31:56,399] {taskinstance.py:1179} INFO - Dependencies all met for <TaskInstance: raizen_lab_01.sleep scheduled__2021-12-08T13:00:00+00:00 [queued]>
[2022-08-23 12:31:56,399] {taskinstance.py:1376} INFO - 
--------------------------------------------------------------------------------
[2022-08-23 12:31:56,400] {taskinstance.py:1377} INFO - Starting attempt 1 of 2
[2022-08-23 12:31:56,400] {taskinstance.py:1378} INFO - 
--------------------------------------------------------------------------------
[2022-08-23 12:31:56,415] {taskinstance.py:1397} INFO - Executing <Task(BashOperator): sleep> on 2021-12-08 13:00:00+00:00
[2022-08-23 12:31:56,421] {standard_task_runner.py:52} INFO - Started process 9286 to run task
[2022-08-23 12:31:56,423] {standard_task_runner.py:79} INFO - Running: ['***', 'tasks', 'run', 'raizen_lab_01', 'sleep', 'scheduled__2021-12-08T13:00:00+00:00', '--job-id', '5910', '--raw', '--subdir', 'DAGS_FOLDER/raizen_lab_01.py', '--cfg-path', '/tmp/tmp5b53gdx4', '--error-file', '/tmp/tmpah99ahx1']
[2022-08-23 12:31:56,425] {standard_task_runner.py:80} INFO - Job 5910: Subtask sleep
[2022-08-23 12:31:56,489] {task_command.py:371} INFO - Running <TaskInstance: raizen_lab_01.sleep scheduled__2021-12-08T13:00:00+00:00 [running]> on host 6383a3236c72
[2022-08-23 12:31:56,582] {taskinstance.py:1591} INFO - Exporting the following env vars:
AIRFLOW_CTX_DAG_OWNER=admin
AIRFLOW_CTX_DAG_ID=raizen_lab_01
AIRFLOW_CTX_TASK_ID=sleep
AIRFLOW_CTX_EXECUTION_DATE=2021-12-08T13:00:00+00:00
AIRFLOW_CTX_TRY_NUMBER=1
AIRFLOW_CTX_DAG_RUN_ID=scheduled__2021-12-08T13:00:00+00:00
[2022-08-23 12:31:56,584] {subprocess.py:62} INFO - Tmp dir root location: 
 /tmp
[2022-08-23 12:31:56,585] {subprocess.py:74} INFO - Running command: ['bash', '-c', 'sleep 5']
[2022-08-23 12:31:56,599] {subprocess.py:85} INFO - Output:
[2022-08-23 12:32:01,602] {subprocess.py:96} INFO - Command exited with return code 0
[2022-08-23 12:32:01,630] {taskinstance.py:1420} INFO - Marking task as SUCCESS. dag_id=raizen_lab_01, task_id=sleep, execution_date=20211208T130000, start_date=20220823T123156, end_date=20220823T123201
[2022-08-23 12:32:01,648] {local_task_job.py:156} INFO - Task exited with return code 0
[2022-08-23 12:32:01,677] {local_task_job.py:273} INFO - 1 downstream tasks scheduled from follow-on schedule check
