[2022-08-24 15:49:07,560] {taskinstance.py:1179} INFO - Dependencies all met for <TaskInstance: raizen_lab_01.insere_dados_na_tabela manual__2022-08-24T15:49:06.227873+00:00 [queued]>
[2022-08-24 15:49:07,567] {taskinstance.py:1179} INFO - Dependencies all met for <TaskInstance: raizen_lab_01.insere_dados_na_tabela manual__2022-08-24T15:49:06.227873+00:00 [queued]>
[2022-08-24 15:49:07,567] {taskinstance.py:1376} INFO - 
--------------------------------------------------------------------------------
[2022-08-24 15:49:07,573] {taskinstance.py:1377} INFO - Starting attempt 1 of 2
[2022-08-24 15:49:07,574] {taskinstance.py:1378} INFO - 
--------------------------------------------------------------------------------
[2022-08-24 15:49:07,586] {taskinstance.py:1397} INFO - Executing <Task(PythonOperator): insere_dados_na_tabela> on 2022-08-24 15:49:06.227873+00:00
[2022-08-24 15:49:07,591] {standard_task_runner.py:52} INFO - Started process 94 to run task
[2022-08-24 15:49:07,594] {standard_task_runner.py:79} INFO - Running: ['***', 'tasks', 'run', 'raizen_lab_01', 'insere_dados_na_tabela', 'manual__2022-08-24T15:49:06.227873+00:00', '--job-id', '9738', '--raw', '--subdir', 'DAGS_FOLDER/raizen_lab_01.py', '--cfg-path', '/tmp/tmpxun9km6r', '--error-file', '/tmp/tmpeypi7x3f']
[2022-08-24 15:49:07,596] {standard_task_runner.py:80} INFO - Job 9738: Subtask insere_dados_na_tabela
[2022-08-24 15:49:07,655] {task_command.py:371} INFO - Running <TaskInstance: raizen_lab_01.insere_dados_na_tabela manual__2022-08-24T15:49:06.227873+00:00 [running]> on host 3f878792eb1e
[2022-08-24 15:49:07,717] {taskinstance.py:1591} INFO - Exporting the following env vars:
AIRFLOW_CTX_DAG_OWNER=admin
AIRFLOW_CTX_DAG_ID=raizen_lab_01
AIRFLOW_CTX_TASK_ID=insere_dados_na_tabela
AIRFLOW_CTX_EXECUTION_DATE=2022-08-24T15:49:06.227873+00:00
AIRFLOW_CTX_TRY_NUMBER=1
AIRFLOW_CTX_DAG_RUN_ID=manual__2022-08-24T15:49:06.227873+00:00
[2022-08-24 15:49:12,610] {logging_mixin.py:115} INFO - TABELA CRIADA
[2022-08-24 15:49:12,610] {python.py:173} INFO - Done. Returned value was: None
[2022-08-24 15:49:12,623] {taskinstance.py:1420} INFO - Marking task as SUCCESS. dag_id=raizen_lab_01, task_id=insere_dados_na_tabela, execution_date=20220824T154906, start_date=20220824T154907, end_date=20220824T154912
[2022-08-24 15:49:12,647] {local_task_job.py:156} INFO - Task exited with return code 0
[2022-08-24 15:49:12,674] {local_task_job.py:273} INFO - 1 downstream tasks scheduled from follow-on schedule check
