[2022-08-23 12:05:40,500] {taskinstance.py:1179} INFO - Dependencies all met for <TaskInstance: raizen_lab_01.sleep scheduled__2021-10-24T10:00:00+00:00 [queued]>
[2022-08-23 12:05:40,526] {taskinstance.py:1179} INFO - Dependencies all met for <TaskInstance: raizen_lab_01.sleep scheduled__2021-10-24T10:00:00+00:00 [queued]>
[2022-08-23 12:05:40,527] {taskinstance.py:1376} INFO - 
--------------------------------------------------------------------------------
[2022-08-23 12:05:40,527] {taskinstance.py:1377} INFO - Starting attempt 1 of 2
[2022-08-23 12:05:40,528] {taskinstance.py:1378} INFO - 
--------------------------------------------------------------------------------
[2022-08-23 12:05:40,559] {taskinstance.py:1397} INFO - Executing <Task(BashOperator): sleep> on 2021-10-24 10:00:00+00:00
[2022-08-23 12:05:40,566] {standard_task_runner.py:52} INFO - Started process 136 to run task
[2022-08-23 12:05:40,571] {standard_task_runner.py:79} INFO - Running: ['***', 'tasks', 'run', 'raizen_lab_01', 'sleep', 'scheduled__2021-10-24T10:00:00+00:00', '--job-id', '2647', '--raw', '--subdir', 'DAGS_FOLDER/raizen_lab_01.py', '--cfg-path', '/tmp/tmpfm7525on', '--error-file', '/tmp/tmp_3rujtk4']
[2022-08-23 12:05:40,572] {standard_task_runner.py:80} INFO - Job 2647: Subtask sleep
[2022-08-23 12:05:40,736] {task_command.py:371} INFO - Running <TaskInstance: raizen_lab_01.sleep scheduled__2021-10-24T10:00:00+00:00 [running]> on host 67b6bdae536e
[2022-08-23 12:05:40,973] {taskinstance.py:1591} INFO - Exporting the following env vars:
AIRFLOW_CTX_DAG_OWNER=admin
AIRFLOW_CTX_DAG_ID=raizen_lab_01
AIRFLOW_CTX_TASK_ID=sleep
AIRFLOW_CTX_EXECUTION_DATE=2021-10-24T10:00:00+00:00
AIRFLOW_CTX_TRY_NUMBER=1
AIRFLOW_CTX_DAG_RUN_ID=scheduled__2021-10-24T10:00:00+00:00
[2022-08-23 12:05:40,976] {subprocess.py:62} INFO - Tmp dir root location: 
 /tmp
[2022-08-23 12:05:40,977] {subprocess.py:74} INFO - Running command: ['bash', '-c', 'sleep 5']
[2022-08-23 12:05:41,001] {subprocess.py:85} INFO - Output:
[2022-08-23 12:05:46,026] {subprocess.py:96} INFO - Command exited with return code 0
[2022-08-23 12:05:46,053] {taskinstance.py:1420} INFO - Marking task as SUCCESS. dag_id=raizen_lab_01, task_id=sleep, execution_date=20211024T100000, start_date=20220823T120540, end_date=20220823T120546
[2022-08-23 12:05:46,087] {local_task_job.py:156} INFO - Task exited with return code 0
[2022-08-23 12:05:46,115] {local_task_job.py:273} INFO - 1 downstream tasks scheduled from follow-on schedule check
