[2022-08-23 12:31:58,462] {taskinstance.py:1179} INFO - Dependencies all met for <TaskInstance: raizen_lab_01.print_hello scheduled__2021-12-09T03:00:00+00:00 [queued]>
[2022-08-23 12:31:58,470] {taskinstance.py:1179} INFO - Dependencies all met for <TaskInstance: raizen_lab_01.print_hello scheduled__2021-12-09T03:00:00+00:00 [queued]>
[2022-08-23 12:31:58,470] {taskinstance.py:1376} INFO - 
--------------------------------------------------------------------------------
[2022-08-23 12:31:58,470] {taskinstance.py:1377} INFO - Starting attempt 1 of 2
[2022-08-23 12:31:58,471] {taskinstance.py:1378} INFO - 
--------------------------------------------------------------------------------
[2022-08-23 12:31:58,491] {taskinstance.py:1397} INFO - Executing <Task(BashOperator): print_hello> on 2021-12-09 03:00:00+00:00
[2022-08-23 12:31:58,497] {standard_task_runner.py:52} INFO - Started process 9347 to run task
[2022-08-23 12:31:58,500] {standard_task_runner.py:79} INFO - Running: ['***', 'tasks', 'run', 'raizen_lab_01', 'print_hello', 'scheduled__2021-12-09T03:00:00+00:00', '--job-id', '5928', '--raw', '--subdir', 'DAGS_FOLDER/raizen_lab_01.py', '--cfg-path', '/tmp/tmp2g2m4xro', '--error-file', '/tmp/tmpuc8ps0nk']
[2022-08-23 12:31:58,501] {standard_task_runner.py:80} INFO - Job 5928: Subtask print_hello
[2022-08-23 12:31:58,568] {task_command.py:371} INFO - Running <TaskInstance: raizen_lab_01.print_hello scheduled__2021-12-09T03:00:00+00:00 [running]> on host 6383a3236c72
[2022-08-23 12:31:58,633] {taskinstance.py:1591} INFO - Exporting the following env vars:
AIRFLOW_CTX_DAG_OWNER=admin
AIRFLOW_CTX_DAG_ID=raizen_lab_01
AIRFLOW_CTX_TASK_ID=print_hello
AIRFLOW_CTX_EXECUTION_DATE=2021-12-09T03:00:00+00:00
AIRFLOW_CTX_TRY_NUMBER=1
AIRFLOW_CTX_DAG_RUN_ID=scheduled__2021-12-09T03:00:00+00:00
[2022-08-23 12:31:58,635] {subprocess.py:62} INFO - Tmp dir root location: 
 /tmp
[2022-08-23 12:31:58,636] {subprocess.py:74} INFO - Running command: ['bash', '-c', 'echo "hello"']
[2022-08-23 12:31:58,647] {subprocess.py:85} INFO - Output:
[2022-08-23 12:31:58,648] {subprocess.py:92} INFO - hello
[2022-08-23 12:31:58,649] {subprocess.py:96} INFO - Command exited with return code 0
[2022-08-23 12:31:58,674] {taskinstance.py:1420} INFO - Marking task as SUCCESS. dag_id=raizen_lab_01, task_id=print_hello, execution_date=20211209T030000, start_date=20220823T123158, end_date=20220823T123158
[2022-08-23 12:31:58,711] {local_task_job.py:156} INFO - Task exited with return code 0
[2022-08-23 12:31:58,747] {local_task_job.py:273} INFO - 1 downstream tasks scheduled from follow-on schedule check
