[2022-08-23 11:30:57,101] {taskinstance.py:1179} INFO - Dependencies all met for <TaskInstance: raizen_lab_01.print_hello scheduled__2021-09-26T02:00:00+00:00 [queued]>
[2022-08-23 11:30:57,122] {taskinstance.py:1179} INFO - Dependencies all met for <TaskInstance: raizen_lab_01.print_hello scheduled__2021-09-26T02:00:00+00:00 [queued]>
[2022-08-23 11:30:57,122] {taskinstance.py:1376} INFO - 
--------------------------------------------------------------------------------
[2022-08-23 11:30:57,123] {taskinstance.py:1377} INFO - Starting attempt 1 of 2
[2022-08-23 11:30:57,124] {taskinstance.py:1378} INFO - 
--------------------------------------------------------------------------------
[2022-08-23 11:30:57,151] {taskinstance.py:1397} INFO - Executing <Task(BashOperator): print_hello> on 2021-09-26 02:00:00+00:00
[2022-08-23 11:30:57,160] {standard_task_runner.py:52} INFO - Started process 1627 to run task
[2022-08-23 11:30:57,166] {standard_task_runner.py:79} INFO - Running: ['***', 'tasks', 'run', 'raizen_lab_01', 'print_hello', 'scheduled__2021-09-26T02:00:00+00:00', '--job-id', '590', '--raw', '--subdir', 'DAGS_FOLDER/raizen_lab_01.py', '--cfg-path', '/tmp/tmpmdivta3r', '--error-file', '/tmp/tmpb9fwe5e4']
[2022-08-23 11:30:57,167] {standard_task_runner.py:80} INFO - Job 590: Subtask print_hello
[2022-08-23 11:30:57,261] {task_command.py:371} INFO - Running <TaskInstance: raizen_lab_01.print_hello scheduled__2021-09-26T02:00:00+00:00 [running]> on host 7f48b7aaf0fc
[2022-08-23 11:30:57,384] {taskinstance.py:1591} INFO - Exporting the following env vars:
AIRFLOW_CTX_DAG_OWNER=admin
AIRFLOW_CTX_DAG_ID=raizen_lab_01
AIRFLOW_CTX_TASK_ID=print_hello
AIRFLOW_CTX_EXECUTION_DATE=2021-09-26T02:00:00+00:00
AIRFLOW_CTX_TRY_NUMBER=1
AIRFLOW_CTX_DAG_RUN_ID=scheduled__2021-09-26T02:00:00+00:00
[2022-08-23 11:30:57,387] {subprocess.py:62} INFO - Tmp dir root location: 
 /tmp
[2022-08-23 11:30:57,389] {subprocess.py:74} INFO - Running command: ['bash', '-c', 'echo "hello"']
[2022-08-23 11:30:57,403] {subprocess.py:85} INFO - Output:
[2022-08-23 11:30:57,405] {subprocess.py:92} INFO - hello
[2022-08-23 11:30:57,406] {subprocess.py:96} INFO - Command exited with return code 0
[2022-08-23 11:30:57,552] {taskinstance.py:1420} INFO - Marking task as SUCCESS. dag_id=raizen_lab_01, task_id=print_hello, execution_date=20210926T020000, start_date=20220823T113057, end_date=20220823T113057
[2022-08-23 11:30:57,618] {local_task_job.py:156} INFO - Task exited with return code 0
[2022-08-23 11:30:57,695] {local_task_job.py:273} INFO - 1 downstream tasks scheduled from follow-on schedule check
