[2022-08-23 13:14:16,864] {taskinstance.py:1179} INFO - Dependencies all met for <TaskInstance: raizen_lab_01.sleep scheduled__2021-12-29T13:00:00+00:00 [queued]>
[2022-08-23 13:14:16,872] {taskinstance.py:1179} INFO - Dependencies all met for <TaskInstance: raizen_lab_01.sleep scheduled__2021-12-29T13:00:00+00:00 [queued]>
[2022-08-23 13:14:16,873] {taskinstance.py:1376} INFO - 
--------------------------------------------------------------------------------
[2022-08-23 13:14:16,873] {taskinstance.py:1377} INFO - Starting attempt 1 of 2
[2022-08-23 13:14:16,873] {taskinstance.py:1378} INFO - 
--------------------------------------------------------------------------------
[2022-08-23 13:14:16,887] {taskinstance.py:1397} INFO - Executing <Task(BashOperator): sleep> on 2021-12-29 13:00:00+00:00
[2022-08-23 13:14:16,892] {standard_task_runner.py:52} INFO - Started process 348 to run task
[2022-08-23 13:14:16,894] {standard_task_runner.py:79} INFO - Running: ['***', 'tasks', 'run', 'raizen_lab_01', 'sleep', 'scheduled__2021-12-29T13:00:00+00:00', '--job-id', '7414', '--raw', '--subdir', 'DAGS_FOLDER/raizen_lab_01.py', '--cfg-path', '/tmp/tmppt_fgu7z', '--error-file', '/tmp/tmp51c3ojd0']
[2022-08-23 13:14:16,896] {standard_task_runner.py:80} INFO - Job 7414: Subtask sleep
[2022-08-23 13:14:16,954] {task_command.py:371} INFO - Running <TaskInstance: raizen_lab_01.sleep scheduled__2021-12-29T13:00:00+00:00 [running]> on host 94e929fe2c87
[2022-08-23 13:14:17,018] {taskinstance.py:1591} INFO - Exporting the following env vars:
AIRFLOW_CTX_DAG_OWNER=admin
AIRFLOW_CTX_DAG_ID=raizen_lab_01
AIRFLOW_CTX_TASK_ID=sleep
AIRFLOW_CTX_EXECUTION_DATE=2021-12-29T13:00:00+00:00
AIRFLOW_CTX_TRY_NUMBER=1
AIRFLOW_CTX_DAG_RUN_ID=scheduled__2021-12-29T13:00:00+00:00
[2022-08-23 13:14:17,020] {subprocess.py:62} INFO - Tmp dir root location: 
 /tmp
[2022-08-23 13:14:17,021] {subprocess.py:74} INFO - Running command: ['bash', '-c', 'sleep 5']
[2022-08-23 13:14:17,031] {subprocess.py:85} INFO - Output:
[2022-08-23 13:14:22,033] {subprocess.py:96} INFO - Command exited with return code 0
[2022-08-23 13:14:22,071] {taskinstance.py:1420} INFO - Marking task as SUCCESS. dag_id=raizen_lab_01, task_id=sleep, execution_date=20211229T130000, start_date=20220823T131416, end_date=20220823T131422
[2022-08-23 13:14:22,130] {local_task_job.py:156} INFO - Task exited with return code 0
[2022-08-23 13:14:22,227] {local_task_job.py:273} INFO - 0 downstream tasks scheduled from follow-on schedule check
