[2022-08-23 11:36:48,718] {taskinstance.py:1179} INFO - Dependencies all met for <TaskInstance: raizen_lab_01.print_hello scheduled__2021-10-08T18:00:00+00:00 [queued]>
[2022-08-23 11:36:48,740] {taskinstance.py:1179} INFO - Dependencies all met for <TaskInstance: raizen_lab_01.print_hello scheduled__2021-10-08T18:00:00+00:00 [queued]>
[2022-08-23 11:36:48,741] {taskinstance.py:1376} INFO - 
--------------------------------------------------------------------------------
[2022-08-23 11:36:48,742] {taskinstance.py:1377} INFO - Starting attempt 1 of 2
[2022-08-23 11:36:48,743] {taskinstance.py:1378} INFO - 
--------------------------------------------------------------------------------
[2022-08-23 11:36:48,777] {taskinstance.py:1397} INFO - Executing <Task(BashOperator): print_hello> on 2021-10-08 18:00:00+00:00
[2022-08-23 11:36:48,789] {standard_task_runner.py:52} INFO - Started process 122 to run task
[2022-08-23 11:36:48,796] {standard_task_runner.py:79} INFO - Running: ['***', 'tasks', 'run', 'raizen_lab_01', 'print_hello', 'scheduled__2021-10-08T18:00:00+00:00', '--job-id', '1494', '--raw', '--subdir', 'DAGS_FOLDER/raizen_lab_01.py', '--cfg-path', '/tmp/tmpecot5xe_', '--error-file', '/tmp/tmpfbi1u9dp']
[2022-08-23 11:36:48,798] {standard_task_runner.py:80} INFO - Job 1494: Subtask print_hello
[2022-08-23 11:36:48,945] {task_command.py:371} INFO - Running <TaskInstance: raizen_lab_01.print_hello scheduled__2021-10-08T18:00:00+00:00 [running]> on host 7f48b7aaf0fc
[2022-08-23 11:36:49,138] {taskinstance.py:1591} INFO - Exporting the following env vars:
AIRFLOW_CTX_DAG_OWNER=admin
AIRFLOW_CTX_DAG_ID=raizen_lab_01
AIRFLOW_CTX_TASK_ID=print_hello
AIRFLOW_CTX_EXECUTION_DATE=2021-10-08T18:00:00+00:00
AIRFLOW_CTX_TRY_NUMBER=1
AIRFLOW_CTX_DAG_RUN_ID=scheduled__2021-10-08T18:00:00+00:00
[2022-08-23 11:36:49,140] {subprocess.py:62} INFO - Tmp dir root location: 
 /tmp
[2022-08-23 11:36:49,142] {subprocess.py:74} INFO - Running command: ['bash', '-c', 'echo "hello"']
[2022-08-23 11:36:49,165] {subprocess.py:85} INFO - Output:
[2022-08-23 11:36:49,167] {subprocess.py:92} INFO - hello
[2022-08-23 11:36:49,168] {subprocess.py:96} INFO - Command exited with return code 0
[2022-08-23 11:36:49,229] {taskinstance.py:1420} INFO - Marking task as SUCCESS. dag_id=raizen_lab_01, task_id=print_hello, execution_date=20211008T180000, start_date=20220823T113648, end_date=20220823T113649
[2022-08-23 11:36:49,289] {local_task_job.py:156} INFO - Task exited with return code 0
[2022-08-23 11:36:49,520] {local_task_job.py:273} INFO - 0 downstream tasks scheduled from follow-on schedule check
