[2022-08-23 11:47:59,889] {taskinstance.py:1179} INFO - Dependencies all met for <TaskInstance: raizen_lab_01.print_world scheduled__2021-10-20T09:00:00+00:00 [queued]>
[2022-08-23 11:47:59,918] {taskinstance.py:1179} INFO - Dependencies all met for <TaskInstance: raizen_lab_01.print_world scheduled__2021-10-20T09:00:00+00:00 [queued]>
[2022-08-23 11:47:59,919] {taskinstance.py:1376} INFO - 
--------------------------------------------------------------------------------
[2022-08-23 11:47:59,919] {taskinstance.py:1377} INFO - Starting attempt 1 of 2
[2022-08-23 11:47:59,920] {taskinstance.py:1378} INFO - 
--------------------------------------------------------------------------------
[2022-08-23 11:47:59,941] {taskinstance.py:1397} INFO - Executing <Task(PythonOperator): print_world> on 2021-10-20 09:00:00+00:00
[2022-08-23 11:47:59,947] {standard_task_runner.py:52} INFO - Started process 1090 to run task
[2022-08-23 11:47:59,952] {standard_task_runner.py:79} INFO - Running: ['***', 'tasks', 'run', 'raizen_lab_01', 'print_world', 'scheduled__2021-10-20T09:00:00+00:00', '--job-id', '2376', '--raw', '--subdir', 'DAGS_FOLDER/raizen_lab_01.py', '--cfg-path', '/tmp/tmps74kw_0p', '--error-file', '/tmp/tmpoz3uuimo']
[2022-08-23 11:47:59,953] {standard_task_runner.py:80} INFO - Job 2376: Subtask print_world
[2022-08-23 11:48:00,066] {task_command.py:371} INFO - Running <TaskInstance: raizen_lab_01.print_world scheduled__2021-10-20T09:00:00+00:00 [running]> on host fc645605a611
[2022-08-23 11:48:00,177] {taskinstance.py:1591} INFO - Exporting the following env vars:
AIRFLOW_CTX_DAG_OWNER=admin
AIRFLOW_CTX_DAG_ID=raizen_lab_01
AIRFLOW_CTX_TASK_ID=print_world
AIRFLOW_CTX_EXECUTION_DATE=2021-10-20T09:00:00+00:00
AIRFLOW_CTX_TRY_NUMBER=1
AIRFLOW_CTX_DAG_RUN_ID=scheduled__2021-10-20T09:00:00+00:00
[2022-08-23 11:48:00,178] {logging_mixin.py:115} INFO - world
[2022-08-23 11:48:00,179] {python.py:173} INFO - Done. Returned value was: None
[2022-08-23 11:48:00,198] {taskinstance.py:1420} INFO - Marking task as SUCCESS. dag_id=raizen_lab_01, task_id=print_world, execution_date=20211020T090000, start_date=20220823T114759, end_date=20220823T114800
[2022-08-23 11:48:00,243] {local_task_job.py:156} INFO - Task exited with return code 0
[2022-08-23 11:48:00,303] {local_task_job.py:273} INFO - 0 downstream tasks scheduled from follow-on schedule check
