[2022-08-23 12:35:22,268] {taskinstance.py:1179} INFO - Dependencies all met for <TaskInstance: raizen_lab_01.print_hello scheduled__2021-12-18T04:00:00+00:00 [queued]>
[2022-08-23 12:35:22,284] {taskinstance.py:1179} INFO - Dependencies all met for <TaskInstance: raizen_lab_01.print_hello scheduled__2021-12-18T04:00:00+00:00 [queued]>
[2022-08-23 12:35:22,284] {taskinstance.py:1376} INFO - 
--------------------------------------------------------------------------------
[2022-08-23 12:35:22,285] {taskinstance.py:1377} INFO - Starting attempt 1 of 2
[2022-08-23 12:35:22,293] {taskinstance.py:1378} INFO - 
--------------------------------------------------------------------------------
[2022-08-23 12:35:22,317] {taskinstance.py:1397} INFO - Executing <Task(BashOperator): print_hello> on 2021-12-18 04:00:00+00:00
[2022-08-23 12:35:22,325] {standard_task_runner.py:52} INFO - Started process 11914 to run task
[2022-08-23 12:35:22,330] {standard_task_runner.py:79} INFO - Running: ['***', 'tasks', 'run', 'raizen_lab_01', 'print_hello', 'scheduled__2021-12-18T04:00:00+00:00', '--job-id', '6582', '--raw', '--subdir', 'DAGS_FOLDER/raizen_lab_01.py', '--cfg-path', '/tmp/tmp5ynm6tax', '--error-file', '/tmp/tmp_jkx7ju_']
[2022-08-23 12:35:22,332] {standard_task_runner.py:80} INFO - Job 6582: Subtask print_hello
[2022-08-23 12:35:22,427] {task_command.py:371} INFO - Running <TaskInstance: raizen_lab_01.print_hello scheduled__2021-12-18T04:00:00+00:00 [running]> on host 6383a3236c72
[2022-08-23 12:35:22,517] {taskinstance.py:1591} INFO - Exporting the following env vars:
AIRFLOW_CTX_DAG_OWNER=admin
AIRFLOW_CTX_DAG_ID=raizen_lab_01
AIRFLOW_CTX_TASK_ID=print_hello
AIRFLOW_CTX_EXECUTION_DATE=2021-12-18T04:00:00+00:00
AIRFLOW_CTX_TRY_NUMBER=1
AIRFLOW_CTX_DAG_RUN_ID=scheduled__2021-12-18T04:00:00+00:00
[2022-08-23 12:35:22,519] {subprocess.py:62} INFO - Tmp dir root location: 
 /tmp
[2022-08-23 12:35:22,520] {subprocess.py:74} INFO - Running command: ['bash', '-c', 'echo "hello"']
[2022-08-23 12:35:22,536] {subprocess.py:85} INFO - Output:
[2022-08-23 12:35:22,538] {subprocess.py:92} INFO - hello
[2022-08-23 12:35:22,538] {subprocess.py:96} INFO - Command exited with return code 0
[2022-08-23 12:35:22,581] {taskinstance.py:1420} INFO - Marking task as SUCCESS. dag_id=raizen_lab_01, task_id=print_hello, execution_date=20211218T040000, start_date=20220823T123522, end_date=20220823T123522
[2022-08-23 12:35:22,629] {local_task_job.py:156} INFO - Task exited with return code 0
[2022-08-23 12:35:22,687] {local_task_job.py:273} INFO - 1 downstream tasks scheduled from follow-on schedule check
