[2022-08-25 00:16:44,324] {taskinstance.py:1179} INFO - Dependencies all met for <TaskInstance: Raizen.Step_01_Ingestion_Sheets_To_Stage scheduled__2022-08-22T02:00:00+00:00 [queued]>
[2022-08-25 00:16:44,347] {taskinstance.py:1179} INFO - Dependencies all met for <TaskInstance: Raizen.Step_01_Ingestion_Sheets_To_Stage scheduled__2022-08-22T02:00:00+00:00 [queued]>
[2022-08-25 00:16:44,349] {taskinstance.py:1376} INFO - 
--------------------------------------------------------------------------------
[2022-08-25 00:16:44,355] {taskinstance.py:1377} INFO - Starting attempt 2 of 2
[2022-08-25 00:16:44,356] {taskinstance.py:1378} INFO - 
--------------------------------------------------------------------------------
[2022-08-25 00:16:44,428] {taskinstance.py:1397} INFO - Executing <Task(PythonOperator): Step_01_Ingestion_Sheets_To_Stage> on 2022-08-22 02:00:00+00:00
[2022-08-25 00:16:44,442] {standard_task_runner.py:52} INFO - Started process 156 to run task
[2022-08-25 00:16:44,455] {standard_task_runner.py:79} INFO - Running: ['***', 'tasks', 'run', 'Raizen', 'Step_01_Ingestion_Sheets_To_Stage', 'scheduled__2022-08-22T02:00:00+00:00', '--job-id', '9876', '--raw', '--subdir', 'DAGS_FOLDER/raizen_lab_01.py', '--cfg-path', '/tmp/tmp1hzctkg2', '--error-file', '/tmp/tmp2piep5_1']
[2022-08-25 00:16:44,470] {standard_task_runner.py:80} INFO - Job 9876: Subtask Step_01_Ingestion_Sheets_To_Stage
[2022-08-25 00:16:44,772] {task_command.py:371} INFO - Running <TaskInstance: Raizen.Step_01_Ingestion_Sheets_To_Stage scheduled__2022-08-22T02:00:00+00:00 [running]> on host 7c75bca1d9e0
[2022-08-25 00:16:45,094] {taskinstance.py:1591} INFO - Exporting the following env vars:
AIRFLOW_CTX_DAG_OWNER=admin
AIRFLOW_CTX_DAG_ID=Raizen
AIRFLOW_CTX_TASK_ID=Step_01_Ingestion_Sheets_To_Stage
AIRFLOW_CTX_EXECUTION_DATE=2022-08-22T02:00:00+00:00
AIRFLOW_CTX_TRY_NUMBER=2
AIRFLOW_CTX_DAG_RUN_ID=scheduled__2022-08-22T02:00:00+00:00
[2022-08-25 00:17:13,360] {python.py:173} INFO - Done. Returned value was: None
[2022-08-25 00:17:13,389] {taskinstance.py:1420} INFO - Marking task as SUCCESS. dag_id=Raizen, task_id=Step_01_Ingestion_Sheets_To_Stage, execution_date=20220822T020000, start_date=20220825T001644, end_date=20220825T001713
[2022-08-25 00:17:13,456] {local_task_job.py:156} INFO - Task exited with return code 0
[2022-08-25 00:17:13,556] {dagrun.py:1081} ERROR - Failed to get task '<TaskInstance: Raizen.Step_011_Ingestion_Sheets_To_Stage scheduled__2022-08-22T02:00:00+00:00 [removed]>' for dag 'Raizen'. Marking it as removed.
[2022-08-25 00:17:13,590] {local_task_job.py:273} INFO - 0 downstream tasks scheduled from follow-on schedule check
