[2022-08-23 11:37:53,289] {taskinstance.py:1179} INFO - Dependencies all met for <TaskInstance: raizen_lab_01.sleep scheduled__2021-10-10T22:00:00+00:00 [queued]>
[2022-08-23 11:37:53,306] {taskinstance.py:1179} INFO - Dependencies all met for <TaskInstance: raizen_lab_01.sleep scheduled__2021-10-10T22:00:00+00:00 [queued]>
[2022-08-23 11:37:53,306] {taskinstance.py:1376} INFO - 
--------------------------------------------------------------------------------
[2022-08-23 11:37:53,307] {taskinstance.py:1377} INFO - Starting attempt 1 of 2
[2022-08-23 11:37:53,307] {taskinstance.py:1378} INFO - 
--------------------------------------------------------------------------------
[2022-08-23 11:37:53,332] {taskinstance.py:1397} INFO - Executing <Task(BashOperator): sleep> on 2021-10-10 22:00:00+00:00
[2022-08-23 11:37:53,342] {standard_task_runner.py:52} INFO - Started process 627 to run task
[2022-08-23 11:37:53,348] {standard_task_runner.py:79} INFO - Running: ['***', 'tasks', 'run', 'raizen_lab_01', 'sleep', 'scheduled__2021-10-10T22:00:00+00:00', '--job-id', '1668', '--raw', '--subdir', 'DAGS_FOLDER/raizen_lab_01.py', '--cfg-path', '/tmp/tmp773iq10f', '--error-file', '/tmp/tmpiy6jj4wy']
[2022-08-23 11:37:53,349] {standard_task_runner.py:80} INFO - Job 1668: Subtask sleep
[2022-08-23 11:37:53,464] {task_command.py:371} INFO - Running <TaskInstance: raizen_lab_01.sleep scheduled__2021-10-10T22:00:00+00:00 [running]> on host 7f48b7aaf0fc
[2022-08-23 11:37:53,583] {taskinstance.py:1591} INFO - Exporting the following env vars:
AIRFLOW_CTX_DAG_OWNER=admin
AIRFLOW_CTX_DAG_ID=raizen_lab_01
AIRFLOW_CTX_TASK_ID=sleep
AIRFLOW_CTX_EXECUTION_DATE=2021-10-10T22:00:00+00:00
AIRFLOW_CTX_TRY_NUMBER=1
AIRFLOW_CTX_DAG_RUN_ID=scheduled__2021-10-10T22:00:00+00:00
[2022-08-23 11:37:53,585] {subprocess.py:62} INFO - Tmp dir root location: 
 /tmp
[2022-08-23 11:37:53,586] {subprocess.py:74} INFO - Running command: ['bash', '-c', 'sleep 5']
[2022-08-23 11:37:53,602] {subprocess.py:85} INFO - Output:
[2022-08-23 11:37:58,606] {subprocess.py:96} INFO - Command exited with return code 0
[2022-08-23 11:37:58,741] {taskinstance.py:1420} INFO - Marking task as SUCCESS. dag_id=raizen_lab_01, task_id=sleep, execution_date=20211010T220000, start_date=20220823T113753, end_date=20220823T113758
[2022-08-23 11:37:58,779] {local_task_job.py:156} INFO - Task exited with return code 0
[2022-08-23 11:37:58,836] {local_task_job.py:273} INFO - 1 downstream tasks scheduled from follow-on schedule check
