[2022-08-23 11:45:58,590] {taskinstance.py:1179} INFO - Dependencies all met for <TaskInstance: raizen_lab_01.sleep scheduled__2021-10-16T12:00:00+00:00 [queued]>
[2022-08-23 11:45:58,622] {taskinstance.py:1179} INFO - Dependencies all met for <TaskInstance: raizen_lab_01.sleep scheduled__2021-10-16T12:00:00+00:00 [queued]>
[2022-08-23 11:45:58,623] {taskinstance.py:1376} INFO - 
--------------------------------------------------------------------------------
[2022-08-23 11:45:58,624] {taskinstance.py:1377} INFO - Starting attempt 1 of 2
[2022-08-23 11:45:58,625] {taskinstance.py:1378} INFO - 
--------------------------------------------------------------------------------
[2022-08-23 11:45:58,656] {taskinstance.py:1397} INFO - Executing <Task(BashOperator): sleep> on 2021-10-16 12:00:00+00:00
[2022-08-23 11:45:58,727] {standard_task_runner.py:52} INFO - Started process 172 to run task
[2022-08-23 11:45:58,732] {standard_task_runner.py:79} INFO - Running: ['***', 'tasks', 'run', 'raizen_lab_01', 'sleep', 'scheduled__2021-10-16T12:00:00+00:00', '--job-id', '2065', '--raw', '--subdir', 'DAGS_FOLDER/raizen_lab_01.py', '--cfg-path', '/tmp/tmppqte7gb8', '--error-file', '/tmp/tmphchqr1fi']
[2022-08-23 11:45:58,733] {standard_task_runner.py:80} INFO - Job 2065: Subtask sleep
[2022-08-23 11:45:58,841] {task_command.py:371} INFO - Running <TaskInstance: raizen_lab_01.sleep scheduled__2021-10-16T12:00:00+00:00 [running]> on host fc645605a611
[2022-08-23 11:45:58,932] {taskinstance.py:1591} INFO - Exporting the following env vars:
AIRFLOW_CTX_DAG_OWNER=admin
AIRFLOW_CTX_DAG_ID=raizen_lab_01
AIRFLOW_CTX_TASK_ID=sleep
AIRFLOW_CTX_EXECUTION_DATE=2021-10-16T12:00:00+00:00
AIRFLOW_CTX_TRY_NUMBER=1
AIRFLOW_CTX_DAG_RUN_ID=scheduled__2021-10-16T12:00:00+00:00
[2022-08-23 11:45:58,934] {subprocess.py:62} INFO - Tmp dir root location: 
 /tmp
[2022-08-23 11:45:58,935] {subprocess.py:74} INFO - Running command: ['bash', '-c', 'sleep 5']
[2022-08-23 11:45:58,946] {subprocess.py:85} INFO - Output:
[2022-08-23 11:46:03,968] {subprocess.py:96} INFO - Command exited with return code 0
[2022-08-23 11:46:04,032] {taskinstance.py:1420} INFO - Marking task as SUCCESS. dag_id=raizen_lab_01, task_id=sleep, execution_date=20211016T120000, start_date=20220823T114558, end_date=20220823T114604
[2022-08-23 11:46:04,078] {local_task_job.py:156} INFO - Task exited with return code 0
[2022-08-23 11:46:04,130] {local_task_job.py:273} INFO - 1 downstream tasks scheduled from follow-on schedule check
