[2022-08-23 11:36:48,982] {taskinstance.py:1179} INFO - Dependencies all met for <TaskInstance: raizen_lab_01.sleep scheduled__2021-10-08T14:00:00+00:00 [queued]>
[2022-08-23 11:36:49,007] {taskinstance.py:1179} INFO - Dependencies all met for <TaskInstance: raizen_lab_01.sleep scheduled__2021-10-08T14:00:00+00:00 [queued]>
[2022-08-23 11:36:49,007] {taskinstance.py:1376} INFO - 
--------------------------------------------------------------------------------
[2022-08-23 11:36:49,008] {taskinstance.py:1377} INFO - Starting attempt 1 of 2
[2022-08-23 11:36:49,009] {taskinstance.py:1378} INFO - 
--------------------------------------------------------------------------------
[2022-08-23 11:36:49,045] {taskinstance.py:1397} INFO - Executing <Task(BashOperator): sleep> on 2021-10-08 14:00:00+00:00
[2022-08-23 11:36:49,056] {standard_task_runner.py:52} INFO - Started process 124 to run task
[2022-08-23 11:36:49,063] {standard_task_runner.py:79} INFO - Running: ['***', 'tasks', 'run', 'raizen_lab_01', 'sleep', 'scheduled__2021-10-08T14:00:00+00:00', '--job-id', '1496', '--raw', '--subdir', 'DAGS_FOLDER/raizen_lab_01.py', '--cfg-path', '/tmp/tmp8gtycm09', '--error-file', '/tmp/tmpf12kkg4c']
[2022-08-23 11:36:49,064] {standard_task_runner.py:80} INFO - Job 1496: Subtask sleep
[2022-08-23 11:36:49,223] {task_command.py:371} INFO - Running <TaskInstance: raizen_lab_01.sleep scheduled__2021-10-08T14:00:00+00:00 [running]> on host 7f48b7aaf0fc
[2022-08-23 11:36:49,369] {taskinstance.py:1591} INFO - Exporting the following env vars:
AIRFLOW_CTX_DAG_OWNER=admin
AIRFLOW_CTX_DAG_ID=raizen_lab_01
AIRFLOW_CTX_TASK_ID=sleep
AIRFLOW_CTX_EXECUTION_DATE=2021-10-08T14:00:00+00:00
AIRFLOW_CTX_TRY_NUMBER=1
AIRFLOW_CTX_DAG_RUN_ID=scheduled__2021-10-08T14:00:00+00:00
[2022-08-23 11:36:49,373] {subprocess.py:62} INFO - Tmp dir root location: 
 /tmp
[2022-08-23 11:36:49,375] {subprocess.py:74} INFO - Running command: ['bash', '-c', 'sleep 5']
[2022-08-23 11:36:49,391] {subprocess.py:85} INFO - Output:
[2022-08-23 11:36:54,412] {subprocess.py:96} INFO - Command exited with return code 0
[2022-08-23 11:36:54,722] {taskinstance.py:1420} INFO - Marking task as SUCCESS. dag_id=raizen_lab_01, task_id=sleep, execution_date=20211008T140000, start_date=20220823T113648, end_date=20220823T113654
[2022-08-23 11:36:54,790] {local_task_job.py:156} INFO - Task exited with return code 0
[2022-08-23 11:36:54,865] {local_task_job.py:273} INFO - 1 downstream tasks scheduled from follow-on schedule check
