[2022-08-23 11:38:55,408] {taskinstance.py:1179} INFO - Dependencies all met for <TaskInstance: raizen_lab_01.sleep scheduled__2021-10-13T09:00:00+00:00 [queued]>
[2022-08-23 11:38:55,427] {taskinstance.py:1179} INFO - Dependencies all met for <TaskInstance: raizen_lab_01.sleep scheduled__2021-10-13T09:00:00+00:00 [queued]>
[2022-08-23 11:38:55,428] {taskinstance.py:1376} INFO - 
--------------------------------------------------------------------------------
[2022-08-23 11:38:55,428] {taskinstance.py:1377} INFO - Starting attempt 1 of 2
[2022-08-23 11:38:55,429] {taskinstance.py:1378} INFO - 
--------------------------------------------------------------------------------
[2022-08-23 11:38:55,449] {taskinstance.py:1397} INFO - Executing <Task(BashOperator): sleep> on 2021-10-13 09:00:00+00:00
[2022-08-23 11:38:55,458] {standard_task_runner.py:52} INFO - Started process 1130 to run task
[2022-08-23 11:38:55,462] {standard_task_runner.py:79} INFO - Running: ['***', 'tasks', 'run', 'raizen_lab_01', 'sleep', 'scheduled__2021-10-13T09:00:00+00:00', '--job-id', '1840', '--raw', '--subdir', 'DAGS_FOLDER/raizen_lab_01.py', '--cfg-path', '/tmp/tmpf2mtcq6a', '--error-file', '/tmp/tmprjcpf25m']
[2022-08-23 11:38:55,463] {standard_task_runner.py:80} INFO - Job 1840: Subtask sleep
[2022-08-23 11:38:55,555] {task_command.py:371} INFO - Running <TaskInstance: raizen_lab_01.sleep scheduled__2021-10-13T09:00:00+00:00 [running]> on host 7f48b7aaf0fc
[2022-08-23 11:38:55,720] {taskinstance.py:1591} INFO - Exporting the following env vars:
AIRFLOW_CTX_DAG_OWNER=admin
AIRFLOW_CTX_DAG_ID=raizen_lab_01
AIRFLOW_CTX_TASK_ID=sleep
AIRFLOW_CTX_EXECUTION_DATE=2021-10-13T09:00:00+00:00
AIRFLOW_CTX_TRY_NUMBER=1
AIRFLOW_CTX_DAG_RUN_ID=scheduled__2021-10-13T09:00:00+00:00
[2022-08-23 11:38:55,723] {subprocess.py:62} INFO - Tmp dir root location: 
 /tmp
[2022-08-23 11:38:55,724] {subprocess.py:74} INFO - Running command: ['bash', '-c', 'sleep 5']
[2022-08-23 11:38:55,742] {subprocess.py:85} INFO - Output:
[2022-08-23 11:39:00,746] {subprocess.py:96} INFO - Command exited with return code 0
[2022-08-23 11:39:00,816] {taskinstance.py:1420} INFO - Marking task as SUCCESS. dag_id=raizen_lab_01, task_id=sleep, execution_date=20211013T090000, start_date=20220823T113855, end_date=20220823T113900
[2022-08-23 11:39:00,880] {local_task_job.py:156} INFO - Task exited with return code 0
[2022-08-23 11:39:01,089] {local_task_job.py:273} INFO - 0 downstream tasks scheduled from follow-on schedule check
