[2022-08-23 11:39:34,372] {taskinstance.py:1179} INFO - Dependencies all met for <TaskInstance: raizen_lab_01.print_hello scheduled__2021-10-15T02:00:00+00:00 [queued]>
[2022-08-23 11:39:34,390] {taskinstance.py:1179} INFO - Dependencies all met for <TaskInstance: raizen_lab_01.print_hello scheduled__2021-10-15T02:00:00+00:00 [queued]>
[2022-08-23 11:39:34,390] {taskinstance.py:1376} INFO - 
--------------------------------------------------------------------------------
[2022-08-23 11:39:34,391] {taskinstance.py:1377} INFO - Starting attempt 1 of 2
[2022-08-23 11:39:34,391] {taskinstance.py:1378} INFO - 
--------------------------------------------------------------------------------
[2022-08-23 11:39:34,421] {taskinstance.py:1397} INFO - Executing <Task(BashOperator): print_hello> on 2021-10-15 02:00:00+00:00
[2022-08-23 11:39:34,429] {standard_task_runner.py:52} INFO - Started process 1461 to run task
[2022-08-23 11:39:34,436] {standard_task_runner.py:79} INFO - Running: ['***', 'tasks', 'run', 'raizen_lab_01', 'print_hello', 'scheduled__2021-10-15T02:00:00+00:00', '--job-id', '1951', '--raw', '--subdir', 'DAGS_FOLDER/raizen_lab_01.py', '--cfg-path', '/tmp/tmpg96juidf', '--error-file', '/tmp/tmpg1f53f7s']
[2022-08-23 11:39:34,438] {standard_task_runner.py:80} INFO - Job 1951: Subtask print_hello
[2022-08-23 11:39:34,633] {task_command.py:371} INFO - Running <TaskInstance: raizen_lab_01.print_hello scheduled__2021-10-15T02:00:00+00:00 [running]> on host 7f48b7aaf0fc
[2022-08-23 11:39:34,746] {taskinstance.py:1591} INFO - Exporting the following env vars:
AIRFLOW_CTX_DAG_OWNER=admin
AIRFLOW_CTX_DAG_ID=raizen_lab_01
AIRFLOW_CTX_TASK_ID=print_hello
AIRFLOW_CTX_EXECUTION_DATE=2021-10-15T02:00:00+00:00
AIRFLOW_CTX_TRY_NUMBER=1
AIRFLOW_CTX_DAG_RUN_ID=scheduled__2021-10-15T02:00:00+00:00
[2022-08-23 11:39:34,749] {subprocess.py:62} INFO - Tmp dir root location: 
 /tmp
[2022-08-23 11:39:34,750] {subprocess.py:74} INFO - Running command: ['bash', '-c', 'echo "hello"']
[2022-08-23 11:39:34,762] {subprocess.py:85} INFO - Output:
[2022-08-23 11:39:34,764] {subprocess.py:92} INFO - hello
[2022-08-23 11:39:34,765] {subprocess.py:96} INFO - Command exited with return code 0
[2022-08-23 11:39:34,811] {taskinstance.py:1420} INFO - Marking task as SUCCESS. dag_id=raizen_lab_01, task_id=print_hello, execution_date=20211015T020000, start_date=20220823T113934, end_date=20220823T113934
[2022-08-23 11:39:34,847] {local_task_job.py:156} INFO - Task exited with return code 0
[2022-08-23 11:39:34,906] {local_task_job.py:273} INFO - 1 downstream tasks scheduled from follow-on schedule check
