[2022-08-24 02:10:59,831] {taskinstance.py:1179} INFO - Dependencies all met for <TaskInstance: raizen_lab_01.oi_mara manual__2022-08-24T02:10:51.418251+00:00 [queued]>
[2022-08-24 02:10:59,859] {taskinstance.py:1179} INFO - Dependencies all met for <TaskInstance: raizen_lab_01.oi_mara manual__2022-08-24T02:10:51.418251+00:00 [queued]>
[2022-08-24 02:10:59,860] {taskinstance.py:1376} INFO - 
--------------------------------------------------------------------------------
[2022-08-24 02:10:59,861] {taskinstance.py:1377} INFO - Starting attempt 1 of 2
[2022-08-24 02:10:59,862] {taskinstance.py:1378} INFO - 
--------------------------------------------------------------------------------
[2022-08-24 02:10:59,899] {taskinstance.py:1397} INFO - Executing <Task(PythonOperator): oi_mara> on 2022-08-24 02:10:51.418251+00:00
[2022-08-24 02:10:59,915] {standard_task_runner.py:52} INFO - Started process 111 to run task
[2022-08-24 02:10:59,923] {standard_task_runner.py:79} INFO - Running: ['***', 'tasks', 'run', 'raizen_lab_01', 'oi_mara', 'manual__2022-08-24T02:10:51.418251+00:00', '--job-id', '9673', '--raw', '--subdir', 'DAGS_FOLDER/raizen_lab_01.py', '--cfg-path', '/tmp/tmpsmlgtcup', '--error-file', '/tmp/tmp5h7kb1y7']
[2022-08-24 02:10:59,926] {standard_task_runner.py:80} INFO - Job 9673: Subtask oi_mara
[2022-08-24 02:11:00,169] {task_command.py:371} INFO - Running <TaskInstance: raizen_lab_01.oi_mara manual__2022-08-24T02:10:51.418251+00:00 [running]> on host b8d797566373
[2022-08-24 02:11:00,287] {taskinstance.py:1591} INFO - Exporting the following env vars:
AIRFLOW_CTX_DAG_OWNER=admin
AIRFLOW_CTX_DAG_ID=raizen_lab_01
AIRFLOW_CTX_TASK_ID=oi_mara
AIRFLOW_CTX_EXECUTION_DATE=2022-08-24T02:10:51.418251+00:00
AIRFLOW_CTX_TRY_NUMBER=1
AIRFLOW_CTX_DAG_RUN_ID=manual__2022-08-24T02:10:51.418251+00:00
[2022-08-24 02:11:00,289] {logging_mixin.py:115} INFO - OLA GATA
[2022-08-24 02:11:00,290] {python.py:173} INFO - Done. Returned value was: None
[2022-08-24 02:11:00,307] {taskinstance.py:1420} INFO - Marking task as SUCCESS. dag_id=raizen_lab_01, task_id=oi_mara, execution_date=20220824T021051, start_date=20220824T021059, end_date=20220824T021100
[2022-08-24 02:11:00,375] {local_task_job.py:156} INFO - Task exited with return code 0
[2022-08-24 02:11:00,430] {local_task_job.py:273} INFO - 0 downstream tasks scheduled from follow-on schedule check
