[2022-08-23 12:30:44,613] {taskinstance.py:1179} INFO - Dependencies all met for <TaskInstance: raizen_lab_01.sleep scheduled__2021-12-05T13:00:00+00:00 [queued]>
[2022-08-23 12:30:44,624] {taskinstance.py:1179} INFO - Dependencies all met for <TaskInstance: raizen_lab_01.sleep scheduled__2021-12-05T13:00:00+00:00 [queued]>
[2022-08-23 12:30:44,624] {taskinstance.py:1376} INFO - 
--------------------------------------------------------------------------------
[2022-08-23 12:30:44,625] {taskinstance.py:1377} INFO - Starting attempt 1 of 2
[2022-08-23 12:30:44,625] {taskinstance.py:1378} INFO - 
--------------------------------------------------------------------------------
[2022-08-23 12:30:44,639] {taskinstance.py:1397} INFO - Executing <Task(BashOperator): sleep> on 2021-12-05 13:00:00+00:00
[2022-08-23 12:30:44,645] {standard_task_runner.py:52} INFO - Started process 8403 to run task
[2022-08-23 12:30:44,648] {standard_task_runner.py:79} INFO - Running: ['***', 'tasks', 'run', 'raizen_lab_01', 'sleep', 'scheduled__2021-12-05T13:00:00+00:00', '--job-id', '5683', '--raw', '--subdir', 'DAGS_FOLDER/raizen_lab_01.py', '--cfg-path', '/tmp/tmp8jtrxlaa', '--error-file', '/tmp/tmp6mnz0d43']
[2022-08-23 12:30:44,650] {standard_task_runner.py:80} INFO - Job 5683: Subtask sleep
[2022-08-23 12:30:44,717] {task_command.py:371} INFO - Running <TaskInstance: raizen_lab_01.sleep scheduled__2021-12-05T13:00:00+00:00 [running]> on host 6383a3236c72
[2022-08-23 12:30:44,786] {taskinstance.py:1591} INFO - Exporting the following env vars:
AIRFLOW_CTX_DAG_OWNER=admin
AIRFLOW_CTX_DAG_ID=raizen_lab_01
AIRFLOW_CTX_TASK_ID=sleep
AIRFLOW_CTX_EXECUTION_DATE=2021-12-05T13:00:00+00:00
AIRFLOW_CTX_TRY_NUMBER=1
AIRFLOW_CTX_DAG_RUN_ID=scheduled__2021-12-05T13:00:00+00:00
[2022-08-23 12:30:44,787] {subprocess.py:62} INFO - Tmp dir root location: 
 /tmp
[2022-08-23 12:30:44,788] {subprocess.py:74} INFO - Running command: ['bash', '-c', 'sleep 5']
[2022-08-23 12:30:44,798] {subprocess.py:85} INFO - Output:
[2022-08-23 12:30:49,801] {subprocess.py:96} INFO - Command exited with return code 0
[2022-08-23 12:30:49,827] {taskinstance.py:1420} INFO - Marking task as SUCCESS. dag_id=raizen_lab_01, task_id=sleep, execution_date=20211205T130000, start_date=20220823T123044, end_date=20220823T123049
[2022-08-23 12:30:49,876] {local_task_job.py:156} INFO - Task exited with return code 0
[2022-08-23 12:30:49,984] {local_task_job.py:273} INFO - 0 downstream tasks scheduled from follow-on schedule check
