[2022-08-23 11:34:45,797] {taskinstance.py:1179} INFO - Dependencies all met for <TaskInstance: raizen_lab_01.sleep scheduled__2021-10-04T20:00:00+00:00 [queued]>
[2022-08-23 11:34:45,818] {taskinstance.py:1179} INFO - Dependencies all met for <TaskInstance: raizen_lab_01.sleep scheduled__2021-10-04T20:00:00+00:00 [queued]>
[2022-08-23 11:34:45,819] {taskinstance.py:1376} INFO - 
--------------------------------------------------------------------------------
[2022-08-23 11:34:45,819] {taskinstance.py:1377} INFO - Starting attempt 1 of 2
[2022-08-23 11:34:45,820] {taskinstance.py:1378} INFO - 
--------------------------------------------------------------------------------
[2022-08-23 11:34:45,847] {taskinstance.py:1397} INFO - Executing <Task(BashOperator): sleep> on 2021-10-04 20:00:00+00:00
[2022-08-23 11:34:45,856] {standard_task_runner.py:52} INFO - Started process 3475 to run task
[2022-08-23 11:34:45,862] {standard_task_runner.py:79} INFO - Running: ['***', 'tasks', 'run', 'raizen_lab_01', 'sleep', 'scheduled__2021-10-04T20:00:00+00:00', '--job-id', '1219', '--raw', '--subdir', 'DAGS_FOLDER/raizen_lab_01.py', '--cfg-path', '/tmp/tmpyh119i68', '--error-file', '/tmp/tmpypghkojt']
[2022-08-23 11:34:45,863] {standard_task_runner.py:80} INFO - Job 1219: Subtask sleep
[2022-08-23 11:34:46,039] {task_command.py:371} INFO - Running <TaskInstance: raizen_lab_01.sleep scheduled__2021-10-04T20:00:00+00:00 [running]> on host 7f48b7aaf0fc
[2022-08-23 11:34:46,161] {taskinstance.py:1591} INFO - Exporting the following env vars:
AIRFLOW_CTX_DAG_OWNER=admin
AIRFLOW_CTX_DAG_ID=raizen_lab_01
AIRFLOW_CTX_TASK_ID=sleep
AIRFLOW_CTX_EXECUTION_DATE=2021-10-04T20:00:00+00:00
AIRFLOW_CTX_TRY_NUMBER=1
AIRFLOW_CTX_DAG_RUN_ID=scheduled__2021-10-04T20:00:00+00:00
[2022-08-23 11:34:46,163] {subprocess.py:62} INFO - Tmp dir root location: 
 /tmp
[2022-08-23 11:34:46,164] {subprocess.py:74} INFO - Running command: ['bash', '-c', 'sleep 5']
[2022-08-23 11:34:46,181] {subprocess.py:85} INFO - Output:
[2022-08-23 11:34:51,186] {subprocess.py:96} INFO - Command exited with return code 0
[2022-08-23 11:34:51,322] {taskinstance.py:1420} INFO - Marking task as SUCCESS. dag_id=raizen_lab_01, task_id=sleep, execution_date=20211004T200000, start_date=20220823T113445, end_date=20220823T113451
[2022-08-23 11:34:51,352] {local_task_job.py:156} INFO - Task exited with return code 0
[2022-08-23 11:34:51,402] {local_task_job.py:273} INFO - 1 downstream tasks scheduled from follow-on schedule check
