[2022-08-23 13:14:46,395] {taskinstance.py:1179} INFO - Dependencies all met for <TaskInstance: raizen_lab_01.sleep scheduled__2021-12-30T14:00:00+00:00 [queued]>
[2022-08-23 13:14:46,402] {taskinstance.py:1179} INFO - Dependencies all met for <TaskInstance: raizen_lab_01.sleep scheduled__2021-12-30T14:00:00+00:00 [queued]>
[2022-08-23 13:14:46,403] {taskinstance.py:1376} INFO - 
--------------------------------------------------------------------------------
[2022-08-23 13:14:46,403] {taskinstance.py:1377} INFO - Starting attempt 1 of 2
[2022-08-23 13:14:46,404] {taskinstance.py:1378} INFO - 
--------------------------------------------------------------------------------
[2022-08-23 13:14:46,416] {taskinstance.py:1397} INFO - Executing <Task(BashOperator): sleep> on 2021-12-30 14:00:00+00:00
[2022-08-23 13:14:46,421] {standard_task_runner.py:52} INFO - Started process 664 to run task
[2022-08-23 13:14:46,424] {standard_task_runner.py:79} INFO - Running: ['***', 'tasks', 'run', 'raizen_lab_01', 'sleep', 'scheduled__2021-12-30T14:00:00+00:00', '--job-id', '7493', '--raw', '--subdir', 'DAGS_FOLDER/raizen_lab_01.py', '--cfg-path', '/tmp/tmpp5kb_06h', '--error-file', '/tmp/tmp_7oihpdc']
[2022-08-23 13:14:46,426] {standard_task_runner.py:80} INFO - Job 7493: Subtask sleep
[2022-08-23 13:14:46,481] {task_command.py:371} INFO - Running <TaskInstance: raizen_lab_01.sleep scheduled__2021-12-30T14:00:00+00:00 [running]> on host 94e929fe2c87
[2022-08-23 13:14:46,539] {taskinstance.py:1591} INFO - Exporting the following env vars:
AIRFLOW_CTX_DAG_OWNER=admin
AIRFLOW_CTX_DAG_ID=raizen_lab_01
AIRFLOW_CTX_TASK_ID=sleep
AIRFLOW_CTX_EXECUTION_DATE=2021-12-30T14:00:00+00:00
AIRFLOW_CTX_TRY_NUMBER=1
AIRFLOW_CTX_DAG_RUN_ID=scheduled__2021-12-30T14:00:00+00:00
[2022-08-23 13:14:46,541] {subprocess.py:62} INFO - Tmp dir root location: 
 /tmp
[2022-08-23 13:14:46,542] {subprocess.py:74} INFO - Running command: ['bash', '-c', 'sleep 5']
[2022-08-23 13:14:46,552] {subprocess.py:85} INFO - Output:
[2022-08-23 13:14:51,554] {subprocess.py:96} INFO - Command exited with return code 0
[2022-08-23 13:14:51,591] {taskinstance.py:1420} INFO - Marking task as SUCCESS. dag_id=raizen_lab_01, task_id=sleep, execution_date=20211230T140000, start_date=20220823T131446, end_date=20220823T131451
[2022-08-23 13:14:51,627] {local_task_job.py:156} INFO - Task exited with return code 0
[2022-08-23 13:14:51,716] {local_task_job.py:273} INFO - 0 downstream tasks scheduled from follow-on schedule check
