[2022-08-23 12:35:39,663] {taskinstance.py:1179} INFO - Dependencies all met for <TaskInstance: raizen_lab_01.sleep scheduled__2021-12-18T23:00:00+00:00 [queued]>
[2022-08-23 12:35:39,672] {taskinstance.py:1179} INFO - Dependencies all met for <TaskInstance: raizen_lab_01.sleep scheduled__2021-12-18T23:00:00+00:00 [queued]>
[2022-08-23 12:35:39,673] {taskinstance.py:1376} INFO - 
--------------------------------------------------------------------------------
[2022-08-23 12:35:39,673] {taskinstance.py:1377} INFO - Starting attempt 1 of 2
[2022-08-23 12:35:39,674] {taskinstance.py:1378} INFO - 
--------------------------------------------------------------------------------
[2022-08-23 12:35:39,686] {taskinstance.py:1397} INFO - Executing <Task(BashOperator): sleep> on 2021-12-18 23:00:00+00:00
[2022-08-23 12:35:39,691] {standard_task_runner.py:52} INFO - Started process 12173 to run task
[2022-08-23 12:35:39,694] {standard_task_runner.py:79} INFO - Running: ['***', 'tasks', 'run', 'raizen_lab_01', 'sleep', 'scheduled__2021-12-18T23:00:00+00:00', '--job-id', '6649', '--raw', '--subdir', 'DAGS_FOLDER/raizen_lab_01.py', '--cfg-path', '/tmp/tmpkjgle73s', '--error-file', '/tmp/tmpo1mq_7ry']
[2022-08-23 12:35:39,696] {standard_task_runner.py:80} INFO - Job 6649: Subtask sleep
[2022-08-23 12:35:39,755] {task_command.py:371} INFO - Running <TaskInstance: raizen_lab_01.sleep scheduled__2021-12-18T23:00:00+00:00 [running]> on host 6383a3236c72
[2022-08-23 12:35:39,821] {taskinstance.py:1591} INFO - Exporting the following env vars:
AIRFLOW_CTX_DAG_OWNER=admin
AIRFLOW_CTX_DAG_ID=raizen_lab_01
AIRFLOW_CTX_TASK_ID=sleep
AIRFLOW_CTX_EXECUTION_DATE=2021-12-18T23:00:00+00:00
AIRFLOW_CTX_TRY_NUMBER=1
AIRFLOW_CTX_DAG_RUN_ID=scheduled__2021-12-18T23:00:00+00:00
[2022-08-23 12:35:39,823] {subprocess.py:62} INFO - Tmp dir root location: 
 /tmp
[2022-08-23 12:35:39,824] {subprocess.py:74} INFO - Running command: ['bash', '-c', 'sleep 5']
[2022-08-23 12:35:39,836] {subprocess.py:85} INFO - Output:
[2022-08-23 12:35:44,838] {subprocess.py:96} INFO - Command exited with return code 0
[2022-08-23 12:35:44,875] {taskinstance.py:1420} INFO - Marking task as SUCCESS. dag_id=raizen_lab_01, task_id=sleep, execution_date=20211218T230000, start_date=20220823T123539, end_date=20220823T123544
[2022-08-23 12:35:44,938] {local_task_job.py:156} INFO - Task exited with return code 0
[2022-08-23 12:35:44,977] {local_task_job.py:273} INFO - 1 downstream tasks scheduled from follow-on schedule check
