[2022-08-23 13:10:04,211] {taskinstance.py:1179} INFO - Dependencies all met for <TaskInstance: raizen_lab_01.sleep scheduled__2021-12-27T01:00:00+00:00 [queued]>
[2022-08-23 13:10:04,227] {taskinstance.py:1179} INFO - Dependencies all met for <TaskInstance: raizen_lab_01.sleep scheduled__2021-12-27T01:00:00+00:00 [queued]>
[2022-08-23 13:10:04,228] {taskinstance.py:1376} INFO - 
--------------------------------------------------------------------------------
[2022-08-23 13:10:04,229] {taskinstance.py:1377} INFO - Starting attempt 1 of 2
[2022-08-23 13:10:04,230] {taskinstance.py:1378} INFO - 
--------------------------------------------------------------------------------
[2022-08-23 13:10:04,255] {taskinstance.py:1397} INFO - Executing <Task(BashOperator): sleep> on 2021-12-27 01:00:00+00:00
[2022-08-23 13:10:04,263] {standard_task_runner.py:52} INFO - Started process 656 to run task
[2022-08-23 13:10:04,268] {standard_task_runner.py:79} INFO - Running: ['***', 'tasks', 'run', 'raizen_lab_01', 'sleep', 'scheduled__2021-12-27T01:00:00+00:00', '--job-id', '7235', '--raw', '--subdir', 'DAGS_FOLDER/raizen_lab_01.py', '--cfg-path', '/tmp/tmp52v9ezr5', '--error-file', '/tmp/tmphtq72qgm']
[2022-08-23 13:10:04,270] {standard_task_runner.py:80} INFO - Job 7235: Subtask sleep
[2022-08-23 13:10:04,350] {task_command.py:371} INFO - Running <TaskInstance: raizen_lab_01.sleep scheduled__2021-12-27T01:00:00+00:00 [running]> on host 965856c951e3
[2022-08-23 13:10:04,430] {taskinstance.py:1591} INFO - Exporting the following env vars:
AIRFLOW_CTX_DAG_OWNER=admin
AIRFLOW_CTX_DAG_ID=raizen_lab_01
AIRFLOW_CTX_TASK_ID=sleep
AIRFLOW_CTX_EXECUTION_DATE=2021-12-27T01:00:00+00:00
AIRFLOW_CTX_TRY_NUMBER=1
AIRFLOW_CTX_DAG_RUN_ID=scheduled__2021-12-27T01:00:00+00:00
[2022-08-23 13:10:04,432] {subprocess.py:62} INFO - Tmp dir root location: 
 /tmp
[2022-08-23 13:10:04,433] {subprocess.py:74} INFO - Running command: ['bash', '-c', 'sleep 5']
[2022-08-23 13:10:04,447] {subprocess.py:85} INFO - Output:
[2022-08-23 13:10:09,451] {subprocess.py:96} INFO - Command exited with return code 0
[2022-08-23 13:10:09,489] {taskinstance.py:1420} INFO - Marking task as SUCCESS. dag_id=raizen_lab_01, task_id=sleep, execution_date=20211227T010000, start_date=20220823T131004, end_date=20220823T131009
[2022-08-23 13:10:09,540] {local_task_job.py:156} INFO - Task exited with return code 0
[2022-08-23 13:10:09,568] {local_task_job.py:273} INFO - 1 downstream tasks scheduled from follow-on schedule check
