[2022-08-23 11:32:28,668] {taskinstance.py:1179} INFO - Dependencies all met for <TaskInstance: raizen_lab_01.print_world scheduled__2021-09-29T10:00:00+00:00 [queued]>
[2022-08-23 11:32:28,688] {taskinstance.py:1179} INFO - Dependencies all met for <TaskInstance: raizen_lab_01.print_world scheduled__2021-09-29T10:00:00+00:00 [queued]>
[2022-08-23 11:32:28,688] {taskinstance.py:1376} INFO - 
--------------------------------------------------------------------------------
[2022-08-23 11:32:28,689] {taskinstance.py:1377} INFO - Starting attempt 1 of 2
[2022-08-23 11:32:28,689] {taskinstance.py:1378} INFO - 
--------------------------------------------------------------------------------
[2022-08-23 11:32:28,715] {taskinstance.py:1397} INFO - Executing <Task(PythonOperator): print_world> on 2021-09-29 10:00:00+00:00
[2022-08-23 11:32:28,724] {standard_task_runner.py:52} INFO - Started process 2425 to run task
[2022-08-23 11:32:28,729] {standard_task_runner.py:79} INFO - Running: ['***', 'tasks', 'run', 'raizen_lab_01', 'print_world', 'scheduled__2021-09-29T10:00:00+00:00', '--job-id', '863', '--raw', '--subdir', 'DAGS_FOLDER/raizen_lab_01.py', '--cfg-path', '/tmp/tmp_xc39w9a', '--error-file', '/tmp/tmphhfowki2']
[2022-08-23 11:32:28,730] {standard_task_runner.py:80} INFO - Job 863: Subtask print_world
[2022-08-23 11:32:28,842] {task_command.py:371} INFO - Running <TaskInstance: raizen_lab_01.print_world scheduled__2021-09-29T10:00:00+00:00 [running]> on host 7f48b7aaf0fc
[2022-08-23 11:32:28,956] {taskinstance.py:1591} INFO - Exporting the following env vars:
AIRFLOW_CTX_DAG_OWNER=admin
AIRFLOW_CTX_DAG_ID=raizen_lab_01
AIRFLOW_CTX_TASK_ID=print_world
AIRFLOW_CTX_EXECUTION_DATE=2021-09-29T10:00:00+00:00
AIRFLOW_CTX_TRY_NUMBER=1
AIRFLOW_CTX_DAG_RUN_ID=scheduled__2021-09-29T10:00:00+00:00
[2022-08-23 11:32:28,958] {logging_mixin.py:115} INFO - world
[2022-08-23 11:32:28,959] {python.py:173} INFO - Done. Returned value was: None
[2022-08-23 11:32:28,985] {taskinstance.py:1420} INFO - Marking task as SUCCESS. dag_id=raizen_lab_01, task_id=print_world, execution_date=20210929T100000, start_date=20220823T113228, end_date=20220823T113228
[2022-08-23 11:32:29,021] {local_task_job.py:156} INFO - Task exited with return code 0
[2022-08-23 11:32:29,079] {local_task_job.py:273} INFO - 0 downstream tasks scheduled from follow-on schedule check
