[2022-08-23 13:15:59,341] {taskinstance.py:1179} INFO - Dependencies all met for <TaskInstance: raizen_lab_01.sleep scheduled__2022-01-02T08:00:00+00:00 [queued]>
[2022-08-23 13:15:59,349] {taskinstance.py:1179} INFO - Dependencies all met for <TaskInstance: raizen_lab_01.sleep scheduled__2022-01-02T08:00:00+00:00 [queued]>
[2022-08-23 13:15:59,350] {taskinstance.py:1376} INFO - 
--------------------------------------------------------------------------------
[2022-08-23 13:15:59,350] {taskinstance.py:1377} INFO - Starting attempt 1 of 2
[2022-08-23 13:15:59,351] {taskinstance.py:1378} INFO - 
--------------------------------------------------------------------------------
[2022-08-23 13:15:59,362] {taskinstance.py:1397} INFO - Executing <Task(BashOperator): sleep> on 2022-01-02 08:00:00+00:00
[2022-08-23 13:15:59,368] {standard_task_runner.py:52} INFO - Started process 1451 to run task
[2022-08-23 13:15:59,371] {standard_task_runner.py:79} INFO - Running: ['***', 'tasks', 'run', 'raizen_lab_01', 'sleep', 'scheduled__2022-01-02T08:00:00+00:00', '--job-id', '7692', '--raw', '--subdir', 'DAGS_FOLDER/raizen_lab_01.py', '--cfg-path', '/tmp/tmpimn_f5y2', '--error-file', '/tmp/tmpa8rxr84i']
[2022-08-23 13:15:59,372] {standard_task_runner.py:80} INFO - Job 7692: Subtask sleep
[2022-08-23 13:15:59,429] {task_command.py:371} INFO - Running <TaskInstance: raizen_lab_01.sleep scheduled__2022-01-02T08:00:00+00:00 [running]> on host 94e929fe2c87
[2022-08-23 13:15:59,489] {taskinstance.py:1591} INFO - Exporting the following env vars:
AIRFLOW_CTX_DAG_OWNER=admin
AIRFLOW_CTX_DAG_ID=raizen_lab_01
AIRFLOW_CTX_TASK_ID=sleep
AIRFLOW_CTX_EXECUTION_DATE=2022-01-02T08:00:00+00:00
AIRFLOW_CTX_TRY_NUMBER=1
AIRFLOW_CTX_DAG_RUN_ID=scheduled__2022-01-02T08:00:00+00:00
[2022-08-23 13:15:59,490] {subprocess.py:62} INFO - Tmp dir root location: 
 /tmp
[2022-08-23 13:15:59,491] {subprocess.py:74} INFO - Running command: ['bash', '-c', 'sleep 5']
[2022-08-23 13:15:59,504] {subprocess.py:85} INFO - Output:
[2022-08-23 13:16:04,565] {subprocess.py:96} INFO - Command exited with return code 0
[2022-08-23 13:16:04,615] {taskinstance.py:1420} INFO - Marking task as SUCCESS. dag_id=raizen_lab_01, task_id=sleep, execution_date=20220102T080000, start_date=20220823T131559, end_date=20220823T131604
[2022-08-23 13:16:04,663] {local_task_job.py:156} INFO - Task exited with return code 0
[2022-08-23 13:16:04,799] {local_task_job.py:273} INFO - 0 downstream tasks scheduled from follow-on schedule check
