[2022-08-23 12:27:59,749] {taskinstance.py:1179} INFO - Dependencies all met for <TaskInstance: raizen_lab_01.sleep scheduled__2021-11-28T09:00:00+00:00 [queued]>
[2022-08-23 12:27:59,756] {taskinstance.py:1179} INFO - Dependencies all met for <TaskInstance: raizen_lab_01.sleep scheduled__2021-11-28T09:00:00+00:00 [queued]>
[2022-08-23 12:27:59,757] {taskinstance.py:1376} INFO - 
--------------------------------------------------------------------------------
[2022-08-23 12:27:59,757] {taskinstance.py:1377} INFO - Starting attempt 1 of 2
[2022-08-23 12:27:59,758] {taskinstance.py:1378} INFO - 
--------------------------------------------------------------------------------
[2022-08-23 12:27:59,770] {taskinstance.py:1397} INFO - Executing <Task(BashOperator): sleep> on 2021-11-28 09:00:00+00:00
[2022-08-23 12:27:59,776] {standard_task_runner.py:52} INFO - Started process 6359 to run task
[2022-08-23 12:27:59,779] {standard_task_runner.py:79} INFO - Running: ['***', 'tasks', 'run', 'raizen_lab_01', 'sleep', 'scheduled__2021-11-28T09:00:00+00:00', '--job-id', '5161', '--raw', '--subdir', 'DAGS_FOLDER/raizen_lab_01.py', '--cfg-path', '/tmp/tmpca_lswzf', '--error-file', '/tmp/tmp7_276st_']
[2022-08-23 12:27:59,780] {standard_task_runner.py:80} INFO - Job 5161: Subtask sleep
[2022-08-23 12:27:59,838] {task_command.py:371} INFO - Running <TaskInstance: raizen_lab_01.sleep scheduled__2021-11-28T09:00:00+00:00 [running]> on host 6383a3236c72
[2022-08-23 12:27:59,898] {taskinstance.py:1591} INFO - Exporting the following env vars:
AIRFLOW_CTX_DAG_OWNER=admin
AIRFLOW_CTX_DAG_ID=raizen_lab_01
AIRFLOW_CTX_TASK_ID=sleep
AIRFLOW_CTX_EXECUTION_DATE=2021-11-28T09:00:00+00:00
AIRFLOW_CTX_TRY_NUMBER=1
AIRFLOW_CTX_DAG_RUN_ID=scheduled__2021-11-28T09:00:00+00:00
[2022-08-23 12:27:59,899] {subprocess.py:62} INFO - Tmp dir root location: 
 /tmp
[2022-08-23 12:27:59,900] {subprocess.py:74} INFO - Running command: ['bash', '-c', 'sleep 5']
[2022-08-23 12:27:59,910] {subprocess.py:85} INFO - Output:
[2022-08-23 12:28:04,913] {subprocess.py:96} INFO - Command exited with return code 0
[2022-08-23 12:28:04,992] {taskinstance.py:1420} INFO - Marking task as SUCCESS. dag_id=raizen_lab_01, task_id=sleep, execution_date=20211128T090000, start_date=20220823T122759, end_date=20220823T122804
[2022-08-23 12:28:05,050] {local_task_job.py:156} INFO - Task exited with return code 0
[2022-08-23 12:28:05,085] {local_task_job.py:273} INFO - 1 downstream tasks scheduled from follow-on schedule check
