[2022-08-23 11:47:23,202] {taskinstance.py:1179} INFO - Dependencies all met for <TaskInstance: raizen_lab_01.sleep scheduled__2021-10-19T05:00:00+00:00 [queued]>
[2022-08-23 11:47:23,229] {taskinstance.py:1179} INFO - Dependencies all met for <TaskInstance: raizen_lab_01.sleep scheduled__2021-10-19T05:00:00+00:00 [queued]>
[2022-08-23 11:47:23,229] {taskinstance.py:1376} INFO - 
--------------------------------------------------------------------------------
[2022-08-23 11:47:23,230] {taskinstance.py:1377} INFO - Starting attempt 1 of 2
[2022-08-23 11:47:23,231] {taskinstance.py:1378} INFO - 
--------------------------------------------------------------------------------
[2022-08-23 11:47:23,262] {taskinstance.py:1397} INFO - Executing <Task(BashOperator): sleep> on 2021-10-19 05:00:00+00:00
[2022-08-23 11:47:23,272] {standard_task_runner.py:52} INFO - Started process 772 to run task
[2022-08-23 11:47:23,278] {standard_task_runner.py:79} INFO - Running: ['***', 'tasks', 'run', 'raizen_lab_01', 'sleep', 'scheduled__2021-10-19T05:00:00+00:00', '--job-id', '2270', '--raw', '--subdir', 'DAGS_FOLDER/raizen_lab_01.py', '--cfg-path', '/tmp/tmpgjazr0xb', '--error-file', '/tmp/tmpzthl7r8s']
[2022-08-23 11:47:23,279] {standard_task_runner.py:80} INFO - Job 2270: Subtask sleep
[2022-08-23 11:47:23,411] {task_command.py:371} INFO - Running <TaskInstance: raizen_lab_01.sleep scheduled__2021-10-19T05:00:00+00:00 [running]> on host fc645605a611
[2022-08-23 11:47:23,555] {taskinstance.py:1591} INFO - Exporting the following env vars:
AIRFLOW_CTX_DAG_OWNER=admin
AIRFLOW_CTX_DAG_ID=raizen_lab_01
AIRFLOW_CTX_TASK_ID=sleep
AIRFLOW_CTX_EXECUTION_DATE=2021-10-19T05:00:00+00:00
AIRFLOW_CTX_TRY_NUMBER=1
AIRFLOW_CTX_DAG_RUN_ID=scheduled__2021-10-19T05:00:00+00:00
[2022-08-23 11:47:23,557] {subprocess.py:62} INFO - Tmp dir root location: 
 /tmp
[2022-08-23 11:47:23,559] {subprocess.py:74} INFO - Running command: ['bash', '-c', 'sleep 5']
[2022-08-23 11:47:23,577] {subprocess.py:85} INFO - Output:
[2022-08-23 11:47:28,583] {subprocess.py:96} INFO - Command exited with return code 0
[2022-08-23 11:47:28,629] {taskinstance.py:1420} INFO - Marking task as SUCCESS. dag_id=raizen_lab_01, task_id=sleep, execution_date=20211019T050000, start_date=20220823T114723, end_date=20220823T114728
[2022-08-23 11:47:28,693] {local_task_job.py:156} INFO - Task exited with return code 0
[2022-08-23 11:47:28,862] {local_task_job.py:273} INFO - 0 downstream tasks scheduled from follow-on schedule check
