[2022-08-23 12:07:02,814] {taskinstance.py:1179} INFO - Dependencies all met for <TaskInstance: raizen_lab_01.sleep scheduled__2021-10-28T20:00:00+00:00 [queued]>
[2022-08-23 12:07:02,822] {taskinstance.py:1179} INFO - Dependencies all met for <TaskInstance: raizen_lab_01.sleep scheduled__2021-10-28T20:00:00+00:00 [queued]>
[2022-08-23 12:07:02,823] {taskinstance.py:1376} INFO - 
--------------------------------------------------------------------------------
[2022-08-23 12:07:02,823] {taskinstance.py:1377} INFO - Starting attempt 1 of 2
[2022-08-23 12:07:02,825] {taskinstance.py:1378} INFO - 
--------------------------------------------------------------------------------
[2022-08-23 12:07:02,835] {taskinstance.py:1397} INFO - Executing <Task(BashOperator): sleep> on 2021-10-28 20:00:00+00:00
[2022-08-23 12:07:02,839] {standard_task_runner.py:52} INFO - Started process 1015 to run task
[2022-08-23 12:07:02,841] {standard_task_runner.py:79} INFO - Running: ['***', 'tasks', 'run', 'raizen_lab_01', 'sleep', 'scheduled__2021-10-28T20:00:00+00:00', '--job-id', '2952', '--raw', '--subdir', 'DAGS_FOLDER/raizen_lab_01.py', '--cfg-path', '/tmp/tmpsa8va0kv', '--error-file', '/tmp/tmpvod6iic1']
[2022-08-23 12:07:02,842] {standard_task_runner.py:80} INFO - Job 2952: Subtask sleep
[2022-08-23 12:07:02,893] {task_command.py:371} INFO - Running <TaskInstance: raizen_lab_01.sleep scheduled__2021-10-28T20:00:00+00:00 [running]> on host 67b6bdae536e
[2022-08-23 12:07:02,950] {taskinstance.py:1591} INFO - Exporting the following env vars:
AIRFLOW_CTX_DAG_OWNER=admin
AIRFLOW_CTX_DAG_ID=raizen_lab_01
AIRFLOW_CTX_TASK_ID=sleep
AIRFLOW_CTX_EXECUTION_DATE=2021-10-28T20:00:00+00:00
AIRFLOW_CTX_TRY_NUMBER=1
AIRFLOW_CTX_DAG_RUN_ID=scheduled__2021-10-28T20:00:00+00:00
[2022-08-23 12:07:02,951] {subprocess.py:62} INFO - Tmp dir root location: 
 /tmp
[2022-08-23 12:07:02,952] {subprocess.py:74} INFO - Running command: ['bash', '-c', 'sleep 5']
[2022-08-23 12:07:02,959] {subprocess.py:85} INFO - Output:
[2022-08-23 12:07:07,962] {subprocess.py:96} INFO - Command exited with return code 0
[2022-08-23 12:07:07,990] {taskinstance.py:1420} INFO - Marking task as SUCCESS. dag_id=raizen_lab_01, task_id=sleep, execution_date=20211028T200000, start_date=20220823T120702, end_date=20220823T120707
[2022-08-23 12:07:08,026] {local_task_job.py:156} INFO - Task exited with return code 0
[2022-08-23 12:07:08,052] {local_task_job.py:273} INFO - 1 downstream tasks scheduled from follow-on schedule check
