[2022-08-24 11:43:29,385] {taskinstance.py:1179} INFO - Dependencies all met for <TaskInstance: raizen_lab_01.step_01 manual__2022-08-24T11:43:23.183699+00:00 [queued]>
[2022-08-24 11:43:29,396] {taskinstance.py:1179} INFO - Dependencies all met for <TaskInstance: raizen_lab_01.step_01 manual__2022-08-24T11:43:23.183699+00:00 [queued]>
[2022-08-24 11:43:29,397] {taskinstance.py:1376} INFO - 
--------------------------------------------------------------------------------
[2022-08-24 11:43:29,397] {taskinstance.py:1377} INFO - Starting attempt 1 of 2
[2022-08-24 11:43:29,400] {taskinstance.py:1378} INFO - 
--------------------------------------------------------------------------------
[2022-08-24 11:43:29,416] {taskinstance.py:1397} INFO - Executing <Task(BashOperator): step_01> on 2022-08-24 11:43:23.183699+00:00
[2022-08-24 11:43:29,498] {standard_task_runner.py:52} INFO - Started process 89 to run task
[2022-08-24 11:43:29,502] {standard_task_runner.py:79} INFO - Running: ['***', 'tasks', 'run', 'raizen_lab_01', 'step_01', 'manual__2022-08-24T11:43:23.183699+00:00', '--job-id', '9715', '--raw', '--subdir', 'DAGS_FOLDER/raizen_lab_01.py', '--cfg-path', '/tmp/tmpml9m4igy', '--error-file', '/tmp/tmp7et8ngia']
[2022-08-24 11:43:29,504] {standard_task_runner.py:80} INFO - Job 9715: Subtask step_01
[2022-08-24 11:43:29,586] {task_command.py:371} INFO - Running <TaskInstance: raizen_lab_01.step_01 manual__2022-08-24T11:43:23.183699+00:00 [running]> on host 3f878792eb1e
[2022-08-24 11:43:29,666] {taskinstance.py:1591} INFO - Exporting the following env vars:
AIRFLOW_CTX_DAG_OWNER=admin
AIRFLOW_CTX_DAG_ID=raizen_lab_01
AIRFLOW_CTX_TASK_ID=step_01
AIRFLOW_CTX_EXECUTION_DATE=2022-08-24T11:43:23.183699+00:00
AIRFLOW_CTX_TRY_NUMBER=1
AIRFLOW_CTX_DAG_RUN_ID=manual__2022-08-24T11:43:23.183699+00:00
[2022-08-24 11:43:29,668] {subprocess.py:62} INFO - Tmp dir root location: 
 /tmp
[2022-08-24 11:43:29,669] {subprocess.py:74} INFO - Running command: ['bash', '-c', 'echo "Fim da Ingestao"']
[2022-08-24 11:43:29,681] {subprocess.py:85} INFO - Output:
[2022-08-24 11:43:29,683] {subprocess.py:92} INFO - Fim da Ingestao
[2022-08-24 11:43:29,684] {subprocess.py:96} INFO - Command exited with return code 0
[2022-08-24 11:43:29,721] {taskinstance.py:1420} INFO - Marking task as SUCCESS. dag_id=raizen_lab_01, task_id=step_01, execution_date=20220824T114323, start_date=20220824T114329, end_date=20220824T114329
[2022-08-24 11:43:29,754] {local_task_job.py:156} INFO - Task exited with return code 0
[2022-08-24 11:43:29,783] {local_task_job.py:273} INFO - 0 downstream tasks scheduled from follow-on schedule check
