[2022-08-23 13:09:31,458] {taskinstance.py:1179} INFO - Dependencies all met for <TaskInstance: raizen_lab_01.print_hello scheduled__2021-12-25T20:00:00+00:00 [queued]>
[2022-08-23 13:09:31,472] {taskinstance.py:1179} INFO - Dependencies all met for <TaskInstance: raizen_lab_01.print_hello scheduled__2021-12-25T20:00:00+00:00 [queued]>
[2022-08-23 13:09:31,473] {taskinstance.py:1376} INFO - 
--------------------------------------------------------------------------------
[2022-08-23 13:09:31,473] {taskinstance.py:1377} INFO - Starting attempt 1 of 2
[2022-08-23 13:09:31,474] {taskinstance.py:1378} INFO - 
--------------------------------------------------------------------------------
[2022-08-23 13:09:31,498] {taskinstance.py:1397} INFO - Executing <Task(BashOperator): print_hello> on 2021-12-25 20:00:00+00:00
[2022-08-23 13:09:31,506] {standard_task_runner.py:52} INFO - Started process 267 to run task
[2022-08-23 13:09:31,510] {standard_task_runner.py:79} INFO - Running: ['***', 'tasks', 'run', 'raizen_lab_01', 'print_hello', 'scheduled__2021-12-25T20:00:00+00:00', '--job-id', '7135', '--raw', '--subdir', 'DAGS_FOLDER/raizen_lab_01.py', '--cfg-path', '/tmp/tmphgpkb7x4', '--error-file', '/tmp/tmp2utc8wi0']
[2022-08-23 13:09:31,512] {standard_task_runner.py:80} INFO - Job 7135: Subtask print_hello
[2022-08-23 13:09:31,582] {task_command.py:371} INFO - Running <TaskInstance: raizen_lab_01.print_hello scheduled__2021-12-25T20:00:00+00:00 [running]> on host 965856c951e3
[2022-08-23 13:09:31,651] {taskinstance.py:1591} INFO - Exporting the following env vars:
AIRFLOW_CTX_DAG_OWNER=admin
AIRFLOW_CTX_DAG_ID=raizen_lab_01
AIRFLOW_CTX_TASK_ID=print_hello
AIRFLOW_CTX_EXECUTION_DATE=2021-12-25T20:00:00+00:00
AIRFLOW_CTX_TRY_NUMBER=1
AIRFLOW_CTX_DAG_RUN_ID=scheduled__2021-12-25T20:00:00+00:00
[2022-08-23 13:09:31,652] {subprocess.py:62} INFO - Tmp dir root location: 
 /tmp
[2022-08-23 13:09:31,653] {subprocess.py:74} INFO - Running command: ['bash', '-c', 'echo "hello"']
[2022-08-23 13:09:31,663] {subprocess.py:85} INFO - Output:
[2022-08-23 13:09:31,664] {subprocess.py:92} INFO - hello
[2022-08-23 13:09:31,664] {subprocess.py:96} INFO - Command exited with return code 0
[2022-08-23 13:09:31,692] {taskinstance.py:1420} INFO - Marking task as SUCCESS. dag_id=raizen_lab_01, task_id=print_hello, execution_date=20211225T200000, start_date=20220823T130931, end_date=20220823T130931
[2022-08-23 13:09:31,722] {local_task_job.py:156} INFO - Task exited with return code 0
[2022-08-23 13:09:31,764] {local_task_job.py:273} INFO - 1 downstream tasks scheduled from follow-on schedule check
