[2022-08-23 11:58:32,542] {taskinstance.py:1179} INFO - Dependencies all met for <TaskInstance: raizen_lab_01.sleep scheduled__2021-10-21T02:00:00+00:00 [queued]>
[2022-08-23 11:58:32,602] {taskinstance.py:1179} INFO - Dependencies all met for <TaskInstance: raizen_lab_01.sleep scheduled__2021-10-21T02:00:00+00:00 [queued]>
[2022-08-23 11:58:32,606] {taskinstance.py:1376} INFO - 
--------------------------------------------------------------------------------
[2022-08-23 11:58:32,610] {taskinstance.py:1377} INFO - Starting attempt 1 of 2
[2022-08-23 11:58:32,612] {taskinstance.py:1378} INFO - 
--------------------------------------------------------------------------------
[2022-08-23 11:58:32,698] {taskinstance.py:1397} INFO - Executing <Task(BashOperator): sleep> on 2021-10-21 02:00:00+00:00
[2022-08-23 11:58:32,732] {standard_task_runner.py:52} INFO - Started process 147 to run task
[2022-08-23 11:58:32,758] {standard_task_runner.py:79} INFO - Running: ['***', 'tasks', 'run', 'raizen_lab_01', 'sleep', 'scheduled__2021-10-21T02:00:00+00:00', '--job-id', '2414', '--raw', '--subdir', 'DAGS_FOLDER/raizen_lab_01.py', '--cfg-path', '/tmp/tmpfiuyqtvr', '--error-file', '/tmp/tmprzel636k']
[2022-08-23 11:58:32,765] {standard_task_runner.py:80} INFO - Job 2414: Subtask sleep
[2022-08-23 11:58:33,133] {task_command.py:371} INFO - Running <TaskInstance: raizen_lab_01.sleep scheduled__2021-10-21T02:00:00+00:00 [running]> on host 9f4b06248101
[2022-08-23 11:58:33,503] {taskinstance.py:1591} INFO - Exporting the following env vars:
AIRFLOW_CTX_DAG_OWNER=admin
AIRFLOW_CTX_DAG_ID=raizen_lab_01
AIRFLOW_CTX_TASK_ID=sleep
AIRFLOW_CTX_EXECUTION_DATE=2021-10-21T02:00:00+00:00
AIRFLOW_CTX_TRY_NUMBER=1
AIRFLOW_CTX_DAG_RUN_ID=scheduled__2021-10-21T02:00:00+00:00
[2022-08-23 11:58:33,506] {subprocess.py:62} INFO - Tmp dir root location: 
 /tmp
[2022-08-23 11:58:33,507] {subprocess.py:74} INFO - Running command: ['bash', '-c', 'sleep 5']
[2022-08-23 11:58:33,536] {subprocess.py:85} INFO - Output:
[2022-08-23 11:58:38,542] {subprocess.py:96} INFO - Command exited with return code 0
[2022-08-23 11:58:38,612] {taskinstance.py:1420} INFO - Marking task as SUCCESS. dag_id=raizen_lab_01, task_id=sleep, execution_date=20211021T020000, start_date=20220823T115832, end_date=20220823T115838
[2022-08-23 11:58:38,658] {local_task_job.py:156} INFO - Task exited with return code 0
[2022-08-23 11:58:38,711] {local_task_job.py:273} INFO - 1 downstream tasks scheduled from follow-on schedule check
