[2022-08-23 11:34:50,348] {taskinstance.py:1179} INFO - Dependencies all met for <TaskInstance: raizen_lab_01.print_world scheduled__2021-10-04T13:00:00+00:00 [queued]>
[2022-08-23 11:34:50,370] {taskinstance.py:1179} INFO - Dependencies all met for <TaskInstance: raizen_lab_01.print_world scheduled__2021-10-04T13:00:00+00:00 [queued]>
[2022-08-23 11:34:50,371] {taskinstance.py:1376} INFO - 
--------------------------------------------------------------------------------
[2022-08-23 11:34:50,372] {taskinstance.py:1377} INFO - Starting attempt 1 of 2
[2022-08-23 11:34:50,373] {taskinstance.py:1378} INFO - 
--------------------------------------------------------------------------------
[2022-08-23 11:34:50,399] {taskinstance.py:1397} INFO - Executing <Task(PythonOperator): print_world> on 2021-10-04 13:00:00+00:00
[2022-08-23 11:34:50,407] {standard_task_runner.py:52} INFO - Started process 3508 to run task
[2022-08-23 11:34:50,413] {standard_task_runner.py:79} INFO - Running: ['***', 'tasks', 'run', 'raizen_lab_01', 'print_world', 'scheduled__2021-10-04T13:00:00+00:00', '--job-id', '1228', '--raw', '--subdir', 'DAGS_FOLDER/raizen_lab_01.py', '--cfg-path', '/tmp/tmpbyuirojj', '--error-file', '/tmp/tmpywy0co97']
[2022-08-23 11:34:50,414] {standard_task_runner.py:80} INFO - Job 1228: Subtask print_world
[2022-08-23 11:34:50,546] {task_command.py:371} INFO - Running <TaskInstance: raizen_lab_01.print_world scheduled__2021-10-04T13:00:00+00:00 [running]> on host 7f48b7aaf0fc
[2022-08-23 11:34:50,667] {taskinstance.py:1591} INFO - Exporting the following env vars:
AIRFLOW_CTX_DAG_OWNER=admin
AIRFLOW_CTX_DAG_ID=raizen_lab_01
AIRFLOW_CTX_TASK_ID=print_world
AIRFLOW_CTX_EXECUTION_DATE=2021-10-04T13:00:00+00:00
AIRFLOW_CTX_TRY_NUMBER=1
AIRFLOW_CTX_DAG_RUN_ID=scheduled__2021-10-04T13:00:00+00:00
[2022-08-23 11:34:50,669] {logging_mixin.py:115} INFO - world
[2022-08-23 11:34:50,669] {python.py:173} INFO - Done. Returned value was: None
[2022-08-23 11:34:50,695] {taskinstance.py:1420} INFO - Marking task as SUCCESS. dag_id=raizen_lab_01, task_id=print_world, execution_date=20211004T130000, start_date=20220823T113450, end_date=20220823T113450
[2022-08-23 11:34:50,744] {local_task_job.py:156} INFO - Task exited with return code 0
[2022-08-23 11:34:50,795] {local_task_job.py:273} INFO - 0 downstream tasks scheduled from follow-on schedule check
