[2022-08-23 11:34:16,292] {taskinstance.py:1179} INFO - Dependencies all met for <TaskInstance: raizen_lab_01.print_world scheduled__2021-10-03T03:00:00+00:00 [queued]>
[2022-08-23 11:34:16,315] {taskinstance.py:1179} INFO - Dependencies all met for <TaskInstance: raizen_lab_01.print_world scheduled__2021-10-03T03:00:00+00:00 [queued]>
[2022-08-23 11:34:16,315] {taskinstance.py:1376} INFO - 
--------------------------------------------------------------------------------
[2022-08-23 11:34:16,316] {taskinstance.py:1377} INFO - Starting attempt 1 of 2
[2022-08-23 11:34:16,316] {taskinstance.py:1378} INFO - 
--------------------------------------------------------------------------------
[2022-08-23 11:34:16,354] {taskinstance.py:1397} INFO - Executing <Task(PythonOperator): print_world> on 2021-10-03 03:00:00+00:00
[2022-08-23 11:34:16,361] {standard_task_runner.py:52} INFO - Started process 3228 to run task
[2022-08-23 11:34:16,368] {standard_task_runner.py:79} INFO - Running: ['***', 'tasks', 'run', 'raizen_lab_01', 'print_world', 'scheduled__2021-10-03T03:00:00+00:00', '--job-id', '1131', '--raw', '--subdir', 'DAGS_FOLDER/raizen_lab_01.py', '--cfg-path', '/tmp/tmp45yhpsh8', '--error-file', '/tmp/tmppwq0vf_w']
[2022-08-23 11:34:16,369] {standard_task_runner.py:80} INFO - Job 1131: Subtask print_world
[2022-08-23 11:34:16,490] {task_command.py:371} INFO - Running <TaskInstance: raizen_lab_01.print_world scheduled__2021-10-03T03:00:00+00:00 [running]> on host 7f48b7aaf0fc
[2022-08-23 11:34:16,624] {taskinstance.py:1591} INFO - Exporting the following env vars:
AIRFLOW_CTX_DAG_OWNER=admin
AIRFLOW_CTX_DAG_ID=raizen_lab_01
AIRFLOW_CTX_TASK_ID=print_world
AIRFLOW_CTX_EXECUTION_DATE=2021-10-03T03:00:00+00:00
AIRFLOW_CTX_TRY_NUMBER=1
AIRFLOW_CTX_DAG_RUN_ID=scheduled__2021-10-03T03:00:00+00:00
[2022-08-23 11:34:16,626] {logging_mixin.py:115} INFO - world
[2022-08-23 11:34:16,627] {python.py:173} INFO - Done. Returned value was: None
[2022-08-23 11:34:16,718] {taskinstance.py:1420} INFO - Marking task as SUCCESS. dag_id=raizen_lab_01, task_id=print_world, execution_date=20211003T030000, start_date=20220823T113416, end_date=20220823T113416
[2022-08-23 11:34:16,779] {local_task_job.py:156} INFO - Task exited with return code 0
[2022-08-23 11:34:16,831] {local_task_job.py:273} INFO - 0 downstream tasks scheduled from follow-on schedule check
