[2022-08-23 11:31:15,062] {taskinstance.py:1179} INFO - Dependencies all met for <TaskInstance: raizen_lab_01.sleep scheduled__2021-09-26T21:00:00+00:00 [queued]>
[2022-08-23 11:31:15,086] {taskinstance.py:1179} INFO - Dependencies all met for <TaskInstance: raizen_lab_01.sleep scheduled__2021-09-26T21:00:00+00:00 [queued]>
[2022-08-23 11:31:15,086] {taskinstance.py:1376} INFO - 
--------------------------------------------------------------------------------
[2022-08-23 11:31:15,087] {taskinstance.py:1377} INFO - Starting attempt 1 of 2
[2022-08-23 11:31:15,088] {taskinstance.py:1378} INFO - 
--------------------------------------------------------------------------------
[2022-08-23 11:31:15,117] {taskinstance.py:1397} INFO - Executing <Task(BashOperator): sleep> on 2021-09-26 21:00:00+00:00
[2022-08-23 11:31:15,127] {standard_task_runner.py:52} INFO - Started process 1804 to run task
[2022-08-23 11:31:15,133] {standard_task_runner.py:79} INFO - Running: ['***', 'tasks', 'run', 'raizen_lab_01', 'sleep', 'scheduled__2021-09-26T21:00:00+00:00', '--job-id', '651', '--raw', '--subdir', 'DAGS_FOLDER/raizen_lab_01.py', '--cfg-path', '/tmp/tmpq7tfr739', '--error-file', '/tmp/tmpq38u0rlo']
[2022-08-23 11:31:15,135] {standard_task_runner.py:80} INFO - Job 651: Subtask sleep
[2022-08-23 11:31:15,252] {task_command.py:371} INFO - Running <TaskInstance: raizen_lab_01.sleep scheduled__2021-09-26T21:00:00+00:00 [running]> on host 7f48b7aaf0fc
[2022-08-23 11:31:15,359] {taskinstance.py:1591} INFO - Exporting the following env vars:
AIRFLOW_CTX_DAG_OWNER=admin
AIRFLOW_CTX_DAG_ID=raizen_lab_01
AIRFLOW_CTX_TASK_ID=sleep
AIRFLOW_CTX_EXECUTION_DATE=2021-09-26T21:00:00+00:00
AIRFLOW_CTX_TRY_NUMBER=1
AIRFLOW_CTX_DAG_RUN_ID=scheduled__2021-09-26T21:00:00+00:00
[2022-08-23 11:31:15,362] {subprocess.py:62} INFO - Tmp dir root location: 
 /tmp
[2022-08-23 11:31:15,363] {subprocess.py:74} INFO - Running command: ['bash', '-c', 'sleep 5']
[2022-08-23 11:31:15,384] {subprocess.py:85} INFO - Output:
[2022-08-23 11:31:20,390] {subprocess.py:96} INFO - Command exited with return code 0
[2022-08-23 11:31:20,653] {taskinstance.py:1420} INFO - Marking task as SUCCESS. dag_id=raizen_lab_01, task_id=sleep, execution_date=20210926T210000, start_date=20220823T113115, end_date=20220823T113120
[2022-08-23 11:31:20,705] {local_task_job.py:156} INFO - Task exited with return code 0
[2022-08-23 11:31:20,773] {local_task_job.py:273} INFO - 1 downstream tasks scheduled from follow-on schedule check
