[2022-08-23 12:21:27,887] {taskinstance.py:1179} INFO - Dependencies all met for <TaskInstance: raizen_lab_01.print_hello scheduled__2021-11-11T17:00:00+00:00 [queued]>
[2022-08-23 12:21:27,900] {taskinstance.py:1179} INFO - Dependencies all met for <TaskInstance: raizen_lab_01.print_hello scheduled__2021-11-11T17:00:00+00:00 [queued]>
[2022-08-23 12:21:27,903] {taskinstance.py:1376} INFO - 
--------------------------------------------------------------------------------
[2022-08-23 12:21:27,905] {taskinstance.py:1377} INFO - Starting attempt 1 of 2
[2022-08-23 12:21:27,906] {taskinstance.py:1378} INFO - 
--------------------------------------------------------------------------------
[2022-08-23 12:21:27,928] {taskinstance.py:1397} INFO - Executing <Task(BashOperator): print_hello> on 2021-11-11 17:00:00+00:00
[2022-08-23 12:21:27,936] {standard_task_runner.py:52} INFO - Started process 1634 to run task
[2022-08-23 12:21:27,940] {standard_task_runner.py:79} INFO - Running: ['***', 'tasks', 'run', 'raizen_lab_01', 'print_hello', 'scheduled__2021-11-11T17:00:00+00:00', '--job-id', '3955', '--raw', '--subdir', 'DAGS_FOLDER/raizen_lab_01.py', '--cfg-path', '/tmp/tmprm6bc8kk', '--error-file', '/tmp/tmpijag8vy3']
[2022-08-23 12:21:27,942] {standard_task_runner.py:80} INFO - Job 3955: Subtask print_hello
[2022-08-23 12:21:28,031] {task_command.py:371} INFO - Running <TaskInstance: raizen_lab_01.print_hello scheduled__2021-11-11T17:00:00+00:00 [running]> on host 6383a3236c72
[2022-08-23 12:21:28,148] {taskinstance.py:1591} INFO - Exporting the following env vars:
AIRFLOW_CTX_DAG_OWNER=admin
AIRFLOW_CTX_DAG_ID=raizen_lab_01
AIRFLOW_CTX_TASK_ID=print_hello
AIRFLOW_CTX_EXECUTION_DATE=2021-11-11T17:00:00+00:00
AIRFLOW_CTX_TRY_NUMBER=1
AIRFLOW_CTX_DAG_RUN_ID=scheduled__2021-11-11T17:00:00+00:00
[2022-08-23 12:21:28,151] {subprocess.py:62} INFO - Tmp dir root location: 
 /tmp
[2022-08-23 12:21:28,152] {subprocess.py:74} INFO - Running command: ['bash', '-c', 'echo "hello"']
[2022-08-23 12:21:28,167] {subprocess.py:85} INFO - Output:
[2022-08-23 12:21:28,168] {subprocess.py:92} INFO - hello
[2022-08-23 12:21:28,169] {subprocess.py:96} INFO - Command exited with return code 0
[2022-08-23 12:21:28,201] {taskinstance.py:1420} INFO - Marking task as SUCCESS. dag_id=raizen_lab_01, task_id=print_hello, execution_date=20211111T170000, start_date=20220823T122127, end_date=20220823T122128
[2022-08-23 12:21:28,232] {local_task_job.py:156} INFO - Task exited with return code 0
[2022-08-23 12:21:28,368] {local_task_job.py:273} INFO - 0 downstream tasks scheduled from follow-on schedule check
