[2022-08-23 12:08:27,053] {taskinstance.py:1179} INFO - Dependencies all met for <TaskInstance: raizen_lab_01.print_world scheduled__2021-11-01T18:00:00+00:00 [queued]>
[2022-08-23 12:08:27,062] {taskinstance.py:1179} INFO - Dependencies all met for <TaskInstance: raizen_lab_01.print_world scheduled__2021-11-01T18:00:00+00:00 [queued]>
[2022-08-23 12:08:27,063] {taskinstance.py:1376} INFO - 
--------------------------------------------------------------------------------
[2022-08-23 12:08:27,063] {taskinstance.py:1377} INFO - Starting attempt 1 of 2
[2022-08-23 12:08:27,064] {taskinstance.py:1378} INFO - 
--------------------------------------------------------------------------------
[2022-08-23 12:08:27,076] {taskinstance.py:1397} INFO - Executing <Task(PythonOperator): print_world> on 2021-11-01 18:00:00+00:00
[2022-08-23 12:08:27,081] {standard_task_runner.py:52} INFO - Started process 1873 to run task
[2022-08-23 12:08:27,084] {standard_task_runner.py:79} INFO - Running: ['***', 'tasks', 'run', 'raizen_lab_01', 'print_world', 'scheduled__2021-11-01T18:00:00+00:00', '--job-id', '3253', '--raw', '--subdir', 'DAGS_FOLDER/raizen_lab_01.py', '--cfg-path', '/tmp/tmpy5smqozh', '--error-file', '/tmp/tmp0qti1gb5']
[2022-08-23 12:08:27,085] {standard_task_runner.py:80} INFO - Job 3253: Subtask print_world
[2022-08-23 12:08:27,140] {task_command.py:371} INFO - Running <TaskInstance: raizen_lab_01.print_world scheduled__2021-11-01T18:00:00+00:00 [running]> on host 67b6bdae536e
[2022-08-23 12:08:27,204] {taskinstance.py:1591} INFO - Exporting the following env vars:
AIRFLOW_CTX_DAG_OWNER=admin
AIRFLOW_CTX_DAG_ID=raizen_lab_01
AIRFLOW_CTX_TASK_ID=print_world
AIRFLOW_CTX_EXECUTION_DATE=2021-11-01T18:00:00+00:00
AIRFLOW_CTX_TRY_NUMBER=1
AIRFLOW_CTX_DAG_RUN_ID=scheduled__2021-11-01T18:00:00+00:00
[2022-08-23 12:08:27,205] {logging_mixin.py:115} INFO - world
[2022-08-23 12:08:27,206] {python.py:173} INFO - Done. Returned value was: None
[2022-08-23 12:08:27,216] {taskinstance.py:1420} INFO - Marking task as SUCCESS. dag_id=raizen_lab_01, task_id=print_world, execution_date=20211101T180000, start_date=20220823T120827, end_date=20220823T120827
[2022-08-23 12:08:27,257] {local_task_job.py:156} INFO - Task exited with return code 0
[2022-08-23 12:08:27,285] {local_task_job.py:273} INFO - 0 downstream tasks scheduled from follow-on schedule check
