[2022-08-23 11:59:23,762] {taskinstance.py:1179} INFO - Dependencies all met for <TaskInstance: raizen_lab_01.print_hello scheduled__2021-10-23T11:00:00+00:00 [queued]>
[2022-08-23 11:59:23,782] {taskinstance.py:1179} INFO - Dependencies all met for <TaskInstance: raizen_lab_01.print_hello scheduled__2021-10-23T11:00:00+00:00 [queued]>
[2022-08-23 11:59:23,783] {taskinstance.py:1376} INFO - 
--------------------------------------------------------------------------------
[2022-08-23 11:59:23,783] {taskinstance.py:1377} INFO - Starting attempt 1 of 2
[2022-08-23 11:59:23,784] {taskinstance.py:1378} INFO - 
--------------------------------------------------------------------------------
[2022-08-23 11:59:23,820] {taskinstance.py:1397} INFO - Executing <Task(BashOperator): print_hello> on 2021-10-23 11:00:00+00:00
[2022-08-23 11:59:23,830] {standard_task_runner.py:52} INFO - Started process 581 to run task
[2022-08-23 11:59:23,837] {standard_task_runner.py:79} INFO - Running: ['***', 'tasks', 'run', 'raizen_lab_01', 'print_hello', 'scheduled__2021-10-23T11:00:00+00:00', '--job-id', '2560', '--raw', '--subdir', 'DAGS_FOLDER/raizen_lab_01.py', '--cfg-path', '/tmp/tmp_uxtsosy', '--error-file', '/tmp/tmpsfcqfea9']
[2022-08-23 11:59:23,838] {standard_task_runner.py:80} INFO - Job 2560: Subtask print_hello
[2022-08-23 11:59:23,976] {task_command.py:371} INFO - Running <TaskInstance: raizen_lab_01.print_hello scheduled__2021-10-23T11:00:00+00:00 [running]> on host 9f4b06248101
[2022-08-23 11:59:24,092] {taskinstance.py:1591} INFO - Exporting the following env vars:
AIRFLOW_CTX_DAG_OWNER=admin
AIRFLOW_CTX_DAG_ID=raizen_lab_01
AIRFLOW_CTX_TASK_ID=print_hello
AIRFLOW_CTX_EXECUTION_DATE=2021-10-23T11:00:00+00:00
AIRFLOW_CTX_TRY_NUMBER=1
AIRFLOW_CTX_DAG_RUN_ID=scheduled__2021-10-23T11:00:00+00:00
[2022-08-23 11:59:24,094] {subprocess.py:62} INFO - Tmp dir root location: 
 /tmp
[2022-08-23 11:59:24,095] {subprocess.py:74} INFO - Running command: ['bash', '-c', 'echo "hello"']
[2022-08-23 11:59:24,111] {subprocess.py:85} INFO - Output:
[2022-08-23 11:59:24,113] {subprocess.py:92} INFO - hello
[2022-08-23 11:59:24,114] {subprocess.py:96} INFO - Command exited with return code 0
[2022-08-23 11:59:24,170] {taskinstance.py:1420} INFO - Marking task as SUCCESS. dag_id=raizen_lab_01, task_id=print_hello, execution_date=20211023T110000, start_date=20220823T115923, end_date=20220823T115924
[2022-08-23 11:59:24,208] {local_task_job.py:156} INFO - Task exited with return code 0
[2022-08-23 11:59:24,292] {local_task_job.py:273} INFO - 1 downstream tasks scheduled from follow-on schedule check
