[2022-08-23 12:09:22,146] {taskinstance.py:1179} INFO - Dependencies all met for <TaskInstance: raizen_lab_01.sleep scheduled__2021-11-04T14:00:00+00:00 [queued]>
[2022-08-23 12:09:22,157] {taskinstance.py:1179} INFO - Dependencies all met for <TaskInstance: raizen_lab_01.sleep scheduled__2021-11-04T14:00:00+00:00 [queued]>
[2022-08-23 12:09:22,157] {taskinstance.py:1376} INFO - 
--------------------------------------------------------------------------------
[2022-08-23 12:09:22,158] {taskinstance.py:1377} INFO - Starting attempt 1 of 2
[2022-08-23 12:09:22,158] {taskinstance.py:1378} INFO - 
--------------------------------------------------------------------------------
[2022-08-23 12:09:22,172] {taskinstance.py:1397} INFO - Executing <Task(BashOperator): sleep> on 2021-11-04 14:00:00+00:00
[2022-08-23 12:09:22,177] {standard_task_runner.py:52} INFO - Started process 2458 to run task
[2022-08-23 12:09:22,180] {standard_task_runner.py:79} INFO - Running: ['***', 'tasks', 'run', 'raizen_lab_01', 'sleep', 'scheduled__2021-11-04T14:00:00+00:00', '--job-id', '3454', '--raw', '--subdir', 'DAGS_FOLDER/raizen_lab_01.py', '--cfg-path', '/tmp/tmp1hlr1u0j', '--error-file', '/tmp/tmp49iagri8']
[2022-08-23 12:09:22,181] {standard_task_runner.py:80} INFO - Job 3454: Subtask sleep
[2022-08-23 12:09:22,240] {task_command.py:371} INFO - Running <TaskInstance: raizen_lab_01.sleep scheduled__2021-11-04T14:00:00+00:00 [running]> on host 67b6bdae536e
[2022-08-23 12:09:22,308] {taskinstance.py:1591} INFO - Exporting the following env vars:
AIRFLOW_CTX_DAG_OWNER=admin
AIRFLOW_CTX_DAG_ID=raizen_lab_01
AIRFLOW_CTX_TASK_ID=sleep
AIRFLOW_CTX_EXECUTION_DATE=2021-11-04T14:00:00+00:00
AIRFLOW_CTX_TRY_NUMBER=1
AIRFLOW_CTX_DAG_RUN_ID=scheduled__2021-11-04T14:00:00+00:00
[2022-08-23 12:09:22,309] {subprocess.py:62} INFO - Tmp dir root location: 
 /tmp
[2022-08-23 12:09:22,310] {subprocess.py:74} INFO - Running command: ['bash', '-c', 'sleep 5']
[2022-08-23 12:09:22,321] {subprocess.py:85} INFO - Output:
[2022-08-23 12:09:27,324] {subprocess.py:96} INFO - Command exited with return code 0
[2022-08-23 12:09:27,371] {taskinstance.py:1420} INFO - Marking task as SUCCESS. dag_id=raizen_lab_01, task_id=sleep, execution_date=20211104T140000, start_date=20220823T120922, end_date=20220823T120927
[2022-08-23 12:09:27,407] {local_task_job.py:156} INFO - Task exited with return code 0
[2022-08-23 12:09:27,437] {local_task_job.py:273} INFO - 1 downstream tasks scheduled from follow-on schedule check
