[2022-08-23 12:20:54,112] {taskinstance.py:1179} INFO - Dependencies all met for <TaskInstance: raizen_lab_01.print_hello scheduled__2021-11-10T05:00:00+00:00 [queued]>
[2022-08-23 12:20:54,127] {taskinstance.py:1179} INFO - Dependencies all met for <TaskInstance: raizen_lab_01.print_hello scheduled__2021-11-10T05:00:00+00:00 [queued]>
[2022-08-23 12:20:54,127] {taskinstance.py:1376} INFO - 
--------------------------------------------------------------------------------
[2022-08-23 12:20:54,128] {taskinstance.py:1377} INFO - Starting attempt 1 of 2
[2022-08-23 12:20:54,128] {taskinstance.py:1378} INFO - 
--------------------------------------------------------------------------------
[2022-08-23 12:20:54,147] {taskinstance.py:1397} INFO - Executing <Task(BashOperator): print_hello> on 2021-11-10 05:00:00+00:00
[2022-08-23 12:20:54,155] {standard_task_runner.py:52} INFO - Started process 1218 to run task
[2022-08-23 12:20:54,160] {standard_task_runner.py:79} INFO - Running: ['***', 'tasks', 'run', 'raizen_lab_01', 'print_hello', 'scheduled__2021-11-10T05:00:00+00:00', '--job-id', '3849', '--raw', '--subdir', 'DAGS_FOLDER/raizen_lab_01.py', '--cfg-path', '/tmp/tmp0fzlv9gt', '--error-file', '/tmp/tmp6yocwyw7']
[2022-08-23 12:20:54,164] {standard_task_runner.py:80} INFO - Job 3849: Subtask print_hello
[2022-08-23 12:20:54,288] {task_command.py:371} INFO - Running <TaskInstance: raizen_lab_01.print_hello scheduled__2021-11-10T05:00:00+00:00 [running]> on host 6383a3236c72
[2022-08-23 12:20:54,401] {taskinstance.py:1591} INFO - Exporting the following env vars:
AIRFLOW_CTX_DAG_OWNER=admin
AIRFLOW_CTX_DAG_ID=raizen_lab_01
AIRFLOW_CTX_TASK_ID=print_hello
AIRFLOW_CTX_EXECUTION_DATE=2021-11-10T05:00:00+00:00
AIRFLOW_CTX_TRY_NUMBER=1
AIRFLOW_CTX_DAG_RUN_ID=scheduled__2021-11-10T05:00:00+00:00
[2022-08-23 12:20:54,403] {subprocess.py:62} INFO - Tmp dir root location: 
 /tmp
[2022-08-23 12:20:54,404] {subprocess.py:74} INFO - Running command: ['bash', '-c', 'echo "hello"']
[2022-08-23 12:20:54,421] {subprocess.py:85} INFO - Output:
[2022-08-23 12:20:54,424] {subprocess.py:92} INFO - hello
[2022-08-23 12:20:54,425] {subprocess.py:96} INFO - Command exited with return code 0
[2022-08-23 12:20:54,470] {taskinstance.py:1420} INFO - Marking task as SUCCESS. dag_id=raizen_lab_01, task_id=print_hello, execution_date=20211110T050000, start_date=20220823T122054, end_date=20220823T122054
[2022-08-23 12:20:54,532] {local_task_job.py:156} INFO - Task exited with return code 0
[2022-08-23 12:20:54,612] {local_task_job.py:273} INFO - 1 downstream tasks scheduled from follow-on schedule check
