[2022-08-23 11:32:54,625] {taskinstance.py:1179} INFO - Dependencies all met for <TaskInstance: raizen_lab_01.sleep scheduled__2021-09-30T17:00:00+00:00 [queued]>
[2022-08-23 11:32:54,651] {taskinstance.py:1179} INFO - Dependencies all met for <TaskInstance: raizen_lab_01.sleep scheduled__2021-09-30T17:00:00+00:00 [queued]>
[2022-08-23 11:32:54,652] {taskinstance.py:1376} INFO - 
--------------------------------------------------------------------------------
[2022-08-23 11:32:54,653] {taskinstance.py:1377} INFO - Starting attempt 1 of 2
[2022-08-23 11:32:54,654] {taskinstance.py:1378} INFO - 
--------------------------------------------------------------------------------
[2022-08-23 11:32:54,685] {taskinstance.py:1397} INFO - Executing <Task(BashOperator): sleep> on 2021-09-30 17:00:00+00:00
[2022-08-23 11:32:54,695] {standard_task_runner.py:52} INFO - Started process 2625 to run task
[2022-08-23 11:32:54,702] {standard_task_runner.py:79} INFO - Running: ['***', 'tasks', 'run', 'raizen_lab_01', 'sleep', 'scheduled__2021-09-30T17:00:00+00:00', '--job-id', '932', '--raw', '--subdir', 'DAGS_FOLDER/raizen_lab_01.py', '--cfg-path', '/tmp/tmph7tgskrd', '--error-file', '/tmp/tmpl6kaxugl']
[2022-08-23 11:32:54,703] {standard_task_runner.py:80} INFO - Job 932: Subtask sleep
[2022-08-23 11:32:54,884] {task_command.py:371} INFO - Running <TaskInstance: raizen_lab_01.sleep scheduled__2021-09-30T17:00:00+00:00 [running]> on host 7f48b7aaf0fc
[2022-08-23 11:32:55,020] {taskinstance.py:1591} INFO - Exporting the following env vars:
AIRFLOW_CTX_DAG_OWNER=admin
AIRFLOW_CTX_DAG_ID=raizen_lab_01
AIRFLOW_CTX_TASK_ID=sleep
AIRFLOW_CTX_EXECUTION_DATE=2021-09-30T17:00:00+00:00
AIRFLOW_CTX_TRY_NUMBER=1
AIRFLOW_CTX_DAG_RUN_ID=scheduled__2021-09-30T17:00:00+00:00
[2022-08-23 11:32:55,022] {subprocess.py:62} INFO - Tmp dir root location: 
 /tmp
[2022-08-23 11:32:55,023] {subprocess.py:74} INFO - Running command: ['bash', '-c', 'sleep 5']
[2022-08-23 11:32:55,037] {subprocess.py:85} INFO - Output:
[2022-08-23 11:33:00,042] {subprocess.py:96} INFO - Command exited with return code 0
[2022-08-23 11:33:00,093] {taskinstance.py:1420} INFO - Marking task as SUCCESS. dag_id=raizen_lab_01, task_id=sleep, execution_date=20210930T170000, start_date=20220823T113254, end_date=20220823T113300
[2022-08-23 11:33:00,137] {local_task_job.py:156} INFO - Task exited with return code 0
[2022-08-23 11:33:00,186] {local_task_job.py:273} INFO - 1 downstream tasks scheduled from follow-on schedule check
