[2022-08-23 12:19:33,967] {taskinstance.py:1179} INFO - Dependencies all met for <TaskInstance: raizen_lab_01.sleep scheduled__2021-11-06T14:00:00+00:00 [queued]>
[2022-08-23 12:19:33,979] {taskinstance.py:1179} INFO - Dependencies all met for <TaskInstance: raizen_lab_01.sleep scheduled__2021-11-06T14:00:00+00:00 [queued]>
[2022-08-23 12:19:33,980] {taskinstance.py:1376} INFO - 
--------------------------------------------------------------------------------
[2022-08-23 12:19:33,980] {taskinstance.py:1377} INFO - Starting attempt 1 of 2
[2022-08-23 12:19:33,981] {taskinstance.py:1378} INFO - 
--------------------------------------------------------------------------------
[2022-08-23 12:19:34,001] {taskinstance.py:1397} INFO - Executing <Task(BashOperator): sleep> on 2021-11-06 14:00:00+00:00
[2022-08-23 12:19:34,011] {standard_task_runner.py:52} INFO - Started process 269 to run task
[2022-08-23 12:19:34,027] {standard_task_runner.py:79} INFO - Running: ['***', 'tasks', 'run', 'raizen_lab_01', 'sleep', 'scheduled__2021-11-06T14:00:00+00:00', '--job-id', '3607', '--raw', '--subdir', 'DAGS_FOLDER/raizen_lab_01.py', '--cfg-path', '/tmp/tmpjo5gwglk', '--error-file', '/tmp/tmph_ugp0jp']
[2022-08-23 12:19:34,042] {standard_task_runner.py:80} INFO - Job 3607: Subtask sleep
[2022-08-23 12:19:34,161] {task_command.py:371} INFO - Running <TaskInstance: raizen_lab_01.sleep scheduled__2021-11-06T14:00:00+00:00 [running]> on host 6383a3236c72
[2022-08-23 12:19:34,278] {taskinstance.py:1591} INFO - Exporting the following env vars:
AIRFLOW_CTX_DAG_OWNER=admin
AIRFLOW_CTX_DAG_ID=raizen_lab_01
AIRFLOW_CTX_TASK_ID=sleep
AIRFLOW_CTX_EXECUTION_DATE=2021-11-06T14:00:00+00:00
AIRFLOW_CTX_TRY_NUMBER=1
AIRFLOW_CTX_DAG_RUN_ID=scheduled__2021-11-06T14:00:00+00:00
[2022-08-23 12:19:34,280] {subprocess.py:62} INFO - Tmp dir root location: 
 /tmp
[2022-08-23 12:19:34,281] {subprocess.py:74} INFO - Running command: ['bash', '-c', 'sleep 5']
[2022-08-23 12:19:34,299] {subprocess.py:85} INFO - Output:
[2022-08-23 12:19:39,303] {subprocess.py:96} INFO - Command exited with return code 0
[2022-08-23 12:19:39,335] {taskinstance.py:1420} INFO - Marking task as SUCCESS. dag_id=raizen_lab_01, task_id=sleep, execution_date=20211106T140000, start_date=20220823T121933, end_date=20220823T121939
[2022-08-23 12:19:39,380] {local_task_job.py:156} INFO - Task exited with return code 0
[2022-08-23 12:19:39,409] {local_task_job.py:273} INFO - 1 downstream tasks scheduled from follow-on schedule check
