[2022-08-24 10:45:50,740] {taskinstance.py:1179} INFO - Dependencies all met for <TaskInstance: raizen_lab_01.insere_dados_na_tabela scheduled__2022-08-24T05:00:00+00:00 [queued]>
[2022-08-24 10:45:50,753] {taskinstance.py:1179} INFO - Dependencies all met for <TaskInstance: raizen_lab_01.insere_dados_na_tabela scheduled__2022-08-24T05:00:00+00:00 [queued]>
[2022-08-24 10:45:50,753] {taskinstance.py:1376} INFO - 
--------------------------------------------------------------------------------
[2022-08-24 10:45:50,754] {taskinstance.py:1377} INFO - Starting attempt 1 of 2
[2022-08-24 10:45:50,754] {taskinstance.py:1378} INFO - 
--------------------------------------------------------------------------------
[2022-08-24 10:45:50,777] {taskinstance.py:1397} INFO - Executing <Task(PythonOperator): insere_dados_na_tabela> on 2022-08-24 05:00:00+00:00
[2022-08-24 10:45:50,785] {standard_task_runner.py:52} INFO - Started process 587 to run task
[2022-08-24 10:45:50,793] {standard_task_runner.py:79} INFO - Running: ['***', 'tasks', 'run', 'raizen_lab_01', 'insere_dados_na_tabela', 'scheduled__2022-08-24T05:00:00+00:00', '--job-id', '9696', '--raw', '--subdir', 'DAGS_FOLDER/raizen_lab_01.py', '--cfg-path', '/tmp/tmpco_nttwh', '--error-file', '/tmp/tmp_ne60r14']
[2022-08-24 10:45:50,795] {standard_task_runner.py:80} INFO - Job 9696: Subtask insere_dados_na_tabela
[2022-08-24 10:45:50,908] {task_command.py:371} INFO - Running <TaskInstance: raizen_lab_01.insere_dados_na_tabela scheduled__2022-08-24T05:00:00+00:00 [running]> on host 3f878792eb1e
[2022-08-24 10:45:50,999] {taskinstance.py:1591} INFO - Exporting the following env vars:
AIRFLOW_CTX_DAG_OWNER=admin
AIRFLOW_CTX_DAG_ID=raizen_lab_01
AIRFLOW_CTX_TASK_ID=insere_dados_na_tabela
AIRFLOW_CTX_EXECUTION_DATE=2022-08-24T05:00:00+00:00
AIRFLOW_CTX_TRY_NUMBER=1
AIRFLOW_CTX_DAG_RUN_ID=scheduled__2022-08-24T05:00:00+00:00
[2022-08-24 10:45:51,048] {logging_mixin.py:115} INFO - TABELA CRIADA
[2022-08-24 10:45:51,049] {python.py:173} INFO - Done. Returned value was: None
[2022-08-24 10:45:51,064] {taskinstance.py:1420} INFO - Marking task as SUCCESS. dag_id=raizen_lab_01, task_id=insere_dados_na_tabela, execution_date=20220824T050000, start_date=20220824T104550, end_date=20220824T104551
[2022-08-24 10:45:51,088] {local_task_job.py:156} INFO - Task exited with return code 0
[2022-08-24 10:45:51,129] {local_task_job.py:273} INFO - 1 downstream tasks scheduled from follow-on schedule check
