[2022-08-23 12:06:20,472] {taskinstance.py:1179} INFO - Dependencies all met for <TaskInstance: raizen_lab_01.sleep scheduled__2021-10-26T17:00:00+00:00 [queued]>
[2022-08-23 12:06:20,481] {taskinstance.py:1179} INFO - Dependencies all met for <TaskInstance: raizen_lab_01.sleep scheduled__2021-10-26T17:00:00+00:00 [queued]>
[2022-08-23 12:06:20,481] {taskinstance.py:1376} INFO - 
--------------------------------------------------------------------------------
[2022-08-23 12:06:20,481] {taskinstance.py:1377} INFO - Starting attempt 1 of 2
[2022-08-23 12:06:20,482] {taskinstance.py:1378} INFO - 
--------------------------------------------------------------------------------
[2022-08-23 12:06:20,494] {taskinstance.py:1397} INFO - Executing <Task(BashOperator): sleep> on 2021-10-26 17:00:00+00:00
[2022-08-23 12:06:20,499] {standard_task_runner.py:52} INFO - Started process 584 to run task
[2022-08-23 12:06:20,502] {standard_task_runner.py:79} INFO - Running: ['***', 'tasks', 'run', 'raizen_lab_01', 'sleep', 'scheduled__2021-10-26T17:00:00+00:00', '--job-id', '2805', '--raw', '--subdir', 'DAGS_FOLDER/raizen_lab_01.py', '--cfg-path', '/tmp/tmp2wniz2ko', '--error-file', '/tmp/tmp8php_6bc']
[2022-08-23 12:06:20,502] {standard_task_runner.py:80} INFO - Job 2805: Subtask sleep
[2022-08-23 12:06:20,565] {task_command.py:371} INFO - Running <TaskInstance: raizen_lab_01.sleep scheduled__2021-10-26T17:00:00+00:00 [running]> on host 67b6bdae536e
[2022-08-23 12:06:20,645] {taskinstance.py:1591} INFO - Exporting the following env vars:
AIRFLOW_CTX_DAG_OWNER=admin
AIRFLOW_CTX_DAG_ID=raizen_lab_01
AIRFLOW_CTX_TASK_ID=sleep
AIRFLOW_CTX_EXECUTION_DATE=2021-10-26T17:00:00+00:00
AIRFLOW_CTX_TRY_NUMBER=1
AIRFLOW_CTX_DAG_RUN_ID=scheduled__2021-10-26T17:00:00+00:00
[2022-08-23 12:06:20,647] {subprocess.py:62} INFO - Tmp dir root location: 
 /tmp
[2022-08-23 12:06:20,648] {subprocess.py:74} INFO - Running command: ['bash', '-c', 'sleep 5']
[2022-08-23 12:06:20,661] {subprocess.py:85} INFO - Output:
[2022-08-23 12:06:25,666] {subprocess.py:96} INFO - Command exited with return code 0
[2022-08-23 12:06:25,808] {taskinstance.py:1420} INFO - Marking task as SUCCESS. dag_id=raizen_lab_01, task_id=sleep, execution_date=20211026T170000, start_date=20220823T120620, end_date=20220823T120625
[2022-08-23 12:06:25,845] {local_task_job.py:156} INFO - Task exited with return code 0
[2022-08-23 12:06:25,878] {local_task_job.py:273} INFO - 1 downstream tasks scheduled from follow-on schedule check
