[2022-08-23 12:35:36,893] {taskinstance.py:1179} INFO - Dependencies all met for <TaskInstance: raizen_lab_01.print_hello scheduled__2021-12-18T17:00:00+00:00 [queued]>
[2022-08-23 12:35:36,902] {taskinstance.py:1179} INFO - Dependencies all met for <TaskInstance: raizen_lab_01.print_hello scheduled__2021-12-18T17:00:00+00:00 [queued]>
[2022-08-23 12:35:36,902] {taskinstance.py:1376} INFO - 
--------------------------------------------------------------------------------
[2022-08-23 12:35:36,903] {taskinstance.py:1377} INFO - Starting attempt 1 of 2
[2022-08-23 12:35:36,903] {taskinstance.py:1378} INFO - 
--------------------------------------------------------------------------------
[2022-08-23 12:35:36,917] {taskinstance.py:1397} INFO - Executing <Task(BashOperator): print_hello> on 2021-12-18 17:00:00+00:00
[2022-08-23 12:35:36,923] {standard_task_runner.py:52} INFO - Started process 12078 to run task
[2022-08-23 12:35:36,927] {standard_task_runner.py:79} INFO - Running: ['***', 'tasks', 'run', 'raizen_lab_01', 'print_hello', 'scheduled__2021-12-18T17:00:00+00:00', '--job-id', '6626', '--raw', '--subdir', 'DAGS_FOLDER/raizen_lab_01.py', '--cfg-path', '/tmp/tmpsu5jf211', '--error-file', '/tmp/tmpamrv4w4i']
[2022-08-23 12:35:36,929] {standard_task_runner.py:80} INFO - Job 6626: Subtask print_hello
[2022-08-23 12:35:37,001] {task_command.py:371} INFO - Running <TaskInstance: raizen_lab_01.print_hello scheduled__2021-12-18T17:00:00+00:00 [running]> on host 6383a3236c72
[2022-08-23 12:35:37,075] {taskinstance.py:1591} INFO - Exporting the following env vars:
AIRFLOW_CTX_DAG_OWNER=admin
AIRFLOW_CTX_DAG_ID=raizen_lab_01
AIRFLOW_CTX_TASK_ID=print_hello
AIRFLOW_CTX_EXECUTION_DATE=2021-12-18T17:00:00+00:00
AIRFLOW_CTX_TRY_NUMBER=1
AIRFLOW_CTX_DAG_RUN_ID=scheduled__2021-12-18T17:00:00+00:00
[2022-08-23 12:35:37,076] {subprocess.py:62} INFO - Tmp dir root location: 
 /tmp
[2022-08-23 12:35:37,077] {subprocess.py:74} INFO - Running command: ['bash', '-c', 'echo "hello"']
[2022-08-23 12:35:37,089] {subprocess.py:85} INFO - Output:
[2022-08-23 12:35:37,090] {subprocess.py:92} INFO - hello
[2022-08-23 12:35:37,091] {subprocess.py:96} INFO - Command exited with return code 0
[2022-08-23 12:35:37,133] {taskinstance.py:1420} INFO - Marking task as SUCCESS. dag_id=raizen_lab_01, task_id=print_hello, execution_date=20211218T170000, start_date=20220823T123536, end_date=20220823T123537
[2022-08-23 12:35:37,179] {local_task_job.py:156} INFO - Task exited with return code 0
[2022-08-23 12:35:37,230] {local_task_job.py:273} INFO - 1 downstream tasks scheduled from follow-on schedule check
