[2022-08-23 12:25:06,859] {taskinstance.py:1179} INFO - Dependencies all met for <TaskInstance: raizen_lab_01.sleep scheduled__2021-11-20T22:00:00+00:00 [queued]>
[2022-08-23 12:25:06,873] {taskinstance.py:1179} INFO - Dependencies all met for <TaskInstance: raizen_lab_01.sleep scheduled__2021-11-20T22:00:00+00:00 [queued]>
[2022-08-23 12:25:06,873] {taskinstance.py:1376} INFO - 
--------------------------------------------------------------------------------
[2022-08-23 12:25:06,874] {taskinstance.py:1377} INFO - Starting attempt 1 of 2
[2022-08-23 12:25:06,874] {taskinstance.py:1378} INFO - 
--------------------------------------------------------------------------------
[2022-08-23 12:25:06,890] {taskinstance.py:1397} INFO - Executing <Task(BashOperator): sleep> on 2021-11-20 22:00:00+00:00
[2022-08-23 12:25:06,897] {standard_task_runner.py:52} INFO - Started process 4283 to run task
[2022-08-23 12:25:06,900] {standard_task_runner.py:79} INFO - Running: ['***', 'tasks', 'run', 'raizen_lab_01', 'sleep', 'scheduled__2021-11-20T22:00:00+00:00', '--job-id', '4631', '--raw', '--subdir', 'DAGS_FOLDER/raizen_lab_01.py', '--cfg-path', '/tmp/tmpi0wxq9cw', '--error-file', '/tmp/tmpdej4esk0']
[2022-08-23 12:25:06,901] {standard_task_runner.py:80} INFO - Job 4631: Subtask sleep
[2022-08-23 12:25:06,964] {task_command.py:371} INFO - Running <TaskInstance: raizen_lab_01.sleep scheduled__2021-11-20T22:00:00+00:00 [running]> on host 6383a3236c72
[2022-08-23 12:25:07,027] {taskinstance.py:1591} INFO - Exporting the following env vars:
AIRFLOW_CTX_DAG_OWNER=admin
AIRFLOW_CTX_DAG_ID=raizen_lab_01
AIRFLOW_CTX_TASK_ID=sleep
AIRFLOW_CTX_EXECUTION_DATE=2021-11-20T22:00:00+00:00
AIRFLOW_CTX_TRY_NUMBER=1
AIRFLOW_CTX_DAG_RUN_ID=scheduled__2021-11-20T22:00:00+00:00
[2022-08-23 12:25:07,028] {subprocess.py:62} INFO - Tmp dir root location: 
 /tmp
[2022-08-23 12:25:07,029] {subprocess.py:74} INFO - Running command: ['bash', '-c', 'sleep 5']
[2022-08-23 12:25:07,041] {subprocess.py:85} INFO - Output:
[2022-08-23 12:25:12,043] {subprocess.py:96} INFO - Command exited with return code 0
[2022-08-23 12:25:12,126] {taskinstance.py:1420} INFO - Marking task as SUCCESS. dag_id=raizen_lab_01, task_id=sleep, execution_date=20211120T220000, start_date=20220823T122506, end_date=20220823T122512
[2022-08-23 12:25:12,237] {local_task_job.py:156} INFO - Task exited with return code 0
[2022-08-23 12:25:12,301] {local_task_job.py:273} INFO - 1 downstream tasks scheduled from follow-on schedule check
