[2022-08-23 11:38:08,821] {taskinstance.py:1179} INFO - Dependencies all met for <TaskInstance: raizen_lab_01.sleep scheduled__2021-10-11T13:00:00+00:00 [queued]>
[2022-08-23 11:38:08,838] {taskinstance.py:1179} INFO - Dependencies all met for <TaskInstance: raizen_lab_01.sleep scheduled__2021-10-11T13:00:00+00:00 [queued]>
[2022-08-23 11:38:08,839] {taskinstance.py:1376} INFO - 
--------------------------------------------------------------------------------
[2022-08-23 11:38:08,839] {taskinstance.py:1377} INFO - Starting attempt 1 of 2
[2022-08-23 11:38:08,840] {taskinstance.py:1378} INFO - 
--------------------------------------------------------------------------------
[2022-08-23 11:38:08,864] {taskinstance.py:1397} INFO - Executing <Task(BashOperator): sleep> on 2021-10-11 13:00:00+00:00
[2022-08-23 11:38:08,872] {standard_task_runner.py:52} INFO - Started process 759 to run task
[2022-08-23 11:38:08,877] {standard_task_runner.py:79} INFO - Running: ['***', 'tasks', 'run', 'raizen_lab_01', 'sleep', 'scheduled__2021-10-11T13:00:00+00:00', '--job-id', '1713', '--raw', '--subdir', 'DAGS_FOLDER/raizen_lab_01.py', '--cfg-path', '/tmp/tmpb_963nf_', '--error-file', '/tmp/tmpccly7yor']
[2022-08-23 11:38:08,878] {standard_task_runner.py:80} INFO - Job 1713: Subtask sleep
[2022-08-23 11:38:08,973] {task_command.py:371} INFO - Running <TaskInstance: raizen_lab_01.sleep scheduled__2021-10-11T13:00:00+00:00 [running]> on host 7f48b7aaf0fc
[2022-08-23 11:38:09,099] {taskinstance.py:1591} INFO - Exporting the following env vars:
AIRFLOW_CTX_DAG_OWNER=admin
AIRFLOW_CTX_DAG_ID=raizen_lab_01
AIRFLOW_CTX_TASK_ID=sleep
AIRFLOW_CTX_EXECUTION_DATE=2021-10-11T13:00:00+00:00
AIRFLOW_CTX_TRY_NUMBER=1
AIRFLOW_CTX_DAG_RUN_ID=scheduled__2021-10-11T13:00:00+00:00
[2022-08-23 11:38:09,102] {subprocess.py:62} INFO - Tmp dir root location: 
 /tmp
[2022-08-23 11:38:09,103] {subprocess.py:74} INFO - Running command: ['bash', '-c', 'sleep 5']
[2022-08-23 11:38:09,121] {subprocess.py:85} INFO - Output:
[2022-08-23 11:38:14,126] {subprocess.py:96} INFO - Command exited with return code 0
[2022-08-23 11:38:14,182] {taskinstance.py:1420} INFO - Marking task as SUCCESS. dag_id=raizen_lab_01, task_id=sleep, execution_date=20211011T130000, start_date=20220823T113808, end_date=20220823T113814
[2022-08-23 11:38:14,210] {local_task_job.py:156} INFO - Task exited with return code 0
[2022-08-23 11:38:14,266] {local_task_job.py:273} INFO - 1 downstream tasks scheduled from follow-on schedule check
