[2022-08-23 12:20:20,829] {taskinstance.py:1179} INFO - Dependencies all met for <TaskInstance: raizen_lab_01.print_hello scheduled__2021-11-08T14:00:00+00:00 [queued]>
[2022-08-23 12:20:20,840] {taskinstance.py:1179} INFO - Dependencies all met for <TaskInstance: raizen_lab_01.print_hello scheduled__2021-11-08T14:00:00+00:00 [queued]>
[2022-08-23 12:20:20,840] {taskinstance.py:1376} INFO - 
--------------------------------------------------------------------------------
[2022-08-23 12:20:20,840] {taskinstance.py:1377} INFO - Starting attempt 1 of 2
[2022-08-23 12:20:20,841] {taskinstance.py:1378} INFO - 
--------------------------------------------------------------------------------
[2022-08-23 12:20:20,857] {taskinstance.py:1397} INFO - Executing <Task(BashOperator): print_hello> on 2021-11-08 14:00:00+00:00
[2022-08-23 12:20:20,864] {standard_task_runner.py:52} INFO - Started process 803 to run task
[2022-08-23 12:20:20,867] {standard_task_runner.py:79} INFO - Running: ['***', 'tasks', 'run', 'raizen_lab_01', 'print_hello', 'scheduled__2021-11-08T14:00:00+00:00', '--job-id', '3743', '--raw', '--subdir', 'DAGS_FOLDER/raizen_lab_01.py', '--cfg-path', '/tmp/tmpza5kla9z', '--error-file', '/tmp/tmpgowtdar4']
[2022-08-23 12:20:20,869] {standard_task_runner.py:80} INFO - Job 3743: Subtask print_hello
[2022-08-23 12:20:20,961] {task_command.py:371} INFO - Running <TaskInstance: raizen_lab_01.print_hello scheduled__2021-11-08T14:00:00+00:00 [running]> on host 6383a3236c72
[2022-08-23 12:20:21,070] {taskinstance.py:1591} INFO - Exporting the following env vars:
AIRFLOW_CTX_DAG_OWNER=admin
AIRFLOW_CTX_DAG_ID=raizen_lab_01
AIRFLOW_CTX_TASK_ID=print_hello
AIRFLOW_CTX_EXECUTION_DATE=2021-11-08T14:00:00+00:00
AIRFLOW_CTX_TRY_NUMBER=1
AIRFLOW_CTX_DAG_RUN_ID=scheduled__2021-11-08T14:00:00+00:00
[2022-08-23 12:20:21,072] {subprocess.py:62} INFO - Tmp dir root location: 
 /tmp
[2022-08-23 12:20:21,073] {subprocess.py:74} INFO - Running command: ['bash', '-c', 'echo "hello"']
[2022-08-23 12:20:21,089] {subprocess.py:85} INFO - Output:
[2022-08-23 12:20:21,091] {subprocess.py:92} INFO - hello
[2022-08-23 12:20:21,092] {subprocess.py:96} INFO - Command exited with return code 0
[2022-08-23 12:20:21,128] {taskinstance.py:1420} INFO - Marking task as SUCCESS. dag_id=raizen_lab_01, task_id=print_hello, execution_date=20211108T140000, start_date=20220823T122020, end_date=20220823T122021
[2022-08-23 12:20:21,159] {local_task_job.py:156} INFO - Task exited with return code 0
[2022-08-23 12:20:21,207] {local_task_job.py:273} INFO - 1 downstream tasks scheduled from follow-on schedule check
