[2022-08-23 11:33:14,877] {taskinstance.py:1179} INFO - Dependencies all met for <TaskInstance: raizen_lab_01.sleep scheduled__2021-10-01T20:00:00+00:00 [queued]>
[2022-08-23 11:33:14,895] {taskinstance.py:1179} INFO - Dependencies all met for <TaskInstance: raizen_lab_01.sleep scheduled__2021-10-01T20:00:00+00:00 [queued]>
[2022-08-23 11:33:14,896] {taskinstance.py:1376} INFO - 
--------------------------------------------------------------------------------
[2022-08-23 11:33:14,897] {taskinstance.py:1377} INFO - Starting attempt 1 of 2
[2022-08-23 11:33:14,898] {taskinstance.py:1378} INFO - 
--------------------------------------------------------------------------------
[2022-08-23 11:33:14,917] {taskinstance.py:1397} INFO - Executing <Task(BashOperator): sleep> on 2021-10-01 20:00:00+00:00
[2022-08-23 11:33:14,924] {standard_task_runner.py:52} INFO - Started process 2827 to run task
[2022-08-23 11:33:14,928] {standard_task_runner.py:79} INFO - Running: ['***', 'tasks', 'run', 'raizen_lab_01', 'sleep', 'scheduled__2021-10-01T20:00:00+00:00', '--job-id', '1000', '--raw', '--subdir', 'DAGS_FOLDER/raizen_lab_01.py', '--cfg-path', '/tmp/tmpzhdf9216', '--error-file', '/tmp/tmpyzicnkai']
[2022-08-23 11:33:14,929] {standard_task_runner.py:80} INFO - Job 1000: Subtask sleep
[2022-08-23 11:33:15,025] {task_command.py:371} INFO - Running <TaskInstance: raizen_lab_01.sleep scheduled__2021-10-01T20:00:00+00:00 [running]> on host 7f48b7aaf0fc
[2022-08-23 11:33:15,131] {taskinstance.py:1591} INFO - Exporting the following env vars:
AIRFLOW_CTX_DAG_OWNER=admin
AIRFLOW_CTX_DAG_ID=raizen_lab_01
AIRFLOW_CTX_TASK_ID=sleep
AIRFLOW_CTX_EXECUTION_DATE=2021-10-01T20:00:00+00:00
AIRFLOW_CTX_TRY_NUMBER=1
AIRFLOW_CTX_DAG_RUN_ID=scheduled__2021-10-01T20:00:00+00:00
[2022-08-23 11:33:15,132] {subprocess.py:62} INFO - Tmp dir root location: 
 /tmp
[2022-08-23 11:33:15,133] {subprocess.py:74} INFO - Running command: ['bash', '-c', 'sleep 5']
[2022-08-23 11:33:15,147] {subprocess.py:85} INFO - Output:
[2022-08-23 11:33:20,150] {subprocess.py:96} INFO - Command exited with return code 0
[2022-08-23 11:33:20,196] {taskinstance.py:1420} INFO - Marking task as SUCCESS. dag_id=raizen_lab_01, task_id=sleep, execution_date=20211001T200000, start_date=20220823T113314, end_date=20220823T113320
[2022-08-23 11:33:20,221] {local_task_job.py:156} INFO - Task exited with return code 0
[2022-08-23 11:33:20,262] {local_task_job.py:273} INFO - 1 downstream tasks scheduled from follow-on schedule check
