[2022-08-23 12:35:39,113] {taskinstance.py:1179} INFO - Dependencies all met for <TaskInstance: raizen_lab_01.sleep scheduled__2021-12-18T22:00:00+00:00 [queued]>
[2022-08-23 12:35:39,122] {taskinstance.py:1179} INFO - Dependencies all met for <TaskInstance: raizen_lab_01.sleep scheduled__2021-12-18T22:00:00+00:00 [queued]>
[2022-08-23 12:35:39,122] {taskinstance.py:1376} INFO - 
--------------------------------------------------------------------------------
[2022-08-23 12:35:39,122] {taskinstance.py:1377} INFO - Starting attempt 1 of 2
[2022-08-23 12:35:39,123] {taskinstance.py:1378} INFO - 
--------------------------------------------------------------------------------
[2022-08-23 12:35:39,140] {taskinstance.py:1397} INFO - Executing <Task(BashOperator): sleep> on 2021-12-18 22:00:00+00:00
[2022-08-23 12:35:39,146] {standard_task_runner.py:52} INFO - Started process 12155 to run task
[2022-08-23 12:35:39,149] {standard_task_runner.py:79} INFO - Running: ['***', 'tasks', 'run', 'raizen_lab_01', 'sleep', 'scheduled__2021-12-18T22:00:00+00:00', '--job-id', '6645', '--raw', '--subdir', 'DAGS_FOLDER/raizen_lab_01.py', '--cfg-path', '/tmp/tmpb43c3hv9', '--error-file', '/tmp/tmpk225c600']
[2022-08-23 12:35:39,151] {standard_task_runner.py:80} INFO - Job 6645: Subtask sleep
[2022-08-23 12:35:39,216] {task_command.py:371} INFO - Running <TaskInstance: raizen_lab_01.sleep scheduled__2021-12-18T22:00:00+00:00 [running]> on host 6383a3236c72
[2022-08-23 12:35:39,289] {taskinstance.py:1591} INFO - Exporting the following env vars:
AIRFLOW_CTX_DAG_OWNER=admin
AIRFLOW_CTX_DAG_ID=raizen_lab_01
AIRFLOW_CTX_TASK_ID=sleep
AIRFLOW_CTX_EXECUTION_DATE=2021-12-18T22:00:00+00:00
AIRFLOW_CTX_TRY_NUMBER=1
AIRFLOW_CTX_DAG_RUN_ID=scheduled__2021-12-18T22:00:00+00:00
[2022-08-23 12:35:39,291] {subprocess.py:62} INFO - Tmp dir root location: 
 /tmp
[2022-08-23 12:35:39,291] {subprocess.py:74} INFO - Running command: ['bash', '-c', 'sleep 5']
[2022-08-23 12:35:39,303] {subprocess.py:85} INFO - Output:
[2022-08-23 12:35:44,306] {subprocess.py:96} INFO - Command exited with return code 0
[2022-08-23 12:35:44,343] {taskinstance.py:1420} INFO - Marking task as SUCCESS. dag_id=raizen_lab_01, task_id=sleep, execution_date=20211218T220000, start_date=20220823T123539, end_date=20220823T123544
[2022-08-23 12:35:44,385] {local_task_job.py:156} INFO - Task exited with return code 0
[2022-08-23 12:35:44,427] {local_task_job.py:273} INFO - 1 downstream tasks scheduled from follow-on schedule check
