[2022-08-23 12:31:55,450] {taskinstance.py:1179} INFO - Dependencies all met for <TaskInstance: raizen_lab_01.print_hello scheduled__2021-12-08T13:00:00+00:00 [queued]>
[2022-08-23 12:31:55,459] {taskinstance.py:1179} INFO - Dependencies all met for <TaskInstance: raizen_lab_01.print_hello scheduled__2021-12-08T13:00:00+00:00 [queued]>
[2022-08-23 12:31:55,459] {taskinstance.py:1376} INFO - 
--------------------------------------------------------------------------------
[2022-08-23 12:31:55,459] {taskinstance.py:1377} INFO - Starting attempt 1 of 2
[2022-08-23 12:31:55,460] {taskinstance.py:1378} INFO - 
--------------------------------------------------------------------------------
[2022-08-23 12:31:55,474] {taskinstance.py:1397} INFO - Executing <Task(BashOperator): print_hello> on 2021-12-08 13:00:00+00:00
[2022-08-23 12:31:55,481] {standard_task_runner.py:52} INFO - Started process 9254 to run task
[2022-08-23 12:31:55,484] {standard_task_runner.py:79} INFO - Running: ['***', 'tasks', 'run', 'raizen_lab_01', 'print_hello', 'scheduled__2021-12-08T13:00:00+00:00', '--job-id', '5903', '--raw', '--subdir', 'DAGS_FOLDER/raizen_lab_01.py', '--cfg-path', '/tmp/tmpv5e9hagk', '--error-file', '/tmp/tmpaho9j4fh']
[2022-08-23 12:31:55,486] {standard_task_runner.py:80} INFO - Job 5903: Subtask print_hello
[2022-08-23 12:31:55,555] {task_command.py:371} INFO - Running <TaskInstance: raizen_lab_01.print_hello scheduled__2021-12-08T13:00:00+00:00 [running]> on host 6383a3236c72
[2022-08-23 12:31:55,629] {taskinstance.py:1591} INFO - Exporting the following env vars:
AIRFLOW_CTX_DAG_OWNER=admin
AIRFLOW_CTX_DAG_ID=raizen_lab_01
AIRFLOW_CTX_TASK_ID=print_hello
AIRFLOW_CTX_EXECUTION_DATE=2021-12-08T13:00:00+00:00
AIRFLOW_CTX_TRY_NUMBER=1
AIRFLOW_CTX_DAG_RUN_ID=scheduled__2021-12-08T13:00:00+00:00
[2022-08-23 12:31:55,631] {subprocess.py:62} INFO - Tmp dir root location: 
 /tmp
[2022-08-23 12:31:55,631] {subprocess.py:74} INFO - Running command: ['bash', '-c', 'echo "hello"']
[2022-08-23 12:31:55,644] {subprocess.py:85} INFO - Output:
[2022-08-23 12:31:55,645] {subprocess.py:92} INFO - hello
[2022-08-23 12:31:55,646] {subprocess.py:96} INFO - Command exited with return code 0
[2022-08-23 12:31:55,675] {taskinstance.py:1420} INFO - Marking task as SUCCESS. dag_id=raizen_lab_01, task_id=print_hello, execution_date=20211208T130000, start_date=20220823T123155, end_date=20220823T123155
[2022-08-23 12:31:55,697] {local_task_job.py:156} INFO - Task exited with return code 0
[2022-08-23 12:31:55,773] {local_task_job.py:273} INFO - 0 downstream tasks scheduled from follow-on schedule check
