[2022-08-23 12:24:48,954] {taskinstance.py:1179} INFO - Dependencies all met for <TaskInstance: raizen_lab_01.print_hello scheduled__2021-11-20T05:00:00+00:00 [queued]>
[2022-08-23 12:24:48,965] {taskinstance.py:1179} INFO - Dependencies all met for <TaskInstance: raizen_lab_01.print_hello scheduled__2021-11-20T05:00:00+00:00 [queued]>
[2022-08-23 12:24:48,966] {taskinstance.py:1376} INFO - 
--------------------------------------------------------------------------------
[2022-08-23 12:24:48,966] {taskinstance.py:1377} INFO - Starting attempt 1 of 2
[2022-08-23 12:24:48,967] {taskinstance.py:1378} INFO - 
--------------------------------------------------------------------------------
[2022-08-23 12:24:48,985] {taskinstance.py:1397} INFO - Executing <Task(BashOperator): print_hello> on 2021-11-20 05:00:00+00:00
[2022-08-23 12:24:48,992] {standard_task_runner.py:52} INFO - Started process 4042 to run task
[2022-08-23 12:24:48,996] {standard_task_runner.py:79} INFO - Running: ['***', 'tasks', 'run', 'raizen_lab_01', 'print_hello', 'scheduled__2021-11-20T05:00:00+00:00', '--job-id', '4570', '--raw', '--subdir', 'DAGS_FOLDER/raizen_lab_01.py', '--cfg-path', '/tmp/tmpc0n_9qut', '--error-file', '/tmp/tmptq2s15vu']
[2022-08-23 12:24:48,997] {standard_task_runner.py:80} INFO - Job 4570: Subtask print_hello
[2022-08-23 12:24:49,094] {task_command.py:371} INFO - Running <TaskInstance: raizen_lab_01.print_hello scheduled__2021-11-20T05:00:00+00:00 [running]> on host 6383a3236c72
[2022-08-23 12:24:49,221] {taskinstance.py:1591} INFO - Exporting the following env vars:
AIRFLOW_CTX_DAG_OWNER=admin
AIRFLOW_CTX_DAG_ID=raizen_lab_01
AIRFLOW_CTX_TASK_ID=print_hello
AIRFLOW_CTX_EXECUTION_DATE=2021-11-20T05:00:00+00:00
AIRFLOW_CTX_TRY_NUMBER=1
AIRFLOW_CTX_DAG_RUN_ID=scheduled__2021-11-20T05:00:00+00:00
[2022-08-23 12:24:49,223] {subprocess.py:62} INFO - Tmp dir root location: 
 /tmp
[2022-08-23 12:24:49,224] {subprocess.py:74} INFO - Running command: ['bash', '-c', 'echo "hello"']
[2022-08-23 12:24:49,239] {subprocess.py:85} INFO - Output:
[2022-08-23 12:24:49,240] {subprocess.py:92} INFO - hello
[2022-08-23 12:24:49,241] {subprocess.py:96} INFO - Command exited with return code 0
[2022-08-23 12:24:49,287] {taskinstance.py:1420} INFO - Marking task as SUCCESS. dag_id=raizen_lab_01, task_id=print_hello, execution_date=20211120T050000, start_date=20220823T122448, end_date=20220823T122449
[2022-08-23 12:24:49,330] {local_task_job.py:156} INFO - Task exited with return code 0
[2022-08-23 12:24:49,401] {local_task_job.py:273} INFO - 1 downstream tasks scheduled from follow-on schedule check
