[2022-08-23 12:08:34,889] {taskinstance.py:1179} INFO - Dependencies all met for <TaskInstance: raizen_lab_01.sleep scheduled__2021-11-02T12:00:00+00:00 [queued]>
[2022-08-23 12:08:34,897] {taskinstance.py:1179} INFO - Dependencies all met for <TaskInstance: raizen_lab_01.sleep scheduled__2021-11-02T12:00:00+00:00 [queued]>
[2022-08-23 12:08:34,897] {taskinstance.py:1376} INFO - 
--------------------------------------------------------------------------------
[2022-08-23 12:08:34,898] {taskinstance.py:1377} INFO - Starting attempt 1 of 2
[2022-08-23 12:08:34,904] {taskinstance.py:1378} INFO - 
--------------------------------------------------------------------------------
[2022-08-23 12:08:34,915] {taskinstance.py:1397} INFO - Executing <Task(BashOperator): sleep> on 2021-11-02 12:00:00+00:00
[2022-08-23 12:08:34,920] {standard_task_runner.py:52} INFO - Started process 1984 to run task
[2022-08-23 12:08:34,922] {standard_task_runner.py:79} INFO - Running: ['***', 'tasks', 'run', 'raizen_lab_01', 'sleep', 'scheduled__2021-11-02T12:00:00+00:00', '--job-id', '3288', '--raw', '--subdir', 'DAGS_FOLDER/raizen_lab_01.py', '--cfg-path', '/tmp/tmpl4bhire7', '--error-file', '/tmp/tmp9pcruz4m']
[2022-08-23 12:08:34,923] {standard_task_runner.py:80} INFO - Job 3288: Subtask sleep
[2022-08-23 12:08:34,975] {task_command.py:371} INFO - Running <TaskInstance: raizen_lab_01.sleep scheduled__2021-11-02T12:00:00+00:00 [running]> on host 67b6bdae536e
[2022-08-23 12:08:35,039] {taskinstance.py:1591} INFO - Exporting the following env vars:
AIRFLOW_CTX_DAG_OWNER=admin
AIRFLOW_CTX_DAG_ID=raizen_lab_01
AIRFLOW_CTX_TASK_ID=sleep
AIRFLOW_CTX_EXECUTION_DATE=2021-11-02T12:00:00+00:00
AIRFLOW_CTX_TRY_NUMBER=1
AIRFLOW_CTX_DAG_RUN_ID=scheduled__2021-11-02T12:00:00+00:00
[2022-08-23 12:08:35,040] {subprocess.py:62} INFO - Tmp dir root location: 
 /tmp
[2022-08-23 12:08:35,041] {subprocess.py:74} INFO - Running command: ['bash', '-c', 'sleep 5']
[2022-08-23 12:08:35,049] {subprocess.py:85} INFO - Output:
[2022-08-23 12:08:40,051] {subprocess.py:96} INFO - Command exited with return code 0
[2022-08-23 12:08:40,081] {taskinstance.py:1420} INFO - Marking task as SUCCESS. dag_id=raizen_lab_01, task_id=sleep, execution_date=20211102T120000, start_date=20220823T120834, end_date=20220823T120840
[2022-08-23 12:08:40,118] {local_task_job.py:156} INFO - Task exited with return code 0
[2022-08-23 12:08:40,149] {local_task_job.py:273} INFO - 1 downstream tasks scheduled from follow-on schedule check
