[2022-08-23 12:33:10,755] {taskinstance.py:1179} INFO - Dependencies all met for <TaskInstance: raizen_lab_01.print_hello scheduled__2021-12-12T05:00:00+00:00 [queued]>
[2022-08-23 12:33:10,767] {taskinstance.py:1179} INFO - Dependencies all met for <TaskInstance: raizen_lab_01.print_hello scheduled__2021-12-12T05:00:00+00:00 [queued]>
[2022-08-23 12:33:10,768] {taskinstance.py:1376} INFO - 
--------------------------------------------------------------------------------
[2022-08-23 12:33:10,768] {taskinstance.py:1377} INFO - Starting attempt 1 of 2
[2022-08-23 12:33:10,769] {taskinstance.py:1378} INFO - 
--------------------------------------------------------------------------------
[2022-08-23 12:33:10,787] {taskinstance.py:1397} INFO - Executing <Task(BashOperator): print_hello> on 2021-12-12 05:00:00+00:00
[2022-08-23 12:33:10,795] {standard_task_runner.py:52} INFO - Started process 10244 to run task
[2022-08-23 12:33:10,800] {standard_task_runner.py:79} INFO - Running: ['***', 'tasks', 'run', 'raizen_lab_01', 'print_hello', 'scheduled__2021-12-12T05:00:00+00:00', '--job-id', '6154', '--raw', '--subdir', 'DAGS_FOLDER/raizen_lab_01.py', '--cfg-path', '/tmp/tmpsw5oepiq', '--error-file', '/tmp/tmpgmkkhl23']
[2022-08-23 12:33:10,802] {standard_task_runner.py:80} INFO - Job 6154: Subtask print_hello
[2022-08-23 12:33:10,878] {task_command.py:371} INFO - Running <TaskInstance: raizen_lab_01.print_hello scheduled__2021-12-12T05:00:00+00:00 [running]> on host 6383a3236c72
[2022-08-23 12:33:10,957] {taskinstance.py:1591} INFO - Exporting the following env vars:
AIRFLOW_CTX_DAG_OWNER=admin
AIRFLOW_CTX_DAG_ID=raizen_lab_01
AIRFLOW_CTX_TASK_ID=print_hello
AIRFLOW_CTX_EXECUTION_DATE=2021-12-12T05:00:00+00:00
AIRFLOW_CTX_TRY_NUMBER=1
AIRFLOW_CTX_DAG_RUN_ID=scheduled__2021-12-12T05:00:00+00:00
[2022-08-23 12:33:10,959] {subprocess.py:62} INFO - Tmp dir root location: 
 /tmp
[2022-08-23 12:33:10,960] {subprocess.py:74} INFO - Running command: ['bash', '-c', 'echo "hello"']
[2022-08-23 12:33:10,973] {subprocess.py:85} INFO - Output:
[2022-08-23 12:33:10,974] {subprocess.py:92} INFO - hello
[2022-08-23 12:33:10,975] {subprocess.py:96} INFO - Command exited with return code 0
[2022-08-23 12:33:11,013] {taskinstance.py:1420} INFO - Marking task as SUCCESS. dag_id=raizen_lab_01, task_id=print_hello, execution_date=20211212T050000, start_date=20220823T123310, end_date=20220823T123311
[2022-08-23 12:33:11,051] {local_task_job.py:156} INFO - Task exited with return code 0
[2022-08-23 12:33:11,101] {local_task_job.py:273} INFO - 1 downstream tasks scheduled from follow-on schedule check
