[2022-08-23 12:37:14,407] {taskinstance.py:1179} INFO - Dependencies all met for <TaskInstance: raizen_lab_01.print_hello scheduled__2021-12-22T19:00:00+00:00 [queued]>
[2022-08-23 12:37:14,419] {taskinstance.py:1179} INFO - Dependencies all met for <TaskInstance: raizen_lab_01.print_hello scheduled__2021-12-22T19:00:00+00:00 [queued]>
[2022-08-23 12:37:14,420] {taskinstance.py:1376} INFO - 
--------------------------------------------------------------------------------
[2022-08-23 12:37:14,420] {taskinstance.py:1377} INFO - Starting attempt 1 of 2
[2022-08-23 12:37:14,421] {taskinstance.py:1378} INFO - 
--------------------------------------------------------------------------------
[2022-08-23 12:37:14,441] {taskinstance.py:1397} INFO - Executing <Task(BashOperator): print_hello> on 2021-12-22 19:00:00+00:00
[2022-08-23 12:37:14,449] {standard_task_runner.py:52} INFO - Started process 13252 to run task
[2022-08-23 12:37:14,452] {standard_task_runner.py:79} INFO - Running: ['***', 'tasks', 'run', 'raizen_lab_01', 'print_hello', 'scheduled__2021-12-22T19:00:00+00:00', '--job-id', '6924', '--raw', '--subdir', 'DAGS_FOLDER/raizen_lab_01.py', '--cfg-path', '/tmp/tmpngnxgwi2', '--error-file', '/tmp/tmpevvxpu3m']
[2022-08-23 12:37:14,454] {standard_task_runner.py:80} INFO - Job 6924: Subtask print_hello
[2022-08-23 12:37:14,551] {task_command.py:371} INFO - Running <TaskInstance: raizen_lab_01.print_hello scheduled__2021-12-22T19:00:00+00:00 [running]> on host 6383a3236c72
[2022-08-23 12:37:14,630] {taskinstance.py:1591} INFO - Exporting the following env vars:
AIRFLOW_CTX_DAG_OWNER=admin
AIRFLOW_CTX_DAG_ID=raizen_lab_01
AIRFLOW_CTX_TASK_ID=print_hello
AIRFLOW_CTX_EXECUTION_DATE=2021-12-22T19:00:00+00:00
AIRFLOW_CTX_TRY_NUMBER=1
AIRFLOW_CTX_DAG_RUN_ID=scheduled__2021-12-22T19:00:00+00:00
[2022-08-23 12:37:14,631] {subprocess.py:62} INFO - Tmp dir root location: 
 /tmp
[2022-08-23 12:37:14,632] {subprocess.py:74} INFO - Running command: ['bash', '-c', 'echo "hello"']
[2022-08-23 12:37:14,644] {subprocess.py:85} INFO - Output:
[2022-08-23 12:37:14,645] {subprocess.py:92} INFO - hello
[2022-08-23 12:37:14,645] {subprocess.py:96} INFO - Command exited with return code 0
[2022-08-23 12:37:14,676] {taskinstance.py:1420} INFO - Marking task as SUCCESS. dag_id=raizen_lab_01, task_id=print_hello, execution_date=20211222T190000, start_date=20220823T123714, end_date=20220823T123714
[2022-08-23 12:37:14,704] {local_task_job.py:156} INFO - Task exited with return code 0
[2022-08-23 12:37:14,753] {local_task_job.py:273} INFO - 1 downstream tasks scheduled from follow-on schedule check
