[2022-08-23 12:36:09,908] {taskinstance.py:1179} INFO - Dependencies all met for <TaskInstance: raizen_lab_01.sleep scheduled__2021-12-20T05:00:00+00:00 [queued]>
[2022-08-23 12:36:09,918] {taskinstance.py:1179} INFO - Dependencies all met for <TaskInstance: raizen_lab_01.sleep scheduled__2021-12-20T05:00:00+00:00 [queued]>
[2022-08-23 12:36:09,918] {taskinstance.py:1376} INFO - 
--------------------------------------------------------------------------------
[2022-08-23 12:36:09,918] {taskinstance.py:1377} INFO - Starting attempt 1 of 2
[2022-08-23 12:36:09,919] {taskinstance.py:1378} INFO - 
--------------------------------------------------------------------------------
[2022-08-23 12:36:09,935] {taskinstance.py:1397} INFO - Executing <Task(BashOperator): sleep> on 2021-12-20 05:00:00+00:00
[2022-08-23 12:36:09,942] {standard_task_runner.py:52} INFO - Started process 12525 to run task
[2022-08-23 12:36:09,945] {standard_task_runner.py:79} INFO - Running: ['***', 'tasks', 'run', 'raizen_lab_01', 'sleep', 'scheduled__2021-12-20T05:00:00+00:00', '--job-id', '6739', '--raw', '--subdir', 'DAGS_FOLDER/raizen_lab_01.py', '--cfg-path', '/tmp/tmpv2nq6rpd', '--error-file', '/tmp/tmp5n6_z9ob']
[2022-08-23 12:36:09,947] {standard_task_runner.py:80} INFO - Job 6739: Subtask sleep
[2022-08-23 12:36:10,028] {task_command.py:371} INFO - Running <TaskInstance: raizen_lab_01.sleep scheduled__2021-12-20T05:00:00+00:00 [running]> on host 6383a3236c72
[2022-08-23 12:36:10,125] {taskinstance.py:1591} INFO - Exporting the following env vars:
AIRFLOW_CTX_DAG_OWNER=admin
AIRFLOW_CTX_DAG_ID=raizen_lab_01
AIRFLOW_CTX_TASK_ID=sleep
AIRFLOW_CTX_EXECUTION_DATE=2021-12-20T05:00:00+00:00
AIRFLOW_CTX_TRY_NUMBER=1
AIRFLOW_CTX_DAG_RUN_ID=scheduled__2021-12-20T05:00:00+00:00
[2022-08-23 12:36:10,127] {subprocess.py:62} INFO - Tmp dir root location: 
 /tmp
[2022-08-23 12:36:10,128] {subprocess.py:74} INFO - Running command: ['bash', '-c', 'sleep 5']
[2022-08-23 12:36:10,143] {subprocess.py:85} INFO - Output:
[2022-08-23 12:36:15,147] {subprocess.py:96} INFO - Command exited with return code 0
[2022-08-23 12:36:15,182] {taskinstance.py:1420} INFO - Marking task as SUCCESS. dag_id=raizen_lab_01, task_id=sleep, execution_date=20211220T050000, start_date=20220823T123609, end_date=20220823T123615
[2022-08-23 12:36:15,226] {local_task_job.py:156} INFO - Task exited with return code 0
[2022-08-23 12:36:15,260] {local_task_job.py:273} INFO - 1 downstream tasks scheduled from follow-on schedule check
