[2022-08-23 11:33:10,475] {taskinstance.py:1179} INFO - Dependencies all met for <TaskInstance: raizen_lab_01.sleep scheduled__2021-10-01T08:00:00+00:00 [queued]>
[2022-08-23 11:33:10,491] {taskinstance.py:1179} INFO - Dependencies all met for <TaskInstance: raizen_lab_01.sleep scheduled__2021-10-01T08:00:00+00:00 [queued]>
[2022-08-23 11:33:10,492] {taskinstance.py:1376} INFO - 
--------------------------------------------------------------------------------
[2022-08-23 11:33:10,492] {taskinstance.py:1377} INFO - Starting attempt 1 of 2
[2022-08-23 11:33:10,493] {taskinstance.py:1378} INFO - 
--------------------------------------------------------------------------------
[2022-08-23 11:33:10,518] {taskinstance.py:1397} INFO - Executing <Task(BashOperator): sleep> on 2021-10-01 08:00:00+00:00
[2022-08-23 11:33:10,526] {standard_task_runner.py:52} INFO - Started process 2757 to run task
[2022-08-23 11:33:10,532] {standard_task_runner.py:79} INFO - Running: ['***', 'tasks', 'run', 'raizen_lab_01', 'sleep', 'scheduled__2021-10-01T08:00:00+00:00', '--job-id', '979', '--raw', '--subdir', 'DAGS_FOLDER/raizen_lab_01.py', '--cfg-path', '/tmp/tmpwac98ug9', '--error-file', '/tmp/tmpa699p1ph']
[2022-08-23 11:33:10,533] {standard_task_runner.py:80} INFO - Job 979: Subtask sleep
[2022-08-23 11:33:10,652] {task_command.py:371} INFO - Running <TaskInstance: raizen_lab_01.sleep scheduled__2021-10-01T08:00:00+00:00 [running]> on host 7f48b7aaf0fc
[2022-08-23 11:33:10,814] {taskinstance.py:1591} INFO - Exporting the following env vars:
AIRFLOW_CTX_DAG_OWNER=admin
AIRFLOW_CTX_DAG_ID=raizen_lab_01
AIRFLOW_CTX_TASK_ID=sleep
AIRFLOW_CTX_EXECUTION_DATE=2021-10-01T08:00:00+00:00
AIRFLOW_CTX_TRY_NUMBER=1
AIRFLOW_CTX_DAG_RUN_ID=scheduled__2021-10-01T08:00:00+00:00
[2022-08-23 11:33:10,816] {subprocess.py:62} INFO - Tmp dir root location: 
 /tmp
[2022-08-23 11:33:10,818] {subprocess.py:74} INFO - Running command: ['bash', '-c', 'sleep 5']
[2022-08-23 11:33:10,840] {subprocess.py:85} INFO - Output:
[2022-08-23 11:33:15,846] {subprocess.py:96} INFO - Command exited with return code 0
[2022-08-23 11:33:15,943] {taskinstance.py:1420} INFO - Marking task as SUCCESS. dag_id=raizen_lab_01, task_id=sleep, execution_date=20211001T080000, start_date=20220823T113310, end_date=20220823T113315
[2022-08-23 11:33:15,997] {local_task_job.py:156} INFO - Task exited with return code 0
[2022-08-23 11:33:16,047] {local_task_job.py:273} INFO - 1 downstream tasks scheduled from follow-on schedule check
