[2022-08-23 19:47:14,201] {taskinstance.py:1179} INFO - Dependencies all met for <TaskInstance: raizen_lab_01.step_01 scheduled__2022-01-27T09:00:00+00:00 [queued]>
[2022-08-23 19:47:14,215] {taskinstance.py:1179} INFO - Dependencies all met for <TaskInstance: raizen_lab_01.step_01 scheduled__2022-01-27T09:00:00+00:00 [queued]>
[2022-08-23 19:47:14,215] {taskinstance.py:1376} INFO - 
--------------------------------------------------------------------------------
[2022-08-23 19:47:14,216] {taskinstance.py:1377} INFO - Starting attempt 1 of 2
[2022-08-23 19:47:14,216] {taskinstance.py:1378} INFO - 
--------------------------------------------------------------------------------
[2022-08-23 19:47:14,236] {taskinstance.py:1397} INFO - Executing <Task(BashOperator): step_01> on 2022-01-27 09:00:00+00:00
[2022-08-23 19:47:14,244] {standard_task_runner.py:52} INFO - Started process 346 to run task
[2022-08-23 19:47:14,249] {standard_task_runner.py:79} INFO - Running: ['***', 'tasks', 'run', 'raizen_lab_01', 'step_01', 'scheduled__2022-01-27T09:00:00+00:00', '--job-id', '9307', '--raw', '--subdir', 'DAGS_FOLDER/raizen_lab_01.py', '--cfg-path', '/tmp/tmpj75wyxvq', '--error-file', '/tmp/tmpwg7hzml1']
[2022-08-23 19:47:14,251] {standard_task_runner.py:80} INFO - Job 9307: Subtask step_01
[2022-08-23 19:47:14,353] {task_command.py:371} INFO - Running <TaskInstance: raizen_lab_01.step_01 scheduled__2022-01-27T09:00:00+00:00 [running]> on host 80fce776ee1f
[2022-08-23 19:47:14,483] {taskinstance.py:1591} INFO - Exporting the following env vars:
AIRFLOW_CTX_DAG_OWNER=admin
AIRFLOW_CTX_DAG_ID=raizen_lab_01
AIRFLOW_CTX_TASK_ID=step_01
AIRFLOW_CTX_EXECUTION_DATE=2022-01-27T09:00:00+00:00
AIRFLOW_CTX_TRY_NUMBER=1
AIRFLOW_CTX_DAG_RUN_ID=scheduled__2022-01-27T09:00:00+00:00
[2022-08-23 19:47:14,485] {subprocess.py:62} INFO - Tmp dir root location: 
 /tmp
[2022-08-23 19:47:14,486] {subprocess.py:74} INFO - Running command: ['bash', '-c', 'echo "hello"']
[2022-08-23 19:47:14,505] {subprocess.py:85} INFO - Output:
[2022-08-23 19:47:14,508] {subprocess.py:92} INFO - hello
[2022-08-23 19:47:14,509] {subprocess.py:96} INFO - Command exited with return code 0
[2022-08-23 19:47:14,559] {taskinstance.py:1420} INFO - Marking task as SUCCESS. dag_id=raizen_lab_01, task_id=step_01, execution_date=20220127T090000, start_date=20220823T194714, end_date=20220823T194714
[2022-08-23 19:47:14,621] {local_task_job.py:156} INFO - Task exited with return code 0
[2022-08-23 19:47:14,675] {local_task_job.py:273} INFO - 0 downstream tasks scheduled from follow-on schedule check
