[2022-08-23 11:45:48,162] {taskinstance.py:1179} INFO - Dependencies all met for <TaskInstance: raizen_lab_01.print_world scheduled__2021-10-15T18:00:00+00:00 [queued]>
[2022-08-23 11:45:48,223] {taskinstance.py:1179} INFO - Dependencies all met for <TaskInstance: raizen_lab_01.print_world scheduled__2021-10-15T18:00:00+00:00 [queued]>
[2022-08-23 11:45:48,223] {taskinstance.py:1376} INFO - 
--------------------------------------------------------------------------------
[2022-08-23 11:45:48,232] {taskinstance.py:1377} INFO - Starting attempt 1 of 2
[2022-08-23 11:45:48,235] {taskinstance.py:1378} INFO - 
--------------------------------------------------------------------------------
[2022-08-23 11:45:48,359] {taskinstance.py:1397} INFO - Executing <Task(PythonOperator): print_world> on 2021-10-15 18:00:00+00:00
[2022-08-23 11:45:48,443] {standard_task_runner.py:52} INFO - Started process 97 to run task
[2022-08-23 11:45:48,449] {standard_task_runner.py:79} INFO - Running: ['***', 'tasks', 'run', 'raizen_lab_01', 'print_world', 'scheduled__2021-10-15T18:00:00+00:00', '--job-id', '2041', '--raw', '--subdir', 'DAGS_FOLDER/raizen_lab_01.py', '--cfg-path', '/tmp/tmpad6e0kbb', '--error-file', '/tmp/tmp5yi_bn7u']
[2022-08-23 11:45:48,459] {standard_task_runner.py:80} INFO - Job 2041: Subtask print_world
[2022-08-23 11:45:49,206] {task_command.py:371} INFO - Running <TaskInstance: raizen_lab_01.print_world scheduled__2021-10-15T18:00:00+00:00 [running]> on host fc645605a611
[2022-08-23 11:45:50,169] {taskinstance.py:1591} INFO - Exporting the following env vars:
AIRFLOW_CTX_DAG_OWNER=admin
AIRFLOW_CTX_DAG_ID=raizen_lab_01
AIRFLOW_CTX_TASK_ID=print_world
AIRFLOW_CTX_EXECUTION_DATE=2021-10-15T18:00:00+00:00
AIRFLOW_CTX_TRY_NUMBER=1
AIRFLOW_CTX_DAG_RUN_ID=scheduled__2021-10-15T18:00:00+00:00
[2022-08-23 11:45:50,179] {logging_mixin.py:115} INFO - world
[2022-08-23 11:45:50,182] {python.py:173} INFO - Done. Returned value was: None
[2022-08-23 11:45:50,263] {taskinstance.py:1420} INFO - Marking task as SUCCESS. dag_id=raizen_lab_01, task_id=print_world, execution_date=20211015T180000, start_date=20220823T114548, end_date=20220823T114550
[2022-08-23 11:45:50,315] {local_task_job.py:156} INFO - Task exited with return code 0
[2022-08-23 11:45:50,412] {local_task_job.py:273} INFO - 0 downstream tasks scheduled from follow-on schedule check
