[2022-08-23 12:34:27,923] {taskinstance.py:1179} INFO - Dependencies all met for <TaskInstance: raizen_lab_01.sleep scheduled__2021-12-15T19:00:00+00:00 [queued]>
[2022-08-23 12:34:27,929] {taskinstance.py:1179} INFO - Dependencies all met for <TaskInstance: raizen_lab_01.sleep scheduled__2021-12-15T19:00:00+00:00 [queued]>
[2022-08-23 12:34:27,930] {taskinstance.py:1376} INFO - 
--------------------------------------------------------------------------------
[2022-08-23 12:34:27,930] {taskinstance.py:1377} INFO - Starting attempt 1 of 2
[2022-08-23 12:34:27,931] {taskinstance.py:1378} INFO - 
--------------------------------------------------------------------------------
[2022-08-23 12:34:27,941] {taskinstance.py:1397} INFO - Executing <Task(BashOperator): sleep> on 2021-12-15 19:00:00+00:00
[2022-08-23 12:34:27,946] {standard_task_runner.py:52} INFO - Started process 11243 to run task
[2022-08-23 12:34:27,949] {standard_task_runner.py:79} INFO - Running: ['***', 'tasks', 'run', 'raizen_lab_01', 'sleep', 'scheduled__2021-12-15T19:00:00+00:00', '--job-id', '6412', '--raw', '--subdir', 'DAGS_FOLDER/raizen_lab_01.py', '--cfg-path', '/tmp/tmp4fvscyzc', '--error-file', '/tmp/tmppytoc1c1']
[2022-08-23 12:34:27,950] {standard_task_runner.py:80} INFO - Job 6412: Subtask sleep
[2022-08-23 12:34:28,004] {task_command.py:371} INFO - Running <TaskInstance: raizen_lab_01.sleep scheduled__2021-12-15T19:00:00+00:00 [running]> on host 6383a3236c72
[2022-08-23 12:34:28,059] {taskinstance.py:1591} INFO - Exporting the following env vars:
AIRFLOW_CTX_DAG_OWNER=admin
AIRFLOW_CTX_DAG_ID=raizen_lab_01
AIRFLOW_CTX_TASK_ID=sleep
AIRFLOW_CTX_EXECUTION_DATE=2021-12-15T19:00:00+00:00
AIRFLOW_CTX_TRY_NUMBER=1
AIRFLOW_CTX_DAG_RUN_ID=scheduled__2021-12-15T19:00:00+00:00
[2022-08-23 12:34:28,061] {subprocess.py:62} INFO - Tmp dir root location: 
 /tmp
[2022-08-23 12:34:28,061] {subprocess.py:74} INFO - Running command: ['bash', '-c', 'sleep 5']
[2022-08-23 12:34:28,070] {subprocess.py:85} INFO - Output:
[2022-08-23 12:34:33,073] {subprocess.py:96} INFO - Command exited with return code 0
[2022-08-23 12:34:33,102] {taskinstance.py:1420} INFO - Marking task as SUCCESS. dag_id=raizen_lab_01, task_id=sleep, execution_date=20211215T190000, start_date=20220823T123427, end_date=20220823T123433
[2022-08-23 12:34:33,138] {local_task_job.py:156} INFO - Task exited with return code 0
[2022-08-23 12:34:33,163] {local_task_job.py:273} INFO - 1 downstream tasks scheduled from follow-on schedule check
