[2022-08-23 11:27:04,550] {taskinstance.py:1179} INFO - Dependencies all met for <TaskInstance: raizen_lab_01.sleep scheduled__2021-09-18T03:00:00+00:00 [queued]>
[2022-08-23 11:27:04,576] {taskinstance.py:1179} INFO - Dependencies all met for <TaskInstance: raizen_lab_01.sleep scheduled__2021-09-18T03:00:00+00:00 [queued]>
[2022-08-23 11:27:04,576] {taskinstance.py:1376} INFO - 
--------------------------------------------------------------------------------
[2022-08-23 11:27:04,577] {taskinstance.py:1377} INFO - Starting attempt 1 of 2
[2022-08-23 11:27:04,578] {taskinstance.py:1378} INFO - 
--------------------------------------------------------------------------------
[2022-08-23 11:27:04,617] {taskinstance.py:1397} INFO - Executing <Task(BashOperator): sleep> on 2021-09-18 03:00:00+00:00
[2022-08-23 11:27:04,645] {standard_task_runner.py:79} INFO - Running: ['***', 'tasks', 'run', 'raizen_lab_01', 'sleep', 'scheduled__2021-09-18T03:00:00+00:00', '--job-id', '19', '--raw', '--subdir', 'DAGS_FOLDER/raizen_lab_01.py', '--cfg-path', '/tmp/tmpz33jq9z7', '--error-file', '/tmp/tmp4j2lk260']
[2022-08-23 11:27:04,639] {standard_task_runner.py:52} INFO - Started process 178 to run task
[2022-08-23 11:27:04,646] {standard_task_runner.py:80} INFO - Job 19: Subtask sleep
[2022-08-23 11:27:04,814] {task_command.py:371} INFO - Running <TaskInstance: raizen_lab_01.sleep scheduled__2021-09-18T03:00:00+00:00 [running]> on host 7f48b7aaf0fc
[2022-08-23 11:27:05,602] {taskinstance.py:1591} INFO - Exporting the following env vars:
AIRFLOW_CTX_DAG_OWNER=admin
AIRFLOW_CTX_DAG_ID=raizen_lab_01
AIRFLOW_CTX_TASK_ID=sleep
AIRFLOW_CTX_EXECUTION_DATE=2021-09-18T03:00:00+00:00
AIRFLOW_CTX_TRY_NUMBER=1
AIRFLOW_CTX_DAG_RUN_ID=scheduled__2021-09-18T03:00:00+00:00
[2022-08-23 11:27:05,605] {subprocess.py:62} INFO - Tmp dir root location: 
 /tmp
[2022-08-23 11:27:05,607] {subprocess.py:74} INFO - Running command: ['bash', '-c', 'sleep 5']
[2022-08-23 11:27:05,627] {subprocess.py:85} INFO - Output:
[2022-08-23 11:27:10,631] {subprocess.py:96} INFO - Command exited with return code 0
[2022-08-23 11:27:10,702] {taskinstance.py:1420} INFO - Marking task as SUCCESS. dag_id=raizen_lab_01, task_id=sleep, execution_date=20210918T030000, start_date=20220823T112704, end_date=20220823T112710
[2022-08-23 11:27:10,749] {local_task_job.py:156} INFO - Task exited with return code 0
[2022-08-23 11:27:10,818] {local_task_job.py:273} INFO - 1 downstream tasks scheduled from follow-on schedule check
