[2022-08-23 13:09:16,590] {taskinstance.py:1179} INFO - Dependencies all met for <TaskInstance: raizen_lab_01.sleep scheduled__2021-12-25T02:00:00+00:00 [queued]>
[2022-08-23 13:09:16,601] {taskinstance.py:1179} INFO - Dependencies all met for <TaskInstance: raizen_lab_01.sleep scheduled__2021-12-25T02:00:00+00:00 [queued]>
[2022-08-23 13:09:16,602] {taskinstance.py:1376} INFO - 
--------------------------------------------------------------------------------
[2022-08-23 13:09:16,631] {taskinstance.py:1377} INFO - Starting attempt 1 of 2
[2022-08-23 13:09:16,670] {taskinstance.py:1378} INFO - 
--------------------------------------------------------------------------------
[2022-08-23 13:09:16,781] {taskinstance.py:1397} INFO - Executing <Task(BashOperator): sleep> on 2021-12-25 02:00:00+00:00
[2022-08-23 13:09:16,796] {standard_task_runner.py:52} INFO - Started process 115 to run task
[2022-08-23 13:09:16,814] {standard_task_runner.py:79} INFO - Running: ['***', 'tasks', 'run', 'raizen_lab_01', 'sleep', 'scheduled__2021-12-25T02:00:00+00:00', '--job-id', '7102', '--raw', '--subdir', 'DAGS_FOLDER/raizen_lab_01.py', '--cfg-path', '/tmp/tmpkseir1lm', '--error-file', '/tmp/tmpypzceue7']
[2022-08-23 13:09:16,820] {standard_task_runner.py:80} INFO - Job 7102: Subtask sleep
[2022-08-23 13:09:16,975] {task_command.py:371} INFO - Running <TaskInstance: raizen_lab_01.sleep scheduled__2021-12-25T02:00:00+00:00 [running]> on host 965856c951e3
[2022-08-23 13:09:17,214] {taskinstance.py:1591} INFO - Exporting the following env vars:
AIRFLOW_CTX_DAG_OWNER=admin
AIRFLOW_CTX_DAG_ID=raizen_lab_01
AIRFLOW_CTX_TASK_ID=sleep
AIRFLOW_CTX_EXECUTION_DATE=2021-12-25T02:00:00+00:00
AIRFLOW_CTX_TRY_NUMBER=1
AIRFLOW_CTX_DAG_RUN_ID=scheduled__2021-12-25T02:00:00+00:00
[2022-08-23 13:09:17,216] {subprocess.py:62} INFO - Tmp dir root location: 
 /tmp
[2022-08-23 13:09:17,216] {subprocess.py:74} INFO - Running command: ['bash', '-c', 'sleep 5']
[2022-08-23 13:09:17,225] {subprocess.py:85} INFO - Output:
[2022-08-23 13:09:22,228] {subprocess.py:96} INFO - Command exited with return code 0
[2022-08-23 13:09:22,254] {taskinstance.py:1420} INFO - Marking task as SUCCESS. dag_id=raizen_lab_01, task_id=sleep, execution_date=20211225T020000, start_date=20220823T130916, end_date=20220823T130922
[2022-08-23 13:09:22,300] {local_task_job.py:156} INFO - Task exited with return code 0
[2022-08-23 13:09:22,332] {local_task_job.py:273} INFO - 1 downstream tasks scheduled from follow-on schedule check
