[2022-08-23 11:47:06,549] {taskinstance.py:1179} INFO - Dependencies all met for <TaskInstance: raizen_lab_01.sleep scheduled__2021-10-18T13:00:00+00:00 [queued]>
[2022-08-23 11:47:06,568] {taskinstance.py:1179} INFO - Dependencies all met for <TaskInstance: raizen_lab_01.sleep scheduled__2021-10-18T13:00:00+00:00 [queued]>
[2022-08-23 11:47:06,569] {taskinstance.py:1376} INFO - 
--------------------------------------------------------------------------------
[2022-08-23 11:47:06,571] {taskinstance.py:1377} INFO - Starting attempt 1 of 2
[2022-08-23 11:47:06,571] {taskinstance.py:1378} INFO - 
--------------------------------------------------------------------------------
[2022-08-23 11:47:06,612] {taskinstance.py:1397} INFO - Executing <Task(BashOperator): sleep> on 2021-10-18 13:00:00+00:00
[2022-08-23 11:47:06,626] {standard_task_runner.py:52} INFO - Started process 638 to run task
[2022-08-23 11:47:06,633] {standard_task_runner.py:79} INFO - Running: ['***', 'tasks', 'run', 'raizen_lab_01', 'sleep', 'scheduled__2021-10-18T13:00:00+00:00', '--job-id', '2223', '--raw', '--subdir', 'DAGS_FOLDER/raizen_lab_01.py', '--cfg-path', '/tmp/tmpa6loe7hw', '--error-file', '/tmp/tmpfhwrb481']
[2022-08-23 11:47:06,635] {standard_task_runner.py:80} INFO - Job 2223: Subtask sleep
[2022-08-23 11:47:06,793] {task_command.py:371} INFO - Running <TaskInstance: raizen_lab_01.sleep scheduled__2021-10-18T13:00:00+00:00 [running]> on host fc645605a611
[2022-08-23 11:47:06,921] {taskinstance.py:1591} INFO - Exporting the following env vars:
AIRFLOW_CTX_DAG_OWNER=admin
AIRFLOW_CTX_DAG_ID=raizen_lab_01
AIRFLOW_CTX_TASK_ID=sleep
AIRFLOW_CTX_EXECUTION_DATE=2021-10-18T13:00:00+00:00
AIRFLOW_CTX_TRY_NUMBER=1
AIRFLOW_CTX_DAG_RUN_ID=scheduled__2021-10-18T13:00:00+00:00
[2022-08-23 11:47:06,923] {subprocess.py:62} INFO - Tmp dir root location: 
 /tmp
[2022-08-23 11:47:06,924] {subprocess.py:74} INFO - Running command: ['bash', '-c', 'sleep 5']
[2022-08-23 11:47:06,937] {subprocess.py:85} INFO - Output:
[2022-08-23 11:47:11,941] {subprocess.py:96} INFO - Command exited with return code 0
[2022-08-23 11:47:11,995] {taskinstance.py:1420} INFO - Marking task as SUCCESS. dag_id=raizen_lab_01, task_id=sleep, execution_date=20211018T130000, start_date=20220823T114706, end_date=20220823T114711
[2022-08-23 11:47:12,051] {local_task_job.py:156} INFO - Task exited with return code 0
[2022-08-23 11:47:12,105] {local_task_job.py:273} INFO - 1 downstream tasks scheduled from follow-on schedule check
