[2022-08-23 19:09:46,985] {taskinstance.py:1179} INFO - Dependencies all met for <TaskInstance: raizen_lab_01.conecta_no_mysql scheduled__2022-01-23T21:00:00+00:00 [queued]>
[2022-08-23 19:09:46,993] {taskinstance.py:1179} INFO - Dependencies all met for <TaskInstance: raizen_lab_01.conecta_no_mysql scheduled__2022-01-23T21:00:00+00:00 [queued]>
[2022-08-23 19:09:46,993] {taskinstance.py:1376} INFO - 
--------------------------------------------------------------------------------
[2022-08-23 19:09:46,994] {taskinstance.py:1377} INFO - Starting attempt 2 of 2
[2022-08-23 19:09:46,994] {taskinstance.py:1378} INFO - 
--------------------------------------------------------------------------------
[2022-08-23 19:09:47,009] {taskinstance.py:1397} INFO - Executing <Task(PythonOperator): conecta_no_mysql> on 2022-01-23 21:00:00+00:00
[2022-08-23 19:09:47,015] {standard_task_runner.py:52} INFO - Started process 300 to run task
[2022-08-23 19:09:47,018] {standard_task_runner.py:79} INFO - Running: ['***', 'tasks', 'run', 'raizen_lab_01', 'conecta_no_mysql', 'scheduled__2022-01-23T21:00:00+00:00', '--job-id', '9102', '--raw', '--subdir', 'DAGS_FOLDER/raizen_lab_01.py', '--cfg-path', '/tmp/tmpoy2aplfd', '--error-file', '/tmp/tmpmoo06nnt']
[2022-08-23 19:09:47,019] {standard_task_runner.py:80} INFO - Job 9102: Subtask conecta_no_mysql
[2022-08-23 19:09:47,082] {task_command.py:371} INFO - Running <TaskInstance: raizen_lab_01.conecta_no_mysql scheduled__2022-01-23T21:00:00+00:00 [running]> on host 292788567df6
[2022-08-23 19:09:47,149] {taskinstance.py:1591} INFO - Exporting the following env vars:
AIRFLOW_CTX_DAG_OWNER=admin
AIRFLOW_CTX_DAG_ID=raizen_lab_01
AIRFLOW_CTX_TASK_ID=conecta_no_mysql
AIRFLOW_CTX_EXECUTION_DATE=2022-01-23T21:00:00+00:00
AIRFLOW_CTX_TRY_NUMBER=2
AIRFLOW_CTX_DAG_RUN_ID=scheduled__2022-01-23T21:00:00+00:00
[2022-08-23 19:09:57,164] {taskinstance.py:1909} ERROR - Task failed with exception
Traceback (most recent call last):
  File "/home/airflow/.local/lib/python3.7/site-packages/airflow/operators/python.py", line 171, in execute
    return_value = self.execute_callable()
  File "/home/airflow/.local/lib/python3.7/site-packages/airflow/operators/python.py", line 189, in execute_callable
    return self.python_callable(*self.op_args, **self.op_kwargs)
  File "/opt/airflow/dags/raizen_lab_01.py", line 35, in conecta_no_mysql
    con = MySQLdb.connect(host="mysql", user="user", passwd="password", db="db")
  File "/home/airflow/.local/lib/python3.7/site-packages/MySQLdb/__init__.py", line 123, in Connect
    return Connection(*args, **kwargs)
  File "/home/airflow/.local/lib/python3.7/site-packages/MySQLdb/connections.py", line 185, in __init__
    super().__init__(*args, **kwargs2)
MySQLdb.OperationalError: (2005, "Unknown MySQL server host 'mysql' (-3)")
[2022-08-23 19:09:57,196] {taskinstance.py:1420} INFO - Marking task as FAILED. dag_id=raizen_lab_01, task_id=conecta_no_mysql, execution_date=20220123T210000, start_date=20220823T190946, end_date=20220823T190957
[2022-08-23 19:09:57,211] {standard_task_runner.py:97} ERROR - Failed to execute job 9102 for task conecta_no_mysql ((2005, "Unknown MySQL server host 'mysql' (-3)"); 300)
[2022-08-23 19:09:57,214] {local_task_job.py:221} WARNING - State of this instance has been externally set to failed. Terminating instance.
[2022-08-23 19:09:57,216] {process_utils.py:129} INFO - Sending Signals.SIGTERM to group 300. PIDs of all processes in the group: [300]
[2022-08-23 19:09:57,217] {process_utils.py:80} INFO - Sending the signal Signals.SIGTERM to group 300
[2022-08-23 19:09:57,221] {process_utils.py:75} INFO - Process psutil.Process(pid=300, status='terminated', exitcode=1, started='19:09:46') (300) terminated with exit code 1
