[2022-08-23 11:46:18,579] {taskinstance.py:1179} INFO - Dependencies all met for <TaskInstance: raizen_lab_01.print_world scheduled__2021-10-16T18:00:00+00:00 [queued]>
[2022-08-23 11:46:18,603] {taskinstance.py:1179} INFO - Dependencies all met for <TaskInstance: raizen_lab_01.print_world scheduled__2021-10-16T18:00:00+00:00 [queued]>
[2022-08-23 11:46:18,604] {taskinstance.py:1376} INFO - 
--------------------------------------------------------------------------------
[2022-08-23 11:46:18,605] {taskinstance.py:1377} INFO - Starting attempt 1 of 2
[2022-08-23 11:46:18,606] {taskinstance.py:1378} INFO - 
--------------------------------------------------------------------------------
[2022-08-23 11:46:18,641] {taskinstance.py:1397} INFO - Executing <Task(PythonOperator): print_world> on 2021-10-16 18:00:00+00:00
[2022-08-23 11:46:18,650] {standard_task_runner.py:52} INFO - Started process 310 to run task
[2022-08-23 11:46:18,656] {standard_task_runner.py:79} INFO - Running: ['***', 'tasks', 'run', 'raizen_lab_01', 'print_world', 'scheduled__2021-10-16T18:00:00+00:00', '--job-id', '2112', '--raw', '--subdir', 'DAGS_FOLDER/raizen_lab_01.py', '--cfg-path', '/tmp/tmpz6kqpzeq', '--error-file', '/tmp/tmphg2823jo']
[2022-08-23 11:46:18,657] {standard_task_runner.py:80} INFO - Job 2112: Subtask print_world
[2022-08-23 11:46:18,805] {task_command.py:371} INFO - Running <TaskInstance: raizen_lab_01.print_world scheduled__2021-10-16T18:00:00+00:00 [running]> on host fc645605a611
[2022-08-23 11:46:18,944] {taskinstance.py:1591} INFO - Exporting the following env vars:
AIRFLOW_CTX_DAG_OWNER=admin
AIRFLOW_CTX_DAG_ID=raizen_lab_01
AIRFLOW_CTX_TASK_ID=print_world
AIRFLOW_CTX_EXECUTION_DATE=2021-10-16T18:00:00+00:00
AIRFLOW_CTX_TRY_NUMBER=1
AIRFLOW_CTX_DAG_RUN_ID=scheduled__2021-10-16T18:00:00+00:00
[2022-08-23 11:46:18,947] {logging_mixin.py:115} INFO - world
[2022-08-23 11:46:18,947] {python.py:173} INFO - Done. Returned value was: None
[2022-08-23 11:46:18,972] {taskinstance.py:1420} INFO - Marking task as SUCCESS. dag_id=raizen_lab_01, task_id=print_world, execution_date=20211016T180000, start_date=20220823T114618, end_date=20220823T114618
[2022-08-23 11:46:19,032] {local_task_job.py:156} INFO - Task exited with return code 0
[2022-08-23 11:46:19,083] {local_task_job.py:273} INFO - 0 downstream tasks scheduled from follow-on schedule check
