[2022-08-25 00:17:27,642] {taskinstance.py:1179} INFO - Dependencies all met for <TaskInstance: Raizen.Step_01_Ingestion_Sheets_To_Stage scheduled__2022-08-23T01:00:00+00:00 [queued]>
[2022-08-25 00:17:27,649] {taskinstance.py:1179} INFO - Dependencies all met for <TaskInstance: Raizen.Step_01_Ingestion_Sheets_To_Stage scheduled__2022-08-23T01:00:00+00:00 [queued]>
[2022-08-25 00:17:27,649] {taskinstance.py:1376} INFO - 
--------------------------------------------------------------------------------
[2022-08-25 00:17:27,654] {taskinstance.py:1377} INFO - Starting attempt 1 of 2
[2022-08-25 00:17:27,654] {taskinstance.py:1378} INFO - 
--------------------------------------------------------------------------------
[2022-08-25 00:17:27,680] {taskinstance.py:1397} INFO - Executing <Task(PythonOperator): Step_01_Ingestion_Sheets_To_Stage> on 2022-08-23 01:00:00+00:00
[2022-08-25 00:17:27,685] {standard_task_runner.py:52} INFO - Started process 227 to run task
[2022-08-25 00:17:27,687] {standard_task_runner.py:79} INFO - Running: ['***', 'tasks', 'run', 'Raizen', 'Step_01_Ingestion_Sheets_To_Stage', 'scheduled__2022-08-23T01:00:00+00:00', '--job-id', '9889', '--raw', '--subdir', 'DAGS_FOLDER/raizen_lab_01.py', '--cfg-path', '/tmp/tmpnqj5634s', '--error-file', '/tmp/tmp_5l3caa6']
[2022-08-25 00:17:27,689] {standard_task_runner.py:80} INFO - Job 9889: Subtask Step_01_Ingestion_Sheets_To_Stage
[2022-08-25 00:17:27,753] {task_command.py:371} INFO - Running <TaskInstance: Raizen.Step_01_Ingestion_Sheets_To_Stage scheduled__2022-08-23T01:00:00+00:00 [running]> on host 7c75bca1d9e0
[2022-08-25 00:17:27,861] {taskinstance.py:1591} INFO - Exporting the following env vars:
AIRFLOW_CTX_DAG_OWNER=admin
AIRFLOW_CTX_DAG_ID=Raizen
AIRFLOW_CTX_TASK_ID=Step_01_Ingestion_Sheets_To_Stage
AIRFLOW_CTX_EXECUTION_DATE=2022-08-23T01:00:00+00:00
AIRFLOW_CTX_TRY_NUMBER=1
AIRFLOW_CTX_DAG_RUN_ID=scheduled__2022-08-23T01:00:00+00:00
[2022-08-25 00:17:30,966] {python.py:173} INFO - Done. Returned value was: None
[2022-08-25 00:17:30,978] {taskinstance.py:1420} INFO - Marking task as SUCCESS. dag_id=Raizen, task_id=Step_01_Ingestion_Sheets_To_Stage, execution_date=20220823T010000, start_date=20220825T001727, end_date=20220825T001730
[2022-08-25 00:17:31,032] {local_task_job.py:156} INFO - Task exited with return code 0
[2022-08-25 00:17:31,103] {local_task_job.py:273} INFO - 1 downstream tasks scheduled from follow-on schedule check
