[2022-08-23 11:38:09,793] {taskinstance.py:1179} INFO - Dependencies all met for <TaskInstance: raizen_lab_01.print_hello scheduled__2021-10-11T19:00:00+00:00 [queued]>
[2022-08-23 11:38:09,813] {taskinstance.py:1179} INFO - Dependencies all met for <TaskInstance: raizen_lab_01.print_hello scheduled__2021-10-11T19:00:00+00:00 [queued]>
[2022-08-23 11:38:09,814] {taskinstance.py:1376} INFO - 
--------------------------------------------------------------------------------
[2022-08-23 11:38:09,815] {taskinstance.py:1377} INFO - Starting attempt 1 of 2
[2022-08-23 11:38:09,815] {taskinstance.py:1378} INFO - 
--------------------------------------------------------------------------------
[2022-08-23 11:38:09,853] {taskinstance.py:1397} INFO - Executing <Task(BashOperator): print_hello> on 2021-10-11 19:00:00+00:00
[2022-08-23 11:38:09,897] {standard_task_runner.py:52} INFO - Started process 782 to run task
[2022-08-23 11:38:09,904] {standard_task_runner.py:79} INFO - Running: ['***', 'tasks', 'run', 'raizen_lab_01', 'print_hello', 'scheduled__2021-10-11T19:00:00+00:00', '--job-id', '1719', '--raw', '--subdir', 'DAGS_FOLDER/raizen_lab_01.py', '--cfg-path', '/tmp/tmpte0ig6fm', '--error-file', '/tmp/tmpzg9fu9yt']
[2022-08-23 11:38:09,906] {standard_task_runner.py:80} INFO - Job 1719: Subtask print_hello
[2022-08-23 11:38:10,031] {task_command.py:371} INFO - Running <TaskInstance: raizen_lab_01.print_hello scheduled__2021-10-11T19:00:00+00:00 [running]> on host 7f48b7aaf0fc
[2022-08-23 11:38:10,161] {taskinstance.py:1591} INFO - Exporting the following env vars:
AIRFLOW_CTX_DAG_OWNER=admin
AIRFLOW_CTX_DAG_ID=raizen_lab_01
AIRFLOW_CTX_TASK_ID=print_hello
AIRFLOW_CTX_EXECUTION_DATE=2021-10-11T19:00:00+00:00
AIRFLOW_CTX_TRY_NUMBER=1
AIRFLOW_CTX_DAG_RUN_ID=scheduled__2021-10-11T19:00:00+00:00
[2022-08-23 11:38:10,163] {subprocess.py:62} INFO - Tmp dir root location: 
 /tmp
[2022-08-23 11:38:10,164] {subprocess.py:74} INFO - Running command: ['bash', '-c', 'echo "hello"']
[2022-08-23 11:38:10,180] {subprocess.py:85} INFO - Output:
[2022-08-23 11:38:10,182] {subprocess.py:92} INFO - hello
[2022-08-23 11:38:10,183] {subprocess.py:96} INFO - Command exited with return code 0
[2022-08-23 11:38:10,230] {taskinstance.py:1420} INFO - Marking task as SUCCESS. dag_id=raizen_lab_01, task_id=print_hello, execution_date=20211011T190000, start_date=20220823T113809, end_date=20220823T113810
[2022-08-23 11:38:10,276] {local_task_job.py:156} INFO - Task exited with return code 0
[2022-08-23 11:38:10,345] {local_task_job.py:273} INFO - 1 downstream tasks scheduled from follow-on schedule check
