[2022-08-23 12:28:59,315] {taskinstance.py:1179} INFO - Dependencies all met for <TaskInstance: raizen_lab_01.print_hello scheduled__2021-11-30T22:00:00+00:00 [queued]>
[2022-08-23 12:28:59,324] {taskinstance.py:1179} INFO - Dependencies all met for <TaskInstance: raizen_lab_01.print_hello scheduled__2021-11-30T22:00:00+00:00 [queued]>
[2022-08-23 12:28:59,324] {taskinstance.py:1376} INFO - 
--------------------------------------------------------------------------------
[2022-08-23 12:28:59,324] {taskinstance.py:1377} INFO - Starting attempt 1 of 2
[2022-08-23 12:28:59,344] {taskinstance.py:1378} INFO - 
--------------------------------------------------------------------------------
[2022-08-23 12:28:59,442] {taskinstance.py:1397} INFO - Executing <Task(BashOperator): print_hello> on 2021-11-30 22:00:00+00:00
[2022-08-23 12:28:59,447] {standard_task_runner.py:52} INFO - Started process 7061 to run task
[2022-08-23 12:28:59,451] {standard_task_runner.py:79} INFO - Running: ['***', 'tasks', 'run', 'raizen_lab_01', 'print_hello', 'scheduled__2021-11-30T22:00:00+00:00', '--job-id', '5340', '--raw', '--subdir', 'DAGS_FOLDER/raizen_lab_01.py', '--cfg-path', '/tmp/tmpfpk8weap', '--error-file', '/tmp/tmphp2frzxq']
[2022-08-23 12:28:59,453] {standard_task_runner.py:80} INFO - Job 5340: Subtask print_hello
[2022-08-23 12:28:59,529] {task_command.py:371} INFO - Running <TaskInstance: raizen_lab_01.print_hello scheduled__2021-11-30T22:00:00+00:00 [running]> on host 6383a3236c72
[2022-08-23 12:28:59,601] {taskinstance.py:1591} INFO - Exporting the following env vars:
AIRFLOW_CTX_DAG_OWNER=admin
AIRFLOW_CTX_DAG_ID=raizen_lab_01
AIRFLOW_CTX_TASK_ID=print_hello
AIRFLOW_CTX_EXECUTION_DATE=2021-11-30T22:00:00+00:00
AIRFLOW_CTX_TRY_NUMBER=1
AIRFLOW_CTX_DAG_RUN_ID=scheduled__2021-11-30T22:00:00+00:00
[2022-08-23 12:28:59,603] {subprocess.py:62} INFO - Tmp dir root location: 
 /tmp
[2022-08-23 12:28:59,603] {subprocess.py:74} INFO - Running command: ['bash', '-c', 'echo "hello"']
[2022-08-23 12:28:59,616] {subprocess.py:85} INFO - Output:
[2022-08-23 12:28:59,617] {subprocess.py:92} INFO - hello
[2022-08-23 12:28:59,617] {subprocess.py:96} INFO - Command exited with return code 0
[2022-08-23 12:28:59,644] {taskinstance.py:1420} INFO - Marking task as SUCCESS. dag_id=raizen_lab_01, task_id=print_hello, execution_date=20211130T220000, start_date=20220823T122859, end_date=20220823T122859
[2022-08-23 12:28:59,663] {local_task_job.py:156} INFO - Task exited with return code 0
[2022-08-23 12:28:59,702] {local_task_job.py:273} INFO - 1 downstream tasks scheduled from follow-on schedule check
