[2022-08-23 12:06:12,397] {taskinstance.py:1179} INFO - Dependencies all met for <TaskInstance: raizen_lab_01.print_world scheduled__2021-10-25T22:00:00+00:00 [queued]>
[2022-08-23 12:06:12,413] {taskinstance.py:1179} INFO - Dependencies all met for <TaskInstance: raizen_lab_01.print_world scheduled__2021-10-25T22:00:00+00:00 [queued]>
[2022-08-23 12:06:12,413] {taskinstance.py:1376} INFO - 
--------------------------------------------------------------------------------
[2022-08-23 12:06:12,414] {taskinstance.py:1377} INFO - Starting attempt 1 of 2
[2022-08-23 12:06:12,414] {taskinstance.py:1378} INFO - 
--------------------------------------------------------------------------------
[2022-08-23 12:06:12,429] {taskinstance.py:1397} INFO - Executing <Task(PythonOperator): print_world> on 2021-10-25 22:00:00+00:00
[2022-08-23 12:06:12,436] {standard_task_runner.py:52} INFO - Started process 490 to run task
[2022-08-23 12:06:12,439] {standard_task_runner.py:79} INFO - Running: ['***', 'tasks', 'run', 'raizen_lab_01', 'print_world', 'scheduled__2021-10-25T22:00:00+00:00', '--job-id', '2770', '--raw', '--subdir', 'DAGS_FOLDER/raizen_lab_01.py', '--cfg-path', '/tmp/tmp3g2qjsvq', '--error-file', '/tmp/tmp18r3lw_h']
[2022-08-23 12:06:12,440] {standard_task_runner.py:80} INFO - Job 2770: Subtask print_world
[2022-08-23 12:06:12,529] {task_command.py:371} INFO - Running <TaskInstance: raizen_lab_01.print_world scheduled__2021-10-25T22:00:00+00:00 [running]> on host 67b6bdae536e
[2022-08-23 12:06:12,599] {taskinstance.py:1591} INFO - Exporting the following env vars:
AIRFLOW_CTX_DAG_OWNER=admin
AIRFLOW_CTX_DAG_ID=raizen_lab_01
AIRFLOW_CTX_TASK_ID=print_world
AIRFLOW_CTX_EXECUTION_DATE=2021-10-25T22:00:00+00:00
AIRFLOW_CTX_TRY_NUMBER=1
AIRFLOW_CTX_DAG_RUN_ID=scheduled__2021-10-25T22:00:00+00:00
[2022-08-23 12:06:12,600] {logging_mixin.py:115} INFO - world
[2022-08-23 12:06:12,601] {python.py:173} INFO - Done. Returned value was: None
[2022-08-23 12:06:12,613] {taskinstance.py:1420} INFO - Marking task as SUCCESS. dag_id=raizen_lab_01, task_id=print_world, execution_date=20211025T220000, start_date=20220823T120612, end_date=20220823T120612
[2022-08-23 12:06:12,651] {local_task_job.py:156} INFO - Task exited with return code 0
[2022-08-23 12:06:12,677] {local_task_job.py:273} INFO - 0 downstream tasks scheduled from follow-on schedule check
