[2022-08-23 12:05:53,266] {taskinstance.py:1179} INFO - Dependencies all met for <TaskInstance: raizen_lab_01.print_hello scheduled__2021-10-25T04:00:00+00:00 [queued]>
[2022-08-23 12:05:53,278] {taskinstance.py:1179} INFO - Dependencies all met for <TaskInstance: raizen_lab_01.print_hello scheduled__2021-10-25T04:00:00+00:00 [queued]>
[2022-08-23 12:05:53,279] {taskinstance.py:1376} INFO - 
--------------------------------------------------------------------------------
[2022-08-23 12:05:53,279] {taskinstance.py:1377} INFO - Starting attempt 1 of 2
[2022-08-23 12:05:53,280] {taskinstance.py:1378} INFO - 
--------------------------------------------------------------------------------
[2022-08-23 12:05:53,296] {taskinstance.py:1397} INFO - Executing <Task(BashOperator): print_hello> on 2021-10-25 04:00:00+00:00
[2022-08-23 12:05:53,302] {standard_task_runner.py:52} INFO - Started process 260 to run task
[2022-08-23 12:05:53,305] {standard_task_runner.py:79} INFO - Running: ['***', 'tasks', 'run', 'raizen_lab_01', 'print_hello', 'scheduled__2021-10-25T04:00:00+00:00', '--job-id', '2692', '--raw', '--subdir', 'DAGS_FOLDER/raizen_lab_01.py', '--cfg-path', '/tmp/tmp6qbapczt', '--error-file', '/tmp/tmpn16v82pt']
[2022-08-23 12:05:53,306] {standard_task_runner.py:80} INFO - Job 2692: Subtask print_hello
[2022-08-23 12:05:53,366] {task_command.py:371} INFO - Running <TaskInstance: raizen_lab_01.print_hello scheduled__2021-10-25T04:00:00+00:00 [running]> on host 67b6bdae536e
[2022-08-23 12:05:53,451] {taskinstance.py:1591} INFO - Exporting the following env vars:
AIRFLOW_CTX_DAG_OWNER=admin
AIRFLOW_CTX_DAG_ID=raizen_lab_01
AIRFLOW_CTX_TASK_ID=print_hello
AIRFLOW_CTX_EXECUTION_DATE=2021-10-25T04:00:00+00:00
AIRFLOW_CTX_TRY_NUMBER=1
AIRFLOW_CTX_DAG_RUN_ID=scheduled__2021-10-25T04:00:00+00:00
[2022-08-23 12:05:53,452] {subprocess.py:62} INFO - Tmp dir root location: 
 /tmp
[2022-08-23 12:05:53,453] {subprocess.py:74} INFO - Running command: ['bash', '-c', 'echo "hello"']
[2022-08-23 12:05:53,465] {subprocess.py:85} INFO - Output:
[2022-08-23 12:05:53,467] {subprocess.py:92} INFO - hello
[2022-08-23 12:05:53,467] {subprocess.py:96} INFO - Command exited with return code 0
[2022-08-23 12:05:53,499] {taskinstance.py:1420} INFO - Marking task as SUCCESS. dag_id=raizen_lab_01, task_id=print_hello, execution_date=20211025T040000, start_date=20220823T120553, end_date=20220823T120553
[2022-08-23 12:05:53,517] {local_task_job.py:156} INFO - Task exited with return code 0
[2022-08-23 12:05:53,556] {local_task_job.py:273} INFO - 1 downstream tasks scheduled from follow-on schedule check
