[2022-08-23 12:09:09,186] {taskinstance.py:1179} INFO - Dependencies all met for <TaskInstance: raizen_lab_01.print_hello scheduled__2021-11-03T22:00:00+00:00 [queued]>
[2022-08-23 12:09:09,194] {taskinstance.py:1179} INFO - Dependencies all met for <TaskInstance: raizen_lab_01.print_hello scheduled__2021-11-03T22:00:00+00:00 [queued]>
[2022-08-23 12:09:09,195] {taskinstance.py:1376} INFO - 
--------------------------------------------------------------------------------
[2022-08-23 12:09:09,195] {taskinstance.py:1377} INFO - Starting attempt 1 of 2
[2022-08-23 12:09:09,196] {taskinstance.py:1378} INFO - 
--------------------------------------------------------------------------------
[2022-08-23 12:09:09,210] {taskinstance.py:1397} INFO - Executing <Task(BashOperator): print_hello> on 2021-11-03 22:00:00+00:00
[2022-08-23 12:09:09,214] {standard_task_runner.py:52} INFO - Started process 2310 to run task
[2022-08-23 12:09:09,217] {standard_task_runner.py:79} INFO - Running: ['***', 'tasks', 'run', 'raizen_lab_01', 'print_hello', 'scheduled__2021-11-03T22:00:00+00:00', '--job-id', '3403', '--raw', '--subdir', 'DAGS_FOLDER/raizen_lab_01.py', '--cfg-path', '/tmp/tmpx8tumf3u', '--error-file', '/tmp/tmp3to3p_8h']
[2022-08-23 12:09:09,217] {standard_task_runner.py:80} INFO - Job 3403: Subtask print_hello
[2022-08-23 12:09:09,273] {task_command.py:371} INFO - Running <TaskInstance: raizen_lab_01.print_hello scheduled__2021-11-03T22:00:00+00:00 [running]> on host 67b6bdae536e
[2022-08-23 12:09:09,345] {taskinstance.py:1591} INFO - Exporting the following env vars:
AIRFLOW_CTX_DAG_OWNER=admin
AIRFLOW_CTX_DAG_ID=raizen_lab_01
AIRFLOW_CTX_TASK_ID=print_hello
AIRFLOW_CTX_EXECUTION_DATE=2021-11-03T22:00:00+00:00
AIRFLOW_CTX_TRY_NUMBER=1
AIRFLOW_CTX_DAG_RUN_ID=scheduled__2021-11-03T22:00:00+00:00
[2022-08-23 12:09:09,347] {subprocess.py:62} INFO - Tmp dir root location: 
 /tmp
[2022-08-23 12:09:09,348] {subprocess.py:74} INFO - Running command: ['bash', '-c', 'echo "hello"']
[2022-08-23 12:09:09,358] {subprocess.py:85} INFO - Output:
[2022-08-23 12:09:09,360] {subprocess.py:92} INFO - hello
[2022-08-23 12:09:09,360] {subprocess.py:96} INFO - Command exited with return code 0
[2022-08-23 12:09:09,391] {taskinstance.py:1420} INFO - Marking task as SUCCESS. dag_id=raizen_lab_01, task_id=print_hello, execution_date=20211103T220000, start_date=20220823T120909, end_date=20220823T120909
[2022-08-23 12:09:09,429] {local_task_job.py:156} INFO - Task exited with return code 0
[2022-08-23 12:09:09,467] {local_task_job.py:273} INFO - 1 downstream tasks scheduled from follow-on schedule check
