[2022-08-23 11:27:03,851] {taskinstance.py:1179} INFO - Dependencies all met for <TaskInstance: raizen_lab_01.sleep scheduled__2021-09-18T01:00:00+00:00 [queued]>
[2022-08-23 11:27:03,873] {taskinstance.py:1179} INFO - Dependencies all met for <TaskInstance: raizen_lab_01.sleep scheduled__2021-09-18T01:00:00+00:00 [queued]>
[2022-08-23 11:27:03,874] {taskinstance.py:1376} INFO - 
--------------------------------------------------------------------------------
[2022-08-23 11:27:03,874] {taskinstance.py:1377} INFO - Starting attempt 1 of 2
[2022-08-23 11:27:03,876] {taskinstance.py:1378} INFO - 
--------------------------------------------------------------------------------
[2022-08-23 11:27:03,906] {taskinstance.py:1397} INFO - Executing <Task(BashOperator): sleep> on 2021-09-18 01:00:00+00:00
[2022-08-23 11:27:03,917] {standard_task_runner.py:52} INFO - Started process 168 to run task
[2022-08-23 11:27:03,924] {standard_task_runner.py:79} INFO - Running: ['***', 'tasks', 'run', 'raizen_lab_01', 'sleep', 'scheduled__2021-09-18T01:00:00+00:00', '--job-id', '16', '--raw', '--subdir', 'DAGS_FOLDER/raizen_lab_01.py', '--cfg-path', '/tmp/tmp7ih4v7le', '--error-file', '/tmp/tmpl_wtmz8f']
[2022-08-23 11:27:03,925] {standard_task_runner.py:80} INFO - Job 16: Subtask sleep
[2022-08-23 11:27:04,038] {task_command.py:371} INFO - Running <TaskInstance: raizen_lab_01.sleep scheduled__2021-09-18T01:00:00+00:00 [running]> on host 7f48b7aaf0fc
[2022-08-23 11:27:04,197] {taskinstance.py:1591} INFO - Exporting the following env vars:
AIRFLOW_CTX_DAG_OWNER=admin
AIRFLOW_CTX_DAG_ID=raizen_lab_01
AIRFLOW_CTX_TASK_ID=sleep
AIRFLOW_CTX_EXECUTION_DATE=2021-09-18T01:00:00+00:00
AIRFLOW_CTX_TRY_NUMBER=1
AIRFLOW_CTX_DAG_RUN_ID=scheduled__2021-09-18T01:00:00+00:00
[2022-08-23 11:27:04,199] {subprocess.py:62} INFO - Tmp dir root location: 
 /tmp
[2022-08-23 11:27:04,201] {subprocess.py:74} INFO - Running command: ['bash', '-c', 'sleep 5']
[2022-08-23 11:27:04,220] {subprocess.py:85} INFO - Output:
[2022-08-23 11:27:09,226] {subprocess.py:96} INFO - Command exited with return code 0
[2022-08-23 11:27:09,394] {taskinstance.py:1420} INFO - Marking task as SUCCESS. dag_id=raizen_lab_01, task_id=sleep, execution_date=20210918T010000, start_date=20220823T112703, end_date=20220823T112709
[2022-08-23 11:27:09,459] {local_task_job.py:156} INFO - Task exited with return code 0
[2022-08-23 11:27:09,722] {local_task_job.py:273} INFO - 0 downstream tasks scheduled from follow-on schedule check
