[2022-08-23 13:09:47,802] {taskinstance.py:1179} INFO - Dependencies all met for <TaskInstance: raizen_lab_01.sleep scheduled__2021-12-26T08:00:00+00:00 [queued]>
[2022-08-23 13:09:47,816] {taskinstance.py:1179} INFO - Dependencies all met for <TaskInstance: raizen_lab_01.sleep scheduled__2021-12-26T08:00:00+00:00 [queued]>
[2022-08-23 13:09:47,817] {taskinstance.py:1376} INFO - 
--------------------------------------------------------------------------------
[2022-08-23 13:09:47,817] {taskinstance.py:1377} INFO - Starting attempt 1 of 2
[2022-08-23 13:09:47,817] {taskinstance.py:1378} INFO - 
--------------------------------------------------------------------------------
[2022-08-23 13:09:47,835] {taskinstance.py:1397} INFO - Executing <Task(BashOperator): sleep> on 2021-12-26 08:00:00+00:00
[2022-08-23 13:09:47,844] {standard_task_runner.py:52} INFO - Started process 459 to run task
[2022-08-23 13:09:47,848] {standard_task_runner.py:79} INFO - Running: ['***', 'tasks', 'run', 'raizen_lab_01', 'sleep', 'scheduled__2021-12-26T08:00:00+00:00', '--job-id', '7184', '--raw', '--subdir', 'DAGS_FOLDER/raizen_lab_01.py', '--cfg-path', '/tmp/tmp_aqxrz5x', '--error-file', '/tmp/tmp3jale_qr']
[2022-08-23 13:09:47,850] {standard_task_runner.py:80} INFO - Job 7184: Subtask sleep
[2022-08-23 13:09:47,979] {task_command.py:371} INFO - Running <TaskInstance: raizen_lab_01.sleep scheduled__2021-12-26T08:00:00+00:00 [running]> on host 965856c951e3
[2022-08-23 13:09:48,090] {taskinstance.py:1591} INFO - Exporting the following env vars:
AIRFLOW_CTX_DAG_OWNER=admin
AIRFLOW_CTX_DAG_ID=raizen_lab_01
AIRFLOW_CTX_TASK_ID=sleep
AIRFLOW_CTX_EXECUTION_DATE=2021-12-26T08:00:00+00:00
AIRFLOW_CTX_TRY_NUMBER=1
AIRFLOW_CTX_DAG_RUN_ID=scheduled__2021-12-26T08:00:00+00:00
[2022-08-23 13:09:48,093] {subprocess.py:62} INFO - Tmp dir root location: 
 /tmp
[2022-08-23 13:09:48,094] {subprocess.py:74} INFO - Running command: ['bash', '-c', 'sleep 5']
[2022-08-23 13:09:48,112] {subprocess.py:85} INFO - Output:
[2022-08-23 13:09:53,115] {subprocess.py:96} INFO - Command exited with return code 0
[2022-08-23 13:09:53,186] {taskinstance.py:1420} INFO - Marking task as SUCCESS. dag_id=raizen_lab_01, task_id=sleep, execution_date=20211226T080000, start_date=20220823T130947, end_date=20220823T130953
[2022-08-23 13:09:53,237] {local_task_job.py:156} INFO - Task exited with return code 0
[2022-08-23 13:09:53,270] {local_task_job.py:273} INFO - 1 downstream tasks scheduled from follow-on schedule check
