[2022-08-23 12:07:20,690] {taskinstance.py:1179} INFO - Dependencies all met for <TaskInstance: raizen_lab_01.print_world scheduled__2021-10-29T05:00:00+00:00 [queued]>
[2022-08-23 12:07:20,705] {taskinstance.py:1179} INFO - Dependencies all met for <TaskInstance: raizen_lab_01.print_world scheduled__2021-10-29T05:00:00+00:00 [queued]>
[2022-08-23 12:07:20,705] {taskinstance.py:1376} INFO - 
--------------------------------------------------------------------------------
[2022-08-23 12:07:20,706] {taskinstance.py:1377} INFO - Starting attempt 1 of 2
[2022-08-23 12:07:20,706] {taskinstance.py:1378} INFO - 
--------------------------------------------------------------------------------
[2022-08-23 12:07:20,725] {taskinstance.py:1397} INFO - Executing <Task(PythonOperator): print_world> on 2021-10-29 05:00:00+00:00
[2022-08-23 12:07:20,730] {standard_task_runner.py:52} INFO - Started process 1171 to run task
[2022-08-23 12:07:20,734] {standard_task_runner.py:79} INFO - Running: ['***', 'tasks', 'run', 'raizen_lab_01', 'print_world', 'scheduled__2021-10-29T05:00:00+00:00', '--job-id', '3008', '--raw', '--subdir', 'DAGS_FOLDER/raizen_lab_01.py', '--cfg-path', '/tmp/tmp7t64c29f', '--error-file', '/tmp/tmp5wxlamf6']
[2022-08-23 12:07:20,734] {standard_task_runner.py:80} INFO - Job 3008: Subtask print_world
[2022-08-23 12:07:20,810] {task_command.py:371} INFO - Running <TaskInstance: raizen_lab_01.print_world scheduled__2021-10-29T05:00:00+00:00 [running]> on host 67b6bdae536e
[2022-08-23 12:07:20,889] {taskinstance.py:1591} INFO - Exporting the following env vars:
AIRFLOW_CTX_DAG_OWNER=admin
AIRFLOW_CTX_DAG_ID=raizen_lab_01
AIRFLOW_CTX_TASK_ID=print_world
AIRFLOW_CTX_EXECUTION_DATE=2021-10-29T05:00:00+00:00
AIRFLOW_CTX_TRY_NUMBER=1
AIRFLOW_CTX_DAG_RUN_ID=scheduled__2021-10-29T05:00:00+00:00
[2022-08-23 12:07:20,890] {logging_mixin.py:115} INFO - world
[2022-08-23 12:07:20,891] {python.py:173} INFO - Done. Returned value was: None
[2022-08-23 12:07:20,903] {taskinstance.py:1420} INFO - Marking task as SUCCESS. dag_id=raizen_lab_01, task_id=print_world, execution_date=20211029T050000, start_date=20220823T120720, end_date=20220823T120720
[2022-08-23 12:07:20,945] {local_task_job.py:156} INFO - Task exited with return code 0
[2022-08-23 12:07:20,977] {local_task_job.py:273} INFO - 0 downstream tasks scheduled from follow-on schedule check
