[2022-08-23 20:03:40,701] {taskinstance.py:1179} INFO - Dependencies all met for <TaskInstance: raizen_lab_01.sleep manual__2022-08-23T19:48:40.057580+00:00 [queued]>
[2022-08-23 20:03:40,711] {taskinstance.py:1179} INFO - Dependencies all met for <TaskInstance: raizen_lab_01.sleep manual__2022-08-23T19:48:40.057580+00:00 [queued]>
[2022-08-23 20:03:40,712] {taskinstance.py:1376} INFO - 
--------------------------------------------------------------------------------
[2022-08-23 20:03:40,712] {taskinstance.py:1377} INFO - Starting attempt 1 of 2
[2022-08-23 20:03:40,714] {taskinstance.py:1378} INFO - 
--------------------------------------------------------------------------------
[2022-08-23 20:03:40,732] {taskinstance.py:1397} INFO - Executing <Task(BashOperator): sleep> on 2022-08-23 19:48:40.057580+00:00
[2022-08-23 20:03:40,740] {standard_task_runner.py:52} INFO - Started process 214 to run task
[2022-08-23 20:03:40,746] {standard_task_runner.py:79} INFO - Running: ['***', 'tasks', 'run', 'raizen_lab_01', 'sleep', 'manual__2022-08-23T19:48:40.057580+00:00', '--job-id', '9362', '--raw', '--subdir', 'DAGS_FOLDER/raizen_lab_01.py', '--cfg-path', '/tmp/tmpo2b_f_np', '--error-file', '/tmp/tmpt57q8rh1']
[2022-08-23 20:03:40,748] {standard_task_runner.py:80} INFO - Job 9362: Subtask sleep
[2022-08-23 20:03:40,867] {task_command.py:371} INFO - Running <TaskInstance: raizen_lab_01.sleep manual__2022-08-23T19:48:40.057580+00:00 [running]> on host 80fce776ee1f
[2022-08-23 20:03:41,017] {taskinstance.py:1591} INFO - Exporting the following env vars:
AIRFLOW_CTX_DAG_OWNER=admin
AIRFLOW_CTX_DAG_ID=raizen_lab_01
AIRFLOW_CTX_TASK_ID=sleep
AIRFLOW_CTX_EXECUTION_DATE=2022-08-23T19:48:40.057580+00:00
AIRFLOW_CTX_TRY_NUMBER=1
AIRFLOW_CTX_DAG_RUN_ID=manual__2022-08-23T19:48:40.057580+00:00
[2022-08-23 20:03:41,020] {subprocess.py:62} INFO - Tmp dir root location: 
 /tmp
[2022-08-23 20:03:41,021] {subprocess.py:74} INFO - Running command: ['bash', '-c', 'sleep 5']
[2022-08-23 20:03:41,036] {subprocess.py:85} INFO - Output:
[2022-08-23 20:03:46,039] {subprocess.py:96} INFO - Command exited with return code 0
[2022-08-23 20:03:46,155] {taskinstance.py:1420} INFO - Marking task as SUCCESS. dag_id=raizen_lab_01, task_id=sleep, execution_date=20220823T194840, start_date=20220823T200340, end_date=20220823T200346
[2022-08-23 20:03:46,299] {local_task_job.py:156} INFO - Task exited with return code 0
[2022-08-23 20:03:46,378] {local_task_job.py:273} INFO - 1 downstream tasks scheduled from follow-on schedule check
