[2022-08-23 11:38:08,348] {taskinstance.py:1179} INFO - Dependencies all met for <TaskInstance: raizen_lab_01.sleep scheduled__2021-10-11T12:00:00+00:00 [queued]>
[2022-08-23 11:38:08,364] {taskinstance.py:1179} INFO - Dependencies all met for <TaskInstance: raizen_lab_01.sleep scheduled__2021-10-11T12:00:00+00:00 [queued]>
[2022-08-23 11:38:08,364] {taskinstance.py:1376} INFO - 
--------------------------------------------------------------------------------
[2022-08-23 11:38:08,365] {taskinstance.py:1377} INFO - Starting attempt 1 of 2
[2022-08-23 11:38:08,366] {taskinstance.py:1378} INFO - 
--------------------------------------------------------------------------------
[2022-08-23 11:38:08,392] {taskinstance.py:1397} INFO - Executing <Task(BashOperator): sleep> on 2021-10-11 12:00:00+00:00
[2022-08-23 11:38:08,400] {standard_task_runner.py:52} INFO - Started process 752 to run task
[2022-08-23 11:38:08,406] {standard_task_runner.py:79} INFO - Running: ['***', 'tasks', 'run', 'raizen_lab_01', 'sleep', 'scheduled__2021-10-11T12:00:00+00:00', '--job-id', '1712', '--raw', '--subdir', 'DAGS_FOLDER/raizen_lab_01.py', '--cfg-path', '/tmp/tmppeu3rill', '--error-file', '/tmp/tmpst6ttn_u']
[2022-08-23 11:38:08,407] {standard_task_runner.py:80} INFO - Job 1712: Subtask sleep
[2022-08-23 11:38:08,516] {task_command.py:371} INFO - Running <TaskInstance: raizen_lab_01.sleep scheduled__2021-10-11T12:00:00+00:00 [running]> on host 7f48b7aaf0fc
[2022-08-23 11:38:08,671] {taskinstance.py:1591} INFO - Exporting the following env vars:
AIRFLOW_CTX_DAG_OWNER=admin
AIRFLOW_CTX_DAG_ID=raizen_lab_01
AIRFLOW_CTX_TASK_ID=sleep
AIRFLOW_CTX_EXECUTION_DATE=2021-10-11T12:00:00+00:00
AIRFLOW_CTX_TRY_NUMBER=1
AIRFLOW_CTX_DAG_RUN_ID=scheduled__2021-10-11T12:00:00+00:00
[2022-08-23 11:38:08,673] {subprocess.py:62} INFO - Tmp dir root location: 
 /tmp
[2022-08-23 11:38:08,675] {subprocess.py:74} INFO - Running command: ['bash', '-c', 'sleep 5']
[2022-08-23 11:38:08,694] {subprocess.py:85} INFO - Output:
[2022-08-23 11:38:13,699] {subprocess.py:96} INFO - Command exited with return code 0
[2022-08-23 11:38:13,745] {taskinstance.py:1420} INFO - Marking task as SUCCESS. dag_id=raizen_lab_01, task_id=sleep, execution_date=20211011T120000, start_date=20220823T113808, end_date=20220823T113813
[2022-08-23 11:38:13,776] {local_task_job.py:156} INFO - Task exited with return code 0
[2022-08-23 11:38:13,821] {local_task_job.py:273} INFO - 1 downstream tasks scheduled from follow-on schedule check
