[2022-08-23 12:06:00,666] {taskinstance.py:1179} INFO - Dependencies all met for <TaskInstance: raizen_lab_01.print_world scheduled__2021-10-25T07:00:00+00:00 [queued]>
[2022-08-23 12:06:00,688] {taskinstance.py:1179} INFO - Dependencies all met for <TaskInstance: raizen_lab_01.print_world scheduled__2021-10-25T07:00:00+00:00 [queued]>
[2022-08-23 12:06:00,688] {taskinstance.py:1376} INFO - 
--------------------------------------------------------------------------------
[2022-08-23 12:06:00,689] {taskinstance.py:1377} INFO - Starting attempt 1 of 2
[2022-08-23 12:06:00,689] {taskinstance.py:1378} INFO - 
--------------------------------------------------------------------------------
[2022-08-23 12:06:00,716] {taskinstance.py:1397} INFO - Executing <Task(PythonOperator): print_world> on 2021-10-25 07:00:00+00:00
[2022-08-23 12:06:00,726] {standard_task_runner.py:52} INFO - Started process 349 to run task
[2022-08-23 12:06:00,731] {standard_task_runner.py:79} INFO - Running: ['***', 'tasks', 'run', 'raizen_lab_01', 'print_world', 'scheduled__2021-10-25T07:00:00+00:00', '--job-id', '2718', '--raw', '--subdir', 'DAGS_FOLDER/raizen_lab_01.py', '--cfg-path', '/tmp/tmptwe9o2d6', '--error-file', '/tmp/tmp552lha3a']
[2022-08-23 12:06:00,732] {standard_task_runner.py:80} INFO - Job 2718: Subtask print_world
[2022-08-23 12:06:00,848] {task_command.py:371} INFO - Running <TaskInstance: raizen_lab_01.print_world scheduled__2021-10-25T07:00:00+00:00 [running]> on host 67b6bdae536e
[2022-08-23 12:06:00,941] {taskinstance.py:1591} INFO - Exporting the following env vars:
AIRFLOW_CTX_DAG_OWNER=admin
AIRFLOW_CTX_DAG_ID=raizen_lab_01
AIRFLOW_CTX_TASK_ID=print_world
AIRFLOW_CTX_EXECUTION_DATE=2021-10-25T07:00:00+00:00
AIRFLOW_CTX_TRY_NUMBER=1
AIRFLOW_CTX_DAG_RUN_ID=scheduled__2021-10-25T07:00:00+00:00
[2022-08-23 12:06:00,943] {logging_mixin.py:115} INFO - world
[2022-08-23 12:06:00,944] {python.py:173} INFO - Done. Returned value was: None
[2022-08-23 12:06:00,983] {taskinstance.py:1420} INFO - Marking task as SUCCESS. dag_id=raizen_lab_01, task_id=print_world, execution_date=20211025T070000, start_date=20220823T120600, end_date=20220823T120600
[2022-08-23 12:06:01,022] {local_task_job.py:156} INFO - Task exited with return code 0
[2022-08-23 12:06:01,055] {local_task_job.py:273} INFO - 0 downstream tasks scheduled from follow-on schedule check
