[2022-08-23 12:21:28,175] {taskinstance.py:1179} INFO - Dependencies all met for <TaskInstance: raizen_lab_01.sleep scheduled__2021-11-11T14:00:00+00:00 [queued]>
[2022-08-23 12:21:28,184] {taskinstance.py:1179} INFO - Dependencies all met for <TaskInstance: raizen_lab_01.sleep scheduled__2021-11-11T14:00:00+00:00 [queued]>
[2022-08-23 12:21:28,185] {taskinstance.py:1376} INFO - 
--------------------------------------------------------------------------------
[2022-08-23 12:21:28,185] {taskinstance.py:1377} INFO - Starting attempt 1 of 2
[2022-08-23 12:21:28,186] {taskinstance.py:1378} INFO - 
--------------------------------------------------------------------------------
[2022-08-23 12:21:28,206] {taskinstance.py:1397} INFO - Executing <Task(BashOperator): sleep> on 2021-11-11 14:00:00+00:00
[2022-08-23 12:21:28,212] {standard_task_runner.py:52} INFO - Started process 1641 to run task
[2022-08-23 12:21:28,215] {standard_task_runner.py:79} INFO - Running: ['***', 'tasks', 'run', 'raizen_lab_01', 'sleep', 'scheduled__2021-11-11T14:00:00+00:00', '--job-id', '3957', '--raw', '--subdir', 'DAGS_FOLDER/raizen_lab_01.py', '--cfg-path', '/tmp/tmp0bm8f5ob', '--error-file', '/tmp/tmpvqt0vsuo']
[2022-08-23 12:21:28,216] {standard_task_runner.py:80} INFO - Job 3957: Subtask sleep
[2022-08-23 12:21:28,284] {task_command.py:371} INFO - Running <TaskInstance: raizen_lab_01.sleep scheduled__2021-11-11T14:00:00+00:00 [running]> on host 6383a3236c72
[2022-08-23 12:21:28,360] {taskinstance.py:1591} INFO - Exporting the following env vars:
AIRFLOW_CTX_DAG_OWNER=admin
AIRFLOW_CTX_DAG_ID=raizen_lab_01
AIRFLOW_CTX_TASK_ID=sleep
AIRFLOW_CTX_EXECUTION_DATE=2021-11-11T14:00:00+00:00
AIRFLOW_CTX_TRY_NUMBER=1
AIRFLOW_CTX_DAG_RUN_ID=scheduled__2021-11-11T14:00:00+00:00
[2022-08-23 12:21:28,361] {subprocess.py:62} INFO - Tmp dir root location: 
 /tmp
[2022-08-23 12:21:28,362] {subprocess.py:74} INFO - Running command: ['bash', '-c', 'sleep 5']
[2022-08-23 12:21:28,375] {subprocess.py:85} INFO - Output:
[2022-08-23 12:21:33,378] {subprocess.py:96} INFO - Command exited with return code 0
[2022-08-23 12:21:33,411] {taskinstance.py:1420} INFO - Marking task as SUCCESS. dag_id=raizen_lab_01, task_id=sleep, execution_date=20211111T140000, start_date=20220823T122128, end_date=20220823T122133
[2022-08-23 12:21:33,446] {local_task_job.py:156} INFO - Task exited with return code 0
[2022-08-23 12:21:33,478] {local_task_job.py:273} INFO - 1 downstream tasks scheduled from follow-on schedule check
