[2022-08-23 12:32:55,728] {taskinstance.py:1179} INFO - Dependencies all met for <TaskInstance: raizen_lab_01.print_hello scheduled__2021-12-11T11:00:00+00:00 [queued]>
[2022-08-23 12:32:55,737] {taskinstance.py:1179} INFO - Dependencies all met for <TaskInstance: raizen_lab_01.print_hello scheduled__2021-12-11T11:00:00+00:00 [queued]>
[2022-08-23 12:32:55,737] {taskinstance.py:1376} INFO - 
--------------------------------------------------------------------------------
[2022-08-23 12:32:55,738] {taskinstance.py:1377} INFO - Starting attempt 1 of 2
[2022-08-23 12:32:55,738] {taskinstance.py:1378} INFO - 
--------------------------------------------------------------------------------
[2022-08-23 12:32:55,755] {taskinstance.py:1397} INFO - Executing <Task(BashOperator): print_hello> on 2021-12-11 11:00:00+00:00
[2022-08-23 12:32:55,763] {standard_task_runner.py:52} INFO - Started process 10026 to run task
[2022-08-23 12:32:55,766] {standard_task_runner.py:79} INFO - Running: ['***', 'tasks', 'run', 'raizen_lab_01', 'print_hello', 'scheduled__2021-12-11T11:00:00+00:00', '--job-id', '6100', '--raw', '--subdir', 'DAGS_FOLDER/raizen_lab_01.py', '--cfg-path', '/tmp/tmpb6ktu85e', '--error-file', '/tmp/tmpdpm8wj1l']
[2022-08-23 12:32:55,768] {standard_task_runner.py:80} INFO - Job 6100: Subtask print_hello
[2022-08-23 12:32:55,848] {task_command.py:371} INFO - Running <TaskInstance: raizen_lab_01.print_hello scheduled__2021-12-11T11:00:00+00:00 [running]> on host 6383a3236c72
[2022-08-23 12:32:56,018] {taskinstance.py:1591} INFO - Exporting the following env vars:
AIRFLOW_CTX_DAG_OWNER=admin
AIRFLOW_CTX_DAG_ID=raizen_lab_01
AIRFLOW_CTX_TASK_ID=print_hello
AIRFLOW_CTX_EXECUTION_DATE=2021-12-11T11:00:00+00:00
AIRFLOW_CTX_TRY_NUMBER=1
AIRFLOW_CTX_DAG_RUN_ID=scheduled__2021-12-11T11:00:00+00:00
[2022-08-23 12:32:56,019] {subprocess.py:62} INFO - Tmp dir root location: 
 /tmp
[2022-08-23 12:32:56,021] {subprocess.py:74} INFO - Running command: ['bash', '-c', 'echo "hello"']
[2022-08-23 12:32:56,039] {subprocess.py:85} INFO - Output:
[2022-08-23 12:32:56,041] {subprocess.py:92} INFO - hello
[2022-08-23 12:32:56,041] {subprocess.py:96} INFO - Command exited with return code 0
[2022-08-23 12:32:56,078] {taskinstance.py:1420} INFO - Marking task as SUCCESS. dag_id=raizen_lab_01, task_id=print_hello, execution_date=20211211T110000, start_date=20220823T123255, end_date=20220823T123256
[2022-08-23 12:32:56,139] {local_task_job.py:156} INFO - Task exited with return code 0
[2022-08-23 12:32:56,192] {local_task_job.py:273} INFO - 1 downstream tasks scheduled from follow-on schedule check
