[2022-08-23 11:34:09,561] {taskinstance.py:1179} INFO - Dependencies all met for <TaskInstance: raizen_lab_01.sleep scheduled__2021-10-03T02:00:00+00:00 [queued]>
[2022-08-23 11:34:09,580] {taskinstance.py:1179} INFO - Dependencies all met for <TaskInstance: raizen_lab_01.sleep scheduled__2021-10-03T02:00:00+00:00 [queued]>
[2022-08-23 11:34:09,581] {taskinstance.py:1376} INFO - 
--------------------------------------------------------------------------------
[2022-08-23 11:34:09,582] {taskinstance.py:1377} INFO - Starting attempt 1 of 2
[2022-08-23 11:34:09,583] {taskinstance.py:1378} INFO - 
--------------------------------------------------------------------------------
[2022-08-23 11:34:09,611] {taskinstance.py:1397} INFO - Executing <Task(BashOperator): sleep> on 2021-10-03 02:00:00+00:00
[2022-08-23 11:34:09,618] {standard_task_runner.py:52} INFO - Started process 3145 to run task
[2022-08-23 11:34:09,622] {standard_task_runner.py:79} INFO - Running: ['***', 'tasks', 'run', 'raizen_lab_01', 'sleep', 'scheduled__2021-10-03T02:00:00+00:00', '--job-id', '1108', '--raw', '--subdir', 'DAGS_FOLDER/raizen_lab_01.py', '--cfg-path', '/tmp/tmpvdo3h5aa', '--error-file', '/tmp/tmppkte0nev']
[2022-08-23 11:34:09,623] {standard_task_runner.py:80} INFO - Job 1108: Subtask sleep
[2022-08-23 11:34:09,721] {task_command.py:371} INFO - Running <TaskInstance: raizen_lab_01.sleep scheduled__2021-10-03T02:00:00+00:00 [running]> on host 7f48b7aaf0fc
[2022-08-23 11:34:09,856] {taskinstance.py:1591} INFO - Exporting the following env vars:
AIRFLOW_CTX_DAG_OWNER=admin
AIRFLOW_CTX_DAG_ID=raizen_lab_01
AIRFLOW_CTX_TASK_ID=sleep
AIRFLOW_CTX_EXECUTION_DATE=2021-10-03T02:00:00+00:00
AIRFLOW_CTX_TRY_NUMBER=1
AIRFLOW_CTX_DAG_RUN_ID=scheduled__2021-10-03T02:00:00+00:00
[2022-08-23 11:34:09,859] {subprocess.py:62} INFO - Tmp dir root location: 
 /tmp
[2022-08-23 11:34:09,860] {subprocess.py:74} INFO - Running command: ['bash', '-c', 'sleep 5']
[2022-08-23 11:34:09,880] {subprocess.py:85} INFO - Output:
[2022-08-23 11:34:14,885] {subprocess.py:96} INFO - Command exited with return code 0
[2022-08-23 11:34:14,922] {taskinstance.py:1420} INFO - Marking task as SUCCESS. dag_id=raizen_lab_01, task_id=sleep, execution_date=20211003T020000, start_date=20220823T113409, end_date=20220823T113414
[2022-08-23 11:34:14,959] {local_task_job.py:156} INFO - Task exited with return code 0
[2022-08-23 11:34:14,999] {local_task_job.py:273} INFO - 1 downstream tasks scheduled from follow-on schedule check
