[2022-08-23 11:59:21,915] {taskinstance.py:1179} INFO - Dependencies all met for <TaskInstance: raizen_lab_01.print_hello scheduled__2021-10-23T07:00:00+00:00 [queued]>
[2022-08-23 11:59:21,940] {taskinstance.py:1179} INFO - Dependencies all met for <TaskInstance: raizen_lab_01.print_hello scheduled__2021-10-23T07:00:00+00:00 [queued]>
[2022-08-23 11:59:21,941] {taskinstance.py:1376} INFO - 
--------------------------------------------------------------------------------
[2022-08-23 11:59:21,943] {taskinstance.py:1377} INFO - Starting attempt 1 of 2
[2022-08-23 11:59:21,944] {taskinstance.py:1378} INFO - 
--------------------------------------------------------------------------------
[2022-08-23 11:59:21,975] {taskinstance.py:1397} INFO - Executing <Task(BashOperator): print_hello> on 2021-10-23 07:00:00+00:00
[2022-08-23 11:59:21,985] {standard_task_runner.py:52} INFO - Started process 543 to run task
[2022-08-23 11:59:21,990] {standard_task_runner.py:79} INFO - Running: ['***', 'tasks', 'run', 'raizen_lab_01', 'print_hello', 'scheduled__2021-10-23T07:00:00+00:00', '--job-id', '2551', '--raw', '--subdir', 'DAGS_FOLDER/raizen_lab_01.py', '--cfg-path', '/tmp/tmpg98pr7al', '--error-file', '/tmp/tmp2lwetsko']
[2022-08-23 11:59:21,991] {standard_task_runner.py:80} INFO - Job 2551: Subtask print_hello
[2022-08-23 11:59:22,100] {task_command.py:371} INFO - Running <TaskInstance: raizen_lab_01.print_hello scheduled__2021-10-23T07:00:00+00:00 [running]> on host 9f4b06248101
[2022-08-23 11:59:22,240] {taskinstance.py:1591} INFO - Exporting the following env vars:
AIRFLOW_CTX_DAG_OWNER=admin
AIRFLOW_CTX_DAG_ID=raizen_lab_01
AIRFLOW_CTX_TASK_ID=print_hello
AIRFLOW_CTX_EXECUTION_DATE=2021-10-23T07:00:00+00:00
AIRFLOW_CTX_TRY_NUMBER=1
AIRFLOW_CTX_DAG_RUN_ID=scheduled__2021-10-23T07:00:00+00:00
[2022-08-23 11:59:22,243] {subprocess.py:62} INFO - Tmp dir root location: 
 /tmp
[2022-08-23 11:59:22,244] {subprocess.py:74} INFO - Running command: ['bash', '-c', 'echo "hello"']
[2022-08-23 11:59:22,264] {subprocess.py:85} INFO - Output:
[2022-08-23 11:59:22,267] {subprocess.py:92} INFO - hello
[2022-08-23 11:59:22,267] {subprocess.py:96} INFO - Command exited with return code 0
[2022-08-23 11:59:22,327] {taskinstance.py:1420} INFO - Marking task as SUCCESS. dag_id=raizen_lab_01, task_id=print_hello, execution_date=20211023T070000, start_date=20220823T115921, end_date=20220823T115922
[2022-08-23 11:59:22,363] {local_task_job.py:156} INFO - Task exited with return code 0
[2022-08-23 11:59:22,439] {local_task_job.py:273} INFO - 1 downstream tasks scheduled from follow-on schedule check
