[2022-08-24 11:43:27,693] {taskinstance.py:1179} INFO - Dependencies all met for <TaskInstance: raizen_lab_01.insere_dados_na_tabela manual__2022-08-24T11:43:23.183699+00:00 [queued]>
[2022-08-24 11:43:27,701] {taskinstance.py:1179} INFO - Dependencies all met for <TaskInstance: raizen_lab_01.insere_dados_na_tabela manual__2022-08-24T11:43:23.183699+00:00 [queued]>
[2022-08-24 11:43:27,702] {taskinstance.py:1376} INFO - 
--------------------------------------------------------------------------------
[2022-08-24 11:43:27,704] {taskinstance.py:1377} INFO - Starting attempt 1 of 2
[2022-08-24 11:43:27,705] {taskinstance.py:1378} INFO - 
--------------------------------------------------------------------------------
[2022-08-24 11:43:27,720] {taskinstance.py:1397} INFO - Executing <Task(PythonOperator): insere_dados_na_tabela> on 2022-08-24 11:43:23.183699+00:00
[2022-08-24 11:43:27,726] {standard_task_runner.py:52} INFO - Started process 77 to run task
[2022-08-24 11:43:27,729] {standard_task_runner.py:79} INFO - Running: ['***', 'tasks', 'run', 'raizen_lab_01', 'insere_dados_na_tabela', 'manual__2022-08-24T11:43:23.183699+00:00', '--job-id', '9714', '--raw', '--subdir', 'DAGS_FOLDER/raizen_lab_01.py', '--cfg-path', '/tmp/tmp71n74f1h', '--error-file', '/tmp/tmpfrkds_ku']
[2022-08-24 11:43:27,730] {standard_task_runner.py:80} INFO - Job 9714: Subtask insere_dados_na_tabela
[2022-08-24 11:43:27,793] {task_command.py:371} INFO - Running <TaskInstance: raizen_lab_01.insere_dados_na_tabela manual__2022-08-24T11:43:23.183699+00:00 [running]> on host 3f878792eb1e
[2022-08-24 11:43:27,882] {taskinstance.py:1591} INFO - Exporting the following env vars:
AIRFLOW_CTX_DAG_OWNER=admin
AIRFLOW_CTX_DAG_ID=raizen_lab_01
AIRFLOW_CTX_TASK_ID=insere_dados_na_tabela
AIRFLOW_CTX_EXECUTION_DATE=2022-08-24T11:43:23.183699+00:00
AIRFLOW_CTX_TRY_NUMBER=1
AIRFLOW_CTX_DAG_RUN_ID=manual__2022-08-24T11:43:23.183699+00:00
[2022-08-24 11:43:27,914] {logging_mixin.py:115} INFO - TABELA CRIADA
[2022-08-24 11:43:27,916] {python.py:173} INFO - Done. Returned value was: None
[2022-08-24 11:43:27,930] {taskinstance.py:1420} INFO - Marking task as SUCCESS. dag_id=raizen_lab_01, task_id=insere_dados_na_tabela, execution_date=20220824T114323, start_date=20220824T114327, end_date=20220824T114327
[2022-08-24 11:43:27,982] {local_task_job.py:156} INFO - Task exited with return code 0
[2022-08-24 11:43:28,016] {local_task_job.py:273} INFO - 1 downstream tasks scheduled from follow-on schedule check
