[2022-08-23 12:08:21,090] {taskinstance.py:1179} INFO - Dependencies all met for <TaskInstance: raizen_lab_01.sleep scheduled__2021-11-01T18:00:00+00:00 [queued]>
[2022-08-23 12:08:21,100] {taskinstance.py:1179} INFO - Dependencies all met for <TaskInstance: raizen_lab_01.sleep scheduled__2021-11-01T18:00:00+00:00 [queued]>
[2022-08-23 12:08:21,100] {taskinstance.py:1376} INFO - 
--------------------------------------------------------------------------------
[2022-08-23 12:08:21,101] {taskinstance.py:1377} INFO - Starting attempt 1 of 2
[2022-08-23 12:08:21,102] {taskinstance.py:1378} INFO - 
--------------------------------------------------------------------------------
[2022-08-23 12:08:21,113] {taskinstance.py:1397} INFO - Executing <Task(BashOperator): sleep> on 2021-11-01 18:00:00+00:00
[2022-08-23 12:08:21,118] {standard_task_runner.py:52} INFO - Started process 1841 to run task
[2022-08-23 12:08:21,120] {standard_task_runner.py:79} INFO - Running: ['***', 'tasks', 'run', 'raizen_lab_01', 'sleep', 'scheduled__2021-11-01T18:00:00+00:00', '--job-id', '3238', '--raw', '--subdir', 'DAGS_FOLDER/raizen_lab_01.py', '--cfg-path', '/tmp/tmpabs4kcyc', '--error-file', '/tmp/tmpg902__po']
[2022-08-23 12:08:21,121] {standard_task_runner.py:80} INFO - Job 3238: Subtask sleep
[2022-08-23 12:08:21,174] {task_command.py:371} INFO - Running <TaskInstance: raizen_lab_01.sleep scheduled__2021-11-01T18:00:00+00:00 [running]> on host 67b6bdae536e
[2022-08-23 12:08:21,233] {taskinstance.py:1591} INFO - Exporting the following env vars:
AIRFLOW_CTX_DAG_OWNER=admin
AIRFLOW_CTX_DAG_ID=raizen_lab_01
AIRFLOW_CTX_TASK_ID=sleep
AIRFLOW_CTX_EXECUTION_DATE=2021-11-01T18:00:00+00:00
AIRFLOW_CTX_TRY_NUMBER=1
AIRFLOW_CTX_DAG_RUN_ID=scheduled__2021-11-01T18:00:00+00:00
[2022-08-23 12:08:21,235] {subprocess.py:62} INFO - Tmp dir root location: 
 /tmp
[2022-08-23 12:08:21,235] {subprocess.py:74} INFO - Running command: ['bash', '-c', 'sleep 5']
[2022-08-23 12:08:21,244] {subprocess.py:85} INFO - Output:
[2022-08-23 12:08:26,247] {subprocess.py:96} INFO - Command exited with return code 0
[2022-08-23 12:08:26,277] {taskinstance.py:1420} INFO - Marking task as SUCCESS. dag_id=raizen_lab_01, task_id=sleep, execution_date=20211101T180000, start_date=20220823T120821, end_date=20220823T120826
[2022-08-23 12:08:26,309] {local_task_job.py:156} INFO - Task exited with return code 0
[2022-08-23 12:08:26,337] {local_task_job.py:273} INFO - 1 downstream tasks scheduled from follow-on schedule check
