[2022-08-23 23:44:03,780] {taskinstance.py:1179} INFO - Dependencies all met for <TaskInstance: raizen_lab_01.carga_arquivo manual__2022-08-23T23:42:51.013101+00:00 [queued]>
[2022-08-23 23:44:03,793] {taskinstance.py:1179} INFO - Dependencies all met for <TaskInstance: raizen_lab_01.carga_arquivo manual__2022-08-23T23:42:51.013101+00:00 [queued]>
[2022-08-23 23:44:03,793] {taskinstance.py:1376} INFO - 
--------------------------------------------------------------------------------
[2022-08-23 23:44:03,794] {taskinstance.py:1377} INFO - Starting attempt 2 of 2
[2022-08-23 23:44:03,794] {taskinstance.py:1378} INFO - 
--------------------------------------------------------------------------------
[2022-08-23 23:44:03,814] {taskinstance.py:1397} INFO - Executing <Task(PythonOperator): carga_arquivo> on 2022-08-23 23:42:51.013101+00:00
[2022-08-23 23:44:03,821] {standard_task_runner.py:52} INFO - Started process 74 to run task
[2022-08-23 23:44:03,825] {standard_task_runner.py:79} INFO - Running: ['***', 'tasks', 'run', 'raizen_lab_01', 'carga_arquivo', 'manual__2022-08-23T23:42:51.013101+00:00', '--job-id', '9541', '--raw', '--subdir', 'DAGS_FOLDER/raizen_lab_01.py', '--cfg-path', '/tmp/tmpmqqsd_13', '--error-file', '/tmp/tmphdzhvrxl']
[2022-08-23 23:44:03,827] {standard_task_runner.py:80} INFO - Job 9541: Subtask carga_arquivo
[2022-08-23 23:44:03,895] {task_command.py:371} INFO - Running <TaskInstance: raizen_lab_01.carga_arquivo manual__2022-08-23T23:42:51.013101+00:00 [running]> on host 25dd15f8d678
[2022-08-23 23:44:03,969] {taskinstance.py:1591} INFO - Exporting the following env vars:
AIRFLOW_CTX_DAG_OWNER=admin
AIRFLOW_CTX_DAG_ID=raizen_lab_01
AIRFLOW_CTX_TASK_ID=carga_arquivo
AIRFLOW_CTX_EXECUTION_DATE=2022-08-23T23:42:51.013101+00:00
AIRFLOW_CTX_TRY_NUMBER=2
AIRFLOW_CTX_DAG_RUN_ID=manual__2022-08-23T23:42:51.013101+00:00
[2022-08-23 23:44:04,814] {logging_mixin.py:115} INFO - 0       2000
1       2000
2       2000
3       2000
4       2000
        ... 
4531    2020
4532    2020
4533    2020
4534    2020
4535    2020
Name: ANO, Length: 4536, dtype: int64
[2022-08-23 23:44:04,815] {python.py:173} INFO - Done. Returned value was: None
[2022-08-23 23:44:04,831] {taskinstance.py:1420} INFO - Marking task as SUCCESS. dag_id=raizen_lab_01, task_id=carga_arquivo, execution_date=20220823T234251, start_date=20220823T234403, end_date=20220823T234404
[2022-08-23 23:44:04,882] {local_task_job.py:156} INFO - Task exited with return code 0
[2022-08-23 23:44:04,925] {local_task_job.py:273} INFO - 1 downstream tasks scheduled from follow-on schedule check
