[2022-08-23 12:26:09,300] {taskinstance.py:1179} INFO - Dependencies all met for <TaskInstance: raizen_lab_01.sleep scheduled__2021-11-23T12:00:00+00:00 [queued]>
[2022-08-23 12:26:09,312] {taskinstance.py:1179} INFO - Dependencies all met for <TaskInstance: raizen_lab_01.sleep scheduled__2021-11-23T12:00:00+00:00 [queued]>
[2022-08-23 12:26:09,312] {taskinstance.py:1376} INFO - 
--------------------------------------------------------------------------------
[2022-08-23 12:26:09,313] {taskinstance.py:1377} INFO - Starting attempt 1 of 2
[2022-08-23 12:26:09,313] {taskinstance.py:1378} INFO - 
--------------------------------------------------------------------------------
[2022-08-23 12:26:09,330] {taskinstance.py:1397} INFO - Executing <Task(BashOperator): sleep> on 2021-11-23 12:00:00+00:00
[2022-08-23 12:26:09,339] {standard_task_runner.py:52} INFO - Started process 5011 to run task
[2022-08-23 12:26:09,342] {standard_task_runner.py:79} INFO - Running: ['***', 'tasks', 'run', 'raizen_lab_01', 'sleep', 'scheduled__2021-11-23T12:00:00+00:00', '--job-id', '4818', '--raw', '--subdir', 'DAGS_FOLDER/raizen_lab_01.py', '--cfg-path', '/tmp/tmpwww9yv7z', '--error-file', '/tmp/tmpr66scr__']
[2022-08-23 12:26:09,344] {standard_task_runner.py:80} INFO - Job 4818: Subtask sleep
[2022-08-23 12:26:09,434] {task_command.py:371} INFO - Running <TaskInstance: raizen_lab_01.sleep scheduled__2021-11-23T12:00:00+00:00 [running]> on host 6383a3236c72
[2022-08-23 12:26:09,528] {taskinstance.py:1591} INFO - Exporting the following env vars:
AIRFLOW_CTX_DAG_OWNER=admin
AIRFLOW_CTX_DAG_ID=raizen_lab_01
AIRFLOW_CTX_TASK_ID=sleep
AIRFLOW_CTX_EXECUTION_DATE=2021-11-23T12:00:00+00:00
AIRFLOW_CTX_TRY_NUMBER=1
AIRFLOW_CTX_DAG_RUN_ID=scheduled__2021-11-23T12:00:00+00:00
[2022-08-23 12:26:09,530] {subprocess.py:62} INFO - Tmp dir root location: 
 /tmp
[2022-08-23 12:26:09,531] {subprocess.py:74} INFO - Running command: ['bash', '-c', 'sleep 5']
[2022-08-23 12:26:09,542] {subprocess.py:85} INFO - Output:
[2022-08-23 12:26:14,545] {subprocess.py:96} INFO - Command exited with return code 0
[2022-08-23 12:26:14,658] {taskinstance.py:1420} INFO - Marking task as SUCCESS. dag_id=raizen_lab_01, task_id=sleep, execution_date=20211123T120000, start_date=20220823T122609, end_date=20220823T122614
[2022-08-23 12:26:14,693] {local_task_job.py:156} INFO - Task exited with return code 0
[2022-08-23 12:26:14,738] {local_task_job.py:273} INFO - 1 downstream tasks scheduled from follow-on schedule check
