[2022-08-23 12:29:14,574] {taskinstance.py:1179} INFO - Dependencies all met for <TaskInstance: raizen_lab_01.print_hello scheduled__2021-12-01T18:00:00+00:00 [queued]>
[2022-08-23 12:29:14,583] {taskinstance.py:1179} INFO - Dependencies all met for <TaskInstance: raizen_lab_01.print_hello scheduled__2021-12-01T18:00:00+00:00 [queued]>
[2022-08-23 12:29:14,583] {taskinstance.py:1376} INFO - 
--------------------------------------------------------------------------------
[2022-08-23 12:29:14,584] {taskinstance.py:1377} INFO - Starting attempt 1 of 2
[2022-08-23 12:29:14,584] {taskinstance.py:1378} INFO - 
--------------------------------------------------------------------------------
[2022-08-23 12:29:14,598] {taskinstance.py:1397} INFO - Executing <Task(BashOperator): print_hello> on 2021-12-01 18:00:00+00:00
[2022-08-23 12:29:14,605] {standard_task_runner.py:52} INFO - Started process 7281 to run task
[2022-08-23 12:29:14,608] {standard_task_runner.py:79} INFO - Running: ['***', 'tasks', 'run', 'raizen_lab_01', 'print_hello', 'scheduled__2021-12-01T18:00:00+00:00', '--job-id', '5397', '--raw', '--subdir', 'DAGS_FOLDER/raizen_lab_01.py', '--cfg-path', '/tmp/tmpt4x0o1ee', '--error-file', '/tmp/tmpfmrn53e8']
[2022-08-23 12:29:14,610] {standard_task_runner.py:80} INFO - Job 5397: Subtask print_hello
[2022-08-23 12:29:14,673] {task_command.py:371} INFO - Running <TaskInstance: raizen_lab_01.print_hello scheduled__2021-12-01T18:00:00+00:00 [running]> on host 6383a3236c72
[2022-08-23 12:29:14,746] {taskinstance.py:1591} INFO - Exporting the following env vars:
AIRFLOW_CTX_DAG_OWNER=admin
AIRFLOW_CTX_DAG_ID=raizen_lab_01
AIRFLOW_CTX_TASK_ID=print_hello
AIRFLOW_CTX_EXECUTION_DATE=2021-12-01T18:00:00+00:00
AIRFLOW_CTX_TRY_NUMBER=1
AIRFLOW_CTX_DAG_RUN_ID=scheduled__2021-12-01T18:00:00+00:00
[2022-08-23 12:29:14,748] {subprocess.py:62} INFO - Tmp dir root location: 
 /tmp
[2022-08-23 12:29:14,749] {subprocess.py:74} INFO - Running command: ['bash', '-c', 'echo "hello"']
[2022-08-23 12:29:14,763] {subprocess.py:85} INFO - Output:
[2022-08-23 12:29:14,765] {subprocess.py:92} INFO - hello
[2022-08-23 12:29:14,765] {subprocess.py:96} INFO - Command exited with return code 0
[2022-08-23 12:29:14,796] {taskinstance.py:1420} INFO - Marking task as SUCCESS. dag_id=raizen_lab_01, task_id=print_hello, execution_date=20211201T180000, start_date=20220823T122914, end_date=20220823T122914
[2022-08-23 12:29:14,820] {local_task_job.py:156} INFO - Task exited with return code 0
[2022-08-23 12:29:14,861] {local_task_job.py:273} INFO - 1 downstream tasks scheduled from follow-on schedule check
