[2022-08-23 19:46:59,102] {taskinstance.py:1179} INFO - Dependencies all met for <TaskInstance: raizen_lab_01.step_01 scheduled__2022-01-26T17:00:00+00:00 [queued]>
[2022-08-23 19:46:59,125] {taskinstance.py:1179} INFO - Dependencies all met for <TaskInstance: raizen_lab_01.step_01 scheduled__2022-01-26T17:00:00+00:00 [queued]>
[2022-08-23 19:46:59,127] {taskinstance.py:1376} INFO - 
--------------------------------------------------------------------------------
[2022-08-23 19:46:59,127] {taskinstance.py:1377} INFO - Starting attempt 1 of 2
[2022-08-23 19:46:59,128] {taskinstance.py:1378} INFO - 
--------------------------------------------------------------------------------
[2022-08-23 19:46:59,162] {taskinstance.py:1397} INFO - Executing <Task(BashOperator): step_01> on 2022-01-26 17:00:00+00:00
[2022-08-23 19:46:59,174] {standard_task_runner.py:52} INFO - Started process 232 to run task
[2022-08-23 19:46:59,183] {standard_task_runner.py:79} INFO - Running: ['***', 'tasks', 'run', 'raizen_lab_01', 'step_01', 'scheduled__2022-01-26T17:00:00+00:00', '--job-id', '9279', '--raw', '--subdir', 'DAGS_FOLDER/raizen_lab_01.py', '--cfg-path', '/tmp/tmpy3dkehen', '--error-file', '/tmp/tmp6u04uskf']
[2022-08-23 19:46:59,187] {standard_task_runner.py:80} INFO - Job 9279: Subtask step_01
[2022-08-23 19:46:59,503] {task_command.py:371} INFO - Running <TaskInstance: raizen_lab_01.step_01 scheduled__2022-01-26T17:00:00+00:00 [running]> on host 80fce776ee1f
[2022-08-23 19:46:59,711] {taskinstance.py:1591} INFO - Exporting the following env vars:
AIRFLOW_CTX_DAG_OWNER=admin
AIRFLOW_CTX_DAG_ID=raizen_lab_01
AIRFLOW_CTX_TASK_ID=step_01
AIRFLOW_CTX_EXECUTION_DATE=2022-01-26T17:00:00+00:00
AIRFLOW_CTX_TRY_NUMBER=1
AIRFLOW_CTX_DAG_RUN_ID=scheduled__2022-01-26T17:00:00+00:00
[2022-08-23 19:46:59,717] {subprocess.py:62} INFO - Tmp dir root location: 
 /tmp
[2022-08-23 19:46:59,723] {subprocess.py:74} INFO - Running command: ['bash', '-c', 'echo "hello"']
[2022-08-23 19:46:59,758] {subprocess.py:85} INFO - Output:
[2022-08-23 19:46:59,763] {subprocess.py:92} INFO - hello
[2022-08-23 19:46:59,765] {subprocess.py:96} INFO - Command exited with return code 0
[2022-08-23 19:46:59,933] {taskinstance.py:1420} INFO - Marking task as SUCCESS. dag_id=raizen_lab_01, task_id=step_01, execution_date=20220126T170000, start_date=20220823T194659, end_date=20220823T194659
[2022-08-23 19:47:00,006] {local_task_job.py:156} INFO - Task exited with return code 0
[2022-08-23 19:47:00,098] {local_task_job.py:273} INFO - 0 downstream tasks scheduled from follow-on schedule check
