[2022-08-23 20:03:46,804] {taskinstance.py:1179} INFO - Dependencies all met for <TaskInstance: raizen_lab_01.step_01 scheduled__2022-01-27T22:00:00+00:00 [queued]>
[2022-08-23 20:03:46,833] {taskinstance.py:1179} INFO - Dependencies all met for <TaskInstance: raizen_lab_01.step_01 scheduled__2022-01-27T22:00:00+00:00 [queued]>
[2022-08-23 20:03:46,834] {taskinstance.py:1376} INFO - 
--------------------------------------------------------------------------------
[2022-08-23 20:03:46,834] {taskinstance.py:1377} INFO - Starting attempt 1 of 2
[2022-08-23 20:03:46,835] {taskinstance.py:1378} INFO - 
--------------------------------------------------------------------------------
[2022-08-23 20:03:46,872] {taskinstance.py:1397} INFO - Executing <Task(BashOperator): step_01> on 2022-01-27 22:00:00+00:00
[2022-08-23 20:03:46,884] {standard_task_runner.py:52} INFO - Started process 257 to run task
[2022-08-23 20:03:46,889] {standard_task_runner.py:79} INFO - Running: ['***', 'tasks', 'run', 'raizen_lab_01', 'step_01', 'scheduled__2022-01-27T22:00:00+00:00', '--job-id', '9369', '--raw', '--subdir', 'DAGS_FOLDER/raizen_lab_01.py', '--cfg-path', '/tmp/tmp9lu99yzo', '--error-file', '/tmp/tmpiybe12pd']
[2022-08-23 20:03:46,892] {standard_task_runner.py:80} INFO - Job 9369: Subtask step_01
[2022-08-23 20:03:47,105] {task_command.py:371} INFO - Running <TaskInstance: raizen_lab_01.step_01 scheduled__2022-01-27T22:00:00+00:00 [running]> on host 80fce776ee1f
[2022-08-23 20:03:47,390] {taskinstance.py:1591} INFO - Exporting the following env vars:
AIRFLOW_CTX_DAG_OWNER=admin
AIRFLOW_CTX_DAG_ID=raizen_lab_01
AIRFLOW_CTX_TASK_ID=step_01
AIRFLOW_CTX_EXECUTION_DATE=2022-01-27T22:00:00+00:00
AIRFLOW_CTX_TRY_NUMBER=1
AIRFLOW_CTX_DAG_RUN_ID=scheduled__2022-01-27T22:00:00+00:00
[2022-08-23 20:03:47,397] {subprocess.py:62} INFO - Tmp dir root location: 
 /tmp
[2022-08-23 20:03:47,401] {subprocess.py:74} INFO - Running command: ['bash', '-c', 'echo "hello"']
[2022-08-23 20:03:47,458] {subprocess.py:85} INFO - Output:
[2022-08-23 20:03:47,469] {subprocess.py:92} INFO - hello
[2022-08-23 20:03:47,482] {subprocess.py:96} INFO - Command exited with return code 0
[2022-08-23 20:03:47,904] {taskinstance.py:1420} INFO - Marking task as SUCCESS. dag_id=raizen_lab_01, task_id=step_01, execution_date=20220127T220000, start_date=20220823T200346, end_date=20220823T200347
[2022-08-23 20:03:47,963] {local_task_job.py:156} INFO - Task exited with return code 0
[2022-08-23 20:03:48,068] {local_task_job.py:273} INFO - 0 downstream tasks scheduled from follow-on schedule check
