[2022-08-23 11:59:25,793] {taskinstance.py:1179} INFO - Dependencies all met for <TaskInstance: raizen_lab_01.print_world scheduled__2021-10-23T00:00:00+00:00 [queued]>
[2022-08-23 11:59:25,810] {taskinstance.py:1179} INFO - Dependencies all met for <TaskInstance: raizen_lab_01.print_world scheduled__2021-10-23T00:00:00+00:00 [queued]>
[2022-08-23 11:59:25,810] {taskinstance.py:1376} INFO - 
--------------------------------------------------------------------------------
[2022-08-23 11:59:25,811] {taskinstance.py:1377} INFO - Starting attempt 1 of 2
[2022-08-23 11:59:25,812] {taskinstance.py:1378} INFO - 
--------------------------------------------------------------------------------
[2022-08-23 11:59:25,840] {taskinstance.py:1397} INFO - Executing <Task(PythonOperator): print_world> on 2021-10-23 00:00:00+00:00
[2022-08-23 11:59:25,848] {standard_task_runner.py:52} INFO - Started process 605 to run task
[2022-08-23 11:59:25,854] {standard_task_runner.py:79} INFO - Running: ['***', 'tasks', 'run', 'raizen_lab_01', 'print_world', 'scheduled__2021-10-23T00:00:00+00:00', '--job-id', '2570', '--raw', '--subdir', 'DAGS_FOLDER/raizen_lab_01.py', '--cfg-path', '/tmp/tmpytlqmf8g', '--error-file', '/tmp/tmpb1i3xsn3']
[2022-08-23 11:59:25,855] {standard_task_runner.py:80} INFO - Job 2570: Subtask print_world
[2022-08-23 11:59:25,972] {task_command.py:371} INFO - Running <TaskInstance: raizen_lab_01.print_world scheduled__2021-10-23T00:00:00+00:00 [running]> on host 9f4b06248101
[2022-08-23 11:59:26,163] {taskinstance.py:1591} INFO - Exporting the following env vars:
AIRFLOW_CTX_DAG_OWNER=admin
AIRFLOW_CTX_DAG_ID=raizen_lab_01
AIRFLOW_CTX_TASK_ID=print_world
AIRFLOW_CTX_EXECUTION_DATE=2021-10-23T00:00:00+00:00
AIRFLOW_CTX_TRY_NUMBER=1
AIRFLOW_CTX_DAG_RUN_ID=scheduled__2021-10-23T00:00:00+00:00
[2022-08-23 11:59:26,166] {logging_mixin.py:115} INFO - world
[2022-08-23 11:59:26,166] {python.py:173} INFO - Done. Returned value was: None
[2022-08-23 11:59:26,194] {taskinstance.py:1420} INFO - Marking task as SUCCESS. dag_id=raizen_lab_01, task_id=print_world, execution_date=20211023T000000, start_date=20220823T115925, end_date=20220823T115926
[2022-08-23 11:59:26,266] {local_task_job.py:156} INFO - Task exited with return code 0
[2022-08-23 11:59:26,322] {local_task_job.py:273} INFO - 0 downstream tasks scheduled from follow-on schedule check
