[2022-08-23 11:32:56,633] {taskinstance.py:1179} INFO - Dependencies all met for <TaskInstance: raizen_lab_01.sleep scheduled__2021-09-30T23:00:00+00:00 [queued]>
[2022-08-23 11:32:56,657] {taskinstance.py:1179} INFO - Dependencies all met for <TaskInstance: raizen_lab_01.sleep scheduled__2021-09-30T23:00:00+00:00 [queued]>
[2022-08-23 11:32:56,658] {taskinstance.py:1376} INFO - 
--------------------------------------------------------------------------------
[2022-08-23 11:32:56,659] {taskinstance.py:1377} INFO - Starting attempt 1 of 2
[2022-08-23 11:32:56,660] {taskinstance.py:1378} INFO - 
--------------------------------------------------------------------------------
[2022-08-23 11:32:56,693] {taskinstance.py:1397} INFO - Executing <Task(BashOperator): sleep> on 2021-09-30 23:00:00+00:00
[2022-08-23 11:32:56,767] {standard_task_runner.py:52} INFO - Started process 2657 to run task
[2022-08-23 11:32:56,773] {standard_task_runner.py:79} INFO - Running: ['***', 'tasks', 'run', 'raizen_lab_01', 'sleep', 'scheduled__2021-09-30T23:00:00+00:00', '--job-id', '943', '--raw', '--subdir', 'DAGS_FOLDER/raizen_lab_01.py', '--cfg-path', '/tmp/tmpxq64296a', '--error-file', '/tmp/tmpgzi4yqov']
[2022-08-23 11:32:56,774] {standard_task_runner.py:80} INFO - Job 943: Subtask sleep
[2022-08-23 11:32:56,893] {task_command.py:371} INFO - Running <TaskInstance: raizen_lab_01.sleep scheduled__2021-09-30T23:00:00+00:00 [running]> on host 7f48b7aaf0fc
[2022-08-23 11:32:57,033] {taskinstance.py:1591} INFO - Exporting the following env vars:
AIRFLOW_CTX_DAG_OWNER=admin
AIRFLOW_CTX_DAG_ID=raizen_lab_01
AIRFLOW_CTX_TASK_ID=sleep
AIRFLOW_CTX_EXECUTION_DATE=2021-09-30T23:00:00+00:00
AIRFLOW_CTX_TRY_NUMBER=1
AIRFLOW_CTX_DAG_RUN_ID=scheduled__2021-09-30T23:00:00+00:00
[2022-08-23 11:32:57,036] {subprocess.py:62} INFO - Tmp dir root location: 
 /tmp
[2022-08-23 11:32:57,038] {subprocess.py:74} INFO - Running command: ['bash', '-c', 'sleep 5']
[2022-08-23 11:32:57,066] {subprocess.py:85} INFO - Output:
[2022-08-23 11:33:02,072] {subprocess.py:96} INFO - Command exited with return code 0
[2022-08-23 11:33:02,142] {taskinstance.py:1420} INFO - Marking task as SUCCESS. dag_id=raizen_lab_01, task_id=sleep, execution_date=20210930T230000, start_date=20220823T113256, end_date=20220823T113302
[2022-08-23 11:33:02,188] {local_task_job.py:156} INFO - Task exited with return code 0
[2022-08-23 11:33:02,238] {local_task_job.py:273} INFO - 1 downstream tasks scheduled from follow-on schedule check
