[2022-08-23 13:16:11,515] {taskinstance.py:1179} INFO - Dependencies all met for <TaskInstance: raizen_lab_01.step_01 scheduled__2022-01-02T15:00:00+00:00 [queued]>
[2022-08-23 13:16:11,529] {taskinstance.py:1179} INFO - Dependencies all met for <TaskInstance: raizen_lab_01.step_01 scheduled__2022-01-02T15:00:00+00:00 [queued]>
[2022-08-23 13:16:11,529] {taskinstance.py:1376} INFO - 
--------------------------------------------------------------------------------
[2022-08-23 13:16:11,529] {taskinstance.py:1377} INFO - Starting attempt 1 of 2
[2022-08-23 13:16:11,530] {taskinstance.py:1378} INFO - 
--------------------------------------------------------------------------------
[2022-08-23 13:16:11,551] {taskinstance.py:1397} INFO - Executing <Task(BashOperator): step_01> on 2022-01-02 15:00:00+00:00
[2022-08-23 13:16:11,558] {standard_task_runner.py:52} INFO - Started process 1539 to run task
[2022-08-23 13:16:11,561] {standard_task_runner.py:79} INFO - Running: ['***', 'tasks', 'run', 'raizen_lab_01', 'step_01', 'scheduled__2022-01-02T15:00:00+00:00', '--job-id', '7714', '--raw', '--subdir', 'DAGS_FOLDER/raizen_lab_01.py', '--cfg-path', '/tmp/tmphbf4u1zj', '--error-file', '/tmp/tmpio1me0d1']
[2022-08-23 13:16:11,563] {standard_task_runner.py:80} INFO - Job 7714: Subtask step_01
[2022-08-23 13:16:11,685] {task_command.py:371} INFO - Running <TaskInstance: raizen_lab_01.step_01 scheduled__2022-01-02T15:00:00+00:00 [running]> on host 94e929fe2c87
[2022-08-23 13:16:11,806] {taskinstance.py:1591} INFO - Exporting the following env vars:
AIRFLOW_CTX_DAG_OWNER=admin
AIRFLOW_CTX_DAG_ID=raizen_lab_01
AIRFLOW_CTX_TASK_ID=step_01
AIRFLOW_CTX_EXECUTION_DATE=2022-01-02T15:00:00+00:00
AIRFLOW_CTX_TRY_NUMBER=1
AIRFLOW_CTX_DAG_RUN_ID=scheduled__2022-01-02T15:00:00+00:00
[2022-08-23 13:16:11,808] {subprocess.py:62} INFO - Tmp dir root location: 
 /tmp
[2022-08-23 13:16:11,809] {subprocess.py:74} INFO - Running command: ['bash', '-c', 'echo "hello"']
[2022-08-23 13:16:11,827] {subprocess.py:85} INFO - Output:
[2022-08-23 13:16:11,829] {subprocess.py:92} INFO - hello
[2022-08-23 13:16:11,830] {subprocess.py:96} INFO - Command exited with return code 0
[2022-08-23 13:16:11,865] {taskinstance.py:1420} INFO - Marking task as SUCCESS. dag_id=raizen_lab_01, task_id=step_01, execution_date=20220102T150000, start_date=20220823T131611, end_date=20220823T131611
[2022-08-23 13:16:11,894] {local_task_job.py:156} INFO - Task exited with return code 0
[2022-08-23 13:16:11,947] {local_task_job.py:273} INFO - 1 downstream tasks scheduled from follow-on schedule check
