[2022-08-23 22:43:07,839] {taskinstance.py:1179} INFO - Dependencies all met for <TaskInstance: raizen_lab_01.03_cria_tabela manual__2022-08-23T22:30:03.324257+00:00 [queued]>
[2022-08-23 22:43:07,848] {taskinstance.py:1179} INFO - Dependencies all met for <TaskInstance: raizen_lab_01.03_cria_tabela manual__2022-08-23T22:30:03.324257+00:00 [queued]>
[2022-08-23 22:43:07,849] {taskinstance.py:1376} INFO - 
--------------------------------------------------------------------------------
[2022-08-23 22:43:07,849] {taskinstance.py:1377} INFO - Starting attempt 1 of 2
[2022-08-23 22:43:07,850] {taskinstance.py:1378} INFO - 
--------------------------------------------------------------------------------
[2022-08-23 22:43:07,866] {taskinstance.py:1397} INFO - Executing <Task(PythonOperator): 03_cria_tabela> on 2022-08-23 22:30:03.324257+00:00
[2022-08-23 22:43:07,874] {standard_task_runner.py:52} INFO - Started process 70 to run task
[2022-08-23 22:43:07,878] {standard_task_runner.py:79} INFO - Running: ['***', 'tasks', 'run', 'raizen_lab_01', '03_cria_tabela', 'manual__2022-08-23T22:30:03.324257+00:00', '--job-id', '9439', '--raw', '--subdir', 'DAGS_FOLDER/raizen_lab_01.py', '--cfg-path', '/tmp/tmpvgyvh7z5', '--error-file', '/tmp/tmpd5ksnhob']
[2022-08-23 22:43:07,881] {standard_task_runner.py:80} INFO - Job 9439: Subtask 03_cria_tabela
[2022-08-23 22:43:08,046] {task_command.py:371} INFO - Running <TaskInstance: raizen_lab_01.03_cria_tabela manual__2022-08-23T22:30:03.324257+00:00 [running]> on host 80fce776ee1f
[2022-08-23 22:43:08,137] {taskinstance.py:1591} INFO - Exporting the following env vars:
AIRFLOW_CTX_DAG_OWNER=admin
AIRFLOW_CTX_DAG_ID=raizen_lab_01
AIRFLOW_CTX_TASK_ID=03_cria_tabela
AIRFLOW_CTX_EXECUTION_DATE=2022-08-23T22:30:03.324257+00:00
AIRFLOW_CTX_TRY_NUMBER=1
AIRFLOW_CTX_DAG_RUN_ID=manual__2022-08-23T22:30:03.324257+00:00
[2022-08-23 22:43:08,159] {taskinstance.py:1909} ERROR - Task failed with exception
Traceback (most recent call last):
  File "/home/airflow/.local/lib/python3.7/site-packages/airflow/operators/python.py", line 171, in execute
    return_value = self.execute_callable()
  File "/home/airflow/.local/lib/python3.7/site-packages/airflow/operators/python.py", line 189, in execute_callable
    return self.python_callable(*self.op_args, **self.op_kwargs)
  File "/opt/airflow/dags/raizen_lab_01.py", line 35, in cria_tabela
    con.select_db('select * from db.tabela_de_deus')
MySQLdb.OperationalError: (1049, "Unknown database 'select * from db.tabela_de_deus'")
[2022-08-23 22:43:08,174] {taskinstance.py:1420} INFO - Marking task as UP_FOR_RETRY. dag_id=raizen_lab_01, task_id=03_cria_tabela, execution_date=20220823T223003, start_date=20220823T224307, end_date=20220823T224308
[2022-08-23 22:43:08,194] {standard_task_runner.py:97} ERROR - Failed to execute job 9439 for task 03_cria_tabela ((1049, "Unknown database 'select * from db.tabela_de_deus'"); 70)
[2022-08-23 22:43:08,209] {local_task_job.py:156} INFO - Task exited with return code 1
[2022-08-23 22:43:08,280] {local_task_job.py:273} INFO - 0 downstream tasks scheduled from follow-on schedule check
