[2022-08-23 11:38:06,487] {taskinstance.py:1179} INFO - Dependencies all met for <TaskInstance: raizen_lab_01.print_hello scheduled__2021-10-11T09:00:00+00:00 [queued]>
[2022-08-23 11:38:06,508] {taskinstance.py:1179} INFO - Dependencies all met for <TaskInstance: raizen_lab_01.print_hello scheduled__2021-10-11T09:00:00+00:00 [queued]>
[2022-08-23 11:38:06,509] {taskinstance.py:1376} INFO - 
--------------------------------------------------------------------------------
[2022-08-23 11:38:06,510] {taskinstance.py:1377} INFO - Starting attempt 1 of 2
[2022-08-23 11:38:06,510] {taskinstance.py:1378} INFO - 
--------------------------------------------------------------------------------
[2022-08-23 11:38:06,537] {taskinstance.py:1397} INFO - Executing <Task(BashOperator): print_hello> on 2021-10-11 09:00:00+00:00
[2022-08-23 11:38:06,546] {standard_task_runner.py:52} INFO - Started process 722 to run task
[2022-08-23 11:38:06,553] {standard_task_runner.py:79} INFO - Running: ['***', 'tasks', 'run', 'raizen_lab_01', 'print_hello', 'scheduled__2021-10-11T09:00:00+00:00', '--job-id', '1701', '--raw', '--subdir', 'DAGS_FOLDER/raizen_lab_01.py', '--cfg-path', '/tmp/tmp0v3jhbq_', '--error-file', '/tmp/tmpnkyrofdf']
[2022-08-23 11:38:06,554] {standard_task_runner.py:80} INFO - Job 1701: Subtask print_hello
[2022-08-23 11:38:06,665] {task_command.py:371} INFO - Running <TaskInstance: raizen_lab_01.print_hello scheduled__2021-10-11T09:00:00+00:00 [running]> on host 7f48b7aaf0fc
[2022-08-23 11:38:06,792] {taskinstance.py:1591} INFO - Exporting the following env vars:
AIRFLOW_CTX_DAG_OWNER=admin
AIRFLOW_CTX_DAG_ID=raizen_lab_01
AIRFLOW_CTX_TASK_ID=print_hello
AIRFLOW_CTX_EXECUTION_DATE=2021-10-11T09:00:00+00:00
AIRFLOW_CTX_TRY_NUMBER=1
AIRFLOW_CTX_DAG_RUN_ID=scheduled__2021-10-11T09:00:00+00:00
[2022-08-23 11:38:06,795] {subprocess.py:62} INFO - Tmp dir root location: 
 /tmp
[2022-08-23 11:38:06,796] {subprocess.py:74} INFO - Running command: ['bash', '-c', 'echo "hello"']
[2022-08-23 11:38:06,818] {subprocess.py:85} INFO - Output:
[2022-08-23 11:38:06,822] {subprocess.py:92} INFO - hello
[2022-08-23 11:38:06,823] {subprocess.py:96} INFO - Command exited with return code 0
[2022-08-23 11:38:06,938] {taskinstance.py:1420} INFO - Marking task as SUCCESS. dag_id=raizen_lab_01, task_id=print_hello, execution_date=20211011T090000, start_date=20220823T113806, end_date=20220823T113806
[2022-08-23 11:38:07,003] {local_task_job.py:156} INFO - Task exited with return code 0
[2022-08-23 11:38:07,077] {local_task_job.py:273} INFO - 1 downstream tasks scheduled from follow-on schedule check
