[2022-08-23 11:34:24,467] {taskinstance.py:1179} INFO - Dependencies all met for <TaskInstance: raizen_lab_01.sleep scheduled__2021-10-03T18:00:00+00:00 [queued]>
[2022-08-23 11:34:24,483] {taskinstance.py:1179} INFO - Dependencies all met for <TaskInstance: raizen_lab_01.sleep scheduled__2021-10-03T18:00:00+00:00 [queued]>
[2022-08-23 11:34:24,484] {taskinstance.py:1376} INFO - 
--------------------------------------------------------------------------------
[2022-08-23 11:34:24,484] {taskinstance.py:1377} INFO - Starting attempt 1 of 2
[2022-08-23 11:34:24,485] {taskinstance.py:1378} INFO - 
--------------------------------------------------------------------------------
[2022-08-23 11:34:24,511] {taskinstance.py:1397} INFO - Executing <Task(BashOperator): sleep> on 2021-10-03 18:00:00+00:00
[2022-08-23 11:34:24,520] {standard_task_runner.py:52} INFO - Started process 3277 to run task
[2022-08-23 11:34:24,525] {standard_task_runner.py:79} INFO - Running: ['***', 'tasks', 'run', 'raizen_lab_01', 'sleep', 'scheduled__2021-10-03T18:00:00+00:00', '--job-id', '1154', '--raw', '--subdir', 'DAGS_FOLDER/raizen_lab_01.py', '--cfg-path', '/tmp/tmp1wzbhprk', '--error-file', '/tmp/tmpb2ikmnrz']
[2022-08-23 11:34:24,526] {standard_task_runner.py:80} INFO - Job 1154: Subtask sleep
[2022-08-23 11:34:24,639] {task_command.py:371} INFO - Running <TaskInstance: raizen_lab_01.sleep scheduled__2021-10-03T18:00:00+00:00 [running]> on host 7f48b7aaf0fc
[2022-08-23 11:34:24,771] {taskinstance.py:1591} INFO - Exporting the following env vars:
AIRFLOW_CTX_DAG_OWNER=admin
AIRFLOW_CTX_DAG_ID=raizen_lab_01
AIRFLOW_CTX_TASK_ID=sleep
AIRFLOW_CTX_EXECUTION_DATE=2021-10-03T18:00:00+00:00
AIRFLOW_CTX_TRY_NUMBER=1
AIRFLOW_CTX_DAG_RUN_ID=scheduled__2021-10-03T18:00:00+00:00
[2022-08-23 11:34:24,773] {subprocess.py:62} INFO - Tmp dir root location: 
 /tmp
[2022-08-23 11:34:24,774] {subprocess.py:74} INFO - Running command: ['bash', '-c', 'sleep 5']
[2022-08-23 11:34:24,792] {subprocess.py:85} INFO - Output:
[2022-08-23 11:34:29,797] {subprocess.py:96} INFO - Command exited with return code 0
[2022-08-23 11:34:29,913] {taskinstance.py:1420} INFO - Marking task as SUCCESS. dag_id=raizen_lab_01, task_id=sleep, execution_date=20211003T180000, start_date=20220823T113424, end_date=20220823T113429
[2022-08-23 11:34:29,985] {local_task_job.py:156} INFO - Task exited with return code 0
[2022-08-23 11:34:30,051] {local_task_job.py:273} INFO - 1 downstream tasks scheduled from follow-on schedule check
