[2022-08-23 11:27:08,206] {taskinstance.py:1179} INFO - Dependencies all met for <TaskInstance: raizen_lab_01.sleep scheduled__2021-09-18T09:00:00+00:00 [queued]>
[2022-08-23 11:27:08,231] {taskinstance.py:1179} INFO - Dependencies all met for <TaskInstance: raizen_lab_01.sleep scheduled__2021-09-18T09:00:00+00:00 [queued]>
[2022-08-23 11:27:08,232] {taskinstance.py:1376} INFO - 
--------------------------------------------------------------------------------
[2022-08-23 11:27:08,233] {taskinstance.py:1377} INFO - Starting attempt 1 of 2
[2022-08-23 11:27:08,234] {taskinstance.py:1378} INFO - 
--------------------------------------------------------------------------------
[2022-08-23 11:27:08,267] {taskinstance.py:1397} INFO - Executing <Task(BashOperator): sleep> on 2021-09-18 09:00:00+00:00
[2022-08-23 11:27:08,280] {standard_task_runner.py:52} INFO - Started process 214 to run task
[2022-08-23 11:27:08,307] {standard_task_runner.py:79} INFO - Running: ['***', 'tasks', 'run', 'raizen_lab_01', 'sleep', 'scheduled__2021-09-18T09:00:00+00:00', '--job-id', '31', '--raw', '--subdir', 'DAGS_FOLDER/raizen_lab_01.py', '--cfg-path', '/tmp/tmpis4n6gg5', '--error-file', '/tmp/tmppfy5pvoo']
[2022-08-23 11:27:08,308] {standard_task_runner.py:80} INFO - Job 31: Subtask sleep
[2022-08-23 11:27:08,461] {task_command.py:371} INFO - Running <TaskInstance: raizen_lab_01.sleep scheduled__2021-09-18T09:00:00+00:00 [running]> on host 7f48b7aaf0fc
[2022-08-23 11:27:08,629] {taskinstance.py:1591} INFO - Exporting the following env vars:
AIRFLOW_CTX_DAG_OWNER=admin
AIRFLOW_CTX_DAG_ID=raizen_lab_01
AIRFLOW_CTX_TASK_ID=sleep
AIRFLOW_CTX_EXECUTION_DATE=2021-09-18T09:00:00+00:00
AIRFLOW_CTX_TRY_NUMBER=1
AIRFLOW_CTX_DAG_RUN_ID=scheduled__2021-09-18T09:00:00+00:00
[2022-08-23 11:27:08,632] {subprocess.py:62} INFO - Tmp dir root location: 
 /tmp
[2022-08-23 11:27:08,634] {subprocess.py:74} INFO - Running command: ['bash', '-c', 'sleep 5']
[2022-08-23 11:27:08,661] {subprocess.py:85} INFO - Output:
[2022-08-23 11:27:13,668] {subprocess.py:96} INFO - Command exited with return code 0
[2022-08-23 11:27:13,722] {taskinstance.py:1420} INFO - Marking task as SUCCESS. dag_id=raizen_lab_01, task_id=sleep, execution_date=20210918T090000, start_date=20220823T112708, end_date=20220823T112713
[2022-08-23 11:27:13,766] {local_task_job.py:156} INFO - Task exited with return code 0
[2022-08-23 11:27:13,814] {local_task_job.py:273} INFO - 1 downstream tasks scheduled from follow-on schedule check
