[2022-08-23 11:35:32,714] {taskinstance.py:1179} INFO - Dependencies all met for <TaskInstance: raizen_lab_01.print_hello scheduled__2021-10-06T17:00:00+00:00 [queued]>
[2022-08-23 11:35:32,734] {taskinstance.py:1179} INFO - Dependencies all met for <TaskInstance: raizen_lab_01.print_hello scheduled__2021-10-06T17:00:00+00:00 [queued]>
[2022-08-23 11:35:32,735] {taskinstance.py:1376} INFO - 
--------------------------------------------------------------------------------
[2022-08-23 11:35:32,736] {taskinstance.py:1377} INFO - Starting attempt 1 of 2
[2022-08-23 11:35:32,737] {taskinstance.py:1378} INFO - 
--------------------------------------------------------------------------------
[2022-08-23 11:35:32,770] {taskinstance.py:1397} INFO - Executing <Task(BashOperator): print_hello> on 2021-10-06 17:00:00+00:00
[2022-08-23 11:35:32,779] {standard_task_runner.py:52} INFO - Started process 3854 to run task
[2022-08-23 11:35:32,786] {standard_task_runner.py:79} INFO - Running: ['***', 'tasks', 'run', 'raizen_lab_01', 'print_hello', 'scheduled__2021-10-06T17:00:00+00:00', '--job-id', '1348', '--raw', '--subdir', 'DAGS_FOLDER/raizen_lab_01.py', '--cfg-path', '/tmp/tmph2n2sdfc', '--error-file', '/tmp/tmpa57_a0dj']
[2022-08-23 11:35:32,787] {standard_task_runner.py:80} INFO - Job 1348: Subtask print_hello
[2022-08-23 11:35:32,928] {task_command.py:371} INFO - Running <TaskInstance: raizen_lab_01.print_hello scheduled__2021-10-06T17:00:00+00:00 [running]> on host 7f48b7aaf0fc
[2022-08-23 11:35:33,098] {taskinstance.py:1591} INFO - Exporting the following env vars:
AIRFLOW_CTX_DAG_OWNER=admin
AIRFLOW_CTX_DAG_ID=raizen_lab_01
AIRFLOW_CTX_TASK_ID=print_hello
AIRFLOW_CTX_EXECUTION_DATE=2021-10-06T17:00:00+00:00
AIRFLOW_CTX_TRY_NUMBER=1
AIRFLOW_CTX_DAG_RUN_ID=scheduled__2021-10-06T17:00:00+00:00
[2022-08-23 11:35:33,100] {subprocess.py:62} INFO - Tmp dir root location: 
 /tmp
[2022-08-23 11:35:33,101] {subprocess.py:74} INFO - Running command: ['bash', '-c', 'echo "hello"']
[2022-08-23 11:35:33,127] {subprocess.py:85} INFO - Output:
[2022-08-23 11:35:33,130] {subprocess.py:92} INFO - hello
[2022-08-23 11:35:33,131] {subprocess.py:96} INFO - Command exited with return code 0
[2022-08-23 11:35:33,219] {taskinstance.py:1420} INFO - Marking task as SUCCESS. dag_id=raizen_lab_01, task_id=print_hello, execution_date=20211006T170000, start_date=20220823T113532, end_date=20220823T113533
[2022-08-23 11:35:33,279] {local_task_job.py:156} INFO - Task exited with return code 0
[2022-08-23 11:35:33,367] {local_task_job.py:273} INFO - 1 downstream tasks scheduled from follow-on schedule check
