[2022-08-23 12:24:52,175] {taskinstance.py:1179} INFO - Dependencies all met for <TaskInstance: raizen_lab_01.sleep scheduled__2021-11-20T10:00:00+00:00 [queued]>
[2022-08-23 12:24:52,190] {taskinstance.py:1179} INFO - Dependencies all met for <TaskInstance: raizen_lab_01.sleep scheduled__2021-11-20T10:00:00+00:00 [queued]>
[2022-08-23 12:24:52,191] {taskinstance.py:1376} INFO - 
--------------------------------------------------------------------------------
[2022-08-23 12:24:52,191] {taskinstance.py:1377} INFO - Starting attempt 1 of 2
[2022-08-23 12:24:52,194] {taskinstance.py:1378} INFO - 
--------------------------------------------------------------------------------
[2022-08-23 12:24:52,209] {taskinstance.py:1397} INFO - Executing <Task(BashOperator): sleep> on 2021-11-20 10:00:00+00:00
[2022-08-23 12:24:52,218] {standard_task_runner.py:52} INFO - Started process 4117 to run task
[2022-08-23 12:24:52,222] {standard_task_runner.py:79} INFO - Running: ['***', 'tasks', 'run', 'raizen_lab_01', 'sleep', 'scheduled__2021-11-20T10:00:00+00:00', '--job-id', '4590', '--raw', '--subdir', 'DAGS_FOLDER/raizen_lab_01.py', '--cfg-path', '/tmp/tmpanpnv0d2', '--error-file', '/tmp/tmpv6sf5ako']
[2022-08-23 12:24:52,224] {standard_task_runner.py:80} INFO - Job 4590: Subtask sleep
[2022-08-23 12:24:52,295] {task_command.py:371} INFO - Running <TaskInstance: raizen_lab_01.sleep scheduled__2021-11-20T10:00:00+00:00 [running]> on host 6383a3236c72
[2022-08-23 12:24:52,372] {taskinstance.py:1591} INFO - Exporting the following env vars:
AIRFLOW_CTX_DAG_OWNER=admin
AIRFLOW_CTX_DAG_ID=raizen_lab_01
AIRFLOW_CTX_TASK_ID=sleep
AIRFLOW_CTX_EXECUTION_DATE=2021-11-20T10:00:00+00:00
AIRFLOW_CTX_TRY_NUMBER=1
AIRFLOW_CTX_DAG_RUN_ID=scheduled__2021-11-20T10:00:00+00:00
[2022-08-23 12:24:52,374] {subprocess.py:62} INFO - Tmp dir root location: 
 /tmp
[2022-08-23 12:24:52,375] {subprocess.py:74} INFO - Running command: ['bash', '-c', 'sleep 5']
[2022-08-23 12:24:52,388] {subprocess.py:85} INFO - Output:
[2022-08-23 12:24:57,390] {subprocess.py:96} INFO - Command exited with return code 0
[2022-08-23 12:24:57,423] {taskinstance.py:1420} INFO - Marking task as SUCCESS. dag_id=raizen_lab_01, task_id=sleep, execution_date=20211120T100000, start_date=20220823T122452, end_date=20220823T122457
[2022-08-23 12:24:57,451] {local_task_job.py:156} INFO - Task exited with return code 0
[2022-08-23 12:24:57,487] {local_task_job.py:273} INFO - 1 downstream tasks scheduled from follow-on schedule check
