[2022-08-23 11:30:54,222] {taskinstance.py:1179} INFO - Dependencies all met for <TaskInstance: raizen_lab_01.print_world scheduled__2021-09-25T22:00:00+00:00 [queued]>
[2022-08-23 11:30:54,239] {taskinstance.py:1179} INFO - Dependencies all met for <TaskInstance: raizen_lab_01.print_world scheduled__2021-09-25T22:00:00+00:00 [queued]>
[2022-08-23 11:30:54,239] {taskinstance.py:1376} INFO - 
--------------------------------------------------------------------------------
[2022-08-23 11:30:54,240] {taskinstance.py:1377} INFO - Starting attempt 1 of 2
[2022-08-23 11:30:54,240] {taskinstance.py:1378} INFO - 
--------------------------------------------------------------------------------
[2022-08-23 11:30:54,265] {taskinstance.py:1397} INFO - Executing <Task(PythonOperator): print_world> on 2021-09-25 22:00:00+00:00
[2022-08-23 11:30:54,273] {standard_task_runner.py:52} INFO - Started process 1606 to run task
[2022-08-23 11:30:54,277] {standard_task_runner.py:79} INFO - Running: ['***', 'tasks', 'run', 'raizen_lab_01', 'print_world', 'scheduled__2021-09-25T22:00:00+00:00', '--job-id', '586', '--raw', '--subdir', 'DAGS_FOLDER/raizen_lab_01.py', '--cfg-path', '/tmp/tmp_nocl3cy', '--error-file', '/tmp/tmp_z87tlv6']
[2022-08-23 11:30:54,277] {standard_task_runner.py:80} INFO - Job 586: Subtask print_world
[2022-08-23 11:30:54,394] {task_command.py:371} INFO - Running <TaskInstance: raizen_lab_01.print_world scheduled__2021-09-25T22:00:00+00:00 [running]> on host 7f48b7aaf0fc
[2022-08-23 11:30:54,561] {taskinstance.py:1591} INFO - Exporting the following env vars:
AIRFLOW_CTX_DAG_OWNER=admin
AIRFLOW_CTX_DAG_ID=raizen_lab_01
AIRFLOW_CTX_TASK_ID=print_world
AIRFLOW_CTX_EXECUTION_DATE=2021-09-25T22:00:00+00:00
AIRFLOW_CTX_TRY_NUMBER=1
AIRFLOW_CTX_DAG_RUN_ID=scheduled__2021-09-25T22:00:00+00:00
[2022-08-23 11:30:54,563] {logging_mixin.py:115} INFO - world
[2022-08-23 11:30:54,564] {python.py:173} INFO - Done. Returned value was: None
[2022-08-23 11:30:54,582] {taskinstance.py:1420} INFO - Marking task as SUCCESS. dag_id=raizen_lab_01, task_id=print_world, execution_date=20210925T220000, start_date=20220823T113054, end_date=20220823T113054
[2022-08-23 11:30:54,610] {local_task_job.py:156} INFO - Task exited with return code 0
[2022-08-23 11:30:54,666] {local_task_job.py:273} INFO - 0 downstream tasks scheduled from follow-on schedule check
