[2022-08-23 11:47:23,211] {taskinstance.py:1179} INFO - Dependencies all met for <TaskInstance: raizen_lab_01.print_hello scheduled__2021-10-19T10:00:00+00:00 [queued]>
[2022-08-23 11:47:23,236] {taskinstance.py:1179} INFO - Dependencies all met for <TaskInstance: raizen_lab_01.print_hello scheduled__2021-10-19T10:00:00+00:00 [queued]>
[2022-08-23 11:47:23,237] {taskinstance.py:1376} INFO - 
--------------------------------------------------------------------------------
[2022-08-23 11:47:23,238] {taskinstance.py:1377} INFO - Starting attempt 1 of 2
[2022-08-23 11:47:23,239] {taskinstance.py:1378} INFO - 
--------------------------------------------------------------------------------
[2022-08-23 11:47:23,270] {taskinstance.py:1397} INFO - Executing <Task(BashOperator): print_hello> on 2021-10-19 10:00:00+00:00
[2022-08-23 11:47:23,278] {standard_task_runner.py:52} INFO - Started process 773 to run task
[2022-08-23 11:47:23,286] {standard_task_runner.py:79} INFO - Running: ['***', 'tasks', 'run', 'raizen_lab_01', 'print_hello', 'scheduled__2021-10-19T10:00:00+00:00', '--job-id', '2271', '--raw', '--subdir', 'DAGS_FOLDER/raizen_lab_01.py', '--cfg-path', '/tmp/tmp9szqyq5e', '--error-file', '/tmp/tmptwbmdq1l']
[2022-08-23 11:47:23,287] {standard_task_runner.py:80} INFO - Job 2271: Subtask print_hello
[2022-08-23 11:47:23,420] {task_command.py:371} INFO - Running <TaskInstance: raizen_lab_01.print_hello scheduled__2021-10-19T10:00:00+00:00 [running]> on host fc645605a611
[2022-08-23 11:47:23,574] {taskinstance.py:1591} INFO - Exporting the following env vars:
AIRFLOW_CTX_DAG_OWNER=admin
AIRFLOW_CTX_DAG_ID=raizen_lab_01
AIRFLOW_CTX_TASK_ID=print_hello
AIRFLOW_CTX_EXECUTION_DATE=2021-10-19T10:00:00+00:00
AIRFLOW_CTX_TRY_NUMBER=1
AIRFLOW_CTX_DAG_RUN_ID=scheduled__2021-10-19T10:00:00+00:00
[2022-08-23 11:47:23,577] {subprocess.py:62} INFO - Tmp dir root location: 
 /tmp
[2022-08-23 11:47:23,579] {subprocess.py:74} INFO - Running command: ['bash', '-c', 'echo "hello"']
[2022-08-23 11:47:23,601] {subprocess.py:85} INFO - Output:
[2022-08-23 11:47:23,607] {subprocess.py:92} INFO - hello
[2022-08-23 11:47:23,608] {subprocess.py:96} INFO - Command exited with return code 0
[2022-08-23 11:47:23,667] {taskinstance.py:1420} INFO - Marking task as SUCCESS. dag_id=raizen_lab_01, task_id=print_hello, execution_date=20211019T100000, start_date=20220823T114723, end_date=20220823T114723
[2022-08-23 11:47:23,698] {local_task_job.py:156} INFO - Task exited with return code 0
[2022-08-23 11:47:23,767] {local_task_job.py:273} INFO - 1 downstream tasks scheduled from follow-on schedule check
