[2022-08-23 11:36:50,490] {taskinstance.py:1179} INFO - Dependencies all met for <TaskInstance: raizen_lab_01.sleep scheduled__2021-10-08T18:00:00+00:00 [queued]>
[2022-08-23 11:36:50,520] {taskinstance.py:1179} INFO - Dependencies all met for <TaskInstance: raizen_lab_01.sleep scheduled__2021-10-08T18:00:00+00:00 [queued]>
[2022-08-23 11:36:50,520] {taskinstance.py:1376} INFO - 
--------------------------------------------------------------------------------
[2022-08-23 11:36:50,521] {taskinstance.py:1377} INFO - Starting attempt 1 of 2
[2022-08-23 11:36:50,522] {taskinstance.py:1378} INFO - 
--------------------------------------------------------------------------------
[2022-08-23 11:36:50,560] {taskinstance.py:1397} INFO - Executing <Task(BashOperator): sleep> on 2021-10-08 18:00:00+00:00
[2022-08-23 11:36:50,575] {standard_task_runner.py:52} INFO - Started process 145 to run task
[2022-08-23 11:36:50,587] {standard_task_runner.py:79} INFO - Running: ['***', 'tasks', 'run', 'raizen_lab_01', 'sleep', 'scheduled__2021-10-08T18:00:00+00:00', '--job-id', '1503', '--raw', '--subdir', 'DAGS_FOLDER/raizen_lab_01.py', '--cfg-path', '/tmp/tmpfticotq4', '--error-file', '/tmp/tmpoocw1d_o']
[2022-08-23 11:36:50,592] {standard_task_runner.py:80} INFO - Job 1503: Subtask sleep
[2022-08-23 11:36:50,771] {task_command.py:371} INFO - Running <TaskInstance: raizen_lab_01.sleep scheduled__2021-10-08T18:00:00+00:00 [running]> on host 7f48b7aaf0fc
[2022-08-23 11:36:50,984] {taskinstance.py:1591} INFO - Exporting the following env vars:
AIRFLOW_CTX_DAG_OWNER=admin
AIRFLOW_CTX_DAG_ID=raizen_lab_01
AIRFLOW_CTX_TASK_ID=sleep
AIRFLOW_CTX_EXECUTION_DATE=2021-10-08T18:00:00+00:00
AIRFLOW_CTX_TRY_NUMBER=1
AIRFLOW_CTX_DAG_RUN_ID=scheduled__2021-10-08T18:00:00+00:00
[2022-08-23 11:36:50,987] {subprocess.py:62} INFO - Tmp dir root location: 
 /tmp
[2022-08-23 11:36:50,988] {subprocess.py:74} INFO - Running command: ['bash', '-c', 'sleep 5']
[2022-08-23 11:36:51,002] {subprocess.py:85} INFO - Output:
[2022-08-23 11:36:56,007] {subprocess.py:96} INFO - Command exited with return code 0
[2022-08-23 11:36:56,131] {taskinstance.py:1420} INFO - Marking task as SUCCESS. dag_id=raizen_lab_01, task_id=sleep, execution_date=20211008T180000, start_date=20220823T113650, end_date=20220823T113656
[2022-08-23 11:36:56,179] {local_task_job.py:156} INFO - Task exited with return code 0
[2022-08-23 11:36:56,245] {local_task_job.py:273} INFO - 1 downstream tasks scheduled from follow-on schedule check
