[2022-08-23 12:08:52,634] {taskinstance.py:1179} INFO - Dependencies all met for <TaskInstance: raizen_lab_01.print_world scheduled__2021-11-03T01:00:00+00:00 [queued]>
[2022-08-23 12:08:52,646] {taskinstance.py:1179} INFO - Dependencies all met for <TaskInstance: raizen_lab_01.print_world scheduled__2021-11-03T01:00:00+00:00 [queued]>
[2022-08-23 12:08:52,647] {taskinstance.py:1376} INFO - 
--------------------------------------------------------------------------------
[2022-08-23 12:08:52,647] {taskinstance.py:1377} INFO - Starting attempt 1 of 2
[2022-08-23 12:08:52,648] {taskinstance.py:1378} INFO - 
--------------------------------------------------------------------------------
[2022-08-23 12:08:52,665] {taskinstance.py:1397} INFO - Executing <Task(PythonOperator): print_world> on 2021-11-03 01:00:00+00:00
[2022-08-23 12:08:52,670] {standard_task_runner.py:52} INFO - Started process 2148 to run task
[2022-08-23 12:08:52,673] {standard_task_runner.py:79} INFO - Running: ['***', 'tasks', 'run', 'raizen_lab_01', 'print_world', 'scheduled__2021-11-03T01:00:00+00:00', '--job-id', '3348', '--raw', '--subdir', 'DAGS_FOLDER/raizen_lab_01.py', '--cfg-path', '/tmp/tmpv2jhj6ld', '--error-file', '/tmp/tmpusn05irw']
[2022-08-23 12:08:52,674] {standard_task_runner.py:80} INFO - Job 3348: Subtask print_world
[2022-08-23 12:08:52,745] {task_command.py:371} INFO - Running <TaskInstance: raizen_lab_01.print_world scheduled__2021-11-03T01:00:00+00:00 [running]> on host 67b6bdae536e
[2022-08-23 12:08:52,811] {taskinstance.py:1591} INFO - Exporting the following env vars:
AIRFLOW_CTX_DAG_OWNER=admin
AIRFLOW_CTX_DAG_ID=raizen_lab_01
AIRFLOW_CTX_TASK_ID=print_world
AIRFLOW_CTX_EXECUTION_DATE=2021-11-03T01:00:00+00:00
AIRFLOW_CTX_TRY_NUMBER=1
AIRFLOW_CTX_DAG_RUN_ID=scheduled__2021-11-03T01:00:00+00:00
[2022-08-23 12:08:52,813] {logging_mixin.py:115} INFO - world
[2022-08-23 12:08:52,813] {python.py:173} INFO - Done. Returned value was: None
[2022-08-23 12:08:52,826] {taskinstance.py:1420} INFO - Marking task as SUCCESS. dag_id=raizen_lab_01, task_id=print_world, execution_date=20211103T010000, start_date=20220823T120852, end_date=20220823T120852
[2022-08-23 12:08:52,846] {local_task_job.py:156} INFO - Task exited with return code 0
[2022-08-23 12:08:52,875] {local_task_job.py:273} INFO - 0 downstream tasks scheduled from follow-on schedule check
