[2022-08-23 11:32:57,656] {taskinstance.py:1179} INFO - Dependencies all met for <TaskInstance: raizen_lab_01.print_hello scheduled__2021-10-01T05:00:00+00:00 [queued]>
[2022-08-23 11:32:57,676] {taskinstance.py:1179} INFO - Dependencies all met for <TaskInstance: raizen_lab_01.print_hello scheduled__2021-10-01T05:00:00+00:00 [queued]>
[2022-08-23 11:32:57,677] {taskinstance.py:1376} INFO - 
--------------------------------------------------------------------------------
[2022-08-23 11:32:57,677] {taskinstance.py:1377} INFO - Starting attempt 1 of 2
[2022-08-23 11:32:57,678] {taskinstance.py:1378} INFO - 
--------------------------------------------------------------------------------
[2022-08-23 11:32:57,706] {taskinstance.py:1397} INFO - Executing <Task(BashOperator): print_hello> on 2021-10-01 05:00:00+00:00
[2022-08-23 11:32:57,715] {standard_task_runner.py:52} INFO - Started process 2673 to run task
[2022-08-23 11:32:57,722] {standard_task_runner.py:79} INFO - Running: ['***', 'tasks', 'run', 'raizen_lab_01', 'print_hello', 'scheduled__2021-10-01T05:00:00+00:00', '--job-id', '949', '--raw', '--subdir', 'DAGS_FOLDER/raizen_lab_01.py', '--cfg-path', '/tmp/tmp9yw4ow41', '--error-file', '/tmp/tmp9g8k99b5']
[2022-08-23 11:32:57,723] {standard_task_runner.py:80} INFO - Job 949: Subtask print_hello
[2022-08-23 11:32:57,846] {task_command.py:371} INFO - Running <TaskInstance: raizen_lab_01.print_hello scheduled__2021-10-01T05:00:00+00:00 [running]> on host 7f48b7aaf0fc
[2022-08-23 11:32:57,985] {taskinstance.py:1591} INFO - Exporting the following env vars:
AIRFLOW_CTX_DAG_OWNER=admin
AIRFLOW_CTX_DAG_ID=raizen_lab_01
AIRFLOW_CTX_TASK_ID=print_hello
AIRFLOW_CTX_EXECUTION_DATE=2021-10-01T05:00:00+00:00
AIRFLOW_CTX_TRY_NUMBER=1
AIRFLOW_CTX_DAG_RUN_ID=scheduled__2021-10-01T05:00:00+00:00
[2022-08-23 11:32:57,987] {subprocess.py:62} INFO - Tmp dir root location: 
 /tmp
[2022-08-23 11:32:57,988] {subprocess.py:74} INFO - Running command: ['bash', '-c', 'echo "hello"']
[2022-08-23 11:32:58,004] {subprocess.py:85} INFO - Output:
[2022-08-23 11:32:58,006] {subprocess.py:92} INFO - hello
[2022-08-23 11:32:58,007] {subprocess.py:96} INFO - Command exited with return code 0
[2022-08-23 11:32:58,155] {taskinstance.py:1420} INFO - Marking task as SUCCESS. dag_id=raizen_lab_01, task_id=print_hello, execution_date=20211001T050000, start_date=20220823T113257, end_date=20220823T113258
[2022-08-23 11:32:58,213] {local_task_job.py:156} INFO - Task exited with return code 0
[2022-08-23 11:32:58,299] {local_task_job.py:273} INFO - 1 downstream tasks scheduled from follow-on schedule check
