[2022-08-23 11:30:56,796] {taskinstance.py:1179} INFO - Dependencies all met for <TaskInstance: raizen_lab_01.print_hello scheduled__2021-09-26T00:00:00+00:00 [queued]>
[2022-08-23 11:30:56,807] {taskinstance.py:1179} INFO - Dependencies all met for <TaskInstance: raizen_lab_01.print_hello scheduled__2021-09-26T00:00:00+00:00 [queued]>
[2022-08-23 11:30:56,808] {taskinstance.py:1376} INFO - 
--------------------------------------------------------------------------------
[2022-08-23 11:30:56,808] {taskinstance.py:1377} INFO - Starting attempt 1 of 2
[2022-08-23 11:30:56,809] {taskinstance.py:1378} INFO - 
--------------------------------------------------------------------------------
[2022-08-23 11:30:56,834] {taskinstance.py:1397} INFO - Executing <Task(BashOperator): print_hello> on 2021-09-26 00:00:00+00:00
[2022-08-23 11:30:56,843] {standard_task_runner.py:52} INFO - Started process 1622 to run task
[2022-08-23 11:30:56,849] {standard_task_runner.py:79} INFO - Running: ['***', 'tasks', 'run', 'raizen_lab_01', 'print_hello', 'scheduled__2021-09-26T00:00:00+00:00', '--job-id', '588', '--raw', '--subdir', 'DAGS_FOLDER/raizen_lab_01.py', '--cfg-path', '/tmp/tmpy9ha_py7', '--error-file', '/tmp/tmp0q05ft7p']
[2022-08-23 11:30:56,850] {standard_task_runner.py:80} INFO - Job 588: Subtask print_hello
[2022-08-23 11:30:56,953] {task_command.py:371} INFO - Running <TaskInstance: raizen_lab_01.print_hello scheduled__2021-09-26T00:00:00+00:00 [running]> on host 7f48b7aaf0fc
[2022-08-23 11:30:57,063] {taskinstance.py:1591} INFO - Exporting the following env vars:
AIRFLOW_CTX_DAG_OWNER=admin
AIRFLOW_CTX_DAG_ID=raizen_lab_01
AIRFLOW_CTX_TASK_ID=print_hello
AIRFLOW_CTX_EXECUTION_DATE=2021-09-26T00:00:00+00:00
AIRFLOW_CTX_TRY_NUMBER=1
AIRFLOW_CTX_DAG_RUN_ID=scheduled__2021-09-26T00:00:00+00:00
[2022-08-23 11:30:57,065] {subprocess.py:62} INFO - Tmp dir root location: 
 /tmp
[2022-08-23 11:30:57,066] {subprocess.py:74} INFO - Running command: ['bash', '-c', 'echo "hello"']
[2022-08-23 11:30:57,085] {subprocess.py:85} INFO - Output:
[2022-08-23 11:30:57,087] {subprocess.py:92} INFO - hello
[2022-08-23 11:30:57,088] {subprocess.py:96} INFO - Command exited with return code 0
[2022-08-23 11:30:57,224] {taskinstance.py:1420} INFO - Marking task as SUCCESS. dag_id=raizen_lab_01, task_id=print_hello, execution_date=20210926T000000, start_date=20220823T113056, end_date=20220823T113057
[2022-08-23 11:30:57,261] {local_task_job.py:156} INFO - Task exited with return code 0
[2022-08-23 11:30:57,326] {local_task_job.py:273} INFO - 1 downstream tasks scheduled from follow-on schedule check
