[2022-08-23 11:59:42,013] {taskinstance.py:1179} INFO - Dependencies all met for <TaskInstance: raizen_lab_01.print_hello scheduled__2021-10-24T04:00:00+00:00 [queued]>
[2022-08-23 11:59:42,035] {taskinstance.py:1179} INFO - Dependencies all met for <TaskInstance: raizen_lab_01.print_hello scheduled__2021-10-24T04:00:00+00:00 [queued]>
[2022-08-23 11:59:42,035] {taskinstance.py:1376} INFO - 
--------------------------------------------------------------------------------
[2022-08-23 11:59:42,036] {taskinstance.py:1377} INFO - Starting attempt 1 of 2
[2022-08-23 11:59:42,038] {taskinstance.py:1378} INFO - 
--------------------------------------------------------------------------------
[2022-08-23 11:59:42,067] {taskinstance.py:1397} INFO - Executing <Task(BashOperator): print_hello> on 2021-10-24 04:00:00+00:00
[2022-08-23 11:59:42,074] {standard_task_runner.py:52} INFO - Started process 722 to run task
[2022-08-23 11:59:42,080] {standard_task_runner.py:79} INFO - Running: ['***', 'tasks', 'run', 'raizen_lab_01', 'print_hello', 'scheduled__2021-10-24T04:00:00+00:00', '--job-id', '2610', '--raw', '--subdir', 'DAGS_FOLDER/raizen_lab_01.py', '--cfg-path', '/tmp/tmp5qakjp_n', '--error-file', '/tmp/tmpihm9uusw']
[2022-08-23 11:59:42,081] {standard_task_runner.py:80} INFO - Job 2610: Subtask print_hello
[2022-08-23 11:59:42,204] {task_command.py:371} INFO - Running <TaskInstance: raizen_lab_01.print_hello scheduled__2021-10-24T04:00:00+00:00 [running]> on host 9f4b06248101
[2022-08-23 11:59:42,403] {taskinstance.py:1591} INFO - Exporting the following env vars:
AIRFLOW_CTX_DAG_OWNER=admin
AIRFLOW_CTX_DAG_ID=raizen_lab_01
AIRFLOW_CTX_TASK_ID=print_hello
AIRFLOW_CTX_EXECUTION_DATE=2021-10-24T04:00:00+00:00
AIRFLOW_CTX_TRY_NUMBER=1
AIRFLOW_CTX_DAG_RUN_ID=scheduled__2021-10-24T04:00:00+00:00
[2022-08-23 11:59:42,406] {subprocess.py:62} INFO - Tmp dir root location: 
 /tmp
[2022-08-23 11:59:42,408] {subprocess.py:74} INFO - Running command: ['bash', '-c', 'echo "hello"']
[2022-08-23 11:59:42,427] {subprocess.py:85} INFO - Output:
[2022-08-23 11:59:42,431] {subprocess.py:92} INFO - hello
[2022-08-23 11:59:42,432] {subprocess.py:96} INFO - Command exited with return code 0
[2022-08-23 11:59:42,727] {taskinstance.py:1420} INFO - Marking task as SUCCESS. dag_id=raizen_lab_01, task_id=print_hello, execution_date=20211024T040000, start_date=20220823T115942, end_date=20220823T115942
[2022-08-23 11:59:42,773] {local_task_job.py:156} INFO - Task exited with return code 0
[2022-08-23 11:59:42,895] {local_task_job.py:273} INFO - 1 downstream tasks scheduled from follow-on schedule check
