[2022-08-23 11:59:15,062] {taskinstance.py:1179} INFO - Dependencies all met for <TaskInstance: raizen_lab_01.print_world scheduled__2021-10-22T18:00:00+00:00 [queued]>
[2022-08-23 11:59:15,074] {taskinstance.py:1179} INFO - Dependencies all met for <TaskInstance: raizen_lab_01.print_world scheduled__2021-10-22T18:00:00+00:00 [queued]>
[2022-08-23 11:59:15,074] {taskinstance.py:1376} INFO - 
--------------------------------------------------------------------------------
[2022-08-23 11:59:15,075] {taskinstance.py:1377} INFO - Starting attempt 1 of 2
[2022-08-23 11:59:15,080] {taskinstance.py:1378} INFO - 
--------------------------------------------------------------------------------
[2022-08-23 11:59:15,093] {taskinstance.py:1397} INFO - Executing <Task(PythonOperator): print_world> on 2021-10-22 18:00:00+00:00
[2022-08-23 11:59:15,099] {standard_task_runner.py:52} INFO - Started process 487 to run task
[2022-08-23 11:59:15,104] {standard_task_runner.py:79} INFO - Running: ['***', 'tasks', 'run', 'raizen_lab_01', 'print_world', 'scheduled__2021-10-22T18:00:00+00:00', '--job-id', '2532', '--raw', '--subdir', 'DAGS_FOLDER/raizen_lab_01.py', '--cfg-path', '/tmp/tmpgmxcm4sx', '--error-file', '/tmp/tmp6hv1fr9c']
[2022-08-23 11:59:15,104] {standard_task_runner.py:80} INFO - Job 2532: Subtask print_world
[2022-08-23 11:59:15,209] {task_command.py:371} INFO - Running <TaskInstance: raizen_lab_01.print_world scheduled__2021-10-22T18:00:00+00:00 [running]> on host 9f4b06248101
[2022-08-23 11:59:15,331] {taskinstance.py:1591} INFO - Exporting the following env vars:
AIRFLOW_CTX_DAG_OWNER=admin
AIRFLOW_CTX_DAG_ID=raizen_lab_01
AIRFLOW_CTX_TASK_ID=print_world
AIRFLOW_CTX_EXECUTION_DATE=2021-10-22T18:00:00+00:00
AIRFLOW_CTX_TRY_NUMBER=1
AIRFLOW_CTX_DAG_RUN_ID=scheduled__2021-10-22T18:00:00+00:00
[2022-08-23 11:59:15,332] {logging_mixin.py:115} INFO - world
[2022-08-23 11:59:15,333] {python.py:173} INFO - Done. Returned value was: None
[2022-08-23 11:59:15,350] {taskinstance.py:1420} INFO - Marking task as SUCCESS. dag_id=raizen_lab_01, task_id=print_world, execution_date=20211022T180000, start_date=20220823T115915, end_date=20220823T115915
[2022-08-23 11:59:15,395] {local_task_job.py:156} INFO - Task exited with return code 0
[2022-08-23 11:59:15,448] {local_task_job.py:273} INFO - 0 downstream tasks scheduled from follow-on schedule check
