[2022-08-23 11:59:36,077] {taskinstance.py:1179} INFO - Dependencies all met for <TaskInstance: raizen_lab_01.print_hello scheduled__2021-10-23T16:00:00+00:00 [queued]>
[2022-08-23 11:59:36,096] {taskinstance.py:1179} INFO - Dependencies all met for <TaskInstance: raizen_lab_01.print_hello scheduled__2021-10-23T16:00:00+00:00 [queued]>
[2022-08-23 11:59:36,097] {taskinstance.py:1376} INFO - 
--------------------------------------------------------------------------------
[2022-08-23 11:59:36,098] {taskinstance.py:1377} INFO - Starting attempt 1 of 2
[2022-08-23 11:59:36,098] {taskinstance.py:1378} INFO - 
--------------------------------------------------------------------------------
[2022-08-23 11:59:36,128] {taskinstance.py:1397} INFO - Executing <Task(BashOperator): print_hello> on 2021-10-23 16:00:00+00:00
[2022-08-23 11:59:36,136] {standard_task_runner.py:52} INFO - Started process 643 to run task
[2022-08-23 11:59:36,142] {standard_task_runner.py:79} INFO - Running: ['***', 'tasks', 'run', 'raizen_lab_01', 'print_hello', 'scheduled__2021-10-23T16:00:00+00:00', '--job-id', '2586', '--raw', '--subdir', 'DAGS_FOLDER/raizen_lab_01.py', '--cfg-path', '/tmp/tmpn22t7km5', '--error-file', '/tmp/tmph5yv6d07']
[2022-08-23 11:59:36,143] {standard_task_runner.py:80} INFO - Job 2586: Subtask print_hello
[2022-08-23 11:59:36,347] {task_command.py:371} INFO - Running <TaskInstance: raizen_lab_01.print_hello scheduled__2021-10-23T16:00:00+00:00 [running]> on host 9f4b06248101
[2022-08-23 11:59:36,532] {taskinstance.py:1591} INFO - Exporting the following env vars:
AIRFLOW_CTX_DAG_OWNER=admin
AIRFLOW_CTX_DAG_ID=raizen_lab_01
AIRFLOW_CTX_TASK_ID=print_hello
AIRFLOW_CTX_EXECUTION_DATE=2021-10-23T16:00:00+00:00
AIRFLOW_CTX_TRY_NUMBER=1
AIRFLOW_CTX_DAG_RUN_ID=scheduled__2021-10-23T16:00:00+00:00
[2022-08-23 11:59:36,535] {subprocess.py:62} INFO - Tmp dir root location: 
 /tmp
[2022-08-23 11:59:36,537] {subprocess.py:74} INFO - Running command: ['bash', '-c', 'echo "hello"']
[2022-08-23 11:59:36,557] {subprocess.py:85} INFO - Output:
[2022-08-23 11:59:36,560] {subprocess.py:92} INFO - hello
[2022-08-23 11:59:36,561] {subprocess.py:96} INFO - Command exited with return code 0
[2022-08-23 11:59:36,610] {taskinstance.py:1420} INFO - Marking task as SUCCESS. dag_id=raizen_lab_01, task_id=print_hello, execution_date=20211023T160000, start_date=20220823T115936, end_date=20220823T115936
[2022-08-23 11:59:36,675] {local_task_job.py:156} INFO - Task exited with return code 0
[2022-08-23 11:59:36,808] {local_task_job.py:273} INFO - 1 downstream tasks scheduled from follow-on schedule check
