[2022-08-24 20:00:48,386] {taskinstance.py:1179} INFO - Dependencies all met for <TaskInstance: raizen_lab_01.Step_01_Ingestion_Sheets_To_Stage scheduled__2022-08-24T19:00:00+00:00 [queued]>
[2022-08-24 20:00:48,411] {taskinstance.py:1179} INFO - Dependencies all met for <TaskInstance: raizen_lab_01.Step_01_Ingestion_Sheets_To_Stage scheduled__2022-08-24T19:00:00+00:00 [queued]>
[2022-08-24 20:00:48,412] {taskinstance.py:1376} INFO - 
--------------------------------------------------------------------------------
[2022-08-24 20:00:48,413] {taskinstance.py:1377} INFO - Starting attempt 1 of 2
[2022-08-24 20:00:48,414] {taskinstance.py:1378} INFO - 
--------------------------------------------------------------------------------
[2022-08-24 20:00:48,450] {taskinstance.py:1397} INFO - Executing <Task(PythonOperator): Step_01_Ingestion_Sheets_To_Stage> on 2022-08-24 19:00:00+00:00
[2022-08-24 20:00:48,462] {standard_task_runner.py:52} INFO - Started process 6658 to run task
[2022-08-24 20:00:48,468] {standard_task_runner.py:79} INFO - Running: ['***', 'tasks', 'run', 'raizen_lab_01', 'Step_01_Ingestion_Sheets_To_Stage', 'scheduled__2022-08-24T19:00:00+00:00', '--job-id', '9776', '--raw', '--subdir', 'DAGS_FOLDER/raizen_lab_01.py', '--cfg-path', '/tmp/tmpp4zxrnja', '--error-file', '/tmp/tmp8d5yodc5']
[2022-08-24 20:00:48,471] {standard_task_runner.py:80} INFO - Job 9776: Subtask Step_01_Ingestion_Sheets_To_Stage
[2022-08-24 20:00:48,649] {task_command.py:371} INFO - Running <TaskInstance: raizen_lab_01.Step_01_Ingestion_Sheets_To_Stage scheduled__2022-08-24T19:00:00+00:00 [running]> on host 3f878792eb1e
[2022-08-24 20:00:48,810] {taskinstance.py:1591} INFO - Exporting the following env vars:
AIRFLOW_CTX_DAG_OWNER=admin
AIRFLOW_CTX_DAG_ID=raizen_lab_01
AIRFLOW_CTX_TASK_ID=Step_01_Ingestion_Sheets_To_Stage
AIRFLOW_CTX_EXECUTION_DATE=2022-08-24T19:00:00+00:00
AIRFLOW_CTX_TRY_NUMBER=1
AIRFLOW_CTX_DAG_RUN_ID=scheduled__2022-08-24T19:00:00+00:00
[2022-08-24 20:00:53,639] {python.py:173} INFO - Done. Returned value was: None
[2022-08-24 20:00:53,659] {taskinstance.py:1420} INFO - Marking task as SUCCESS. dag_id=raizen_lab_01, task_id=Step_01_Ingestion_Sheets_To_Stage, execution_date=20220824T190000, start_date=20220824T200048, end_date=20220824T200053
[2022-08-24 20:00:53,710] {local_task_job.py:156} INFO - Task exited with return code 0
[2022-08-24 20:00:53,763] {local_task_job.py:273} INFO - 1 downstream tasks scheduled from follow-on schedule check
