[2022-08-23 12:06:45,141] {taskinstance.py:1179} INFO - Dependencies all met for <TaskInstance: raizen_lab_01.sleep scheduled__2021-10-27T19:00:00+00:00 [queued]>
[2022-08-23 12:06:45,152] {taskinstance.py:1179} INFO - Dependencies all met for <TaskInstance: raizen_lab_01.sleep scheduled__2021-10-27T19:00:00+00:00 [queued]>
[2022-08-23 12:06:45,153] {taskinstance.py:1376} INFO - 
--------------------------------------------------------------------------------
[2022-08-23 12:06:45,153] {taskinstance.py:1377} INFO - Starting attempt 1 of 2
[2022-08-23 12:06:45,153] {taskinstance.py:1378} INFO - 
--------------------------------------------------------------------------------
[2022-08-23 12:06:45,171] {taskinstance.py:1397} INFO - Executing <Task(BashOperator): sleep> on 2021-10-27 19:00:00+00:00
[2022-08-23 12:06:45,176] {standard_task_runner.py:52} INFO - Started process 823 to run task
[2022-08-23 12:06:45,180] {standard_task_runner.py:79} INFO - Running: ['***', 'tasks', 'run', 'raizen_lab_01', 'sleep', 'scheduled__2021-10-27T19:00:00+00:00', '--job-id', '2889', '--raw', '--subdir', 'DAGS_FOLDER/raizen_lab_01.py', '--cfg-path', '/tmp/tmpl4y4fkv4', '--error-file', '/tmp/tmpvuabthav']
[2022-08-23 12:06:45,180] {standard_task_runner.py:80} INFO - Job 2889: Subtask sleep
[2022-08-23 12:06:45,251] {task_command.py:371} INFO - Running <TaskInstance: raizen_lab_01.sleep scheduled__2021-10-27T19:00:00+00:00 [running]> on host 67b6bdae536e
[2022-08-23 12:06:45,318] {taskinstance.py:1591} INFO - Exporting the following env vars:
AIRFLOW_CTX_DAG_OWNER=admin
AIRFLOW_CTX_DAG_ID=raizen_lab_01
AIRFLOW_CTX_TASK_ID=sleep
AIRFLOW_CTX_EXECUTION_DATE=2021-10-27T19:00:00+00:00
AIRFLOW_CTX_TRY_NUMBER=1
AIRFLOW_CTX_DAG_RUN_ID=scheduled__2021-10-27T19:00:00+00:00
[2022-08-23 12:06:45,319] {subprocess.py:62} INFO - Tmp dir root location: 
 /tmp
[2022-08-23 12:06:45,320] {subprocess.py:74} INFO - Running command: ['bash', '-c', 'sleep 5']
[2022-08-23 12:06:45,331] {subprocess.py:85} INFO - Output:
[2022-08-23 12:06:50,335] {subprocess.py:96} INFO - Command exited with return code 0
[2022-08-23 12:06:50,367] {taskinstance.py:1420} INFO - Marking task as SUCCESS. dag_id=raizen_lab_01, task_id=sleep, execution_date=20211027T190000, start_date=20220823T120645, end_date=20220823T120650
[2022-08-23 12:06:50,415] {local_task_job.py:156} INFO - Task exited with return code 0
[2022-08-23 12:06:50,441] {local_task_job.py:273} INFO - 1 downstream tasks scheduled from follow-on schedule check
