[2022-08-23 11:28:22,386] {taskinstance.py:1179} INFO - Dependencies all met for <TaskInstance: raizen_lab_01.print_hello scheduled__2021-09-20T00:00:00+00:00 [queued]>
[2022-08-23 11:28:22,405] {taskinstance.py:1179} INFO - Dependencies all met for <TaskInstance: raizen_lab_01.print_hello scheduled__2021-09-20T00:00:00+00:00 [queued]>
[2022-08-23 11:28:22,406] {taskinstance.py:1376} INFO - 
--------------------------------------------------------------------------------
[2022-08-23 11:28:22,407] {taskinstance.py:1377} INFO - Starting attempt 1 of 2
[2022-08-23 11:28:22,407] {taskinstance.py:1378} INFO - 
--------------------------------------------------------------------------------
[2022-08-23 11:28:22,442] {taskinstance.py:1397} INFO - Executing <Task(BashOperator): print_hello> on 2021-09-20 00:00:00+00:00
[2022-08-23 11:28:22,451] {standard_task_runner.py:52} INFO - Started process 365 to run task
[2022-08-23 11:28:22,456] {standard_task_runner.py:79} INFO - Running: ['***', 'tasks', 'run', 'raizen_lab_01', 'print_hello', 'scheduled__2021-09-20T00:00:00+00:00', '--job-id', '157', '--raw', '--subdir', 'DAGS_FOLDER/raizen_lab_01.py', '--cfg-path', '/tmp/tmp99gm156j', '--error-file', '/tmp/tmps71ve9dw']
[2022-08-23 11:28:22,457] {standard_task_runner.py:80} INFO - Job 157: Subtask print_hello
[2022-08-23 11:28:22,573] {task_command.py:371} INFO - Running <TaskInstance: raizen_lab_01.print_hello scheduled__2021-09-20T00:00:00+00:00 [running]> on host 7f48b7aaf0fc
[2022-08-23 11:28:22,722] {taskinstance.py:1591} INFO - Exporting the following env vars:
AIRFLOW_CTX_DAG_OWNER=admin
AIRFLOW_CTX_DAG_ID=raizen_lab_01
AIRFLOW_CTX_TASK_ID=print_hello
AIRFLOW_CTX_EXECUTION_DATE=2021-09-20T00:00:00+00:00
AIRFLOW_CTX_TRY_NUMBER=1
AIRFLOW_CTX_DAG_RUN_ID=scheduled__2021-09-20T00:00:00+00:00
[2022-08-23 11:28:22,724] {subprocess.py:62} INFO - Tmp dir root location: 
 /tmp
[2022-08-23 11:28:22,726] {subprocess.py:74} INFO - Running command: ['bash', '-c', 'echo "hello"']
[2022-08-23 11:28:22,742] {subprocess.py:85} INFO - Output:
[2022-08-23 11:28:22,744] {subprocess.py:92} INFO - hello
[2022-08-23 11:28:22,745] {subprocess.py:96} INFO - Command exited with return code 0
[2022-08-23 11:28:22,803] {taskinstance.py:1420} INFO - Marking task as SUCCESS. dag_id=raizen_lab_01, task_id=print_hello, execution_date=20210920T000000, start_date=20220823T112822, end_date=20220823T112822
[2022-08-23 11:28:22,869] {local_task_job.py:156} INFO - Task exited with return code 0
[2022-08-23 11:28:22,978] {local_task_job.py:273} INFO - 1 downstream tasks scheduled from follow-on schedule check
