[2022-08-23 11:59:44,112] {taskinstance.py:1179} INFO - Dependencies all met for <TaskInstance: raizen_lab_01.sleep scheduled__2021-10-24T04:00:00+00:00 [queued]>
[2022-08-23 11:59:44,133] {taskinstance.py:1179} INFO - Dependencies all met for <TaskInstance: raizen_lab_01.sleep scheduled__2021-10-24T04:00:00+00:00 [queued]>
[2022-08-23 11:59:44,134] {taskinstance.py:1376} INFO - 
--------------------------------------------------------------------------------
[2022-08-23 11:59:44,134] {taskinstance.py:1377} INFO - Starting attempt 1 of 2
[2022-08-23 11:59:44,135] {taskinstance.py:1378} INFO - 
--------------------------------------------------------------------------------
[2022-08-23 11:59:44,165] {taskinstance.py:1397} INFO - Executing <Task(BashOperator): sleep> on 2021-10-24 04:00:00+00:00
[2022-08-23 11:59:44,173] {standard_task_runner.py:52} INFO - Started process 742 to run task
[2022-08-23 11:59:44,179] {standard_task_runner.py:79} INFO - Running: ['***', 'tasks', 'run', 'raizen_lab_01', 'sleep', 'scheduled__2021-10-24T04:00:00+00:00', '--job-id', '2617', '--raw', '--subdir', 'DAGS_FOLDER/raizen_lab_01.py', '--cfg-path', '/tmp/tmpvpn80ekb', '--error-file', '/tmp/tmp9eva7qoa']
[2022-08-23 11:59:44,180] {standard_task_runner.py:80} INFO - Job 2617: Subtask sleep
[2022-08-23 11:59:44,292] {task_command.py:371} INFO - Running <TaskInstance: raizen_lab_01.sleep scheduled__2021-10-24T04:00:00+00:00 [running]> on host 9f4b06248101
[2022-08-23 11:59:44,477] {taskinstance.py:1591} INFO - Exporting the following env vars:
AIRFLOW_CTX_DAG_OWNER=admin
AIRFLOW_CTX_DAG_ID=raizen_lab_01
AIRFLOW_CTX_TASK_ID=sleep
AIRFLOW_CTX_EXECUTION_DATE=2021-10-24T04:00:00+00:00
AIRFLOW_CTX_TRY_NUMBER=1
AIRFLOW_CTX_DAG_RUN_ID=scheduled__2021-10-24T04:00:00+00:00
[2022-08-23 11:59:44,480] {subprocess.py:62} INFO - Tmp dir root location: 
 /tmp
[2022-08-23 11:59:44,482] {subprocess.py:74} INFO - Running command: ['bash', '-c', 'sleep 5']
[2022-08-23 11:59:44,506] {subprocess.py:85} INFO - Output:
[2022-08-23 11:59:49,514] {subprocess.py:96} INFO - Command exited with return code 0
[2022-08-23 11:59:49,570] {taskinstance.py:1420} INFO - Marking task as SUCCESS. dag_id=raizen_lab_01, task_id=sleep, execution_date=20211024T040000, start_date=20220823T115944, end_date=20220823T115949
[2022-08-23 11:59:49,602] {local_task_job.py:156} INFO - Task exited with return code 0
[2022-08-23 11:59:49,645] {local_task_job.py:273} INFO - 1 downstream tasks scheduled from follow-on schedule check
