[2022-08-23 12:22:00,448] {taskinstance.py:1179} INFO - Dependencies all met for <TaskInstance: raizen_lab_01.print_hello scheduled__2021-11-13T01:00:00+00:00 [queued]>
[2022-08-23 12:22:00,466] {taskinstance.py:1179} INFO - Dependencies all met for <TaskInstance: raizen_lab_01.print_hello scheduled__2021-11-13T01:00:00+00:00 [queued]>
[2022-08-23 12:22:00,467] {taskinstance.py:1376} INFO - 
--------------------------------------------------------------------------------
[2022-08-23 12:22:00,469] {taskinstance.py:1377} INFO - Starting attempt 1 of 2
[2022-08-23 12:22:00,469] {taskinstance.py:1378} INFO - 
--------------------------------------------------------------------------------
[2022-08-23 12:22:00,497] {taskinstance.py:1397} INFO - Executing <Task(BashOperator): print_hello> on 2021-11-13 01:00:00+00:00
[2022-08-23 12:22:00,505] {standard_task_runner.py:52} INFO - Started process 2014 to run task
[2022-08-23 12:22:00,508] {standard_task_runner.py:79} INFO - Running: ['***', 'tasks', 'run', 'raizen_lab_01', 'print_hello', 'scheduled__2021-11-13T01:00:00+00:00', '--job-id', '4052', '--raw', '--subdir', 'DAGS_FOLDER/raizen_lab_01.py', '--cfg-path', '/tmp/tmpamangpba', '--error-file', '/tmp/tmparv5fnwu']
[2022-08-23 12:22:00,510] {standard_task_runner.py:80} INFO - Job 4052: Subtask print_hello
[2022-08-23 12:22:00,694] {task_command.py:371} INFO - Running <TaskInstance: raizen_lab_01.print_hello scheduled__2021-11-13T01:00:00+00:00 [running]> on host 6383a3236c72
[2022-08-23 12:22:00,798] {taskinstance.py:1591} INFO - Exporting the following env vars:
AIRFLOW_CTX_DAG_OWNER=admin
AIRFLOW_CTX_DAG_ID=raizen_lab_01
AIRFLOW_CTX_TASK_ID=print_hello
AIRFLOW_CTX_EXECUTION_DATE=2021-11-13T01:00:00+00:00
AIRFLOW_CTX_TRY_NUMBER=1
AIRFLOW_CTX_DAG_RUN_ID=scheduled__2021-11-13T01:00:00+00:00
[2022-08-23 12:22:00,800] {subprocess.py:62} INFO - Tmp dir root location: 
 /tmp
[2022-08-23 12:22:00,801] {subprocess.py:74} INFO - Running command: ['bash', '-c', 'echo "hello"']
[2022-08-23 12:22:00,813] {subprocess.py:85} INFO - Output:
[2022-08-23 12:22:00,815] {subprocess.py:92} INFO - hello
[2022-08-23 12:22:00,816] {subprocess.py:96} INFO - Command exited with return code 0
[2022-08-23 12:22:00,921] {taskinstance.py:1420} INFO - Marking task as SUCCESS. dag_id=raizen_lab_01, task_id=print_hello, execution_date=20211113T010000, start_date=20220823T122200, end_date=20220823T122200
[2022-08-23 12:22:00,960] {local_task_job.py:156} INFO - Task exited with return code 0
[2022-08-23 12:22:01,010] {local_task_job.py:273} INFO - 1 downstream tasks scheduled from follow-on schedule check
