[2022-08-23 12:06:00,707] {taskinstance.py:1179} INFO - Dependencies all met for <TaskInstance: raizen_lab_01.print_world scheduled__2021-10-25T03:00:00+00:00 [queued]>
[2022-08-23 12:06:00,728] {taskinstance.py:1179} INFO - Dependencies all met for <TaskInstance: raizen_lab_01.print_world scheduled__2021-10-25T03:00:00+00:00 [queued]>
[2022-08-23 12:06:00,728] {taskinstance.py:1376} INFO - 
--------------------------------------------------------------------------------
[2022-08-23 12:06:00,729] {taskinstance.py:1377} INFO - Starting attempt 1 of 2
[2022-08-23 12:06:00,729] {taskinstance.py:1378} INFO - 
--------------------------------------------------------------------------------
[2022-08-23 12:06:00,759] {taskinstance.py:1397} INFO - Executing <Task(PythonOperator): print_world> on 2021-10-25 03:00:00+00:00
[2022-08-23 12:06:00,766] {standard_task_runner.py:52} INFO - Started process 354 to run task
[2022-08-23 12:06:00,771] {standard_task_runner.py:79} INFO - Running: ['***', 'tasks', 'run', 'raizen_lab_01', 'print_world', 'scheduled__2021-10-25T03:00:00+00:00', '--job-id', '2722', '--raw', '--subdir', 'DAGS_FOLDER/raizen_lab_01.py', '--cfg-path', '/tmp/tmp280x2mym', '--error-file', '/tmp/tmpgkyhfp04']
[2022-08-23 12:06:00,771] {standard_task_runner.py:80} INFO - Job 2722: Subtask print_world
[2022-08-23 12:06:00,865] {task_command.py:371} INFO - Running <TaskInstance: raizen_lab_01.print_world scheduled__2021-10-25T03:00:00+00:00 [running]> on host 67b6bdae536e
[2022-08-23 12:06:00,958] {taskinstance.py:1591} INFO - Exporting the following env vars:
AIRFLOW_CTX_DAG_OWNER=admin
AIRFLOW_CTX_DAG_ID=raizen_lab_01
AIRFLOW_CTX_TASK_ID=print_world
AIRFLOW_CTX_EXECUTION_DATE=2021-10-25T03:00:00+00:00
AIRFLOW_CTX_TRY_NUMBER=1
AIRFLOW_CTX_DAG_RUN_ID=scheduled__2021-10-25T03:00:00+00:00
[2022-08-23 12:06:00,959] {logging_mixin.py:115} INFO - world
[2022-08-23 12:06:00,959] {python.py:173} INFO - Done. Returned value was: None
[2022-08-23 12:06:00,983] {taskinstance.py:1420} INFO - Marking task as SUCCESS. dag_id=raizen_lab_01, task_id=print_world, execution_date=20211025T030000, start_date=20220823T120600, end_date=20220823T120600
[2022-08-23 12:06:01,024] {local_task_job.py:156} INFO - Task exited with return code 0
[2022-08-23 12:06:01,057] {local_task_job.py:273} INFO - 0 downstream tasks scheduled from follow-on schedule check
