[2022-08-23 11:59:05,129] {taskinstance.py:1179} INFO - Dependencies all met for <TaskInstance: raizen_lab_01.print_hello scheduled__2021-10-22T15:00:00+00:00 [queued]>
[2022-08-23 11:59:05,154] {taskinstance.py:1179} INFO - Dependencies all met for <TaskInstance: raizen_lab_01.print_hello scheduled__2021-10-22T15:00:00+00:00 [queued]>
[2022-08-23 11:59:05,155] {taskinstance.py:1376} INFO - 
--------------------------------------------------------------------------------
[2022-08-23 11:59:05,156] {taskinstance.py:1377} INFO - Starting attempt 1 of 2
[2022-08-23 11:59:05,157] {taskinstance.py:1378} INFO - 
--------------------------------------------------------------------------------
[2022-08-23 11:59:05,200] {taskinstance.py:1397} INFO - Executing <Task(BashOperator): print_hello> on 2021-10-22 15:00:00+00:00
[2022-08-23 11:59:05,209] {standard_task_runner.py:52} INFO - Started process 404 to run task
[2022-08-23 11:59:05,214] {standard_task_runner.py:79} INFO - Running: ['***', 'tasks', 'run', 'raizen_lab_01', 'print_hello', 'scheduled__2021-10-22T15:00:00+00:00', '--job-id', '2503', '--raw', '--subdir', 'DAGS_FOLDER/raizen_lab_01.py', '--cfg-path', '/tmp/tmp5tkr8deu', '--error-file', '/tmp/tmpww37spzg']
[2022-08-23 11:59:05,215] {standard_task_runner.py:80} INFO - Job 2503: Subtask print_hello
[2022-08-23 11:59:05,391] {task_command.py:371} INFO - Running <TaskInstance: raizen_lab_01.print_hello scheduled__2021-10-22T15:00:00+00:00 [running]> on host 9f4b06248101
[2022-08-23 11:59:05,564] {taskinstance.py:1591} INFO - Exporting the following env vars:
AIRFLOW_CTX_DAG_OWNER=admin
AIRFLOW_CTX_DAG_ID=raizen_lab_01
AIRFLOW_CTX_TASK_ID=print_hello
AIRFLOW_CTX_EXECUTION_DATE=2021-10-22T15:00:00+00:00
AIRFLOW_CTX_TRY_NUMBER=1
AIRFLOW_CTX_DAG_RUN_ID=scheduled__2021-10-22T15:00:00+00:00
[2022-08-23 11:59:05,566] {subprocess.py:62} INFO - Tmp dir root location: 
 /tmp
[2022-08-23 11:59:05,567] {subprocess.py:74} INFO - Running command: ['bash', '-c', 'echo "hello"']
[2022-08-23 11:59:05,581] {subprocess.py:85} INFO - Output:
[2022-08-23 11:59:05,583] {subprocess.py:92} INFO - hello
[2022-08-23 11:59:05,584] {subprocess.py:96} INFO - Command exited with return code 0
[2022-08-23 11:59:05,711] {taskinstance.py:1420} INFO - Marking task as SUCCESS. dag_id=raizen_lab_01, task_id=print_hello, execution_date=20211022T150000, start_date=20220823T115905, end_date=20220823T115905
[2022-08-23 11:59:05,747] {local_task_job.py:156} INFO - Task exited with return code 0
[2022-08-23 11:59:05,837] {local_task_job.py:273} INFO - 1 downstream tasks scheduled from follow-on schedule check
