[2022-08-23 11:28:03,099] {taskinstance.py:1179} INFO - Dependencies all met for <TaskInstance: raizen_lab_01.print_hello scheduled__2021-09-19T09:00:00+00:00 [queued]>
[2022-08-23 11:28:03,119] {taskinstance.py:1179} INFO - Dependencies all met for <TaskInstance: raizen_lab_01.print_hello scheduled__2021-09-19T09:00:00+00:00 [queued]>
[2022-08-23 11:28:03,120] {taskinstance.py:1376} INFO - 
--------------------------------------------------------------------------------
[2022-08-23 11:28:03,121] {taskinstance.py:1377} INFO - Starting attempt 1 of 2
[2022-08-23 11:28:03,122] {taskinstance.py:1378} INFO - 
--------------------------------------------------------------------------------
[2022-08-23 11:28:03,156] {taskinstance.py:1397} INFO - Executing <Task(BashOperator): print_hello> on 2021-09-19 09:00:00+00:00
[2022-08-23 11:28:03,167] {standard_task_runner.py:52} INFO - Started process 218 to run task
[2022-08-23 11:28:03,172] {standard_task_runner.py:79} INFO - Running: ['***', 'tasks', 'run', 'raizen_lab_01', 'print_hello', 'scheduled__2021-09-19T09:00:00+00:00', '--job-id', '109', '--raw', '--subdir', 'DAGS_FOLDER/raizen_lab_01.py', '--cfg-path', '/tmp/tmpier710i_', '--error-file', '/tmp/tmpxfcck4vh']
[2022-08-23 11:28:03,174] {standard_task_runner.py:80} INFO - Job 109: Subtask print_hello
[2022-08-23 11:28:03,317] {task_command.py:371} INFO - Running <TaskInstance: raizen_lab_01.print_hello scheduled__2021-09-19T09:00:00+00:00 [running]> on host 7f48b7aaf0fc
[2022-08-23 11:28:03,483] {taskinstance.py:1591} INFO - Exporting the following env vars:
AIRFLOW_CTX_DAG_OWNER=admin
AIRFLOW_CTX_DAG_ID=raizen_lab_01
AIRFLOW_CTX_TASK_ID=print_hello
AIRFLOW_CTX_EXECUTION_DATE=2021-09-19T09:00:00+00:00
AIRFLOW_CTX_TRY_NUMBER=1
AIRFLOW_CTX_DAG_RUN_ID=scheduled__2021-09-19T09:00:00+00:00
[2022-08-23 11:28:03,487] {subprocess.py:62} INFO - Tmp dir root location: 
 /tmp
[2022-08-23 11:28:03,488] {subprocess.py:74} INFO - Running command: ['bash', '-c', 'echo "hello"']
[2022-08-23 11:28:03,514] {subprocess.py:85} INFO - Output:
[2022-08-23 11:28:03,517] {subprocess.py:92} INFO - hello
[2022-08-23 11:28:03,518] {subprocess.py:96} INFO - Command exited with return code 0
[2022-08-23 11:28:03,582] {taskinstance.py:1420} INFO - Marking task as SUCCESS. dag_id=raizen_lab_01, task_id=print_hello, execution_date=20210919T090000, start_date=20220823T112803, end_date=20220823T112803
[2022-08-23 11:28:03,625] {local_task_job.py:156} INFO - Task exited with return code 0
[2022-08-23 11:28:03,714] {local_task_job.py:273} INFO - 1 downstream tasks scheduled from follow-on schedule check
