[2022-08-23 12:32:26,434] {taskinstance.py:1179} INFO - Dependencies all met for <TaskInstance: raizen_lab_01.print_hello scheduled__2021-12-10T05:00:00+00:00 [queued]>
[2022-08-23 12:32:26,446] {taskinstance.py:1179} INFO - Dependencies all met for <TaskInstance: raizen_lab_01.print_hello scheduled__2021-12-10T05:00:00+00:00 [queued]>
[2022-08-23 12:32:26,446] {taskinstance.py:1376} INFO - 
--------------------------------------------------------------------------------
[2022-08-23 12:32:26,446] {taskinstance.py:1377} INFO - Starting attempt 1 of 2
[2022-08-23 12:32:26,447] {taskinstance.py:1378} INFO - 
--------------------------------------------------------------------------------
[2022-08-23 12:32:26,464] {taskinstance.py:1397} INFO - Executing <Task(BashOperator): print_hello> on 2021-12-10 05:00:00+00:00
[2022-08-23 12:32:26,471] {standard_task_runner.py:52} INFO - Started process 9680 to run task
[2022-08-23 12:32:26,475] {standard_task_runner.py:79} INFO - Running: ['***', 'tasks', 'run', 'raizen_lab_01', 'print_hello', 'scheduled__2021-12-10T05:00:00+00:00', '--job-id', '6011', '--raw', '--subdir', 'DAGS_FOLDER/raizen_lab_01.py', '--cfg-path', '/tmp/tmpv50aeisl', '--error-file', '/tmp/tmpt86fc0v1']
[2022-08-23 12:32:26,477] {standard_task_runner.py:80} INFO - Job 6011: Subtask print_hello
[2022-08-23 12:32:26,555] {task_command.py:371} INFO - Running <TaskInstance: raizen_lab_01.print_hello scheduled__2021-12-10T05:00:00+00:00 [running]> on host 6383a3236c72
[2022-08-23 12:32:26,632] {taskinstance.py:1591} INFO - Exporting the following env vars:
AIRFLOW_CTX_DAG_OWNER=admin
AIRFLOW_CTX_DAG_ID=raizen_lab_01
AIRFLOW_CTX_TASK_ID=print_hello
AIRFLOW_CTX_EXECUTION_DATE=2021-12-10T05:00:00+00:00
AIRFLOW_CTX_TRY_NUMBER=1
AIRFLOW_CTX_DAG_RUN_ID=scheduled__2021-12-10T05:00:00+00:00
[2022-08-23 12:32:26,633] {subprocess.py:62} INFO - Tmp dir root location: 
 /tmp
[2022-08-23 12:32:26,634] {subprocess.py:74} INFO - Running command: ['bash', '-c', 'echo "hello"']
[2022-08-23 12:32:26,645] {subprocess.py:85} INFO - Output:
[2022-08-23 12:32:26,647] {subprocess.py:92} INFO - hello
[2022-08-23 12:32:26,647] {subprocess.py:96} INFO - Command exited with return code 0
[2022-08-23 12:32:26,675] {taskinstance.py:1420} INFO - Marking task as SUCCESS. dag_id=raizen_lab_01, task_id=print_hello, execution_date=20211210T050000, start_date=20220823T123226, end_date=20220823T123226
[2022-08-23 12:32:26,727] {local_task_job.py:156} INFO - Task exited with return code 0
[2022-08-23 12:32:26,777] {local_task_job.py:273} INFO - 1 downstream tasks scheduled from follow-on schedule check
