[2022-08-23 13:15:13,909] {taskinstance.py:1179} INFO - Dependencies all met for <TaskInstance: raizen_lab_01.sleep scheduled__2021-12-31T10:00:00+00:00 [queued]>
[2022-08-23 13:15:13,918] {taskinstance.py:1179} INFO - Dependencies all met for <TaskInstance: raizen_lab_01.sleep scheduled__2021-12-31T10:00:00+00:00 [queued]>
[2022-08-23 13:15:13,918] {taskinstance.py:1376} INFO - 
--------------------------------------------------------------------------------
[2022-08-23 13:15:13,918] {taskinstance.py:1377} INFO - Starting attempt 1 of 2
[2022-08-23 13:15:13,920] {taskinstance.py:1378} INFO - 
--------------------------------------------------------------------------------
[2022-08-23 13:15:13,935] {taskinstance.py:1397} INFO - Executing <Task(BashOperator): sleep> on 2021-12-31 10:00:00+00:00
[2022-08-23 13:15:13,942] {standard_task_runner.py:52} INFO - Started process 933 to run task
[2022-08-23 13:15:13,945] {standard_task_runner.py:79} INFO - Running: ['***', 'tasks', 'run', 'raizen_lab_01', 'sleep', 'scheduled__2021-12-31T10:00:00+00:00', '--job-id', '7561', '--raw', '--subdir', 'DAGS_FOLDER/raizen_lab_01.py', '--cfg-path', '/tmp/tmp41j4beqi', '--error-file', '/tmp/tmpf137nn6b']
[2022-08-23 13:15:13,947] {standard_task_runner.py:80} INFO - Job 7561: Subtask sleep
[2022-08-23 13:15:14,017] {task_command.py:371} INFO - Running <TaskInstance: raizen_lab_01.sleep scheduled__2021-12-31T10:00:00+00:00 [running]> on host 94e929fe2c87
[2022-08-23 13:15:14,088] {taskinstance.py:1591} INFO - Exporting the following env vars:
AIRFLOW_CTX_DAG_OWNER=admin
AIRFLOW_CTX_DAG_ID=raizen_lab_01
AIRFLOW_CTX_TASK_ID=sleep
AIRFLOW_CTX_EXECUTION_DATE=2021-12-31T10:00:00+00:00
AIRFLOW_CTX_TRY_NUMBER=1
AIRFLOW_CTX_DAG_RUN_ID=scheduled__2021-12-31T10:00:00+00:00
[2022-08-23 13:15:14,089] {subprocess.py:62} INFO - Tmp dir root location: 
 /tmp
[2022-08-23 13:15:14,090] {subprocess.py:74} INFO - Running command: ['bash', '-c', 'sleep 5']
[2022-08-23 13:15:14,103] {subprocess.py:85} INFO - Output:
[2022-08-23 13:15:19,107] {subprocess.py:96} INFO - Command exited with return code 0
[2022-08-23 13:15:19,144] {taskinstance.py:1420} INFO - Marking task as SUCCESS. dag_id=raizen_lab_01, task_id=sleep, execution_date=20211231T100000, start_date=20220823T131513, end_date=20220823T131519
[2022-08-23 13:15:19,173] {local_task_job.py:156} INFO - Task exited with return code 0
[2022-08-23 13:15:19,298] {local_task_job.py:273} INFO - 0 downstream tasks scheduled from follow-on schedule check
