[2022-08-23 12:26:42,558] {taskinstance.py:1179} INFO - Dependencies all met for <TaskInstance: raizen_lab_01.sleep scheduled__2021-11-24T23:00:00+00:00 [queued]>
[2022-08-23 12:26:42,565] {taskinstance.py:1179} INFO - Dependencies all met for <TaskInstance: raizen_lab_01.sleep scheduled__2021-11-24T23:00:00+00:00 [queued]>
[2022-08-23 12:26:42,565] {taskinstance.py:1376} INFO - 
--------------------------------------------------------------------------------
[2022-08-23 12:26:42,566] {taskinstance.py:1377} INFO - Starting attempt 1 of 2
[2022-08-23 12:26:42,566] {taskinstance.py:1378} INFO - 
--------------------------------------------------------------------------------
[2022-08-23 12:26:42,580] {taskinstance.py:1397} INFO - Executing <Task(BashOperator): sleep> on 2021-11-24 23:00:00+00:00
[2022-08-23 12:26:42,586] {standard_task_runner.py:52} INFO - Started process 5409 to run task
[2022-08-23 12:26:42,589] {standard_task_runner.py:79} INFO - Running: ['***', 'tasks', 'run', 'raizen_lab_01', 'sleep', 'scheduled__2021-11-24T23:00:00+00:00', '--job-id', '4919', '--raw', '--subdir', 'DAGS_FOLDER/raizen_lab_01.py', '--cfg-path', '/tmp/tmpgiu5q7jy', '--error-file', '/tmp/tmpozdbrov5']
[2022-08-23 12:26:42,590] {standard_task_runner.py:80} INFO - Job 4919: Subtask sleep
[2022-08-23 12:26:42,654] {task_command.py:371} INFO - Running <TaskInstance: raizen_lab_01.sleep scheduled__2021-11-24T23:00:00+00:00 [running]> on host 6383a3236c72
[2022-08-23 12:26:42,729] {taskinstance.py:1591} INFO - Exporting the following env vars:
AIRFLOW_CTX_DAG_OWNER=admin
AIRFLOW_CTX_DAG_ID=raizen_lab_01
AIRFLOW_CTX_TASK_ID=sleep
AIRFLOW_CTX_EXECUTION_DATE=2021-11-24T23:00:00+00:00
AIRFLOW_CTX_TRY_NUMBER=1
AIRFLOW_CTX_DAG_RUN_ID=scheduled__2021-11-24T23:00:00+00:00
[2022-08-23 12:26:42,730] {subprocess.py:62} INFO - Tmp dir root location: 
 /tmp
[2022-08-23 12:26:42,731] {subprocess.py:74} INFO - Running command: ['bash', '-c', 'sleep 5']
[2022-08-23 12:26:42,741] {subprocess.py:85} INFO - Output:
[2022-08-23 12:26:47,743] {subprocess.py:96} INFO - Command exited with return code 0
[2022-08-23 12:26:47,771] {taskinstance.py:1420} INFO - Marking task as SUCCESS. dag_id=raizen_lab_01, task_id=sleep, execution_date=20211124T230000, start_date=20220823T122642, end_date=20220823T122647
[2022-08-23 12:26:47,818] {local_task_job.py:156} INFO - Task exited with return code 0
[2022-08-23 12:26:47,852] {local_task_job.py:273} INFO - 1 downstream tasks scheduled from follow-on schedule check
