[2022-08-23 11:47:45,268] {taskinstance.py:1179} INFO - Dependencies all met for <TaskInstance: raizen_lab_01.print_world scheduled__2021-10-19T19:00:00+00:00 [queued]>
[2022-08-23 11:47:45,286] {taskinstance.py:1179} INFO - Dependencies all met for <TaskInstance: raizen_lab_01.print_world scheduled__2021-10-19T19:00:00+00:00 [queued]>
[2022-08-23 11:47:45,287] {taskinstance.py:1376} INFO - 
--------------------------------------------------------------------------------
[2022-08-23 11:47:45,287] {taskinstance.py:1377} INFO - Starting attempt 1 of 2
[2022-08-23 11:47:45,288] {taskinstance.py:1378} INFO - 
--------------------------------------------------------------------------------
[2022-08-23 11:47:45,315] {taskinstance.py:1397} INFO - Executing <Task(PythonOperator): print_world> on 2021-10-19 19:00:00+00:00
[2022-08-23 11:47:45,322] {standard_task_runner.py:52} INFO - Started process 968 to run task
[2022-08-23 11:47:45,328] {standard_task_runner.py:79} INFO - Running: ['***', 'tasks', 'run', 'raizen_lab_01', 'print_world', 'scheduled__2021-10-19T19:00:00+00:00', '--job-id', '2335', '--raw', '--subdir', 'DAGS_FOLDER/raizen_lab_01.py', '--cfg-path', '/tmp/tmpb82a52j6', '--error-file', '/tmp/tmpj5w6d0uy']
[2022-08-23 11:47:45,329] {standard_task_runner.py:80} INFO - Job 2335: Subtask print_world
[2022-08-23 11:47:45,449] {task_command.py:371} INFO - Running <TaskInstance: raizen_lab_01.print_world scheduled__2021-10-19T19:00:00+00:00 [running]> on host fc645605a611
[2022-08-23 11:47:45,570] {taskinstance.py:1591} INFO - Exporting the following env vars:
AIRFLOW_CTX_DAG_OWNER=admin
AIRFLOW_CTX_DAG_ID=raizen_lab_01
AIRFLOW_CTX_TASK_ID=print_world
AIRFLOW_CTX_EXECUTION_DATE=2021-10-19T19:00:00+00:00
AIRFLOW_CTX_TRY_NUMBER=1
AIRFLOW_CTX_DAG_RUN_ID=scheduled__2021-10-19T19:00:00+00:00
[2022-08-23 11:47:45,572] {logging_mixin.py:115} INFO - world
[2022-08-23 11:47:45,573] {python.py:173} INFO - Done. Returned value was: None
[2022-08-23 11:47:45,597] {taskinstance.py:1420} INFO - Marking task as SUCCESS. dag_id=raizen_lab_01, task_id=print_world, execution_date=20211019T190000, start_date=20220823T114745, end_date=20220823T114745
[2022-08-23 11:47:45,659] {local_task_job.py:156} INFO - Task exited with return code 0
[2022-08-23 11:47:45,712] {local_task_job.py:273} INFO - 0 downstream tasks scheduled from follow-on schedule check
