[2022-08-23 12:09:35,633] {taskinstance.py:1179} INFO - Dependencies all met for <TaskInstance: raizen_lab_01.print_hello scheduled__2021-11-05T11:00:00+00:00 [queued]>
[2022-08-23 12:09:35,641] {taskinstance.py:1179} INFO - Dependencies all met for <TaskInstance: raizen_lab_01.print_hello scheduled__2021-11-05T11:00:00+00:00 [queued]>
[2022-08-23 12:09:35,642] {taskinstance.py:1376} INFO - 
--------------------------------------------------------------------------------
[2022-08-23 12:09:35,642] {taskinstance.py:1377} INFO - Starting attempt 1 of 2
[2022-08-23 12:09:35,642] {taskinstance.py:1378} INFO - 
--------------------------------------------------------------------------------
[2022-08-23 12:09:35,653] {taskinstance.py:1397} INFO - Executing <Task(BashOperator): print_hello> on 2021-11-05 11:00:00+00:00
[2022-08-23 12:09:35,658] {standard_task_runner.py:52} INFO - Started process 2597 to run task
[2022-08-23 12:09:35,661] {standard_task_runner.py:79} INFO - Running: ['***', 'tasks', 'run', 'raizen_lab_01', 'print_hello', 'scheduled__2021-11-05T11:00:00+00:00', '--job-id', '3504', '--raw', '--subdir', 'DAGS_FOLDER/raizen_lab_01.py', '--cfg-path', '/tmp/tmpcvfo4730', '--error-file', '/tmp/tmp339jr7dk']
[2022-08-23 12:09:35,661] {standard_task_runner.py:80} INFO - Job 3504: Subtask print_hello
[2022-08-23 12:09:35,718] {task_command.py:371} INFO - Running <TaskInstance: raizen_lab_01.print_hello scheduled__2021-11-05T11:00:00+00:00 [running]> on host 67b6bdae536e
[2022-08-23 12:09:35,822] {taskinstance.py:1591} INFO - Exporting the following env vars:
AIRFLOW_CTX_DAG_OWNER=admin
AIRFLOW_CTX_DAG_ID=raizen_lab_01
AIRFLOW_CTX_TASK_ID=print_hello
AIRFLOW_CTX_EXECUTION_DATE=2021-11-05T11:00:00+00:00
AIRFLOW_CTX_TRY_NUMBER=1
AIRFLOW_CTX_DAG_RUN_ID=scheduled__2021-11-05T11:00:00+00:00
[2022-08-23 12:09:35,824] {subprocess.py:62} INFO - Tmp dir root location: 
 /tmp
[2022-08-23 12:09:35,825] {subprocess.py:74} INFO - Running command: ['bash', '-c', 'echo "hello"']
[2022-08-23 12:09:35,846] {subprocess.py:85} INFO - Output:
[2022-08-23 12:09:35,848] {subprocess.py:92} INFO - hello
[2022-08-23 12:09:35,849] {subprocess.py:96} INFO - Command exited with return code 0
[2022-08-23 12:09:35,885] {taskinstance.py:1420} INFO - Marking task as SUCCESS. dag_id=raizen_lab_01, task_id=print_hello, execution_date=20211105T110000, start_date=20220823T120935, end_date=20220823T120935
[2022-08-23 12:09:35,913] {local_task_job.py:156} INFO - Task exited with return code 0
[2022-08-23 12:09:35,981] {local_task_job.py:273} INFO - 0 downstream tasks scheduled from follow-on schedule check
