[2022-08-23 12:29:43,351] {taskinstance.py:1179} INFO - Dependencies all met for <TaskInstance: raizen_lab_01.sleep scheduled__2021-12-02T16:00:00+00:00 [queued]>
[2022-08-23 12:29:43,363] {taskinstance.py:1179} INFO - Dependencies all met for <TaskInstance: raizen_lab_01.sleep scheduled__2021-12-02T16:00:00+00:00 [queued]>
[2022-08-23 12:29:43,363] {taskinstance.py:1376} INFO - 
--------------------------------------------------------------------------------
[2022-08-23 12:29:43,363] {taskinstance.py:1377} INFO - Starting attempt 1 of 2
[2022-08-23 12:29:43,364] {taskinstance.py:1378} INFO - 
--------------------------------------------------------------------------------
[2022-08-23 12:29:43,377] {taskinstance.py:1397} INFO - Executing <Task(BashOperator): sleep> on 2021-12-02 16:00:00+00:00
[2022-08-23 12:29:43,384] {standard_task_runner.py:52} INFO - Started process 7624 to run task
[2022-08-23 12:29:43,387] {standard_task_runner.py:79} INFO - Running: ['***', 'tasks', 'run', 'raizen_lab_01', 'sleep', 'scheduled__2021-12-02T16:00:00+00:00', '--job-id', '5484', '--raw', '--subdir', 'DAGS_FOLDER/raizen_lab_01.py', '--cfg-path', '/tmp/tmpoyhz934f', '--error-file', '/tmp/tmpvv2e1jpz']
[2022-08-23 12:29:43,388] {standard_task_runner.py:80} INFO - Job 5484: Subtask sleep
[2022-08-23 12:29:43,456] {task_command.py:371} INFO - Running <TaskInstance: raizen_lab_01.sleep scheduled__2021-12-02T16:00:00+00:00 [running]> on host 6383a3236c72
[2022-08-23 12:29:43,531] {taskinstance.py:1591} INFO - Exporting the following env vars:
AIRFLOW_CTX_DAG_OWNER=admin
AIRFLOW_CTX_DAG_ID=raizen_lab_01
AIRFLOW_CTX_TASK_ID=sleep
AIRFLOW_CTX_EXECUTION_DATE=2021-12-02T16:00:00+00:00
AIRFLOW_CTX_TRY_NUMBER=1
AIRFLOW_CTX_DAG_RUN_ID=scheduled__2021-12-02T16:00:00+00:00
[2022-08-23 12:29:43,533] {subprocess.py:62} INFO - Tmp dir root location: 
 /tmp
[2022-08-23 12:29:43,533] {subprocess.py:74} INFO - Running command: ['bash', '-c', 'sleep 5']
[2022-08-23 12:29:43,548] {subprocess.py:85} INFO - Output:
[2022-08-23 12:29:48,551] {subprocess.py:96} INFO - Command exited with return code 0
[2022-08-23 12:29:48,628] {taskinstance.py:1420} INFO - Marking task as SUCCESS. dag_id=raizen_lab_01, task_id=sleep, execution_date=20211202T160000, start_date=20220823T122943, end_date=20220823T122948
[2022-08-23 12:29:48,651] {local_task_job.py:156} INFO - Task exited with return code 0
[2022-08-23 12:29:48,683] {local_task_job.py:273} INFO - 1 downstream tasks scheduled from follow-on schedule check
