[2022-08-23 11:27:46,152] {taskinstance.py:1179} INFO - Dependencies all met for <TaskInstance: raizen_lab_01.print_hello scheduled__2021-09-18T21:00:00+00:00 [queued]>
[2022-08-23 11:27:46,175] {taskinstance.py:1179} INFO - Dependencies all met for <TaskInstance: raizen_lab_01.print_hello scheduled__2021-09-18T21:00:00+00:00 [queued]>
[2022-08-23 11:27:46,176] {taskinstance.py:1376} INFO - 
--------------------------------------------------------------------------------
[2022-08-23 11:27:46,176] {taskinstance.py:1377} INFO - Starting attempt 1 of 2
[2022-08-23 11:27:46,177] {taskinstance.py:1378} INFO - 
--------------------------------------------------------------------------------
[2022-08-23 11:27:46,209] {taskinstance.py:1397} INFO - Executing <Task(BashOperator): print_hello> on 2021-09-18 21:00:00+00:00
[2022-08-23 11:27:46,218] {standard_task_runner.py:52} INFO - Started process 91 to run task
[2022-08-23 11:27:46,225] {standard_task_runner.py:79} INFO - Running: ['***', 'tasks', 'run', 'raizen_lab_01', 'print_hello', 'scheduled__2021-09-18T21:00:00+00:00', '--job-id', '64', '--raw', '--subdir', 'DAGS_FOLDER/raizen_lab_01.py', '--cfg-path', '/tmp/tmp3jjbt26b', '--error-file', '/tmp/tmpgjyatb_b']
[2022-08-23 11:27:46,226] {standard_task_runner.py:80} INFO - Job 64: Subtask print_hello
[2022-08-23 11:27:46,359] {task_command.py:371} INFO - Running <TaskInstance: raizen_lab_01.print_hello scheduled__2021-09-18T21:00:00+00:00 [running]> on host 7f48b7aaf0fc
[2022-08-23 11:27:46,508] {taskinstance.py:1591} INFO - Exporting the following env vars:
AIRFLOW_CTX_DAG_OWNER=admin
AIRFLOW_CTX_DAG_ID=raizen_lab_01
AIRFLOW_CTX_TASK_ID=print_hello
AIRFLOW_CTX_EXECUTION_DATE=2021-09-18T21:00:00+00:00
AIRFLOW_CTX_TRY_NUMBER=1
AIRFLOW_CTX_DAG_RUN_ID=scheduled__2021-09-18T21:00:00+00:00
[2022-08-23 11:27:46,510] {subprocess.py:62} INFO - Tmp dir root location: 
 /tmp
[2022-08-23 11:27:46,511] {subprocess.py:74} INFO - Running command: ['bash', '-c', 'echo "hello"']
[2022-08-23 11:27:46,528] {subprocess.py:85} INFO - Output:
[2022-08-23 11:27:46,531] {subprocess.py:92} INFO - hello
[2022-08-23 11:27:46,531] {subprocess.py:96} INFO - Command exited with return code 0
[2022-08-23 11:27:46,586] {taskinstance.py:1420} INFO - Marking task as SUCCESS. dag_id=raizen_lab_01, task_id=print_hello, execution_date=20210918T210000, start_date=20220823T112746, end_date=20220823T112746
[2022-08-23 11:27:46,637] {local_task_job.py:156} INFO - Task exited with return code 0
[2022-08-23 11:27:46,737] {local_task_job.py:273} INFO - 1 downstream tasks scheduled from follow-on schedule check
