[2022-08-23 11:28:47,208] {taskinstance.py:1179} INFO - Dependencies all met for <TaskInstance: raizen_lab_01.sleep scheduled__2021-09-20T23:00:00+00:00 [queued]>
[2022-08-23 11:28:47,257] {taskinstance.py:1179} INFO - Dependencies all met for <TaskInstance: raizen_lab_01.sleep scheduled__2021-09-20T23:00:00+00:00 [queued]>
[2022-08-23 11:28:47,263] {taskinstance.py:1376} INFO - 
--------------------------------------------------------------------------------
[2022-08-23 11:28:47,266] {taskinstance.py:1377} INFO - Starting attempt 1 of 2
[2022-08-23 11:28:47,267] {taskinstance.py:1378} INFO - 
--------------------------------------------------------------------------------
[2022-08-23 11:28:47,307] {taskinstance.py:1397} INFO - Executing <Task(BashOperator): sleep> on 2021-09-20 23:00:00+00:00
[2022-08-23 11:28:47,315] {standard_task_runner.py:52} INFO - Started process 562 to run task
[2022-08-23 11:28:47,321] {standard_task_runner.py:79} INFO - Running: ['***', 'tasks', 'run', 'raizen_lab_01', 'sleep', 'scheduled__2021-09-20T23:00:00+00:00', '--job-id', '222', '--raw', '--subdir', 'DAGS_FOLDER/raizen_lab_01.py', '--cfg-path', '/tmp/tmpnvkxzta0', '--error-file', '/tmp/tmpg3_0a3q3']
[2022-08-23 11:28:47,323] {standard_task_runner.py:80} INFO - Job 222: Subtask sleep
[2022-08-23 11:28:47,460] {task_command.py:371} INFO - Running <TaskInstance: raizen_lab_01.sleep scheduled__2021-09-20T23:00:00+00:00 [running]> on host 7f48b7aaf0fc
[2022-08-23 11:28:47,646] {taskinstance.py:1591} INFO - Exporting the following env vars:
AIRFLOW_CTX_DAG_OWNER=admin
AIRFLOW_CTX_DAG_ID=raizen_lab_01
AIRFLOW_CTX_TASK_ID=sleep
AIRFLOW_CTX_EXECUTION_DATE=2021-09-20T23:00:00+00:00
AIRFLOW_CTX_TRY_NUMBER=1
AIRFLOW_CTX_DAG_RUN_ID=scheduled__2021-09-20T23:00:00+00:00
[2022-08-23 11:28:47,648] {subprocess.py:62} INFO - Tmp dir root location: 
 /tmp
[2022-08-23 11:28:47,649] {subprocess.py:74} INFO - Running command: ['bash', '-c', 'sleep 5']
[2022-08-23 11:28:47,668] {subprocess.py:85} INFO - Output:
[2022-08-23 11:28:52,673] {subprocess.py:96} INFO - Command exited with return code 0
[2022-08-23 11:28:52,716] {taskinstance.py:1420} INFO - Marking task as SUCCESS. dag_id=raizen_lab_01, task_id=sleep, execution_date=20210920T230000, start_date=20220823T112847, end_date=20220823T112852
[2022-08-23 11:28:52,751] {local_task_job.py:156} INFO - Task exited with return code 0
[2022-08-23 11:28:52,794] {local_task_job.py:273} INFO - 1 downstream tasks scheduled from follow-on schedule check
