[2022-08-23 12:08:14,151] {taskinstance.py:1179} INFO - Dependencies all met for <TaskInstance: raizen_lab_01.print_world scheduled__2021-10-31T22:00:00+00:00 [queued]>
[2022-08-23 12:08:14,159] {taskinstance.py:1179} INFO - Dependencies all met for <TaskInstance: raizen_lab_01.print_world scheduled__2021-10-31T22:00:00+00:00 [queued]>
[2022-08-23 12:08:14,159] {taskinstance.py:1376} INFO - 
--------------------------------------------------------------------------------
[2022-08-23 12:08:14,159] {taskinstance.py:1377} INFO - Starting attempt 1 of 2
[2022-08-23 12:08:14,160] {taskinstance.py:1378} INFO - 
--------------------------------------------------------------------------------
[2022-08-23 12:08:14,172] {taskinstance.py:1397} INFO - Executing <Task(PythonOperator): print_world> on 2021-10-31 22:00:00+00:00
[2022-08-23 12:08:14,177] {standard_task_runner.py:52} INFO - Started process 1739 to run task
[2022-08-23 12:08:14,181] {standard_task_runner.py:79} INFO - Running: ['***', 'tasks', 'run', 'raizen_lab_01', 'print_world', 'scheduled__2021-10-31T22:00:00+00:00', '--job-id', '3207', '--raw', '--subdir', 'DAGS_FOLDER/raizen_lab_01.py', '--cfg-path', '/tmp/tmpibde98i3', '--error-file', '/tmp/tmprlut0wzb']
[2022-08-23 12:08:14,182] {standard_task_runner.py:80} INFO - Job 3207: Subtask print_world
[2022-08-23 12:08:14,244] {task_command.py:371} INFO - Running <TaskInstance: raizen_lab_01.print_world scheduled__2021-10-31T22:00:00+00:00 [running]> on host 67b6bdae536e
[2022-08-23 12:08:14,307] {taskinstance.py:1591} INFO - Exporting the following env vars:
AIRFLOW_CTX_DAG_OWNER=admin
AIRFLOW_CTX_DAG_ID=raizen_lab_01
AIRFLOW_CTX_TASK_ID=print_world
AIRFLOW_CTX_EXECUTION_DATE=2021-10-31T22:00:00+00:00
AIRFLOW_CTX_TRY_NUMBER=1
AIRFLOW_CTX_DAG_RUN_ID=scheduled__2021-10-31T22:00:00+00:00
[2022-08-23 12:08:14,308] {logging_mixin.py:115} INFO - world
[2022-08-23 12:08:14,308] {python.py:173} INFO - Done. Returned value was: None
[2022-08-23 12:08:14,320] {taskinstance.py:1420} INFO - Marking task as SUCCESS. dag_id=raizen_lab_01, task_id=print_world, execution_date=20211031T220000, start_date=20220823T120814, end_date=20220823T120814
[2022-08-23 12:08:14,353] {local_task_job.py:156} INFO - Task exited with return code 0
[2022-08-23 12:08:14,382] {local_task_job.py:273} INFO - 0 downstream tasks scheduled from follow-on schedule check
