[2022-08-23 12:20:08,164] {taskinstance.py:1179} INFO - Dependencies all met for <TaskInstance: raizen_lab_01.sleep scheduled__2021-11-08T05:00:00+00:00 [queued]>
[2022-08-23 12:20:08,181] {taskinstance.py:1179} INFO - Dependencies all met for <TaskInstance: raizen_lab_01.sleep scheduled__2021-11-08T05:00:00+00:00 [queued]>
[2022-08-23 12:20:08,181] {taskinstance.py:1376} INFO - 
--------------------------------------------------------------------------------
[2022-08-23 12:20:08,182] {taskinstance.py:1377} INFO - Starting attempt 1 of 2
[2022-08-23 12:20:08,182] {taskinstance.py:1378} INFO - 
--------------------------------------------------------------------------------
[2022-08-23 12:20:08,208] {taskinstance.py:1397} INFO - Executing <Task(BashOperator): sleep> on 2021-11-08 05:00:00+00:00
[2022-08-23 12:20:08,216] {standard_task_runner.py:52} INFO - Started process 691 to run task
[2022-08-23 12:20:08,219] {standard_task_runner.py:79} INFO - Running: ['***', 'tasks', 'run', 'raizen_lab_01', 'sleep', 'scheduled__2021-11-08T05:00:00+00:00', '--job-id', '3714', '--raw', '--subdir', 'DAGS_FOLDER/raizen_lab_01.py', '--cfg-path', '/tmp/tmpus_yynux', '--error-file', '/tmp/tmpf1jdm9o_']
[2022-08-23 12:20:08,221] {standard_task_runner.py:80} INFO - Job 3714: Subtask sleep
[2022-08-23 12:20:08,321] {task_command.py:371} INFO - Running <TaskInstance: raizen_lab_01.sleep scheduled__2021-11-08T05:00:00+00:00 [running]> on host 6383a3236c72
[2022-08-23 12:20:08,444] {taskinstance.py:1591} INFO - Exporting the following env vars:
AIRFLOW_CTX_DAG_OWNER=admin
AIRFLOW_CTX_DAG_ID=raizen_lab_01
AIRFLOW_CTX_TASK_ID=sleep
AIRFLOW_CTX_EXECUTION_DATE=2021-11-08T05:00:00+00:00
AIRFLOW_CTX_TRY_NUMBER=1
AIRFLOW_CTX_DAG_RUN_ID=scheduled__2021-11-08T05:00:00+00:00
[2022-08-23 12:20:08,447] {subprocess.py:62} INFO - Tmp dir root location: 
 /tmp
[2022-08-23 12:20:08,449] {subprocess.py:74} INFO - Running command: ['bash', '-c', 'sleep 5']
[2022-08-23 12:20:08,473] {subprocess.py:85} INFO - Output:
[2022-08-23 12:20:13,479] {subprocess.py:96} INFO - Command exited with return code 0
[2022-08-23 12:20:13,507] {taskinstance.py:1420} INFO - Marking task as SUCCESS. dag_id=raizen_lab_01, task_id=sleep, execution_date=20211108T050000, start_date=20220823T122008, end_date=20220823T122013
[2022-08-23 12:20:13,528] {local_task_job.py:156} INFO - Task exited with return code 0
[2022-08-23 12:20:13,555] {local_task_job.py:273} INFO - 1 downstream tasks scheduled from follow-on schedule check
