[2022-08-23 13:14:45,145] {taskinstance.py:1179} INFO - Dependencies all met for <TaskInstance: raizen_lab_01.sleep scheduled__2021-12-30T09:00:00+00:00 [queued]>
[2022-08-23 13:14:45,161] {taskinstance.py:1179} INFO - Dependencies all met for <TaskInstance: raizen_lab_01.sleep scheduled__2021-12-30T09:00:00+00:00 [queued]>
[2022-08-23 13:14:45,162] {taskinstance.py:1376} INFO - 
--------------------------------------------------------------------------------
[2022-08-23 13:14:45,162] {taskinstance.py:1377} INFO - Starting attempt 1 of 2
[2022-08-23 13:14:45,163] {taskinstance.py:1378} INFO - 
--------------------------------------------------------------------------------
[2022-08-23 13:14:45,185] {taskinstance.py:1397} INFO - Executing <Task(BashOperator): sleep> on 2021-12-30 09:00:00+00:00
[2022-08-23 13:14:45,195] {standard_task_runner.py:52} INFO - Started process 636 to run task
[2022-08-23 13:14:45,199] {standard_task_runner.py:79} INFO - Running: ['***', 'tasks', 'run', 'raizen_lab_01', 'sleep', 'scheduled__2021-12-30T09:00:00+00:00', '--job-id', '7485', '--raw', '--subdir', 'DAGS_FOLDER/raizen_lab_01.py', '--cfg-path', '/tmp/tmpzu0bsbnm', '--error-file', '/tmp/tmp84t7bpov']
[2022-08-23 13:14:45,201] {standard_task_runner.py:80} INFO - Job 7485: Subtask sleep
[2022-08-23 13:14:45,290] {task_command.py:371} INFO - Running <TaskInstance: raizen_lab_01.sleep scheduled__2021-12-30T09:00:00+00:00 [running]> on host 94e929fe2c87
[2022-08-23 13:14:45,387] {taskinstance.py:1591} INFO - Exporting the following env vars:
AIRFLOW_CTX_DAG_OWNER=admin
AIRFLOW_CTX_DAG_ID=raizen_lab_01
AIRFLOW_CTX_TASK_ID=sleep
AIRFLOW_CTX_EXECUTION_DATE=2021-12-30T09:00:00+00:00
AIRFLOW_CTX_TRY_NUMBER=1
AIRFLOW_CTX_DAG_RUN_ID=scheduled__2021-12-30T09:00:00+00:00
[2022-08-23 13:14:45,389] {subprocess.py:62} INFO - Tmp dir root location: 
 /tmp
[2022-08-23 13:14:45,390] {subprocess.py:74} INFO - Running command: ['bash', '-c', 'sleep 5']
[2022-08-23 13:14:45,406] {subprocess.py:85} INFO - Output:
[2022-08-23 13:14:50,408] {subprocess.py:96} INFO - Command exited with return code 0
[2022-08-23 13:14:50,433] {taskinstance.py:1420} INFO - Marking task as SUCCESS. dag_id=raizen_lab_01, task_id=sleep, execution_date=20211230T090000, start_date=20220823T131445, end_date=20220823T131450
[2022-08-23 13:14:50,465] {local_task_job.py:156} INFO - Task exited with return code 0
[2022-08-23 13:14:50,491] {local_task_job.py:273} INFO - 1 downstream tasks scheduled from follow-on schedule check
