[2022-08-23 12:28:43,451] {taskinstance.py:1179} INFO - Dependencies all met for <TaskInstance: raizen_lab_01.print_hello scheduled__2021-11-30T09:00:00+00:00 [queued]>
[2022-08-23 12:28:43,460] {taskinstance.py:1179} INFO - Dependencies all met for <TaskInstance: raizen_lab_01.print_hello scheduled__2021-11-30T09:00:00+00:00 [queued]>
[2022-08-23 12:28:43,461] {taskinstance.py:1376} INFO - 
--------------------------------------------------------------------------------
[2022-08-23 12:28:43,461] {taskinstance.py:1377} INFO - Starting attempt 1 of 2
[2022-08-23 12:28:43,462] {taskinstance.py:1378} INFO - 
--------------------------------------------------------------------------------
[2022-08-23 12:28:43,476] {taskinstance.py:1397} INFO - Executing <Task(BashOperator): print_hello> on 2021-11-30 09:00:00+00:00
[2022-08-23 12:28:43,482] {standard_task_runner.py:52} INFO - Started process 6905 to run task
[2022-08-23 12:28:43,485] {standard_task_runner.py:79} INFO - Running: ['***', 'tasks', 'run', 'raizen_lab_01', 'print_hello', 'scheduled__2021-11-30T09:00:00+00:00', '--job-id', '5299', '--raw', '--subdir', 'DAGS_FOLDER/raizen_lab_01.py', '--cfg-path', '/tmp/tmpox9hae0c', '--error-file', '/tmp/tmpc3c95jp7']
[2022-08-23 12:28:43,487] {standard_task_runner.py:80} INFO - Job 5299: Subtask print_hello
[2022-08-23 12:28:43,560] {task_command.py:371} INFO - Running <TaskInstance: raizen_lab_01.print_hello scheduled__2021-11-30T09:00:00+00:00 [running]> on host 6383a3236c72
[2022-08-23 12:28:43,627] {taskinstance.py:1591} INFO - Exporting the following env vars:
AIRFLOW_CTX_DAG_OWNER=admin
AIRFLOW_CTX_DAG_ID=raizen_lab_01
AIRFLOW_CTX_TASK_ID=print_hello
AIRFLOW_CTX_EXECUTION_DATE=2021-11-30T09:00:00+00:00
AIRFLOW_CTX_TRY_NUMBER=1
AIRFLOW_CTX_DAG_RUN_ID=scheduled__2021-11-30T09:00:00+00:00
[2022-08-23 12:28:43,628] {subprocess.py:62} INFO - Tmp dir root location: 
 /tmp
[2022-08-23 12:28:43,629] {subprocess.py:74} INFO - Running command: ['bash', '-c', 'echo "hello"']
[2022-08-23 12:28:43,640] {subprocess.py:85} INFO - Output:
[2022-08-23 12:28:43,642] {subprocess.py:92} INFO - hello
[2022-08-23 12:28:43,643] {subprocess.py:96} INFO - Command exited with return code 0
[2022-08-23 12:28:43,674] {taskinstance.py:1420} INFO - Marking task as SUCCESS. dag_id=raizen_lab_01, task_id=print_hello, execution_date=20211130T090000, start_date=20220823T122843, end_date=20220823T122843
[2022-08-23 12:28:43,817] {local_task_job.py:156} INFO - Task exited with return code 0
[2022-08-23 12:28:43,956] {local_task_job.py:273} INFO - 0 downstream tasks scheduled from follow-on schedule check
