[2022-08-23 12:27:12,631] {taskinstance.py:1179} INFO - Dependencies all met for <TaskInstance: raizen_lab_01.sleep scheduled__2021-11-26T10:00:00+00:00 [queued]>
[2022-08-23 12:27:12,638] {taskinstance.py:1179} INFO - Dependencies all met for <TaskInstance: raizen_lab_01.sleep scheduled__2021-11-26T10:00:00+00:00 [queued]>
[2022-08-23 12:27:12,639] {taskinstance.py:1376} INFO - 
--------------------------------------------------------------------------------
[2022-08-23 12:27:12,639] {taskinstance.py:1377} INFO - Starting attempt 1 of 2
[2022-08-23 12:27:12,640] {taskinstance.py:1378} INFO - 
--------------------------------------------------------------------------------
[2022-08-23 12:27:12,651] {taskinstance.py:1397} INFO - Executing <Task(BashOperator): sleep> on 2021-11-26 10:00:00+00:00
[2022-08-23 12:27:12,656] {standard_task_runner.py:52} INFO - Started process 5800 to run task
[2022-08-23 12:27:12,658] {standard_task_runner.py:79} INFO - Running: ['***', 'tasks', 'run', 'raizen_lab_01', 'sleep', 'scheduled__2021-11-26T10:00:00+00:00', '--job-id', '5019', '--raw', '--subdir', 'DAGS_FOLDER/raizen_lab_01.py', '--cfg-path', '/tmp/tmp7vbaer9e', '--error-file', '/tmp/tmp037nbi41']
[2022-08-23 12:27:12,660] {standard_task_runner.py:80} INFO - Job 5019: Subtask sleep
[2022-08-23 12:27:12,714] {task_command.py:371} INFO - Running <TaskInstance: raizen_lab_01.sleep scheduled__2021-11-26T10:00:00+00:00 [running]> on host 6383a3236c72
[2022-08-23 12:27:12,778] {taskinstance.py:1591} INFO - Exporting the following env vars:
AIRFLOW_CTX_DAG_OWNER=admin
AIRFLOW_CTX_DAG_ID=raizen_lab_01
AIRFLOW_CTX_TASK_ID=sleep
AIRFLOW_CTX_EXECUTION_DATE=2021-11-26T10:00:00+00:00
AIRFLOW_CTX_TRY_NUMBER=1
AIRFLOW_CTX_DAG_RUN_ID=scheduled__2021-11-26T10:00:00+00:00
[2022-08-23 12:27:12,780] {subprocess.py:62} INFO - Tmp dir root location: 
 /tmp
[2022-08-23 12:27:12,780] {subprocess.py:74} INFO - Running command: ['bash', '-c', 'sleep 5']
[2022-08-23 12:27:12,789] {subprocess.py:85} INFO - Output:
[2022-08-23 12:27:17,796] {subprocess.py:96} INFO - Command exited with return code 0
[2022-08-23 12:27:17,856] {taskinstance.py:1420} INFO - Marking task as SUCCESS. dag_id=raizen_lab_01, task_id=sleep, execution_date=20211126T100000, start_date=20220823T122712, end_date=20220823T122717
[2022-08-23 12:27:17,912] {local_task_job.py:156} INFO - Task exited with return code 0
[2022-08-23 12:27:18,034] {local_task_job.py:273} INFO - 0 downstream tasks scheduled from follow-on schedule check
