[2022-08-23 11:31:21,110] {taskinstance.py:1179} INFO - Dependencies all met for <TaskInstance: raizen_lab_01.print_world scheduled__2021-09-26T18:00:00+00:00 [queued]>
[2022-08-23 11:31:21,127] {taskinstance.py:1179} INFO - Dependencies all met for <TaskInstance: raizen_lab_01.print_world scheduled__2021-09-26T18:00:00+00:00 [queued]>
[2022-08-23 11:31:21,128] {taskinstance.py:1376} INFO - 
--------------------------------------------------------------------------------
[2022-08-23 11:31:21,129] {taskinstance.py:1377} INFO - Starting attempt 1 of 2
[2022-08-23 11:31:21,129] {taskinstance.py:1378} INFO - 
--------------------------------------------------------------------------------
[2022-08-23 11:31:21,168] {taskinstance.py:1397} INFO - Executing <Task(PythonOperator): print_world> on 2021-09-26 18:00:00+00:00
[2022-08-23 11:31:21,179] {standard_task_runner.py:52} INFO - Started process 1869 to run task
[2022-08-23 11:31:21,186] {standard_task_runner.py:79} INFO - Running: ['***', 'tasks', 'run', 'raizen_lab_01', 'print_world', 'scheduled__2021-09-26T18:00:00+00:00', '--job-id', '671', '--raw', '--subdir', 'DAGS_FOLDER/raizen_lab_01.py', '--cfg-path', '/tmp/tmpccor40xi', '--error-file', '/tmp/tmphb1axssc']
[2022-08-23 11:31:21,187] {standard_task_runner.py:80} INFO - Job 671: Subtask print_world
[2022-08-23 11:31:21,333] {task_command.py:371} INFO - Running <TaskInstance: raizen_lab_01.print_world scheduled__2021-09-26T18:00:00+00:00 [running]> on host 7f48b7aaf0fc
[2022-08-23 11:31:21,453] {taskinstance.py:1591} INFO - Exporting the following env vars:
AIRFLOW_CTX_DAG_OWNER=admin
AIRFLOW_CTX_DAG_ID=raizen_lab_01
AIRFLOW_CTX_TASK_ID=print_world
AIRFLOW_CTX_EXECUTION_DATE=2021-09-26T18:00:00+00:00
AIRFLOW_CTX_TRY_NUMBER=1
AIRFLOW_CTX_DAG_RUN_ID=scheduled__2021-09-26T18:00:00+00:00
[2022-08-23 11:31:21,455] {logging_mixin.py:115} INFO - world
[2022-08-23 11:31:21,456] {python.py:173} INFO - Done. Returned value was: None
[2022-08-23 11:31:21,479] {taskinstance.py:1420} INFO - Marking task as SUCCESS. dag_id=raizen_lab_01, task_id=print_world, execution_date=20210926T180000, start_date=20220823T113121, end_date=20220823T113121
[2022-08-23 11:31:21,521] {local_task_job.py:156} INFO - Task exited with return code 0
[2022-08-23 11:31:21,579] {local_task_job.py:273} INFO - 0 downstream tasks scheduled from follow-on schedule check
