[2022-08-23 11:47:22,729] {taskinstance.py:1179} INFO - Dependencies all met for <TaskInstance: raizen_lab_01.sleep scheduled__2021-10-19T04:00:00+00:00 [queued]>
[2022-08-23 11:47:22,752] {taskinstance.py:1179} INFO - Dependencies all met for <TaskInstance: raizen_lab_01.sleep scheduled__2021-10-19T04:00:00+00:00 [queued]>
[2022-08-23 11:47:22,753] {taskinstance.py:1376} INFO - 
--------------------------------------------------------------------------------
[2022-08-23 11:47:22,753] {taskinstance.py:1377} INFO - Starting attempt 1 of 2
[2022-08-23 11:47:22,754] {taskinstance.py:1378} INFO - 
--------------------------------------------------------------------------------
[2022-08-23 11:47:22,781] {taskinstance.py:1397} INFO - Executing <Task(BashOperator): sleep> on 2021-10-19 04:00:00+00:00
[2022-08-23 11:47:22,807] {standard_task_runner.py:52} INFO - Started process 764 to run task
[2022-08-23 11:47:22,813] {standard_task_runner.py:79} INFO - Running: ['***', 'tasks', 'run', 'raizen_lab_01', 'sleep', 'scheduled__2021-10-19T04:00:00+00:00', '--job-id', '2268', '--raw', '--subdir', 'DAGS_FOLDER/raizen_lab_01.py', '--cfg-path', '/tmp/tmp85crxl4o', '--error-file', '/tmp/tmplv7cfvyb']
[2022-08-23 11:47:22,814] {standard_task_runner.py:80} INFO - Job 2268: Subtask sleep
[2022-08-23 11:47:22,983] {task_command.py:371} INFO - Running <TaskInstance: raizen_lab_01.sleep scheduled__2021-10-19T04:00:00+00:00 [running]> on host fc645605a611
[2022-08-23 11:47:23,140] {taskinstance.py:1591} INFO - Exporting the following env vars:
AIRFLOW_CTX_DAG_OWNER=admin
AIRFLOW_CTX_DAG_ID=raizen_lab_01
AIRFLOW_CTX_TASK_ID=sleep
AIRFLOW_CTX_EXECUTION_DATE=2021-10-19T04:00:00+00:00
AIRFLOW_CTX_TRY_NUMBER=1
AIRFLOW_CTX_DAG_RUN_ID=scheduled__2021-10-19T04:00:00+00:00
[2022-08-23 11:47:23,143] {subprocess.py:62} INFO - Tmp dir root location: 
 /tmp
[2022-08-23 11:47:23,145] {subprocess.py:74} INFO - Running command: ['bash', '-c', 'sleep 5']
[2022-08-23 11:47:23,164] {subprocess.py:85} INFO - Output:
[2022-08-23 11:47:28,170] {subprocess.py:96} INFO - Command exited with return code 0
[2022-08-23 11:47:28,225] {taskinstance.py:1420} INFO - Marking task as SUCCESS. dag_id=raizen_lab_01, task_id=sleep, execution_date=20211019T040000, start_date=20220823T114722, end_date=20220823T114728
[2022-08-23 11:47:28,267] {local_task_job.py:156} INFO - Task exited with return code 0
[2022-08-23 11:47:28,306] {local_task_job.py:273} INFO - 1 downstream tasks scheduled from follow-on schedule check
