[2022-08-23 13:14:45,441] {taskinstance.py:1179} INFO - Dependencies all met for <TaskInstance: raizen_lab_01.sleep scheduled__2021-12-30T10:00:00+00:00 [queued]>
[2022-08-23 13:14:45,451] {taskinstance.py:1179} INFO - Dependencies all met for <TaskInstance: raizen_lab_01.sleep scheduled__2021-12-30T10:00:00+00:00 [queued]>
[2022-08-23 13:14:45,451] {taskinstance.py:1376} INFO - 
--------------------------------------------------------------------------------
[2022-08-23 13:14:45,451] {taskinstance.py:1377} INFO - Starting attempt 1 of 2
[2022-08-23 13:14:45,452] {taskinstance.py:1378} INFO - 
--------------------------------------------------------------------------------
[2022-08-23 13:14:45,472] {taskinstance.py:1397} INFO - Executing <Task(BashOperator): sleep> on 2021-12-30 10:00:00+00:00
[2022-08-23 13:14:45,479] {standard_task_runner.py:52} INFO - Started process 646 to run task
[2022-08-23 13:14:45,483] {standard_task_runner.py:79} INFO - Running: ['***', 'tasks', 'run', 'raizen_lab_01', 'sleep', 'scheduled__2021-12-30T10:00:00+00:00', '--job-id', '7486', '--raw', '--subdir', 'DAGS_FOLDER/raizen_lab_01.py', '--cfg-path', '/tmp/tmpop09n085', '--error-file', '/tmp/tmpbehjl6po']
[2022-08-23 13:14:45,485] {standard_task_runner.py:80} INFO - Job 7486: Subtask sleep
[2022-08-23 13:14:45,561] {task_command.py:371} INFO - Running <TaskInstance: raizen_lab_01.sleep scheduled__2021-12-30T10:00:00+00:00 [running]> on host 94e929fe2c87
[2022-08-23 13:14:45,649] {taskinstance.py:1591} INFO - Exporting the following env vars:
AIRFLOW_CTX_DAG_OWNER=admin
AIRFLOW_CTX_DAG_ID=raizen_lab_01
AIRFLOW_CTX_TASK_ID=sleep
AIRFLOW_CTX_EXECUTION_DATE=2021-12-30T10:00:00+00:00
AIRFLOW_CTX_TRY_NUMBER=1
AIRFLOW_CTX_DAG_RUN_ID=scheduled__2021-12-30T10:00:00+00:00
[2022-08-23 13:14:45,650] {subprocess.py:62} INFO - Tmp dir root location: 
 /tmp
[2022-08-23 13:14:45,651] {subprocess.py:74} INFO - Running command: ['bash', '-c', 'sleep 5']
[2022-08-23 13:14:45,665] {subprocess.py:85} INFO - Output:
[2022-08-23 13:14:50,668] {subprocess.py:96} INFO - Command exited with return code 0
[2022-08-23 13:14:50,695] {taskinstance.py:1420} INFO - Marking task as SUCCESS. dag_id=raizen_lab_01, task_id=sleep, execution_date=20211230T100000, start_date=20220823T131445, end_date=20220823T131450
[2022-08-23 13:14:50,711] {local_task_job.py:156} INFO - Task exited with return code 0
[2022-08-23 13:14:50,736] {local_task_job.py:273} INFO - 1 downstream tasks scheduled from follow-on schedule check
