[2022-08-23 11:35:54,603] {taskinstance.py:1179} INFO - Dependencies all met for <TaskInstance: raizen_lab_01.sleep scheduled__2021-10-07T14:00:00+00:00 [queued]>
[2022-08-23 11:35:54,620] {taskinstance.py:1179} INFO - Dependencies all met for <TaskInstance: raizen_lab_01.sleep scheduled__2021-10-07T14:00:00+00:00 [queued]>
[2022-08-23 11:35:54,621] {taskinstance.py:1376} INFO - 
--------------------------------------------------------------------------------
[2022-08-23 11:35:54,621] {taskinstance.py:1377} INFO - Starting attempt 1 of 2
[2022-08-23 11:35:54,623] {taskinstance.py:1378} INFO - 
--------------------------------------------------------------------------------
[2022-08-23 11:35:54,646] {taskinstance.py:1397} INFO - Executing <Task(BashOperator): sleep> on 2021-10-07 14:00:00+00:00
[2022-08-23 11:35:54,654] {standard_task_runner.py:52} INFO - Started process 4037 to run task
[2022-08-23 11:35:54,661] {standard_task_runner.py:79} INFO - Running: ['***', 'tasks', 'run', 'raizen_lab_01', 'sleep', 'scheduled__2021-10-07T14:00:00+00:00', '--job-id', '1413', '--raw', '--subdir', 'DAGS_FOLDER/raizen_lab_01.py', '--cfg-path', '/tmp/tmp8m_r257q', '--error-file', '/tmp/tmpfrztq3rj']
[2022-08-23 11:35:54,662] {standard_task_runner.py:80} INFO - Job 1413: Subtask sleep
[2022-08-23 11:35:54,779] {task_command.py:371} INFO - Running <TaskInstance: raizen_lab_01.sleep scheduled__2021-10-07T14:00:00+00:00 [running]> on host 7f48b7aaf0fc
[2022-08-23 11:35:54,884] {taskinstance.py:1591} INFO - Exporting the following env vars:
AIRFLOW_CTX_DAG_OWNER=admin
AIRFLOW_CTX_DAG_ID=raizen_lab_01
AIRFLOW_CTX_TASK_ID=sleep
AIRFLOW_CTX_EXECUTION_DATE=2021-10-07T14:00:00+00:00
AIRFLOW_CTX_TRY_NUMBER=1
AIRFLOW_CTX_DAG_RUN_ID=scheduled__2021-10-07T14:00:00+00:00
[2022-08-23 11:35:54,886] {subprocess.py:62} INFO - Tmp dir root location: 
 /tmp
[2022-08-23 11:35:54,887] {subprocess.py:74} INFO - Running command: ['bash', '-c', 'sleep 5']
[2022-08-23 11:35:54,903] {subprocess.py:85} INFO - Output:
[2022-08-23 11:35:59,908] {subprocess.py:96} INFO - Command exited with return code 0
[2022-08-23 11:35:59,972] {taskinstance.py:1420} INFO - Marking task as SUCCESS. dag_id=raizen_lab_01, task_id=sleep, execution_date=20211007T140000, start_date=20220823T113554, end_date=20220823T113559
[2022-08-23 11:36:00,058] {local_task_job.py:156} INFO - Task exited with return code 0
[2022-08-23 11:36:00,121] {local_task_job.py:273} INFO - 1 downstream tasks scheduled from follow-on schedule check
