[2022-08-23 11:59:03,402] {taskinstance.py:1179} INFO - Dependencies all met for <TaskInstance: raizen_lab_01.sleep scheduled__2021-10-22T05:00:00+00:00 [queued]>
[2022-08-23 11:59:03,423] {taskinstance.py:1179} INFO - Dependencies all met for <TaskInstance: raizen_lab_01.sleep scheduled__2021-10-22T05:00:00+00:00 [queued]>
[2022-08-23 11:59:03,423] {taskinstance.py:1376} INFO - 
--------------------------------------------------------------------------------
[2022-08-23 11:59:03,424] {taskinstance.py:1377} INFO - Starting attempt 1 of 2
[2022-08-23 11:59:03,425] {taskinstance.py:1378} INFO - 
--------------------------------------------------------------------------------
[2022-08-23 11:59:03,446] {taskinstance.py:1397} INFO - Executing <Task(BashOperator): sleep> on 2021-10-22 05:00:00+00:00
[2022-08-23 11:59:03,453] {standard_task_runner.py:52} INFO - Started process 375 to run task
[2022-08-23 11:59:03,458] {standard_task_runner.py:79} INFO - Running: ['***', 'tasks', 'run', 'raizen_lab_01', 'sleep', 'scheduled__2021-10-22T05:00:00+00:00', '--job-id', '2493', '--raw', '--subdir', 'DAGS_FOLDER/raizen_lab_01.py', '--cfg-path', '/tmp/tmpgjfb6wfx', '--error-file', '/tmp/tmp_upmo5p8']
[2022-08-23 11:59:03,458] {standard_task_runner.py:80} INFO - Job 2493: Subtask sleep
[2022-08-23 11:59:03,568] {task_command.py:371} INFO - Running <TaskInstance: raizen_lab_01.sleep scheduled__2021-10-22T05:00:00+00:00 [running]> on host 9f4b06248101
[2022-08-23 11:59:03,714] {taskinstance.py:1591} INFO - Exporting the following env vars:
AIRFLOW_CTX_DAG_OWNER=admin
AIRFLOW_CTX_DAG_ID=raizen_lab_01
AIRFLOW_CTX_TASK_ID=sleep
AIRFLOW_CTX_EXECUTION_DATE=2021-10-22T05:00:00+00:00
AIRFLOW_CTX_TRY_NUMBER=1
AIRFLOW_CTX_DAG_RUN_ID=scheduled__2021-10-22T05:00:00+00:00
[2022-08-23 11:59:03,718] {subprocess.py:62} INFO - Tmp dir root location: 
 /tmp
[2022-08-23 11:59:03,719] {subprocess.py:74} INFO - Running command: ['bash', '-c', 'sleep 5']
[2022-08-23 11:59:03,746] {subprocess.py:85} INFO - Output:
[2022-08-23 11:59:08,753] {subprocess.py:96} INFO - Command exited with return code 0
[2022-08-23 11:59:08,798] {taskinstance.py:1420} INFO - Marking task as SUCCESS. dag_id=raizen_lab_01, task_id=sleep, execution_date=20211022T050000, start_date=20220823T115903, end_date=20220823T115908
[2022-08-23 11:59:08,841] {local_task_job.py:156} INFO - Task exited with return code 0
[2022-08-23 11:59:08,892] {local_task_job.py:273} INFO - 1 downstream tasks scheduled from follow-on schedule check
