[2022-08-23 20:03:38,651] {taskinstance.py:1179} INFO - Dependencies all met for <TaskInstance: raizen_lab_01.sleep scheduled__2022-01-27T23:00:00+00:00 [queued]>
[2022-08-23 20:03:38,673] {taskinstance.py:1179} INFO - Dependencies all met for <TaskInstance: raizen_lab_01.sleep scheduled__2022-01-27T23:00:00+00:00 [queued]>
[2022-08-23 20:03:38,674] {taskinstance.py:1376} INFO - 
--------------------------------------------------------------------------------
[2022-08-23 20:03:38,675] {taskinstance.py:1377} INFO - Starting attempt 1 of 2
[2022-08-23 20:03:38,678] {taskinstance.py:1378} INFO - 
--------------------------------------------------------------------------------
[2022-08-23 20:03:38,711] {taskinstance.py:1397} INFO - Executing <Task(BashOperator): sleep> on 2022-01-27 23:00:00+00:00
[2022-08-23 20:03:38,723] {standard_task_runner.py:52} INFO - Started process 179 to run task
[2022-08-23 20:03:38,732] {standard_task_runner.py:79} INFO - Running: ['***', 'tasks', 'run', 'raizen_lab_01', 'sleep', 'scheduled__2022-01-27T23:00:00+00:00', '--job-id', '9349', '--raw', '--subdir', 'DAGS_FOLDER/raizen_lab_01.py', '--cfg-path', '/tmp/tmpwdl3o7q5', '--error-file', '/tmp/tmpoqa3kemc']
[2022-08-23 20:03:38,734] {standard_task_runner.py:80} INFO - Job 9349: Subtask sleep
[2022-08-23 20:03:38,909] {task_command.py:371} INFO - Running <TaskInstance: raizen_lab_01.sleep scheduled__2022-01-27T23:00:00+00:00 [running]> on host 80fce776ee1f
[2022-08-23 20:03:39,140] {taskinstance.py:1591} INFO - Exporting the following env vars:
AIRFLOW_CTX_DAG_OWNER=admin
AIRFLOW_CTX_DAG_ID=raizen_lab_01
AIRFLOW_CTX_TASK_ID=sleep
AIRFLOW_CTX_EXECUTION_DATE=2022-01-27T23:00:00+00:00
AIRFLOW_CTX_TRY_NUMBER=1
AIRFLOW_CTX_DAG_RUN_ID=scheduled__2022-01-27T23:00:00+00:00
[2022-08-23 20:03:39,149] {subprocess.py:62} INFO - Tmp dir root location: 
 /tmp
[2022-08-23 20:03:39,151] {subprocess.py:74} INFO - Running command: ['bash', '-c', 'sleep 5']
[2022-08-23 20:03:39,188] {subprocess.py:85} INFO - Output:
[2022-08-23 20:03:44,198] {subprocess.py:96} INFO - Command exited with return code 0
[2022-08-23 20:03:44,256] {taskinstance.py:1420} INFO - Marking task as SUCCESS. dag_id=raizen_lab_01, task_id=sleep, execution_date=20220127T230000, start_date=20220823T200338, end_date=20220823T200344
[2022-08-23 20:03:44,321] {local_task_job.py:156} INFO - Task exited with return code 0
[2022-08-23 20:03:44,380] {local_task_job.py:273} INFO - 1 downstream tasks scheduled from follow-on schedule check
