[2022-08-23 12:33:59,010] {taskinstance.py:1179} INFO - Dependencies all met for <TaskInstance: raizen_lab_01.sleep scheduled__2021-12-14T10:00:00+00:00 [queued]>
[2022-08-23 12:33:59,019] {taskinstance.py:1179} INFO - Dependencies all met for <TaskInstance: raizen_lab_01.sleep scheduled__2021-12-14T10:00:00+00:00 [queued]>
[2022-08-23 12:33:59,019] {taskinstance.py:1376} INFO - 
--------------------------------------------------------------------------------
[2022-08-23 12:33:59,020] {taskinstance.py:1377} INFO - Starting attempt 1 of 2
[2022-08-23 12:33:59,020] {taskinstance.py:1378} INFO - 
--------------------------------------------------------------------------------
[2022-08-23 12:33:59,033] {taskinstance.py:1397} INFO - Executing <Task(BashOperator): sleep> on 2021-12-14 10:00:00+00:00
[2022-08-23 12:33:59,039] {standard_task_runner.py:52} INFO - Started process 10870 to run task
[2022-08-23 12:33:59,042] {standard_task_runner.py:79} INFO - Running: ['***', 'tasks', 'run', 'raizen_lab_01', 'sleep', 'scheduled__2021-12-14T10:00:00+00:00', '--job-id', '6315', '--raw', '--subdir', 'DAGS_FOLDER/raizen_lab_01.py', '--cfg-path', '/tmp/tmph8rrfdx6', '--error-file', '/tmp/tmp60a1hh86']
[2022-08-23 12:33:59,043] {standard_task_runner.py:80} INFO - Job 6315: Subtask sleep
[2022-08-23 12:33:59,102] {task_command.py:371} INFO - Running <TaskInstance: raizen_lab_01.sleep scheduled__2021-12-14T10:00:00+00:00 [running]> on host 6383a3236c72
[2022-08-23 12:33:59,167] {taskinstance.py:1591} INFO - Exporting the following env vars:
AIRFLOW_CTX_DAG_OWNER=admin
AIRFLOW_CTX_DAG_ID=raizen_lab_01
AIRFLOW_CTX_TASK_ID=sleep
AIRFLOW_CTX_EXECUTION_DATE=2021-12-14T10:00:00+00:00
AIRFLOW_CTX_TRY_NUMBER=1
AIRFLOW_CTX_DAG_RUN_ID=scheduled__2021-12-14T10:00:00+00:00
[2022-08-23 12:33:59,169] {subprocess.py:62} INFO - Tmp dir root location: 
 /tmp
[2022-08-23 12:33:59,169] {subprocess.py:74} INFO - Running command: ['bash', '-c', 'sleep 5']
[2022-08-23 12:33:59,180] {subprocess.py:85} INFO - Output:
[2022-08-23 12:34:04,182] {subprocess.py:96} INFO - Command exited with return code 0
[2022-08-23 12:34:04,226] {taskinstance.py:1420} INFO - Marking task as SUCCESS. dag_id=raizen_lab_01, task_id=sleep, execution_date=20211214T100000, start_date=20220823T123359, end_date=20220823T123404
[2022-08-23 12:34:04,268] {local_task_job.py:156} INFO - Task exited with return code 0
[2022-08-23 12:34:04,306] {local_task_job.py:273} INFO - 1 downstream tasks scheduled from follow-on schedule check
