[2022-08-23 11:28:07,376] {taskinstance.py:1179} INFO - Dependencies all met for <TaskInstance: raizen_lab_01.sleep scheduled__2021-09-19T16:00:00+00:00 [queued]>
[2022-08-23 11:28:07,403] {taskinstance.py:1179} INFO - Dependencies all met for <TaskInstance: raizen_lab_01.sleep scheduled__2021-09-19T16:00:00+00:00 [queued]>
[2022-08-23 11:28:07,404] {taskinstance.py:1376} INFO - 
--------------------------------------------------------------------------------
[2022-08-23 11:28:07,404] {taskinstance.py:1377} INFO - Starting attempt 1 of 2
[2022-08-23 11:28:07,405] {taskinstance.py:1378} INFO - 
--------------------------------------------------------------------------------
[2022-08-23 11:28:07,437] {taskinstance.py:1397} INFO - Executing <Task(BashOperator): sleep> on 2021-09-19 16:00:00+00:00
[2022-08-23 11:28:07,451] {standard_task_runner.py:52} INFO - Started process 290 to run task
[2022-08-23 11:28:07,459] {standard_task_runner.py:79} INFO - Running: ['***', 'tasks', 'run', 'raizen_lab_01', 'sleep', 'scheduled__2021-09-19T16:00:00+00:00', '--job-id', '130', '--raw', '--subdir', 'DAGS_FOLDER/raizen_lab_01.py', '--cfg-path', '/tmp/tmpe_iqgfob', '--error-file', '/tmp/tmp2d7huueb']
[2022-08-23 11:28:07,466] {standard_task_runner.py:80} INFO - Job 130: Subtask sleep
[2022-08-23 11:28:07,780] {task_command.py:371} INFO - Running <TaskInstance: raizen_lab_01.sleep scheduled__2021-09-19T16:00:00+00:00 [running]> on host 7f48b7aaf0fc
[2022-08-23 11:28:07,991] {taskinstance.py:1591} INFO - Exporting the following env vars:
AIRFLOW_CTX_DAG_OWNER=admin
AIRFLOW_CTX_DAG_ID=raizen_lab_01
AIRFLOW_CTX_TASK_ID=sleep
AIRFLOW_CTX_EXECUTION_DATE=2021-09-19T16:00:00+00:00
AIRFLOW_CTX_TRY_NUMBER=1
AIRFLOW_CTX_DAG_RUN_ID=scheduled__2021-09-19T16:00:00+00:00
[2022-08-23 11:28:08,000] {subprocess.py:62} INFO - Tmp dir root location: 
 /tmp
[2022-08-23 11:28:08,002] {subprocess.py:74} INFO - Running command: ['bash', '-c', 'sleep 5']
[2022-08-23 11:28:08,038] {subprocess.py:85} INFO - Output:
[2022-08-23 11:28:13,047] {subprocess.py:96} INFO - Command exited with return code 0
[2022-08-23 11:28:13,190] {taskinstance.py:1420} INFO - Marking task as SUCCESS. dag_id=raizen_lab_01, task_id=sleep, execution_date=20210919T160000, start_date=20220823T112807, end_date=20220823T112813
[2022-08-23 11:28:13,255] {local_task_job.py:156} INFO - Task exited with return code 0
[2022-08-23 11:28:13,308] {local_task_job.py:273} INFO - 1 downstream tasks scheduled from follow-on schedule check
