[2022-08-23 11:28:44,183] {taskinstance.py:1179} INFO - Dependencies all met for <TaskInstance: raizen_lab_01.sleep scheduled__2021-09-20T16:00:00+00:00 [queued]>
[2022-08-23 11:28:44,203] {taskinstance.py:1179} INFO - Dependencies all met for <TaskInstance: raizen_lab_01.sleep scheduled__2021-09-20T16:00:00+00:00 [queued]>
[2022-08-23 11:28:44,204] {taskinstance.py:1376} INFO - 
--------------------------------------------------------------------------------
[2022-08-23 11:28:44,204] {taskinstance.py:1377} INFO - Starting attempt 1 of 2
[2022-08-23 11:28:44,205] {taskinstance.py:1378} INFO - 
--------------------------------------------------------------------------------
[2022-08-23 11:28:44,228] {taskinstance.py:1397} INFO - Executing <Task(BashOperator): sleep> on 2021-09-20 16:00:00+00:00
[2022-08-23 11:28:44,236] {standard_task_runner.py:52} INFO - Started process 525 to run task
[2022-08-23 11:28:44,242] {standard_task_runner.py:79} INFO - Running: ['***', 'tasks', 'run', 'raizen_lab_01', 'sleep', 'scheduled__2021-09-20T16:00:00+00:00', '--job-id', '211', '--raw', '--subdir', 'DAGS_FOLDER/raizen_lab_01.py', '--cfg-path', '/tmp/tmpemhhx4ix', '--error-file', '/tmp/tmp0dua83rg']
[2022-08-23 11:28:44,243] {standard_task_runner.py:80} INFO - Job 211: Subtask sleep
[2022-08-23 11:28:44,421] {task_command.py:371} INFO - Running <TaskInstance: raizen_lab_01.sleep scheduled__2021-09-20T16:00:00+00:00 [running]> on host 7f48b7aaf0fc
[2022-08-23 11:28:44,626] {taskinstance.py:1591} INFO - Exporting the following env vars:
AIRFLOW_CTX_DAG_OWNER=admin
AIRFLOW_CTX_DAG_ID=raizen_lab_01
AIRFLOW_CTX_TASK_ID=sleep
AIRFLOW_CTX_EXECUTION_DATE=2021-09-20T16:00:00+00:00
AIRFLOW_CTX_TRY_NUMBER=1
AIRFLOW_CTX_DAG_RUN_ID=scheduled__2021-09-20T16:00:00+00:00
[2022-08-23 11:28:44,628] {subprocess.py:62} INFO - Tmp dir root location: 
 /tmp
[2022-08-23 11:28:44,630] {subprocess.py:74} INFO - Running command: ['bash', '-c', 'sleep 5']
[2022-08-23 11:28:44,654] {subprocess.py:85} INFO - Output:
[2022-08-23 11:28:49,659] {subprocess.py:96} INFO - Command exited with return code 0
[2022-08-23 11:28:49,756] {taskinstance.py:1420} INFO - Marking task as SUCCESS. dag_id=raizen_lab_01, task_id=sleep, execution_date=20210920T160000, start_date=20220823T112844, end_date=20220823T112849
[2022-08-23 11:28:49,791] {local_task_job.py:156} INFO - Task exited with return code 0
[2022-08-23 11:28:49,844] {local_task_job.py:273} INFO - 1 downstream tasks scheduled from follow-on schedule check
