[2022-08-24 00:12:13,483] {taskinstance.py:1179} INFO - Dependencies all met for <TaskInstance: raizen_lab_01.insere_dados_na_tabela manual__2022-08-24T00:12:07.901801+00:00 [queued]>
[2022-08-24 00:12:13,496] {taskinstance.py:1179} INFO - Dependencies all met for <TaskInstance: raizen_lab_01.insere_dados_na_tabela manual__2022-08-24T00:12:07.901801+00:00 [queued]>
[2022-08-24 00:12:13,497] {taskinstance.py:1376} INFO - 
--------------------------------------------------------------------------------
[2022-08-24 00:12:13,513] {taskinstance.py:1377} INFO - Starting attempt 1 of 2
[2022-08-24 00:12:13,514] {taskinstance.py:1378} INFO - 
--------------------------------------------------------------------------------
[2022-08-24 00:12:13,558] {taskinstance.py:1397} INFO - Executing <Task(PythonOperator): insere_dados_na_tabela> on 2022-08-24 00:12:07.901801+00:00
[2022-08-24 00:12:13,566] {standard_task_runner.py:52} INFO - Started process 88 to run task
[2022-08-24 00:12:13,572] {standard_task_runner.py:79} INFO - Running: ['***', 'tasks', 'run', 'raizen_lab_01', 'insere_dados_na_tabela', 'manual__2022-08-24T00:12:07.901801+00:00', '--job-id', '9598', '--raw', '--subdir', 'DAGS_FOLDER/raizen_lab_01.py', '--cfg-path', '/tmp/tmpy7uwle6m', '--error-file', '/tmp/tmp2gf7qhie']
[2022-08-24 00:12:13,574] {standard_task_runner.py:80} INFO - Job 9598: Subtask insere_dados_na_tabela
[2022-08-24 00:12:13,713] {task_command.py:371} INFO - Running <TaskInstance: raizen_lab_01.insere_dados_na_tabela manual__2022-08-24T00:12:07.901801+00:00 [running]> on host 25dd15f8d678
[2022-08-24 00:12:13,888] {taskinstance.py:1591} INFO - Exporting the following env vars:
AIRFLOW_CTX_DAG_OWNER=admin
AIRFLOW_CTX_DAG_ID=raizen_lab_01
AIRFLOW_CTX_TASK_ID=insere_dados_na_tabela
AIRFLOW_CTX_EXECUTION_DATE=2022-08-24T00:12:07.901801+00:00
AIRFLOW_CTX_TRY_NUMBER=1
AIRFLOW_CTX_DAG_RUN_ID=manual__2022-08-24T00:12:07.901801+00:00
[2022-08-24 00:12:14,656] {logging_mixin.py:115} INFO - TABELA CRIADA
[2022-08-24 00:12:14,656] {python.py:173} INFO - Done. Returned value was: None
[2022-08-24 00:12:14,681] {taskinstance.py:1420} INFO - Marking task as SUCCESS. dag_id=raizen_lab_01, task_id=insere_dados_na_tabela, execution_date=20220824T001207, start_date=20220824T001213, end_date=20220824T001214
[2022-08-24 00:12:14,829] {local_task_job.py:156} INFO - Task exited with return code 0
[2022-08-24 00:12:14,952] {local_task_job.py:273} INFO - 1 downstream tasks scheduled from follow-on schedule check
