[2022-08-23 11:34:13,252] {taskinstance.py:1179} INFO - Dependencies all met for <TaskInstance: raizen_lab_01.sleep scheduled__2021-10-03T13:00:00+00:00 [queued]>
[2022-08-23 11:34:13,272] {taskinstance.py:1179} INFO - Dependencies all met for <TaskInstance: raizen_lab_01.sleep scheduled__2021-10-03T13:00:00+00:00 [queued]>
[2022-08-23 11:34:13,273] {taskinstance.py:1376} INFO - 
--------------------------------------------------------------------------------
[2022-08-23 11:34:13,273] {taskinstance.py:1377} INFO - Starting attempt 1 of 2
[2022-08-23 11:34:13,274] {taskinstance.py:1378} INFO - 
--------------------------------------------------------------------------------
[2022-08-23 11:34:13,307] {taskinstance.py:1397} INFO - Executing <Task(BashOperator): sleep> on 2021-10-03 13:00:00+00:00
[2022-08-23 11:34:13,316] {standard_task_runner.py:52} INFO - Started process 3198 to run task
[2022-08-23 11:34:13,323] {standard_task_runner.py:79} INFO - Running: ['***', 'tasks', 'run', 'raizen_lab_01', 'sleep', 'scheduled__2021-10-03T13:00:00+00:00', '--job-id', '1124', '--raw', '--subdir', 'DAGS_FOLDER/raizen_lab_01.py', '--cfg-path', '/tmp/tmpao8qy19i', '--error-file', '/tmp/tmp8xh2j26h']
[2022-08-23 11:34:13,324] {standard_task_runner.py:80} INFO - Job 1124: Subtask sleep
[2022-08-23 11:34:13,439] {task_command.py:371} INFO - Running <TaskInstance: raizen_lab_01.sleep scheduled__2021-10-03T13:00:00+00:00 [running]> on host 7f48b7aaf0fc
[2022-08-23 11:34:13,545] {taskinstance.py:1591} INFO - Exporting the following env vars:
AIRFLOW_CTX_DAG_OWNER=admin
AIRFLOW_CTX_DAG_ID=raizen_lab_01
AIRFLOW_CTX_TASK_ID=sleep
AIRFLOW_CTX_EXECUTION_DATE=2021-10-03T13:00:00+00:00
AIRFLOW_CTX_TRY_NUMBER=1
AIRFLOW_CTX_DAG_RUN_ID=scheduled__2021-10-03T13:00:00+00:00
[2022-08-23 11:34:13,547] {subprocess.py:62} INFO - Tmp dir root location: 
 /tmp
[2022-08-23 11:34:13,548] {subprocess.py:74} INFO - Running command: ['bash', '-c', 'sleep 5']
[2022-08-23 11:34:13,564] {subprocess.py:85} INFO - Output:
[2022-08-23 11:34:18,569] {subprocess.py:96} INFO - Command exited with return code 0
[2022-08-23 11:34:18,615] {taskinstance.py:1420} INFO - Marking task as SUCCESS. dag_id=raizen_lab_01, task_id=sleep, execution_date=20211003T130000, start_date=20220823T113413, end_date=20220823T113418
[2022-08-23 11:34:18,649] {local_task_job.py:156} INFO - Task exited with return code 0
[2022-08-23 11:34:18,709] {local_task_job.py:273} INFO - 1 downstream tasks scheduled from follow-on schedule check
