[2022-08-23 12:28:27,604] {taskinstance.py:1179} INFO - Dependencies all met for <TaskInstance: raizen_lab_01.sleep scheduled__2021-11-29T07:00:00+00:00 [queued]>
[2022-08-23 12:28:27,616] {taskinstance.py:1179} INFO - Dependencies all met for <TaskInstance: raizen_lab_01.sleep scheduled__2021-11-29T07:00:00+00:00 [queued]>
[2022-08-23 12:28:27,617] {taskinstance.py:1376} INFO - 
--------------------------------------------------------------------------------
[2022-08-23 12:28:27,617] {taskinstance.py:1377} INFO - Starting attempt 1 of 2
[2022-08-23 12:28:27,618] {taskinstance.py:1378} INFO - 
--------------------------------------------------------------------------------
[2022-08-23 12:28:27,634] {taskinstance.py:1397} INFO - Executing <Task(BashOperator): sleep> on 2021-11-29 07:00:00+00:00
[2022-08-23 12:28:27,641] {standard_task_runner.py:52} INFO - Started process 6674 to run task
[2022-08-23 12:28:27,646] {standard_task_runner.py:79} INFO - Running: ['***', 'tasks', 'run', 'raizen_lab_01', 'sleep', 'scheduled__2021-11-29T07:00:00+00:00', '--job-id', '5241', '--raw', '--subdir', 'DAGS_FOLDER/raizen_lab_01.py', '--cfg-path', '/tmp/tmpi9g4wg0v', '--error-file', '/tmp/tmpmb21g75n']
[2022-08-23 12:28:27,647] {standard_task_runner.py:80} INFO - Job 5241: Subtask sleep
[2022-08-23 12:28:27,723] {task_command.py:371} INFO - Running <TaskInstance: raizen_lab_01.sleep scheduled__2021-11-29T07:00:00+00:00 [running]> on host 6383a3236c72
[2022-08-23 12:28:27,805] {taskinstance.py:1591} INFO - Exporting the following env vars:
AIRFLOW_CTX_DAG_OWNER=admin
AIRFLOW_CTX_DAG_ID=raizen_lab_01
AIRFLOW_CTX_TASK_ID=sleep
AIRFLOW_CTX_EXECUTION_DATE=2021-11-29T07:00:00+00:00
AIRFLOW_CTX_TRY_NUMBER=1
AIRFLOW_CTX_DAG_RUN_ID=scheduled__2021-11-29T07:00:00+00:00
[2022-08-23 12:28:27,807] {subprocess.py:62} INFO - Tmp dir root location: 
 /tmp
[2022-08-23 12:28:27,807] {subprocess.py:74} INFO - Running command: ['bash', '-c', 'sleep 5']
[2022-08-23 12:28:27,819] {subprocess.py:85} INFO - Output:
[2022-08-23 12:28:32,822] {subprocess.py:96} INFO - Command exited with return code 0
[2022-08-23 12:28:32,846] {taskinstance.py:1420} INFO - Marking task as SUCCESS. dag_id=raizen_lab_01, task_id=sleep, execution_date=20211129T070000, start_date=20220823T122827, end_date=20220823T122832
[2022-08-23 12:28:32,871] {local_task_job.py:156} INFO - Task exited with return code 0
[2022-08-23 12:28:32,893] {local_task_job.py:273} INFO - 1 downstream tasks scheduled from follow-on schedule check
