[2022-08-23 14:22:55,144] {taskinstance.py:1179} INFO - Dependencies all met for <TaskInstance: raizen_lab_01.sleep scheduled__2022-01-03T16:00:00+00:00 [queued]>
[2022-08-23 14:22:55,153] {taskinstance.py:1179} INFO - Dependencies all met for <TaskInstance: raizen_lab_01.sleep scheduled__2022-01-03T16:00:00+00:00 [queued]>
[2022-08-23 14:22:55,154] {taskinstance.py:1376} INFO - 
--------------------------------------------------------------------------------
[2022-08-23 14:22:55,154] {taskinstance.py:1377} INFO - Starting attempt 1 of 2
[2022-08-23 14:22:55,155] {taskinstance.py:1378} INFO - 
--------------------------------------------------------------------------------
[2022-08-23 14:22:55,177] {taskinstance.py:1397} INFO - Executing <Task(BashOperator): sleep> on 2022-01-03 16:00:00+00:00
[2022-08-23 14:22:55,185] {standard_task_runner.py:52} INFO - Started process 230 to run task
[2022-08-23 14:22:55,190] {standard_task_runner.py:79} INFO - Running: ['***', 'tasks', 'run', 'raizen_lab_01', 'sleep', 'scheduled__2022-01-03T16:00:00+00:00', '--job-id', '7877', '--raw', '--subdir', 'DAGS_FOLDER/raizen_lab_01.py', '--cfg-path', '/tmp/tmpjp2awo44', '--error-file', '/tmp/tmpuelho7hu']
[2022-08-23 14:22:55,192] {standard_task_runner.py:80} INFO - Job 7877: Subtask sleep
[2022-08-23 14:22:55,297] {task_command.py:371} INFO - Running <TaskInstance: raizen_lab_01.sleep scheduled__2022-01-03T16:00:00+00:00 [running]> on host 02d9cdd4a2f7
[2022-08-23 14:22:55,409] {taskinstance.py:1591} INFO - Exporting the following env vars:
AIRFLOW_CTX_DAG_OWNER=admin
AIRFLOW_CTX_DAG_ID=raizen_lab_01
AIRFLOW_CTX_TASK_ID=sleep
AIRFLOW_CTX_EXECUTION_DATE=2022-01-03T16:00:00+00:00
AIRFLOW_CTX_TRY_NUMBER=1
AIRFLOW_CTX_DAG_RUN_ID=scheduled__2022-01-03T16:00:00+00:00
[2022-08-23 14:22:55,411] {subprocess.py:62} INFO - Tmp dir root location: 
 /tmp
[2022-08-23 14:22:55,412] {subprocess.py:74} INFO - Running command: ['bash', '-c', 'sleep 5']
[2022-08-23 14:22:55,438] {subprocess.py:85} INFO - Output:
[2022-08-23 14:23:00,442] {subprocess.py:96} INFO - Command exited with return code 0
[2022-08-23 14:23:00,468] {taskinstance.py:1420} INFO - Marking task as SUCCESS. dag_id=raizen_lab_01, task_id=sleep, execution_date=20220103T160000, start_date=20220823T142255, end_date=20220823T142300
[2022-08-23 14:23:00,513] {local_task_job.py:156} INFO - Task exited with return code 0
[2022-08-23 14:23:00,538] {local_task_job.py:273} INFO - 1 downstream tasks scheduled from follow-on schedule check
