[2022-08-23 12:29:14,283] {taskinstance.py:1179} INFO - Dependencies all met for <TaskInstance: raizen_lab_01.sleep scheduled__2021-12-01T13:00:00+00:00 [queued]>
[2022-08-23 12:29:14,292] {taskinstance.py:1179} INFO - Dependencies all met for <TaskInstance: raizen_lab_01.sleep scheduled__2021-12-01T13:00:00+00:00 [queued]>
[2022-08-23 12:29:14,292] {taskinstance.py:1376} INFO - 
--------------------------------------------------------------------------------
[2022-08-23 12:29:14,293] {taskinstance.py:1377} INFO - Starting attempt 1 of 2
[2022-08-23 12:29:14,293] {taskinstance.py:1378} INFO - 
--------------------------------------------------------------------------------
[2022-08-23 12:29:14,310] {taskinstance.py:1397} INFO - Executing <Task(BashOperator): sleep> on 2021-12-01 13:00:00+00:00
[2022-08-23 12:29:14,317] {standard_task_runner.py:52} INFO - Started process 7275 to run task
[2022-08-23 12:29:14,320] {standard_task_runner.py:79} INFO - Running: ['***', 'tasks', 'run', 'raizen_lab_01', 'sleep', 'scheduled__2021-12-01T13:00:00+00:00', '--job-id', '5395', '--raw', '--subdir', 'DAGS_FOLDER/raizen_lab_01.py', '--cfg-path', '/tmp/tmpycdjav4d', '--error-file', '/tmp/tmp3wc8uhdn']
[2022-08-23 12:29:14,322] {standard_task_runner.py:80} INFO - Job 5395: Subtask sleep
[2022-08-23 12:29:14,387] {task_command.py:371} INFO - Running <TaskInstance: raizen_lab_01.sleep scheduled__2021-12-01T13:00:00+00:00 [running]> on host 6383a3236c72
[2022-08-23 12:29:14,458] {taskinstance.py:1591} INFO - Exporting the following env vars:
AIRFLOW_CTX_DAG_OWNER=admin
AIRFLOW_CTX_DAG_ID=raizen_lab_01
AIRFLOW_CTX_TASK_ID=sleep
AIRFLOW_CTX_EXECUTION_DATE=2021-12-01T13:00:00+00:00
AIRFLOW_CTX_TRY_NUMBER=1
AIRFLOW_CTX_DAG_RUN_ID=scheduled__2021-12-01T13:00:00+00:00
[2022-08-23 12:29:14,460] {subprocess.py:62} INFO - Tmp dir root location: 
 /tmp
[2022-08-23 12:29:14,461] {subprocess.py:74} INFO - Running command: ['bash', '-c', 'sleep 5']
[2022-08-23 12:29:14,474] {subprocess.py:85} INFO - Output:
[2022-08-23 12:29:19,478] {subprocess.py:96} INFO - Command exited with return code 0
[2022-08-23 12:29:19,517] {taskinstance.py:1420} INFO - Marking task as SUCCESS. dag_id=raizen_lab_01, task_id=sleep, execution_date=20211201T130000, start_date=20220823T122914, end_date=20220823T122919
[2022-08-23 12:29:19,558] {local_task_job.py:156} INFO - Task exited with return code 0
[2022-08-23 12:29:19,686] {local_task_job.py:273} INFO - 0 downstream tasks scheduled from follow-on schedule check
