[2022-08-23 12:09:48,192] {taskinstance.py:1179} INFO - Dependencies all met for <TaskInstance: raizen_lab_01.sleep scheduled__2021-11-05T23:00:00+00:00 [queued]>
[2022-08-23 12:09:48,200] {taskinstance.py:1179} INFO - Dependencies all met for <TaskInstance: raizen_lab_01.sleep scheduled__2021-11-05T23:00:00+00:00 [queued]>
[2022-08-23 12:09:48,200] {taskinstance.py:1376} INFO - 
--------------------------------------------------------------------------------
[2022-08-23 12:09:48,201] {taskinstance.py:1377} INFO - Starting attempt 1 of 2
[2022-08-23 12:09:48,201] {taskinstance.py:1378} INFO - 
--------------------------------------------------------------------------------
[2022-08-23 12:09:48,214] {taskinstance.py:1397} INFO - Executing <Task(BashOperator): sleep> on 2021-11-05 23:00:00+00:00
[2022-08-23 12:09:48,219] {standard_task_runner.py:52} INFO - Started process 2725 to run task
[2022-08-23 12:09:48,221] {standard_task_runner.py:79} INFO - Running: ['***', 'tasks', 'run', 'raizen_lab_01', 'sleep', 'scheduled__2021-11-05T23:00:00+00:00', '--job-id', '3550', '--raw', '--subdir', 'DAGS_FOLDER/raizen_lab_01.py', '--cfg-path', '/tmp/tmp4ksc_nkg', '--error-file', '/tmp/tmpxpatj7ns']
[2022-08-23 12:09:48,222] {standard_task_runner.py:80} INFO - Job 3550: Subtask sleep
[2022-08-23 12:09:48,278] {task_command.py:371} INFO - Running <TaskInstance: raizen_lab_01.sleep scheduled__2021-11-05T23:00:00+00:00 [running]> on host 67b6bdae536e
[2022-08-23 12:09:48,350] {taskinstance.py:1591} INFO - Exporting the following env vars:
AIRFLOW_CTX_DAG_OWNER=admin
AIRFLOW_CTX_DAG_ID=raizen_lab_01
AIRFLOW_CTX_TASK_ID=sleep
AIRFLOW_CTX_EXECUTION_DATE=2021-11-05T23:00:00+00:00
AIRFLOW_CTX_TRY_NUMBER=1
AIRFLOW_CTX_DAG_RUN_ID=scheduled__2021-11-05T23:00:00+00:00
[2022-08-23 12:09:48,352] {subprocess.py:62} INFO - Tmp dir root location: 
 /tmp
[2022-08-23 12:09:48,353] {subprocess.py:74} INFO - Running command: ['bash', '-c', 'sleep 5']
[2022-08-23 12:09:48,366] {subprocess.py:85} INFO - Output:
[2022-08-23 12:09:53,369] {subprocess.py:96} INFO - Command exited with return code 0
[2022-08-23 12:09:53,395] {taskinstance.py:1420} INFO - Marking task as SUCCESS. dag_id=raizen_lab_01, task_id=sleep, execution_date=20211105T230000, start_date=20220823T120948, end_date=20220823T120953
[2022-08-23 12:09:53,449] {local_task_job.py:156} INFO - Task exited with return code 0
[2022-08-23 12:09:53,480] {local_task_job.py:273} INFO - 1 downstream tasks scheduled from follow-on schedule check
