[2022-08-23 11:47:54,911] {taskinstance.py:1179} INFO - Dependencies all met for <TaskInstance: raizen_lab_01.sleep scheduled__2021-10-20T11:00:00+00:00 [queued]>
[2022-08-23 11:47:54,930] {taskinstance.py:1179} INFO - Dependencies all met for <TaskInstance: raizen_lab_01.sleep scheduled__2021-10-20T11:00:00+00:00 [queued]>
[2022-08-23 11:47:54,930] {taskinstance.py:1376} INFO - 
--------------------------------------------------------------------------------
[2022-08-23 11:47:54,931] {taskinstance.py:1377} INFO - Starting attempt 1 of 2
[2022-08-23 11:47:54,931] {taskinstance.py:1378} INFO - 
--------------------------------------------------------------------------------
[2022-08-23 11:47:54,960] {taskinstance.py:1397} INFO - Executing <Task(BashOperator): sleep> on 2021-10-20 11:00:00+00:00
[2022-08-23 11:47:54,968] {standard_task_runner.py:52} INFO - Started process 1027 to run task
[2022-08-23 11:47:54,974] {standard_task_runner.py:79} INFO - Running: ['***', 'tasks', 'run', 'raizen_lab_01', 'sleep', 'scheduled__2021-10-20T11:00:00+00:00', '--job-id', '2357', '--raw', '--subdir', 'DAGS_FOLDER/raizen_lab_01.py', '--cfg-path', '/tmp/tmp8w5vhe33', '--error-file', '/tmp/tmpke48vckf']
[2022-08-23 11:47:54,975] {standard_task_runner.py:80} INFO - Job 2357: Subtask sleep
[2022-08-23 11:47:55,093] {task_command.py:371} INFO - Running <TaskInstance: raizen_lab_01.sleep scheduled__2021-10-20T11:00:00+00:00 [running]> on host fc645605a611
[2022-08-23 11:47:55,199] {taskinstance.py:1591} INFO - Exporting the following env vars:
AIRFLOW_CTX_DAG_OWNER=admin
AIRFLOW_CTX_DAG_ID=raizen_lab_01
AIRFLOW_CTX_TASK_ID=sleep
AIRFLOW_CTX_EXECUTION_DATE=2021-10-20T11:00:00+00:00
AIRFLOW_CTX_TRY_NUMBER=1
AIRFLOW_CTX_DAG_RUN_ID=scheduled__2021-10-20T11:00:00+00:00
[2022-08-23 11:47:55,202] {subprocess.py:62} INFO - Tmp dir root location: 
 /tmp
[2022-08-23 11:47:55,203] {subprocess.py:74} INFO - Running command: ['bash', '-c', 'sleep 5']
[2022-08-23 11:47:55,221] {subprocess.py:85} INFO - Output:
[2022-08-23 11:48:00,227] {subprocess.py:96} INFO - Command exited with return code 0
[2022-08-23 11:48:00,293] {taskinstance.py:1420} INFO - Marking task as SUCCESS. dag_id=raizen_lab_01, task_id=sleep, execution_date=20211020T110000, start_date=20220823T114754, end_date=20220823T114800
[2022-08-23 11:48:00,352] {local_task_job.py:156} INFO - Task exited with return code 0
[2022-08-23 11:48:00,399] {local_task_job.py:273} INFO - 1 downstream tasks scheduled from follow-on schedule check
