[2022-08-23 12:37:00,476] {taskinstance.py:1179} INFO - Dependencies all met for <TaskInstance: raizen_lab_01.print_hello scheduled__2021-12-22T05:00:00+00:00 [queued]>
[2022-08-23 12:37:00,485] {taskinstance.py:1179} INFO - Dependencies all met for <TaskInstance: raizen_lab_01.print_hello scheduled__2021-12-22T05:00:00+00:00 [queued]>
[2022-08-23 12:37:00,486] {taskinstance.py:1376} INFO - 
--------------------------------------------------------------------------------
[2022-08-23 12:37:00,486] {taskinstance.py:1377} INFO - Starting attempt 1 of 2
[2022-08-23 12:37:00,487] {taskinstance.py:1378} INFO - 
--------------------------------------------------------------------------------
[2022-08-23 12:37:00,510] {taskinstance.py:1397} INFO - Executing <Task(BashOperator): print_hello> on 2021-12-22 05:00:00+00:00
[2022-08-23 12:37:00,518] {standard_task_runner.py:52} INFO - Started process 13077 to run task
[2022-08-23 12:37:00,522] {standard_task_runner.py:79} INFO - Running: ['***', 'tasks', 'run', 'raizen_lab_01', 'print_hello', 'scheduled__2021-12-22T05:00:00+00:00', '--job-id', '6878', '--raw', '--subdir', 'DAGS_FOLDER/raizen_lab_01.py', '--cfg-path', '/tmp/tmpqvp15s7i', '--error-file', '/tmp/tmpougbct4g']
[2022-08-23 12:37:00,524] {standard_task_runner.py:80} INFO - Job 6878: Subtask print_hello
[2022-08-23 12:37:00,608] {task_command.py:371} INFO - Running <TaskInstance: raizen_lab_01.print_hello scheduled__2021-12-22T05:00:00+00:00 [running]> on host 6383a3236c72
[2022-08-23 12:37:00,689] {taskinstance.py:1591} INFO - Exporting the following env vars:
AIRFLOW_CTX_DAG_OWNER=admin
AIRFLOW_CTX_DAG_ID=raizen_lab_01
AIRFLOW_CTX_TASK_ID=print_hello
AIRFLOW_CTX_EXECUTION_DATE=2021-12-22T05:00:00+00:00
AIRFLOW_CTX_TRY_NUMBER=1
AIRFLOW_CTX_DAG_RUN_ID=scheduled__2021-12-22T05:00:00+00:00
[2022-08-23 12:37:00,691] {subprocess.py:62} INFO - Tmp dir root location: 
 /tmp
[2022-08-23 12:37:00,692] {subprocess.py:74} INFO - Running command: ['bash', '-c', 'echo "hello"']
[2022-08-23 12:37:00,708] {subprocess.py:85} INFO - Output:
[2022-08-23 12:37:00,710] {subprocess.py:92} INFO - hello
[2022-08-23 12:37:00,711] {subprocess.py:96} INFO - Command exited with return code 0
[2022-08-23 12:37:00,839] {taskinstance.py:1420} INFO - Marking task as SUCCESS. dag_id=raizen_lab_01, task_id=print_hello, execution_date=20211222T050000, start_date=20220823T123700, end_date=20220823T123700
[2022-08-23 12:37:00,895] {local_task_job.py:156} INFO - Task exited with return code 0
[2022-08-23 12:37:00,967] {local_task_job.py:273} INFO - 1 downstream tasks scheduled from follow-on schedule check
