[2022-08-23 12:30:23,005] {taskinstance.py:1179} INFO - Dependencies all met for <TaskInstance: raizen_lab_01.print_hello scheduled__2021-12-04T12:00:00+00:00 [queued]>
[2022-08-23 12:30:23,014] {taskinstance.py:1179} INFO - Dependencies all met for <TaskInstance: raizen_lab_01.print_hello scheduled__2021-12-04T12:00:00+00:00 [queued]>
[2022-08-23 12:30:23,015] {taskinstance.py:1376} INFO - 
--------------------------------------------------------------------------------
[2022-08-23 12:30:23,015] {taskinstance.py:1377} INFO - Starting attempt 1 of 2
[2022-08-23 12:30:23,015] {taskinstance.py:1378} INFO - 
--------------------------------------------------------------------------------
[2022-08-23 12:30:23,028] {taskinstance.py:1397} INFO - Executing <Task(BashOperator): print_hello> on 2021-12-04 12:00:00+00:00
[2022-08-23 12:30:23,035] {standard_task_runner.py:52} INFO - Started process 8111 to run task
[2022-08-23 12:30:23,038] {standard_task_runner.py:79} INFO - Running: ['***', 'tasks', 'run', 'raizen_lab_01', 'print_hello', 'scheduled__2021-12-04T12:00:00+00:00', '--job-id', '5611', '--raw', '--subdir', 'DAGS_FOLDER/raizen_lab_01.py', '--cfg-path', '/tmp/tmp9i6hse0r', '--error-file', '/tmp/tmp7jsc1al0']
[2022-08-23 12:30:23,039] {standard_task_runner.py:80} INFO - Job 5611: Subtask print_hello
[2022-08-23 12:30:23,101] {task_command.py:371} INFO - Running <TaskInstance: raizen_lab_01.print_hello scheduled__2021-12-04T12:00:00+00:00 [running]> on host 6383a3236c72
[2022-08-23 12:30:23,166] {taskinstance.py:1591} INFO - Exporting the following env vars:
AIRFLOW_CTX_DAG_OWNER=admin
AIRFLOW_CTX_DAG_ID=raizen_lab_01
AIRFLOW_CTX_TASK_ID=print_hello
AIRFLOW_CTX_EXECUTION_DATE=2021-12-04T12:00:00+00:00
AIRFLOW_CTX_TRY_NUMBER=1
AIRFLOW_CTX_DAG_RUN_ID=scheduled__2021-12-04T12:00:00+00:00
[2022-08-23 12:30:23,168] {subprocess.py:62} INFO - Tmp dir root location: 
 /tmp
[2022-08-23 12:30:23,169] {subprocess.py:74} INFO - Running command: ['bash', '-c', 'echo "hello"']
[2022-08-23 12:30:23,182] {subprocess.py:85} INFO - Output:
[2022-08-23 12:30:23,184] {subprocess.py:92} INFO - hello
[2022-08-23 12:30:23,184] {subprocess.py:96} INFO - Command exited with return code 0
[2022-08-23 12:30:23,211] {taskinstance.py:1420} INFO - Marking task as SUCCESS. dag_id=raizen_lab_01, task_id=print_hello, execution_date=20211204T120000, start_date=20220823T123023, end_date=20220823T123023
[2022-08-23 12:30:23,250] {local_task_job.py:156} INFO - Task exited with return code 0
[2022-08-23 12:30:23,285] {local_task_job.py:273} INFO - 1 downstream tasks scheduled from follow-on schedule check
