[2022-08-23 12:37:18,773] {taskinstance.py:1179} INFO - Dependencies all met for <TaskInstance: raizen_lab_01.sleep scheduled__2021-12-23T03:00:00+00:00 [queued]>
[2022-08-23 12:37:18,783] {taskinstance.py:1179} INFO - Dependencies all met for <TaskInstance: raizen_lab_01.sleep scheduled__2021-12-23T03:00:00+00:00 [queued]>
[2022-08-23 12:37:18,783] {taskinstance.py:1376} INFO - 
--------------------------------------------------------------------------------
[2022-08-23 12:37:18,784] {taskinstance.py:1377} INFO - Starting attempt 1 of 2
[2022-08-23 12:37:18,786] {taskinstance.py:1378} INFO - 
--------------------------------------------------------------------------------
[2022-08-23 12:37:18,800] {taskinstance.py:1397} INFO - Executing <Task(BashOperator): sleep> on 2021-12-23 03:00:00+00:00
[2022-08-23 12:37:18,807] {standard_task_runner.py:52} INFO - Started process 13347 to run task
[2022-08-23 12:37:18,810] {standard_task_runner.py:79} INFO - Running: ['***', 'tasks', 'run', 'raizen_lab_01', 'sleep', 'scheduled__2021-12-23T03:00:00+00:00', '--job-id', '6948', '--raw', '--subdir', 'DAGS_FOLDER/raizen_lab_01.py', '--cfg-path', '/tmp/tmp_ya9zl68', '--error-file', '/tmp/tmp34afz79o']
[2022-08-23 12:37:18,811] {standard_task_runner.py:80} INFO - Job 6948: Subtask sleep
[2022-08-23 12:37:18,884] {task_command.py:371} INFO - Running <TaskInstance: raizen_lab_01.sleep scheduled__2021-12-23T03:00:00+00:00 [running]> on host 6383a3236c72
[2022-08-23 12:37:18,951] {taskinstance.py:1591} INFO - Exporting the following env vars:
AIRFLOW_CTX_DAG_OWNER=admin
AIRFLOW_CTX_DAG_ID=raizen_lab_01
AIRFLOW_CTX_TASK_ID=sleep
AIRFLOW_CTX_EXECUTION_DATE=2021-12-23T03:00:00+00:00
AIRFLOW_CTX_TRY_NUMBER=1
AIRFLOW_CTX_DAG_RUN_ID=scheduled__2021-12-23T03:00:00+00:00
[2022-08-23 12:37:18,952] {subprocess.py:62} INFO - Tmp dir root location: 
 /tmp
[2022-08-23 12:37:18,953] {subprocess.py:74} INFO - Running command: ['bash', '-c', 'sleep 5']
[2022-08-23 12:37:18,965] {subprocess.py:85} INFO - Output:
[2022-08-23 12:37:23,968] {subprocess.py:96} INFO - Command exited with return code 0
[2022-08-23 12:37:23,996] {taskinstance.py:1420} INFO - Marking task as SUCCESS. dag_id=raizen_lab_01, task_id=sleep, execution_date=20211223T030000, start_date=20220823T123718, end_date=20220823T123723
[2022-08-23 12:37:24,041] {local_task_job.py:156} INFO - Task exited with return code 0
[2022-08-23 12:37:24,142] {local_task_job.py:273} INFO - 0 downstream tasks scheduled from follow-on schedule check
