[2022-08-23 11:47:59,495] {taskinstance.py:1179} INFO - Dependencies all met for <TaskInstance: raizen_lab_01.sleep scheduled__2021-10-20T20:00:00+00:00 [queued]>
[2022-08-23 11:47:59,522] {taskinstance.py:1179} INFO - Dependencies all met for <TaskInstance: raizen_lab_01.sleep scheduled__2021-10-20T20:00:00+00:00 [queued]>
[2022-08-23 11:47:59,523] {taskinstance.py:1376} INFO - 
--------------------------------------------------------------------------------
[2022-08-23 11:47:59,523] {taskinstance.py:1377} INFO - Starting attempt 1 of 2
[2022-08-23 11:47:59,524] {taskinstance.py:1378} INFO - 
--------------------------------------------------------------------------------
[2022-08-23 11:47:59,553] {taskinstance.py:1397} INFO - Executing <Task(BashOperator): sleep> on 2021-10-20 20:00:00+00:00
[2022-08-23 11:47:59,564] {standard_task_runner.py:52} INFO - Started process 1085 to run task
[2022-08-23 11:47:59,570] {standard_task_runner.py:79} INFO - Running: ['***', 'tasks', 'run', 'raizen_lab_01', 'sleep', 'scheduled__2021-10-20T20:00:00+00:00', '--job-id', '2375', '--raw', '--subdir', 'DAGS_FOLDER/raizen_lab_01.py', '--cfg-path', '/tmp/tmp4fh_n5jv', '--error-file', '/tmp/tmpfndnppmn']
[2022-08-23 11:47:59,571] {standard_task_runner.py:80} INFO - Job 2375: Subtask sleep
[2022-08-23 11:47:59,716] {task_command.py:371} INFO - Running <TaskInstance: raizen_lab_01.sleep scheduled__2021-10-20T20:00:00+00:00 [running]> on host fc645605a611
[2022-08-23 11:47:59,867] {taskinstance.py:1591} INFO - Exporting the following env vars:
AIRFLOW_CTX_DAG_OWNER=admin
AIRFLOW_CTX_DAG_ID=raizen_lab_01
AIRFLOW_CTX_TASK_ID=sleep
AIRFLOW_CTX_EXECUTION_DATE=2021-10-20T20:00:00+00:00
AIRFLOW_CTX_TRY_NUMBER=1
AIRFLOW_CTX_DAG_RUN_ID=scheduled__2021-10-20T20:00:00+00:00
[2022-08-23 11:47:59,869] {subprocess.py:62} INFO - Tmp dir root location: 
 /tmp
[2022-08-23 11:47:59,871] {subprocess.py:74} INFO - Running command: ['bash', '-c', 'sleep 5']
[2022-08-23 11:47:59,889] {subprocess.py:85} INFO - Output:
[2022-08-23 11:48:04,894] {subprocess.py:96} INFO - Command exited with return code 0
[2022-08-23 11:48:04,958] {taskinstance.py:1420} INFO - Marking task as SUCCESS. dag_id=raizen_lab_01, task_id=sleep, execution_date=20211020T200000, start_date=20220823T114759, end_date=20220823T114804
[2022-08-23 11:48:05,009] {local_task_job.py:156} INFO - Task exited with return code 0
[2022-08-23 11:48:05,059] {local_task_job.py:273} INFO - 1 downstream tasks scheduled from follow-on schedule check
