[2022-08-23 12:27:57,788] {taskinstance.py:1179} INFO - Dependencies all met for <TaskInstance: raizen_lab_01.sleep scheduled__2021-11-28T01:00:00+00:00 [queued]>
[2022-08-23 12:27:57,798] {taskinstance.py:1179} INFO - Dependencies all met for <TaskInstance: raizen_lab_01.sleep scheduled__2021-11-28T01:00:00+00:00 [queued]>
[2022-08-23 12:27:57,798] {taskinstance.py:1376} INFO - 
--------------------------------------------------------------------------------
[2022-08-23 12:27:57,799] {taskinstance.py:1377} INFO - Starting attempt 1 of 2
[2022-08-23 12:27:57,801] {taskinstance.py:1378} INFO - 
--------------------------------------------------------------------------------
[2022-08-23 12:27:57,820] {taskinstance.py:1397} INFO - Executing <Task(BashOperator): sleep> on 2021-11-28 01:00:00+00:00
[2022-08-23 12:27:57,827] {standard_task_runner.py:52} INFO - Started process 6312 to run task
[2022-08-23 12:27:57,830] {standard_task_runner.py:79} INFO - Running: ['***', 'tasks', 'run', 'raizen_lab_01', 'sleep', 'scheduled__2021-11-28T01:00:00+00:00', '--job-id', '5147', '--raw', '--subdir', 'DAGS_FOLDER/raizen_lab_01.py', '--cfg-path', '/tmp/tmpionh_1er', '--error-file', '/tmp/tmpugk4ypph']
[2022-08-23 12:27:57,832] {standard_task_runner.py:80} INFO - Job 5147: Subtask sleep
[2022-08-23 12:27:57,912] {task_command.py:371} INFO - Running <TaskInstance: raizen_lab_01.sleep scheduled__2021-11-28T01:00:00+00:00 [running]> on host 6383a3236c72
[2022-08-23 12:27:58,058] {taskinstance.py:1591} INFO - Exporting the following env vars:
AIRFLOW_CTX_DAG_OWNER=admin
AIRFLOW_CTX_DAG_ID=raizen_lab_01
AIRFLOW_CTX_TASK_ID=sleep
AIRFLOW_CTX_EXECUTION_DATE=2021-11-28T01:00:00+00:00
AIRFLOW_CTX_TRY_NUMBER=1
AIRFLOW_CTX_DAG_RUN_ID=scheduled__2021-11-28T01:00:00+00:00
[2022-08-23 12:27:58,061] {subprocess.py:62} INFO - Tmp dir root location: 
 /tmp
[2022-08-23 12:27:58,062] {subprocess.py:74} INFO - Running command: ['bash', '-c', 'sleep 5']
[2022-08-23 12:27:58,078] {subprocess.py:85} INFO - Output:
[2022-08-23 12:28:03,082] {subprocess.py:96} INFO - Command exited with return code 0
[2022-08-23 12:28:03,151] {taskinstance.py:1420} INFO - Marking task as SUCCESS. dag_id=raizen_lab_01, task_id=sleep, execution_date=20211128T010000, start_date=20220823T122757, end_date=20220823T122803
[2022-08-23 12:28:03,178] {local_task_job.py:156} INFO - Task exited with return code 0
[2022-08-23 12:28:03,201] {local_task_job.py:273} INFO - 1 downstream tasks scheduled from follow-on schedule check
