[2022-08-23 12:30:56,400] {taskinstance.py:1179} INFO - Dependencies all met for <TaskInstance: raizen_lab_01.print_hello scheduled__2021-12-05T22:00:00+00:00 [queued]>
[2022-08-23 12:30:56,410] {taskinstance.py:1179} INFO - Dependencies all met for <TaskInstance: raizen_lab_01.print_hello scheduled__2021-12-05T22:00:00+00:00 [queued]>
[2022-08-23 12:30:56,411] {taskinstance.py:1376} INFO - 
--------------------------------------------------------------------------------
[2022-08-23 12:30:56,411] {taskinstance.py:1377} INFO - Starting attempt 1 of 2
[2022-08-23 12:30:56,411] {taskinstance.py:1378} INFO - 
--------------------------------------------------------------------------------
[2022-08-23 12:30:56,427] {taskinstance.py:1397} INFO - Executing <Task(BashOperator): print_hello> on 2021-12-05 22:00:00+00:00
[2022-08-23 12:30:56,432] {standard_task_runner.py:52} INFO - Started process 8510 to run task
[2022-08-23 12:30:56,435] {standard_task_runner.py:79} INFO - Running: ['***', 'tasks', 'run', 'raizen_lab_01', 'print_hello', 'scheduled__2021-12-05T22:00:00+00:00', '--job-id', '5712', '--raw', '--subdir', 'DAGS_FOLDER/raizen_lab_01.py', '--cfg-path', '/tmp/tmps4fgo0wv', '--error-file', '/tmp/tmp74e18_8i']
[2022-08-23 12:30:56,436] {standard_task_runner.py:80} INFO - Job 5712: Subtask print_hello
[2022-08-23 12:30:56,508] {task_command.py:371} INFO - Running <TaskInstance: raizen_lab_01.print_hello scheduled__2021-12-05T22:00:00+00:00 [running]> on host 6383a3236c72
[2022-08-23 12:30:56,576] {taskinstance.py:1591} INFO - Exporting the following env vars:
AIRFLOW_CTX_DAG_OWNER=admin
AIRFLOW_CTX_DAG_ID=raizen_lab_01
AIRFLOW_CTX_TASK_ID=print_hello
AIRFLOW_CTX_EXECUTION_DATE=2021-12-05T22:00:00+00:00
AIRFLOW_CTX_TRY_NUMBER=1
AIRFLOW_CTX_DAG_RUN_ID=scheduled__2021-12-05T22:00:00+00:00
[2022-08-23 12:30:56,578] {subprocess.py:62} INFO - Tmp dir root location: 
 /tmp
[2022-08-23 12:30:56,579] {subprocess.py:74} INFO - Running command: ['bash', '-c', 'echo "hello"']
[2022-08-23 12:30:56,593] {subprocess.py:85} INFO - Output:
[2022-08-23 12:30:56,594] {subprocess.py:92} INFO - hello
[2022-08-23 12:30:56,595] {subprocess.py:96} INFO - Command exited with return code 0
[2022-08-23 12:30:56,628] {taskinstance.py:1420} INFO - Marking task as SUCCESS. dag_id=raizen_lab_01, task_id=print_hello, execution_date=20211205T220000, start_date=20220823T123056, end_date=20220823T123056
[2022-08-23 12:30:56,647] {local_task_job.py:156} INFO - Task exited with return code 0
[2022-08-23 12:30:56,721] {local_task_job.py:273} INFO - 0 downstream tasks scheduled from follow-on schedule check
