[2022-08-23 11:30:23,418] {taskinstance.py:1179} INFO - Dependencies all met for <TaskInstance: raizen_lab_01.sleep scheduled__2021-09-24T15:00:00+00:00 [queued]>
[2022-08-23 11:30:23,432] {taskinstance.py:1179} INFO - Dependencies all met for <TaskInstance: raizen_lab_01.sleep scheduled__2021-09-24T15:00:00+00:00 [queued]>
[2022-08-23 11:30:23,433] {taskinstance.py:1376} INFO - 
--------------------------------------------------------------------------------
[2022-08-23 11:30:23,433] {taskinstance.py:1377} INFO - Starting attempt 1 of 2
[2022-08-23 11:30:23,434] {taskinstance.py:1378} INFO - 
--------------------------------------------------------------------------------
[2022-08-23 11:30:23,459] {taskinstance.py:1397} INFO - Executing <Task(BashOperator): sleep> on 2021-09-24 15:00:00+00:00
[2022-08-23 11:30:23,466] {standard_task_runner.py:52} INFO - Started process 1339 to run task
[2022-08-23 11:30:23,471] {standard_task_runner.py:79} INFO - Running: ['***', 'tasks', 'run', 'raizen_lab_01', 'sleep', 'scheduled__2021-09-24T15:00:00+00:00', '--job-id', '492', '--raw', '--subdir', 'DAGS_FOLDER/raizen_lab_01.py', '--cfg-path', '/tmp/tmp5b_ivr_2', '--error-file', '/tmp/tmp4vw_frl4']
[2022-08-23 11:30:23,471] {standard_task_runner.py:80} INFO - Job 492: Subtask sleep
[2022-08-23 11:30:23,592] {task_command.py:371} INFO - Running <TaskInstance: raizen_lab_01.sleep scheduled__2021-09-24T15:00:00+00:00 [running]> on host 7f48b7aaf0fc
[2022-08-23 11:30:23,724] {taskinstance.py:1591} INFO - Exporting the following env vars:
AIRFLOW_CTX_DAG_OWNER=admin
AIRFLOW_CTX_DAG_ID=raizen_lab_01
AIRFLOW_CTX_TASK_ID=sleep
AIRFLOW_CTX_EXECUTION_DATE=2021-09-24T15:00:00+00:00
AIRFLOW_CTX_TRY_NUMBER=1
AIRFLOW_CTX_DAG_RUN_ID=scheduled__2021-09-24T15:00:00+00:00
[2022-08-23 11:30:23,726] {subprocess.py:62} INFO - Tmp dir root location: 
 /tmp
[2022-08-23 11:30:23,727] {subprocess.py:74} INFO - Running command: ['bash', '-c', 'sleep 5']
[2022-08-23 11:30:23,816] {subprocess.py:85} INFO - Output:
[2022-08-23 11:30:28,822] {subprocess.py:96} INFO - Command exited with return code 0
[2022-08-23 11:30:28,989] {taskinstance.py:1420} INFO - Marking task as SUCCESS. dag_id=raizen_lab_01, task_id=sleep, execution_date=20210924T150000, start_date=20220823T113023, end_date=20220823T113028
[2022-08-23 11:30:29,095] {local_task_job.py:156} INFO - Task exited with return code 0
[2022-08-23 11:30:29,166] {local_task_job.py:273} INFO - 1 downstream tasks scheduled from follow-on schedule check
