[2022-08-25 00:32:44,499] {taskinstance.py:1179} INFO - Dependencies all met for <TaskInstance: Raizen.Step_0001_Ingestion_Sheets_To_Stage manual__2022-08-25T00:19:49.375313+00:00 [queued]>
[2022-08-25 00:32:44,508] {taskinstance.py:1179} INFO - Dependencies all met for <TaskInstance: Raizen.Step_0001_Ingestion_Sheets_To_Stage manual__2022-08-25T00:19:49.375313+00:00 [queued]>
[2022-08-25 00:32:44,508] {taskinstance.py:1376} INFO - 
--------------------------------------------------------------------------------
[2022-08-25 00:32:44,508] {taskinstance.py:1377} INFO - Starting attempt 1 of 2
[2022-08-25 00:32:44,509] {taskinstance.py:1378} INFO - 
--------------------------------------------------------------------------------
[2022-08-25 00:32:44,526] {taskinstance.py:1397} INFO - Executing <Task(PythonOperator): Step_0001_Ingestion_Sheets_To_Stage> on 2022-08-25 00:19:49.375313+00:00
[2022-08-25 00:32:44,530] {standard_task_runner.py:52} INFO - Started process 74 to run task
[2022-08-25 00:32:44,532] {standard_task_runner.py:79} INFO - Running: ['***', 'tasks', 'run', 'Raizen', 'Step_0001_Ingestion_Sheets_To_Stage', 'manual__2022-08-25T00:19:49.375313+00:00', '--job-id', '9911', '--raw', '--subdir', 'DAGS_FOLDER/raizen_lab_01.py', '--cfg-path', '/tmp/tmpvvisa57b', '--error-file', '/tmp/tmpit3epdeo']
[2022-08-25 00:32:44,534] {standard_task_runner.py:80} INFO - Job 9911: Subtask Step_0001_Ingestion_Sheets_To_Stage
[2022-08-25 00:32:44,589] {task_command.py:371} INFO - Running <TaskInstance: Raizen.Step_0001_Ingestion_Sheets_To_Stage manual__2022-08-25T00:19:49.375313+00:00 [running]> on host 13dbd97417da
[2022-08-25 00:32:44,672] {taskinstance.py:1591} INFO - Exporting the following env vars:
AIRFLOW_CTX_DAG_OWNER=admin
AIRFLOW_CTX_DAG_ID=Raizen
AIRFLOW_CTX_TASK_ID=Step_0001_Ingestion_Sheets_To_Stage
AIRFLOW_CTX_EXECUTION_DATE=2022-08-25T00:19:49.375313+00:00
AIRFLOW_CTX_TRY_NUMBER=1
AIRFLOW_CTX_DAG_RUN_ID=manual__2022-08-25T00:19:49.375313+00:00
[2022-08-25 00:32:46,550] {python.py:173} INFO - Done. Returned value was: None
[2022-08-25 00:32:46,563] {taskinstance.py:1420} INFO - Marking task as SUCCESS. dag_id=Raizen, task_id=Step_0001_Ingestion_Sheets_To_Stage, execution_date=20220825T001949, start_date=20220825T003244, end_date=20220825T003246
[2022-08-25 00:32:46,631] {local_task_job.py:156} INFO - Task exited with return code 0
[2022-08-25 00:32:46,660] {dagrun.py:1081} ERROR - Failed to get task '<TaskInstance: Raizen.Step_001_Ingestion_Sheets_To_Stage manual__2022-08-25T00:19:49.375313+00:00 [removed]>' for dag 'Raizen'. Marking it as removed.
[2022-08-25 00:32:46,670] {local_task_job.py:273} INFO - 1 downstream tasks scheduled from follow-on schedule check
