[2022-08-23 16:24:12,946] {taskinstance.py:1179} INFO - Dependencies all met for <TaskInstance: raizen_lab_01.conecta_no_mysql scheduled__2022-01-05T17:00:00+00:00 [queued]>
[2022-08-23 16:24:12,984] {taskinstance.py:1179} INFO - Dependencies all met for <TaskInstance: raizen_lab_01.conecta_no_mysql scheduled__2022-01-05T17:00:00+00:00 [queued]>
[2022-08-23 16:24:12,985] {taskinstance.py:1376} INFO - 
--------------------------------------------------------------------------------
[2022-08-23 16:24:12,988] {taskinstance.py:1377} INFO - Starting attempt 2 of 2
[2022-08-23 16:24:12,988] {taskinstance.py:1378} INFO - 
--------------------------------------------------------------------------------
[2022-08-23 16:24:13,031] {taskinstance.py:1397} INFO - Executing <Task(PythonOperator): conecta_no_mysql> on 2022-01-05 17:00:00+00:00
[2022-08-23 16:24:13,047] {standard_task_runner.py:52} INFO - Started process 106 to run task
[2022-08-23 16:24:13,058] {standard_task_runner.py:79} INFO - Running: ['***', 'tasks', 'run', 'raizen_lab_01', 'conecta_no_mysql', 'scheduled__2022-01-05T17:00:00+00:00', '--job-id', '8140', '--raw', '--subdir', 'DAGS_FOLDER/raizen_lab_01.py', '--cfg-path', '/tmp/tmpmglzbhen', '--error-file', '/tmp/tmp0x71f7nz']
[2022-08-23 16:24:13,064] {standard_task_runner.py:80} INFO - Job 8140: Subtask conecta_no_mysql
[2022-08-23 16:24:13,331] {task_command.py:371} INFO - Running <TaskInstance: raizen_lab_01.conecta_no_mysql scheduled__2022-01-05T17:00:00+00:00 [running]> on host 76d65790b191
[2022-08-23 16:24:13,643] {taskinstance.py:1591} INFO - Exporting the following env vars:
AIRFLOW_CTX_DAG_OWNER=admin
AIRFLOW_CTX_DAG_ID=raizen_lab_01
AIRFLOW_CTX_TASK_ID=conecta_no_mysql
AIRFLOW_CTX_EXECUTION_DATE=2022-01-05T17:00:00+00:00
AIRFLOW_CTX_TRY_NUMBER=2
AIRFLOW_CTX_DAG_RUN_ID=scheduled__2022-01-05T17:00:00+00:00
[2022-08-23 16:24:13,649] {taskinstance.py:1909} ERROR - Task failed with exception
Traceback (most recent call last):
  File "/home/airflow/.local/lib/python3.7/site-packages/airflow/operators/python.py", line 171, in execute
    return_value = self.execute_callable()
  File "/home/airflow/.local/lib/python3.7/site-packages/airflow/operators/python.py", line 189, in execute_callable
    return self.python_callable(*self.op_args, **self.op_kwargs)
  File "/opt/airflow/dags/raizen_lab_01.py", line 35, in conecta_no_mysql
    con.select_db('SELECT table_name FROM information_schema.tables')
MySQLdb.OperationalError: (1044, "Access denied for user 'user'@'%' to database 'select table_name from information_schema.tables'")
[2022-08-23 16:24:13,704] {taskinstance.py:1420} INFO - Marking task as FAILED. dag_id=raizen_lab_01, task_id=conecta_no_mysql, execution_date=20220105T170000, start_date=20220823T162412, end_date=20220823T162413
[2022-08-23 16:24:13,731] {standard_task_runner.py:97} ERROR - Failed to execute job 8140 for task conecta_no_mysql ((1044, "Access denied for user 'user'@'%' to database 'select table_name from information_schema.tables'"); 106)
[2022-08-23 16:24:13,773] {local_task_job.py:156} INFO - Task exited with return code 1
[2022-08-23 16:24:13,874] {local_task_job.py:273} INFO - 0 downstream tasks scheduled from follow-on schedule check
