[2022-08-23 11:31:16,431] {taskinstance.py:1179} INFO - Dependencies all met for <TaskInstance: raizen_lab_01.sleep scheduled__2021-09-27T00:00:00+00:00 [queued]>
[2022-08-23 11:31:16,452] {taskinstance.py:1179} INFO - Dependencies all met for <TaskInstance: raizen_lab_01.sleep scheduled__2021-09-27T00:00:00+00:00 [queued]>
[2022-08-23 11:31:16,453] {taskinstance.py:1376} INFO - 
--------------------------------------------------------------------------------
[2022-08-23 11:31:16,453] {taskinstance.py:1377} INFO - Starting attempt 1 of 2
[2022-08-23 11:31:16,454] {taskinstance.py:1378} INFO - 
--------------------------------------------------------------------------------
[2022-08-23 11:31:16,475] {taskinstance.py:1397} INFO - Executing <Task(BashOperator): sleep> on 2021-09-27 00:00:00+00:00
[2022-08-23 11:31:16,537] {standard_task_runner.py:52} INFO - Started process 1824 to run task
[2022-08-23 11:31:16,544] {standard_task_runner.py:79} INFO - Running: ['***', 'tasks', 'run', 'raizen_lab_01', 'sleep', 'scheduled__2021-09-27T00:00:00+00:00', '--job-id', '658', '--raw', '--subdir', 'DAGS_FOLDER/raizen_lab_01.py', '--cfg-path', '/tmp/tmpzqqox721', '--error-file', '/tmp/tmpgmeo7ctq']
[2022-08-23 11:31:16,545] {standard_task_runner.py:80} INFO - Job 658: Subtask sleep
[2022-08-23 11:31:16,684] {task_command.py:371} INFO - Running <TaskInstance: raizen_lab_01.sleep scheduled__2021-09-27T00:00:00+00:00 [running]> on host 7f48b7aaf0fc
[2022-08-23 11:31:16,817] {taskinstance.py:1591} INFO - Exporting the following env vars:
AIRFLOW_CTX_DAG_OWNER=admin
AIRFLOW_CTX_DAG_ID=raizen_lab_01
AIRFLOW_CTX_TASK_ID=sleep
AIRFLOW_CTX_EXECUTION_DATE=2021-09-27T00:00:00+00:00
AIRFLOW_CTX_TRY_NUMBER=1
AIRFLOW_CTX_DAG_RUN_ID=scheduled__2021-09-27T00:00:00+00:00
[2022-08-23 11:31:16,820] {subprocess.py:62} INFO - Tmp dir root location: 
 /tmp
[2022-08-23 11:31:16,821] {subprocess.py:74} INFO - Running command: ['bash', '-c', 'sleep 5']
[2022-08-23 11:31:16,841] {subprocess.py:85} INFO - Output:
[2022-08-23 11:31:21,845] {subprocess.py:96} INFO - Command exited with return code 0
[2022-08-23 11:31:21,971] {taskinstance.py:1420} INFO - Marking task as SUCCESS. dag_id=raizen_lab_01, task_id=sleep, execution_date=20210927T000000, start_date=20220823T113116, end_date=20220823T113121
[2022-08-23 11:31:22,009] {local_task_job.py:156} INFO - Task exited with return code 0
[2022-08-23 11:31:22,064] {local_task_job.py:273} INFO - 1 downstream tasks scheduled from follow-on schedule check
