[2022-08-23 12:22:41,127] {taskinstance.py:1179} INFO - Dependencies all met for <TaskInstance: raizen_lab_01.print_hello scheduled__2021-11-14T12:00:00+00:00 [queued]>
[2022-08-23 12:22:41,136] {taskinstance.py:1179} INFO - Dependencies all met for <TaskInstance: raizen_lab_01.print_hello scheduled__2021-11-14T12:00:00+00:00 [queued]>
[2022-08-23 12:22:41,136] {taskinstance.py:1376} INFO - 
--------------------------------------------------------------------------------
[2022-08-23 12:22:41,137] {taskinstance.py:1377} INFO - Starting attempt 1 of 2
[2022-08-23 12:22:41,137] {taskinstance.py:1378} INFO - 
--------------------------------------------------------------------------------
[2022-08-23 12:22:41,149] {taskinstance.py:1397} INFO - Executing <Task(BashOperator): print_hello> on 2021-11-14 12:00:00+00:00
[2022-08-23 12:22:41,156] {standard_task_runner.py:52} INFO - Started process 2472 to run task
[2022-08-23 12:22:41,160] {standard_task_runner.py:79} INFO - Running: ['***', 'tasks', 'run', 'raizen_lab_01', 'print_hello', 'scheduled__2021-11-14T12:00:00+00:00', '--job-id', '4173', '--raw', '--subdir', 'DAGS_FOLDER/raizen_lab_01.py', '--cfg-path', '/tmp/tmpjoto69ku', '--error-file', '/tmp/tmpfj3_u7y6']
[2022-08-23 12:22:41,161] {standard_task_runner.py:80} INFO - Job 4173: Subtask print_hello
[2022-08-23 12:22:41,222] {task_command.py:371} INFO - Running <TaskInstance: raizen_lab_01.print_hello scheduled__2021-11-14T12:00:00+00:00 [running]> on host 6383a3236c72
[2022-08-23 12:22:41,281] {taskinstance.py:1591} INFO - Exporting the following env vars:
AIRFLOW_CTX_DAG_OWNER=admin
AIRFLOW_CTX_DAG_ID=raizen_lab_01
AIRFLOW_CTX_TASK_ID=print_hello
AIRFLOW_CTX_EXECUTION_DATE=2021-11-14T12:00:00+00:00
AIRFLOW_CTX_TRY_NUMBER=1
AIRFLOW_CTX_DAG_RUN_ID=scheduled__2021-11-14T12:00:00+00:00
[2022-08-23 12:22:41,283] {subprocess.py:62} INFO - Tmp dir root location: 
 /tmp
[2022-08-23 12:22:41,284] {subprocess.py:74} INFO - Running command: ['bash', '-c', 'echo "hello"']
[2022-08-23 12:22:41,295] {subprocess.py:85} INFO - Output:
[2022-08-23 12:22:41,297] {subprocess.py:92} INFO - hello
[2022-08-23 12:22:41,297] {subprocess.py:96} INFO - Command exited with return code 0
[2022-08-23 12:22:41,324] {taskinstance.py:1420} INFO - Marking task as SUCCESS. dag_id=raizen_lab_01, task_id=print_hello, execution_date=20211114T120000, start_date=20220823T122241, end_date=20220823T122241
[2022-08-23 12:22:41,372] {local_task_job.py:156} INFO - Task exited with return code 0
[2022-08-23 12:22:41,409] {local_task_job.py:273} INFO - 1 downstream tasks scheduled from follow-on schedule check
