[2022-08-23 12:09:09,525] {taskinstance.py:1179} INFO - Dependencies all met for <TaskInstance: raizen_lab_01.print_hello scheduled__2021-11-04T00:00:00+00:00 [queued]>
[2022-08-23 12:09:09,535] {taskinstance.py:1179} INFO - Dependencies all met for <TaskInstance: raizen_lab_01.print_hello scheduled__2021-11-04T00:00:00+00:00 [queued]>
[2022-08-23 12:09:09,535] {taskinstance.py:1376} INFO - 
--------------------------------------------------------------------------------
[2022-08-23 12:09:09,535] {taskinstance.py:1377} INFO - Starting attempt 1 of 2
[2022-08-23 12:09:09,536] {taskinstance.py:1378} INFO - 
--------------------------------------------------------------------------------
[2022-08-23 12:09:09,550] {taskinstance.py:1397} INFO - Executing <Task(BashOperator): print_hello> on 2021-11-04 00:00:00+00:00
[2022-08-23 12:09:09,555] {standard_task_runner.py:52} INFO - Started process 2316 to run task
[2022-08-23 12:09:09,559] {standard_task_runner.py:79} INFO - Running: ['***', 'tasks', 'run', 'raizen_lab_01', 'print_hello', 'scheduled__2021-11-04T00:00:00+00:00', '--job-id', '3405', '--raw', '--subdir', 'DAGS_FOLDER/raizen_lab_01.py', '--cfg-path', '/tmp/tmp4lvgwkuz', '--error-file', '/tmp/tmp5maivqr4']
[2022-08-23 12:09:09,559] {standard_task_runner.py:80} INFO - Job 3405: Subtask print_hello
[2022-08-23 12:09:09,620] {task_command.py:371} INFO - Running <TaskInstance: raizen_lab_01.print_hello scheduled__2021-11-04T00:00:00+00:00 [running]> on host 67b6bdae536e
[2022-08-23 12:09:09,682] {taskinstance.py:1591} INFO - Exporting the following env vars:
AIRFLOW_CTX_DAG_OWNER=admin
AIRFLOW_CTX_DAG_ID=raizen_lab_01
AIRFLOW_CTX_TASK_ID=print_hello
AIRFLOW_CTX_EXECUTION_DATE=2021-11-04T00:00:00+00:00
AIRFLOW_CTX_TRY_NUMBER=1
AIRFLOW_CTX_DAG_RUN_ID=scheduled__2021-11-04T00:00:00+00:00
[2022-08-23 12:09:09,684] {subprocess.py:62} INFO - Tmp dir root location: 
 /tmp
[2022-08-23 12:09:09,684] {subprocess.py:74} INFO - Running command: ['bash', '-c', 'echo "hello"']
[2022-08-23 12:09:09,694] {subprocess.py:85} INFO - Output:
[2022-08-23 12:09:09,696] {subprocess.py:92} INFO - hello
[2022-08-23 12:09:09,696] {subprocess.py:96} INFO - Command exited with return code 0
[2022-08-23 12:09:09,725] {taskinstance.py:1420} INFO - Marking task as SUCCESS. dag_id=raizen_lab_01, task_id=print_hello, execution_date=20211104T000000, start_date=20220823T120909, end_date=20220823T120909
[2022-08-23 12:09:09,770] {local_task_job.py:156} INFO - Task exited with return code 0
[2022-08-23 12:09:09,809] {local_task_job.py:273} INFO - 1 downstream tasks scheduled from follow-on schedule check
