[2022-08-23 12:32:28,994] {taskinstance.py:1179} INFO - Dependencies all met for <TaskInstance: raizen_lab_01.sleep scheduled__2021-12-10T11:00:00+00:00 [queued]>
[2022-08-23 12:32:29,002] {taskinstance.py:1179} INFO - Dependencies all met for <TaskInstance: raizen_lab_01.sleep scheduled__2021-12-10T11:00:00+00:00 [queued]>
[2022-08-23 12:32:29,003] {taskinstance.py:1376} INFO - 
--------------------------------------------------------------------------------
[2022-08-23 12:32:29,003] {taskinstance.py:1377} INFO - Starting attempt 1 of 2
[2022-08-23 12:32:29,003] {taskinstance.py:1378} INFO - 
--------------------------------------------------------------------------------
[2022-08-23 12:32:29,015] {taskinstance.py:1397} INFO - Executing <Task(BashOperator): sleep> on 2021-12-10 11:00:00+00:00
[2022-08-23 12:32:29,021] {standard_task_runner.py:52} INFO - Started process 9744 to run task
[2022-08-23 12:32:29,024] {standard_task_runner.py:79} INFO - Running: ['***', 'tasks', 'run', 'raizen_lab_01', 'sleep', 'scheduled__2021-12-10T11:00:00+00:00', '--job-id', '6028', '--raw', '--subdir', 'DAGS_FOLDER/raizen_lab_01.py', '--cfg-path', '/tmp/tmph11l6drw', '--error-file', '/tmp/tmpb7_xanqd']
[2022-08-23 12:32:29,026] {standard_task_runner.py:80} INFO - Job 6028: Subtask sleep
[2022-08-23 12:32:29,086] {task_command.py:371} INFO - Running <TaskInstance: raizen_lab_01.sleep scheduled__2021-12-10T11:00:00+00:00 [running]> on host 6383a3236c72
[2022-08-23 12:32:29,150] {taskinstance.py:1591} INFO - Exporting the following env vars:
AIRFLOW_CTX_DAG_OWNER=admin
AIRFLOW_CTX_DAG_ID=raizen_lab_01
AIRFLOW_CTX_TASK_ID=sleep
AIRFLOW_CTX_EXECUTION_DATE=2021-12-10T11:00:00+00:00
AIRFLOW_CTX_TRY_NUMBER=1
AIRFLOW_CTX_DAG_RUN_ID=scheduled__2021-12-10T11:00:00+00:00
[2022-08-23 12:32:29,151] {subprocess.py:62} INFO - Tmp dir root location: 
 /tmp
[2022-08-23 12:32:29,152] {subprocess.py:74} INFO - Running command: ['bash', '-c', 'sleep 5']
[2022-08-23 12:32:29,161] {subprocess.py:85} INFO - Output:
[2022-08-23 12:32:34,164] {subprocess.py:96} INFO - Command exited with return code 0
[2022-08-23 12:32:34,205] {taskinstance.py:1420} INFO - Marking task as SUCCESS. dag_id=raizen_lab_01, task_id=sleep, execution_date=20211210T110000, start_date=20220823T123228, end_date=20220823T123234
[2022-08-23 12:32:34,265] {local_task_job.py:156} INFO - Task exited with return code 0
[2022-08-23 12:32:34,380] {local_task_job.py:273} INFO - 0 downstream tasks scheduled from follow-on schedule check
