[2022-08-23 12:07:48,028] {taskinstance.py:1179} INFO - Dependencies all met for <TaskInstance: raizen_lab_01.print_world scheduled__2021-10-30T06:00:00+00:00 [queued]>
[2022-08-23 12:07:48,041] {taskinstance.py:1179} INFO - Dependencies all met for <TaskInstance: raizen_lab_01.print_world scheduled__2021-10-30T06:00:00+00:00 [queued]>
[2022-08-23 12:07:48,041] {taskinstance.py:1376} INFO - 
--------------------------------------------------------------------------------
[2022-08-23 12:07:48,042] {taskinstance.py:1377} INFO - Starting attempt 1 of 2
[2022-08-23 12:07:48,042] {taskinstance.py:1378} INFO - 
--------------------------------------------------------------------------------
[2022-08-23 12:07:48,062] {taskinstance.py:1397} INFO - Executing <Task(PythonOperator): print_world> on 2021-10-30 06:00:00+00:00
[2022-08-23 12:07:48,067] {standard_task_runner.py:52} INFO - Started process 1447 to run task
[2022-08-23 12:07:48,071] {standard_task_runner.py:79} INFO - Running: ['***', 'tasks', 'run', 'raizen_lab_01', 'print_world', 'scheduled__2021-10-30T06:00:00+00:00', '--job-id', '3098', '--raw', '--subdir', 'DAGS_FOLDER/raizen_lab_01.py', '--cfg-path', '/tmp/tmpv8f6mvd0', '--error-file', '/tmp/tmp2nfdpkho']
[2022-08-23 12:07:48,071] {standard_task_runner.py:80} INFO - Job 3098: Subtask print_world
[2022-08-23 12:07:48,134] {task_command.py:371} INFO - Running <TaskInstance: raizen_lab_01.print_world scheduled__2021-10-30T06:00:00+00:00 [running]> on host 67b6bdae536e
[2022-08-23 12:07:48,206] {taskinstance.py:1591} INFO - Exporting the following env vars:
AIRFLOW_CTX_DAG_OWNER=admin
AIRFLOW_CTX_DAG_ID=raizen_lab_01
AIRFLOW_CTX_TASK_ID=print_world
AIRFLOW_CTX_EXECUTION_DATE=2021-10-30T06:00:00+00:00
AIRFLOW_CTX_TRY_NUMBER=1
AIRFLOW_CTX_DAG_RUN_ID=scheduled__2021-10-30T06:00:00+00:00
[2022-08-23 12:07:48,207] {logging_mixin.py:115} INFO - world
[2022-08-23 12:07:48,207] {python.py:173} INFO - Done. Returned value was: None
[2022-08-23 12:07:48,222] {taskinstance.py:1420} INFO - Marking task as SUCCESS. dag_id=raizen_lab_01, task_id=print_world, execution_date=20211030T060000, start_date=20220823T120748, end_date=20220823T120748
[2022-08-23 12:07:48,282] {local_task_job.py:156} INFO - Task exited with return code 0
[2022-08-23 12:07:48,356] {local_task_job.py:273} INFO - 0 downstream tasks scheduled from follow-on schedule check
