[2022-08-23 12:07:36,134] {taskinstance.py:1179} INFO - Dependencies all met for <TaskInstance: raizen_lab_01.print_hello scheduled__2021-10-30T05:00:00+00:00 [queued]>
[2022-08-23 12:07:36,142] {taskinstance.py:1179} INFO - Dependencies all met for <TaskInstance: raizen_lab_01.print_hello scheduled__2021-10-30T05:00:00+00:00 [queued]>
[2022-08-23 12:07:36,142] {taskinstance.py:1376} INFO - 
--------------------------------------------------------------------------------
[2022-08-23 12:07:36,143] {taskinstance.py:1377} INFO - Starting attempt 1 of 2
[2022-08-23 12:07:36,143] {taskinstance.py:1378} INFO - 
--------------------------------------------------------------------------------
[2022-08-23 12:07:36,157] {taskinstance.py:1397} INFO - Executing <Task(BashOperator): print_hello> on 2021-10-30 05:00:00+00:00
[2022-08-23 12:07:36,162] {standard_task_runner.py:52} INFO - Started process 1330 to run task
[2022-08-23 12:07:36,165] {standard_task_runner.py:79} INFO - Running: ['***', 'tasks', 'run', 'raizen_lab_01', 'print_hello', 'scheduled__2021-10-30T05:00:00+00:00', '--job-id', '3063', '--raw', '--subdir', 'DAGS_FOLDER/raizen_lab_01.py', '--cfg-path', '/tmp/tmpj94gwo41', '--error-file', '/tmp/tmpv9ydqq21']
[2022-08-23 12:07:36,165] {standard_task_runner.py:80} INFO - Job 3063: Subtask print_hello
[2022-08-23 12:07:36,224] {task_command.py:371} INFO - Running <TaskInstance: raizen_lab_01.print_hello scheduled__2021-10-30T05:00:00+00:00 [running]> on host 67b6bdae536e
[2022-08-23 12:07:36,293] {taskinstance.py:1591} INFO - Exporting the following env vars:
AIRFLOW_CTX_DAG_OWNER=admin
AIRFLOW_CTX_DAG_ID=raizen_lab_01
AIRFLOW_CTX_TASK_ID=print_hello
AIRFLOW_CTX_EXECUTION_DATE=2021-10-30T05:00:00+00:00
AIRFLOW_CTX_TRY_NUMBER=1
AIRFLOW_CTX_DAG_RUN_ID=scheduled__2021-10-30T05:00:00+00:00
[2022-08-23 12:07:36,294] {subprocess.py:62} INFO - Tmp dir root location: 
 /tmp
[2022-08-23 12:07:36,294] {subprocess.py:74} INFO - Running command: ['bash', '-c', 'echo "hello"']
[2022-08-23 12:07:36,307] {subprocess.py:85} INFO - Output:
[2022-08-23 12:07:36,309] {subprocess.py:92} INFO - hello
[2022-08-23 12:07:36,310] {subprocess.py:96} INFO - Command exited with return code 0
[2022-08-23 12:07:36,349] {taskinstance.py:1420} INFO - Marking task as SUCCESS. dag_id=raizen_lab_01, task_id=print_hello, execution_date=20211030T050000, start_date=20220823T120736, end_date=20220823T120736
[2022-08-23 12:07:36,417] {local_task_job.py:156} INFO - Task exited with return code 0
[2022-08-23 12:07:36,496] {local_task_job.py:273} INFO - 1 downstream tasks scheduled from follow-on schedule check
