[2022-08-23 11:58:50,418] {taskinstance.py:1179} INFO - Dependencies all met for <TaskInstance: raizen_lab_01.sleep scheduled__2021-10-21T23:00:00+00:00 [queued]>
[2022-08-23 11:58:50,448] {taskinstance.py:1179} INFO - Dependencies all met for <TaskInstance: raizen_lab_01.sleep scheduled__2021-10-21T23:00:00+00:00 [queued]>
[2022-08-23 11:58:50,449] {taskinstance.py:1376} INFO - 
--------------------------------------------------------------------------------
[2022-08-23 11:58:50,450] {taskinstance.py:1377} INFO - Starting attempt 1 of 2
[2022-08-23 11:58:50,451] {taskinstance.py:1378} INFO - 
--------------------------------------------------------------------------------
[2022-08-23 11:58:50,483] {taskinstance.py:1397} INFO - Executing <Task(BashOperator): sleep> on 2021-10-21 23:00:00+00:00
[2022-08-23 11:58:50,492] {standard_task_runner.py:52} INFO - Started process 285 to run task
[2022-08-23 11:58:50,497] {standard_task_runner.py:79} INFO - Running: ['***', 'tasks', 'run', 'raizen_lab_01', 'sleep', 'scheduled__2021-10-21T23:00:00+00:00', '--job-id', '2464', '--raw', '--subdir', 'DAGS_FOLDER/raizen_lab_01.py', '--cfg-path', '/tmp/tmp3q7lppl2', '--error-file', '/tmp/tmpmfirig2x']
[2022-08-23 11:58:50,499] {standard_task_runner.py:80} INFO - Job 2464: Subtask sleep
[2022-08-23 11:58:50,603] {task_command.py:371} INFO - Running <TaskInstance: raizen_lab_01.sleep scheduled__2021-10-21T23:00:00+00:00 [running]> on host 9f4b06248101
[2022-08-23 11:58:50,712] {taskinstance.py:1591} INFO - Exporting the following env vars:
AIRFLOW_CTX_DAG_OWNER=admin
AIRFLOW_CTX_DAG_ID=raizen_lab_01
AIRFLOW_CTX_TASK_ID=sleep
AIRFLOW_CTX_EXECUTION_DATE=2021-10-21T23:00:00+00:00
AIRFLOW_CTX_TRY_NUMBER=1
AIRFLOW_CTX_DAG_RUN_ID=scheduled__2021-10-21T23:00:00+00:00
[2022-08-23 11:58:50,715] {subprocess.py:62} INFO - Tmp dir root location: 
 /tmp
[2022-08-23 11:58:50,716] {subprocess.py:74} INFO - Running command: ['bash', '-c', 'sleep 5']
[2022-08-23 11:58:50,729] {subprocess.py:85} INFO - Output:
[2022-08-23 11:58:55,733] {subprocess.py:96} INFO - Command exited with return code 0
[2022-08-23 11:58:55,852] {taskinstance.py:1420} INFO - Marking task as SUCCESS. dag_id=raizen_lab_01, task_id=sleep, execution_date=20211021T230000, start_date=20220823T115850, end_date=20220823T115855
[2022-08-23 11:58:55,893] {local_task_job.py:156} INFO - Task exited with return code 0
[2022-08-23 11:58:55,961] {local_task_job.py:273} INFO - 1 downstream tasks scheduled from follow-on schedule check
