[2022-08-24 02:05:05,869] {taskinstance.py:1179} INFO - Dependencies all met for <TaskInstance: raizen_lab_01.step_01 manual__2022-08-24T02:04:58.166696+00:00 [queued]>
[2022-08-24 02:05:05,887] {taskinstance.py:1179} INFO - Dependencies all met for <TaskInstance: raizen_lab_01.step_01 manual__2022-08-24T02:04:58.166696+00:00 [queued]>
[2022-08-24 02:05:05,888] {taskinstance.py:1376} INFO - 
--------------------------------------------------------------------------------
[2022-08-24 02:05:05,888] {taskinstance.py:1377} INFO - Starting attempt 1 of 2
[2022-08-24 02:05:05,890] {taskinstance.py:1378} INFO - 
--------------------------------------------------------------------------------
[2022-08-24 02:05:05,914] {taskinstance.py:1397} INFO - Executing <Task(BashOperator): step_01> on 2022-08-24 02:04:58.166696+00:00
[2022-08-24 02:05:05,924] {standard_task_runner.py:52} INFO - Started process 90 to run task
[2022-08-24 02:05:05,930] {standard_task_runner.py:79} INFO - Running: ['***', 'tasks', 'run', 'raizen_lab_01', 'step_01', 'manual__2022-08-24T02:04:58.166696+00:00', '--job-id', '9664', '--raw', '--subdir', 'DAGS_FOLDER/raizen_lab_01.py', '--cfg-path', '/tmp/tmpwk0vpbt6', '--error-file', '/tmp/tmpd6dk8fop']
[2022-08-24 02:05:05,932] {standard_task_runner.py:80} INFO - Job 9664: Subtask step_01
[2022-08-24 02:05:06,043] {task_command.py:371} INFO - Running <TaskInstance: raizen_lab_01.step_01 manual__2022-08-24T02:04:58.166696+00:00 [running]> on host b8d797566373
[2022-08-24 02:05:06,162] {taskinstance.py:1591} INFO - Exporting the following env vars:
AIRFLOW_CTX_DAG_OWNER=admin
AIRFLOW_CTX_DAG_ID=raizen_lab_01
AIRFLOW_CTX_TASK_ID=step_01
AIRFLOW_CTX_EXECUTION_DATE=2022-08-24T02:04:58.166696+00:00
AIRFLOW_CTX_TRY_NUMBER=1
AIRFLOW_CTX_DAG_RUN_ID=manual__2022-08-24T02:04:58.166696+00:00
[2022-08-24 02:05:06,165] {subprocess.py:62} INFO - Tmp dir root location: 
 /tmp
[2022-08-24 02:05:06,167] {subprocess.py:74} INFO - Running command: ['bash', '-c', 'echo "Fim da Ingestao"']
[2022-08-24 02:05:06,184] {subprocess.py:85} INFO - Output:
[2022-08-24 02:05:06,186] {subprocess.py:92} INFO - Fim da Ingestao
[2022-08-24 02:05:06,186] {subprocess.py:96} INFO - Command exited with return code 0
[2022-08-24 02:05:06,230] {taskinstance.py:1420} INFO - Marking task as SUCCESS. dag_id=raizen_lab_01, task_id=step_01, execution_date=20220824T020458, start_date=20220824T020505, end_date=20220824T020506
[2022-08-24 02:05:06,263] {local_task_job.py:156} INFO - Task exited with return code 0
[2022-08-24 02:05:06,321] {local_task_job.py:273} INFO - 0 downstream tasks scheduled from follow-on schedule check
