[2022-08-23 11:34:53,381] {taskinstance.py:1179} INFO - Dependencies all met for <TaskInstance: raizen_lab_01.print_world scheduled__2021-10-04T19:00:00+00:00 [queued]>
[2022-08-23 11:34:53,400] {taskinstance.py:1179} INFO - Dependencies all met for <TaskInstance: raizen_lab_01.print_world scheduled__2021-10-04T19:00:00+00:00 [queued]>
[2022-08-23 11:34:53,400] {taskinstance.py:1376} INFO - 
--------------------------------------------------------------------------------
[2022-08-23 11:34:53,401] {taskinstance.py:1377} INFO - Starting attempt 1 of 2
[2022-08-23 11:34:53,402] {taskinstance.py:1378} INFO - 
--------------------------------------------------------------------------------
[2022-08-23 11:34:53,431] {taskinstance.py:1397} INFO - Executing <Task(PythonOperator): print_world> on 2021-10-04 19:00:00+00:00
[2022-08-23 11:34:53,441] {standard_task_runner.py:52} INFO - Started process 3527 to run task
[2022-08-23 11:34:53,447] {standard_task_runner.py:79} INFO - Running: ['***', 'tasks', 'run', 'raizen_lab_01', 'print_world', 'scheduled__2021-10-04T19:00:00+00:00', '--job-id', '1239', '--raw', '--subdir', 'DAGS_FOLDER/raizen_lab_01.py', '--cfg-path', '/tmp/tmpwkyvyba_', '--error-file', '/tmp/tmpi28a2a7d']
[2022-08-23 11:34:53,448] {standard_task_runner.py:80} INFO - Job 1239: Subtask print_world
[2022-08-23 11:34:53,566] {task_command.py:371} INFO - Running <TaskInstance: raizen_lab_01.print_world scheduled__2021-10-04T19:00:00+00:00 [running]> on host 7f48b7aaf0fc
[2022-08-23 11:34:53,691] {taskinstance.py:1591} INFO - Exporting the following env vars:
AIRFLOW_CTX_DAG_OWNER=admin
AIRFLOW_CTX_DAG_ID=raizen_lab_01
AIRFLOW_CTX_TASK_ID=print_world
AIRFLOW_CTX_EXECUTION_DATE=2021-10-04T19:00:00+00:00
AIRFLOW_CTX_TRY_NUMBER=1
AIRFLOW_CTX_DAG_RUN_ID=scheduled__2021-10-04T19:00:00+00:00
[2022-08-23 11:34:53,693] {logging_mixin.py:115} INFO - world
[2022-08-23 11:34:53,694] {python.py:173} INFO - Done. Returned value was: None
[2022-08-23 11:34:53,713] {taskinstance.py:1420} INFO - Marking task as SUCCESS. dag_id=raizen_lab_01, task_id=print_world, execution_date=20211004T190000, start_date=20220823T113453, end_date=20220823T113453
[2022-08-23 11:34:53,739] {local_task_job.py:156} INFO - Task exited with return code 0
[2022-08-23 11:34:53,787] {local_task_job.py:273} INFO - 0 downstream tasks scheduled from follow-on schedule check
