[2022-08-23 12:26:40,739] {taskinstance.py:1179} INFO - Dependencies all met for <TaskInstance: raizen_lab_01.print_hello scheduled__2021-11-24T22:00:00+00:00 [queued]>
[2022-08-23 12:26:40,752] {taskinstance.py:1179} INFO - Dependencies all met for <TaskInstance: raizen_lab_01.print_hello scheduled__2021-11-24T22:00:00+00:00 [queued]>
[2022-08-23 12:26:40,753] {taskinstance.py:1376} INFO - 
--------------------------------------------------------------------------------
[2022-08-23 12:26:40,753] {taskinstance.py:1377} INFO - Starting attempt 1 of 2
[2022-08-23 12:26:40,753] {taskinstance.py:1378} INFO - 
--------------------------------------------------------------------------------
[2022-08-23 12:26:40,775] {taskinstance.py:1397} INFO - Executing <Task(BashOperator): print_hello> on 2021-11-24 22:00:00+00:00
[2022-08-23 12:26:40,783] {standard_task_runner.py:52} INFO - Started process 5370 to run task
[2022-08-23 12:26:40,787] {standard_task_runner.py:79} INFO - Running: ['***', 'tasks', 'run', 'raizen_lab_01', 'print_hello', 'scheduled__2021-11-24T22:00:00+00:00', '--job-id', '4909', '--raw', '--subdir', 'DAGS_FOLDER/raizen_lab_01.py', '--cfg-path', '/tmp/tmpa99fnkfi', '--error-file', '/tmp/tmpr0_h2fif']
[2022-08-23 12:26:40,789] {standard_task_runner.py:80} INFO - Job 4909: Subtask print_hello
[2022-08-23 12:26:40,882] {task_command.py:371} INFO - Running <TaskInstance: raizen_lab_01.print_hello scheduled__2021-11-24T22:00:00+00:00 [running]> on host 6383a3236c72
[2022-08-23 12:26:40,985] {taskinstance.py:1591} INFO - Exporting the following env vars:
AIRFLOW_CTX_DAG_OWNER=admin
AIRFLOW_CTX_DAG_ID=raizen_lab_01
AIRFLOW_CTX_TASK_ID=print_hello
AIRFLOW_CTX_EXECUTION_DATE=2021-11-24T22:00:00+00:00
AIRFLOW_CTX_TRY_NUMBER=1
AIRFLOW_CTX_DAG_RUN_ID=scheduled__2021-11-24T22:00:00+00:00
[2022-08-23 12:26:40,987] {subprocess.py:62} INFO - Tmp dir root location: 
 /tmp
[2022-08-23 12:26:40,988] {subprocess.py:74} INFO - Running command: ['bash', '-c', 'echo "hello"']
[2022-08-23 12:26:41,005] {subprocess.py:85} INFO - Output:
[2022-08-23 12:26:41,007] {subprocess.py:92} INFO - hello
[2022-08-23 12:26:41,007] {subprocess.py:96} INFO - Command exited with return code 0
[2022-08-23 12:26:41,087] {taskinstance.py:1420} INFO - Marking task as SUCCESS. dag_id=raizen_lab_01, task_id=print_hello, execution_date=20211124T220000, start_date=20220823T122640, end_date=20220823T122641
[2022-08-23 12:26:41,119] {local_task_job.py:156} INFO - Task exited with return code 0
[2022-08-23 12:26:41,188] {local_task_job.py:273} INFO - 1 downstream tasks scheduled from follow-on schedule check
