[2022-08-23 11:27:45,617] {taskinstance.py:1179} INFO - Dependencies all met for <TaskInstance: raizen_lab_01.print_hello scheduled__2021-09-18T19:00:00+00:00 [queued]>
[2022-08-23 11:27:45,650] {taskinstance.py:1179} INFO - Dependencies all met for <TaskInstance: raizen_lab_01.print_hello scheduled__2021-09-18T19:00:00+00:00 [queued]>
[2022-08-23 11:27:45,652] {taskinstance.py:1376} INFO - 
--------------------------------------------------------------------------------
[2022-08-23 11:27:45,657] {taskinstance.py:1377} INFO - Starting attempt 1 of 2
[2022-08-23 11:27:45,658] {taskinstance.py:1378} INFO - 
--------------------------------------------------------------------------------
[2022-08-23 11:27:45,699] {taskinstance.py:1397} INFO - Executing <Task(BashOperator): print_hello> on 2021-09-18 19:00:00+00:00
[2022-08-23 11:27:45,710] {standard_task_runner.py:52} INFO - Started process 83 to run task
[2022-08-23 11:27:45,717] {standard_task_runner.py:79} INFO - Running: ['***', 'tasks', 'run', 'raizen_lab_01', 'print_hello', 'scheduled__2021-09-18T19:00:00+00:00', '--job-id', '62', '--raw', '--subdir', 'DAGS_FOLDER/raizen_lab_01.py', '--cfg-path', '/tmp/tmpdilrk_yk', '--error-file', '/tmp/tmp6nsp6cbh']
[2022-08-23 11:27:45,718] {standard_task_runner.py:80} INFO - Job 62: Subtask print_hello
[2022-08-23 11:27:45,876] {task_command.py:371} INFO - Running <TaskInstance: raizen_lab_01.print_hello scheduled__2021-09-18T19:00:00+00:00 [running]> on host 7f48b7aaf0fc
[2022-08-23 11:27:46,060] {taskinstance.py:1591} INFO - Exporting the following env vars:
AIRFLOW_CTX_DAG_OWNER=admin
AIRFLOW_CTX_DAG_ID=raizen_lab_01
AIRFLOW_CTX_TASK_ID=print_hello
AIRFLOW_CTX_EXECUTION_DATE=2021-09-18T19:00:00+00:00
AIRFLOW_CTX_TRY_NUMBER=1
AIRFLOW_CTX_DAG_RUN_ID=scheduled__2021-09-18T19:00:00+00:00
[2022-08-23 11:27:46,063] {subprocess.py:62} INFO - Tmp dir root location: 
 /tmp
[2022-08-23 11:27:46,066] {subprocess.py:74} INFO - Running command: ['bash', '-c', 'echo "hello"']
[2022-08-23 11:27:46,090] {subprocess.py:85} INFO - Output:
[2022-08-23 11:27:46,093] {subprocess.py:92} INFO - hello
[2022-08-23 11:27:46,094] {subprocess.py:96} INFO - Command exited with return code 0
[2022-08-23 11:27:46,162] {taskinstance.py:1420} INFO - Marking task as SUCCESS. dag_id=raizen_lab_01, task_id=print_hello, execution_date=20210918T190000, start_date=20220823T112745, end_date=20220823T112746
[2022-08-23 11:27:46,212] {local_task_job.py:156} INFO - Task exited with return code 0
[2022-08-23 11:27:46,303] {local_task_job.py:273} INFO - 1 downstream tasks scheduled from follow-on schedule check
