[2022-08-23 11:47:38,089] {taskinstance.py:1179} INFO - Dependencies all met for <TaskInstance: raizen_lab_01.sleep scheduled__2021-10-19T18:00:00+00:00 [queued]>
[2022-08-23 11:47:38,110] {taskinstance.py:1179} INFO - Dependencies all met for <TaskInstance: raizen_lab_01.sleep scheduled__2021-10-19T18:00:00+00:00 [queued]>
[2022-08-23 11:47:38,110] {taskinstance.py:1376} INFO - 
--------------------------------------------------------------------------------
[2022-08-23 11:47:38,111] {taskinstance.py:1377} INFO - Starting attempt 1 of 2
[2022-08-23 11:47:38,111] {taskinstance.py:1378} INFO - 
--------------------------------------------------------------------------------
[2022-08-23 11:47:38,136] {taskinstance.py:1397} INFO - Executing <Task(BashOperator): sleep> on 2021-10-19 18:00:00+00:00
[2022-08-23 11:47:38,145] {standard_task_runner.py:52} INFO - Started process 887 to run task
[2022-08-23 11:47:38,151] {standard_task_runner.py:79} INFO - Running: ['***', 'tasks', 'run', 'raizen_lab_01', 'sleep', 'scheduled__2021-10-19T18:00:00+00:00', '--job-id', '2311', '--raw', '--subdir', 'DAGS_FOLDER/raizen_lab_01.py', '--cfg-path', '/tmp/tmpkhrk248o', '--error-file', '/tmp/tmpdwv_t2d7']
[2022-08-23 11:47:38,152] {standard_task_runner.py:80} INFO - Job 2311: Subtask sleep
[2022-08-23 11:47:38,296] {task_command.py:371} INFO - Running <TaskInstance: raizen_lab_01.sleep scheduled__2021-10-19T18:00:00+00:00 [running]> on host fc645605a611
[2022-08-23 11:47:38,566] {taskinstance.py:1591} INFO - Exporting the following env vars:
AIRFLOW_CTX_DAG_OWNER=admin
AIRFLOW_CTX_DAG_ID=raizen_lab_01
AIRFLOW_CTX_TASK_ID=sleep
AIRFLOW_CTX_EXECUTION_DATE=2021-10-19T18:00:00+00:00
AIRFLOW_CTX_TRY_NUMBER=1
AIRFLOW_CTX_DAG_RUN_ID=scheduled__2021-10-19T18:00:00+00:00
[2022-08-23 11:47:38,575] {subprocess.py:62} INFO - Tmp dir root location: 
 /tmp
[2022-08-23 11:47:38,580] {subprocess.py:74} INFO - Running command: ['bash', '-c', 'sleep 5']
[2022-08-23 11:47:38,606] {subprocess.py:85} INFO - Output:
[2022-08-23 11:47:43,612] {subprocess.py:96} INFO - Command exited with return code 0
[2022-08-23 11:47:43,659] {taskinstance.py:1420} INFO - Marking task as SUCCESS. dag_id=raizen_lab_01, task_id=sleep, execution_date=20211019T180000, start_date=20220823T114738, end_date=20220823T114743
[2022-08-23 11:47:43,684] {local_task_job.py:156} INFO - Task exited with return code 0
[2022-08-23 11:47:43,735] {local_task_job.py:273} INFO - 1 downstream tasks scheduled from follow-on schedule check
