[2022-08-23 11:36:54,885] {taskinstance.py:1179} INFO - Dependencies all met for <TaskInstance: raizen_lab_01.print_world scheduled__2021-10-08T08:00:00+00:00 [queued]>
[2022-08-23 11:36:54,929] {taskinstance.py:1179} INFO - Dependencies all met for <TaskInstance: raizen_lab_01.print_world scheduled__2021-10-08T08:00:00+00:00 [queued]>
[2022-08-23 11:36:54,929] {taskinstance.py:1376} INFO - 
--------------------------------------------------------------------------------
[2022-08-23 11:36:54,931] {taskinstance.py:1377} INFO - Starting attempt 1 of 2
[2022-08-23 11:36:54,932] {taskinstance.py:1378} INFO - 
--------------------------------------------------------------------------------
[2022-08-23 11:36:54,979] {taskinstance.py:1397} INFO - Executing <Task(PythonOperator): print_world> on 2021-10-08 08:00:00+00:00
[2022-08-23 11:36:54,989] {standard_task_runner.py:52} INFO - Started process 177 to run task
[2022-08-23 11:36:54,995] {standard_task_runner.py:79} INFO - Running: ['***', 'tasks', 'run', 'raizen_lab_01', 'print_world', 'scheduled__2021-10-08T08:00:00+00:00', '--job-id', '1509', '--raw', '--subdir', 'DAGS_FOLDER/raizen_lab_01.py', '--cfg-path', '/tmp/tmpakjsizia', '--error-file', '/tmp/tmpnkzgqa4t']
[2022-08-23 11:36:54,996] {standard_task_runner.py:80} INFO - Job 1509: Subtask print_world
[2022-08-23 11:36:55,118] {task_command.py:371} INFO - Running <TaskInstance: raizen_lab_01.print_world scheduled__2021-10-08T08:00:00+00:00 [running]> on host 7f48b7aaf0fc
[2022-08-23 11:36:55,302] {taskinstance.py:1591} INFO - Exporting the following env vars:
AIRFLOW_CTX_DAG_OWNER=admin
AIRFLOW_CTX_DAG_ID=raizen_lab_01
AIRFLOW_CTX_TASK_ID=print_world
AIRFLOW_CTX_EXECUTION_DATE=2021-10-08T08:00:00+00:00
AIRFLOW_CTX_TRY_NUMBER=1
AIRFLOW_CTX_DAG_RUN_ID=scheduled__2021-10-08T08:00:00+00:00
[2022-08-23 11:36:55,304] {logging_mixin.py:115} INFO - world
[2022-08-23 11:36:55,305] {python.py:173} INFO - Done. Returned value was: None
[2022-08-23 11:36:55,334] {taskinstance.py:1420} INFO - Marking task as SUCCESS. dag_id=raizen_lab_01, task_id=print_world, execution_date=20211008T080000, start_date=20220823T113654, end_date=20220823T113655
[2022-08-23 11:36:55,408] {local_task_job.py:156} INFO - Task exited with return code 0
[2022-08-23 11:36:55,690] {local_task_job.py:273} INFO - 0 downstream tasks scheduled from follow-on schedule check
