[2022-08-23 11:28:25,076] {taskinstance.py:1179} INFO - Dependencies all met for <TaskInstance: raizen_lab_01.sleep scheduled__2021-09-20T05:00:00+00:00 [queued]>
[2022-08-23 11:28:25,096] {taskinstance.py:1179} INFO - Dependencies all met for <TaskInstance: raizen_lab_01.sleep scheduled__2021-09-20T05:00:00+00:00 [queued]>
[2022-08-23 11:28:25,096] {taskinstance.py:1376} INFO - 
--------------------------------------------------------------------------------
[2022-08-23 11:28:25,097] {taskinstance.py:1377} INFO - Starting attempt 1 of 2
[2022-08-23 11:28:25,098] {taskinstance.py:1378} INFO - 
--------------------------------------------------------------------------------
[2022-08-23 11:28:25,122] {taskinstance.py:1397} INFO - Executing <Task(BashOperator): sleep> on 2021-09-20 05:00:00+00:00
[2022-08-23 11:28:25,130] {standard_task_runner.py:52} INFO - Started process 400 to run task
[2022-08-23 11:28:25,136] {standard_task_runner.py:79} INFO - Running: ['***', 'tasks', 'run', 'raizen_lab_01', 'sleep', 'scheduled__2021-09-20T05:00:00+00:00', '--job-id', '170', '--raw', '--subdir', 'DAGS_FOLDER/raizen_lab_01.py', '--cfg-path', '/tmp/tmp3ctgne3s', '--error-file', '/tmp/tmpswiqqqj2']
[2022-08-23 11:28:25,138] {standard_task_runner.py:80} INFO - Job 170: Subtask sleep
[2022-08-23 11:28:25,235] {task_command.py:371} INFO - Running <TaskInstance: raizen_lab_01.sleep scheduled__2021-09-20T05:00:00+00:00 [running]> on host 7f48b7aaf0fc
[2022-08-23 11:28:25,323] {taskinstance.py:1591} INFO - Exporting the following env vars:
AIRFLOW_CTX_DAG_OWNER=admin
AIRFLOW_CTX_DAG_ID=raizen_lab_01
AIRFLOW_CTX_TASK_ID=sleep
AIRFLOW_CTX_EXECUTION_DATE=2021-09-20T05:00:00+00:00
AIRFLOW_CTX_TRY_NUMBER=1
AIRFLOW_CTX_DAG_RUN_ID=scheduled__2021-09-20T05:00:00+00:00
[2022-08-23 11:28:25,325] {subprocess.py:62} INFO - Tmp dir root location: 
 /tmp
[2022-08-23 11:28:25,326] {subprocess.py:74} INFO - Running command: ['bash', '-c', 'sleep 5']
[2022-08-23 11:28:25,338] {subprocess.py:85} INFO - Output:
[2022-08-23 11:28:30,341] {subprocess.py:96} INFO - Command exited with return code 0
[2022-08-23 11:28:30,427] {taskinstance.py:1420} INFO - Marking task as SUCCESS. dag_id=raizen_lab_01, task_id=sleep, execution_date=20210920T050000, start_date=20220823T112825, end_date=20220823T112830
[2022-08-23 11:28:30,492] {local_task_job.py:156} INFO - Task exited with return code 0
[2022-08-23 11:28:30,579] {local_task_job.py:273} INFO - 1 downstream tasks scheduled from follow-on schedule check
