[2022-08-23 13:14:00,881] {taskinstance.py:1179} INFO - Dependencies all met for <TaskInstance: raizen_lab_01.step_01 scheduled__2021-12-28T18:00:00+00:00 [queued]>
[2022-08-23 13:14:00,890] {taskinstance.py:1179} INFO - Dependencies all met for <TaskInstance: raizen_lab_01.step_01 scheduled__2021-12-28T18:00:00+00:00 [queued]>
[2022-08-23 13:14:00,890] {taskinstance.py:1376} INFO - 
--------------------------------------------------------------------------------
[2022-08-23 13:14:00,891] {taskinstance.py:1377} INFO - Starting attempt 1 of 2
[2022-08-23 13:14:00,892] {taskinstance.py:1378} INFO - 
--------------------------------------------------------------------------------
[2022-08-23 13:14:00,905] {taskinstance.py:1397} INFO - Executing <Task(BashOperator): step_01> on 2021-12-28 18:00:00+00:00
[2022-08-23 13:14:00,911] {standard_task_runner.py:52} INFO - Started process 125 to run task
[2022-08-23 13:14:00,914] {standard_task_runner.py:79} INFO - Running: ['***', 'tasks', 'run', 'raizen_lab_01', 'step_01', 'scheduled__2021-12-28T18:00:00+00:00', '--job-id', '7356', '--raw', '--subdir', 'DAGS_FOLDER/raizen_lab_01.py', '--cfg-path', '/tmp/tmpie23dbkz', '--error-file', '/tmp/tmpx1rjv2nk']
[2022-08-23 13:14:00,916] {standard_task_runner.py:80} INFO - Job 7356: Subtask step_01
[2022-08-23 13:14:00,989] {task_command.py:371} INFO - Running <TaskInstance: raizen_lab_01.step_01 scheduled__2021-12-28T18:00:00+00:00 [running]> on host 94e929fe2c87
[2022-08-23 13:14:01,068] {taskinstance.py:1591} INFO - Exporting the following env vars:
AIRFLOW_CTX_DAG_OWNER=admin
AIRFLOW_CTX_DAG_ID=raizen_lab_01
AIRFLOW_CTX_TASK_ID=step_01
AIRFLOW_CTX_EXECUTION_DATE=2021-12-28T18:00:00+00:00
AIRFLOW_CTX_TRY_NUMBER=1
AIRFLOW_CTX_DAG_RUN_ID=scheduled__2021-12-28T18:00:00+00:00
[2022-08-23 13:14:01,069] {subprocess.py:62} INFO - Tmp dir root location: 
 /tmp
[2022-08-23 13:14:01,070] {subprocess.py:74} INFO - Running command: ['bash', '-c', 'echo "hello"']
[2022-08-23 13:14:01,082] {subprocess.py:85} INFO - Output:
[2022-08-23 13:14:01,083] {subprocess.py:92} INFO - hello
[2022-08-23 13:14:01,084] {subprocess.py:96} INFO - Command exited with return code 0
[2022-08-23 13:14:01,148] {taskinstance.py:1420} INFO - Marking task as SUCCESS. dag_id=raizen_lab_01, task_id=step_01, execution_date=20211228T180000, start_date=20220823T131400, end_date=20220823T131401
[2022-08-23 13:14:01,206] {local_task_job.py:156} INFO - Task exited with return code 0
[2022-08-23 13:14:01,259] {local_task_job.py:273} INFO - 1 downstream tasks scheduled from follow-on schedule check
