[2022-08-23 16:13:51,957] {taskinstance.py:1179} INFO - Dependencies all met for <TaskInstance: raizen_lab_01.sleep scheduled__2022-01-04T19:00:00+00:00 [queued]>
[2022-08-23 16:13:51,976] {taskinstance.py:1179} INFO - Dependencies all met for <TaskInstance: raizen_lab_01.sleep scheduled__2022-01-04T19:00:00+00:00 [queued]>
[2022-08-23 16:13:51,976] {taskinstance.py:1376} INFO - 
--------------------------------------------------------------------------------
[2022-08-23 16:13:51,977] {taskinstance.py:1377} INFO - Starting attempt 1 of 2
[2022-08-23 16:13:51,978] {taskinstance.py:1378} INFO - 
--------------------------------------------------------------------------------
[2022-08-23 16:13:52,014] {taskinstance.py:1397} INFO - Executing <Task(BashOperator): sleep> on 2022-01-04 19:00:00+00:00
[2022-08-23 16:13:52,025] {standard_task_runner.py:52} INFO - Started process 333 to run task
[2022-08-23 16:13:52,035] {standard_task_runner.py:79} INFO - Running: ['***', 'tasks', 'run', 'raizen_lab_01', 'sleep', 'scheduled__2022-01-04T19:00:00+00:00', '--job-id', '8029', '--raw', '--subdir', 'DAGS_FOLDER/raizen_lab_01.py', '--cfg-path', '/tmp/tmpdx0ml60u', '--error-file', '/tmp/tmpbpzz5zpu']
[2022-08-23 16:13:52,038] {standard_task_runner.py:80} INFO - Job 8029: Subtask sleep
[2022-08-23 16:13:52,234] {task_command.py:371} INFO - Running <TaskInstance: raizen_lab_01.sleep scheduled__2022-01-04T19:00:00+00:00 [running]> on host 8790b68fb5bc
[2022-08-23 16:13:52,399] {taskinstance.py:1591} INFO - Exporting the following env vars:
AIRFLOW_CTX_DAG_OWNER=admin
AIRFLOW_CTX_DAG_ID=raizen_lab_01
AIRFLOW_CTX_TASK_ID=sleep
AIRFLOW_CTX_EXECUTION_DATE=2022-01-04T19:00:00+00:00
AIRFLOW_CTX_TRY_NUMBER=1
AIRFLOW_CTX_DAG_RUN_ID=scheduled__2022-01-04T19:00:00+00:00
[2022-08-23 16:13:52,402] {subprocess.py:62} INFO - Tmp dir root location: 
 /tmp
[2022-08-23 16:13:52,403] {subprocess.py:74} INFO - Running command: ['bash', '-c', 'sleep 5']
[2022-08-23 16:13:52,429] {subprocess.py:85} INFO - Output:
[2022-08-23 16:13:57,435] {subprocess.py:96} INFO - Command exited with return code 0
[2022-08-23 16:13:57,541] {taskinstance.py:1420} INFO - Marking task as SUCCESS. dag_id=raizen_lab_01, task_id=sleep, execution_date=20220104T190000, start_date=20220823T161351, end_date=20220823T161357
[2022-08-23 16:13:57,630] {local_task_job.py:156} INFO - Task exited with return code 0
[2022-08-23 16:13:57,687] {local_task_job.py:273} INFO - 1 downstream tasks scheduled from follow-on schedule check
