[2022-08-23 11:34:11,919] {taskinstance.py:1179} INFO - Dependencies all met for <TaskInstance: raizen_lab_01.print_hello scheduled__2021-10-03T13:00:00+00:00 [queued]>
[2022-08-23 11:34:11,939] {taskinstance.py:1179} INFO - Dependencies all met for <TaskInstance: raizen_lab_01.print_hello scheduled__2021-10-03T13:00:00+00:00 [queued]>
[2022-08-23 11:34:11,940] {taskinstance.py:1376} INFO - 
--------------------------------------------------------------------------------
[2022-08-23 11:34:11,940] {taskinstance.py:1377} INFO - Starting attempt 1 of 2
[2022-08-23 11:34:11,941] {taskinstance.py:1378} INFO - 
--------------------------------------------------------------------------------
[2022-08-23 11:34:11,968] {taskinstance.py:1397} INFO - Executing <Task(BashOperator): print_hello> on 2021-10-03 13:00:00+00:00
[2022-08-23 11:34:11,978] {standard_task_runner.py:52} INFO - Started process 3179 to run task
[2022-08-23 11:34:11,984] {standard_task_runner.py:79} INFO - Running: ['***', 'tasks', 'run', 'raizen_lab_01', 'print_hello', 'scheduled__2021-10-03T13:00:00+00:00', '--job-id', '1119', '--raw', '--subdir', 'DAGS_FOLDER/raizen_lab_01.py', '--cfg-path', '/tmp/tmpactbva2_', '--error-file', '/tmp/tmp35vr21ic']
[2022-08-23 11:34:11,985] {standard_task_runner.py:80} INFO - Job 1119: Subtask print_hello
[2022-08-23 11:34:12,103] {task_command.py:371} INFO - Running <TaskInstance: raizen_lab_01.print_hello scheduled__2021-10-03T13:00:00+00:00 [running]> on host 7f48b7aaf0fc
[2022-08-23 11:34:12,227] {taskinstance.py:1591} INFO - Exporting the following env vars:
AIRFLOW_CTX_DAG_OWNER=admin
AIRFLOW_CTX_DAG_ID=raizen_lab_01
AIRFLOW_CTX_TASK_ID=print_hello
AIRFLOW_CTX_EXECUTION_DATE=2021-10-03T13:00:00+00:00
AIRFLOW_CTX_TRY_NUMBER=1
AIRFLOW_CTX_DAG_RUN_ID=scheduled__2021-10-03T13:00:00+00:00
[2022-08-23 11:34:12,230] {subprocess.py:62} INFO - Tmp dir root location: 
 /tmp
[2022-08-23 11:34:12,231] {subprocess.py:74} INFO - Running command: ['bash', '-c', 'echo "hello"']
[2022-08-23 11:34:12,246] {subprocess.py:85} INFO - Output:
[2022-08-23 11:34:12,249] {subprocess.py:92} INFO - hello
[2022-08-23 11:34:12,250] {subprocess.py:96} INFO - Command exited with return code 0
[2022-08-23 11:34:12,303] {taskinstance.py:1420} INFO - Marking task as SUCCESS. dag_id=raizen_lab_01, task_id=print_hello, execution_date=20211003T130000, start_date=20220823T113411, end_date=20220823T113412
[2022-08-23 11:34:12,357] {local_task_job.py:156} INFO - Task exited with return code 0
[2022-08-23 11:34:12,429] {local_task_job.py:273} INFO - 1 downstream tasks scheduled from follow-on schedule check
