[2022-08-23 11:59:03,978] {taskinstance.py:1179} INFO - Dependencies all met for <TaskInstance: raizen_lab_01.sleep scheduled__2021-10-22T07:00:00+00:00 [queued]>
[2022-08-23 11:59:03,993] {taskinstance.py:1179} INFO - Dependencies all met for <TaskInstance: raizen_lab_01.sleep scheduled__2021-10-22T07:00:00+00:00 [queued]>
[2022-08-23 11:59:03,993] {taskinstance.py:1376} INFO - 
--------------------------------------------------------------------------------
[2022-08-23 11:59:03,994] {taskinstance.py:1377} INFO - Starting attempt 1 of 2
[2022-08-23 11:59:03,995] {taskinstance.py:1378} INFO - 
--------------------------------------------------------------------------------
[2022-08-23 11:59:04,025] {taskinstance.py:1397} INFO - Executing <Task(BashOperator): sleep> on 2021-10-22 07:00:00+00:00
[2022-08-23 11:59:04,034] {standard_task_runner.py:52} INFO - Started process 385 to run task
[2022-08-23 11:59:04,040] {standard_task_runner.py:79} INFO - Running: ['***', 'tasks', 'run', 'raizen_lab_01', 'sleep', 'scheduled__2021-10-22T07:00:00+00:00', '--job-id', '2497', '--raw', '--subdir', 'DAGS_FOLDER/raizen_lab_01.py', '--cfg-path', '/tmp/tmpq72kieao', '--error-file', '/tmp/tmpfmwz6xnh']
[2022-08-23 11:59:04,041] {standard_task_runner.py:80} INFO - Job 2497: Subtask sleep
[2022-08-23 11:59:04,219] {task_command.py:371} INFO - Running <TaskInstance: raizen_lab_01.sleep scheduled__2021-10-22T07:00:00+00:00 [running]> on host 9f4b06248101
[2022-08-23 11:59:04,358] {taskinstance.py:1591} INFO - Exporting the following env vars:
AIRFLOW_CTX_DAG_OWNER=admin
AIRFLOW_CTX_DAG_ID=raizen_lab_01
AIRFLOW_CTX_TASK_ID=sleep
AIRFLOW_CTX_EXECUTION_DATE=2021-10-22T07:00:00+00:00
AIRFLOW_CTX_TRY_NUMBER=1
AIRFLOW_CTX_DAG_RUN_ID=scheduled__2021-10-22T07:00:00+00:00
[2022-08-23 11:59:04,361] {subprocess.py:62} INFO - Tmp dir root location: 
 /tmp
[2022-08-23 11:59:04,362] {subprocess.py:74} INFO - Running command: ['bash', '-c', 'sleep 5']
[2022-08-23 11:59:04,379] {subprocess.py:85} INFO - Output:
[2022-08-23 11:59:09,385] {subprocess.py:96} INFO - Command exited with return code 0
[2022-08-23 11:59:09,644] {taskinstance.py:1420} INFO - Marking task as SUCCESS. dag_id=raizen_lab_01, task_id=sleep, execution_date=20211022T070000, start_date=20220823T115903, end_date=20220823T115909
[2022-08-23 11:59:09,677] {local_task_job.py:156} INFO - Task exited with return code 0
[2022-08-23 11:59:09,739] {local_task_job.py:273} INFO - 1 downstream tasks scheduled from follow-on schedule check
