[2022-08-23 13:16:14,769] {taskinstance.py:1179} INFO - Dependencies all met for <TaskInstance: raizen_lab_01.sleep scheduled__2022-01-02T23:00:00+00:00 [queued]>
[2022-08-23 13:16:14,777] {taskinstance.py:1179} INFO - Dependencies all met for <TaskInstance: raizen_lab_01.sleep scheduled__2022-01-02T23:00:00+00:00 [queued]>
[2022-08-23 13:16:14,778] {taskinstance.py:1376} INFO - 
--------------------------------------------------------------------------------
[2022-08-23 13:16:14,778] {taskinstance.py:1377} INFO - Starting attempt 1 of 2
[2022-08-23 13:16:14,778] {taskinstance.py:1378} INFO - 
--------------------------------------------------------------------------------
[2022-08-23 13:16:14,794] {taskinstance.py:1397} INFO - Executing <Task(BashOperator): sleep> on 2022-01-02 23:00:00+00:00
[2022-08-23 13:16:14,800] {standard_task_runner.py:52} INFO - Started process 1625 to run task
[2022-08-23 13:16:14,803] {standard_task_runner.py:79} INFO - Running: ['***', 'tasks', 'run', 'raizen_lab_01', 'sleep', 'scheduled__2022-01-02T23:00:00+00:00', '--job-id', '7737', '--raw', '--subdir', 'DAGS_FOLDER/raizen_lab_01.py', '--cfg-path', '/tmp/tmp480zfup2', '--error-file', '/tmp/tmpihar2vef']
[2022-08-23 13:16:14,805] {standard_task_runner.py:80} INFO - Job 7737: Subtask sleep
[2022-08-23 13:16:14,867] {task_command.py:371} INFO - Running <TaskInstance: raizen_lab_01.sleep scheduled__2022-01-02T23:00:00+00:00 [running]> on host 94e929fe2c87
[2022-08-23 13:16:14,934] {taskinstance.py:1591} INFO - Exporting the following env vars:
AIRFLOW_CTX_DAG_OWNER=admin
AIRFLOW_CTX_DAG_ID=raizen_lab_01
AIRFLOW_CTX_TASK_ID=sleep
AIRFLOW_CTX_EXECUTION_DATE=2022-01-02T23:00:00+00:00
AIRFLOW_CTX_TRY_NUMBER=1
AIRFLOW_CTX_DAG_RUN_ID=scheduled__2022-01-02T23:00:00+00:00
[2022-08-23 13:16:14,936] {subprocess.py:62} INFO - Tmp dir root location: 
 /tmp
[2022-08-23 13:16:14,936] {subprocess.py:74} INFO - Running command: ['bash', '-c', 'sleep 5']
[2022-08-23 13:16:14,948] {subprocess.py:85} INFO - Output:
[2022-08-23 13:16:19,951] {subprocess.py:96} INFO - Command exited with return code 0
[2022-08-23 13:16:20,020] {taskinstance.py:1420} INFO - Marking task as SUCCESS. dag_id=raizen_lab_01, task_id=sleep, execution_date=20220102T230000, start_date=20220823T131614, end_date=20220823T131620
[2022-08-23 13:16:20,080] {local_task_job.py:156} INFO - Task exited with return code 0
[2022-08-23 13:16:20,137] {local_task_job.py:273} INFO - 1 downstream tasks scheduled from follow-on schedule check
