[2022-08-23 12:24:00,856] {taskinstance.py:1179} INFO - Dependencies all met for <TaskInstance: raizen_lab_01.print_hello scheduled__2021-11-17T22:00:00+00:00 [queued]>
[2022-08-23 12:24:00,866] {taskinstance.py:1179} INFO - Dependencies all met for <TaskInstance: raizen_lab_01.print_hello scheduled__2021-11-17T22:00:00+00:00 [queued]>
[2022-08-23 12:24:00,867] {taskinstance.py:1376} INFO - 
--------------------------------------------------------------------------------
[2022-08-23 12:24:00,867] {taskinstance.py:1377} INFO - Starting attempt 1 of 2
[2022-08-23 12:24:00,869] {taskinstance.py:1378} INFO - 
--------------------------------------------------------------------------------
[2022-08-23 12:24:00,885] {taskinstance.py:1397} INFO - Executing <Task(BashOperator): print_hello> on 2021-11-17 22:00:00+00:00
[2022-08-23 12:24:00,891] {standard_task_runner.py:52} INFO - Started process 3429 to run task
[2022-08-23 12:24:00,894] {standard_task_runner.py:79} INFO - Running: ['***', 'tasks', 'run', 'raizen_lab_01', 'print_hello', 'scheduled__2021-11-17T22:00:00+00:00', '--job-id', '4415', '--raw', '--subdir', 'DAGS_FOLDER/raizen_lab_01.py', '--cfg-path', '/tmp/tmpxlbvd5w7', '--error-file', '/tmp/tmpfikh0fsk']
[2022-08-23 12:24:00,895] {standard_task_runner.py:80} INFO - Job 4415: Subtask print_hello
[2022-08-23 12:24:00,957] {task_command.py:371} INFO - Running <TaskInstance: raizen_lab_01.print_hello scheduled__2021-11-17T22:00:00+00:00 [running]> on host 6383a3236c72
[2022-08-23 12:24:01,030] {taskinstance.py:1591} INFO - Exporting the following env vars:
AIRFLOW_CTX_DAG_OWNER=admin
AIRFLOW_CTX_DAG_ID=raizen_lab_01
AIRFLOW_CTX_TASK_ID=print_hello
AIRFLOW_CTX_EXECUTION_DATE=2021-11-17T22:00:00+00:00
AIRFLOW_CTX_TRY_NUMBER=1
AIRFLOW_CTX_DAG_RUN_ID=scheduled__2021-11-17T22:00:00+00:00
[2022-08-23 12:24:01,031] {subprocess.py:62} INFO - Tmp dir root location: 
 /tmp
[2022-08-23 12:24:01,032] {subprocess.py:74} INFO - Running command: ['bash', '-c', 'echo "hello"']
[2022-08-23 12:24:01,046] {subprocess.py:85} INFO - Output:
[2022-08-23 12:24:01,047] {subprocess.py:92} INFO - hello
[2022-08-23 12:24:01,048] {subprocess.py:96} INFO - Command exited with return code 0
[2022-08-23 12:24:01,080] {taskinstance.py:1420} INFO - Marking task as SUCCESS. dag_id=raizen_lab_01, task_id=print_hello, execution_date=20211117T220000, start_date=20220823T122400, end_date=20220823T122401
[2022-08-23 12:24:01,146] {local_task_job.py:156} INFO - Task exited with return code 0
[2022-08-23 12:24:01,257] {local_task_job.py:273} INFO - 0 downstream tasks scheduled from follow-on schedule check
