[2022-08-23 12:06:46,010] {taskinstance.py:1179} INFO - Dependencies all met for <TaskInstance: raizen_lab_01.print_hello scheduled__2021-10-28T02:00:00+00:00 [queued]>
[2022-08-23 12:06:46,020] {taskinstance.py:1179} INFO - Dependencies all met for <TaskInstance: raizen_lab_01.print_hello scheduled__2021-10-28T02:00:00+00:00 [queued]>
[2022-08-23 12:06:46,021] {taskinstance.py:1376} INFO - 
--------------------------------------------------------------------------------
[2022-08-23 12:06:46,021] {taskinstance.py:1377} INFO - Starting attempt 1 of 2
[2022-08-23 12:06:46,033] {taskinstance.py:1378} INFO - 
--------------------------------------------------------------------------------
[2022-08-23 12:06:46,100] {taskinstance.py:1397} INFO - Executing <Task(BashOperator): print_hello> on 2021-10-28 02:00:00+00:00
[2022-08-23 12:06:46,146] {standard_task_runner.py:52} INFO - Started process 846 to run task
[2022-08-23 12:06:46,150] {standard_task_runner.py:79} INFO - Running: ['***', 'tasks', 'run', 'raizen_lab_01', 'print_hello', 'scheduled__2021-10-28T02:00:00+00:00', '--job-id', '2896', '--raw', '--subdir', 'DAGS_FOLDER/raizen_lab_01.py', '--cfg-path', '/tmp/tmpmfzobm2b', '--error-file', '/tmp/tmpen0v2woj']
[2022-08-23 12:06:46,151] {standard_task_runner.py:80} INFO - Job 2896: Subtask print_hello
[2022-08-23 12:06:46,312] {task_command.py:371} INFO - Running <TaskInstance: raizen_lab_01.print_hello scheduled__2021-10-28T02:00:00+00:00 [running]> on host 67b6bdae536e
[2022-08-23 12:06:46,654] {taskinstance.py:1591} INFO - Exporting the following env vars:
AIRFLOW_CTX_DAG_OWNER=admin
AIRFLOW_CTX_DAG_ID=raizen_lab_01
AIRFLOW_CTX_TASK_ID=print_hello
AIRFLOW_CTX_EXECUTION_DATE=2021-10-28T02:00:00+00:00
AIRFLOW_CTX_TRY_NUMBER=1
AIRFLOW_CTX_DAG_RUN_ID=scheduled__2021-10-28T02:00:00+00:00
[2022-08-23 12:06:46,656] {subprocess.py:62} INFO - Tmp dir root location: 
 /tmp
[2022-08-23 12:06:46,657] {subprocess.py:74} INFO - Running command: ['bash', '-c', 'echo "hello"']
[2022-08-23 12:06:46,669] {subprocess.py:85} INFO - Output:
[2022-08-23 12:06:46,671] {subprocess.py:92} INFO - hello
[2022-08-23 12:06:46,672] {subprocess.py:96} INFO - Command exited with return code 0
[2022-08-23 12:06:46,921] {taskinstance.py:1420} INFO - Marking task as SUCCESS. dag_id=raizen_lab_01, task_id=print_hello, execution_date=20211028T020000, start_date=20220823T120646, end_date=20220823T120646
[2022-08-23 12:06:47,084] {local_task_job.py:156} INFO - Task exited with return code 0
[2022-08-23 12:06:47,171] {local_task_job.py:273} INFO - 1 downstream tasks scheduled from follow-on schedule check
