[2022-08-23 11:46:48,151] {taskinstance.py:1179} INFO - Dependencies all met for <TaskInstance: raizen_lab_01.sleep scheduled__2021-10-17T21:00:00+00:00 [queued]>
[2022-08-23 11:46:48,177] {taskinstance.py:1179} INFO - Dependencies all met for <TaskInstance: raizen_lab_01.sleep scheduled__2021-10-17T21:00:00+00:00 [queued]>
[2022-08-23 11:46:48,178] {taskinstance.py:1376} INFO - 
--------------------------------------------------------------------------------
[2022-08-23 11:46:48,179] {taskinstance.py:1377} INFO - Starting attempt 1 of 2
[2022-08-23 11:46:48,180] {taskinstance.py:1378} INFO - 
--------------------------------------------------------------------------------
[2022-08-23 11:46:48,209] {taskinstance.py:1397} INFO - Executing <Task(BashOperator): sleep> on 2021-10-17 21:00:00+00:00
[2022-08-23 11:46:48,219] {standard_task_runner.py:52} INFO - Started process 504 to run task
[2022-08-23 11:46:48,226] {standard_task_runner.py:79} INFO - Running: ['***', 'tasks', 'run', 'raizen_lab_01', 'sleep', 'scheduled__2021-10-17T21:00:00+00:00', '--job-id', '2176', '--raw', '--subdir', 'DAGS_FOLDER/raizen_lab_01.py', '--cfg-path', '/tmp/tmpr3r3f36s', '--error-file', '/tmp/tmpnw72ato7']
[2022-08-23 11:46:48,228] {standard_task_runner.py:80} INFO - Job 2176: Subtask sleep
[2022-08-23 11:46:48,374] {task_command.py:371} INFO - Running <TaskInstance: raizen_lab_01.sleep scheduled__2021-10-17T21:00:00+00:00 [running]> on host fc645605a611
[2022-08-23 11:46:48,579] {taskinstance.py:1591} INFO - Exporting the following env vars:
AIRFLOW_CTX_DAG_OWNER=admin
AIRFLOW_CTX_DAG_ID=raizen_lab_01
AIRFLOW_CTX_TASK_ID=sleep
AIRFLOW_CTX_EXECUTION_DATE=2021-10-17T21:00:00+00:00
AIRFLOW_CTX_TRY_NUMBER=1
AIRFLOW_CTX_DAG_RUN_ID=scheduled__2021-10-17T21:00:00+00:00
[2022-08-23 11:46:48,583] {subprocess.py:62} INFO - Tmp dir root location: 
 /tmp
[2022-08-23 11:46:48,585] {subprocess.py:74} INFO - Running command: ['bash', '-c', 'sleep 5']
[2022-08-23 11:46:48,614] {subprocess.py:85} INFO - Output:
[2022-08-23 11:46:53,621] {subprocess.py:96} INFO - Command exited with return code 0
[2022-08-23 11:46:53,892] {taskinstance.py:1420} INFO - Marking task as SUCCESS. dag_id=raizen_lab_01, task_id=sleep, execution_date=20211017T210000, start_date=20220823T114648, end_date=20220823T114653
[2022-08-23 11:46:53,925] {local_task_job.py:156} INFO - Task exited with return code 0
[2022-08-23 11:46:53,983] {local_task_job.py:273} INFO - 1 downstream tasks scheduled from follow-on schedule check
