[2022-08-23 12:22:59,719] {taskinstance.py:1179} INFO - Dependencies all met for <TaskInstance: raizen_lab_01.sleep scheduled__2021-11-15T05:00:00+00:00 [queued]>
[2022-08-23 12:22:59,732] {taskinstance.py:1179} INFO - Dependencies all met for <TaskInstance: raizen_lab_01.sleep scheduled__2021-11-15T05:00:00+00:00 [queued]>
[2022-08-23 12:22:59,733] {taskinstance.py:1376} INFO - 
--------------------------------------------------------------------------------
[2022-08-23 12:22:59,733] {taskinstance.py:1377} INFO - Starting attempt 1 of 2
[2022-08-23 12:22:59,734] {taskinstance.py:1378} INFO - 
--------------------------------------------------------------------------------
[2022-08-23 12:22:59,755] {taskinstance.py:1397} INFO - Executing <Task(BashOperator): sleep> on 2021-11-15 05:00:00+00:00
[2022-08-23 12:22:59,763] {standard_task_runner.py:52} INFO - Started process 2705 to run task
[2022-08-23 12:22:59,767] {standard_task_runner.py:79} INFO - Running: ['***', 'tasks', 'run', 'raizen_lab_01', 'sleep', 'scheduled__2021-11-15T05:00:00+00:00', '--job-id', '4228', '--raw', '--subdir', 'DAGS_FOLDER/raizen_lab_01.py', '--cfg-path', '/tmp/tmpob5i5zjk', '--error-file', '/tmp/tmpnzs3hnpm']
[2022-08-23 12:22:59,769] {standard_task_runner.py:80} INFO - Job 4228: Subtask sleep
[2022-08-23 12:22:59,847] {task_command.py:371} INFO - Running <TaskInstance: raizen_lab_01.sleep scheduled__2021-11-15T05:00:00+00:00 [running]> on host 6383a3236c72
[2022-08-23 12:22:59,939] {taskinstance.py:1591} INFO - Exporting the following env vars:
AIRFLOW_CTX_DAG_OWNER=admin
AIRFLOW_CTX_DAG_ID=raizen_lab_01
AIRFLOW_CTX_TASK_ID=sleep
AIRFLOW_CTX_EXECUTION_DATE=2021-11-15T05:00:00+00:00
AIRFLOW_CTX_TRY_NUMBER=1
AIRFLOW_CTX_DAG_RUN_ID=scheduled__2021-11-15T05:00:00+00:00
[2022-08-23 12:22:59,942] {subprocess.py:62} INFO - Tmp dir root location: 
 /tmp
[2022-08-23 12:22:59,943] {subprocess.py:74} INFO - Running command: ['bash', '-c', 'sleep 5']
[2022-08-23 12:22:59,962] {subprocess.py:85} INFO - Output:
[2022-08-23 12:23:04,967] {subprocess.py:96} INFO - Command exited with return code 0
[2022-08-23 12:23:04,997] {taskinstance.py:1420} INFO - Marking task as SUCCESS. dag_id=raizen_lab_01, task_id=sleep, execution_date=20211115T050000, start_date=20220823T122259, end_date=20220823T122304
[2022-08-23 12:23:05,033] {local_task_job.py:156} INFO - Task exited with return code 0
[2022-08-23 12:23:05,057] {local_task_job.py:273} INFO - 1 downstream tasks scheduled from follow-on schedule check
