[2022-08-23 11:28:31,867] {taskinstance.py:1179} INFO - Dependencies all met for <TaskInstance: raizen_lab_01.print_world scheduled__2021-09-20T06:00:00+00:00 [queued]>
[2022-08-23 11:28:31,890] {taskinstance.py:1179} INFO - Dependencies all met for <TaskInstance: raizen_lab_01.print_world scheduled__2021-09-20T06:00:00+00:00 [queued]>
[2022-08-23 11:28:31,896] {taskinstance.py:1376} INFO - 
--------------------------------------------------------------------------------
[2022-08-23 11:28:31,906] {taskinstance.py:1377} INFO - Starting attempt 1 of 2
[2022-08-23 11:28:31,907] {taskinstance.py:1378} INFO - 
--------------------------------------------------------------------------------
[2022-08-23 11:28:31,961] {taskinstance.py:1397} INFO - Executing <Task(PythonOperator): print_world> on 2021-09-20 06:00:00+00:00
[2022-08-23 11:28:31,975] {standard_task_runner.py:52} INFO - Started process 459 to run task
[2022-08-23 11:28:31,982] {standard_task_runner.py:79} INFO - Running: ['***', 'tasks', 'run', 'raizen_lab_01', 'print_world', 'scheduled__2021-09-20T06:00:00+00:00', '--job-id', '187', '--raw', '--subdir', 'DAGS_FOLDER/raizen_lab_01.py', '--cfg-path', '/tmp/tmp8pvumf8s', '--error-file', '/tmp/tmpkprn46y3']
[2022-08-23 11:28:31,983] {standard_task_runner.py:80} INFO - Job 187: Subtask print_world
[2022-08-23 11:28:32,127] {task_command.py:371} INFO - Running <TaskInstance: raizen_lab_01.print_world scheduled__2021-09-20T06:00:00+00:00 [running]> on host 7f48b7aaf0fc
[2022-08-23 11:28:32,341] {taskinstance.py:1591} INFO - Exporting the following env vars:
AIRFLOW_CTX_DAG_OWNER=admin
AIRFLOW_CTX_DAG_ID=raizen_lab_01
AIRFLOW_CTX_TASK_ID=print_world
AIRFLOW_CTX_EXECUTION_DATE=2021-09-20T06:00:00+00:00
AIRFLOW_CTX_TRY_NUMBER=1
AIRFLOW_CTX_DAG_RUN_ID=scheduled__2021-09-20T06:00:00+00:00
[2022-08-23 11:28:32,343] {logging_mixin.py:115} INFO - world
[2022-08-23 11:28:32,343] {python.py:173} INFO - Done. Returned value was: None
[2022-08-23 11:28:32,369] {taskinstance.py:1420} INFO - Marking task as SUCCESS. dag_id=raizen_lab_01, task_id=print_world, execution_date=20210920T060000, start_date=20220823T112831, end_date=20220823T112832
[2022-08-23 11:28:32,435] {local_task_job.py:156} INFO - Task exited with return code 0
[2022-08-23 11:28:32,494] {local_task_job.py:273} INFO - 0 downstream tasks scheduled from follow-on schedule check
