[2022-08-23 13:10:45,630] {taskinstance.py:1179} INFO - Dependencies all met for <TaskInstance: raizen_lab_01.sleep scheduled__2021-12-27T11:00:00+00:00 [queued]>
[2022-08-23 13:10:45,643] {taskinstance.py:1179} INFO - Dependencies all met for <TaskInstance: raizen_lab_01.sleep scheduled__2021-12-27T11:00:00+00:00 [queued]>
[2022-08-23 13:10:45,644] {taskinstance.py:1376} INFO - 
--------------------------------------------------------------------------------
[2022-08-23 13:10:45,644] {taskinstance.py:1377} INFO - Starting attempt 1 of 2
[2022-08-23 13:10:45,646] {taskinstance.py:1378} INFO - 
--------------------------------------------------------------------------------
[2022-08-23 13:10:45,663] {taskinstance.py:1397} INFO - Executing <Task(BashOperator): sleep> on 2021-12-27 11:00:00+00:00
[2022-08-23 13:10:45,670] {standard_task_runner.py:52} INFO - Started process 841 to run task
[2022-08-23 13:10:45,673] {standard_task_runner.py:79} INFO - Running: ['***', 'tasks', 'run', 'raizen_lab_01', 'sleep', 'scheduled__2021-12-27T11:00:00+00:00', '--job-id', '7274', '--raw', '--subdir', 'DAGS_FOLDER/raizen_lab_01.py', '--cfg-path', '/tmp/tmppiylt759', '--error-file', '/tmp/tmpmvt1oicg']
[2022-08-23 13:10:45,675] {standard_task_runner.py:80} INFO - Job 7274: Subtask sleep
[2022-08-23 13:10:45,748] {task_command.py:371} INFO - Running <TaskInstance: raizen_lab_01.sleep scheduled__2021-12-27T11:00:00+00:00 [running]> on host 965856c951e3
[2022-08-23 13:10:45,829] {taskinstance.py:1591} INFO - Exporting the following env vars:
AIRFLOW_CTX_DAG_OWNER=admin
AIRFLOW_CTX_DAG_ID=raizen_lab_01
AIRFLOW_CTX_TASK_ID=sleep
AIRFLOW_CTX_EXECUTION_DATE=2021-12-27T11:00:00+00:00
AIRFLOW_CTX_TRY_NUMBER=1
AIRFLOW_CTX_DAG_RUN_ID=scheduled__2021-12-27T11:00:00+00:00
[2022-08-23 13:10:45,831] {subprocess.py:62} INFO - Tmp dir root location: 
 /tmp
[2022-08-23 13:10:45,832] {subprocess.py:74} INFO - Running command: ['bash', '-c', 'sleep 5']
[2022-08-23 13:10:45,849] {subprocess.py:85} INFO - Output:
[2022-08-23 13:10:50,853] {subprocess.py:96} INFO - Command exited with return code 0
[2022-08-23 13:10:50,881] {taskinstance.py:1420} INFO - Marking task as SUCCESS. dag_id=raizen_lab_01, task_id=sleep, execution_date=20211227T110000, start_date=20220823T131045, end_date=20220823T131050
[2022-08-23 13:10:50,937] {local_task_job.py:156} INFO - Task exited with return code 0
[2022-08-23 13:10:50,965] {local_task_job.py:273} INFO - 1 downstream tasks scheduled from follow-on schedule check
