[2022-08-23 12:27:59,439] {taskinstance.py:1179} INFO - Dependencies all met for <TaskInstance: raizen_lab_01.sleep scheduled__2021-11-28T07:00:00+00:00 [queued]>
[2022-08-23 12:27:59,449] {taskinstance.py:1179} INFO - Dependencies all met for <TaskInstance: raizen_lab_01.sleep scheduled__2021-11-28T07:00:00+00:00 [queued]>
[2022-08-23 12:27:59,449] {taskinstance.py:1376} INFO - 
--------------------------------------------------------------------------------
[2022-08-23 12:27:59,450] {taskinstance.py:1377} INFO - Starting attempt 1 of 2
[2022-08-23 12:27:59,450] {taskinstance.py:1378} INFO - 
--------------------------------------------------------------------------------
[2022-08-23 12:27:59,464] {taskinstance.py:1397} INFO - Executing <Task(BashOperator): sleep> on 2021-11-28 07:00:00+00:00
[2022-08-23 12:27:59,471] {standard_task_runner.py:52} INFO - Started process 6355 to run task
[2022-08-23 12:27:59,474] {standard_task_runner.py:79} INFO - Running: ['***', 'tasks', 'run', 'raizen_lab_01', 'sleep', 'scheduled__2021-11-28T07:00:00+00:00', '--job-id', '5159', '--raw', '--subdir', 'DAGS_FOLDER/raizen_lab_01.py', '--cfg-path', '/tmp/tmpq_30gznn', '--error-file', '/tmp/tmp1j9vrkcr']
[2022-08-23 12:27:59,476] {standard_task_runner.py:80} INFO - Job 5159: Subtask sleep
[2022-08-23 12:27:59,538] {task_command.py:371} INFO - Running <TaskInstance: raizen_lab_01.sleep scheduled__2021-11-28T07:00:00+00:00 [running]> on host 6383a3236c72
[2022-08-23 12:27:59,607] {taskinstance.py:1591} INFO - Exporting the following env vars:
AIRFLOW_CTX_DAG_OWNER=admin
AIRFLOW_CTX_DAG_ID=raizen_lab_01
AIRFLOW_CTX_TASK_ID=sleep
AIRFLOW_CTX_EXECUTION_DATE=2021-11-28T07:00:00+00:00
AIRFLOW_CTX_TRY_NUMBER=1
AIRFLOW_CTX_DAG_RUN_ID=scheduled__2021-11-28T07:00:00+00:00
[2022-08-23 12:27:59,609] {subprocess.py:62} INFO - Tmp dir root location: 
 /tmp
[2022-08-23 12:27:59,610] {subprocess.py:74} INFO - Running command: ['bash', '-c', 'sleep 5']
[2022-08-23 12:27:59,622] {subprocess.py:85} INFO - Output:
[2022-08-23 12:28:04,625] {subprocess.py:96} INFO - Command exited with return code 0
[2022-08-23 12:28:04,659] {taskinstance.py:1420} INFO - Marking task as SUCCESS. dag_id=raizen_lab_01, task_id=sleep, execution_date=20211128T070000, start_date=20220823T122759, end_date=20220823T122804
[2022-08-23 12:28:04,715] {local_task_job.py:156} INFO - Task exited with return code 0
[2022-08-23 12:28:04,751] {local_task_job.py:273} INFO - 1 downstream tasks scheduled from follow-on schedule check
