[2022-08-23 12:28:31,309] {taskinstance.py:1179} INFO - Dependencies all met for <TaskInstance: raizen_lab_01.sleep scheduled__2021-11-29T19:00:00+00:00 [queued]>
[2022-08-23 12:28:31,318] {taskinstance.py:1179} INFO - Dependencies all met for <TaskInstance: raizen_lab_01.sleep scheduled__2021-11-29T19:00:00+00:00 [queued]>
[2022-08-23 12:28:31,319] {taskinstance.py:1376} INFO - 
--------------------------------------------------------------------------------
[2022-08-23 12:28:31,319] {taskinstance.py:1377} INFO - Starting attempt 1 of 2
[2022-08-23 12:28:31,325] {taskinstance.py:1378} INFO - 
--------------------------------------------------------------------------------
[2022-08-23 12:28:31,338] {taskinstance.py:1397} INFO - Executing <Task(BashOperator): sleep> on 2021-11-29 19:00:00+00:00
[2022-08-23 12:28:31,344] {standard_task_runner.py:52} INFO - Started process 6749 to run task
[2022-08-23 12:28:31,347] {standard_task_runner.py:79} INFO - Running: ['***', 'tasks', 'run', 'raizen_lab_01', 'sleep', 'scheduled__2021-11-29T19:00:00+00:00', '--job-id', '5260', '--raw', '--subdir', 'DAGS_FOLDER/raizen_lab_01.py', '--cfg-path', '/tmp/tmplvvcidp0', '--error-file', '/tmp/tmpuhd6wxrp']
[2022-08-23 12:28:31,348] {standard_task_runner.py:80} INFO - Job 5260: Subtask sleep
[2022-08-23 12:28:31,418] {task_command.py:371} INFO - Running <TaskInstance: raizen_lab_01.sleep scheduled__2021-11-29T19:00:00+00:00 [running]> on host 6383a3236c72
[2022-08-23 12:28:31,477] {taskinstance.py:1591} INFO - Exporting the following env vars:
AIRFLOW_CTX_DAG_OWNER=admin
AIRFLOW_CTX_DAG_ID=raizen_lab_01
AIRFLOW_CTX_TASK_ID=sleep
AIRFLOW_CTX_EXECUTION_DATE=2021-11-29T19:00:00+00:00
AIRFLOW_CTX_TRY_NUMBER=1
AIRFLOW_CTX_DAG_RUN_ID=scheduled__2021-11-29T19:00:00+00:00
[2022-08-23 12:28:31,478] {subprocess.py:62} INFO - Tmp dir root location: 
 /tmp
[2022-08-23 12:28:31,479] {subprocess.py:74} INFO - Running command: ['bash', '-c', 'sleep 5']
[2022-08-23 12:28:31,490] {subprocess.py:85} INFO - Output:
[2022-08-23 12:28:36,492] {subprocess.py:96} INFO - Command exited with return code 0
[2022-08-23 12:28:36,519] {taskinstance.py:1420} INFO - Marking task as SUCCESS. dag_id=raizen_lab_01, task_id=sleep, execution_date=20211129T190000, start_date=20220823T122831, end_date=20220823T122836
[2022-08-23 12:28:36,540] {local_task_job.py:156} INFO - Task exited with return code 0
[2022-08-23 12:28:36,568] {local_task_job.py:273} INFO - 1 downstream tasks scheduled from follow-on schedule check
