[2022-08-23 11:28:44,861] {taskinstance.py:1179} INFO - Dependencies all met for <TaskInstance: raizen_lab_01.print_hello scheduled__2021-09-20T22:00:00+00:00 [queued]>
[2022-08-23 11:28:44,880] {taskinstance.py:1179} INFO - Dependencies all met for <TaskInstance: raizen_lab_01.print_hello scheduled__2021-09-20T22:00:00+00:00 [queued]>
[2022-08-23 11:28:44,881] {taskinstance.py:1376} INFO - 
--------------------------------------------------------------------------------
[2022-08-23 11:28:44,882] {taskinstance.py:1377} INFO - Starting attempt 1 of 2
[2022-08-23 11:28:44,882] {taskinstance.py:1378} INFO - 
--------------------------------------------------------------------------------
[2022-08-23 11:28:44,915] {taskinstance.py:1397} INFO - Executing <Task(BashOperator): print_hello> on 2021-09-20 22:00:00+00:00
[2022-08-23 11:28:44,927] {standard_task_runner.py:52} INFO - Started process 534 to run task
[2022-08-23 11:28:44,934] {standard_task_runner.py:79} INFO - Running: ['***', 'tasks', 'run', 'raizen_lab_01', 'print_hello', 'scheduled__2021-09-20T22:00:00+00:00', '--job-id', '213', '--raw', '--subdir', 'DAGS_FOLDER/raizen_lab_01.py', '--cfg-path', '/tmp/tmpw148tc37', '--error-file', '/tmp/tmph27z3i28']
[2022-08-23 11:28:44,935] {standard_task_runner.py:80} INFO - Job 213: Subtask print_hello
[2022-08-23 11:28:45,099] {task_command.py:371} INFO - Running <TaskInstance: raizen_lab_01.print_hello scheduled__2021-09-20T22:00:00+00:00 [running]> on host 7f48b7aaf0fc
[2022-08-23 11:28:45,274] {taskinstance.py:1591} INFO - Exporting the following env vars:
AIRFLOW_CTX_DAG_OWNER=admin
AIRFLOW_CTX_DAG_ID=raizen_lab_01
AIRFLOW_CTX_TASK_ID=print_hello
AIRFLOW_CTX_EXECUTION_DATE=2021-09-20T22:00:00+00:00
AIRFLOW_CTX_TRY_NUMBER=1
AIRFLOW_CTX_DAG_RUN_ID=scheduled__2021-09-20T22:00:00+00:00
[2022-08-23 11:28:45,276] {subprocess.py:62} INFO - Tmp dir root location: 
 /tmp
[2022-08-23 11:28:45,278] {subprocess.py:74} INFO - Running command: ['bash', '-c', 'echo "hello"']
[2022-08-23 11:28:45,297] {subprocess.py:85} INFO - Output:
[2022-08-23 11:28:45,299] {subprocess.py:92} INFO - hello
[2022-08-23 11:28:45,300] {subprocess.py:96} INFO - Command exited with return code 0
[2022-08-23 11:28:45,618] {taskinstance.py:1420} INFO - Marking task as SUCCESS. dag_id=raizen_lab_01, task_id=print_hello, execution_date=20210920T220000, start_date=20220823T112844, end_date=20220823T112845
[2022-08-23 11:28:45,674] {local_task_job.py:156} INFO - Task exited with return code 0
[2022-08-23 11:28:45,897] {local_task_job.py:273} INFO - 1 downstream tasks scheduled from follow-on schedule check
