[2022-08-23 12:34:13,142] {taskinstance.py:1179} INFO - Dependencies all met for <TaskInstance: raizen_lab_01.sleep scheduled__2021-12-15T00:00:00+00:00 [queued]>
[2022-08-23 12:34:13,151] {taskinstance.py:1179} INFO - Dependencies all met for <TaskInstance: raizen_lab_01.sleep scheduled__2021-12-15T00:00:00+00:00 [queued]>
[2022-08-23 12:34:13,151] {taskinstance.py:1376} INFO - 
--------------------------------------------------------------------------------
[2022-08-23 12:34:13,152] {taskinstance.py:1377} INFO - Starting attempt 1 of 2
[2022-08-23 12:34:13,152] {taskinstance.py:1378} INFO - 
--------------------------------------------------------------------------------
[2022-08-23 12:34:13,164] {taskinstance.py:1397} INFO - Executing <Task(BashOperator): sleep> on 2021-12-15 00:00:00+00:00
[2022-08-23 12:34:13,169] {standard_task_runner.py:52} INFO - Started process 11047 to run task
[2022-08-23 12:34:13,172] {standard_task_runner.py:79} INFO - Running: ['***', 'tasks', 'run', 'raizen_lab_01', 'sleep', 'scheduled__2021-12-15T00:00:00+00:00', '--job-id', '6361', '--raw', '--subdir', 'DAGS_FOLDER/raizen_lab_01.py', '--cfg-path', '/tmp/tmp38c6nbjk', '--error-file', '/tmp/tmps8v8d1bt']
[2022-08-23 12:34:13,173] {standard_task_runner.py:80} INFO - Job 6361: Subtask sleep
[2022-08-23 12:34:13,227] {task_command.py:371} INFO - Running <TaskInstance: raizen_lab_01.sleep scheduled__2021-12-15T00:00:00+00:00 [running]> on host 6383a3236c72
[2022-08-23 12:34:13,286] {taskinstance.py:1591} INFO - Exporting the following env vars:
AIRFLOW_CTX_DAG_OWNER=admin
AIRFLOW_CTX_DAG_ID=raizen_lab_01
AIRFLOW_CTX_TASK_ID=sleep
AIRFLOW_CTX_EXECUTION_DATE=2021-12-15T00:00:00+00:00
AIRFLOW_CTX_TRY_NUMBER=1
AIRFLOW_CTX_DAG_RUN_ID=scheduled__2021-12-15T00:00:00+00:00
[2022-08-23 12:34:13,288] {subprocess.py:62} INFO - Tmp dir root location: 
 /tmp
[2022-08-23 12:34:13,288] {subprocess.py:74} INFO - Running command: ['bash', '-c', 'sleep 5']
[2022-08-23 12:34:13,298] {subprocess.py:85} INFO - Output:
[2022-08-23 12:34:18,301] {subprocess.py:96} INFO - Command exited with return code 0
[2022-08-23 12:34:18,338] {taskinstance.py:1420} INFO - Marking task as SUCCESS. dag_id=raizen_lab_01, task_id=sleep, execution_date=20211215T000000, start_date=20220823T123413, end_date=20220823T123418
[2022-08-23 12:34:18,372] {local_task_job.py:156} INFO - Task exited with return code 0
[2022-08-23 12:34:18,406] {local_task_job.py:273} INFO - 1 downstream tasks scheduled from follow-on schedule check
