[2022-08-23 11:36:06,925] {taskinstance.py:1179} INFO - Dependencies all met for <TaskInstance: raizen_lab_01.sleep scheduled__2021-10-07T20:00:00+00:00 [queued]>
[2022-08-23 11:36:06,945] {taskinstance.py:1179} INFO - Dependencies all met for <TaskInstance: raizen_lab_01.sleep scheduled__2021-10-07T20:00:00+00:00 [queued]>
[2022-08-23 11:36:06,946] {taskinstance.py:1376} INFO - 
--------------------------------------------------------------------------------
[2022-08-23 11:36:06,947] {taskinstance.py:1377} INFO - Starting attempt 1 of 2
[2022-08-23 11:36:06,948] {taskinstance.py:1378} INFO - 
--------------------------------------------------------------------------------
[2022-08-23 11:36:06,975] {taskinstance.py:1397} INFO - Executing <Task(BashOperator): sleep> on 2021-10-07 20:00:00+00:00
[2022-08-23 11:36:06,984] {standard_task_runner.py:52} INFO - Started process 4124 to run task
[2022-08-23 11:36:06,990] {standard_task_runner.py:79} INFO - Running: ['***', 'tasks', 'run', 'raizen_lab_01', 'sleep', 'scheduled__2021-10-07T20:00:00+00:00', '--job-id', '1444', '--raw', '--subdir', 'DAGS_FOLDER/raizen_lab_01.py', '--cfg-path', '/tmp/tmp3r3ghwck', '--error-file', '/tmp/tmpu15tk7kl']
[2022-08-23 11:36:06,991] {standard_task_runner.py:80} INFO - Job 1444: Subtask sleep
[2022-08-23 11:36:07,180] {task_command.py:371} INFO - Running <TaskInstance: raizen_lab_01.sleep scheduled__2021-10-07T20:00:00+00:00 [running]> on host 7f48b7aaf0fc
[2022-08-23 11:36:07,361] {taskinstance.py:1591} INFO - Exporting the following env vars:
AIRFLOW_CTX_DAG_OWNER=admin
AIRFLOW_CTX_DAG_ID=raizen_lab_01
AIRFLOW_CTX_TASK_ID=sleep
AIRFLOW_CTX_EXECUTION_DATE=2021-10-07T20:00:00+00:00
AIRFLOW_CTX_TRY_NUMBER=1
AIRFLOW_CTX_DAG_RUN_ID=scheduled__2021-10-07T20:00:00+00:00
[2022-08-23 11:36:07,364] {subprocess.py:62} INFO - Tmp dir root location: 
 /tmp
[2022-08-23 11:36:07,365] {subprocess.py:74} INFO - Running command: ['bash', '-c', 'sleep 5']
[2022-08-23 11:36:07,397] {subprocess.py:85} INFO - Output:
[2022-08-23 11:36:12,403] {subprocess.py:96} INFO - Command exited with return code 0
[2022-08-23 11:36:12,514] {taskinstance.py:1420} INFO - Marking task as SUCCESS. dag_id=raizen_lab_01, task_id=sleep, execution_date=20211007T200000, start_date=20220823T113606, end_date=20220823T113612
[2022-08-23 11:36:12,555] {local_task_job.py:156} INFO - Task exited with return code 0
[2022-08-23 11:36:12,621] {local_task_job.py:273} INFO - 1 downstream tasks scheduled from follow-on schedule check
