[2022-08-23 12:19:51,750] {taskinstance.py:1179} INFO - Dependencies all met for <TaskInstance: raizen_lab_01.sleep scheduled__2021-11-07T17:00:00+00:00 [queued]>
[2022-08-23 12:19:51,757] {taskinstance.py:1179} INFO - Dependencies all met for <TaskInstance: raizen_lab_01.sleep scheduled__2021-11-07T17:00:00+00:00 [queued]>
[2022-08-23 12:19:51,758] {taskinstance.py:1376} INFO - 
--------------------------------------------------------------------------------
[2022-08-23 12:19:51,758] {taskinstance.py:1377} INFO - Starting attempt 1 of 2
[2022-08-23 12:19:51,758] {taskinstance.py:1378} INFO - 
--------------------------------------------------------------------------------
[2022-08-23 12:19:51,769] {taskinstance.py:1397} INFO - Executing <Task(BashOperator): sleep> on 2021-11-07 17:00:00+00:00
[2022-08-23 12:19:51,775] {standard_task_runner.py:52} INFO - Started process 526 to run task
[2022-08-23 12:19:51,777] {standard_task_runner.py:79} INFO - Running: ['***', 'tasks', 'run', 'raizen_lab_01', 'sleep', 'scheduled__2021-11-07T17:00:00+00:00', '--job-id', '3673', '--raw', '--subdir', 'DAGS_FOLDER/raizen_lab_01.py', '--cfg-path', '/tmp/tmpn02ij4va', '--error-file', '/tmp/tmpdzt4j76b']
[2022-08-23 12:19:51,779] {standard_task_runner.py:80} INFO - Job 3673: Subtask sleep
[2022-08-23 12:19:51,835] {task_command.py:371} INFO - Running <TaskInstance: raizen_lab_01.sleep scheduled__2021-11-07T17:00:00+00:00 [running]> on host 6383a3236c72
[2022-08-23 12:19:51,905] {taskinstance.py:1591} INFO - Exporting the following env vars:
AIRFLOW_CTX_DAG_OWNER=admin
AIRFLOW_CTX_DAG_ID=raizen_lab_01
AIRFLOW_CTX_TASK_ID=sleep
AIRFLOW_CTX_EXECUTION_DATE=2021-11-07T17:00:00+00:00
AIRFLOW_CTX_TRY_NUMBER=1
AIRFLOW_CTX_DAG_RUN_ID=scheduled__2021-11-07T17:00:00+00:00
[2022-08-23 12:19:51,907] {subprocess.py:62} INFO - Tmp dir root location: 
 /tmp
[2022-08-23 12:19:51,907] {subprocess.py:74} INFO - Running command: ['bash', '-c', 'sleep 5']
[2022-08-23 12:19:51,918] {subprocess.py:85} INFO - Output:
[2022-08-23 12:19:56,921] {subprocess.py:96} INFO - Command exited with return code 0
[2022-08-23 12:19:56,981] {taskinstance.py:1420} INFO - Marking task as SUCCESS. dag_id=raizen_lab_01, task_id=sleep, execution_date=20211107T170000, start_date=20220823T121951, end_date=20220823T121956
[2022-08-23 12:19:57,079] {local_task_job.py:156} INFO - Task exited with return code 0
[2022-08-23 12:19:57,137] {local_task_job.py:273} INFO - 1 downstream tasks scheduled from follow-on schedule check
