[2022-08-23 14:22:49,791] {taskinstance.py:1179} INFO - Dependencies all met for <TaskInstance: raizen_lab_01.sleep scheduled__2022-01-03T09:00:00+00:00 [queued]>
[2022-08-23 14:22:49,846] {taskinstance.py:1179} INFO - Dependencies all met for <TaskInstance: raizen_lab_01.sleep scheduled__2022-01-03T09:00:00+00:00 [queued]>
[2022-08-23 14:22:49,850] {taskinstance.py:1376} INFO - 
--------------------------------------------------------------------------------
[2022-08-23 14:22:49,851] {taskinstance.py:1377} INFO - Starting attempt 1 of 2
[2022-08-23 14:22:49,854] {taskinstance.py:1378} INFO - 
--------------------------------------------------------------------------------
[2022-08-23 14:22:49,899] {taskinstance.py:1397} INFO - Executing <Task(BashOperator): sleep> on 2022-01-03 09:00:00+00:00
[2022-08-23 14:22:49,920] {standard_task_runner.py:52} INFO - Started process 172 to run task
[2022-08-23 14:22:49,926] {standard_task_runner.py:79} INFO - Running: ['***', 'tasks', 'run', 'raizen_lab_01', 'sleep', 'scheduled__2022-01-03T09:00:00+00:00', '--job-id', '7859', '--raw', '--subdir', 'DAGS_FOLDER/raizen_lab_01.py', '--cfg-path', '/tmp/tmptouprgto', '--error-file', '/tmp/tmpq_k0r1gx']
[2022-08-23 14:22:49,938] {standard_task_runner.py:80} INFO - Job 7859: Subtask sleep
[2022-08-23 14:22:50,201] {task_command.py:371} INFO - Running <TaskInstance: raizen_lab_01.sleep scheduled__2022-01-03T09:00:00+00:00 [running]> on host 02d9cdd4a2f7
[2022-08-23 14:22:50,512] {taskinstance.py:1591} INFO - Exporting the following env vars:
AIRFLOW_CTX_DAG_OWNER=admin
AIRFLOW_CTX_DAG_ID=raizen_lab_01
AIRFLOW_CTX_TASK_ID=sleep
AIRFLOW_CTX_EXECUTION_DATE=2022-01-03T09:00:00+00:00
AIRFLOW_CTX_TRY_NUMBER=1
AIRFLOW_CTX_DAG_RUN_ID=scheduled__2022-01-03T09:00:00+00:00
[2022-08-23 14:22:50,515] {subprocess.py:62} INFO - Tmp dir root location: 
 /tmp
[2022-08-23 14:22:50,517] {subprocess.py:74} INFO - Running command: ['bash', '-c', 'sleep 5']
[2022-08-23 14:22:50,537] {subprocess.py:85} INFO - Output:
[2022-08-23 14:22:55,551] {subprocess.py:96} INFO - Command exited with return code 0
[2022-08-23 14:22:55,594] {taskinstance.py:1420} INFO - Marking task as SUCCESS. dag_id=raizen_lab_01, task_id=sleep, execution_date=20220103T090000, start_date=20220823T142249, end_date=20220823T142255
[2022-08-23 14:22:55,641] {local_task_job.py:156} INFO - Task exited with return code 0
[2022-08-23 14:22:55,673] {local_task_job.py:273} INFO - 1 downstream tasks scheduled from follow-on schedule check
