[2022-08-23 16:13:18,751] {taskinstance.py:1179} INFO - Dependencies all met for <TaskInstance: raizen_lab_01.sleep manual__2022-08-23T14:23:38.152384+00:00 [queued]>
[2022-08-23 16:13:18,798] {taskinstance.py:1179} INFO - Dependencies all met for <TaskInstance: raizen_lab_01.sleep manual__2022-08-23T14:23:38.152384+00:00 [queued]>
[2022-08-23 16:13:18,800] {taskinstance.py:1376} INFO - 
--------------------------------------------------------------------------------
[2022-08-23 16:13:18,829] {taskinstance.py:1377} INFO - Starting attempt 1 of 2
[2022-08-23 16:13:18,831] {taskinstance.py:1378} INFO - 
--------------------------------------------------------------------------------
[2022-08-23 16:13:18,959] {taskinstance.py:1397} INFO - Executing <Task(BashOperator): sleep> on 2022-08-23 14:23:38.152384+00:00
[2022-08-23 16:13:19,025] {standard_task_runner.py:52} INFO - Started process 116 to run task
[2022-08-23 16:13:19,043] {standard_task_runner.py:79} INFO - Running: ['***', 'tasks', 'run', 'raizen_lab_01', 'sleep', 'manual__2022-08-23T14:23:38.152384+00:00', '--job-id', '7982', '--raw', '--subdir', 'DAGS_FOLDER/raizen_lab_01.py', '--cfg-path', '/tmp/tmpfp5tyq31', '--error-file', '/tmp/tmp5zue2tbn']
[2022-08-23 16:13:19,057] {standard_task_runner.py:80} INFO - Job 7982: Subtask sleep
[2022-08-23 16:13:21,720] {task_command.py:371} INFO - Running <TaskInstance: raizen_lab_01.sleep manual__2022-08-23T14:23:38.152384+00:00 [running]> on host 8790b68fb5bc
[2022-08-23 16:13:22,319] {taskinstance.py:1591} INFO - Exporting the following env vars:
AIRFLOW_CTX_DAG_OWNER=admin
AIRFLOW_CTX_DAG_ID=raizen_lab_01
AIRFLOW_CTX_TASK_ID=sleep
AIRFLOW_CTX_EXECUTION_DATE=2022-08-23T14:23:38.152384+00:00
AIRFLOW_CTX_TRY_NUMBER=1
AIRFLOW_CTX_DAG_RUN_ID=manual__2022-08-23T14:23:38.152384+00:00
[2022-08-23 16:13:22,327] {subprocess.py:62} INFO - Tmp dir root location: 
 /tmp
[2022-08-23 16:13:22,331] {subprocess.py:74} INFO - Running command: ['bash', '-c', 'sleep 5']
[2022-08-23 16:13:22,369] {subprocess.py:85} INFO - Output:
[2022-08-23 16:13:27,379] {subprocess.py:96} INFO - Command exited with return code 0
[2022-08-23 16:13:27,437] {taskinstance.py:1420} INFO - Marking task as SUCCESS. dag_id=raizen_lab_01, task_id=sleep, execution_date=20220823T142338, start_date=20220823T161318, end_date=20220823T161327
[2022-08-23 16:13:27,489] {local_task_job.py:156} INFO - Task exited with return code 0
[2022-08-23 16:13:27,555] {local_task_job.py:273} INFO - 1 downstream tasks scheduled from follow-on schedule check
