[2022-08-23 13:14:44,326] {taskinstance.py:1179} INFO - Dependencies all met for <TaskInstance: raizen_lab_01.sleep scheduled__2021-12-30T04:00:00+00:00 [queued]>
[2022-08-23 13:14:44,337] {taskinstance.py:1179} INFO - Dependencies all met for <TaskInstance: raizen_lab_01.sleep scheduled__2021-12-30T04:00:00+00:00 [queued]>
[2022-08-23 13:14:44,338] {taskinstance.py:1376} INFO - 
--------------------------------------------------------------------------------
[2022-08-23 13:14:44,338] {taskinstance.py:1377} INFO - Starting attempt 1 of 2
[2022-08-23 13:14:44,339] {taskinstance.py:1378} INFO - 
--------------------------------------------------------------------------------
[2022-08-23 13:14:44,359] {taskinstance.py:1397} INFO - Executing <Task(BashOperator): sleep> on 2021-12-30 04:00:00+00:00
[2022-08-23 13:14:44,367] {standard_task_runner.py:52} INFO - Started process 611 to run task
[2022-08-23 13:14:44,371] {standard_task_runner.py:79} INFO - Running: ['***', 'tasks', 'run', 'raizen_lab_01', 'sleep', 'scheduled__2021-12-30T04:00:00+00:00', '--job-id', '7478', '--raw', '--subdir', 'DAGS_FOLDER/raizen_lab_01.py', '--cfg-path', '/tmp/tmptnipitn2', '--error-file', '/tmp/tmpnhql2wzs']
[2022-08-23 13:14:44,373] {standard_task_runner.py:80} INFO - Job 7478: Subtask sleep
[2022-08-23 13:14:44,466] {task_command.py:371} INFO - Running <TaskInstance: raizen_lab_01.sleep scheduled__2021-12-30T04:00:00+00:00 [running]> on host 94e929fe2c87
[2022-08-23 13:14:44,681] {taskinstance.py:1591} INFO - Exporting the following env vars:
AIRFLOW_CTX_DAG_OWNER=admin
AIRFLOW_CTX_DAG_ID=raizen_lab_01
AIRFLOW_CTX_TASK_ID=sleep
AIRFLOW_CTX_EXECUTION_DATE=2021-12-30T04:00:00+00:00
AIRFLOW_CTX_TRY_NUMBER=1
AIRFLOW_CTX_DAG_RUN_ID=scheduled__2021-12-30T04:00:00+00:00
[2022-08-23 13:14:44,688] {subprocess.py:62} INFO - Tmp dir root location: 
 /tmp
[2022-08-23 13:14:44,689] {subprocess.py:74} INFO - Running command: ['bash', '-c', 'sleep 5']
[2022-08-23 13:14:44,705] {subprocess.py:85} INFO - Output:
[2022-08-23 13:14:49,715] {subprocess.py:96} INFO - Command exited with return code 0
[2022-08-23 13:14:49,742] {taskinstance.py:1420} INFO - Marking task as SUCCESS. dag_id=raizen_lab_01, task_id=sleep, execution_date=20211230T040000, start_date=20220823T131444, end_date=20220823T131449
[2022-08-23 13:14:49,763] {local_task_job.py:156} INFO - Task exited with return code 0
[2022-08-23 13:14:49,789] {local_task_job.py:273} INFO - 1 downstream tasks scheduled from follow-on schedule check
