[2022-08-23 11:32:47,484] {taskinstance.py:1179} INFO - Dependencies all met for <TaskInstance: raizen_lab_01.print_world scheduled__2021-09-30T09:00:00+00:00 [queued]>
[2022-08-23 11:32:47,500] {taskinstance.py:1179} INFO - Dependencies all met for <TaskInstance: raizen_lab_01.print_world scheduled__2021-09-30T09:00:00+00:00 [queued]>
[2022-08-23 11:32:47,500] {taskinstance.py:1376} INFO - 
--------------------------------------------------------------------------------
[2022-08-23 11:32:47,501] {taskinstance.py:1377} INFO - Starting attempt 1 of 2
[2022-08-23 11:32:47,501] {taskinstance.py:1378} INFO - 
--------------------------------------------------------------------------------
[2022-08-23 11:32:47,519] {taskinstance.py:1397} INFO - Executing <Task(PythonOperator): print_world> on 2021-09-30 09:00:00+00:00
[2022-08-23 11:32:47,524] {standard_task_runner.py:52} INFO - Started process 2574 to run task
[2022-08-23 11:32:47,529] {standard_task_runner.py:79} INFO - Running: ['***', 'tasks', 'run', 'raizen_lab_01', 'print_world', 'scheduled__2021-09-30T09:00:00+00:00', '--job-id', '918', '--raw', '--subdir', 'DAGS_FOLDER/raizen_lab_01.py', '--cfg-path', '/tmp/tmpuex0dt7i', '--error-file', '/tmp/tmp8y07q32r']
[2022-08-23 11:32:47,530] {standard_task_runner.py:80} INFO - Job 918: Subtask print_world
[2022-08-23 11:32:47,619] {task_command.py:371} INFO - Running <TaskInstance: raizen_lab_01.print_world scheduled__2021-09-30T09:00:00+00:00 [running]> on host 7f48b7aaf0fc
[2022-08-23 11:32:47,704] {taskinstance.py:1591} INFO - Exporting the following env vars:
AIRFLOW_CTX_DAG_OWNER=admin
AIRFLOW_CTX_DAG_ID=raizen_lab_01
AIRFLOW_CTX_TASK_ID=print_world
AIRFLOW_CTX_EXECUTION_DATE=2021-09-30T09:00:00+00:00
AIRFLOW_CTX_TRY_NUMBER=1
AIRFLOW_CTX_DAG_RUN_ID=scheduled__2021-09-30T09:00:00+00:00
[2022-08-23 11:32:47,706] {logging_mixin.py:115} INFO - world
[2022-08-23 11:32:47,706] {python.py:173} INFO - Done. Returned value was: None
[2022-08-23 11:32:47,722] {taskinstance.py:1420} INFO - Marking task as SUCCESS. dag_id=raizen_lab_01, task_id=print_world, execution_date=20210930T090000, start_date=20220823T113247, end_date=20220823T113247
[2022-08-23 11:32:47,780] {local_task_job.py:156} INFO - Task exited with return code 0
[2022-08-23 11:32:47,819] {local_task_job.py:273} INFO - 0 downstream tasks scheduled from follow-on schedule check
