[2022-08-23 12:25:37,026] {taskinstance.py:1179} INFO - Dependencies all met for <TaskInstance: raizen_lab_01.sleep scheduled__2021-11-22T08:00:00+00:00 [queued]>
[2022-08-23 12:25:37,039] {taskinstance.py:1179} INFO - Dependencies all met for <TaskInstance: raizen_lab_01.sleep scheduled__2021-11-22T08:00:00+00:00 [queued]>
[2022-08-23 12:25:37,040] {taskinstance.py:1376} INFO - 
--------------------------------------------------------------------------------
[2022-08-23 12:25:37,040] {taskinstance.py:1377} INFO - Starting attempt 1 of 2
[2022-08-23 12:25:37,041] {taskinstance.py:1378} INFO - 
--------------------------------------------------------------------------------
[2022-08-23 12:25:37,056] {taskinstance.py:1397} INFO - Executing <Task(BashOperator): sleep> on 2021-11-22 08:00:00+00:00
[2022-08-23 12:25:37,063] {standard_task_runner.py:52} INFO - Started process 4663 to run task
[2022-08-23 12:25:37,067] {standard_task_runner.py:79} INFO - Running: ['***', 'tasks', 'run', 'raizen_lab_01', 'sleep', 'scheduled__2021-11-22T08:00:00+00:00', '--job-id', '4729', '--raw', '--subdir', 'DAGS_FOLDER/raizen_lab_01.py', '--cfg-path', '/tmp/tmp47259c81', '--error-file', '/tmp/tmpcb_onuxs']
[2022-08-23 12:25:37,069] {standard_task_runner.py:80} INFO - Job 4729: Subtask sleep
[2022-08-23 12:25:37,144] {task_command.py:371} INFO - Running <TaskInstance: raizen_lab_01.sleep scheduled__2021-11-22T08:00:00+00:00 [running]> on host 6383a3236c72
[2022-08-23 12:25:37,215] {taskinstance.py:1591} INFO - Exporting the following env vars:
AIRFLOW_CTX_DAG_OWNER=admin
AIRFLOW_CTX_DAG_ID=raizen_lab_01
AIRFLOW_CTX_TASK_ID=sleep
AIRFLOW_CTX_EXECUTION_DATE=2021-11-22T08:00:00+00:00
AIRFLOW_CTX_TRY_NUMBER=1
AIRFLOW_CTX_DAG_RUN_ID=scheduled__2021-11-22T08:00:00+00:00
[2022-08-23 12:25:37,217] {subprocess.py:62} INFO - Tmp dir root location: 
 /tmp
[2022-08-23 12:25:37,217] {subprocess.py:74} INFO - Running command: ['bash', '-c', 'sleep 5']
[2022-08-23 12:25:37,231] {subprocess.py:85} INFO - Output:
[2022-08-23 12:25:42,235] {subprocess.py:96} INFO - Command exited with return code 0
[2022-08-23 12:25:42,280] {taskinstance.py:1420} INFO - Marking task as SUCCESS. dag_id=raizen_lab_01, task_id=sleep, execution_date=20211122T080000, start_date=20220823T122537, end_date=20220823T122542
[2022-08-23 12:25:42,315] {local_task_job.py:156} INFO - Task exited with return code 0
[2022-08-23 12:25:42,356] {local_task_job.py:273} INFO - 1 downstream tasks scheduled from follow-on schedule check
