[2022-08-23 11:29:01,182] {taskinstance.py:1179} INFO - Dependencies all met for <TaskInstance: raizen_lab_01.print_hello scheduled__2021-09-21T14:00:00+00:00 [queued]>
[2022-08-23 11:29:01,211] {taskinstance.py:1179} INFO - Dependencies all met for <TaskInstance: raizen_lab_01.print_hello scheduled__2021-09-21T14:00:00+00:00 [queued]>
[2022-08-23 11:29:01,211] {taskinstance.py:1376} INFO - 
--------------------------------------------------------------------------------
[2022-08-23 11:29:01,212] {taskinstance.py:1377} INFO - Starting attempt 1 of 2
[2022-08-23 11:29:01,213] {taskinstance.py:1378} INFO - 
--------------------------------------------------------------------------------
[2022-08-23 11:29:01,241] {taskinstance.py:1397} INFO - Executing <Task(BashOperator): print_hello> on 2021-09-21 14:00:00+00:00
[2022-08-23 11:29:01,306] {standard_task_runner.py:52} INFO - Started process 671 to run task
[2022-08-23 11:29:01,313] {standard_task_runner.py:79} INFO - Running: ['***', 'tasks', 'run', 'raizen_lab_01', 'print_hello', 'scheduled__2021-09-21T14:00:00+00:00', '--job-id', '261', '--raw', '--subdir', 'DAGS_FOLDER/raizen_lab_01.py', '--cfg-path', '/tmp/tmpqrtelv50', '--error-file', '/tmp/tmpybc72qvf']
[2022-08-23 11:29:01,314] {standard_task_runner.py:80} INFO - Job 261: Subtask print_hello
[2022-08-23 11:29:01,440] {task_command.py:371} INFO - Running <TaskInstance: raizen_lab_01.print_hello scheduled__2021-09-21T14:00:00+00:00 [running]> on host 7f48b7aaf0fc
[2022-08-23 11:29:01,580] {taskinstance.py:1591} INFO - Exporting the following env vars:
AIRFLOW_CTX_DAG_OWNER=admin
AIRFLOW_CTX_DAG_ID=raizen_lab_01
AIRFLOW_CTX_TASK_ID=print_hello
AIRFLOW_CTX_EXECUTION_DATE=2021-09-21T14:00:00+00:00
AIRFLOW_CTX_TRY_NUMBER=1
AIRFLOW_CTX_DAG_RUN_ID=scheduled__2021-09-21T14:00:00+00:00
[2022-08-23 11:29:01,583] {subprocess.py:62} INFO - Tmp dir root location: 
 /tmp
[2022-08-23 11:29:01,584] {subprocess.py:74} INFO - Running command: ['bash', '-c', 'echo "hello"']
[2022-08-23 11:29:01,600] {subprocess.py:85} INFO - Output:
[2022-08-23 11:29:01,602] {subprocess.py:92} INFO - hello
[2022-08-23 11:29:01,602] {subprocess.py:96} INFO - Command exited with return code 0
[2022-08-23 11:29:01,712] {taskinstance.py:1420} INFO - Marking task as SUCCESS. dag_id=raizen_lab_01, task_id=print_hello, execution_date=20210921T140000, start_date=20220823T112901, end_date=20220823T112901
[2022-08-23 11:29:01,767] {local_task_job.py:156} INFO - Task exited with return code 0
[2022-08-23 11:29:01,842] {local_task_job.py:273} INFO - 1 downstream tasks scheduled from follow-on schedule check
