[2022-08-23 20:03:39,755] {taskinstance.py:1179} INFO - Dependencies all met for <TaskInstance: raizen_lab_01.sleep scheduled__2022-01-28T04:00:00+00:00 [queued]>
[2022-08-23 20:03:39,769] {taskinstance.py:1179} INFO - Dependencies all met for <TaskInstance: raizen_lab_01.sleep scheduled__2022-01-28T04:00:00+00:00 [queued]>
[2022-08-23 20:03:39,770] {taskinstance.py:1376} INFO - 
--------------------------------------------------------------------------------
[2022-08-23 20:03:39,770] {taskinstance.py:1377} INFO - Starting attempt 1 of 2
[2022-08-23 20:03:39,771] {taskinstance.py:1378} INFO - 
--------------------------------------------------------------------------------
[2022-08-23 20:03:39,798] {taskinstance.py:1397} INFO - Executing <Task(BashOperator): sleep> on 2022-01-28 04:00:00+00:00
[2022-08-23 20:03:39,805] {standard_task_runner.py:52} INFO - Started process 202 to run task
[2022-08-23 20:03:39,810] {standard_task_runner.py:79} INFO - Running: ['***', 'tasks', 'run', 'raizen_lab_01', 'sleep', 'scheduled__2022-01-28T04:00:00+00:00', '--job-id', '9358', '--raw', '--subdir', 'DAGS_FOLDER/raizen_lab_01.py', '--cfg-path', '/tmp/tmp0pxoa05l', '--error-file', '/tmp/tmpu8psxkkl']
[2022-08-23 20:03:39,813] {standard_task_runner.py:80} INFO - Job 9358: Subtask sleep
[2022-08-23 20:03:39,944] {task_command.py:371} INFO - Running <TaskInstance: raizen_lab_01.sleep scheduled__2022-01-28T04:00:00+00:00 [running]> on host 80fce776ee1f
[2022-08-23 20:03:40,079] {taskinstance.py:1591} INFO - Exporting the following env vars:
AIRFLOW_CTX_DAG_OWNER=admin
AIRFLOW_CTX_DAG_ID=raizen_lab_01
AIRFLOW_CTX_TASK_ID=sleep
AIRFLOW_CTX_EXECUTION_DATE=2022-01-28T04:00:00+00:00
AIRFLOW_CTX_TRY_NUMBER=1
AIRFLOW_CTX_DAG_RUN_ID=scheduled__2022-01-28T04:00:00+00:00
[2022-08-23 20:03:40,082] {subprocess.py:62} INFO - Tmp dir root location: 
 /tmp
[2022-08-23 20:03:40,083] {subprocess.py:74} INFO - Running command: ['bash', '-c', 'sleep 5']
[2022-08-23 20:03:40,102] {subprocess.py:85} INFO - Output:
[2022-08-23 20:03:45,106] {subprocess.py:96} INFO - Command exited with return code 0
[2022-08-23 20:03:45,354] {taskinstance.py:1420} INFO - Marking task as SUCCESS. dag_id=raizen_lab_01, task_id=sleep, execution_date=20220128T040000, start_date=20220823T200339, end_date=20220823T200345
[2022-08-23 20:03:45,410] {local_task_job.py:156} INFO - Task exited with return code 0
[2022-08-23 20:03:45,464] {local_task_job.py:273} INFO - 1 downstream tasks scheduled from follow-on schedule check
