[2022-08-23 11:45:58,296] {taskinstance.py:1179} INFO - Dependencies all met for <TaskInstance: raizen_lab_01.sleep scheduled__2021-10-16T10:00:00+00:00 [queued]>
[2022-08-23 11:45:58,314] {taskinstance.py:1179} INFO - Dependencies all met for <TaskInstance: raizen_lab_01.sleep scheduled__2021-10-16T10:00:00+00:00 [queued]>
[2022-08-23 11:45:58,314] {taskinstance.py:1376} INFO - 
--------------------------------------------------------------------------------
[2022-08-23 11:45:58,315] {taskinstance.py:1377} INFO - Starting attempt 1 of 2
[2022-08-23 11:45:58,316] {taskinstance.py:1378} INFO - 
--------------------------------------------------------------------------------
[2022-08-23 11:45:58,338] {taskinstance.py:1397} INFO - Executing <Task(BashOperator): sleep> on 2021-10-16 10:00:00+00:00
[2022-08-23 11:45:58,345] {standard_task_runner.py:52} INFO - Started process 168 to run task
[2022-08-23 11:45:58,350] {standard_task_runner.py:79} INFO - Running: ['***', 'tasks', 'run', 'raizen_lab_01', 'sleep', 'scheduled__2021-10-16T10:00:00+00:00', '--job-id', '2063', '--raw', '--subdir', 'DAGS_FOLDER/raizen_lab_01.py', '--cfg-path', '/tmp/tmpzyxizxig', '--error-file', '/tmp/tmp0n_updet']
[2022-08-23 11:45:58,351] {standard_task_runner.py:80} INFO - Job 2063: Subtask sleep
[2022-08-23 11:45:58,468] {task_command.py:371} INFO - Running <TaskInstance: raizen_lab_01.sleep scheduled__2021-10-16T10:00:00+00:00 [running]> on host fc645605a611
[2022-08-23 11:45:58,599] {taskinstance.py:1591} INFO - Exporting the following env vars:
AIRFLOW_CTX_DAG_OWNER=admin
AIRFLOW_CTX_DAG_ID=raizen_lab_01
AIRFLOW_CTX_TASK_ID=sleep
AIRFLOW_CTX_EXECUTION_DATE=2021-10-16T10:00:00+00:00
AIRFLOW_CTX_TRY_NUMBER=1
AIRFLOW_CTX_DAG_RUN_ID=scheduled__2021-10-16T10:00:00+00:00
[2022-08-23 11:45:58,602] {subprocess.py:62} INFO - Tmp dir root location: 
 /tmp
[2022-08-23 11:45:58,604] {subprocess.py:74} INFO - Running command: ['bash', '-c', 'sleep 5']
[2022-08-23 11:45:58,631] {subprocess.py:85} INFO - Output:
[2022-08-23 11:46:03,636] {subprocess.py:96} INFO - Command exited with return code 0
[2022-08-23 11:46:03,694] {taskinstance.py:1420} INFO - Marking task as SUCCESS. dag_id=raizen_lab_01, task_id=sleep, execution_date=20211016T100000, start_date=20220823T114558, end_date=20220823T114603
[2022-08-23 11:46:03,740] {local_task_job.py:156} INFO - Task exited with return code 0
[2022-08-23 11:46:03,799] {local_task_job.py:273} INFO - 1 downstream tasks scheduled from follow-on schedule check
