[2022-08-23 11:31:18,409] {taskinstance.py:1179} INFO - Dependencies all met for <TaskInstance: raizen_lab_01.sleep scheduled__2021-09-27T04:00:00+00:00 [queued]>
[2022-08-23 11:31:18,423] {taskinstance.py:1179} INFO - Dependencies all met for <TaskInstance: raizen_lab_01.sleep scheduled__2021-09-27T04:00:00+00:00 [queued]>
[2022-08-23 11:31:18,424] {taskinstance.py:1376} INFO - 
--------------------------------------------------------------------------------
[2022-08-23 11:31:18,424] {taskinstance.py:1377} INFO - Starting attempt 1 of 2
[2022-08-23 11:31:18,425] {taskinstance.py:1378} INFO - 
--------------------------------------------------------------------------------
[2022-08-23 11:31:18,446] {taskinstance.py:1397} INFO - Executing <Task(BashOperator): sleep> on 2021-09-27 04:00:00+00:00
[2022-08-23 11:31:18,453] {standard_task_runner.py:52} INFO - Started process 1843 to run task
[2022-08-23 11:31:18,457] {standard_task_runner.py:79} INFO - Running: ['***', 'tasks', 'run', 'raizen_lab_01', 'sleep', 'scheduled__2021-09-27T04:00:00+00:00', '--job-id', '665', '--raw', '--subdir', 'DAGS_FOLDER/raizen_lab_01.py', '--cfg-path', '/tmp/tmpggk2yi9v', '--error-file', '/tmp/tmps7ls0jd_']
[2022-08-23 11:31:18,458] {standard_task_runner.py:80} INFO - Job 665: Subtask sleep
[2022-08-23 11:31:18,545] {task_command.py:371} INFO - Running <TaskInstance: raizen_lab_01.sleep scheduled__2021-09-27T04:00:00+00:00 [running]> on host 7f48b7aaf0fc
[2022-08-23 11:31:18,659] {taskinstance.py:1591} INFO - Exporting the following env vars:
AIRFLOW_CTX_DAG_OWNER=admin
AIRFLOW_CTX_DAG_ID=raizen_lab_01
AIRFLOW_CTX_TASK_ID=sleep
AIRFLOW_CTX_EXECUTION_DATE=2021-09-27T04:00:00+00:00
AIRFLOW_CTX_TRY_NUMBER=1
AIRFLOW_CTX_DAG_RUN_ID=scheduled__2021-09-27T04:00:00+00:00
[2022-08-23 11:31:18,662] {subprocess.py:62} INFO - Tmp dir root location: 
 /tmp
[2022-08-23 11:31:18,664] {subprocess.py:74} INFO - Running command: ['bash', '-c', 'sleep 5']
[2022-08-23 11:31:18,678] {subprocess.py:85} INFO - Output:
[2022-08-23 11:31:23,682] {subprocess.py:96} INFO - Command exited with return code 0
[2022-08-23 11:31:23,734] {taskinstance.py:1420} INFO - Marking task as SUCCESS. dag_id=raizen_lab_01, task_id=sleep, execution_date=20210927T040000, start_date=20220823T113118, end_date=20220823T113123
[2022-08-23 11:31:23,799] {local_task_job.py:156} INFO - Task exited with return code 0
[2022-08-23 11:31:23,845] {local_task_job.py:273} INFO - 1 downstream tasks scheduled from follow-on schedule check
