[2022-08-23 11:30:58,197] {taskinstance.py:1179} INFO - Dependencies all met for <TaskInstance: raizen_lab_01.sleep scheduled__2021-09-26T00:00:00+00:00 [queued]>
[2022-08-23 11:30:58,209] {taskinstance.py:1179} INFO - Dependencies all met for <TaskInstance: raizen_lab_01.sleep scheduled__2021-09-26T00:00:00+00:00 [queued]>
[2022-08-23 11:30:58,210] {taskinstance.py:1376} INFO - 
--------------------------------------------------------------------------------
[2022-08-23 11:30:58,211] {taskinstance.py:1377} INFO - Starting attempt 1 of 2
[2022-08-23 11:30:58,211] {taskinstance.py:1378} INFO - 
--------------------------------------------------------------------------------
[2022-08-23 11:30:58,230] {taskinstance.py:1397} INFO - Executing <Task(BashOperator): sleep> on 2021-09-26 00:00:00+00:00
[2022-08-23 11:30:58,237] {standard_task_runner.py:52} INFO - Started process 1648 to run task
[2022-08-23 11:30:58,242] {standard_task_runner.py:79} INFO - Running: ['***', 'tasks', 'run', 'raizen_lab_01', 'sleep', 'scheduled__2021-09-26T00:00:00+00:00', '--job-id', '597', '--raw', '--subdir', 'DAGS_FOLDER/raizen_lab_01.py', '--cfg-path', '/tmp/tmpr0ssa3vo', '--error-file', '/tmp/tmpyx1by6b4']
[2022-08-23 11:30:58,243] {standard_task_runner.py:80} INFO - Job 597: Subtask sleep
[2022-08-23 11:30:58,349] {task_command.py:371} INFO - Running <TaskInstance: raizen_lab_01.sleep scheduled__2021-09-26T00:00:00+00:00 [running]> on host 7f48b7aaf0fc
[2022-08-23 11:30:58,469] {taskinstance.py:1591} INFO - Exporting the following env vars:
AIRFLOW_CTX_DAG_OWNER=admin
AIRFLOW_CTX_DAG_ID=raizen_lab_01
AIRFLOW_CTX_TASK_ID=sleep
AIRFLOW_CTX_EXECUTION_DATE=2021-09-26T00:00:00+00:00
AIRFLOW_CTX_TRY_NUMBER=1
AIRFLOW_CTX_DAG_RUN_ID=scheduled__2021-09-26T00:00:00+00:00
[2022-08-23 11:30:58,471] {subprocess.py:62} INFO - Tmp dir root location: 
 /tmp
[2022-08-23 11:30:58,473] {subprocess.py:74} INFO - Running command: ['bash', '-c', 'sleep 5']
[2022-08-23 11:30:58,490] {subprocess.py:85} INFO - Output:
[2022-08-23 11:31:03,495] {subprocess.py:96} INFO - Command exited with return code 0
[2022-08-23 11:31:03,665] {taskinstance.py:1420} INFO - Marking task as SUCCESS. dag_id=raizen_lab_01, task_id=sleep, execution_date=20210926T000000, start_date=20220823T113058, end_date=20220823T113103
[2022-08-23 11:31:03,695] {local_task_job.py:156} INFO - Task exited with return code 0
[2022-08-23 11:31:03,731] {local_task_job.py:273} INFO - 1 downstream tasks scheduled from follow-on schedule check
