[2022-08-23 14:22:57,513] {taskinstance.py:1179} INFO - Dependencies all met for <TaskInstance: raizen_lab_01.step_01 scheduled__2022-01-03T13:00:00+00:00 [queued]>
[2022-08-23 14:22:57,527] {taskinstance.py:1179} INFO - Dependencies all met for <TaskInstance: raizen_lab_01.step_01 scheduled__2022-01-03T13:00:00+00:00 [queued]>
[2022-08-23 14:22:57,528] {taskinstance.py:1376} INFO - 
--------------------------------------------------------------------------------
[2022-08-23 14:22:57,528] {taskinstance.py:1377} INFO - Starting attempt 1 of 2
[2022-08-23 14:22:57,529] {taskinstance.py:1378} INFO - 
--------------------------------------------------------------------------------
[2022-08-23 14:22:57,553] {taskinstance.py:1397} INFO - Executing <Task(BashOperator): step_01> on 2022-01-03 13:00:00+00:00
[2022-08-23 14:22:57,626] {standard_task_runner.py:52} INFO - Started process 259 to run task
[2022-08-23 14:22:57,631] {standard_task_runner.py:79} INFO - Running: ['***', 'tasks', 'run', 'raizen_lab_01', 'step_01', 'scheduled__2022-01-03T13:00:00+00:00', '--job-id', '7881', '--raw', '--subdir', 'DAGS_FOLDER/raizen_lab_01.py', '--cfg-path', '/tmp/tmpjdr9n8qj', '--error-file', '/tmp/tmpjb9bf9gm']
[2022-08-23 14:22:57,642] {standard_task_runner.py:80} INFO - Job 7881: Subtask step_01
[2022-08-23 14:22:57,774] {task_command.py:371} INFO - Running <TaskInstance: raizen_lab_01.step_01 scheduled__2022-01-03T13:00:00+00:00 [running]> on host 02d9cdd4a2f7
[2022-08-23 14:22:57,910] {taskinstance.py:1591} INFO - Exporting the following env vars:
AIRFLOW_CTX_DAG_OWNER=admin
AIRFLOW_CTX_DAG_ID=raizen_lab_01
AIRFLOW_CTX_TASK_ID=step_01
AIRFLOW_CTX_EXECUTION_DATE=2022-01-03T13:00:00+00:00
AIRFLOW_CTX_TRY_NUMBER=1
AIRFLOW_CTX_DAG_RUN_ID=scheduled__2022-01-03T13:00:00+00:00
[2022-08-23 14:22:57,912] {subprocess.py:62} INFO - Tmp dir root location: 
 /tmp
[2022-08-23 14:22:57,914] {subprocess.py:74} INFO - Running command: ['bash', '-c', 'echo "hello"']
[2022-08-23 14:22:57,943] {subprocess.py:85} INFO - Output:
[2022-08-23 14:22:57,945] {subprocess.py:92} INFO - hello
[2022-08-23 14:22:57,946] {subprocess.py:96} INFO - Command exited with return code 0
[2022-08-23 14:22:58,028] {taskinstance.py:1420} INFO - Marking task as SUCCESS. dag_id=raizen_lab_01, task_id=step_01, execution_date=20220103T130000, start_date=20220823T142257, end_date=20220823T142258
[2022-08-23 14:22:58,100] {local_task_job.py:156} INFO - Task exited with return code 0
[2022-08-23 14:22:58,163] {local_task_job.py:273} INFO - 0 downstream tasks scheduled from follow-on schedule check
