[2022-08-23 11:29:02,709] {taskinstance.py:1179} INFO - Dependencies all met for <TaskInstance: raizen_lab_01.print_hello scheduled__2021-09-21T18:00:00+00:00 [queued]>
[2022-08-23 11:29:02,726] {taskinstance.py:1179} INFO - Dependencies all met for <TaskInstance: raizen_lab_01.print_hello scheduled__2021-09-21T18:00:00+00:00 [queued]>
[2022-08-23 11:29:02,727] {taskinstance.py:1376} INFO - 
--------------------------------------------------------------------------------
[2022-08-23 11:29:02,728] {taskinstance.py:1377} INFO - Starting attempt 1 of 2
[2022-08-23 11:29:02,729] {taskinstance.py:1378} INFO - 
--------------------------------------------------------------------------------
[2022-08-23 11:29:02,752] {taskinstance.py:1397} INFO - Executing <Task(BashOperator): print_hello> on 2021-09-21 18:00:00+00:00
[2022-08-23 11:29:02,759] {standard_task_runner.py:52} INFO - Started process 697 to run task
[2022-08-23 11:29:02,765] {standard_task_runner.py:79} INFO - Running: ['***', 'tasks', 'run', 'raizen_lab_01', 'print_hello', 'scheduled__2021-09-21T18:00:00+00:00', '--job-id', '270', '--raw', '--subdir', 'DAGS_FOLDER/raizen_lab_01.py', '--cfg-path', '/tmp/tmpeu1fel8l', '--error-file', '/tmp/tmpimbino20']
[2022-08-23 11:29:02,766] {standard_task_runner.py:80} INFO - Job 270: Subtask print_hello
[2022-08-23 11:29:02,868] {task_command.py:371} INFO - Running <TaskInstance: raizen_lab_01.print_hello scheduled__2021-09-21T18:00:00+00:00 [running]> on host 7f48b7aaf0fc
[2022-08-23 11:29:03,006] {taskinstance.py:1591} INFO - Exporting the following env vars:
AIRFLOW_CTX_DAG_OWNER=admin
AIRFLOW_CTX_DAG_ID=raizen_lab_01
AIRFLOW_CTX_TASK_ID=print_hello
AIRFLOW_CTX_EXECUTION_DATE=2021-09-21T18:00:00+00:00
AIRFLOW_CTX_TRY_NUMBER=1
AIRFLOW_CTX_DAG_RUN_ID=scheduled__2021-09-21T18:00:00+00:00
[2022-08-23 11:29:03,008] {subprocess.py:62} INFO - Tmp dir root location: 
 /tmp
[2022-08-23 11:29:03,010] {subprocess.py:74} INFO - Running command: ['bash', '-c', 'echo "hello"']
[2022-08-23 11:29:03,024] {subprocess.py:85} INFO - Output:
[2022-08-23 11:29:03,027] {subprocess.py:92} INFO - hello
[2022-08-23 11:29:03,027] {subprocess.py:96} INFO - Command exited with return code 0
[2022-08-23 11:29:03,081] {taskinstance.py:1420} INFO - Marking task as SUCCESS. dag_id=raizen_lab_01, task_id=print_hello, execution_date=20210921T180000, start_date=20220823T112902, end_date=20220823T112903
[2022-08-23 11:29:03,137] {local_task_job.py:156} INFO - Task exited with return code 0
[2022-08-23 11:29:03,205] {local_task_job.py:273} INFO - 1 downstream tasks scheduled from follow-on schedule check
