[2022-08-23 12:07:43,515] {taskinstance.py:1179} INFO - Dependencies all met for <TaskInstance: raizen_lab_01.print_hello scheduled__2021-10-30T19:00:00+00:00 [queued]>
[2022-08-23 12:07:43,531] {taskinstance.py:1179} INFO - Dependencies all met for <TaskInstance: raizen_lab_01.print_hello scheduled__2021-10-30T19:00:00+00:00 [queued]>
[2022-08-23 12:07:43,531] {taskinstance.py:1376} INFO - 
--------------------------------------------------------------------------------
[2022-08-23 12:07:43,532] {taskinstance.py:1377} INFO - Starting attempt 1 of 2
[2022-08-23 12:07:43,532] {taskinstance.py:1378} INFO - 
--------------------------------------------------------------------------------
[2022-08-23 12:07:43,547] {taskinstance.py:1397} INFO - Executing <Task(BashOperator): print_hello> on 2021-10-30 19:00:00+00:00
[2022-08-23 12:07:43,551] {standard_task_runner.py:52} INFO - Started process 1411 to run task
[2022-08-23 12:07:43,555] {standard_task_runner.py:79} INFO - Running: ['***', 'tasks', 'run', 'raizen_lab_01', 'print_hello', 'scheduled__2021-10-30T19:00:00+00:00', '--job-id', '3090', '--raw', '--subdir', 'DAGS_FOLDER/raizen_lab_01.py', '--cfg-path', '/tmp/tmp0wuo0j4_', '--error-file', '/tmp/tmpyoimywj4']
[2022-08-23 12:07:43,556] {standard_task_runner.py:80} INFO - Job 3090: Subtask print_hello
[2022-08-23 12:07:43,620] {task_command.py:371} INFO - Running <TaskInstance: raizen_lab_01.print_hello scheduled__2021-10-30T19:00:00+00:00 [running]> on host 67b6bdae536e
[2022-08-23 12:07:43,696] {taskinstance.py:1591} INFO - Exporting the following env vars:
AIRFLOW_CTX_DAG_OWNER=admin
AIRFLOW_CTX_DAG_ID=raizen_lab_01
AIRFLOW_CTX_TASK_ID=print_hello
AIRFLOW_CTX_EXECUTION_DATE=2021-10-30T19:00:00+00:00
AIRFLOW_CTX_TRY_NUMBER=1
AIRFLOW_CTX_DAG_RUN_ID=scheduled__2021-10-30T19:00:00+00:00
[2022-08-23 12:07:43,698] {subprocess.py:62} INFO - Tmp dir root location: 
 /tmp
[2022-08-23 12:07:43,699] {subprocess.py:74} INFO - Running command: ['bash', '-c', 'echo "hello"']
[2022-08-23 12:07:43,711] {subprocess.py:85} INFO - Output:
[2022-08-23 12:07:43,712] {subprocess.py:92} INFO - hello
[2022-08-23 12:07:43,712] {subprocess.py:96} INFO - Command exited with return code 0
[2022-08-23 12:07:43,745] {taskinstance.py:1420} INFO - Marking task as SUCCESS. dag_id=raizen_lab_01, task_id=print_hello, execution_date=20211030T190000, start_date=20220823T120743, end_date=20220823T120743
[2022-08-23 12:07:43,766] {local_task_job.py:156} INFO - Task exited with return code 0
[2022-08-23 12:07:43,814] {local_task_job.py:273} INFO - 1 downstream tasks scheduled from follow-on schedule check
