[2022-08-23 13:09:30,230] {taskinstance.py:1179} INFO - Dependencies all met for <TaskInstance: raizen_lab_01.print_hello scheduled__2021-12-25T16:00:00+00:00 [queued]>
[2022-08-23 13:09:30,240] {taskinstance.py:1179} INFO - Dependencies all met for <TaskInstance: raizen_lab_01.print_hello scheduled__2021-12-25T16:00:00+00:00 [queued]>
[2022-08-23 13:09:30,241] {taskinstance.py:1376} INFO - 
--------------------------------------------------------------------------------
[2022-08-23 13:09:30,241] {taskinstance.py:1377} INFO - Starting attempt 1 of 2
[2022-08-23 13:09:30,242] {taskinstance.py:1378} INFO - 
--------------------------------------------------------------------------------
[2022-08-23 13:09:30,268] {taskinstance.py:1397} INFO - Executing <Task(BashOperator): print_hello> on 2021-12-25 16:00:00+00:00
[2022-08-23 13:09:30,275] {standard_task_runner.py:52} INFO - Started process 227 to run task
[2022-08-23 13:09:30,278] {standard_task_runner.py:79} INFO - Running: ['***', 'tasks', 'run', 'raizen_lab_01', 'print_hello', 'scheduled__2021-12-25T16:00:00+00:00', '--job-id', '7124', '--raw', '--subdir', 'DAGS_FOLDER/raizen_lab_01.py', '--cfg-path', '/tmp/tmpr08zwt86', '--error-file', '/tmp/tmpxmfhg3ck']
[2022-08-23 13:09:30,280] {standard_task_runner.py:80} INFO - Job 7124: Subtask print_hello
[2022-08-23 13:09:30,353] {task_command.py:371} INFO - Running <TaskInstance: raizen_lab_01.print_hello scheduled__2021-12-25T16:00:00+00:00 [running]> on host 965856c951e3
[2022-08-23 13:09:30,444] {taskinstance.py:1591} INFO - Exporting the following env vars:
AIRFLOW_CTX_DAG_OWNER=admin
AIRFLOW_CTX_DAG_ID=raizen_lab_01
AIRFLOW_CTX_TASK_ID=print_hello
AIRFLOW_CTX_EXECUTION_DATE=2021-12-25T16:00:00+00:00
AIRFLOW_CTX_TRY_NUMBER=1
AIRFLOW_CTX_DAG_RUN_ID=scheduled__2021-12-25T16:00:00+00:00
[2022-08-23 13:09:30,446] {subprocess.py:62} INFO - Tmp dir root location: 
 /tmp
[2022-08-23 13:09:30,448] {subprocess.py:74} INFO - Running command: ['bash', '-c', 'echo "hello"']
[2022-08-23 13:09:30,467] {subprocess.py:85} INFO - Output:
[2022-08-23 13:09:30,469] {subprocess.py:92} INFO - hello
[2022-08-23 13:09:30,470] {subprocess.py:96} INFO - Command exited with return code 0
[2022-08-23 13:09:30,515] {taskinstance.py:1420} INFO - Marking task as SUCCESS. dag_id=raizen_lab_01, task_id=print_hello, execution_date=20211225T160000, start_date=20220823T130930, end_date=20220823T130930
[2022-08-23 13:09:30,571] {local_task_job.py:156} INFO - Task exited with return code 0
[2022-08-23 13:09:30,623] {local_task_job.py:273} INFO - 1 downstream tasks scheduled from follow-on schedule check
