[2022-08-23 16:14:28,533] {taskinstance.py:1179} INFO - Dependencies all met for <TaskInstance: raizen_lab_01.sleep scheduled__2022-01-05T17:00:00+00:00 [queued]>
[2022-08-23 16:14:28,547] {taskinstance.py:1179} INFO - Dependencies all met for <TaskInstance: raizen_lab_01.sleep scheduled__2022-01-05T17:00:00+00:00 [queued]>
[2022-08-23 16:14:28,547] {taskinstance.py:1376} INFO - 
--------------------------------------------------------------------------------
[2022-08-23 16:14:28,548] {taskinstance.py:1377} INFO - Starting attempt 1 of 2
[2022-08-23 16:14:28,549] {taskinstance.py:1378} INFO - 
--------------------------------------------------------------------------------
[2022-08-23 16:14:28,570] {taskinstance.py:1397} INFO - Executing <Task(BashOperator): sleep> on 2022-01-05 17:00:00+00:00
[2022-08-23 16:14:28,577] {standard_task_runner.py:52} INFO - Started process 663 to run task
[2022-08-23 16:14:28,582] {standard_task_runner.py:79} INFO - Running: ['***', 'tasks', 'run', 'raizen_lab_01', 'sleep', 'scheduled__2022-01-05T17:00:00+00:00', '--job-id', '8113', '--raw', '--subdir', 'DAGS_FOLDER/raizen_lab_01.py', '--cfg-path', '/tmp/tmpq66ekd1s', '--error-file', '/tmp/tmp0_vn13q0']
[2022-08-23 16:14:28,585] {standard_task_runner.py:80} INFO - Job 8113: Subtask sleep
[2022-08-23 16:14:28,688] {task_command.py:371} INFO - Running <TaskInstance: raizen_lab_01.sleep scheduled__2022-01-05T17:00:00+00:00 [running]> on host 8790b68fb5bc
[2022-08-23 16:14:28,814] {taskinstance.py:1591} INFO - Exporting the following env vars:
AIRFLOW_CTX_DAG_OWNER=admin
AIRFLOW_CTX_DAG_ID=raizen_lab_01
AIRFLOW_CTX_TASK_ID=sleep
AIRFLOW_CTX_EXECUTION_DATE=2022-01-05T17:00:00+00:00
AIRFLOW_CTX_TRY_NUMBER=1
AIRFLOW_CTX_DAG_RUN_ID=scheduled__2022-01-05T17:00:00+00:00
[2022-08-23 16:14:28,816] {subprocess.py:62} INFO - Tmp dir root location: 
 /tmp
[2022-08-23 16:14:28,818] {subprocess.py:74} INFO - Running command: ['bash', '-c', 'sleep 5']
[2022-08-23 16:14:28,837] {subprocess.py:85} INFO - Output:
[2022-08-23 16:14:33,841] {subprocess.py:96} INFO - Command exited with return code 0
[2022-08-23 16:14:33,887] {taskinstance.py:1420} INFO - Marking task as SUCCESS. dag_id=raizen_lab_01, task_id=sleep, execution_date=20220105T170000, start_date=20220823T161428, end_date=20220823T161433
[2022-08-23 16:14:33,930] {local_task_job.py:156} INFO - Task exited with return code 0
[2022-08-23 16:14:33,974] {local_task_job.py:273} INFO - 1 downstream tasks scheduled from follow-on schedule check
