[2022-08-23 11:29:33,624] {taskinstance.py:1179} INFO - Dependencies all met for <TaskInstance: raizen_lab_01.print_hello scheduled__2021-09-22T20:00:00+00:00 [queued]>
[2022-08-23 11:29:33,641] {taskinstance.py:1179} INFO - Dependencies all met for <TaskInstance: raizen_lab_01.print_hello scheduled__2021-09-22T20:00:00+00:00 [queued]>
[2022-08-23 11:29:33,642] {taskinstance.py:1376} INFO - 
--------------------------------------------------------------------------------
[2022-08-23 11:29:33,643] {taskinstance.py:1377} INFO - Starting attempt 1 of 2
[2022-08-23 11:29:33,643] {taskinstance.py:1378} INFO - 
--------------------------------------------------------------------------------
[2022-08-23 11:29:33,671] {taskinstance.py:1397} INFO - Executing <Task(BashOperator): print_hello> on 2021-09-22 20:00:00+00:00
[2022-08-23 11:29:33,681] {standard_task_runner.py:52} INFO - Started process 942 to run task
[2022-08-23 11:29:33,688] {standard_task_runner.py:79} INFO - Running: ['***', 'tasks', 'run', 'raizen_lab_01', 'print_hello', 'scheduled__2021-09-22T20:00:00+00:00', '--job-id', '356', '--raw', '--subdir', 'DAGS_FOLDER/raizen_lab_01.py', '--cfg-path', '/tmp/tmp91gy6r4r', '--error-file', '/tmp/tmpawc_ul2y']
[2022-08-23 11:29:33,690] {standard_task_runner.py:80} INFO - Job 356: Subtask print_hello
[2022-08-23 11:29:33,781] {task_command.py:371} INFO - Running <TaskInstance: raizen_lab_01.print_hello scheduled__2021-09-22T20:00:00+00:00 [running]> on host 7f48b7aaf0fc
[2022-08-23 11:29:33,899] {taskinstance.py:1591} INFO - Exporting the following env vars:
AIRFLOW_CTX_DAG_OWNER=admin
AIRFLOW_CTX_DAG_ID=raizen_lab_01
AIRFLOW_CTX_TASK_ID=print_hello
AIRFLOW_CTX_EXECUTION_DATE=2021-09-22T20:00:00+00:00
AIRFLOW_CTX_TRY_NUMBER=1
AIRFLOW_CTX_DAG_RUN_ID=scheduled__2021-09-22T20:00:00+00:00
[2022-08-23 11:29:33,901] {subprocess.py:62} INFO - Tmp dir root location: 
 /tmp
[2022-08-23 11:29:33,902] {subprocess.py:74} INFO - Running command: ['bash', '-c', 'echo "hello"']
[2022-08-23 11:29:33,916] {subprocess.py:85} INFO - Output:
[2022-08-23 11:29:33,918] {subprocess.py:92} INFO - hello
[2022-08-23 11:29:33,919] {subprocess.py:96} INFO - Command exited with return code 0
[2022-08-23 11:29:34,069] {taskinstance.py:1420} INFO - Marking task as SUCCESS. dag_id=raizen_lab_01, task_id=print_hello, execution_date=20210922T200000, start_date=20220823T112933, end_date=20220823T112934
[2022-08-23 11:29:34,099] {local_task_job.py:156} INFO - Task exited with return code 0
[2022-08-23 11:29:34,173] {local_task_job.py:273} INFO - 1 downstream tasks scheduled from follow-on schedule check
