[2022-08-23 12:28:29,722] {taskinstance.py:1179} INFO - Dependencies all met for <TaskInstance: raizen_lab_01.sleep scheduled__2021-11-29T16:00:00+00:00 [queued]>
[2022-08-23 12:28:29,730] {taskinstance.py:1179} INFO - Dependencies all met for <TaskInstance: raizen_lab_01.sleep scheduled__2021-11-29T16:00:00+00:00 [queued]>
[2022-08-23 12:28:29,730] {taskinstance.py:1376} INFO - 
--------------------------------------------------------------------------------
[2022-08-23 12:28:29,730] {taskinstance.py:1377} INFO - Starting attempt 1 of 2
[2022-08-23 12:28:29,731] {taskinstance.py:1378} INFO - 
--------------------------------------------------------------------------------
[2022-08-23 12:28:29,743] {taskinstance.py:1397} INFO - Executing <Task(BashOperator): sleep> on 2021-11-29 16:00:00+00:00
[2022-08-23 12:28:29,748] {standard_task_runner.py:52} INFO - Started process 6730 to run task
[2022-08-23 12:28:29,751] {standard_task_runner.py:79} INFO - Running: ['***', 'tasks', 'run', 'raizen_lab_01', 'sleep', 'scheduled__2021-11-29T16:00:00+00:00', '--job-id', '5257', '--raw', '--subdir', 'DAGS_FOLDER/raizen_lab_01.py', '--cfg-path', '/tmp/tmpuigveojm', '--error-file', '/tmp/tmplhgkpp7y']
[2022-08-23 12:28:29,752] {standard_task_runner.py:80} INFO - Job 5257: Subtask sleep
[2022-08-23 12:28:29,806] {task_command.py:371} INFO - Running <TaskInstance: raizen_lab_01.sleep scheduled__2021-11-29T16:00:00+00:00 [running]> on host 6383a3236c72
[2022-08-23 12:28:29,868] {taskinstance.py:1591} INFO - Exporting the following env vars:
AIRFLOW_CTX_DAG_OWNER=admin
AIRFLOW_CTX_DAG_ID=raizen_lab_01
AIRFLOW_CTX_TASK_ID=sleep
AIRFLOW_CTX_EXECUTION_DATE=2021-11-29T16:00:00+00:00
AIRFLOW_CTX_TRY_NUMBER=1
AIRFLOW_CTX_DAG_RUN_ID=scheduled__2021-11-29T16:00:00+00:00
[2022-08-23 12:28:29,870] {subprocess.py:62} INFO - Tmp dir root location: 
 /tmp
[2022-08-23 12:28:29,870] {subprocess.py:74} INFO - Running command: ['bash', '-c', 'sleep 5']
[2022-08-23 12:28:29,880] {subprocess.py:85} INFO - Output:
[2022-08-23 12:28:34,883] {subprocess.py:96} INFO - Command exited with return code 0
[2022-08-23 12:28:34,921] {taskinstance.py:1420} INFO - Marking task as SUCCESS. dag_id=raizen_lab_01, task_id=sleep, execution_date=20211129T160000, start_date=20220823T122829, end_date=20220823T122834
[2022-08-23 12:28:34,947] {local_task_job.py:156} INFO - Task exited with return code 0
[2022-08-23 12:28:34,985] {local_task_job.py:273} INFO - 1 downstream tasks scheduled from follow-on schedule check
