[2022-08-23 12:27:56,353] {taskinstance.py:1179} INFO - Dependencies all met for <TaskInstance: raizen_lab_01.print_hello scheduled__2021-11-27T23:00:00+00:00 [queued]>
[2022-08-23 12:27:56,363] {taskinstance.py:1179} INFO - Dependencies all met for <TaskInstance: raizen_lab_01.print_hello scheduled__2021-11-27T23:00:00+00:00 [queued]>
[2022-08-23 12:27:56,363] {taskinstance.py:1376} INFO - 
--------------------------------------------------------------------------------
[2022-08-23 12:27:56,364] {taskinstance.py:1377} INFO - Starting attempt 1 of 2
[2022-08-23 12:27:56,365] {taskinstance.py:1378} INFO - 
--------------------------------------------------------------------------------
[2022-08-23 12:27:56,383] {taskinstance.py:1397} INFO - Executing <Task(BashOperator): print_hello> on 2021-11-27 23:00:00+00:00
[2022-08-23 12:27:56,391] {standard_task_runner.py:52} INFO - Started process 6262 to run task
[2022-08-23 12:27:56,394] {standard_task_runner.py:79} INFO - Running: ['***', 'tasks', 'run', 'raizen_lab_01', 'print_hello', 'scheduled__2021-11-27T23:00:00+00:00', '--job-id', '5136', '--raw', '--subdir', 'DAGS_FOLDER/raizen_lab_01.py', '--cfg-path', '/tmp/tmp7h5pvkkz', '--error-file', '/tmp/tmpo6hp_6ba']
[2022-08-23 12:27:56,395] {standard_task_runner.py:80} INFO - Job 5136: Subtask print_hello
[2022-08-23 12:27:56,474] {task_command.py:371} INFO - Running <TaskInstance: raizen_lab_01.print_hello scheduled__2021-11-27T23:00:00+00:00 [running]> on host 6383a3236c72
[2022-08-23 12:27:56,546] {taskinstance.py:1591} INFO - Exporting the following env vars:
AIRFLOW_CTX_DAG_OWNER=admin
AIRFLOW_CTX_DAG_ID=raizen_lab_01
AIRFLOW_CTX_TASK_ID=print_hello
AIRFLOW_CTX_EXECUTION_DATE=2021-11-27T23:00:00+00:00
AIRFLOW_CTX_TRY_NUMBER=1
AIRFLOW_CTX_DAG_RUN_ID=scheduled__2021-11-27T23:00:00+00:00
[2022-08-23 12:27:56,549] {subprocess.py:62} INFO - Tmp dir root location: 
 /tmp
[2022-08-23 12:27:56,550] {subprocess.py:74} INFO - Running command: ['bash', '-c', 'echo "hello"']
[2022-08-23 12:27:56,568] {subprocess.py:85} INFO - Output:
[2022-08-23 12:27:56,570] {subprocess.py:92} INFO - hello
[2022-08-23 12:27:56,571] {subprocess.py:96} INFO - Command exited with return code 0
[2022-08-23 12:27:56,608] {taskinstance.py:1420} INFO - Marking task as SUCCESS. dag_id=raizen_lab_01, task_id=print_hello, execution_date=20211127T230000, start_date=20220823T122756, end_date=20220823T122756
[2022-08-23 12:27:56,646] {local_task_job.py:156} INFO - Task exited with return code 0
[2022-08-23 12:27:56,698] {local_task_job.py:273} INFO - 1 downstream tasks scheduled from follow-on schedule check
