[2022-08-23 12:34:12,984] {taskinstance.py:1179} INFO - Dependencies all met for <TaskInstance: raizen_lab_01.sleep scheduled__2021-12-14T23:00:00+00:00 [queued]>
[2022-08-23 12:34:12,993] {taskinstance.py:1179} INFO - Dependencies all met for <TaskInstance: raizen_lab_01.sleep scheduled__2021-12-14T23:00:00+00:00 [queued]>
[2022-08-23 12:34:12,994] {taskinstance.py:1376} INFO - 
--------------------------------------------------------------------------------
[2022-08-23 12:34:12,994] {taskinstance.py:1377} INFO - Starting attempt 1 of 2
[2022-08-23 12:34:12,994] {taskinstance.py:1378} INFO - 
--------------------------------------------------------------------------------
[2022-08-23 12:34:13,007] {taskinstance.py:1397} INFO - Executing <Task(BashOperator): sleep> on 2021-12-14 23:00:00+00:00
[2022-08-23 12:34:13,013] {standard_task_runner.py:52} INFO - Started process 11043 to run task
[2022-08-23 12:34:13,015] {standard_task_runner.py:79} INFO - Running: ['***', 'tasks', 'run', 'raizen_lab_01', 'sleep', 'scheduled__2021-12-14T23:00:00+00:00', '--job-id', '6360', '--raw', '--subdir', 'DAGS_FOLDER/raizen_lab_01.py', '--cfg-path', '/tmp/tmp2v854m44', '--error-file', '/tmp/tmph_ptu66u']
[2022-08-23 12:34:13,017] {standard_task_runner.py:80} INFO - Job 6360: Subtask sleep
[2022-08-23 12:34:13,071] {task_command.py:371} INFO - Running <TaskInstance: raizen_lab_01.sleep scheduled__2021-12-14T23:00:00+00:00 [running]> on host 6383a3236c72
[2022-08-23 12:34:13,135] {taskinstance.py:1591} INFO - Exporting the following env vars:
AIRFLOW_CTX_DAG_OWNER=admin
AIRFLOW_CTX_DAG_ID=raizen_lab_01
AIRFLOW_CTX_TASK_ID=sleep
AIRFLOW_CTX_EXECUTION_DATE=2021-12-14T23:00:00+00:00
AIRFLOW_CTX_TRY_NUMBER=1
AIRFLOW_CTX_DAG_RUN_ID=scheduled__2021-12-14T23:00:00+00:00
[2022-08-23 12:34:13,136] {subprocess.py:62} INFO - Tmp dir root location: 
 /tmp
[2022-08-23 12:34:13,137] {subprocess.py:74} INFO - Running command: ['bash', '-c', 'sleep 5']
[2022-08-23 12:34:13,148] {subprocess.py:85} INFO - Output:
[2022-08-23 12:34:18,150] {subprocess.py:96} INFO - Command exited with return code 0
[2022-08-23 12:34:18,208] {taskinstance.py:1420} INFO - Marking task as SUCCESS. dag_id=raizen_lab_01, task_id=sleep, execution_date=20211214T230000, start_date=20220823T123412, end_date=20220823T123418
[2022-08-23 12:34:18,257] {local_task_job.py:156} INFO - Task exited with return code 0
[2022-08-23 12:34:18,292] {local_task_job.py:273} INFO - 1 downstream tasks scheduled from follow-on schedule check
