[2022-08-23 13:14:31,750] {taskinstance.py:1179} INFO - Dependencies all met for <TaskInstance: raizen_lab_01.sleep scheduled__2021-12-30T02:00:00+00:00 [queued]>
[2022-08-23 13:14:31,757] {taskinstance.py:1179} INFO - Dependencies all met for <TaskInstance: raizen_lab_01.sleep scheduled__2021-12-30T02:00:00+00:00 [queued]>
[2022-08-23 13:14:31,758] {taskinstance.py:1376} INFO - 
--------------------------------------------------------------------------------
[2022-08-23 13:14:31,758] {taskinstance.py:1377} INFO - Starting attempt 1 of 2
[2022-08-23 13:14:31,762] {taskinstance.py:1378} INFO - 
--------------------------------------------------------------------------------
[2022-08-23 13:14:31,773] {taskinstance.py:1397} INFO - Executing <Task(BashOperator): sleep> on 2021-12-30 02:00:00+00:00
[2022-08-23 13:14:31,779] {standard_task_runner.py:52} INFO - Started process 500 to run task
[2022-08-23 13:14:31,782] {standard_task_runner.py:79} INFO - Running: ['***', 'tasks', 'run', 'raizen_lab_01', 'sleep', 'scheduled__2021-12-30T02:00:00+00:00', '--job-id', '7453', '--raw', '--subdir', 'DAGS_FOLDER/raizen_lab_01.py', '--cfg-path', '/tmp/tmp7a0kd9dj', '--error-file', '/tmp/tmporgtiq9a']
[2022-08-23 13:14:31,783] {standard_task_runner.py:80} INFO - Job 7453: Subtask sleep
[2022-08-23 13:14:31,869] {task_command.py:371} INFO - Running <TaskInstance: raizen_lab_01.sleep scheduled__2021-12-30T02:00:00+00:00 [running]> on host 94e929fe2c87
[2022-08-23 13:14:31,930] {taskinstance.py:1591} INFO - Exporting the following env vars:
AIRFLOW_CTX_DAG_OWNER=admin
AIRFLOW_CTX_DAG_ID=raizen_lab_01
AIRFLOW_CTX_TASK_ID=sleep
AIRFLOW_CTX_EXECUTION_DATE=2021-12-30T02:00:00+00:00
AIRFLOW_CTX_TRY_NUMBER=1
AIRFLOW_CTX_DAG_RUN_ID=scheduled__2021-12-30T02:00:00+00:00
[2022-08-23 13:14:31,931] {subprocess.py:62} INFO - Tmp dir root location: 
 /tmp
[2022-08-23 13:14:31,932] {subprocess.py:74} INFO - Running command: ['bash', '-c', 'sleep 5']
[2022-08-23 13:14:31,943] {subprocess.py:85} INFO - Output:
[2022-08-23 13:14:36,945] {subprocess.py:96} INFO - Command exited with return code 0
[2022-08-23 13:14:36,978] {taskinstance.py:1420} INFO - Marking task as SUCCESS. dag_id=raizen_lab_01, task_id=sleep, execution_date=20211230T020000, start_date=20220823T131431, end_date=20220823T131436
[2022-08-23 13:14:37,012] {local_task_job.py:156} INFO - Task exited with return code 0
[2022-08-23 13:14:37,049] {local_task_job.py:273} INFO - 1 downstream tasks scheduled from follow-on schedule check
