[2022-08-23 16:14:28,494] {taskinstance.py:1179} INFO - Dependencies all met for <TaskInstance: raizen_lab_01.sleep scheduled__2022-01-05T18:00:00+00:00 [queued]>
[2022-08-23 16:14:28,511] {taskinstance.py:1179} INFO - Dependencies all met for <TaskInstance: raizen_lab_01.sleep scheduled__2022-01-05T18:00:00+00:00 [queued]>
[2022-08-23 16:14:28,511] {taskinstance.py:1376} INFO - 
--------------------------------------------------------------------------------
[2022-08-23 16:14:28,512] {taskinstance.py:1377} INFO - Starting attempt 1 of 2
[2022-08-23 16:14:28,512] {taskinstance.py:1378} INFO - 
--------------------------------------------------------------------------------
[2022-08-23 16:14:28,535] {taskinstance.py:1397} INFO - Executing <Task(BashOperator): sleep> on 2022-01-05 18:00:00+00:00
[2022-08-23 16:14:28,543] {standard_task_runner.py:52} INFO - Started process 661 to run task
[2022-08-23 16:14:28,548] {standard_task_runner.py:79} INFO - Running: ['***', 'tasks', 'run', 'raizen_lab_01', 'sleep', 'scheduled__2022-01-05T18:00:00+00:00', '--job-id', '8111', '--raw', '--subdir', 'DAGS_FOLDER/raizen_lab_01.py', '--cfg-path', '/tmp/tmpa3hurkf0', '--error-file', '/tmp/tmp6uj908ca']
[2022-08-23 16:14:28,551] {standard_task_runner.py:80} INFO - Job 8111: Subtask sleep
[2022-08-23 16:14:28,656] {task_command.py:371} INFO - Running <TaskInstance: raizen_lab_01.sleep scheduled__2022-01-05T18:00:00+00:00 [running]> on host 8790b68fb5bc
[2022-08-23 16:14:28,774] {taskinstance.py:1591} INFO - Exporting the following env vars:
AIRFLOW_CTX_DAG_OWNER=admin
AIRFLOW_CTX_DAG_ID=raizen_lab_01
AIRFLOW_CTX_TASK_ID=sleep
AIRFLOW_CTX_EXECUTION_DATE=2022-01-05T18:00:00+00:00
AIRFLOW_CTX_TRY_NUMBER=1
AIRFLOW_CTX_DAG_RUN_ID=scheduled__2022-01-05T18:00:00+00:00
[2022-08-23 16:14:28,777] {subprocess.py:62} INFO - Tmp dir root location: 
 /tmp
[2022-08-23 16:14:28,778] {subprocess.py:74} INFO - Running command: ['bash', '-c', 'sleep 5']
[2022-08-23 16:14:28,796] {subprocess.py:85} INFO - Output:
[2022-08-23 16:14:33,801] {subprocess.py:96} INFO - Command exited with return code 0
[2022-08-23 16:14:33,851] {taskinstance.py:1420} INFO - Marking task as SUCCESS. dag_id=raizen_lab_01, task_id=sleep, execution_date=20220105T180000, start_date=20220823T161428, end_date=20220823T161433
[2022-08-23 16:14:33,879] {local_task_job.py:156} INFO - Task exited with return code 0
[2022-08-23 16:14:33,921] {local_task_job.py:273} INFO - 1 downstream tasks scheduled from follow-on schedule check
