[2022-08-23 11:59:42,239] {taskinstance.py:1179} INFO - Dependencies all met for <TaskInstance: raizen_lab_01.sleep scheduled__2021-10-24T00:00:00+00:00 [queued]>
[2022-08-23 11:59:42,269] {taskinstance.py:1179} INFO - Dependencies all met for <TaskInstance: raizen_lab_01.sleep scheduled__2021-10-24T00:00:00+00:00 [queued]>
[2022-08-23 11:59:42,273] {taskinstance.py:1376} INFO - 
--------------------------------------------------------------------------------
[2022-08-23 11:59:42,276] {taskinstance.py:1377} INFO - Starting attempt 1 of 2
[2022-08-23 11:59:42,277] {taskinstance.py:1378} INFO - 
--------------------------------------------------------------------------------
[2022-08-23 11:59:42,325] {taskinstance.py:1397} INFO - Executing <Task(BashOperator): sleep> on 2021-10-24 00:00:00+00:00
[2022-08-23 11:59:42,337] {standard_task_runner.py:52} INFO - Started process 723 to run task
[2022-08-23 11:59:42,348] {standard_task_runner.py:79} INFO - Running: ['***', 'tasks', 'run', 'raizen_lab_01', 'sleep', 'scheduled__2021-10-24T00:00:00+00:00', '--job-id', '2611', '--raw', '--subdir', 'DAGS_FOLDER/raizen_lab_01.py', '--cfg-path', '/tmp/tmp_kc86vi8', '--error-file', '/tmp/tmpwi67wufs']
[2022-08-23 11:59:42,349] {standard_task_runner.py:80} INFO - Job 2611: Subtask sleep
[2022-08-23 11:59:42,511] {task_command.py:371} INFO - Running <TaskInstance: raizen_lab_01.sleep scheduled__2021-10-24T00:00:00+00:00 [running]> on host 9f4b06248101
[2022-08-23 11:59:42,673] {taskinstance.py:1591} INFO - Exporting the following env vars:
AIRFLOW_CTX_DAG_OWNER=admin
AIRFLOW_CTX_DAG_ID=raizen_lab_01
AIRFLOW_CTX_TASK_ID=sleep
AIRFLOW_CTX_EXECUTION_DATE=2021-10-24T00:00:00+00:00
AIRFLOW_CTX_TRY_NUMBER=1
AIRFLOW_CTX_DAG_RUN_ID=scheduled__2021-10-24T00:00:00+00:00
[2022-08-23 11:59:42,675] {subprocess.py:62} INFO - Tmp dir root location: 
 /tmp
[2022-08-23 11:59:42,677] {subprocess.py:74} INFO - Running command: ['bash', '-c', 'sleep 5']
[2022-08-23 11:59:42,698] {subprocess.py:85} INFO - Output:
[2022-08-23 11:59:47,706] {subprocess.py:96} INFO - Command exited with return code 0
[2022-08-23 11:59:47,775] {taskinstance.py:1420} INFO - Marking task as SUCCESS. dag_id=raizen_lab_01, task_id=sleep, execution_date=20211024T000000, start_date=20220823T115942, end_date=20220823T115947
[2022-08-23 11:59:47,894] {local_task_job.py:156} INFO - Task exited with return code 0
[2022-08-23 11:59:47,952] {local_task_job.py:273} INFO - 1 downstream tasks scheduled from follow-on schedule check
