[2022-08-23 11:46:30,180] {taskinstance.py:1179} INFO - Dependencies all met for <TaskInstance: raizen_lab_01.print_hello scheduled__2021-10-17T12:00:00+00:00 [queued]>
[2022-08-23 11:46:30,201] {taskinstance.py:1179} INFO - Dependencies all met for <TaskInstance: raizen_lab_01.print_hello scheduled__2021-10-17T12:00:00+00:00 [queued]>
[2022-08-23 11:46:30,202] {taskinstance.py:1376} INFO - 
--------------------------------------------------------------------------------
[2022-08-23 11:46:30,202] {taskinstance.py:1377} INFO - Starting attempt 1 of 2
[2022-08-23 11:46:30,203] {taskinstance.py:1378} INFO - 
--------------------------------------------------------------------------------
[2022-08-23 11:46:30,240] {taskinstance.py:1397} INFO - Executing <Task(BashOperator): print_hello> on 2021-10-17 12:00:00+00:00
[2022-08-23 11:46:30,250] {standard_task_runner.py:52} INFO - Started process 379 to run task
[2022-08-23 11:46:30,256] {standard_task_runner.py:79} INFO - Running: ['***', 'tasks', 'run', 'raizen_lab_01', 'print_hello', 'scheduled__2021-10-17T12:00:00+00:00', '--job-id', '2136', '--raw', '--subdir', 'DAGS_FOLDER/raizen_lab_01.py', '--cfg-path', '/tmp/tmp146jml6l', '--error-file', '/tmp/tmp4ct8v35g']
[2022-08-23 11:46:30,258] {standard_task_runner.py:80} INFO - Job 2136: Subtask print_hello
[2022-08-23 11:46:30,430] {task_command.py:371} INFO - Running <TaskInstance: raizen_lab_01.print_hello scheduled__2021-10-17T12:00:00+00:00 [running]> on host fc645605a611
[2022-08-23 11:46:30,650] {taskinstance.py:1591} INFO - Exporting the following env vars:
AIRFLOW_CTX_DAG_OWNER=admin
AIRFLOW_CTX_DAG_ID=raizen_lab_01
AIRFLOW_CTX_TASK_ID=print_hello
AIRFLOW_CTX_EXECUTION_DATE=2021-10-17T12:00:00+00:00
AIRFLOW_CTX_TRY_NUMBER=1
AIRFLOW_CTX_DAG_RUN_ID=scheduled__2021-10-17T12:00:00+00:00
[2022-08-23 11:46:30,652] {subprocess.py:62} INFO - Tmp dir root location: 
 /tmp
[2022-08-23 11:46:30,654] {subprocess.py:74} INFO - Running command: ['bash', '-c', 'echo "hello"']
[2022-08-23 11:46:30,677] {subprocess.py:85} INFO - Output:
[2022-08-23 11:46:30,680] {subprocess.py:92} INFO - hello
[2022-08-23 11:46:30,681] {subprocess.py:96} INFO - Command exited with return code 0
[2022-08-23 11:46:30,749] {taskinstance.py:1420} INFO - Marking task as SUCCESS. dag_id=raizen_lab_01, task_id=print_hello, execution_date=20211017T120000, start_date=20220823T114630, end_date=20220823T114630
[2022-08-23 11:46:30,789] {local_task_job.py:156} INFO - Task exited with return code 0
[2022-08-23 11:46:30,883] {local_task_job.py:273} INFO - 1 downstream tasks scheduled from follow-on schedule check
