[2022-08-23 11:35:29,982] {taskinstance.py:1179} INFO - Dependencies all met for <TaskInstance: raizen_lab_01.print_hello scheduled__2021-10-06T11:00:00+00:00 [queued]>
[2022-08-23 11:35:30,002] {taskinstance.py:1179} INFO - Dependencies all met for <TaskInstance: raizen_lab_01.print_hello scheduled__2021-10-06T11:00:00+00:00 [queued]>
[2022-08-23 11:35:30,002] {taskinstance.py:1376} INFO - 
--------------------------------------------------------------------------------
[2022-08-23 11:35:30,003] {taskinstance.py:1377} INFO - Starting attempt 1 of 2
[2022-08-23 11:35:30,004] {taskinstance.py:1378} INFO - 
--------------------------------------------------------------------------------
[2022-08-23 11:35:30,032] {taskinstance.py:1397} INFO - Executing <Task(BashOperator): print_hello> on 2021-10-06 11:00:00+00:00
[2022-08-23 11:35:30,042] {standard_task_runner.py:52} INFO - Started process 3809 to run task
[2022-08-23 11:35:30,047] {standard_task_runner.py:79} INFO - Running: ['***', 'tasks', 'run', 'raizen_lab_01', 'print_hello', 'scheduled__2021-10-06T11:00:00+00:00', '--job-id', '1337', '--raw', '--subdir', 'DAGS_FOLDER/raizen_lab_01.py', '--cfg-path', '/tmp/tmpy8tv3_ym', '--error-file', '/tmp/tmpja3k03jk']
[2022-08-23 11:35:30,048] {standard_task_runner.py:80} INFO - Job 1337: Subtask print_hello
[2022-08-23 11:35:30,166] {task_command.py:371} INFO - Running <TaskInstance: raizen_lab_01.print_hello scheduled__2021-10-06T11:00:00+00:00 [running]> on host 7f48b7aaf0fc
[2022-08-23 11:35:30,327] {taskinstance.py:1591} INFO - Exporting the following env vars:
AIRFLOW_CTX_DAG_OWNER=admin
AIRFLOW_CTX_DAG_ID=raizen_lab_01
AIRFLOW_CTX_TASK_ID=print_hello
AIRFLOW_CTX_EXECUTION_DATE=2021-10-06T11:00:00+00:00
AIRFLOW_CTX_TRY_NUMBER=1
AIRFLOW_CTX_DAG_RUN_ID=scheduled__2021-10-06T11:00:00+00:00
[2022-08-23 11:35:30,330] {subprocess.py:62} INFO - Tmp dir root location: 
 /tmp
[2022-08-23 11:35:30,332] {subprocess.py:74} INFO - Running command: ['bash', '-c', 'echo "hello"']
[2022-08-23 11:35:30,355] {subprocess.py:85} INFO - Output:
[2022-08-23 11:35:30,358] {subprocess.py:92} INFO - hello
[2022-08-23 11:35:30,359] {subprocess.py:96} INFO - Command exited with return code 0
[2022-08-23 11:35:30,435] {taskinstance.py:1420} INFO - Marking task as SUCCESS. dag_id=raizen_lab_01, task_id=print_hello, execution_date=20211006T110000, start_date=20220823T113529, end_date=20220823T113530
[2022-08-23 11:35:30,501] {local_task_job.py:156} INFO - Task exited with return code 0
[2022-08-23 11:35:30,585] {local_task_job.py:273} INFO - 1 downstream tasks scheduled from follow-on schedule check
