[2022-08-23 21:58:10,912] {taskinstance.py:1179} INFO - Dependencies all met for <TaskInstance: raizen_lab_01.01_cria_tabela manual__2022-08-23T21:53:08.437760+00:00 [queued]>
[2022-08-23 21:58:10,920] {taskinstance.py:1179} INFO - Dependencies all met for <TaskInstance: raizen_lab_01.01_cria_tabela manual__2022-08-23T21:53:08.437760+00:00 [queued]>
[2022-08-23 21:58:10,921] {taskinstance.py:1376} INFO - 
--------------------------------------------------------------------------------
[2022-08-23 21:58:10,922] {taskinstance.py:1377} INFO - Starting attempt 2 of 2
[2022-08-23 21:58:10,922] {taskinstance.py:1378} INFO - 
--------------------------------------------------------------------------------
[2022-08-23 21:58:10,936] {taskinstance.py:1397} INFO - Executing <Task(PythonOperator): 01_cria_tabela> on 2022-08-23 21:53:08.437760+00:00
[2022-08-23 21:58:10,943] {standard_task_runner.py:52} INFO - Started process 326 to run task
[2022-08-23 21:58:10,946] {standard_task_runner.py:79} INFO - Running: ['***', 'tasks', 'run', 'raizen_lab_01', '01_cria_tabela', 'manual__2022-08-23T21:53:08.437760+00:00', '--job-id', '9415', '--raw', '--subdir', 'DAGS_FOLDER/raizen_lab_01.py', '--cfg-path', '/tmp/tmpw91i6jp9', '--error-file', '/tmp/tmpv1nth5ws']
[2022-08-23 21:58:10,947] {standard_task_runner.py:80} INFO - Job 9415: Subtask 01_cria_tabela
[2022-08-23 21:58:11,011] {task_command.py:371} INFO - Running <TaskInstance: raizen_lab_01.01_cria_tabela manual__2022-08-23T21:53:08.437760+00:00 [running]> on host 80fce776ee1f
[2022-08-23 21:58:11,077] {taskinstance.py:1591} INFO - Exporting the following env vars:
AIRFLOW_CTX_DAG_OWNER=admin
AIRFLOW_CTX_DAG_ID=raizen_lab_01
AIRFLOW_CTX_TASK_ID=01_cria_tabela
AIRFLOW_CTX_EXECUTION_DATE=2022-08-23T21:53:08.437760+00:00
AIRFLOW_CTX_TRY_NUMBER=2
AIRFLOW_CTX_DAG_RUN_ID=manual__2022-08-23T21:53:08.437760+00:00
[2022-08-23 21:58:11,096] {taskinstance.py:1909} ERROR - Task failed with exception
Traceback (most recent call last):
  File "/home/airflow/.local/lib/python3.7/site-packages/airflow/operators/python.py", line 171, in execute
    return_value = self.execute_callable()
  File "/home/airflow/.local/lib/python3.7/site-packages/airflow/operators/python.py", line 189, in execute_callable
    return self.python_callable(*self.op_args, **self.op_kwargs)
  File "/opt/airflow/dags/raizen_lab_01.py", line 35, in cria_tabela
    con.select_db('SHOW DATABASES')
MySQLdb.OperationalError: (1049, "Unknown database 'show databases'")
[2022-08-23 21:58:11,110] {taskinstance.py:1420} INFO - Marking task as FAILED. dag_id=raizen_lab_01, task_id=01_cria_tabela, execution_date=20220823T215308, start_date=20220823T215810, end_date=20220823T215811
[2022-08-23 21:58:11,121] {standard_task_runner.py:97} ERROR - Failed to execute job 9415 for task 01_cria_tabela ((1049, "Unknown database 'show databases'"); 326)
[2022-08-23 21:58:11,159] {local_task_job.py:156} INFO - Task exited with return code 1
[2022-08-23 21:58:11,197] {local_task_job.py:273} INFO - 0 downstream tasks scheduled from follow-on schedule check
