[2022-08-23 12:21:30,431] {taskinstance.py:1179} INFO - Dependencies all met for <TaskInstance: raizen_lab_01.sleep scheduled__2021-11-11T19:00:00+00:00 [queued]>
[2022-08-23 12:21:30,440] {taskinstance.py:1179} INFO - Dependencies all met for <TaskInstance: raizen_lab_01.sleep scheduled__2021-11-11T19:00:00+00:00 [queued]>
[2022-08-23 12:21:30,440] {taskinstance.py:1376} INFO - 
--------------------------------------------------------------------------------
[2022-08-23 12:21:30,440] {taskinstance.py:1377} INFO - Starting attempt 1 of 2
[2022-08-23 12:21:30,446] {taskinstance.py:1378} INFO - 
--------------------------------------------------------------------------------
[2022-08-23 12:21:30,458] {taskinstance.py:1397} INFO - Executing <Task(BashOperator): sleep> on 2021-11-11 19:00:00+00:00
[2022-08-23 12:21:30,463] {standard_task_runner.py:52} INFO - Started process 1662 to run task
[2022-08-23 12:21:30,465] {standard_task_runner.py:79} INFO - Running: ['***', 'tasks', 'run', 'raizen_lab_01', 'sleep', 'scheduled__2021-11-11T19:00:00+00:00', '--job-id', '3964', '--raw', '--subdir', 'DAGS_FOLDER/raizen_lab_01.py', '--cfg-path', '/tmp/tmp0c48lmdq', '--error-file', '/tmp/tmp970e4m1d']
[2022-08-23 12:21:30,466] {standard_task_runner.py:80} INFO - Job 3964: Subtask sleep
[2022-08-23 12:21:30,523] {task_command.py:371} INFO - Running <TaskInstance: raizen_lab_01.sleep scheduled__2021-11-11T19:00:00+00:00 [running]> on host 6383a3236c72
[2022-08-23 12:21:30,586] {taskinstance.py:1591} INFO - Exporting the following env vars:
AIRFLOW_CTX_DAG_OWNER=admin
AIRFLOW_CTX_DAG_ID=raizen_lab_01
AIRFLOW_CTX_TASK_ID=sleep
AIRFLOW_CTX_EXECUTION_DATE=2021-11-11T19:00:00+00:00
AIRFLOW_CTX_TRY_NUMBER=1
AIRFLOW_CTX_DAG_RUN_ID=scheduled__2021-11-11T19:00:00+00:00
[2022-08-23 12:21:30,587] {subprocess.py:62} INFO - Tmp dir root location: 
 /tmp
[2022-08-23 12:21:30,588] {subprocess.py:74} INFO - Running command: ['bash', '-c', 'sleep 5']
[2022-08-23 12:21:30,597] {subprocess.py:85} INFO - Output:
[2022-08-23 12:21:35,599] {subprocess.py:96} INFO - Command exited with return code 0
[2022-08-23 12:21:35,639] {taskinstance.py:1420} INFO - Marking task as SUCCESS. dag_id=raizen_lab_01, task_id=sleep, execution_date=20211111T190000, start_date=20220823T122130, end_date=20220823T122135
[2022-08-23 12:21:35,699] {local_task_job.py:156} INFO - Task exited with return code 0
[2022-08-23 12:21:35,743] {local_task_job.py:273} INFO - 1 downstream tasks scheduled from follow-on schedule check
