[2022-08-23 11:47:04,852] {taskinstance.py:1179} INFO - Dependencies all met for <TaskInstance: raizen_lab_01.print_hello scheduled__2021-10-18T14:00:00+00:00 [queued]>
[2022-08-23 11:47:04,870] {taskinstance.py:1179} INFO - Dependencies all met for <TaskInstance: raizen_lab_01.print_hello scheduled__2021-10-18T14:00:00+00:00 [queued]>
[2022-08-23 11:47:04,871] {taskinstance.py:1376} INFO - 
--------------------------------------------------------------------------------
[2022-08-23 11:47:04,872] {taskinstance.py:1377} INFO - Starting attempt 1 of 2
[2022-08-23 11:47:04,873] {taskinstance.py:1378} INFO - 
--------------------------------------------------------------------------------
[2022-08-23 11:47:04,904] {taskinstance.py:1397} INFO - Executing <Task(BashOperator): print_hello> on 2021-10-18 14:00:00+00:00
[2022-08-23 11:47:04,912] {standard_task_runner.py:52} INFO - Started process 616 to run task
[2022-08-23 11:47:04,918] {standard_task_runner.py:79} INFO - Running: ['***', 'tasks', 'run', 'raizen_lab_01', 'print_hello', 'scheduled__2021-10-18T14:00:00+00:00', '--job-id', '2216', '--raw', '--subdir', 'DAGS_FOLDER/raizen_lab_01.py', '--cfg-path', '/tmp/tmp46gf7f32', '--error-file', '/tmp/tmp9qyuers4']
[2022-08-23 11:47:04,919] {standard_task_runner.py:80} INFO - Job 2216: Subtask print_hello
[2022-08-23 11:47:05,044] {task_command.py:371} INFO - Running <TaskInstance: raizen_lab_01.print_hello scheduled__2021-10-18T14:00:00+00:00 [running]> on host fc645605a611
[2022-08-23 11:47:05,189] {taskinstance.py:1591} INFO - Exporting the following env vars:
AIRFLOW_CTX_DAG_OWNER=admin
AIRFLOW_CTX_DAG_ID=raizen_lab_01
AIRFLOW_CTX_TASK_ID=print_hello
AIRFLOW_CTX_EXECUTION_DATE=2021-10-18T14:00:00+00:00
AIRFLOW_CTX_TRY_NUMBER=1
AIRFLOW_CTX_DAG_RUN_ID=scheduled__2021-10-18T14:00:00+00:00
[2022-08-23 11:47:05,191] {subprocess.py:62} INFO - Tmp dir root location: 
 /tmp
[2022-08-23 11:47:05,193] {subprocess.py:74} INFO - Running command: ['bash', '-c', 'echo "hello"']
[2022-08-23 11:47:05,209] {subprocess.py:85} INFO - Output:
[2022-08-23 11:47:05,212] {subprocess.py:92} INFO - hello
[2022-08-23 11:47:05,213] {subprocess.py:96} INFO - Command exited with return code 0
[2022-08-23 11:47:05,274] {taskinstance.py:1420} INFO - Marking task as SUCCESS. dag_id=raizen_lab_01, task_id=print_hello, execution_date=20211018T140000, start_date=20220823T114704, end_date=20220823T114705
[2022-08-23 11:47:05,330] {local_task_job.py:156} INFO - Task exited with return code 0
[2022-08-23 11:47:05,425] {local_task_job.py:273} INFO - 1 downstream tasks scheduled from follow-on schedule check
