[2022-08-23 11:29:36,133] {taskinstance.py:1179} INFO - Dependencies all met for <TaskInstance: raizen_lab_01.sleep scheduled__2021-09-22T23:00:00+00:00 [queued]>
[2022-08-23 11:29:36,155] {taskinstance.py:1179} INFO - Dependencies all met for <TaskInstance: raizen_lab_01.sleep scheduled__2021-09-22T23:00:00+00:00 [queued]>
[2022-08-23 11:29:36,156] {taskinstance.py:1376} INFO - 
--------------------------------------------------------------------------------
[2022-08-23 11:29:36,156] {taskinstance.py:1377} INFO - Starting attempt 1 of 2
[2022-08-23 11:29:36,158] {taskinstance.py:1378} INFO - 
--------------------------------------------------------------------------------
[2022-08-23 11:29:36,188] {taskinstance.py:1397} INFO - Executing <Task(BashOperator): sleep> on 2021-09-22 23:00:00+00:00
[2022-08-23 11:29:36,195] {standard_task_runner.py:52} INFO - Started process 986 to run task
[2022-08-23 11:29:36,200] {standard_task_runner.py:79} INFO - Running: ['***', 'tasks', 'run', 'raizen_lab_01', 'sleep', 'scheduled__2021-09-22T23:00:00+00:00', '--job-id', '367', '--raw', '--subdir', 'DAGS_FOLDER/raizen_lab_01.py', '--cfg-path', '/tmp/tmpibew4hz4', '--error-file', '/tmp/tmpdgklz0x6']
[2022-08-23 11:29:36,201] {standard_task_runner.py:80} INFO - Job 367: Subtask sleep
[2022-08-23 11:29:36,314] {task_command.py:371} INFO - Running <TaskInstance: raizen_lab_01.sleep scheduled__2021-09-22T23:00:00+00:00 [running]> on host 7f48b7aaf0fc
[2022-08-23 11:29:36,458] {taskinstance.py:1591} INFO - Exporting the following env vars:
AIRFLOW_CTX_DAG_OWNER=admin
AIRFLOW_CTX_DAG_ID=raizen_lab_01
AIRFLOW_CTX_TASK_ID=sleep
AIRFLOW_CTX_EXECUTION_DATE=2021-09-22T23:00:00+00:00
AIRFLOW_CTX_TRY_NUMBER=1
AIRFLOW_CTX_DAG_RUN_ID=scheduled__2021-09-22T23:00:00+00:00
[2022-08-23 11:29:36,461] {subprocess.py:62} INFO - Tmp dir root location: 
 /tmp
[2022-08-23 11:29:36,462] {subprocess.py:74} INFO - Running command: ['bash', '-c', 'sleep 5']
[2022-08-23 11:29:36,480] {subprocess.py:85} INFO - Output:
[2022-08-23 11:29:41,485] {subprocess.py:96} INFO - Command exited with return code 0
[2022-08-23 11:29:41,632] {taskinstance.py:1420} INFO - Marking task as SUCCESS. dag_id=raizen_lab_01, task_id=sleep, execution_date=20210922T230000, start_date=20220823T112936, end_date=20220823T112941
[2022-08-23 11:29:41,684] {local_task_job.py:156} INFO - Task exited with return code 0
[2022-08-23 11:29:41,730] {local_task_job.py:273} INFO - 1 downstream tasks scheduled from follow-on schedule check
