[2022-08-23 12:37:32,162] {taskinstance.py:1179} INFO - Dependencies all met for <TaskInstance: raizen_lab_01.print_hello scheduled__2021-12-23T19:00:00+00:00 [queued]>
[2022-08-23 12:37:32,170] {taskinstance.py:1179} INFO - Dependencies all met for <TaskInstance: raizen_lab_01.print_hello scheduled__2021-12-23T19:00:00+00:00 [queued]>
[2022-08-23 12:37:32,170] {taskinstance.py:1376} INFO - 
--------------------------------------------------------------------------------
[2022-08-23 12:37:32,170] {taskinstance.py:1377} INFO - Starting attempt 1 of 2
[2022-08-23 12:37:32,171] {taskinstance.py:1378} INFO - 
--------------------------------------------------------------------------------
[2022-08-23 12:37:32,184] {taskinstance.py:1397} INFO - Executing <Task(BashOperator): print_hello> on 2021-12-23 19:00:00+00:00
[2022-08-23 12:37:32,190] {standard_task_runner.py:52} INFO - Started process 13499 to run task
[2022-08-23 12:37:32,193] {standard_task_runner.py:79} INFO - Running: ['***', 'tasks', 'run', 'raizen_lab_01', 'print_hello', 'scheduled__2021-12-23T19:00:00+00:00', '--job-id', '6987', '--raw', '--subdir', 'DAGS_FOLDER/raizen_lab_01.py', '--cfg-path', '/tmp/tmp3t1blf09', '--error-file', '/tmp/tmptdvc4wqb']
[2022-08-23 12:37:32,195] {standard_task_runner.py:80} INFO - Job 6987: Subtask print_hello
[2022-08-23 12:37:32,266] {task_command.py:371} INFO - Running <TaskInstance: raizen_lab_01.print_hello scheduled__2021-12-23T19:00:00+00:00 [running]> on host 6383a3236c72
[2022-08-23 12:37:32,346] {taskinstance.py:1591} INFO - Exporting the following env vars:
AIRFLOW_CTX_DAG_OWNER=admin
AIRFLOW_CTX_DAG_ID=raizen_lab_01
AIRFLOW_CTX_TASK_ID=print_hello
AIRFLOW_CTX_EXECUTION_DATE=2021-12-23T19:00:00+00:00
AIRFLOW_CTX_TRY_NUMBER=1
AIRFLOW_CTX_DAG_RUN_ID=scheduled__2021-12-23T19:00:00+00:00
[2022-08-23 12:37:32,348] {subprocess.py:62} INFO - Tmp dir root location: 
 /tmp
[2022-08-23 12:37:32,349] {subprocess.py:74} INFO - Running command: ['bash', '-c', 'echo "hello"']
[2022-08-23 12:37:32,360] {subprocess.py:85} INFO - Output:
[2022-08-23 12:37:32,361] {subprocess.py:92} INFO - hello
[2022-08-23 12:37:32,362] {subprocess.py:96} INFO - Command exited with return code 0
[2022-08-23 12:37:32,414] {taskinstance.py:1420} INFO - Marking task as SUCCESS. dag_id=raizen_lab_01, task_id=print_hello, execution_date=20211223T190000, start_date=20220823T123732, end_date=20220823T123732
[2022-08-23 12:37:32,446] {local_task_job.py:156} INFO - Task exited with return code 0
[2022-08-23 12:37:32,488] {local_task_job.py:273} INFO - 1 downstream tasks scheduled from follow-on schedule check
