[2022-08-23 11:32:56,204] {taskinstance.py:1179} INFO - Dependencies all met for <TaskInstance: raizen_lab_01.sleep scheduled__2021-09-30T22:00:00+00:00 [queued]>
[2022-08-23 11:32:56,221] {taskinstance.py:1179} INFO - Dependencies all met for <TaskInstance: raizen_lab_01.sleep scheduled__2021-09-30T22:00:00+00:00 [queued]>
[2022-08-23 11:32:56,222] {taskinstance.py:1376} INFO - 
--------------------------------------------------------------------------------
[2022-08-23 11:32:56,223] {taskinstance.py:1377} INFO - Starting attempt 1 of 2
[2022-08-23 11:32:56,224] {taskinstance.py:1378} INFO - 
--------------------------------------------------------------------------------
[2022-08-23 11:32:56,247] {taskinstance.py:1397} INFO - Executing <Task(BashOperator): sleep> on 2021-09-30 22:00:00+00:00
[2022-08-23 11:32:56,255] {standard_task_runner.py:52} INFO - Started process 2651 to run task
[2022-08-23 11:32:56,260] {standard_task_runner.py:79} INFO - Running: ['***', 'tasks', 'run', 'raizen_lab_01', 'sleep', 'scheduled__2021-09-30T22:00:00+00:00', '--job-id', '942', '--raw', '--subdir', 'DAGS_FOLDER/raizen_lab_01.py', '--cfg-path', '/tmp/tmpb9x1ls_y', '--error-file', '/tmp/tmpc2z0wsu4']
[2022-08-23 11:32:56,261] {standard_task_runner.py:80} INFO - Job 942: Subtask sleep
[2022-08-23 11:32:56,374] {task_command.py:371} INFO - Running <TaskInstance: raizen_lab_01.sleep scheduled__2021-09-30T22:00:00+00:00 [running]> on host 7f48b7aaf0fc
[2022-08-23 11:32:56,500] {taskinstance.py:1591} INFO - Exporting the following env vars:
AIRFLOW_CTX_DAG_OWNER=admin
AIRFLOW_CTX_DAG_ID=raizen_lab_01
AIRFLOW_CTX_TASK_ID=sleep
AIRFLOW_CTX_EXECUTION_DATE=2021-09-30T22:00:00+00:00
AIRFLOW_CTX_TRY_NUMBER=1
AIRFLOW_CTX_DAG_RUN_ID=scheduled__2021-09-30T22:00:00+00:00
[2022-08-23 11:32:56,502] {subprocess.py:62} INFO - Tmp dir root location: 
 /tmp
[2022-08-23 11:32:56,504] {subprocess.py:74} INFO - Running command: ['bash', '-c', 'sleep 5']
[2022-08-23 11:32:56,523] {subprocess.py:85} INFO - Output:
[2022-08-23 11:33:01,527] {subprocess.py:96} INFO - Command exited with return code 0
[2022-08-23 11:33:01,603] {taskinstance.py:1420} INFO - Marking task as SUCCESS. dag_id=raizen_lab_01, task_id=sleep, execution_date=20210930T220000, start_date=20220823T113256, end_date=20220823T113301
[2022-08-23 11:33:01,676] {local_task_job.py:156} INFO - Task exited with return code 0
[2022-08-23 11:33:01,864] {local_task_job.py:273} INFO - 0 downstream tasks scheduled from follow-on schedule check
