[2022-08-23 16:14:16,962] {taskinstance.py:1179} INFO - Dependencies all met for <TaskInstance: raizen_lab_01.step_01 scheduled__2022-01-05T03:00:00+00:00 [queued]>
[2022-08-23 16:14:16,980] {taskinstance.py:1179} INFO - Dependencies all met for <TaskInstance: raizen_lab_01.step_01 scheduled__2022-01-05T03:00:00+00:00 [queued]>
[2022-08-23 16:14:16,981] {taskinstance.py:1376} INFO - 
--------------------------------------------------------------------------------
[2022-08-23 16:14:16,982] {taskinstance.py:1377} INFO - Starting attempt 1 of 2
[2022-08-23 16:14:16,982] {taskinstance.py:1378} INFO - 
--------------------------------------------------------------------------------
[2022-08-23 16:14:17,014] {taskinstance.py:1397} INFO - Executing <Task(BashOperator): step_01> on 2022-01-05 03:00:00+00:00
[2022-08-23 16:14:17,024] {standard_task_runner.py:52} INFO - Started process 565 to run task
[2022-08-23 16:14:17,029] {standard_task_runner.py:79} INFO - Running: ['***', 'tasks', 'run', 'raizen_lab_01', 'step_01', 'scheduled__2022-01-05T03:00:00+00:00', '--job-id', '8087', '--raw', '--subdir', 'DAGS_FOLDER/raizen_lab_01.py', '--cfg-path', '/tmp/tmp0bu07lcm', '--error-file', '/tmp/tmp7tnj_rh6']
[2022-08-23 16:14:17,032] {standard_task_runner.py:80} INFO - Job 8087: Subtask step_01
[2022-08-23 16:14:17,143] {task_command.py:371} INFO - Running <TaskInstance: raizen_lab_01.step_01 scheduled__2022-01-05T03:00:00+00:00 [running]> on host 8790b68fb5bc
[2022-08-23 16:14:17,285] {taskinstance.py:1591} INFO - Exporting the following env vars:
AIRFLOW_CTX_DAG_OWNER=admin
AIRFLOW_CTX_DAG_ID=raizen_lab_01
AIRFLOW_CTX_TASK_ID=step_01
AIRFLOW_CTX_EXECUTION_DATE=2022-01-05T03:00:00+00:00
AIRFLOW_CTX_TRY_NUMBER=1
AIRFLOW_CTX_DAG_RUN_ID=scheduled__2022-01-05T03:00:00+00:00
[2022-08-23 16:14:17,291] {subprocess.py:62} INFO - Tmp dir root location: 
 /tmp
[2022-08-23 16:14:17,292] {subprocess.py:74} INFO - Running command: ['bash', '-c', 'echo "hello"']
[2022-08-23 16:14:17,315] {subprocess.py:85} INFO - Output:
[2022-08-23 16:14:17,318] {subprocess.py:92} INFO - hello
[2022-08-23 16:14:17,319] {subprocess.py:96} INFO - Command exited with return code 0
[2022-08-23 16:14:17,440] {taskinstance.py:1420} INFO - Marking task as SUCCESS. dag_id=raizen_lab_01, task_id=step_01, execution_date=20220105T030000, start_date=20220823T161416, end_date=20220823T161417
[2022-08-23 16:14:17,482] {local_task_job.py:156} INFO - Task exited with return code 0
[2022-08-23 16:14:17,537] {local_task_job.py:273} INFO - 0 downstream tasks scheduled from follow-on schedule check
