[2022-08-23 11:27:08,832] {taskinstance.py:1179} INFO - Dependencies all met for <TaskInstance: raizen_lab_01.sleep scheduled__2021-09-18T11:00:00+00:00 [queued]>
[2022-08-23 11:27:08,857] {taskinstance.py:1179} INFO - Dependencies all met for <TaskInstance: raizen_lab_01.sleep scheduled__2021-09-18T11:00:00+00:00 [queued]>
[2022-08-23 11:27:08,858] {taskinstance.py:1376} INFO - 
--------------------------------------------------------------------------------
[2022-08-23 11:27:08,861] {taskinstance.py:1377} INFO - Starting attempt 1 of 2
[2022-08-23 11:27:08,862] {taskinstance.py:1378} INFO - 
--------------------------------------------------------------------------------
[2022-08-23 11:27:08,898] {taskinstance.py:1397} INFO - Executing <Task(BashOperator): sleep> on 2021-09-18 11:00:00+00:00
[2022-08-23 11:27:08,909] {standard_task_runner.py:52} INFO - Started process 221 to run task
[2022-08-23 11:27:08,916] {standard_task_runner.py:79} INFO - Running: ['***', 'tasks', 'run', 'raizen_lab_01', 'sleep', 'scheduled__2021-09-18T11:00:00+00:00', '--job-id', '33', '--raw', '--subdir', 'DAGS_FOLDER/raizen_lab_01.py', '--cfg-path', '/tmp/tmpu4p9tt_d', '--error-file', '/tmp/tmpcb948jz_']
[2022-08-23 11:27:08,917] {standard_task_runner.py:80} INFO - Job 33: Subtask sleep
[2022-08-23 11:27:09,112] {task_command.py:371} INFO - Running <TaskInstance: raizen_lab_01.sleep scheduled__2021-09-18T11:00:00+00:00 [running]> on host 7f48b7aaf0fc
[2022-08-23 11:27:09,417] {taskinstance.py:1591} INFO - Exporting the following env vars:
AIRFLOW_CTX_DAG_OWNER=admin
AIRFLOW_CTX_DAG_ID=raizen_lab_01
AIRFLOW_CTX_TASK_ID=sleep
AIRFLOW_CTX_EXECUTION_DATE=2021-09-18T11:00:00+00:00
AIRFLOW_CTX_TRY_NUMBER=1
AIRFLOW_CTX_DAG_RUN_ID=scheduled__2021-09-18T11:00:00+00:00
[2022-08-23 11:27:09,420] {subprocess.py:62} INFO - Tmp dir root location: 
 /tmp
[2022-08-23 11:27:09,423] {subprocess.py:74} INFO - Running command: ['bash', '-c', 'sleep 5']
[2022-08-23 11:27:09,450] {subprocess.py:85} INFO - Output:
[2022-08-23 11:27:14,455] {subprocess.py:96} INFO - Command exited with return code 0
[2022-08-23 11:27:14,512] {taskinstance.py:1420} INFO - Marking task as SUCCESS. dag_id=raizen_lab_01, task_id=sleep, execution_date=20210918T110000, start_date=20220823T112708, end_date=20220823T112714
[2022-08-23 11:27:14,580] {local_task_job.py:156} INFO - Task exited with return code 0
[2022-08-23 11:27:14,640] {local_task_job.py:273} INFO - 1 downstream tasks scheduled from follow-on schedule check
