[2022-08-23 12:08:07,125] {taskinstance.py:1179} INFO - Dependencies all met for <TaskInstance: raizen_lab_01.sleep scheduled__2021-10-31T21:00:00+00:00 [queued]>
[2022-08-23 12:08:07,137] {taskinstance.py:1179} INFO - Dependencies all met for <TaskInstance: raizen_lab_01.sleep scheduled__2021-10-31T21:00:00+00:00 [queued]>
[2022-08-23 12:08:07,138] {taskinstance.py:1376} INFO - 
--------------------------------------------------------------------------------
[2022-08-23 12:08:07,138] {taskinstance.py:1377} INFO - Starting attempt 1 of 2
[2022-08-23 12:08:07,139] {taskinstance.py:1378} INFO - 
--------------------------------------------------------------------------------
[2022-08-23 12:08:07,155] {taskinstance.py:1397} INFO - Executing <Task(BashOperator): sleep> on 2021-10-31 21:00:00+00:00
[2022-08-23 12:08:07,161] {standard_task_runner.py:52} INFO - Started process 1672 to run task
[2022-08-23 12:08:07,164] {standard_task_runner.py:79} INFO - Running: ['***', 'tasks', 'run', 'raizen_lab_01', 'sleep', 'scheduled__2021-10-31T21:00:00+00:00', '--job-id', '3182', '--raw', '--subdir', 'DAGS_FOLDER/raizen_lab_01.py', '--cfg-path', '/tmp/tmp7hpry8u9', '--error-file', '/tmp/tmpf14vcai2']
[2022-08-23 12:08:07,165] {standard_task_runner.py:80} INFO - Job 3182: Subtask sleep
[2022-08-23 12:08:07,238] {task_command.py:371} INFO - Running <TaskInstance: raizen_lab_01.sleep scheduled__2021-10-31T21:00:00+00:00 [running]> on host 67b6bdae536e
[2022-08-23 12:08:07,327] {taskinstance.py:1591} INFO - Exporting the following env vars:
AIRFLOW_CTX_DAG_OWNER=admin
AIRFLOW_CTX_DAG_ID=raizen_lab_01
AIRFLOW_CTX_TASK_ID=sleep
AIRFLOW_CTX_EXECUTION_DATE=2021-10-31T21:00:00+00:00
AIRFLOW_CTX_TRY_NUMBER=1
AIRFLOW_CTX_DAG_RUN_ID=scheduled__2021-10-31T21:00:00+00:00
[2022-08-23 12:08:07,329] {subprocess.py:62} INFO - Tmp dir root location: 
 /tmp
[2022-08-23 12:08:07,330] {subprocess.py:74} INFO - Running command: ['bash', '-c', 'sleep 5']
[2022-08-23 12:08:07,343] {subprocess.py:85} INFO - Output:
[2022-08-23 12:08:12,346] {subprocess.py:96} INFO - Command exited with return code 0
[2022-08-23 12:08:12,379] {taskinstance.py:1420} INFO - Marking task as SUCCESS. dag_id=raizen_lab_01, task_id=sleep, execution_date=20211031T210000, start_date=20220823T120807, end_date=20220823T120812
[2022-08-23 12:08:12,438] {local_task_job.py:156} INFO - Task exited with return code 0
[2022-08-23 12:08:12,540] {local_task_job.py:273} INFO - 0 downstream tasks scheduled from follow-on schedule check
