[2022-08-23 11:33:52,496] {taskinstance.py:1179} INFO - Dependencies all met for <TaskInstance: raizen_lab_01.sleep scheduled__2021-10-02T17:00:00+00:00 [queued]>
[2022-08-23 11:33:52,512] {taskinstance.py:1179} INFO - Dependencies all met for <TaskInstance: raizen_lab_01.sleep scheduled__2021-10-02T17:00:00+00:00 [queued]>
[2022-08-23 11:33:52,513] {taskinstance.py:1376} INFO - 
--------------------------------------------------------------------------------
[2022-08-23 11:33:52,513] {taskinstance.py:1377} INFO - Starting attempt 1 of 2
[2022-08-23 11:33:52,514] {taskinstance.py:1378} INFO - 
--------------------------------------------------------------------------------
[2022-08-23 11:33:52,540] {taskinstance.py:1397} INFO - Executing <Task(BashOperator): sleep> on 2021-10-02 17:00:00+00:00
[2022-08-23 11:33:52,549] {standard_task_runner.py:52} INFO - Started process 3043 to run task
[2022-08-23 11:33:52,555] {standard_task_runner.py:79} INFO - Running: ['***', 'tasks', 'run', 'raizen_lab_01', 'sleep', 'scheduled__2021-10-02T17:00:00+00:00', '--job-id', '1073', '--raw', '--subdir', 'DAGS_FOLDER/raizen_lab_01.py', '--cfg-path', '/tmp/tmp445bkmai', '--error-file', '/tmp/tmpxv9ocpnu']
[2022-08-23 11:33:52,556] {standard_task_runner.py:80} INFO - Job 1073: Subtask sleep
[2022-08-23 11:33:52,695] {task_command.py:371} INFO - Running <TaskInstance: raizen_lab_01.sleep scheduled__2021-10-02T17:00:00+00:00 [running]> on host 7f48b7aaf0fc
[2022-08-23 11:33:52,856] {taskinstance.py:1591} INFO - Exporting the following env vars:
AIRFLOW_CTX_DAG_OWNER=admin
AIRFLOW_CTX_DAG_ID=raizen_lab_01
AIRFLOW_CTX_TASK_ID=sleep
AIRFLOW_CTX_EXECUTION_DATE=2021-10-02T17:00:00+00:00
AIRFLOW_CTX_TRY_NUMBER=1
AIRFLOW_CTX_DAG_RUN_ID=scheduled__2021-10-02T17:00:00+00:00
[2022-08-23 11:33:52,858] {subprocess.py:62} INFO - Tmp dir root location: 
 /tmp
[2022-08-23 11:33:52,860] {subprocess.py:74} INFO - Running command: ['bash', '-c', 'sleep 5']
[2022-08-23 11:33:52,879] {subprocess.py:85} INFO - Output:
[2022-08-23 11:33:57,883] {subprocess.py:96} INFO - Command exited with return code 0
[2022-08-23 11:33:57,932] {taskinstance.py:1420} INFO - Marking task as SUCCESS. dag_id=raizen_lab_01, task_id=sleep, execution_date=20211002T170000, start_date=20220823T113352, end_date=20220823T113357
[2022-08-23 11:33:57,987] {local_task_job.py:156} INFO - Task exited with return code 0
[2022-08-23 11:33:58,031] {local_task_job.py:273} INFO - 1 downstream tasks scheduled from follow-on schedule check
