[2022-08-23 12:06:59,809] {taskinstance.py:1179} INFO - Dependencies all met for <TaskInstance: raizen_lab_01.print_hello scheduled__2021-10-28T15:00:00+00:00 [queued]>
[2022-08-23 12:06:59,827] {taskinstance.py:1179} INFO - Dependencies all met for <TaskInstance: raizen_lab_01.print_hello scheduled__2021-10-28T15:00:00+00:00 [queued]>
[2022-08-23 12:06:59,827] {taskinstance.py:1376} INFO - 
--------------------------------------------------------------------------------
[2022-08-23 12:06:59,827] {taskinstance.py:1377} INFO - Starting attempt 1 of 2
[2022-08-23 12:06:59,828] {taskinstance.py:1378} INFO - 
--------------------------------------------------------------------------------
[2022-08-23 12:06:59,846] {taskinstance.py:1397} INFO - Executing <Task(BashOperator): print_hello> on 2021-10-28 15:00:00+00:00
[2022-08-23 12:06:59,852] {standard_task_runner.py:52} INFO - Started process 972 to run task
[2022-08-23 12:06:59,855] {standard_task_runner.py:79} INFO - Running: ['***', 'tasks', 'run', 'raizen_lab_01', 'print_hello', 'scheduled__2021-10-28T15:00:00+00:00', '--job-id', '2937', '--raw', '--subdir', 'DAGS_FOLDER/raizen_lab_01.py', '--cfg-path', '/tmp/tmpo25vl7zs', '--error-file', '/tmp/tmp1fum9nvd']
[2022-08-23 12:06:59,856] {standard_task_runner.py:80} INFO - Job 2937: Subtask print_hello
[2022-08-23 12:06:59,936] {task_command.py:371} INFO - Running <TaskInstance: raizen_lab_01.print_hello scheduled__2021-10-28T15:00:00+00:00 [running]> on host 67b6bdae536e
[2022-08-23 12:07:00,007] {taskinstance.py:1591} INFO - Exporting the following env vars:
AIRFLOW_CTX_DAG_OWNER=admin
AIRFLOW_CTX_DAG_ID=raizen_lab_01
AIRFLOW_CTX_TASK_ID=print_hello
AIRFLOW_CTX_EXECUTION_DATE=2021-10-28T15:00:00+00:00
AIRFLOW_CTX_TRY_NUMBER=1
AIRFLOW_CTX_DAG_RUN_ID=scheduled__2021-10-28T15:00:00+00:00
[2022-08-23 12:07:00,009] {subprocess.py:62} INFO - Tmp dir root location: 
 /tmp
[2022-08-23 12:07:00,010] {subprocess.py:74} INFO - Running command: ['bash', '-c', 'echo "hello"']
[2022-08-23 12:07:00,022] {subprocess.py:85} INFO - Output:
[2022-08-23 12:07:00,024] {subprocess.py:92} INFO - hello
[2022-08-23 12:07:00,025] {subprocess.py:96} INFO - Command exited with return code 0
[2022-08-23 12:07:00,060] {taskinstance.py:1420} INFO - Marking task as SUCCESS. dag_id=raizen_lab_01, task_id=print_hello, execution_date=20211028T150000, start_date=20220823T120659, end_date=20220823T120700
[2022-08-23 12:07:00,108] {local_task_job.py:156} INFO - Task exited with return code 0
[2022-08-23 12:07:00,232] {local_task_job.py:273} INFO - 0 downstream tasks scheduled from follow-on schedule check
