[2022-08-23 12:30:45,202] {taskinstance.py:1179} INFO - Dependencies all met for <TaskInstance: raizen_lab_01.sleep scheduled__2021-12-05T15:00:00+00:00 [queued]>
[2022-08-23 12:30:45,209] {taskinstance.py:1179} INFO - Dependencies all met for <TaskInstance: raizen_lab_01.sleep scheduled__2021-12-05T15:00:00+00:00 [queued]>
[2022-08-23 12:30:45,209] {taskinstance.py:1376} INFO - 
--------------------------------------------------------------------------------
[2022-08-23 12:30:45,209] {taskinstance.py:1377} INFO - Starting attempt 1 of 2
[2022-08-23 12:30:45,210] {taskinstance.py:1378} INFO - 
--------------------------------------------------------------------------------
[2022-08-23 12:30:45,238] {taskinstance.py:1397} INFO - Executing <Task(BashOperator): sleep> on 2021-12-05 15:00:00+00:00
[2022-08-23 12:30:45,244] {standard_task_runner.py:52} INFO - Started process 8417 to run task
[2022-08-23 12:30:45,247] {standard_task_runner.py:79} INFO - Running: ['***', 'tasks', 'run', 'raizen_lab_01', 'sleep', 'scheduled__2021-12-05T15:00:00+00:00', '--job-id', '5687', '--raw', '--subdir', 'DAGS_FOLDER/raizen_lab_01.py', '--cfg-path', '/tmp/tmplmd4nekc', '--error-file', '/tmp/tmp5saz1u62']
[2022-08-23 12:30:45,249] {standard_task_runner.py:80} INFO - Job 5687: Subtask sleep
[2022-08-23 12:30:45,361] {task_command.py:371} INFO - Running <TaskInstance: raizen_lab_01.sleep scheduled__2021-12-05T15:00:00+00:00 [running]> on host 6383a3236c72
[2022-08-23 12:30:45,565] {taskinstance.py:1591} INFO - Exporting the following env vars:
AIRFLOW_CTX_DAG_OWNER=admin
AIRFLOW_CTX_DAG_ID=raizen_lab_01
AIRFLOW_CTX_TASK_ID=sleep
AIRFLOW_CTX_EXECUTION_DATE=2021-12-05T15:00:00+00:00
AIRFLOW_CTX_TRY_NUMBER=1
AIRFLOW_CTX_DAG_RUN_ID=scheduled__2021-12-05T15:00:00+00:00
[2022-08-23 12:30:45,567] {subprocess.py:62} INFO - Tmp dir root location: 
 /tmp
[2022-08-23 12:30:45,568] {subprocess.py:74} INFO - Running command: ['bash', '-c', 'sleep 5']
[2022-08-23 12:30:45,580] {subprocess.py:85} INFO - Output:
[2022-08-23 12:30:50,584] {subprocess.py:96} INFO - Command exited with return code 0
[2022-08-23 12:30:50,623] {taskinstance.py:1420} INFO - Marking task as SUCCESS. dag_id=raizen_lab_01, task_id=sleep, execution_date=20211205T150000, start_date=20220823T123045, end_date=20220823T123050
[2022-08-23 12:30:50,682] {local_task_job.py:156} INFO - Task exited with return code 0
[2022-08-23 12:30:50,749] {local_task_job.py:273} INFO - 1 downstream tasks scheduled from follow-on schedule check
