[2022-08-23 11:27:04,213] {taskinstance.py:1179} INFO - Dependencies all met for <TaskInstance: raizen_lab_01.sleep scheduled__2021-09-18T02:00:00+00:00 [queued]>
[2022-08-23 11:27:04,236] {taskinstance.py:1179} INFO - Dependencies all met for <TaskInstance: raizen_lab_01.sleep scheduled__2021-09-18T02:00:00+00:00 [queued]>
[2022-08-23 11:27:04,237] {taskinstance.py:1376} INFO - 
--------------------------------------------------------------------------------
[2022-08-23 11:27:04,238] {taskinstance.py:1377} INFO - Starting attempt 1 of 2
[2022-08-23 11:27:04,238] {taskinstance.py:1378} INFO - 
--------------------------------------------------------------------------------
[2022-08-23 11:27:04,265] {taskinstance.py:1397} INFO - Executing <Task(BashOperator): sleep> on 2021-09-18 02:00:00+00:00
[2022-08-23 11:27:04,275] {standard_task_runner.py:52} INFO - Started process 174 to run task
[2022-08-23 11:27:04,281] {standard_task_runner.py:79} INFO - Running: ['***', 'tasks', 'run', 'raizen_lab_01', 'sleep', 'scheduled__2021-09-18T02:00:00+00:00', '--job-id', '18', '--raw', '--subdir', 'DAGS_FOLDER/raizen_lab_01.py', '--cfg-path', '/tmp/tmpuvlph74m', '--error-file', '/tmp/tmp2ayyhhfj']
[2022-08-23 11:27:04,282] {standard_task_runner.py:80} INFO - Job 18: Subtask sleep
[2022-08-23 11:27:04,410] {task_command.py:371} INFO - Running <TaskInstance: raizen_lab_01.sleep scheduled__2021-09-18T02:00:00+00:00 [running]> on host 7f48b7aaf0fc
[2022-08-23 11:27:04,573] {taskinstance.py:1591} INFO - Exporting the following env vars:
AIRFLOW_CTX_DAG_OWNER=admin
AIRFLOW_CTX_DAG_ID=raizen_lab_01
AIRFLOW_CTX_TASK_ID=sleep
AIRFLOW_CTX_EXECUTION_DATE=2021-09-18T02:00:00+00:00
AIRFLOW_CTX_TRY_NUMBER=1
AIRFLOW_CTX_DAG_RUN_ID=scheduled__2021-09-18T02:00:00+00:00
[2022-08-23 11:27:04,576] {subprocess.py:62} INFO - Tmp dir root location: 
 /tmp
[2022-08-23 11:27:04,579] {subprocess.py:74} INFO - Running command: ['bash', '-c', 'sleep 5']
[2022-08-23 11:27:04,606] {subprocess.py:85} INFO - Output:
[2022-08-23 11:27:09,613] {subprocess.py:96} INFO - Command exited with return code 0
[2022-08-23 11:27:09,711] {taskinstance.py:1420} INFO - Marking task as SUCCESS. dag_id=raizen_lab_01, task_id=sleep, execution_date=20210918T020000, start_date=20220823T112704, end_date=20220823T112709
[2022-08-23 11:27:09,768] {local_task_job.py:156} INFO - Task exited with return code 0
[2022-08-23 11:27:09,825] {local_task_job.py:273} INFO - 1 downstream tasks scheduled from follow-on schedule check
