[2022-08-23 11:28:23,548] {taskinstance.py:1179} INFO - Dependencies all met for <TaskInstance: raizen_lab_01.print_hello scheduled__2021-09-20T04:00:00+00:00 [queued]>
[2022-08-23 11:28:23,568] {taskinstance.py:1179} INFO - Dependencies all met for <TaskInstance: raizen_lab_01.print_hello scheduled__2021-09-20T04:00:00+00:00 [queued]>
[2022-08-23 11:28:23,569] {taskinstance.py:1376} INFO - 
--------------------------------------------------------------------------------
[2022-08-23 11:28:23,569] {taskinstance.py:1377} INFO - Starting attempt 1 of 2
[2022-08-23 11:28:23,570] {taskinstance.py:1378} INFO - 
--------------------------------------------------------------------------------
[2022-08-23 11:28:23,595] {taskinstance.py:1397} INFO - Executing <Task(BashOperator): print_hello> on 2021-09-20 04:00:00+00:00
[2022-08-23 11:28:23,604] {standard_task_runner.py:52} INFO - Started process 377 to run task
[2022-08-23 11:28:23,610] {standard_task_runner.py:79} INFO - Running: ['***', 'tasks', 'run', 'raizen_lab_01', 'print_hello', 'scheduled__2021-09-20T04:00:00+00:00', '--job-id', '162', '--raw', '--subdir', 'DAGS_FOLDER/raizen_lab_01.py', '--cfg-path', '/tmp/tmphui2g2ke', '--error-file', '/tmp/tmp1ed5jbwy']
[2022-08-23 11:28:23,611] {standard_task_runner.py:80} INFO - Job 162: Subtask print_hello
[2022-08-23 11:28:23,726] {task_command.py:371} INFO - Running <TaskInstance: raizen_lab_01.print_hello scheduled__2021-09-20T04:00:00+00:00 [running]> on host 7f48b7aaf0fc
[2022-08-23 11:28:23,840] {taskinstance.py:1591} INFO - Exporting the following env vars:
AIRFLOW_CTX_DAG_OWNER=admin
AIRFLOW_CTX_DAG_ID=raizen_lab_01
AIRFLOW_CTX_TASK_ID=print_hello
AIRFLOW_CTX_EXECUTION_DATE=2021-09-20T04:00:00+00:00
AIRFLOW_CTX_TRY_NUMBER=1
AIRFLOW_CTX_DAG_RUN_ID=scheduled__2021-09-20T04:00:00+00:00
[2022-08-23 11:28:23,843] {subprocess.py:62} INFO - Tmp dir root location: 
 /tmp
[2022-08-23 11:28:23,844] {subprocess.py:74} INFO - Running command: ['bash', '-c', 'echo "hello"']
[2022-08-23 11:28:23,865] {subprocess.py:85} INFO - Output:
[2022-08-23 11:28:23,867] {subprocess.py:92} INFO - hello
[2022-08-23 11:28:23,869] {subprocess.py:96} INFO - Command exited with return code 0
[2022-08-23 11:28:23,927] {taskinstance.py:1420} INFO - Marking task as SUCCESS. dag_id=raizen_lab_01, task_id=print_hello, execution_date=20210920T040000, start_date=20220823T112823, end_date=20220823T112823
[2022-08-23 11:28:23,982] {local_task_job.py:156} INFO - Task exited with return code 0
[2022-08-23 11:28:24,055] {local_task_job.py:273} INFO - 1 downstream tasks scheduled from follow-on schedule check
