[2022-08-23 11:46:48,795] {taskinstance.py:1179} INFO - Dependencies all met for <TaskInstance: raizen_lab_01.print_hello scheduled__2021-10-18T04:00:00+00:00 [queued]>
[2022-08-23 11:46:48,829] {taskinstance.py:1179} INFO - Dependencies all met for <TaskInstance: raizen_lab_01.print_hello scheduled__2021-10-18T04:00:00+00:00 [queued]>
[2022-08-23 11:46:48,831] {taskinstance.py:1376} INFO - 
--------------------------------------------------------------------------------
[2022-08-23 11:46:48,831] {taskinstance.py:1377} INFO - Starting attempt 1 of 2
[2022-08-23 11:46:48,832] {taskinstance.py:1378} INFO - 
--------------------------------------------------------------------------------
[2022-08-23 11:46:48,878] {taskinstance.py:1397} INFO - Executing <Task(BashOperator): print_hello> on 2021-10-18 04:00:00+00:00
[2022-08-23 11:46:48,893] {standard_task_runner.py:52} INFO - Started process 515 to run task
[2022-08-23 11:46:48,900] {standard_task_runner.py:79} INFO - Running: ['***', 'tasks', 'run', 'raizen_lab_01', 'print_hello', 'scheduled__2021-10-18T04:00:00+00:00', '--job-id', '2180', '--raw', '--subdir', 'DAGS_FOLDER/raizen_lab_01.py', '--cfg-path', '/tmp/tmpwal7uymr', '--error-file', '/tmp/tmp3oe1t2kv']
[2022-08-23 11:46:48,901] {standard_task_runner.py:80} INFO - Job 2180: Subtask print_hello
[2022-08-23 11:46:49,056] {task_command.py:371} INFO - Running <TaskInstance: raizen_lab_01.print_hello scheduled__2021-10-18T04:00:00+00:00 [running]> on host fc645605a611
[2022-08-23 11:46:49,230] {taskinstance.py:1591} INFO - Exporting the following env vars:
AIRFLOW_CTX_DAG_OWNER=admin
AIRFLOW_CTX_DAG_ID=raizen_lab_01
AIRFLOW_CTX_TASK_ID=print_hello
AIRFLOW_CTX_EXECUTION_DATE=2021-10-18T04:00:00+00:00
AIRFLOW_CTX_TRY_NUMBER=1
AIRFLOW_CTX_DAG_RUN_ID=scheduled__2021-10-18T04:00:00+00:00
[2022-08-23 11:46:49,232] {subprocess.py:62} INFO - Tmp dir root location: 
 /tmp
[2022-08-23 11:46:49,235] {subprocess.py:74} INFO - Running command: ['bash', '-c', 'echo "hello"']
[2022-08-23 11:46:49,258] {subprocess.py:85} INFO - Output:
[2022-08-23 11:46:49,261] {subprocess.py:92} INFO - hello
[2022-08-23 11:46:49,262] {subprocess.py:96} INFO - Command exited with return code 0
[2022-08-23 11:46:49,332] {taskinstance.py:1420} INFO - Marking task as SUCCESS. dag_id=raizen_lab_01, task_id=print_hello, execution_date=20211018T040000, start_date=20220823T114648, end_date=20220823T114649
[2022-08-23 11:46:49,394] {local_task_job.py:156} INFO - Task exited with return code 0
[2022-08-23 11:46:49,491] {local_task_job.py:273} INFO - 1 downstream tasks scheduled from follow-on schedule check
