[2022-08-23 12:24:49,368] {taskinstance.py:1179} INFO - Dependencies all met for <TaskInstance: raizen_lab_01.sleep scheduled__2021-11-20T00:00:00+00:00 [queued]>
[2022-08-23 12:24:49,383] {taskinstance.py:1179} INFO - Dependencies all met for <TaskInstance: raizen_lab_01.sleep scheduled__2021-11-20T00:00:00+00:00 [queued]>
[2022-08-23 12:24:49,383] {taskinstance.py:1376} INFO - 
--------------------------------------------------------------------------------
[2022-08-23 12:24:49,384] {taskinstance.py:1377} INFO - Starting attempt 1 of 2
[2022-08-23 12:24:49,385] {taskinstance.py:1378} INFO - 
--------------------------------------------------------------------------------
[2022-08-23 12:24:49,413] {taskinstance.py:1397} INFO - Executing <Task(BashOperator): sleep> on 2021-11-20 00:00:00+00:00
[2022-08-23 12:24:49,424] {standard_task_runner.py:52} INFO - Started process 4055 to run task
[2022-08-23 12:24:49,429] {standard_task_runner.py:79} INFO - Running: ['***', 'tasks', 'run', 'raizen_lab_01', 'sleep', 'scheduled__2021-11-20T00:00:00+00:00', '--job-id', '4571', '--raw', '--subdir', 'DAGS_FOLDER/raizen_lab_01.py', '--cfg-path', '/tmp/tmp2yrwslc2', '--error-file', '/tmp/tmp5l4_e0y3']
[2022-08-23 12:24:49,431] {standard_task_runner.py:80} INFO - Job 4571: Subtask sleep
[2022-08-23 12:24:49,531] {task_command.py:371} INFO - Running <TaskInstance: raizen_lab_01.sleep scheduled__2021-11-20T00:00:00+00:00 [running]> on host 6383a3236c72
[2022-08-23 12:24:49,624] {taskinstance.py:1591} INFO - Exporting the following env vars:
AIRFLOW_CTX_DAG_OWNER=admin
AIRFLOW_CTX_DAG_ID=raizen_lab_01
AIRFLOW_CTX_TASK_ID=sleep
AIRFLOW_CTX_EXECUTION_DATE=2021-11-20T00:00:00+00:00
AIRFLOW_CTX_TRY_NUMBER=1
AIRFLOW_CTX_DAG_RUN_ID=scheduled__2021-11-20T00:00:00+00:00
[2022-08-23 12:24:49,626] {subprocess.py:62} INFO - Tmp dir root location: 
 /tmp
[2022-08-23 12:24:49,627] {subprocess.py:74} INFO - Running command: ['bash', '-c', 'sleep 5']
[2022-08-23 12:24:49,647] {subprocess.py:85} INFO - Output:
[2022-08-23 12:24:54,650] {subprocess.py:96} INFO - Command exited with return code 0
[2022-08-23 12:24:54,676] {taskinstance.py:1420} INFO - Marking task as SUCCESS. dag_id=raizen_lab_01, task_id=sleep, execution_date=20211120T000000, start_date=20220823T122449, end_date=20220823T122454
[2022-08-23 12:24:54,696] {local_task_job.py:156} INFO - Task exited with return code 0
[2022-08-23 12:24:54,720] {local_task_job.py:273} INFO - 1 downstream tasks scheduled from follow-on schedule check
