[2022-08-23 12:07:00,361] {taskinstance.py:1179} INFO - Dependencies all met for <TaskInstance: raizen_lab_01.print_hello scheduled__2021-10-28T17:00:00+00:00 [queued]>
[2022-08-23 12:07:00,375] {taskinstance.py:1179} INFO - Dependencies all met for <TaskInstance: raizen_lab_01.print_hello scheduled__2021-10-28T17:00:00+00:00 [queued]>
[2022-08-23 12:07:00,376] {taskinstance.py:1376} INFO - 
--------------------------------------------------------------------------------
[2022-08-23 12:07:00,376] {taskinstance.py:1377} INFO - Starting attempt 1 of 2
[2022-08-23 12:07:00,377] {taskinstance.py:1378} INFO - 
--------------------------------------------------------------------------------
[2022-08-23 12:07:00,395] {taskinstance.py:1397} INFO - Executing <Task(BashOperator): print_hello> on 2021-10-28 17:00:00+00:00
[2022-08-23 12:07:00,401] {standard_task_runner.py:52} INFO - Started process 987 to run task
[2022-08-23 12:07:00,405] {standard_task_runner.py:79} INFO - Running: ['***', 'tasks', 'run', 'raizen_lab_01', 'print_hello', 'scheduled__2021-10-28T17:00:00+00:00', '--job-id', '2942', '--raw', '--subdir', 'DAGS_FOLDER/raizen_lab_01.py', '--cfg-path', '/tmp/tmp2bccglsp', '--error-file', '/tmp/tmp0r4x0q9j']
[2022-08-23 12:07:00,405] {standard_task_runner.py:80} INFO - Job 2942: Subtask print_hello
[2022-08-23 12:07:00,472] {task_command.py:371} INFO - Running <TaskInstance: raizen_lab_01.print_hello scheduled__2021-10-28T17:00:00+00:00 [running]> on host 67b6bdae536e
[2022-08-23 12:07:00,533] {taskinstance.py:1591} INFO - Exporting the following env vars:
AIRFLOW_CTX_DAG_OWNER=admin
AIRFLOW_CTX_DAG_ID=raizen_lab_01
AIRFLOW_CTX_TASK_ID=print_hello
AIRFLOW_CTX_EXECUTION_DATE=2021-10-28T17:00:00+00:00
AIRFLOW_CTX_TRY_NUMBER=1
AIRFLOW_CTX_DAG_RUN_ID=scheduled__2021-10-28T17:00:00+00:00
[2022-08-23 12:07:00,534] {subprocess.py:62} INFO - Tmp dir root location: 
 /tmp
[2022-08-23 12:07:00,534] {subprocess.py:74} INFO - Running command: ['bash', '-c', 'echo "hello"']
[2022-08-23 12:07:00,543] {subprocess.py:85} INFO - Output:
[2022-08-23 12:07:00,544] {subprocess.py:92} INFO - hello
[2022-08-23 12:07:00,545] {subprocess.py:96} INFO - Command exited with return code 0
[2022-08-23 12:07:00,572] {taskinstance.py:1420} INFO - Marking task as SUCCESS. dag_id=raizen_lab_01, task_id=print_hello, execution_date=20211028T170000, start_date=20220823T120700, end_date=20220823T120700
[2022-08-23 12:07:00,617] {local_task_job.py:156} INFO - Task exited with return code 0
[2022-08-23 12:07:00,658] {local_task_job.py:273} INFO - 1 downstream tasks scheduled from follow-on schedule check
