[2022-08-23 11:59:37,772] {taskinstance.py:1179} INFO - Dependencies all met for <TaskInstance: raizen_lab_01.print_hello scheduled__2021-10-23T21:00:00+00:00 [queued]>
[2022-08-23 11:59:37,794] {taskinstance.py:1179} INFO - Dependencies all met for <TaskInstance: raizen_lab_01.print_hello scheduled__2021-10-23T21:00:00+00:00 [queued]>
[2022-08-23 11:59:37,795] {taskinstance.py:1376} INFO - 
--------------------------------------------------------------------------------
[2022-08-23 11:59:37,796] {taskinstance.py:1377} INFO - Starting attempt 1 of 2
[2022-08-23 11:59:37,797] {taskinstance.py:1378} INFO - 
--------------------------------------------------------------------------------
[2022-08-23 11:59:37,832] {taskinstance.py:1397} INFO - Executing <Task(BashOperator): print_hello> on 2021-10-23 21:00:00+00:00
[2022-08-23 11:59:37,844] {standard_task_runner.py:52} INFO - Started process 677 to run task
[2022-08-23 11:59:37,858] {standard_task_runner.py:79} INFO - Running: ['***', 'tasks', 'run', 'raizen_lab_01', 'print_hello', 'scheduled__2021-10-23T21:00:00+00:00', '--job-id', '2594', '--raw', '--subdir', 'DAGS_FOLDER/raizen_lab_01.py', '--cfg-path', '/tmp/tmp34lhj3h7', '--error-file', '/tmp/tmp4tz1n4lx']
[2022-08-23 11:59:37,859] {standard_task_runner.py:80} INFO - Job 2594: Subtask print_hello
[2022-08-23 11:59:38,066] {task_command.py:371} INFO - Running <TaskInstance: raizen_lab_01.print_hello scheduled__2021-10-23T21:00:00+00:00 [running]> on host 9f4b06248101
[2022-08-23 11:59:38,316] {taskinstance.py:1591} INFO - Exporting the following env vars:
AIRFLOW_CTX_DAG_OWNER=admin
AIRFLOW_CTX_DAG_ID=raizen_lab_01
AIRFLOW_CTX_TASK_ID=print_hello
AIRFLOW_CTX_EXECUTION_DATE=2021-10-23T21:00:00+00:00
AIRFLOW_CTX_TRY_NUMBER=1
AIRFLOW_CTX_DAG_RUN_ID=scheduled__2021-10-23T21:00:00+00:00
[2022-08-23 11:59:38,319] {subprocess.py:62} INFO - Tmp dir root location: 
 /tmp
[2022-08-23 11:59:38,321] {subprocess.py:74} INFO - Running command: ['bash', '-c', 'echo "hello"']
[2022-08-23 11:59:38,345] {subprocess.py:85} INFO - Output:
[2022-08-23 11:59:38,350] {subprocess.py:92} INFO - hello
[2022-08-23 11:59:38,351] {subprocess.py:96} INFO - Command exited with return code 0
[2022-08-23 11:59:38,441] {taskinstance.py:1420} INFO - Marking task as SUCCESS. dag_id=raizen_lab_01, task_id=print_hello, execution_date=20211023T210000, start_date=20220823T115937, end_date=20220823T115938
[2022-08-23 11:59:38,515] {local_task_job.py:156} INFO - Task exited with return code 0
[2022-08-23 11:59:38,608] {local_task_job.py:273} INFO - 1 downstream tasks scheduled from follow-on schedule check
