[2022-08-23 12:23:18,978] {taskinstance.py:1179} INFO - Dependencies all met for <TaskInstance: raizen_lab_01.sleep scheduled__2021-11-16T08:00:00+00:00 [queued]>
[2022-08-23 12:23:18,987] {taskinstance.py:1179} INFO - Dependencies all met for <TaskInstance: raizen_lab_01.sleep scheduled__2021-11-16T08:00:00+00:00 [queued]>
[2022-08-23 12:23:18,988] {taskinstance.py:1376} INFO - 
--------------------------------------------------------------------------------
[2022-08-23 12:23:18,988] {taskinstance.py:1377} INFO - Starting attempt 1 of 2
[2022-08-23 12:23:18,989] {taskinstance.py:1378} INFO - 
--------------------------------------------------------------------------------
[2022-08-23 12:23:19,002] {taskinstance.py:1397} INFO - Executing <Task(BashOperator): sleep> on 2021-11-16 08:00:00+00:00
[2022-08-23 12:23:19,008] {standard_task_runner.py:52} INFO - Started process 2978 to run task
[2022-08-23 12:23:19,012] {standard_task_runner.py:79} INFO - Running: ['***', 'tasks', 'run', 'raizen_lab_01', 'sleep', 'scheduled__2021-11-16T08:00:00+00:00', '--job-id', '4297', '--raw', '--subdir', 'DAGS_FOLDER/raizen_lab_01.py', '--cfg-path', '/tmp/tmpf_yg5p2p', '--error-file', '/tmp/tmpu2ttds3w']
[2022-08-23 12:23:19,013] {standard_task_runner.py:80} INFO - Job 4297: Subtask sleep
[2022-08-23 12:23:19,074] {task_command.py:371} INFO - Running <TaskInstance: raizen_lab_01.sleep scheduled__2021-11-16T08:00:00+00:00 [running]> on host 6383a3236c72
[2022-08-23 12:23:19,138] {taskinstance.py:1591} INFO - Exporting the following env vars:
AIRFLOW_CTX_DAG_OWNER=admin
AIRFLOW_CTX_DAG_ID=raizen_lab_01
AIRFLOW_CTX_TASK_ID=sleep
AIRFLOW_CTX_EXECUTION_DATE=2021-11-16T08:00:00+00:00
AIRFLOW_CTX_TRY_NUMBER=1
AIRFLOW_CTX_DAG_RUN_ID=scheduled__2021-11-16T08:00:00+00:00
[2022-08-23 12:23:19,140] {subprocess.py:62} INFO - Tmp dir root location: 
 /tmp
[2022-08-23 12:23:19,141] {subprocess.py:74} INFO - Running command: ['bash', '-c', 'sleep 5']
[2022-08-23 12:23:19,152] {subprocess.py:85} INFO - Output:
[2022-08-23 12:23:24,154] {subprocess.py:96} INFO - Command exited with return code 0
[2022-08-23 12:23:24,232] {taskinstance.py:1420} INFO - Marking task as SUCCESS. dag_id=raizen_lab_01, task_id=sleep, execution_date=20211116T080000, start_date=20220823T122318, end_date=20220823T122324
[2022-08-23 12:23:24,281] {local_task_job.py:156} INFO - Task exited with return code 0
[2022-08-23 12:23:24,318] {local_task_job.py:273} INFO - 1 downstream tasks scheduled from follow-on schedule check
