[2022-08-23 12:35:37,241] {taskinstance.py:1179} INFO - Dependencies all met for <TaskInstance: raizen_lab_01.sleep scheduled__2021-12-18T12:00:00+00:00 [queued]>
[2022-08-23 12:35:37,254] {taskinstance.py:1179} INFO - Dependencies all met for <TaskInstance: raizen_lab_01.sleep scheduled__2021-12-18T12:00:00+00:00 [queued]>
[2022-08-23 12:35:37,254] {taskinstance.py:1376} INFO - 
--------------------------------------------------------------------------------
[2022-08-23 12:35:37,255] {taskinstance.py:1377} INFO - Starting attempt 1 of 2
[2022-08-23 12:35:37,255] {taskinstance.py:1378} INFO - 
--------------------------------------------------------------------------------
[2022-08-23 12:35:37,275] {taskinstance.py:1397} INFO - Executing <Task(BashOperator): sleep> on 2021-12-18 12:00:00+00:00
[2022-08-23 12:35:37,282] {standard_task_runner.py:52} INFO - Started process 12091 to run task
[2022-08-23 12:35:37,286] {standard_task_runner.py:79} INFO - Running: ['***', 'tasks', 'run', 'raizen_lab_01', 'sleep', 'scheduled__2021-12-18T12:00:00+00:00', '--job-id', '6628', '--raw', '--subdir', 'DAGS_FOLDER/raizen_lab_01.py', '--cfg-path', '/tmp/tmpb8va1voc', '--error-file', '/tmp/tmptkg72uuj']
[2022-08-23 12:35:37,287] {standard_task_runner.py:80} INFO - Job 6628: Subtask sleep
[2022-08-23 12:35:37,356] {task_command.py:371} INFO - Running <TaskInstance: raizen_lab_01.sleep scheduled__2021-12-18T12:00:00+00:00 [running]> on host 6383a3236c72
[2022-08-23 12:35:37,439] {taskinstance.py:1591} INFO - Exporting the following env vars:
AIRFLOW_CTX_DAG_OWNER=admin
AIRFLOW_CTX_DAG_ID=raizen_lab_01
AIRFLOW_CTX_TASK_ID=sleep
AIRFLOW_CTX_EXECUTION_DATE=2021-12-18T12:00:00+00:00
AIRFLOW_CTX_TRY_NUMBER=1
AIRFLOW_CTX_DAG_RUN_ID=scheduled__2021-12-18T12:00:00+00:00
[2022-08-23 12:35:37,440] {subprocess.py:62} INFO - Tmp dir root location: 
 /tmp
[2022-08-23 12:35:37,442] {subprocess.py:74} INFO - Running command: ['bash', '-c', 'sleep 5']
[2022-08-23 12:35:37,458] {subprocess.py:85} INFO - Output:
[2022-08-23 12:35:42,461] {subprocess.py:96} INFO - Command exited with return code 0
[2022-08-23 12:35:42,525] {taskinstance.py:1420} INFO - Marking task as SUCCESS. dag_id=raizen_lab_01, task_id=sleep, execution_date=20211218T120000, start_date=20220823T123537, end_date=20220823T123542
[2022-08-23 12:35:42,554] {local_task_job.py:156} INFO - Task exited with return code 0
[2022-08-23 12:35:42,579] {local_task_job.py:273} INFO - 1 downstream tasks scheduled from follow-on schedule check
