[2022-08-23 13:15:26,745] {taskinstance.py:1179} INFO - Dependencies all met for <TaskInstance: raizen_lab_01.sleep scheduled__2021-12-31T18:00:00+00:00 [queued]>
[2022-08-23 13:15:26,761] {taskinstance.py:1179} INFO - Dependencies all met for <TaskInstance: raizen_lab_01.sleep scheduled__2021-12-31T18:00:00+00:00 [queued]>
[2022-08-23 13:15:26,762] {taskinstance.py:1376} INFO - 
--------------------------------------------------------------------------------
[2022-08-23 13:15:26,763] {taskinstance.py:1377} INFO - Starting attempt 1 of 2
[2022-08-23 13:15:26,764] {taskinstance.py:1378} INFO - 
--------------------------------------------------------------------------------
[2022-08-23 13:15:26,786] {taskinstance.py:1397} INFO - Executing <Task(BashOperator): sleep> on 2021-12-31 18:00:00+00:00
[2022-08-23 13:15:26,794] {standard_task_runner.py:52} INFO - Started process 1055 to run task
[2022-08-23 13:15:26,799] {standard_task_runner.py:79} INFO - Running: ['***', 'tasks', 'run', 'raizen_lab_01', 'sleep', 'scheduled__2021-12-31T18:00:00+00:00', '--job-id', '7591', '--raw', '--subdir', 'DAGS_FOLDER/raizen_lab_01.py', '--cfg-path', '/tmp/tmpwjv3cert', '--error-file', '/tmp/tmpil09c22g']
[2022-08-23 13:15:26,801] {standard_task_runner.py:80} INFO - Job 7591: Subtask sleep
[2022-08-23 13:15:26,882] {task_command.py:371} INFO - Running <TaskInstance: raizen_lab_01.sleep scheduled__2021-12-31T18:00:00+00:00 [running]> on host 94e929fe2c87
[2022-08-23 13:15:26,983] {taskinstance.py:1591} INFO - Exporting the following env vars:
AIRFLOW_CTX_DAG_OWNER=admin
AIRFLOW_CTX_DAG_ID=raizen_lab_01
AIRFLOW_CTX_TASK_ID=sleep
AIRFLOW_CTX_EXECUTION_DATE=2021-12-31T18:00:00+00:00
AIRFLOW_CTX_TRY_NUMBER=1
AIRFLOW_CTX_DAG_RUN_ID=scheduled__2021-12-31T18:00:00+00:00
[2022-08-23 13:15:26,986] {subprocess.py:62} INFO - Tmp dir root location: 
 /tmp
[2022-08-23 13:15:26,987] {subprocess.py:74} INFO - Running command: ['bash', '-c', 'sleep 5']
[2022-08-23 13:15:27,007] {subprocess.py:85} INFO - Output:
[2022-08-23 13:15:32,012] {subprocess.py:96} INFO - Command exited with return code 0
[2022-08-23 13:15:32,045] {taskinstance.py:1420} INFO - Marking task as SUCCESS. dag_id=raizen_lab_01, task_id=sleep, execution_date=20211231T180000, start_date=20220823T131526, end_date=20220823T131532
[2022-08-23 13:15:32,068] {local_task_job.py:156} INFO - Task exited with return code 0
[2022-08-23 13:15:32,101] {local_task_job.py:273} INFO - 1 downstream tasks scheduled from follow-on schedule check
