[2022-08-23 11:29:39,217] {taskinstance.py:1179} INFO - Dependencies all met for <TaskInstance: raizen_lab_01.sleep scheduled__2021-09-23T05:00:00+00:00 [queued]>
[2022-08-23 11:29:39,236] {taskinstance.py:1179} INFO - Dependencies all met for <TaskInstance: raizen_lab_01.sleep scheduled__2021-09-23T05:00:00+00:00 [queued]>
[2022-08-23 11:29:39,237] {taskinstance.py:1376} INFO - 
--------------------------------------------------------------------------------
[2022-08-23 11:29:39,237] {taskinstance.py:1377} INFO - Starting attempt 1 of 2
[2022-08-23 11:29:39,238] {taskinstance.py:1378} INFO - 
--------------------------------------------------------------------------------
[2022-08-23 11:29:39,265] {taskinstance.py:1397} INFO - Executing <Task(BashOperator): sleep> on 2021-09-23 05:00:00+00:00
[2022-08-23 11:29:39,271] {standard_task_runner.py:52} INFO - Started process 1021 to run task
[2022-08-23 11:29:39,277] {standard_task_runner.py:79} INFO - Running: ['***', 'tasks', 'run', 'raizen_lab_01', 'sleep', 'scheduled__2021-09-23T05:00:00+00:00', '--job-id', '381', '--raw', '--subdir', 'DAGS_FOLDER/raizen_lab_01.py', '--cfg-path', '/tmp/tmpy3twz_zh', '--error-file', '/tmp/tmpfuvwk5ea']
[2022-08-23 11:29:39,277] {standard_task_runner.py:80} INFO - Job 381: Subtask sleep
[2022-08-23 11:29:39,374] {task_command.py:371} INFO - Running <TaskInstance: raizen_lab_01.sleep scheduled__2021-09-23T05:00:00+00:00 [running]> on host 7f48b7aaf0fc
[2022-08-23 11:29:39,570] {taskinstance.py:1591} INFO - Exporting the following env vars:
AIRFLOW_CTX_DAG_OWNER=admin
AIRFLOW_CTX_DAG_ID=raizen_lab_01
AIRFLOW_CTX_TASK_ID=sleep
AIRFLOW_CTX_EXECUTION_DATE=2021-09-23T05:00:00+00:00
AIRFLOW_CTX_TRY_NUMBER=1
AIRFLOW_CTX_DAG_RUN_ID=scheduled__2021-09-23T05:00:00+00:00
[2022-08-23 11:29:39,573] {subprocess.py:62} INFO - Tmp dir root location: 
 /tmp
[2022-08-23 11:29:39,574] {subprocess.py:74} INFO - Running command: ['bash', '-c', 'sleep 5']
[2022-08-23 11:29:39,598] {subprocess.py:85} INFO - Output:
[2022-08-23 11:29:44,603] {subprocess.py:96} INFO - Command exited with return code 0
[2022-08-23 11:29:44,667] {taskinstance.py:1420} INFO - Marking task as SUCCESS. dag_id=raizen_lab_01, task_id=sleep, execution_date=20210923T050000, start_date=20220823T112939, end_date=20220823T112944
[2022-08-23 11:29:44,700] {local_task_job.py:156} INFO - Task exited with return code 0
[2022-08-23 11:29:44,744] {local_task_job.py:273} INFO - 1 downstream tasks scheduled from follow-on schedule check
