[2022-08-23 11:29:33,846] {taskinstance.py:1179} INFO - Dependencies all met for <TaskInstance: raizen_lab_01.print_hello scheduled__2021-09-22T21:00:00+00:00 [queued]>
[2022-08-23 11:29:33,866] {taskinstance.py:1179} INFO - Dependencies all met for <TaskInstance: raizen_lab_01.print_hello scheduled__2021-09-22T21:00:00+00:00 [queued]>
[2022-08-23 11:29:33,867] {taskinstance.py:1376} INFO - 
--------------------------------------------------------------------------------
[2022-08-23 11:29:33,867] {taskinstance.py:1377} INFO - Starting attempt 1 of 2
[2022-08-23 11:29:33,868] {taskinstance.py:1378} INFO - 
--------------------------------------------------------------------------------
[2022-08-23 11:29:33,892] {taskinstance.py:1397} INFO - Executing <Task(BashOperator): print_hello> on 2021-09-22 21:00:00+00:00
[2022-08-23 11:29:33,900] {standard_task_runner.py:52} INFO - Started process 944 to run task
[2022-08-23 11:29:33,904] {standard_task_runner.py:79} INFO - Running: ['***', 'tasks', 'run', 'raizen_lab_01', 'print_hello', 'scheduled__2021-09-22T21:00:00+00:00', '--job-id', '357', '--raw', '--subdir', 'DAGS_FOLDER/raizen_lab_01.py', '--cfg-path', '/tmp/tmp6iproqd1', '--error-file', '/tmp/tmpivvturs3']
[2022-08-23 11:29:33,904] {standard_task_runner.py:80} INFO - Job 357: Subtask print_hello
[2022-08-23 11:29:34,009] {task_command.py:371} INFO - Running <TaskInstance: raizen_lab_01.print_hello scheduled__2021-09-22T21:00:00+00:00 [running]> on host 7f48b7aaf0fc
[2022-08-23 11:29:34,135] {taskinstance.py:1591} INFO - Exporting the following env vars:
AIRFLOW_CTX_DAG_OWNER=admin
AIRFLOW_CTX_DAG_ID=raizen_lab_01
AIRFLOW_CTX_TASK_ID=print_hello
AIRFLOW_CTX_EXECUTION_DATE=2021-09-22T21:00:00+00:00
AIRFLOW_CTX_TRY_NUMBER=1
AIRFLOW_CTX_DAG_RUN_ID=scheduled__2021-09-22T21:00:00+00:00
[2022-08-23 11:29:34,138] {subprocess.py:62} INFO - Tmp dir root location: 
 /tmp
[2022-08-23 11:29:34,140] {subprocess.py:74} INFO - Running command: ['bash', '-c', 'echo "hello"']
[2022-08-23 11:29:34,157] {subprocess.py:85} INFO - Output:
[2022-08-23 11:29:34,160] {subprocess.py:92} INFO - hello
[2022-08-23 11:29:34,161] {subprocess.py:96} INFO - Command exited with return code 0
[2022-08-23 11:29:34,212] {taskinstance.py:1420} INFO - Marking task as SUCCESS. dag_id=raizen_lab_01, task_id=print_hello, execution_date=20210922T210000, start_date=20220823T112933, end_date=20220823T112934
[2022-08-23 11:29:34,278] {local_task_job.py:156} INFO - Task exited with return code 0
[2022-08-23 11:29:34,457] {local_task_job.py:273} INFO - 0 downstream tasks scheduled from follow-on schedule check
