[2022-08-23 11:31:13,562] {taskinstance.py:1179} INFO - Dependencies all met for <TaskInstance: raizen_lab_01.sleep scheduled__2021-09-26T16:00:00+00:00 [queued]>
[2022-08-23 11:31:13,579] {taskinstance.py:1179} INFO - Dependencies all met for <TaskInstance: raizen_lab_01.sleep scheduled__2021-09-26T16:00:00+00:00 [queued]>
[2022-08-23 11:31:13,579] {taskinstance.py:1376} INFO - 
--------------------------------------------------------------------------------
[2022-08-23 11:31:13,580] {taskinstance.py:1377} INFO - Starting attempt 1 of 2
[2022-08-23 11:31:13,581] {taskinstance.py:1378} INFO - 
--------------------------------------------------------------------------------
[2022-08-23 11:31:13,603] {taskinstance.py:1397} INFO - Executing <Task(BashOperator): sleep> on 2021-09-26 16:00:00+00:00
[2022-08-23 11:31:13,610] {standard_task_runner.py:52} INFO - Started process 1775 to run task
[2022-08-23 11:31:13,615] {standard_task_runner.py:79} INFO - Running: ['***', 'tasks', 'run', 'raizen_lab_01', 'sleep', 'scheduled__2021-09-26T16:00:00+00:00', '--job-id', '641', '--raw', '--subdir', 'DAGS_FOLDER/raizen_lab_01.py', '--cfg-path', '/tmp/tmpb2_9zd1d', '--error-file', '/tmp/tmpm6bj2vwm']
[2022-08-23 11:31:13,615] {standard_task_runner.py:80} INFO - Job 641: Subtask sleep
[2022-08-23 11:31:13,709] {task_command.py:371} INFO - Running <TaskInstance: raizen_lab_01.sleep scheduled__2021-09-26T16:00:00+00:00 [running]> on host 7f48b7aaf0fc
[2022-08-23 11:31:13,840] {taskinstance.py:1591} INFO - Exporting the following env vars:
AIRFLOW_CTX_DAG_OWNER=admin
AIRFLOW_CTX_DAG_ID=raizen_lab_01
AIRFLOW_CTX_TASK_ID=sleep
AIRFLOW_CTX_EXECUTION_DATE=2021-09-26T16:00:00+00:00
AIRFLOW_CTX_TRY_NUMBER=1
AIRFLOW_CTX_DAG_RUN_ID=scheduled__2021-09-26T16:00:00+00:00
[2022-08-23 11:31:13,843] {subprocess.py:62} INFO - Tmp dir root location: 
 /tmp
[2022-08-23 11:31:13,844] {subprocess.py:74} INFO - Running command: ['bash', '-c', 'sleep 5']
[2022-08-23 11:31:13,861] {subprocess.py:85} INFO - Output:
[2022-08-23 11:31:18,866] {subprocess.py:96} INFO - Command exited with return code 0
[2022-08-23 11:31:18,954] {taskinstance.py:1420} INFO - Marking task as SUCCESS. dag_id=raizen_lab_01, task_id=sleep, execution_date=20210926T160000, start_date=20220823T113113, end_date=20220823T113118
[2022-08-23 11:31:18,988] {local_task_job.py:156} INFO - Task exited with return code 0
[2022-08-23 11:31:19,127] {local_task_job.py:273} INFO - 1 downstream tasks scheduled from follow-on schedule check
