[2022-08-23 12:35:22,990] {taskinstance.py:1179} INFO - Dependencies all met for <TaskInstance: raizen_lab_01.sleep scheduled__2021-12-18T01:00:00+00:00 [queued]>
[2022-08-23 12:35:23,001] {taskinstance.py:1179} INFO - Dependencies all met for <TaskInstance: raizen_lab_01.sleep scheduled__2021-12-18T01:00:00+00:00 [queued]>
[2022-08-23 12:35:23,001] {taskinstance.py:1376} INFO - 
--------------------------------------------------------------------------------
[2022-08-23 12:35:23,001] {taskinstance.py:1377} INFO - Starting attempt 1 of 2
[2022-08-23 12:35:23,002] {taskinstance.py:1378} INFO - 
--------------------------------------------------------------------------------
[2022-08-23 12:35:23,021] {taskinstance.py:1397} INFO - Executing <Task(BashOperator): sleep> on 2021-12-18 01:00:00+00:00
[2022-08-23 12:35:23,029] {standard_task_runner.py:52} INFO - Started process 11939 to run task
[2022-08-23 12:35:23,033] {standard_task_runner.py:79} INFO - Running: ['***', 'tasks', 'run', 'raizen_lab_01', 'sleep', 'scheduled__2021-12-18T01:00:00+00:00', '--job-id', '6589', '--raw', '--subdir', 'DAGS_FOLDER/raizen_lab_01.py', '--cfg-path', '/tmp/tmpexxxkxl2', '--error-file', '/tmp/tmpqcjf5qse']
[2022-08-23 12:35:23,035] {standard_task_runner.py:80} INFO - Job 6589: Subtask sleep
[2022-08-23 12:35:23,107] {task_command.py:371} INFO - Running <TaskInstance: raizen_lab_01.sleep scheduled__2021-12-18T01:00:00+00:00 [running]> on host 6383a3236c72
[2022-08-23 12:35:23,280] {taskinstance.py:1591} INFO - Exporting the following env vars:
AIRFLOW_CTX_DAG_OWNER=admin
AIRFLOW_CTX_DAG_ID=raizen_lab_01
AIRFLOW_CTX_TASK_ID=sleep
AIRFLOW_CTX_EXECUTION_DATE=2021-12-18T01:00:00+00:00
AIRFLOW_CTX_TRY_NUMBER=1
AIRFLOW_CTX_DAG_RUN_ID=scheduled__2021-12-18T01:00:00+00:00
[2022-08-23 12:35:23,283] {subprocess.py:62} INFO - Tmp dir root location: 
 /tmp
[2022-08-23 12:35:23,284] {subprocess.py:74} INFO - Running command: ['bash', '-c', 'sleep 5']
[2022-08-23 12:35:23,300] {subprocess.py:85} INFO - Output:
[2022-08-23 12:35:28,315] {subprocess.py:96} INFO - Command exited with return code 0
[2022-08-23 12:35:28,347] {taskinstance.py:1420} INFO - Marking task as SUCCESS. dag_id=raizen_lab_01, task_id=sleep, execution_date=20211218T010000, start_date=20220823T123522, end_date=20220823T123528
[2022-08-23 12:35:28,380] {local_task_job.py:156} INFO - Task exited with return code 0
[2022-08-23 12:35:28,413] {local_task_job.py:273} INFO - 1 downstream tasks scheduled from follow-on schedule check
