[2022-08-23 12:22:43,753] {taskinstance.py:1179} INFO - Dependencies all met for <TaskInstance: raizen_lab_01.print_hello scheduled__2021-11-14T14:00:00+00:00 [queued]>
[2022-08-23 12:22:43,763] {taskinstance.py:1179} INFO - Dependencies all met for <TaskInstance: raizen_lab_01.print_hello scheduled__2021-11-14T14:00:00+00:00 [queued]>
[2022-08-23 12:22:43,764] {taskinstance.py:1376} INFO - 
--------------------------------------------------------------------------------
[2022-08-23 12:22:43,764] {taskinstance.py:1377} INFO - Starting attempt 1 of 2
[2022-08-23 12:22:43,765] {taskinstance.py:1378} INFO - 
--------------------------------------------------------------------------------
[2022-08-23 12:22:43,781] {taskinstance.py:1397} INFO - Executing <Task(BashOperator): print_hello> on 2021-11-14 14:00:00+00:00
[2022-08-23 12:22:43,788] {standard_task_runner.py:52} INFO - Started process 2499 to run task
[2022-08-23 12:22:43,793] {standard_task_runner.py:79} INFO - Running: ['***', 'tasks', 'run', 'raizen_lab_01', 'print_hello', 'scheduled__2021-11-14T14:00:00+00:00', '--job-id', '4176', '--raw', '--subdir', 'DAGS_FOLDER/raizen_lab_01.py', '--cfg-path', '/tmp/tmp98hj497i', '--error-file', '/tmp/tmpk_6wak_4']
[2022-08-23 12:22:43,795] {standard_task_runner.py:80} INFO - Job 4176: Subtask print_hello
[2022-08-23 12:22:43,857] {task_command.py:371} INFO - Running <TaskInstance: raizen_lab_01.print_hello scheduled__2021-11-14T14:00:00+00:00 [running]> on host 6383a3236c72
[2022-08-23 12:22:43,926] {taskinstance.py:1591} INFO - Exporting the following env vars:
AIRFLOW_CTX_DAG_OWNER=admin
AIRFLOW_CTX_DAG_ID=raizen_lab_01
AIRFLOW_CTX_TASK_ID=print_hello
AIRFLOW_CTX_EXECUTION_DATE=2021-11-14T14:00:00+00:00
AIRFLOW_CTX_TRY_NUMBER=1
AIRFLOW_CTX_DAG_RUN_ID=scheduled__2021-11-14T14:00:00+00:00
[2022-08-23 12:22:43,928] {subprocess.py:62} INFO - Tmp dir root location: 
 /tmp
[2022-08-23 12:22:43,929] {subprocess.py:74} INFO - Running command: ['bash', '-c', 'echo "hello"']
[2022-08-23 12:22:43,942] {subprocess.py:85} INFO - Output:
[2022-08-23 12:22:43,943] {subprocess.py:92} INFO - hello
[2022-08-23 12:22:43,943] {subprocess.py:96} INFO - Command exited with return code 0
[2022-08-23 12:22:43,972] {taskinstance.py:1420} INFO - Marking task as SUCCESS. dag_id=raizen_lab_01, task_id=print_hello, execution_date=20211114T140000, start_date=20220823T122243, end_date=20220823T122243
[2022-08-23 12:22:44,003] {local_task_job.py:156} INFO - Task exited with return code 0
[2022-08-23 12:22:44,068] {local_task_job.py:273} INFO - 0 downstream tasks scheduled from follow-on schedule check
