[2022-08-23 11:32:06,835] {taskinstance.py:1179} INFO - Dependencies all met for <TaskInstance: raizen_lab_01.sleep scheduled__2021-09-29T02:00:00+00:00 [queued]>
[2022-08-23 11:32:06,859] {taskinstance.py:1179} INFO - Dependencies all met for <TaskInstance: raizen_lab_01.sleep scheduled__2021-09-29T02:00:00+00:00 [queued]>
[2022-08-23 11:32:06,860] {taskinstance.py:1376} INFO - 
--------------------------------------------------------------------------------
[2022-08-23 11:32:06,860] {taskinstance.py:1377} INFO - Starting attempt 1 of 2
[2022-08-23 11:32:06,868] {taskinstance.py:1378} INFO - 
--------------------------------------------------------------------------------
[2022-08-23 11:32:06,926] {taskinstance.py:1397} INFO - Executing <Task(BashOperator): sleep> on 2021-09-29 02:00:00+00:00
[2022-08-23 11:32:06,937] {standard_task_runner.py:52} INFO - Started process 2251 to run task
[2022-08-23 11:32:06,945] {standard_task_runner.py:79} INFO - Running: ['***', 'tasks', 'run', 'raizen_lab_01', 'sleep', 'scheduled__2021-09-29T02:00:00+00:00', '--job-id', '804', '--raw', '--subdir', 'DAGS_FOLDER/raizen_lab_01.py', '--cfg-path', '/tmp/tmpm5r4g24s', '--error-file', '/tmp/tmphmraa0lb']
[2022-08-23 11:32:06,946] {standard_task_runner.py:80} INFO - Job 804: Subtask sleep
[2022-08-23 11:32:07,065] {task_command.py:371} INFO - Running <TaskInstance: raizen_lab_01.sleep scheduled__2021-09-29T02:00:00+00:00 [running]> on host 7f48b7aaf0fc
[2022-08-23 11:32:07,310] {taskinstance.py:1591} INFO - Exporting the following env vars:
AIRFLOW_CTX_DAG_OWNER=admin
AIRFLOW_CTX_DAG_ID=raizen_lab_01
AIRFLOW_CTX_TASK_ID=sleep
AIRFLOW_CTX_EXECUTION_DATE=2021-09-29T02:00:00+00:00
AIRFLOW_CTX_TRY_NUMBER=1
AIRFLOW_CTX_DAG_RUN_ID=scheduled__2021-09-29T02:00:00+00:00
[2022-08-23 11:32:07,312] {subprocess.py:62} INFO - Tmp dir root location: 
 /tmp
[2022-08-23 11:32:07,314] {subprocess.py:74} INFO - Running command: ['bash', '-c', 'sleep 5']
[2022-08-23 11:32:07,328] {subprocess.py:85} INFO - Output:
[2022-08-23 11:32:12,344] {subprocess.py:96} INFO - Command exited with return code 0
[2022-08-23 11:32:12,402] {taskinstance.py:1420} INFO - Marking task as SUCCESS. dag_id=raizen_lab_01, task_id=sleep, execution_date=20210929T020000, start_date=20220823T113206, end_date=20220823T113212
[2022-08-23 11:32:12,443] {local_task_job.py:156} INFO - Task exited with return code 0
[2022-08-23 11:32:12,487] {local_task_job.py:273} INFO - 1 downstream tasks scheduled from follow-on schedule check
