[2022-08-23 13:15:13,387] {taskinstance.py:1179} INFO - Dependencies all met for <TaskInstance: raizen_lab_01.step_01 scheduled__2021-12-31T12:00:00+00:00 [queued]>
[2022-08-23 13:15:13,397] {taskinstance.py:1179} INFO - Dependencies all met for <TaskInstance: raizen_lab_01.step_01 scheduled__2021-12-31T12:00:00+00:00 [queued]>
[2022-08-23 13:15:13,398] {taskinstance.py:1376} INFO - 
--------------------------------------------------------------------------------
[2022-08-23 13:15:13,398] {taskinstance.py:1377} INFO - Starting attempt 1 of 2
[2022-08-23 13:15:13,399] {taskinstance.py:1378} INFO - 
--------------------------------------------------------------------------------
[2022-08-23 13:15:13,414] {taskinstance.py:1397} INFO - Executing <Task(BashOperator): step_01> on 2021-12-31 12:00:00+00:00
[2022-08-23 13:15:13,422] {standard_task_runner.py:52} INFO - Started process 914 to run task
[2022-08-23 13:15:13,426] {standard_task_runner.py:79} INFO - Running: ['***', 'tasks', 'run', 'raizen_lab_01', 'step_01', 'scheduled__2021-12-31T12:00:00+00:00', '--job-id', '7556', '--raw', '--subdir', 'DAGS_FOLDER/raizen_lab_01.py', '--cfg-path', '/tmp/tmp74nug53s', '--error-file', '/tmp/tmp7yix0rws']
[2022-08-23 13:15:13,427] {standard_task_runner.py:80} INFO - Job 7556: Subtask step_01
[2022-08-23 13:15:13,504] {task_command.py:371} INFO - Running <TaskInstance: raizen_lab_01.step_01 scheduled__2021-12-31T12:00:00+00:00 [running]> on host 94e929fe2c87
[2022-08-23 13:15:13,583] {taskinstance.py:1591} INFO - Exporting the following env vars:
AIRFLOW_CTX_DAG_OWNER=admin
AIRFLOW_CTX_DAG_ID=raizen_lab_01
AIRFLOW_CTX_TASK_ID=step_01
AIRFLOW_CTX_EXECUTION_DATE=2021-12-31T12:00:00+00:00
AIRFLOW_CTX_TRY_NUMBER=1
AIRFLOW_CTX_DAG_RUN_ID=scheduled__2021-12-31T12:00:00+00:00
[2022-08-23 13:15:13,584] {subprocess.py:62} INFO - Tmp dir root location: 
 /tmp
[2022-08-23 13:15:13,585] {subprocess.py:74} INFO - Running command: ['bash', '-c', 'echo "hello"']
[2022-08-23 13:15:13,598] {subprocess.py:85} INFO - Output:
[2022-08-23 13:15:13,600] {subprocess.py:92} INFO - hello
[2022-08-23 13:15:13,600] {subprocess.py:96} INFO - Command exited with return code 0
[2022-08-23 13:15:13,635] {taskinstance.py:1420} INFO - Marking task as SUCCESS. dag_id=raizen_lab_01, task_id=step_01, execution_date=20211231T120000, start_date=20220823T131513, end_date=20220823T131513
[2022-08-23 13:15:13,677] {local_task_job.py:156} INFO - Task exited with return code 0
[2022-08-23 13:15:13,720] {local_task_job.py:273} INFO - 1 downstream tasks scheduled from follow-on schedule check
