[2022-08-23 12:34:52,706] {taskinstance.py:1179} INFO - Dependencies all met for <TaskInstance: raizen_lab_01.print_hello scheduled__2021-12-16T21:00:00+00:00 [queued]>
[2022-08-23 12:34:52,720] {taskinstance.py:1179} INFO - Dependencies all met for <TaskInstance: raizen_lab_01.print_hello scheduled__2021-12-16T21:00:00+00:00 [queued]>
[2022-08-23 12:34:52,721] {taskinstance.py:1376} INFO - 
--------------------------------------------------------------------------------
[2022-08-23 12:34:52,721] {taskinstance.py:1377} INFO - Starting attempt 1 of 2
[2022-08-23 12:34:52,722] {taskinstance.py:1378} INFO - 
--------------------------------------------------------------------------------
[2022-08-23 12:34:52,741] {taskinstance.py:1397} INFO - Executing <Task(BashOperator): print_hello> on 2021-12-16 21:00:00+00:00
[2022-08-23 12:34:52,747] {standard_task_runner.py:52} INFO - Started process 11553 to run task
[2022-08-23 12:34:52,750] {standard_task_runner.py:79} INFO - Running: ['***', 'tasks', 'run', 'raizen_lab_01', 'print_hello', 'scheduled__2021-12-16T21:00:00+00:00', '--job-id', '6491', '--raw', '--subdir', 'DAGS_FOLDER/raizen_lab_01.py', '--cfg-path', '/tmp/tmpn9lyox54', '--error-file', '/tmp/tmpr77e_3d_']
[2022-08-23 12:34:52,751] {standard_task_runner.py:80} INFO - Job 6491: Subtask print_hello
[2022-08-23 12:34:52,820] {task_command.py:371} INFO - Running <TaskInstance: raizen_lab_01.print_hello scheduled__2021-12-16T21:00:00+00:00 [running]> on host 6383a3236c72
[2022-08-23 12:34:52,900] {taskinstance.py:1591} INFO - Exporting the following env vars:
AIRFLOW_CTX_DAG_OWNER=admin
AIRFLOW_CTX_DAG_ID=raizen_lab_01
AIRFLOW_CTX_TASK_ID=print_hello
AIRFLOW_CTX_EXECUTION_DATE=2021-12-16T21:00:00+00:00
AIRFLOW_CTX_TRY_NUMBER=1
AIRFLOW_CTX_DAG_RUN_ID=scheduled__2021-12-16T21:00:00+00:00
[2022-08-23 12:34:52,902] {subprocess.py:62} INFO - Tmp dir root location: 
 /tmp
[2022-08-23 12:34:52,903] {subprocess.py:74} INFO - Running command: ['bash', '-c', 'echo "hello"']
[2022-08-23 12:34:52,916] {subprocess.py:85} INFO - Output:
[2022-08-23 12:34:52,918] {subprocess.py:92} INFO - hello
[2022-08-23 12:34:52,918] {subprocess.py:96} INFO - Command exited with return code 0
[2022-08-23 12:34:52,952] {taskinstance.py:1420} INFO - Marking task as SUCCESS. dag_id=raizen_lab_01, task_id=print_hello, execution_date=20211216T210000, start_date=20220823T123452, end_date=20220823T123452
[2022-08-23 12:34:53,002] {local_task_job.py:156} INFO - Task exited with return code 0
[2022-08-23 12:34:53,051] {local_task_job.py:273} INFO - 1 downstream tasks scheduled from follow-on schedule check
