[2022-08-23 12:28:58,207] {taskinstance.py:1179} INFO - Dependencies all met for <TaskInstance: raizen_lab_01.sleep scheduled__2021-11-30T14:00:00+00:00 [queued]>
[2022-08-23 12:28:58,215] {taskinstance.py:1179} INFO - Dependencies all met for <TaskInstance: raizen_lab_01.sleep scheduled__2021-11-30T14:00:00+00:00 [queued]>
[2022-08-23 12:28:58,215] {taskinstance.py:1376} INFO - 
--------------------------------------------------------------------------------
[2022-08-23 12:28:58,216] {taskinstance.py:1377} INFO - Starting attempt 1 of 2
[2022-08-23 12:28:58,229] {taskinstance.py:1378} INFO - 
--------------------------------------------------------------------------------
[2022-08-23 12:28:58,360] {taskinstance.py:1397} INFO - Executing <Task(BashOperator): sleep> on 2021-11-30 14:00:00+00:00
[2022-08-23 12:28:58,366] {standard_task_runner.py:52} INFO - Started process 7040 to run task
[2022-08-23 12:28:58,370] {standard_task_runner.py:79} INFO - Running: ['***', 'tasks', 'run', 'raizen_lab_01', 'sleep', 'scheduled__2021-11-30T14:00:00+00:00', '--job-id', '5336', '--raw', '--subdir', 'DAGS_FOLDER/raizen_lab_01.py', '--cfg-path', '/tmp/tmpk8otl12c', '--error-file', '/tmp/tmp1h2ajxhl']
[2022-08-23 12:28:58,372] {standard_task_runner.py:80} INFO - Job 5336: Subtask sleep
[2022-08-23 12:28:58,483] {task_command.py:371} INFO - Running <TaskInstance: raizen_lab_01.sleep scheduled__2021-11-30T14:00:00+00:00 [running]> on host 6383a3236c72
[2022-08-23 12:28:58,680] {taskinstance.py:1591} INFO - Exporting the following env vars:
AIRFLOW_CTX_DAG_OWNER=admin
AIRFLOW_CTX_DAG_ID=raizen_lab_01
AIRFLOW_CTX_TASK_ID=sleep
AIRFLOW_CTX_EXECUTION_DATE=2021-11-30T14:00:00+00:00
AIRFLOW_CTX_TRY_NUMBER=1
AIRFLOW_CTX_DAG_RUN_ID=scheduled__2021-11-30T14:00:00+00:00
[2022-08-23 12:28:58,682] {subprocess.py:62} INFO - Tmp dir root location: 
 /tmp
[2022-08-23 12:28:58,683] {subprocess.py:74} INFO - Running command: ['bash', '-c', 'sleep 5']
[2022-08-23 12:28:58,695] {subprocess.py:85} INFO - Output:
[2022-08-23 12:29:03,697] {subprocess.py:96} INFO - Command exited with return code 0
[2022-08-23 12:29:03,722] {taskinstance.py:1420} INFO - Marking task as SUCCESS. dag_id=raizen_lab_01, task_id=sleep, execution_date=20211130T140000, start_date=20220823T122858, end_date=20220823T122903
[2022-08-23 12:29:03,761] {local_task_job.py:156} INFO - Task exited with return code 0
[2022-08-23 12:29:03,785] {local_task_job.py:273} INFO - 1 downstream tasks scheduled from follow-on schedule check
