[2022-08-23 12:23:17,252] {taskinstance.py:1179} INFO - Dependencies all met for <TaskInstance: raizen_lab_01.sleep scheduled__2021-11-16T02:00:00+00:00 [queued]>
[2022-08-23 12:23:17,270] {taskinstance.py:1179} INFO - Dependencies all met for <TaskInstance: raizen_lab_01.sleep scheduled__2021-11-16T02:00:00+00:00 [queued]>
[2022-08-23 12:23:17,270] {taskinstance.py:1376} INFO - 
--------------------------------------------------------------------------------
[2022-08-23 12:23:17,271] {taskinstance.py:1377} INFO - Starting attempt 1 of 2
[2022-08-23 12:23:17,272] {taskinstance.py:1378} INFO - 
--------------------------------------------------------------------------------
[2022-08-23 12:23:17,291] {taskinstance.py:1397} INFO - Executing <Task(BashOperator): sleep> on 2021-11-16 02:00:00+00:00
[2022-08-23 12:23:17,297] {standard_task_runner.py:52} INFO - Started process 2934 to run task
[2022-08-23 12:23:17,300] {standard_task_runner.py:79} INFO - Running: ['***', 'tasks', 'run', 'raizen_lab_01', 'sleep', 'scheduled__2021-11-16T02:00:00+00:00', '--job-id', '4286', '--raw', '--subdir', 'DAGS_FOLDER/raizen_lab_01.py', '--cfg-path', '/tmp/tmpd5yyb29x', '--error-file', '/tmp/tmpqoj8lv6s']
[2022-08-23 12:23:17,301] {standard_task_runner.py:80} INFO - Job 4286: Subtask sleep
[2022-08-23 12:23:17,364] {task_command.py:371} INFO - Running <TaskInstance: raizen_lab_01.sleep scheduled__2021-11-16T02:00:00+00:00 [running]> on host 6383a3236c72
[2022-08-23 12:23:17,449] {taskinstance.py:1591} INFO - Exporting the following env vars:
AIRFLOW_CTX_DAG_OWNER=admin
AIRFLOW_CTX_DAG_ID=raizen_lab_01
AIRFLOW_CTX_TASK_ID=sleep
AIRFLOW_CTX_EXECUTION_DATE=2021-11-16T02:00:00+00:00
AIRFLOW_CTX_TRY_NUMBER=1
AIRFLOW_CTX_DAG_RUN_ID=scheduled__2021-11-16T02:00:00+00:00
[2022-08-23 12:23:17,451] {subprocess.py:62} INFO - Tmp dir root location: 
 /tmp
[2022-08-23 12:23:17,453] {subprocess.py:74} INFO - Running command: ['bash', '-c', 'sleep 5']
[2022-08-23 12:23:17,473] {subprocess.py:85} INFO - Output:
[2022-08-23 12:23:22,477] {subprocess.py:96} INFO - Command exited with return code 0
[2022-08-23 12:23:22,510] {taskinstance.py:1420} INFO - Marking task as SUCCESS. dag_id=raizen_lab_01, task_id=sleep, execution_date=20211116T020000, start_date=20220823T122317, end_date=20220823T122322
[2022-08-23 12:23:22,532] {local_task_job.py:156} INFO - Task exited with return code 0
[2022-08-23 12:23:22,563] {local_task_job.py:273} INFO - 1 downstream tasks scheduled from follow-on schedule check
