[2022-08-23 12:20:53,284] {taskinstance.py:1179} INFO - Dependencies all met for <TaskInstance: raizen_lab_01.print_hello scheduled__2021-11-10T03:00:00+00:00 [queued]>
[2022-08-23 12:20:53,305] {taskinstance.py:1179} INFO - Dependencies all met for <TaskInstance: raizen_lab_01.print_hello scheduled__2021-11-10T03:00:00+00:00 [queued]>
[2022-08-23 12:20:53,306] {taskinstance.py:1376} INFO - 
--------------------------------------------------------------------------------
[2022-08-23 12:20:53,307] {taskinstance.py:1377} INFO - Starting attempt 1 of 2
[2022-08-23 12:20:53,308] {taskinstance.py:1378} INFO - 
--------------------------------------------------------------------------------
[2022-08-23 12:20:53,340] {taskinstance.py:1397} INFO - Executing <Task(BashOperator): print_hello> on 2021-11-10 03:00:00+00:00
[2022-08-23 12:20:53,350] {standard_task_runner.py:52} INFO - Started process 1200 to run task
[2022-08-23 12:20:53,354] {standard_task_runner.py:79} INFO - Running: ['***', 'tasks', 'run', 'raizen_lab_01', 'print_hello', 'scheduled__2021-11-10T03:00:00+00:00', '--job-id', '3844', '--raw', '--subdir', 'DAGS_FOLDER/raizen_lab_01.py', '--cfg-path', '/tmp/tmp3gqslp82', '--error-file', '/tmp/tmpgyfrkw9x']
[2022-08-23 12:20:53,355] {standard_task_runner.py:80} INFO - Job 3844: Subtask print_hello
[2022-08-23 12:20:53,451] {task_command.py:371} INFO - Running <TaskInstance: raizen_lab_01.print_hello scheduled__2021-11-10T03:00:00+00:00 [running]> on host 6383a3236c72
[2022-08-23 12:20:53,602] {taskinstance.py:1591} INFO - Exporting the following env vars:
AIRFLOW_CTX_DAG_OWNER=admin
AIRFLOW_CTX_DAG_ID=raizen_lab_01
AIRFLOW_CTX_TASK_ID=print_hello
AIRFLOW_CTX_EXECUTION_DATE=2021-11-10T03:00:00+00:00
AIRFLOW_CTX_TRY_NUMBER=1
AIRFLOW_CTX_DAG_RUN_ID=scheduled__2021-11-10T03:00:00+00:00
[2022-08-23 12:20:53,604] {subprocess.py:62} INFO - Tmp dir root location: 
 /tmp
[2022-08-23 12:20:53,605] {subprocess.py:74} INFO - Running command: ['bash', '-c', 'echo "hello"']
[2022-08-23 12:20:53,622] {subprocess.py:85} INFO - Output:
[2022-08-23 12:20:53,624] {subprocess.py:92} INFO - hello
[2022-08-23 12:20:53,625] {subprocess.py:96} INFO - Command exited with return code 0
[2022-08-23 12:20:53,674] {taskinstance.py:1420} INFO - Marking task as SUCCESS. dag_id=raizen_lab_01, task_id=print_hello, execution_date=20211110T030000, start_date=20220823T122053, end_date=20220823T122053
[2022-08-23 12:20:53,726] {local_task_job.py:156} INFO - Task exited with return code 0
[2022-08-23 12:20:53,803] {local_task_job.py:273} INFO - 1 downstream tasks scheduled from follow-on schedule check
