[2022-08-23 11:33:37,895] {taskinstance.py:1179} INFO - Dependencies all met for <TaskInstance: raizen_lab_01.sleep scheduled__2021-10-02T09:00:00+00:00 [queued]>
[2022-08-23 11:33:37,918] {taskinstance.py:1179} INFO - Dependencies all met for <TaskInstance: raizen_lab_01.sleep scheduled__2021-10-02T09:00:00+00:00 [queued]>
[2022-08-23 11:33:37,919] {taskinstance.py:1376} INFO - 
--------------------------------------------------------------------------------
[2022-08-23 11:33:37,919] {taskinstance.py:1377} INFO - Starting attempt 1 of 2
[2022-08-23 11:33:37,920] {taskinstance.py:1378} INFO - 
--------------------------------------------------------------------------------
[2022-08-23 11:33:37,949] {taskinstance.py:1397} INFO - Executing <Task(BashOperator): sleep> on 2021-10-02 09:00:00+00:00
[2022-08-23 11:33:37,957] {standard_task_runner.py:52} INFO - Started process 2962 to run task
[2022-08-23 11:33:37,966] {standard_task_runner.py:79} INFO - Running: ['***', 'tasks', 'run', 'raizen_lab_01', 'sleep', 'scheduled__2021-10-02T09:00:00+00:00', '--job-id', '1047', '--raw', '--subdir', 'DAGS_FOLDER/raizen_lab_01.py', '--cfg-path', '/tmp/tmpizoloy7h', '--error-file', '/tmp/tmpr31ce_hf']
[2022-08-23 11:33:37,967] {standard_task_runner.py:80} INFO - Job 1047: Subtask sleep
[2022-08-23 11:33:38,159] {task_command.py:371} INFO - Running <TaskInstance: raizen_lab_01.sleep scheduled__2021-10-02T09:00:00+00:00 [running]> on host 7f48b7aaf0fc
[2022-08-23 11:33:38,311] {taskinstance.py:1591} INFO - Exporting the following env vars:
AIRFLOW_CTX_DAG_OWNER=admin
AIRFLOW_CTX_DAG_ID=raizen_lab_01
AIRFLOW_CTX_TASK_ID=sleep
AIRFLOW_CTX_EXECUTION_DATE=2021-10-02T09:00:00+00:00
AIRFLOW_CTX_TRY_NUMBER=1
AIRFLOW_CTX_DAG_RUN_ID=scheduled__2021-10-02T09:00:00+00:00
[2022-08-23 11:33:38,313] {subprocess.py:62} INFO - Tmp dir root location: 
 /tmp
[2022-08-23 11:33:38,314] {subprocess.py:74} INFO - Running command: ['bash', '-c', 'sleep 5']
[2022-08-23 11:33:38,335] {subprocess.py:85} INFO - Output:
[2022-08-23 11:33:43,377] {subprocess.py:96} INFO - Command exited with return code 0
[2022-08-23 11:33:43,440] {taskinstance.py:1420} INFO - Marking task as SUCCESS. dag_id=raizen_lab_01, task_id=sleep, execution_date=20211002T090000, start_date=20220823T113337, end_date=20220823T113343
[2022-08-23 11:33:43,505] {local_task_job.py:156} INFO - Task exited with return code 0
[2022-08-23 11:33:43,558] {local_task_job.py:273} INFO - 1 downstream tasks scheduled from follow-on schedule check
