[2022-08-23 12:34:39,640] {taskinstance.py:1179} INFO - Dependencies all met for <TaskInstance: raizen_lab_01.sleep scheduled__2021-12-16T02:00:00+00:00 [queued]>
[2022-08-23 12:34:39,648] {taskinstance.py:1179} INFO - Dependencies all met for <TaskInstance: raizen_lab_01.sleep scheduled__2021-12-16T02:00:00+00:00 [queued]>
[2022-08-23 12:34:39,649] {taskinstance.py:1376} INFO - 
--------------------------------------------------------------------------------
[2022-08-23 12:34:39,649] {taskinstance.py:1377} INFO - Starting attempt 1 of 2
[2022-08-23 12:34:39,649] {taskinstance.py:1378} INFO - 
--------------------------------------------------------------------------------
[2022-08-23 12:34:39,664] {taskinstance.py:1397} INFO - Executing <Task(BashOperator): sleep> on 2021-12-16 02:00:00+00:00
[2022-08-23 12:34:39,671] {standard_task_runner.py:52} INFO - Started process 11376 to run task
[2022-08-23 12:34:39,674] {standard_task_runner.py:79} INFO - Running: ['***', 'tasks', 'run', 'raizen_lab_01', 'sleep', 'scheduled__2021-12-16T02:00:00+00:00', '--job-id', '6445', '--raw', '--subdir', 'DAGS_FOLDER/raizen_lab_01.py', '--cfg-path', '/tmp/tmpm_clr5tm', '--error-file', '/tmp/tmpp5y327gr']
[2022-08-23 12:34:39,676] {standard_task_runner.py:80} INFO - Job 6445: Subtask sleep
[2022-08-23 12:34:39,738] {task_command.py:371} INFO - Running <TaskInstance: raizen_lab_01.sleep scheduled__2021-12-16T02:00:00+00:00 [running]> on host 6383a3236c72
[2022-08-23 12:34:39,815] {taskinstance.py:1591} INFO - Exporting the following env vars:
AIRFLOW_CTX_DAG_OWNER=admin
AIRFLOW_CTX_DAG_ID=raizen_lab_01
AIRFLOW_CTX_TASK_ID=sleep
AIRFLOW_CTX_EXECUTION_DATE=2021-12-16T02:00:00+00:00
AIRFLOW_CTX_TRY_NUMBER=1
AIRFLOW_CTX_DAG_RUN_ID=scheduled__2021-12-16T02:00:00+00:00
[2022-08-23 12:34:39,817] {subprocess.py:62} INFO - Tmp dir root location: 
 /tmp
[2022-08-23 12:34:39,818] {subprocess.py:74} INFO - Running command: ['bash', '-c', 'sleep 5']
[2022-08-23 12:34:39,829] {subprocess.py:85} INFO - Output:
[2022-08-23 12:34:44,832] {subprocess.py:96} INFO - Command exited with return code 0
[2022-08-23 12:34:44,857] {taskinstance.py:1420} INFO - Marking task as SUCCESS. dag_id=raizen_lab_01, task_id=sleep, execution_date=20211216T020000, start_date=20220823T123439, end_date=20220823T123444
[2022-08-23 12:34:44,901] {local_task_job.py:156} INFO - Task exited with return code 0
[2022-08-23 12:34:44,958] {local_task_job.py:273} INFO - 0 downstream tasks scheduled from follow-on schedule check
