[2022-08-23 12:35:23,330] {taskinstance.py:1179} INFO - Dependencies all met for <TaskInstance: raizen_lab_01.sleep scheduled__2021-12-18T03:00:00+00:00 [queued]>
[2022-08-23 12:35:23,338] {taskinstance.py:1179} INFO - Dependencies all met for <TaskInstance: raizen_lab_01.sleep scheduled__2021-12-18T03:00:00+00:00 [queued]>
[2022-08-23 12:35:23,339] {taskinstance.py:1376} INFO - 
--------------------------------------------------------------------------------
[2022-08-23 12:35:23,339] {taskinstance.py:1377} INFO - Starting attempt 1 of 2
[2022-08-23 12:35:23,340] {taskinstance.py:1378} INFO - 
--------------------------------------------------------------------------------
[2022-08-23 12:35:23,356] {taskinstance.py:1397} INFO - Executing <Task(BashOperator): sleep> on 2021-12-18 03:00:00+00:00
[2022-08-23 12:35:23,364] {standard_task_runner.py:52} INFO - Started process 11949 to run task
[2022-08-23 12:35:23,367] {standard_task_runner.py:79} INFO - Running: ['***', 'tasks', 'run', 'raizen_lab_01', 'sleep', 'scheduled__2021-12-18T03:00:00+00:00', '--job-id', '6592', '--raw', '--subdir', 'DAGS_FOLDER/raizen_lab_01.py', '--cfg-path', '/tmp/tmp336o4jtv', '--error-file', '/tmp/tmpysu8mrf2']
[2022-08-23 12:35:23,369] {standard_task_runner.py:80} INFO - Job 6592: Subtask sleep
[2022-08-23 12:35:23,443] {task_command.py:371} INFO - Running <TaskInstance: raizen_lab_01.sleep scheduled__2021-12-18T03:00:00+00:00 [running]> on host 6383a3236c72
[2022-08-23 12:35:23,519] {taskinstance.py:1591} INFO - Exporting the following env vars:
AIRFLOW_CTX_DAG_OWNER=admin
AIRFLOW_CTX_DAG_ID=raizen_lab_01
AIRFLOW_CTX_TASK_ID=sleep
AIRFLOW_CTX_EXECUTION_DATE=2021-12-18T03:00:00+00:00
AIRFLOW_CTX_TRY_NUMBER=1
AIRFLOW_CTX_DAG_RUN_ID=scheduled__2021-12-18T03:00:00+00:00
[2022-08-23 12:35:23,521] {subprocess.py:62} INFO - Tmp dir root location: 
 /tmp
[2022-08-23 12:35:23,522] {subprocess.py:74} INFO - Running command: ['bash', '-c', 'sleep 5']
[2022-08-23 12:35:23,538] {subprocess.py:85} INFO - Output:
[2022-08-23 12:35:28,541] {subprocess.py:96} INFO - Command exited with return code 0
[2022-08-23 12:35:28,579] {taskinstance.py:1420} INFO - Marking task as SUCCESS. dag_id=raizen_lab_01, task_id=sleep, execution_date=20211218T030000, start_date=20220823T123523, end_date=20220823T123528
[2022-08-23 12:35:28,612] {local_task_job.py:156} INFO - Task exited with return code 0
[2022-08-23 12:35:28,739] {local_task_job.py:273} INFO - 0 downstream tasks scheduled from follow-on schedule check
