[2022-08-23 11:47:55,775] {taskinstance.py:1179} INFO - Dependencies all met for <TaskInstance: raizen_lab_01.print_hello scheduled__2021-10-20T15:00:00+00:00 [queued]>
[2022-08-23 11:47:55,796] {taskinstance.py:1179} INFO - Dependencies all met for <TaskInstance: raizen_lab_01.print_hello scheduled__2021-10-20T15:00:00+00:00 [queued]>
[2022-08-23 11:47:55,796] {taskinstance.py:1376} INFO - 
--------------------------------------------------------------------------------
[2022-08-23 11:47:55,797] {taskinstance.py:1377} INFO - Starting attempt 1 of 2
[2022-08-23 11:47:55,798] {taskinstance.py:1378} INFO - 
--------------------------------------------------------------------------------
[2022-08-23 11:47:55,828] {taskinstance.py:1397} INFO - Executing <Task(BashOperator): print_hello> on 2021-10-20 15:00:00+00:00
[2022-08-23 11:47:55,836] {standard_task_runner.py:52} INFO - Started process 1038 to run task
[2022-08-23 11:47:55,842] {standard_task_runner.py:79} INFO - Running: ['***', 'tasks', 'run', 'raizen_lab_01', 'print_hello', 'scheduled__2021-10-20T15:00:00+00:00', '--job-id', '2360', '--raw', '--subdir', 'DAGS_FOLDER/raizen_lab_01.py', '--cfg-path', '/tmp/tmpaae5ox9n', '--error-file', '/tmp/tmp01zwxcgf']
[2022-08-23 11:47:55,843] {standard_task_runner.py:80} INFO - Job 2360: Subtask print_hello
[2022-08-23 11:47:55,961] {task_command.py:371} INFO - Running <TaskInstance: raizen_lab_01.print_hello scheduled__2021-10-20T15:00:00+00:00 [running]> on host fc645605a611
[2022-08-23 11:47:56,091] {taskinstance.py:1591} INFO - Exporting the following env vars:
AIRFLOW_CTX_DAG_OWNER=admin
AIRFLOW_CTX_DAG_ID=raizen_lab_01
AIRFLOW_CTX_TASK_ID=print_hello
AIRFLOW_CTX_EXECUTION_DATE=2021-10-20T15:00:00+00:00
AIRFLOW_CTX_TRY_NUMBER=1
AIRFLOW_CTX_DAG_RUN_ID=scheduled__2021-10-20T15:00:00+00:00
[2022-08-23 11:47:56,094] {subprocess.py:62} INFO - Tmp dir root location: 
 /tmp
[2022-08-23 11:47:56,095] {subprocess.py:74} INFO - Running command: ['bash', '-c', 'echo "hello"']
[2022-08-23 11:47:56,109] {subprocess.py:85} INFO - Output:
[2022-08-23 11:47:56,112] {subprocess.py:92} INFO - hello
[2022-08-23 11:47:56,113] {subprocess.py:96} INFO - Command exited with return code 0
[2022-08-23 11:47:56,160] {taskinstance.py:1420} INFO - Marking task as SUCCESS. dag_id=raizen_lab_01, task_id=print_hello, execution_date=20211020T150000, start_date=20220823T114755, end_date=20220823T114756
[2022-08-23 11:47:56,215] {local_task_job.py:156} INFO - Task exited with return code 0
[2022-08-23 11:47:56,299] {local_task_job.py:273} INFO - 1 downstream tasks scheduled from follow-on schedule check
