[2022-08-23 12:22:29,816] {taskinstance.py:1179} INFO - Dependencies all met for <TaskInstance: raizen_lab_01.sleep scheduled__2021-11-13T21:00:00+00:00 [queued]>
[2022-08-23 12:22:29,833] {taskinstance.py:1179} INFO - Dependencies all met for <TaskInstance: raizen_lab_01.sleep scheduled__2021-11-13T21:00:00+00:00 [queued]>
[2022-08-23 12:22:29,833] {taskinstance.py:1376} INFO - 
--------------------------------------------------------------------------------
[2022-08-23 12:22:29,834] {taskinstance.py:1377} INFO - Starting attempt 1 of 2
[2022-08-23 12:22:29,834] {taskinstance.py:1378} INFO - 
--------------------------------------------------------------------------------
[2022-08-23 12:22:29,873] {taskinstance.py:1397} INFO - Executing <Task(BashOperator): sleep> on 2021-11-13 21:00:00+00:00
[2022-08-23 12:22:29,968] {standard_task_runner.py:52} INFO - Started process 2342 to run task
[2022-08-23 12:22:29,972] {standard_task_runner.py:79} INFO - Running: ['***', 'tasks', 'run', 'raizen_lab_01', 'sleep', 'scheduled__2021-11-13T21:00:00+00:00', '--job-id', '4137', '--raw', '--subdir', 'DAGS_FOLDER/raizen_lab_01.py', '--cfg-path', '/tmp/tmpn0b2fa5k', '--error-file', '/tmp/tmp63j461jt']
[2022-08-23 12:22:29,974] {standard_task_runner.py:80} INFO - Job 4137: Subtask sleep
[2022-08-23 12:22:30,061] {task_command.py:371} INFO - Running <TaskInstance: raizen_lab_01.sleep scheduled__2021-11-13T21:00:00+00:00 [running]> on host 6383a3236c72
[2022-08-23 12:22:30,184] {taskinstance.py:1591} INFO - Exporting the following env vars:
AIRFLOW_CTX_DAG_OWNER=admin
AIRFLOW_CTX_DAG_ID=raizen_lab_01
AIRFLOW_CTX_TASK_ID=sleep
AIRFLOW_CTX_EXECUTION_DATE=2021-11-13T21:00:00+00:00
AIRFLOW_CTX_TRY_NUMBER=1
AIRFLOW_CTX_DAG_RUN_ID=scheduled__2021-11-13T21:00:00+00:00
[2022-08-23 12:22:30,186] {subprocess.py:62} INFO - Tmp dir root location: 
 /tmp
[2022-08-23 12:22:30,187] {subprocess.py:74} INFO - Running command: ['bash', '-c', 'sleep 5']
[2022-08-23 12:22:30,201] {subprocess.py:85} INFO - Output:
[2022-08-23 12:22:35,203] {subprocess.py:96} INFO - Command exited with return code 0
[2022-08-23 12:22:35,229] {taskinstance.py:1420} INFO - Marking task as SUCCESS. dag_id=raizen_lab_01, task_id=sleep, execution_date=20211113T210000, start_date=20220823T122229, end_date=20220823T122235
[2022-08-23 12:22:35,277] {local_task_job.py:156} INFO - Task exited with return code 0
[2022-08-23 12:22:35,355] {local_task_job.py:273} INFO - 0 downstream tasks scheduled from follow-on schedule check
