[2022-08-23 12:06:55,387] {taskinstance.py:1179} INFO - Dependencies all met for <TaskInstance: raizen_lab_01.print_world scheduled__2021-10-28T03:00:00+00:00 [queued]>
[2022-08-23 12:06:55,397] {taskinstance.py:1179} INFO - Dependencies all met for <TaskInstance: raizen_lab_01.print_world scheduled__2021-10-28T03:00:00+00:00 [queued]>
[2022-08-23 12:06:55,398] {taskinstance.py:1376} INFO - 
--------------------------------------------------------------------------------
[2022-08-23 12:06:55,398] {taskinstance.py:1377} INFO - Starting attempt 1 of 2
[2022-08-23 12:06:55,399] {taskinstance.py:1378} INFO - 
--------------------------------------------------------------------------------
[2022-08-23 12:06:55,413] {taskinstance.py:1397} INFO - Executing <Task(PythonOperator): print_world> on 2021-10-28 03:00:00+00:00
[2022-08-23 12:06:55,418] {standard_task_runner.py:52} INFO - Started process 911 to run task
[2022-08-23 12:06:55,421] {standard_task_runner.py:79} INFO - Running: ['***', 'tasks', 'run', 'raizen_lab_01', 'print_world', 'scheduled__2021-10-28T03:00:00+00:00', '--job-id', '2920', '--raw', '--subdir', 'DAGS_FOLDER/raizen_lab_01.py', '--cfg-path', '/tmp/tmpt_gdlw6p', '--error-file', '/tmp/tmp0sdg_cqu']
[2022-08-23 12:06:55,421] {standard_task_runner.py:80} INFO - Job 2920: Subtask print_world
[2022-08-23 12:06:55,475] {task_command.py:371} INFO - Running <TaskInstance: raizen_lab_01.print_world scheduled__2021-10-28T03:00:00+00:00 [running]> on host 67b6bdae536e
[2022-08-23 12:06:55,535] {taskinstance.py:1591} INFO - Exporting the following env vars:
AIRFLOW_CTX_DAG_OWNER=admin
AIRFLOW_CTX_DAG_ID=raizen_lab_01
AIRFLOW_CTX_TASK_ID=print_world
AIRFLOW_CTX_EXECUTION_DATE=2021-10-28T03:00:00+00:00
AIRFLOW_CTX_TRY_NUMBER=1
AIRFLOW_CTX_DAG_RUN_ID=scheduled__2021-10-28T03:00:00+00:00
[2022-08-23 12:06:55,536] {logging_mixin.py:115} INFO - world
[2022-08-23 12:06:55,537] {python.py:173} INFO - Done. Returned value was: None
[2022-08-23 12:06:55,546] {taskinstance.py:1420} INFO - Marking task as SUCCESS. dag_id=raizen_lab_01, task_id=print_world, execution_date=20211028T030000, start_date=20220823T120655, end_date=20220823T120655
[2022-08-23 12:06:55,594] {local_task_job.py:156} INFO - Task exited with return code 0
[2022-08-23 12:06:55,626] {local_task_job.py:273} INFO - 0 downstream tasks scheduled from follow-on schedule check
