[2022-08-23 11:32:39,692] {taskinstance.py:1179} INFO - Dependencies all met for <TaskInstance: raizen_lab_01.sleep scheduled__2021-09-30T06:00:00+00:00 [queued]>
[2022-08-23 11:32:39,714] {taskinstance.py:1179} INFO - Dependencies all met for <TaskInstance: raizen_lab_01.sleep scheduled__2021-09-30T06:00:00+00:00 [queued]>
[2022-08-23 11:32:39,715] {taskinstance.py:1376} INFO - 
--------------------------------------------------------------------------------
[2022-08-23 11:32:39,716] {taskinstance.py:1377} INFO - Starting attempt 1 of 2
[2022-08-23 11:32:39,716] {taskinstance.py:1378} INFO - 
--------------------------------------------------------------------------------
[2022-08-23 11:32:39,740] {taskinstance.py:1397} INFO - Executing <Task(BashOperator): sleep> on 2021-09-30 06:00:00+00:00
[2022-08-23 11:32:39,748] {standard_task_runner.py:52} INFO - Started process 2508 to run task
[2022-08-23 11:32:39,754] {standard_task_runner.py:79} INFO - Running: ['***', 'tasks', 'run', 'raizen_lab_01', 'sleep', 'scheduled__2021-09-30T06:00:00+00:00', '--job-id', '891', '--raw', '--subdir', 'DAGS_FOLDER/raizen_lab_01.py', '--cfg-path', '/tmp/tmpg1k9s5rs', '--error-file', '/tmp/tmpeey4k5eo']
[2022-08-23 11:32:39,755] {standard_task_runner.py:80} INFO - Job 891: Subtask sleep
[2022-08-23 11:32:39,858] {task_command.py:371} INFO - Running <TaskInstance: raizen_lab_01.sleep scheduled__2021-09-30T06:00:00+00:00 [running]> on host 7f48b7aaf0fc
[2022-08-23 11:32:39,988] {taskinstance.py:1591} INFO - Exporting the following env vars:
AIRFLOW_CTX_DAG_OWNER=admin
AIRFLOW_CTX_DAG_ID=raizen_lab_01
AIRFLOW_CTX_TASK_ID=sleep
AIRFLOW_CTX_EXECUTION_DATE=2021-09-30T06:00:00+00:00
AIRFLOW_CTX_TRY_NUMBER=1
AIRFLOW_CTX_DAG_RUN_ID=scheduled__2021-09-30T06:00:00+00:00
[2022-08-23 11:32:39,990] {subprocess.py:62} INFO - Tmp dir root location: 
 /tmp
[2022-08-23 11:32:39,991] {subprocess.py:74} INFO - Running command: ['bash', '-c', 'sleep 5']
[2022-08-23 11:32:40,017] {subprocess.py:85} INFO - Output:
[2022-08-23 11:32:45,022] {subprocess.py:96} INFO - Command exited with return code 0
[2022-08-23 11:32:45,198] {taskinstance.py:1420} INFO - Marking task as SUCCESS. dag_id=raizen_lab_01, task_id=sleep, execution_date=20210930T060000, start_date=20220823T113239, end_date=20220823T113245
[2022-08-23 11:32:45,248] {local_task_job.py:156} INFO - Task exited with return code 0
[2022-08-23 11:32:45,305] {local_task_job.py:273} INFO - 1 downstream tasks scheduled from follow-on schedule check
