[2022-08-23 12:22:11,732] {taskinstance.py:1179} INFO - Dependencies all met for <TaskInstance: raizen_lab_01.sleep scheduled__2021-11-13T04:00:00+00:00 [queued]>
[2022-08-23 12:22:11,739] {taskinstance.py:1179} INFO - Dependencies all met for <TaskInstance: raizen_lab_01.sleep scheduled__2021-11-13T04:00:00+00:00 [queued]>
[2022-08-23 12:22:11,740] {taskinstance.py:1376} INFO - 
--------------------------------------------------------------------------------
[2022-08-23 12:22:11,740] {taskinstance.py:1377} INFO - Starting attempt 1 of 2
[2022-08-23 12:22:11,741] {taskinstance.py:1378} INFO - 
--------------------------------------------------------------------------------
[2022-08-23 12:22:11,752] {taskinstance.py:1397} INFO - Executing <Task(BashOperator): sleep> on 2021-11-13 04:00:00+00:00
[2022-08-23 12:22:11,758] {standard_task_runner.py:52} INFO - Started process 2106 to run task
[2022-08-23 12:22:11,761] {standard_task_runner.py:79} INFO - Running: ['***', 'tasks', 'run', 'raizen_lab_01', 'sleep', 'scheduled__2021-11-13T04:00:00+00:00', '--job-id', '4078', '--raw', '--subdir', 'DAGS_FOLDER/raizen_lab_01.py', '--cfg-path', '/tmp/tmpa2v9e1zz', '--error-file', '/tmp/tmppw7ytkj4']
[2022-08-23 12:22:11,762] {standard_task_runner.py:80} INFO - Job 4078: Subtask sleep
[2022-08-23 12:22:11,816] {task_command.py:371} INFO - Running <TaskInstance: raizen_lab_01.sleep scheduled__2021-11-13T04:00:00+00:00 [running]> on host 6383a3236c72
[2022-08-23 12:22:11,871] {taskinstance.py:1591} INFO - Exporting the following env vars:
AIRFLOW_CTX_DAG_OWNER=admin
AIRFLOW_CTX_DAG_ID=raizen_lab_01
AIRFLOW_CTX_TASK_ID=sleep
AIRFLOW_CTX_EXECUTION_DATE=2021-11-13T04:00:00+00:00
AIRFLOW_CTX_TRY_NUMBER=1
AIRFLOW_CTX_DAG_RUN_ID=scheduled__2021-11-13T04:00:00+00:00
[2022-08-23 12:22:11,872] {subprocess.py:62} INFO - Tmp dir root location: 
 /tmp
[2022-08-23 12:22:11,873] {subprocess.py:74} INFO - Running command: ['bash', '-c', 'sleep 5']
[2022-08-23 12:22:11,883] {subprocess.py:85} INFO - Output:
[2022-08-23 12:22:16,887] {subprocess.py:96} INFO - Command exited with return code 0
[2022-08-23 12:22:16,914] {taskinstance.py:1420} INFO - Marking task as SUCCESS. dag_id=raizen_lab_01, task_id=sleep, execution_date=20211113T040000, start_date=20220823T122211, end_date=20220823T122216
[2022-08-23 12:22:16,961] {local_task_job.py:156} INFO - Task exited with return code 0
[2022-08-23 12:22:16,987] {local_task_job.py:273} INFO - 1 downstream tasks scheduled from follow-on schedule check
