[2022-08-23 16:13:30,623] {taskinstance.py:1179} INFO - Dependencies all met for <TaskInstance: raizen_lab_01.step_01 manual__2022-08-23T14:27:43.936125+00:00 [queued]>
[2022-08-23 16:13:30,645] {taskinstance.py:1179} INFO - Dependencies all met for <TaskInstance: raizen_lab_01.step_01 manual__2022-08-23T14:27:43.936125+00:00 [queued]>
[2022-08-23 16:13:30,645] {taskinstance.py:1376} INFO - 
--------------------------------------------------------------------------------
[2022-08-23 16:13:30,646] {taskinstance.py:1377} INFO - Starting attempt 1 of 2
[2022-08-23 16:13:30,646] {taskinstance.py:1378} INFO - 
--------------------------------------------------------------------------------
[2022-08-23 16:13:30,685] {taskinstance.py:1397} INFO - Executing <Task(BashOperator): step_01> on 2022-08-23 14:27:43.936125+00:00
[2022-08-23 16:13:30,695] {standard_task_runner.py:52} INFO - Started process 186 to run task
[2022-08-23 16:13:30,701] {standard_task_runner.py:79} INFO - Running: ['***', 'tasks', 'run', 'raizen_lab_01', 'step_01', 'manual__2022-08-23T14:27:43.936125+00:00', '--job-id', '7992', '--raw', '--subdir', 'DAGS_FOLDER/raizen_lab_01.py', '--cfg-path', '/tmp/tmphk0wcfka', '--error-file', '/tmp/tmpxmc_eh3y']
[2022-08-23 16:13:30,707] {standard_task_runner.py:80} INFO - Job 7992: Subtask step_01
[2022-08-23 16:13:30,864] {task_command.py:371} INFO - Running <TaskInstance: raizen_lab_01.step_01 manual__2022-08-23T14:27:43.936125+00:00 [running]> on host 8790b68fb5bc
[2022-08-23 16:13:31,074] {taskinstance.py:1591} INFO - Exporting the following env vars:
AIRFLOW_CTX_DAG_OWNER=admin
AIRFLOW_CTX_DAG_ID=raizen_lab_01
AIRFLOW_CTX_TASK_ID=step_01
AIRFLOW_CTX_EXECUTION_DATE=2022-08-23T14:27:43.936125+00:00
AIRFLOW_CTX_TRY_NUMBER=1
AIRFLOW_CTX_DAG_RUN_ID=manual__2022-08-23T14:27:43.936125+00:00
[2022-08-23 16:13:31,078] {subprocess.py:62} INFO - Tmp dir root location: 
 /tmp
[2022-08-23 16:13:31,080] {subprocess.py:74} INFO - Running command: ['bash', '-c', 'echo "hello"']
[2022-08-23 16:13:31,101] {subprocess.py:85} INFO - Output:
[2022-08-23 16:13:31,103] {subprocess.py:92} INFO - hello
[2022-08-23 16:13:31,104] {subprocess.py:96} INFO - Command exited with return code 0
[2022-08-23 16:13:31,169] {taskinstance.py:1420} INFO - Marking task as SUCCESS. dag_id=raizen_lab_01, task_id=step_01, execution_date=20220823T142743, start_date=20220823T161330, end_date=20220823T161331
[2022-08-23 16:13:31,237] {local_task_job.py:156} INFO - Task exited with return code 0
[2022-08-23 16:13:31,319] {local_task_job.py:273} INFO - 0 downstream tasks scheduled from follow-on schedule check
