[2022-08-23 11:59:21,967] {taskinstance.py:1179} INFO - Dependencies all met for <TaskInstance: raizen_lab_01.sleep scheduled__2021-10-23T03:00:00+00:00 [queued]>
[2022-08-23 11:59:21,990] {taskinstance.py:1179} INFO - Dependencies all met for <TaskInstance: raizen_lab_01.sleep scheduled__2021-10-23T03:00:00+00:00 [queued]>
[2022-08-23 11:59:21,991] {taskinstance.py:1376} INFO - 
--------------------------------------------------------------------------------
[2022-08-23 11:59:21,991] {taskinstance.py:1377} INFO - Starting attempt 1 of 2
[2022-08-23 11:59:21,992] {taskinstance.py:1378} INFO - 
--------------------------------------------------------------------------------
[2022-08-23 11:59:22,015] {taskinstance.py:1397} INFO - Executing <Task(BashOperator): sleep> on 2021-10-23 03:00:00+00:00
[2022-08-23 11:59:22,022] {standard_task_runner.py:52} INFO - Started process 544 to run task
[2022-08-23 11:59:22,027] {standard_task_runner.py:79} INFO - Running: ['***', 'tasks', 'run', 'raizen_lab_01', 'sleep', 'scheduled__2021-10-23T03:00:00+00:00', '--job-id', '2552', '--raw', '--subdir', 'DAGS_FOLDER/raizen_lab_01.py', '--cfg-path', '/tmp/tmpf3o0sorq', '--error-file', '/tmp/tmpxj8ygk_n']
[2022-08-23 11:59:22,028] {standard_task_runner.py:80} INFO - Job 2552: Subtask sleep
[2022-08-23 11:59:22,140] {task_command.py:371} INFO - Running <TaskInstance: raizen_lab_01.sleep scheduled__2021-10-23T03:00:00+00:00 [running]> on host 9f4b06248101
[2022-08-23 11:59:22,284] {taskinstance.py:1591} INFO - Exporting the following env vars:
AIRFLOW_CTX_DAG_OWNER=admin
AIRFLOW_CTX_DAG_ID=raizen_lab_01
AIRFLOW_CTX_TASK_ID=sleep
AIRFLOW_CTX_EXECUTION_DATE=2021-10-23T03:00:00+00:00
AIRFLOW_CTX_TRY_NUMBER=1
AIRFLOW_CTX_DAG_RUN_ID=scheduled__2021-10-23T03:00:00+00:00
[2022-08-23 11:59:22,287] {subprocess.py:62} INFO - Tmp dir root location: 
 /tmp
[2022-08-23 11:59:22,289] {subprocess.py:74} INFO - Running command: ['bash', '-c', 'sleep 5']
[2022-08-23 11:59:22,307] {subprocess.py:85} INFO - Output:
[2022-08-23 11:59:27,313] {subprocess.py:96} INFO - Command exited with return code 0
[2022-08-23 11:59:27,351] {taskinstance.py:1420} INFO - Marking task as SUCCESS. dag_id=raizen_lab_01, task_id=sleep, execution_date=20211023T030000, start_date=20220823T115921, end_date=20220823T115927
[2022-08-23 11:59:27,405] {local_task_job.py:156} INFO - Task exited with return code 0
[2022-08-23 11:59:27,445] {local_task_job.py:273} INFO - 1 downstream tasks scheduled from follow-on schedule check
