[2022-08-23 19:46:49,417] {taskinstance.py:1179} INFO - Dependencies all met for <TaskInstance: raizen_lab_01.sleep scheduled__2022-01-26T15:00:00+00:00 [queued]>
[2022-08-23 19:46:49,479] {taskinstance.py:1179} INFO - Dependencies all met for <TaskInstance: raizen_lab_01.sleep scheduled__2022-01-26T15:00:00+00:00 [queued]>
[2022-08-23 19:46:49,482] {taskinstance.py:1376} INFO - 
--------------------------------------------------------------------------------
[2022-08-23 19:46:49,484] {taskinstance.py:1377} INFO - Starting attempt 2 of 2
[2022-08-23 19:46:49,497] {taskinstance.py:1378} INFO - 
--------------------------------------------------------------------------------
[2022-08-23 19:46:49,562] {taskinstance.py:1397} INFO - Executing <Task(BashOperator): sleep> on 2022-01-26 15:00:00+00:00
[2022-08-23 19:46:49,574] {standard_task_runner.py:52} INFO - Started process 156 to run task
[2022-08-23 19:46:49,585] {standard_task_runner.py:79} INFO - Running: ['***', 'tasks', 'run', 'raizen_lab_01', 'sleep', 'scheduled__2022-01-26T15:00:00+00:00', '--job-id', '9255', '--raw', '--subdir', 'DAGS_FOLDER/raizen_lab_01.py', '--cfg-path', '/tmp/tmpzch2hki7', '--error-file', '/tmp/tmpkqcxqky_']
[2022-08-23 19:46:49,589] {standard_task_runner.py:80} INFO - Job 9255: Subtask sleep
[2022-08-23 19:46:50,015] {task_command.py:371} INFO - Running <TaskInstance: raizen_lab_01.sleep scheduled__2022-01-26T15:00:00+00:00 [running]> on host 80fce776ee1f
[2022-08-23 19:46:50,451] {taskinstance.py:1591} INFO - Exporting the following env vars:
AIRFLOW_CTX_DAG_OWNER=admin
AIRFLOW_CTX_DAG_ID=raizen_lab_01
AIRFLOW_CTX_TASK_ID=sleep
AIRFLOW_CTX_EXECUTION_DATE=2022-01-26T15:00:00+00:00
AIRFLOW_CTX_TRY_NUMBER=2
AIRFLOW_CTX_DAG_RUN_ID=scheduled__2022-01-26T15:00:00+00:00
[2022-08-23 19:46:50,464] {subprocess.py:62} INFO - Tmp dir root location: 
 /tmp
[2022-08-23 19:46:50,468] {subprocess.py:74} INFO - Running command: ['bash', '-c', 'sleep 5']
[2022-08-23 19:46:50,523] {subprocess.py:85} INFO - Output:
[2022-08-23 19:46:55,532] {subprocess.py:96} INFO - Command exited with return code 0
[2022-08-23 19:46:55,595] {taskinstance.py:1420} INFO - Marking task as SUCCESS. dag_id=raizen_lab_01, task_id=sleep, execution_date=20220126T150000, start_date=20220823T194649, end_date=20220823T194655
[2022-08-23 19:46:55,633] {local_task_job.py:156} INFO - Task exited with return code 0
[2022-08-23 19:46:55,685] {local_task_job.py:273} INFO - 1 downstream tasks scheduled from follow-on schedule check
