[2022-08-23 16:14:10,920] {taskinstance.py:1179} INFO - Dependencies all met for <TaskInstance: raizen_lab_01.sleep scheduled__2022-01-05T05:00:00+00:00 [queued]>
[2022-08-23 16:14:10,937] {taskinstance.py:1179} INFO - Dependencies all met for <TaskInstance: raizen_lab_01.sleep scheduled__2022-01-05T05:00:00+00:00 [queued]>
[2022-08-23 16:14:10,938] {taskinstance.py:1376} INFO - 
--------------------------------------------------------------------------------
[2022-08-23 16:14:10,938] {taskinstance.py:1377} INFO - Starting attempt 1 of 2
[2022-08-23 16:14:10,939] {taskinstance.py:1378} INFO - 
--------------------------------------------------------------------------------
[2022-08-23 16:14:10,969] {taskinstance.py:1397} INFO - Executing <Task(BashOperator): sleep> on 2022-01-05 05:00:00+00:00
[2022-08-23 16:14:10,980] {standard_task_runner.py:52} INFO - Started process 502 to run task
[2022-08-23 16:14:10,986] {standard_task_runner.py:79} INFO - Running: ['***', 'tasks', 'run', 'raizen_lab_01', 'sleep', 'scheduled__2022-01-05T05:00:00+00:00', '--job-id', '8073', '--raw', '--subdir', 'DAGS_FOLDER/raizen_lab_01.py', '--cfg-path', '/tmp/tmp6xo2b7wv', '--error-file', '/tmp/tmpvygq6c45']
[2022-08-23 16:14:10,990] {standard_task_runner.py:80} INFO - Job 8073: Subtask sleep
[2022-08-23 16:14:11,123] {task_command.py:371} INFO - Running <TaskInstance: raizen_lab_01.sleep scheduled__2022-01-05T05:00:00+00:00 [running]> on host 8790b68fb5bc
[2022-08-23 16:14:11,259] {taskinstance.py:1591} INFO - Exporting the following env vars:
AIRFLOW_CTX_DAG_OWNER=admin
AIRFLOW_CTX_DAG_ID=raizen_lab_01
AIRFLOW_CTX_TASK_ID=sleep
AIRFLOW_CTX_EXECUTION_DATE=2022-01-05T05:00:00+00:00
AIRFLOW_CTX_TRY_NUMBER=1
AIRFLOW_CTX_DAG_RUN_ID=scheduled__2022-01-05T05:00:00+00:00
[2022-08-23 16:14:11,262] {subprocess.py:62} INFO - Tmp dir root location: 
 /tmp
[2022-08-23 16:14:11,263] {subprocess.py:74} INFO - Running command: ['bash', '-c', 'sleep 5']
[2022-08-23 16:14:11,284] {subprocess.py:85} INFO - Output:
[2022-08-23 16:14:16,290] {subprocess.py:96} INFO - Command exited with return code 0
[2022-08-23 16:14:16,340] {taskinstance.py:1420} INFO - Marking task as SUCCESS. dag_id=raizen_lab_01, task_id=sleep, execution_date=20220105T050000, start_date=20220823T161410, end_date=20220823T161416
[2022-08-23 16:14:16,373] {local_task_job.py:156} INFO - Task exited with return code 0
[2022-08-23 16:14:16,541] {local_task_job.py:273} INFO - 0 downstream tasks scheduled from follow-on schedule check
