[2022-08-23 11:58:46,754] {taskinstance.py:1179} INFO - Dependencies all met for <TaskInstance: raizen_lab_01.sleep scheduled__2021-10-21T14:00:00+00:00 [queued]>
[2022-08-23 11:58:46,779] {taskinstance.py:1179} INFO - Dependencies all met for <TaskInstance: raizen_lab_01.sleep scheduled__2021-10-21T14:00:00+00:00 [queued]>
[2022-08-23 11:58:46,780] {taskinstance.py:1376} INFO - 
--------------------------------------------------------------------------------
[2022-08-23 11:58:46,781] {taskinstance.py:1377} INFO - Starting attempt 1 of 2
[2022-08-23 11:58:46,782] {taskinstance.py:1378} INFO - 
--------------------------------------------------------------------------------
[2022-08-23 11:58:46,813] {taskinstance.py:1397} INFO - Executing <Task(BashOperator): sleep> on 2021-10-21 14:00:00+00:00
[2022-08-23 11:58:46,822] {standard_task_runner.py:52} INFO - Started process 237 to run task
[2022-08-23 11:58:46,828] {standard_task_runner.py:79} INFO - Running: ['***', 'tasks', 'run', 'raizen_lab_01', 'sleep', 'scheduled__2021-10-21T14:00:00+00:00', '--job-id', '2449', '--raw', '--subdir', 'DAGS_FOLDER/raizen_lab_01.py', '--cfg-path', '/tmp/tmpiuv4u6wm', '--error-file', '/tmp/tmpv93y63i8']
[2022-08-23 11:58:46,829] {standard_task_runner.py:80} INFO - Job 2449: Subtask sleep
[2022-08-23 11:58:46,996] {task_command.py:371} INFO - Running <TaskInstance: raizen_lab_01.sleep scheduled__2021-10-21T14:00:00+00:00 [running]> on host 9f4b06248101
[2022-08-23 11:58:47,200] {taskinstance.py:1591} INFO - Exporting the following env vars:
AIRFLOW_CTX_DAG_OWNER=admin
AIRFLOW_CTX_DAG_ID=raizen_lab_01
AIRFLOW_CTX_TASK_ID=sleep
AIRFLOW_CTX_EXECUTION_DATE=2021-10-21T14:00:00+00:00
AIRFLOW_CTX_TRY_NUMBER=1
AIRFLOW_CTX_DAG_RUN_ID=scheduled__2021-10-21T14:00:00+00:00
[2022-08-23 11:58:47,203] {subprocess.py:62} INFO - Tmp dir root location: 
 /tmp
[2022-08-23 11:58:47,205] {subprocess.py:74} INFO - Running command: ['bash', '-c', 'sleep 5']
[2022-08-23 11:58:47,234] {subprocess.py:85} INFO - Output:
[2022-08-23 11:58:52,238] {subprocess.py:96} INFO - Command exited with return code 0
[2022-08-23 11:58:52,422] {taskinstance.py:1420} INFO - Marking task as SUCCESS. dag_id=raizen_lab_01, task_id=sleep, execution_date=20211021T140000, start_date=20220823T115846, end_date=20220823T115852
[2022-08-23 11:58:52,471] {local_task_job.py:156} INFO - Task exited with return code 0
[2022-08-23 11:58:52,535] {local_task_job.py:273} INFO - 1 downstream tasks scheduled from follow-on schedule check
