[2022-08-23 12:08:32,122] {taskinstance.py:1179} INFO - Dependencies all met for <TaskInstance: raizen_lab_01.print_hello scheduled__2021-11-02T06:00:00+00:00 [queued]>
[2022-08-23 12:08:32,133] {taskinstance.py:1179} INFO - Dependencies all met for <TaskInstance: raizen_lab_01.print_hello scheduled__2021-11-02T06:00:00+00:00 [queued]>
[2022-08-23 12:08:32,134] {taskinstance.py:1376} INFO - 
--------------------------------------------------------------------------------
[2022-08-23 12:08:32,134] {taskinstance.py:1377} INFO - Starting attempt 1 of 2
[2022-08-23 12:08:32,135] {taskinstance.py:1378} INFO - 
--------------------------------------------------------------------------------
[2022-08-23 12:08:32,151] {taskinstance.py:1397} INFO - Executing <Task(BashOperator): print_hello> on 2021-11-02 06:00:00+00:00
[2022-08-23 12:08:32,157] {standard_task_runner.py:52} INFO - Started process 1937 to run task
[2022-08-23 12:08:32,160] {standard_task_runner.py:79} INFO - Running: ['***', 'tasks', 'run', 'raizen_lab_01', 'print_hello', 'scheduled__2021-11-02T06:00:00+00:00', '--job-id', '3273', '--raw', '--subdir', 'DAGS_FOLDER/raizen_lab_01.py', '--cfg-path', '/tmp/tmppx_mr02_', '--error-file', '/tmp/tmpazlfqodu']
[2022-08-23 12:08:32,161] {standard_task_runner.py:80} INFO - Job 3273: Subtask print_hello
[2022-08-23 12:08:32,243] {task_command.py:371} INFO - Running <TaskInstance: raizen_lab_01.print_hello scheduled__2021-11-02T06:00:00+00:00 [running]> on host 67b6bdae536e
[2022-08-23 12:08:32,308] {taskinstance.py:1591} INFO - Exporting the following env vars:
AIRFLOW_CTX_DAG_OWNER=admin
AIRFLOW_CTX_DAG_ID=raizen_lab_01
AIRFLOW_CTX_TASK_ID=print_hello
AIRFLOW_CTX_EXECUTION_DATE=2021-11-02T06:00:00+00:00
AIRFLOW_CTX_TRY_NUMBER=1
AIRFLOW_CTX_DAG_RUN_ID=scheduled__2021-11-02T06:00:00+00:00
[2022-08-23 12:08:32,309] {subprocess.py:62} INFO - Tmp dir root location: 
 /tmp
[2022-08-23 12:08:32,310] {subprocess.py:74} INFO - Running command: ['bash', '-c', 'echo "hello"']
[2022-08-23 12:08:32,318] {subprocess.py:85} INFO - Output:
[2022-08-23 12:08:32,320] {subprocess.py:92} INFO - hello
[2022-08-23 12:08:32,320] {subprocess.py:96} INFO - Command exited with return code 0
[2022-08-23 12:08:32,362] {taskinstance.py:1420} INFO - Marking task as SUCCESS. dag_id=raizen_lab_01, task_id=print_hello, execution_date=20211102T060000, start_date=20220823T120832, end_date=20220823T120832
[2022-08-23 12:08:32,412] {local_task_job.py:156} INFO - Task exited with return code 0
[2022-08-23 12:08:32,470] {local_task_job.py:273} INFO - 1 downstream tasks scheduled from follow-on schedule check
