[2022-08-23 11:40:07,303] {taskinstance.py:1179} INFO - Dependencies all met for <TaskInstance: raizen_lab_01.sleep scheduled__2021-10-15T22:00:00+00:00 [queued]>
[2022-08-23 11:40:07,323] {taskinstance.py:1179} INFO - Dependencies all met for <TaskInstance: raizen_lab_01.sleep scheduled__2021-10-15T22:00:00+00:00 [queued]>
[2022-08-23 11:40:07,324] {taskinstance.py:1376} INFO - 
--------------------------------------------------------------------------------
[2022-08-23 11:40:07,324] {taskinstance.py:1377} INFO - Starting attempt 1 of 2
[2022-08-23 11:40:07,325] {taskinstance.py:1378} INFO - 
--------------------------------------------------------------------------------
[2022-08-23 11:40:07,352] {taskinstance.py:1397} INFO - Executing <Task(BashOperator): sleep> on 2021-10-15 22:00:00+00:00
[2022-08-23 11:40:07,364] {standard_task_runner.py:52} INFO - Started process 1686 to run task
[2022-08-23 11:40:07,370] {standard_task_runner.py:79} INFO - Running: ['***', 'tasks', 'run', 'raizen_lab_01', 'sleep', 'scheduled__2021-10-15T22:00:00+00:00', '--job-id', '2027', '--raw', '--subdir', 'DAGS_FOLDER/raizen_lab_01.py', '--cfg-path', '/tmp/tmpuerpmtb0', '--error-file', '/tmp/tmpxii83623']
[2022-08-23 11:40:07,371] {standard_task_runner.py:80} INFO - Job 2027: Subtask sleep
[2022-08-23 11:40:07,491] {task_command.py:371} INFO - Running <TaskInstance: raizen_lab_01.sleep scheduled__2021-10-15T22:00:00+00:00 [running]> on host 7f48b7aaf0fc
[2022-08-23 11:40:07,733] {taskinstance.py:1591} INFO - Exporting the following env vars:
AIRFLOW_CTX_DAG_OWNER=admin
AIRFLOW_CTX_DAG_ID=raizen_lab_01
AIRFLOW_CTX_TASK_ID=sleep
AIRFLOW_CTX_EXECUTION_DATE=2021-10-15T22:00:00+00:00
AIRFLOW_CTX_TRY_NUMBER=1
AIRFLOW_CTX_DAG_RUN_ID=scheduled__2021-10-15T22:00:00+00:00
[2022-08-23 11:40:07,736] {subprocess.py:62} INFO - Tmp dir root location: 
 /tmp
[2022-08-23 11:40:07,738] {subprocess.py:74} INFO - Running command: ['bash', '-c', 'sleep 5']
[2022-08-23 11:40:07,765] {subprocess.py:85} INFO - Output:
[2022-08-23 11:40:12,771] {subprocess.py:96} INFO - Command exited with return code 0
[2022-08-23 11:40:12,818] {taskinstance.py:1420} INFO - Marking task as SUCCESS. dag_id=raizen_lab_01, task_id=sleep, execution_date=20211015T220000, start_date=20220823T114007, end_date=20220823T114012
[2022-08-23 11:40:12,875] {local_task_job.py:156} INFO - Task exited with return code 0
[2022-08-23 11:40:12,920] {local_task_job.py:273} INFO - 1 downstream tasks scheduled from follow-on schedule check
