[2022-08-23 11:35:35,054] {taskinstance.py:1179} INFO - Dependencies all met for <TaskInstance: raizen_lab_01.sleep scheduled__2021-10-06T19:00:00+00:00 [queued]>
[2022-08-23 11:35:35,071] {taskinstance.py:1179} INFO - Dependencies all met for <TaskInstance: raizen_lab_01.sleep scheduled__2021-10-06T19:00:00+00:00 [queued]>
[2022-08-23 11:35:35,072] {taskinstance.py:1376} INFO - 
--------------------------------------------------------------------------------
[2022-08-23 11:35:35,073] {taskinstance.py:1377} INFO - Starting attempt 1 of 2
[2022-08-23 11:35:35,074] {taskinstance.py:1378} INFO - 
--------------------------------------------------------------------------------
[2022-08-23 11:35:35,093] {taskinstance.py:1397} INFO - Executing <Task(BashOperator): sleep> on 2021-10-06 19:00:00+00:00
[2022-08-23 11:35:35,127] {standard_task_runner.py:52} INFO - Started process 3886 to run task
[2022-08-23 11:35:35,134] {standard_task_runner.py:79} INFO - Running: ['***', 'tasks', 'run', 'raizen_lab_01', 'sleep', 'scheduled__2021-10-06T19:00:00+00:00', '--job-id', '1359', '--raw', '--subdir', 'DAGS_FOLDER/raizen_lab_01.py', '--cfg-path', '/tmp/tmp005c4tdh', '--error-file', '/tmp/tmphrsws0ta']
[2022-08-23 11:35:35,135] {standard_task_runner.py:80} INFO - Job 1359: Subtask sleep
[2022-08-23 11:35:35,344] {task_command.py:371} INFO - Running <TaskInstance: raizen_lab_01.sleep scheduled__2021-10-06T19:00:00+00:00 [running]> on host 7f48b7aaf0fc
[2022-08-23 11:35:35,517] {taskinstance.py:1591} INFO - Exporting the following env vars:
AIRFLOW_CTX_DAG_OWNER=admin
AIRFLOW_CTX_DAG_ID=raizen_lab_01
AIRFLOW_CTX_TASK_ID=sleep
AIRFLOW_CTX_EXECUTION_DATE=2021-10-06T19:00:00+00:00
AIRFLOW_CTX_TRY_NUMBER=1
AIRFLOW_CTX_DAG_RUN_ID=scheduled__2021-10-06T19:00:00+00:00
[2022-08-23 11:35:35,520] {subprocess.py:62} INFO - Tmp dir root location: 
 /tmp
[2022-08-23 11:35:35,521] {subprocess.py:74} INFO - Running command: ['bash', '-c', 'sleep 5']
[2022-08-23 11:35:35,541] {subprocess.py:85} INFO - Output:
[2022-08-23 11:35:40,546] {subprocess.py:96} INFO - Command exited with return code 0
[2022-08-23 11:35:40,588] {taskinstance.py:1420} INFO - Marking task as SUCCESS. dag_id=raizen_lab_01, task_id=sleep, execution_date=20211006T190000, start_date=20220823T113535, end_date=20220823T113540
[2022-08-23 11:35:40,631] {local_task_job.py:156} INFO - Task exited with return code 0
[2022-08-23 11:35:40,682] {local_task_job.py:273} INFO - 1 downstream tasks scheduled from follow-on schedule check
