[2022-08-23 12:28:11,749] {taskinstance.py:1179} INFO - Dependencies all met for <TaskInstance: raizen_lab_01.sleep scheduled__2021-11-28T12:00:00+00:00 [queued]>
[2022-08-23 12:28:11,763] {taskinstance.py:1179} INFO - Dependencies all met for <TaskInstance: raizen_lab_01.sleep scheduled__2021-11-28T12:00:00+00:00 [queued]>
[2022-08-23 12:28:11,764] {taskinstance.py:1376} INFO - 
--------------------------------------------------------------------------------
[2022-08-23 12:28:11,764] {taskinstance.py:1377} INFO - Starting attempt 1 of 2
[2022-08-23 12:28:11,764] {taskinstance.py:1378} INFO - 
--------------------------------------------------------------------------------
[2022-08-23 12:28:11,783] {taskinstance.py:1397} INFO - Executing <Task(BashOperator): sleep> on 2021-11-28 12:00:00+00:00
[2022-08-23 12:28:11,791] {standard_task_runner.py:52} INFO - Started process 6471 to run task
[2022-08-23 12:28:11,795] {standard_task_runner.py:79} INFO - Running: ['***', 'tasks', 'run', 'raizen_lab_01', 'sleep', 'scheduled__2021-11-28T12:00:00+00:00', '--job-id', '5188', '--raw', '--subdir', 'DAGS_FOLDER/raizen_lab_01.py', '--cfg-path', '/tmp/tmpdvzozbzp', '--error-file', '/tmp/tmp8shs17yd']
[2022-08-23 12:28:11,797] {standard_task_runner.py:80} INFO - Job 5188: Subtask sleep
[2022-08-23 12:28:11,876] {task_command.py:371} INFO - Running <TaskInstance: raizen_lab_01.sleep scheduled__2021-11-28T12:00:00+00:00 [running]> on host 6383a3236c72
[2022-08-23 12:28:11,969] {taskinstance.py:1591} INFO - Exporting the following env vars:
AIRFLOW_CTX_DAG_OWNER=admin
AIRFLOW_CTX_DAG_ID=raizen_lab_01
AIRFLOW_CTX_TASK_ID=sleep
AIRFLOW_CTX_EXECUTION_DATE=2021-11-28T12:00:00+00:00
AIRFLOW_CTX_TRY_NUMBER=1
AIRFLOW_CTX_DAG_RUN_ID=scheduled__2021-11-28T12:00:00+00:00
[2022-08-23 12:28:11,971] {subprocess.py:62} INFO - Tmp dir root location: 
 /tmp
[2022-08-23 12:28:11,972] {subprocess.py:74} INFO - Running command: ['bash', '-c', 'sleep 5']
[2022-08-23 12:28:11,990] {subprocess.py:85} INFO - Output:
[2022-08-23 12:28:16,994] {subprocess.py:96} INFO - Command exited with return code 0
[2022-08-23 12:28:17,070] {taskinstance.py:1420} INFO - Marking task as SUCCESS. dag_id=raizen_lab_01, task_id=sleep, execution_date=20211128T120000, start_date=20220823T122811, end_date=20220823T122817
[2022-08-23 12:28:17,099] {local_task_job.py:156} INFO - Task exited with return code 0
[2022-08-23 12:28:17,121] {local_task_job.py:273} INFO - 1 downstream tasks scheduled from follow-on schedule check
