[2022-08-23 11:47:08,694] {taskinstance.py:1179} INFO - Dependencies all met for <TaskInstance: raizen_lab_01.sleep scheduled__2021-10-18T20:00:00+00:00 [queued]>
[2022-08-23 11:47:08,716] {taskinstance.py:1179} INFO - Dependencies all met for <TaskInstance: raizen_lab_01.sleep scheduled__2021-10-18T20:00:00+00:00 [queued]>
[2022-08-23 11:47:08,716] {taskinstance.py:1376} INFO - 
--------------------------------------------------------------------------------
[2022-08-23 11:47:08,717] {taskinstance.py:1377} INFO - Starting attempt 1 of 2
[2022-08-23 11:47:08,719] {taskinstance.py:1378} INFO - 
--------------------------------------------------------------------------------
[2022-08-23 11:47:08,756] {taskinstance.py:1397} INFO - Executing <Task(BashOperator): sleep> on 2021-10-18 20:00:00+00:00
[2022-08-23 11:47:08,768] {standard_task_runner.py:52} INFO - Started process 670 to run task
[2022-08-23 11:47:08,777] {standard_task_runner.py:79} INFO - Running: ['***', 'tasks', 'run', 'raizen_lab_01', 'sleep', 'scheduled__2021-10-18T20:00:00+00:00', '--job-id', '2234', '--raw', '--subdir', 'DAGS_FOLDER/raizen_lab_01.py', '--cfg-path', '/tmp/tmpr5tfnkh0', '--error-file', '/tmp/tmp7hg_c3q1']
[2022-08-23 11:47:08,780] {standard_task_runner.py:80} INFO - Job 2234: Subtask sleep
[2022-08-23 11:47:08,910] {task_command.py:371} INFO - Running <TaskInstance: raizen_lab_01.sleep scheduled__2021-10-18T20:00:00+00:00 [running]> on host fc645605a611
[2022-08-23 11:47:09,037] {taskinstance.py:1591} INFO - Exporting the following env vars:
AIRFLOW_CTX_DAG_OWNER=admin
AIRFLOW_CTX_DAG_ID=raizen_lab_01
AIRFLOW_CTX_TASK_ID=sleep
AIRFLOW_CTX_EXECUTION_DATE=2021-10-18T20:00:00+00:00
AIRFLOW_CTX_TRY_NUMBER=1
AIRFLOW_CTX_DAG_RUN_ID=scheduled__2021-10-18T20:00:00+00:00
[2022-08-23 11:47:09,039] {subprocess.py:62} INFO - Tmp dir root location: 
 /tmp
[2022-08-23 11:47:09,040] {subprocess.py:74} INFO - Running command: ['bash', '-c', 'sleep 5']
[2022-08-23 11:47:09,118] {subprocess.py:85} INFO - Output:
[2022-08-23 11:47:14,124] {subprocess.py:96} INFO - Command exited with return code 0
[2022-08-23 11:47:14,186] {taskinstance.py:1420} INFO - Marking task as SUCCESS. dag_id=raizen_lab_01, task_id=sleep, execution_date=20211018T200000, start_date=20220823T114708, end_date=20220823T114714
[2022-08-23 11:47:14,239] {local_task_job.py:156} INFO - Task exited with return code 0
[2022-08-23 11:47:14,446] {local_task_job.py:273} INFO - 0 downstream tasks scheduled from follow-on schedule check
