[2022-08-23 11:46:09,366] {taskinstance.py:1179} INFO - Dependencies all met for <TaskInstance: raizen_lab_01.print_hello scheduled__2021-10-16T16:00:00+00:00 [queued]>
[2022-08-23 11:46:09,382] {taskinstance.py:1179} INFO - Dependencies all met for <TaskInstance: raizen_lab_01.print_hello scheduled__2021-10-16T16:00:00+00:00 [queued]>
[2022-08-23 11:46:09,383] {taskinstance.py:1376} INFO - 
--------------------------------------------------------------------------------
[2022-08-23 11:46:09,383] {taskinstance.py:1377} INFO - Starting attempt 1 of 2
[2022-08-23 11:46:09,384] {taskinstance.py:1378} INFO - 
--------------------------------------------------------------------------------
[2022-08-23 11:46:09,409] {taskinstance.py:1397} INFO - Executing <Task(BashOperator): print_hello> on 2021-10-16 16:00:00+00:00
[2022-08-23 11:46:09,418] {standard_task_runner.py:52} INFO - Started process 216 to run task
[2022-08-23 11:46:09,423] {standard_task_runner.py:79} INFO - Running: ['***', 'tasks', 'run', 'raizen_lab_01', 'print_hello', 'scheduled__2021-10-16T16:00:00+00:00', '--job-id', '2080', '--raw', '--subdir', 'DAGS_FOLDER/raizen_lab_01.py', '--cfg-path', '/tmp/tmpkd2ue1w3', '--error-file', '/tmp/tmpfpxqhr3d']
[2022-08-23 11:46:09,424] {standard_task_runner.py:80} INFO - Job 2080: Subtask print_hello
[2022-08-23 11:46:09,540] {task_command.py:371} INFO - Running <TaskInstance: raizen_lab_01.print_hello scheduled__2021-10-16T16:00:00+00:00 [running]> on host fc645605a611
[2022-08-23 11:46:09,733] {taskinstance.py:1591} INFO - Exporting the following env vars:
AIRFLOW_CTX_DAG_OWNER=admin
AIRFLOW_CTX_DAG_ID=raizen_lab_01
AIRFLOW_CTX_TASK_ID=print_hello
AIRFLOW_CTX_EXECUTION_DATE=2021-10-16T16:00:00+00:00
AIRFLOW_CTX_TRY_NUMBER=1
AIRFLOW_CTX_DAG_RUN_ID=scheduled__2021-10-16T16:00:00+00:00
[2022-08-23 11:46:09,735] {subprocess.py:62} INFO - Tmp dir root location: 
 /tmp
[2022-08-23 11:46:09,736] {subprocess.py:74} INFO - Running command: ['bash', '-c', 'echo "hello"']
[2022-08-23 11:46:09,754] {subprocess.py:85} INFO - Output:
[2022-08-23 11:46:09,758] {subprocess.py:92} INFO - hello
[2022-08-23 11:46:09,759] {subprocess.py:96} INFO - Command exited with return code 0
[2022-08-23 11:46:09,824] {taskinstance.py:1420} INFO - Marking task as SUCCESS. dag_id=raizen_lab_01, task_id=print_hello, execution_date=20211016T160000, start_date=20220823T114609, end_date=20220823T114609
[2022-08-23 11:46:09,876] {local_task_job.py:156} INFO - Task exited with return code 0
[2022-08-23 11:46:09,964] {local_task_job.py:273} INFO - 1 downstream tasks scheduled from follow-on schedule check
