[2022-08-23 11:34:42,317] {taskinstance.py:1179} INFO - Dependencies all met for <TaskInstance: raizen_lab_01.print_hello scheduled__2021-10-04T14:00:00+00:00 [queued]>
[2022-08-23 11:34:42,341] {taskinstance.py:1179} INFO - Dependencies all met for <TaskInstance: raizen_lab_01.print_hello scheduled__2021-10-04T14:00:00+00:00 [queued]>
[2022-08-23 11:34:42,342] {taskinstance.py:1376} INFO - 
--------------------------------------------------------------------------------
[2022-08-23 11:34:42,342] {taskinstance.py:1377} INFO - Starting attempt 1 of 2
[2022-08-23 11:34:42,343] {taskinstance.py:1378} INFO - 
--------------------------------------------------------------------------------
[2022-08-23 11:34:42,374] {taskinstance.py:1397} INFO - Executing <Task(BashOperator): print_hello> on 2021-10-04 14:00:00+00:00
[2022-08-23 11:34:42,385] {standard_task_runner.py:52} INFO - Started process 3418 to run task
[2022-08-23 11:34:42,391] {standard_task_runner.py:79} INFO - Running: ['***', 'tasks', 'run', 'raizen_lab_01', 'print_hello', 'scheduled__2021-10-04T14:00:00+00:00', '--job-id', '1200', '--raw', '--subdir', 'DAGS_FOLDER/raizen_lab_01.py', '--cfg-path', '/tmp/tmpk7tt3gd4', '--error-file', '/tmp/tmpowwiqrqi']
[2022-08-23 11:34:42,392] {standard_task_runner.py:80} INFO - Job 1200: Subtask print_hello
[2022-08-23 11:34:42,507] {task_command.py:371} INFO - Running <TaskInstance: raizen_lab_01.print_hello scheduled__2021-10-04T14:00:00+00:00 [running]> on host 7f48b7aaf0fc
[2022-08-23 11:34:42,628] {taskinstance.py:1591} INFO - Exporting the following env vars:
AIRFLOW_CTX_DAG_OWNER=admin
AIRFLOW_CTX_DAG_ID=raizen_lab_01
AIRFLOW_CTX_TASK_ID=print_hello
AIRFLOW_CTX_EXECUTION_DATE=2021-10-04T14:00:00+00:00
AIRFLOW_CTX_TRY_NUMBER=1
AIRFLOW_CTX_DAG_RUN_ID=scheduled__2021-10-04T14:00:00+00:00
[2022-08-23 11:34:42,630] {subprocess.py:62} INFO - Tmp dir root location: 
 /tmp
[2022-08-23 11:34:42,631] {subprocess.py:74} INFO - Running command: ['bash', '-c', 'echo "hello"']
[2022-08-23 11:34:42,647] {subprocess.py:85} INFO - Output:
[2022-08-23 11:34:42,649] {subprocess.py:92} INFO - hello
[2022-08-23 11:34:42,650] {subprocess.py:96} INFO - Command exited with return code 0
[2022-08-23 11:34:42,708] {taskinstance.py:1420} INFO - Marking task as SUCCESS. dag_id=raizen_lab_01, task_id=print_hello, execution_date=20211004T140000, start_date=20220823T113442, end_date=20220823T113442
[2022-08-23 11:34:42,763] {local_task_job.py:156} INFO - Task exited with return code 0
[2022-08-23 11:34:42,841] {local_task_job.py:273} INFO - 1 downstream tasks scheduled from follow-on schedule check
